.. equilibrated? *equed = R
.. RowPerm 1	 time: 2.56
.. anorm 4.000000e+02
.. Use METIS ordering on A'+A
.. symbfact(): relax 30, maxsuper 256, fill 5
	matrix dimension    21413602
	nonzeros in A       64401604
	nonzeros in L       236063850
	nonzeros in U       236063850
	nonzeros in L+U     450714098
	fill ratio             7.0
	nonzeros in LSUB    48703691
	No of supers   2301889
	Size of G(L)   26018097
	Size of G(U)   4604495
	int 8, short 2, float 4, double 8
	SYMBfact (MB):	L\U 1283.01	total 2824.79	expansions 0
.. # L blocks   163722	# U blocks   18267
MPI tag upper bound = 16777215
.. Starting with 1 OpenMP threads 
 === using DAG ===
.. thresh = s_eps 5.960464e-08 * anorm 4.000000e+02 = 2.384186e-05
.. Buffer size: Lsub 40	Lval 960	Usub 19	Uval 60	LDA 32
max_ncols 5,  max_ldu 30, bigu_size   150
	.. SUPERLU_MAX_BUFFER_SIZE 256000000 set for GPU
	.. SUPERLU_N_GEMM: 5000 flops of GEMM done on CPU (1st block always on CPU)
	.. GEMM buffer size: max_row_size X max_ncols = 32 x   5
[0].. BIG U size   150 (on CPU)
[0].. BIG V size   65856 (on CPU)
  Max row size is 32 
  Threads per process 1 

Initialization time	  2.4364 seconds
	 Serial: compute static schedule, allocate storage

==== Time breakdown in factorization (rank 0) ====
Panel factorization 	   0.5819 seconds
.. L-panel pxgstrf2 	   0.5652 seconds
.. U-panel pxgstrs2 	   0.0167 seconds
Time in Look-ahead update 	   0.0099 seconds
Time in Schur update 		   0.2616 seconds
.. Time to Gather L buffer	   0.0268  (Separate L panel by Lookahead/Remain)
.. Time to Gather U buffer	   0.0356 
.. Time in GEMM   0.0465 
	* Look-ahead	   0.0000 
	* Remain	   0.0465	Flops 1.7132e+08	Gflops   3.6816
.. Time to Scatter   0.0266 
	* Look-ahead	   0.0000 
	* Remain	   0.0266 
Total factorization time            	:   5.5446 seconds, 
--------
GEMM maximum block: 5-30-5

** Memory Usage **********************************
.. dQuerySpace: peak_buffer 558.62 (MB)
	(P0) serial symbolic::stage[0]: symb_memory 2824.79, GA_mem_use 1201.73
	(P0) serial distribution::stage[1]:symb_LU 1283.01, dist_mem_use 5961.87, num_mem_usage.for_lu 201.56
** Total highmark (MB):
    Sum-of-all : 899226.99 | Avg :  7025.21  | Max :  7446.44
    Max at rank 0, different stages (MB):
	. symbfact         4026.52
	. distribution     7446.44
	. numfact           760.18
** NUMfact space (MB): (sum-of-all-processes)
    L\U :         4251.08 |  Total : 75658.69
	. max at rank 0, max L+U memory (MB):   201.56
	. max at rank 0, peak buffer (MB):      558.62
**************************************************

** number of Tiny Pivots:        2

.. DiagScale = 3
**************************************************
**** Time (seconds) ****
	EQUIL time            1.143
	ROWPERM time          2.562
	COLPERM time         43.498
	SYMBFACT time         0.695
	DISTRIBUTE time      17.525
	FACTOR time           7.981
	Factor flops	6.135768e+09	Mflops 	  768.78
	SOLVE time            0.000
	REFINEMENT time       0.000	Steps       0

**************************************************
.. anorm 4.000000e+02
num_thread:     1
( 0) .. Step   0: berr[j] = 9.145132e-06
num_thread:     1
( 0) .. Step   1: berr[j] = 4.705506e-06
.. DiagScale = 3
	SOLVE time            1.451
	Solve flops	9.005804e+08	Mflops 	  620.70
	REFINEMENT time       1.500	Steps       1

**************************************************
||Ax - b||_2 = 5.288516e-14
