.. equilibrated? *equed = R
.. RowPerm 1	 time: 2.44
.. anorm 4.000000e+02
.. Use METIS ordering on A'+A
.. symbfact(): relax 30, maxsuper 256, fill 5
	matrix dimension    21413602
	nonzeros in A       64401604
	nonzeros in L       236063850
	nonzeros in U       236063850
	nonzeros in L+U     450714098
	fill ratio             7.0
	nonzeros in LSUB    48703691
	No of supers   2301889
	Size of G(L)   26018097
	Size of G(U)   4604495
	int 8, short 2, float 4, double 8
	SYMBfact (MB):	L\U 1283.01	total 2824.79	expansions 0
.. # L blocks   1139687	# U blocks   567220
MPI tag upper bound = 536870911
.. Starting with 1 OpenMP threads 
 === using DAG ===
.. thresh = s_eps 5.960464e-08 * anorm 4.000000e+02 = 2.384186e-05
.. Buffer size: Lsub 40	Lval 960	Usub 20	Uval 60	LDA 32
max_ncols 10,  max_ldu 30, bigu_size   300
	.. SUPERLU_MAX_BUFFER_SIZE 256000000 set for GPU
	.. SUPERLU_N_GEMM: 5000 flops of GEMM done on CPU (1st block always on CPU)
	.. GEMM buffer size: max_row_size X max_ncols = 32 x   10
[0].. BIG U size   300 (on CPU)
[0].. BIG V size   65864 (on CPU)
  Max row size is 32 
  Threads per process 1 

Initialization time	  2.4892 seconds
	 Serial: compute static schedule, allocate storage

==== Time breakdown in factorization (rank 0) ====
Panel factorization 	   1.3689 seconds
.. L-panel pxgstrf2 	   1.1967 seconds
.. U-panel pxgstrs2 	   0.1722 seconds
Time in Look-ahead update 	   0.0340 seconds
Time in Schur update 		   0.6417 seconds
.. Time to Gather L buffer	   0.0592  (Separate L panel by Lookahead/Remain)
.. Time to Gather U buffer	   0.0524 
.. Time in GEMM   0.1547 
	* Look-ahead	   0.0000 
	* Remain	   0.1547	Flops 1.7132e+08	Gflops   1.1076
.. Time to Scatter   0.1228 
	* Look-ahead	   0.0000 
	* Remain	   0.1228 
Total factorization time            	:   6.0261 seconds, 
--------
GEMM maximum block: 9-30-9

** Memory Usage **********************************
.. dQuerySpace: peak_buffer 253.12 (MB)
	(P0) serial symbolic::stage[0]: symb_memory 2824.79, GA_mem_use 1201.73
	(P0) serial distribution::stage[1]:symb_LU 1283.01, dist_mem_use 23630.65, num_mem_usage.for_lu 919.83
** Total highmark (MB):
    Sum-of-all : 202032.20 | Avg : 25254.03  | Max : 25835.64
    Max at rank 7, different stages (MB):
	. symbfact         4026.52
	. distribution    25833.49
	. numfact          1172.96
** NUMfact space (MB): (sum-of-all-processes)
    L\U :         4214.19 |  Total :  6221.88
	. max at rank 0, max L+U memory (MB):   919.83
	. max at rank 7, peak buffer (MB):      253.17
**************************************************

** number of Tiny Pivots:        2

.. DiagScale = 3
**************************************************
**** Time (seconds) ****
	EQUIL time            0.874
	ROWPERM time          2.438
	COLPERM time         43.423
	SYMBFACT time         0.672
	DISTRIBUTE time      21.562
	FACTOR time           8.515
	Factor flops	6.017090e+09	Mflops 	  706.62
	SOLVE time            0.000
	REFINEMENT time       0.000	Steps       0

**************************************************
.. anorm 4.000000e+02
num_thread:     1
( 0) .. Step   0: berr[j] = 9.145096e-06
num_thread:     1
( 0) .. Step   1: berr[j] = 4.698965e-06
.. DiagScale = 3
	SOLVE time            3.457
	Solve flops	8.956876e+08	Mflops 	  259.10
	REFINEMENT time       3.641	Steps       1

**************************************************
||Ax - b||_2 = 4.768390e-14
