
Entering DMUMPS 5.8.1 from C interface with JOB, N =   1      112211
      executing #MPI =     16, without OMP

Advanced settings:
   KEEP(370) Static mapping              =         1
   KEEP(371) Advanced optimizations      =         0

 =================================================
  MUMPS compiled with option -DAVOID_MPI_IN_PLACE
 MUMPS compiled with option -Dmetis
 MUMPS compiled with option -Dparmetis
 MUMPS compiled with option -Dpord
 MUMPS compiled with option -Dptscotch
 MUMPS compiled with option -Dscotch
 =================================================
L U Solver for unsymmetric matrices
Type of parallelism: Working host

 ****** ANALYSIS STEP ********

 ** Maximum transversal (ICNTL(6)) not allowed because matrix is distributed
 Processing a graph of size:    112211 with        648420 edges
 Ordering based on METIS
 ELAPSED TIME SPENT IN METIS reordering  =      0.6654
 SYMBOLIC based on column counts 
 ELAPSED TIME IN symbolic factorization  =      0.0131
 A root of estimated size  1649  has been selected for Scalapack.

Leaving analysis phase with  ...
 INFOG(1)                                       =               0
 INFOG(2)                                       =               0
 -- (20) Number of entries in factors (estim.)  =        44416221
 --  (3) Real space for factors    (estimated)  =        44436441
 --  (4) Integer space for factors (estimated)  =         1222376
 --  (5) Maximum frontal size      (estimated)  =            1891
 --  (6) Number of nodes in the tree            =            9777
 -- (32) Type of analysis effectively used      =               1
 --  (7) Ordering option effectively used       =               5
 ICNTL (6) Maximum transversal option           =               0
 ICNTL (7) Pivot order option                   =               5
 ICNTL(12) Ordering symmetric indef. matrices   =               1
 ICNTL(13) Parallelism/splitting of root node   =               0
 ICNTL(14) Percentage of memory relaxation      =              30
 ICNTL(15) Analysis by block effectively used   =               0
 ICNTL(18) Distributed input matrix (on if >0)  =               3
 ICNTL(32) Forward elimination during facto.    =               0
 ICNTL(35) BLR activation                       =               0
 ICNTL(48) Tree based multithreading (effective)=               0
 ICNTL(58) Symbolic factorization option        =               2
 Number of level 2 nodes                        =              18
 Number of split nodes                          =               1
 RINFOG(1) Operations during elimination (estim)= 3.210E+10
 Distributed matrix entry format (ICNTL(18))    =               3

 MEMORY ESTIMATIONS ... 
 Estimations with standard Full-Rank (FR) factorization:
    Maximum estim. space in Mbytes, IC facto.    (INFOG(16)):             135
    Total space in MBytes, IC factorization      (INFOG(17)):            2059
    Maximum estim. space in Mbytes, OOC facto.   (INFOG(26)):             122
    Total space in MBytes,  OOC factorization    (INFOG(27)):            1812

 Elapsed time in analysis driver=       0.7593

Entering DMUMPS 5.8.1 from C interface with JOB, N =   2      112211
      executing #MPI =     16, without OMP

Advanced settings:
   KEEP(370) Static mapping              =         1
   KEEP(371) Advanced optimizations      =         0



****** FACTORIZATION STEP ********

 GLOBAL STATISTICS PRIOR NUMERICAL FACTORIZATION ...
 Number of working processes                =              16
 ICNTL(22) Out-of-core option               =               0
 ICNTL(35) BLR activation (eff. choice)     =               0
 ICNTL(37) BLR CB compression (eff. choice) =               0
 ICNTL(49) Compact workarray S (end facto.) =               0
 ICNTL(56) Effective value during facto.    =               0
 ICNTL(14) Memory relaxation                =              30
 INFOG(3) Real space for factors (estimated)=        44436441
 INFOG(4) Integer space for factors (estim.)=         1222376
 Maximum frontal size (estimated)           =            1891
 Number of nodes in the tree                =            9777
 ICNTL(23) Memory allowed (value on host)   =               0
           Sum over all procs               =               0
 Memory provided by user, sum of LWK_USER   =               0
 Effective threshold for pivoting, CNTL(1)  =      0.1000E-01

 Statistics on the scaling phase
 Elapsed time for scaling                   =      0.0131
 Max difference from 1 after scaling the entries for ONE-NORM (option 7/8)   = 0.39E+00

 Average Effective size of S     (based on INFO(39))=              5258900

 Redistrib: total data local/sent           =           57249          725192
 Elapsed time to reformat/distribute matrix =      0.0075


 Allocated buffers
 ------------------
 Size of reception buffer in bytes ...... =      1524844
 Size of async. emission buffer (bytes).. =      4589782
 Small emission buffer (bytes) .......... =         6552
 ** Memory allocated, max in Mbytes             (INFOG(18)):         135

 ** Memory allocated, total in Mbytes           (INFOG(19)):        2059
 ** Memory effectively used, max in  Mbytes     (INFOG(21)):         121
 ** Memory effectively used, total in Mbytes    (INFOG(22)):        1861

 Elapsed time to process root node                  =      0.0956

 Elapsed time for factorization                     =      0.2012

Leaving factorization with ...
 RINFOG (2) Operations in node assembly             = 7.015E+07
 ------ (3) Operations in node elimination          = 3.210E+10
 ICNTL  (8) Scaling effectively used                =               7
 INFOG  (9) Real space for factors                  =        44415687
 INFOG (10) Integer space for factors               =         1222969
 INFOG (11) Maximum front size                      =            1891
 INFOG (29) Number of entries in factors            =        44415687
 INFOG (12) Number of off diagonal pivots           =               4
 INFOG (13) Number of delayed pivots                =               0
 RINFOG(19) Smallest pivot WITH perturbed pivots    = 2.548E-04
 RINFOG(20) Smallest pivot WITHOUT perturbed pivots = 2.548E-04
 RINFOG(21) Largest pivot in absolute value         = 7.769E+01
 INFOG (24) Effective value of ICNTL(12)            =               1
 INFOG (14) Number of memory compress               =               7

 Elapsed time in factorization driver               =      0.2323

Entering DMUMPS 5.8.1 from C interface with JOB, N =   3      112211
      executing #MPI =     16, without OMP

Advanced settings:
   KEEP(370) Static mapping              =         1
   KEEP(371) Advanced optimizations      =         0



 ****** SOLVE & CHECK STEP ********

 GLOBAL STATISTICS PRIOR SOLVE PHASE ...........
 Number of right-hand-sides                    =           1
 Blocking factor for multiple rhs              =           1
 ICNTL (9)                                     =           1
  --- (10)                                     =           0
  --- (11)                                     =           0
  --- (20)                                     =           0
  --- (21)                                     =           1
  --- (30)                                     =           0
  --- (35)                                     =           0
  --- (48) (effective)                         =           0
 ** Rank of processor needing largest memory in solve     :         5
 ** Space in MBYTES used by this processor for solve      :        54
 ** Avg. Space in MBYTES per working proc during solve    :        47
 
 Leaving solve with ...
 Time to build/scatter RHS        =       0.002071
 Time in solution step (fwd/bwd)  =       0.007985
  .. Time in forward (fwd) step   =          0.003150
  .. Time in ScaLAPACK root       =          0.001321
  .. Time in backward (bwd) step  =          0.003327
 Time to gather solution(cent.sol)=       0.000000
 Time for distributed solution    =       0.000102

 Elapsed time in solve driver=       0.0124

Entering DMUMPS 5.8.1 from C interface with JOB =  -2
      executing #MPI =     16, without OMP
||Ax - b||_2 = 3.010162e-10
