
=== CPARDISO: solving a real nonsymmetric system ===
Distributed Matrix Input Format is used for CPARDISO (iparm(40) = 2)
0-based array is turned ON
CPARDISO double precision computation is turned ON
Parallel METIS algorithm at reorder step is turned ON
Scaling is turned ON
Matching is turned ON


Summary: ( reordering phase )
================

Times:
======
Time spent in calculations of symmetric matrix portrait (fulladj): 0.769143 s
Time spent in reordering of the initial matrix (reorder)         : 6.711987 s
Time spent in symbolic factorization (symbfct)                   : 5.728707 s
Time spent in data preparations for factorization (parlist)      : 0.084456 s
Time spent in allocation of internal data structures (malloc)    : 0.132177 s
Time spent in matching/scaling                                   : 1.371889 s
Time spent in additional calculations                            : 2.902006 s
Total time spent                                                 : 17.700365 s

Statistics:
===========
Parallel Direct Factorization is running on 32 MPI and 1 OpenMP per MPI process

< Linear system Ax = b >
             number of equations:           1564794
             number of non-zeros in A:      117406044
             number of non-zeros in A (%): 0.004795

             number of right-hand sides:    1

< Factors L and U >
             number of columns for each panel: 128
             number of independent subgraphs:  0
             number of supernodes:                    155799
             size of largest supernode:               8946
             number of non-zeros in L:                1524339976
             number of non-zeros in U:                1426251698
             number of non-zeros in L+U:              2950591674

Percentage of computed non-zeros for LL^T factorization
 1 %  2 %  3 %  4 %  5 %  6 %  7 %  8 %  9 %  10 %  11 %  12 %  13 %  14 %  15 %  16 %  17 %  18 %  19 %  20 %  21 %  22 %  23 %  24 %  25 %  26 %  27 %  28 %  29 %  30 %  31 %  32 %  33 %  34 %  35 %  36 %  37 %  38 %  39 %  40 %  41 %  42 %  43 %  44 %  45 %  46 %  47 %  48 %  49 %  50 %  51 %  52 %  53 %  54 %  55 %  56 %  57 %  58 %  59 %  60 %  61 %  62 %  63 %  64 %  66 %  67 %  68 %  69 %  70 %  71 %  72 %  73 %  74 %  76 %  78 %  79 %  81 %  82 %  85 %  87 %  89 %  91 %  93 %  94 %  96 %  97 %  98 %  99 %  100 % 

=== CPARDISO: solving a real nonsymmetric system ===
Single-level factorization algorithm is turned ON


Summary: ( factorization phase )
================

Times:
======
Time spent in copying matrix to internal data structure (A to LU): 0.000008 s
Time spent in factorization step (numfct)                        : 25.540365 s
Time spent in allocation of internal data structures (malloc)    : 0.000053 s
Time spent in additional calculations                            : 0.000055 s
Total time spent                                                 : 25.540481 s

Statistics:
===========
Parallel Direct Factorization is running on 32 MPI and 1 OpenMP per MPI process

< Linear system Ax = b >
             number of equations:           1564794
             number of non-zeros in A:      117406044
             number of non-zeros in A (%): 0.004795

             number of right-hand sides:    1

< Factors L and U >
             number of columns for each panel: 128
             number of independent subgraphs:  0
             number of supernodes:                    155799
             size of largest supernode:               8946
             number of non-zeros in L:                1524339976
             number of non-zeros in U:                1426251698
             number of non-zeros in L+U:              2950591674
             gflop   for the numerical factorization: 7555.776004

             gflop/s for the numerical factorization: 295.836647

PARDISO memory: symbolic=6181790 KB, numeric=4096511 KB, total=10278301 KB (10037.40 MB)

=== CPARDISO: solving a real nonsymmetric system ===


Summary: ( solution phase )
================

Times:
======
Time spent in direct solver at solve step (solve)                : 0.289129 s
Time spent in additional calculations                            : 0.833509 s
Total time spent                                                 : 1.122638 s

Statistics:
===========
Parallel Direct Factorization is running on 32 MPI and 1 OpenMP per MPI process

< Linear system Ax = b >
             number of equations:           1564794
             number of non-zeros in A:      117406044
             number of non-zeros in A (%): 0.004795

             number of right-hand sides:    1

< Factors L and U >
             number of columns for each panel: 128
             number of independent subgraphs:  0
             number of supernodes:                    155799
             size of largest supernode:               8946
             number of non-zeros in L:                1524339976
             number of non-zeros in U:                1426251698
             number of non-zeros in L+U:              2950591674
             gflop   for the numerical factorization: 7555.776004

             gflop/s for the numerical factorization: 295.836647

Number of iterative refinement steps performed         4
Tolerance level in the iterative refinement process    0.000000e+00
Backward error after the iterative refinement process  0.000000e+00
||Ax - b||_2 = 7.615032e-07
