
Entering DMUMPS 5.8.1 from C interface with JOB, N =   1     1564794
      executing #MPI =     32, without OMP

Advanced settings:
   KEEP(370) Static mapping              =         1
   KEEP(371) Advanced optimizations      =         0

 =================================================
  MUMPS compiled with option -DAVOID_MPI_IN_PLACE
 MUMPS compiled with option -Dmetis
 MUMPS compiled with option -Dparmetis
 MUMPS compiled with option -Dpord
 MUMPS compiled with option -Dptscotch
 MUMPS compiled with option -Dscotch
 =================================================
L U Solver for unsymmetric matrices
Type of parallelism: Working host

 ****** ANALYSIS STEP ********

 ** Maximum transversal (ICNTL(6)) not allowed because matrix is distributed
 Parallel analysis, processing a graph of size:   1564794
 Using ParMETIS for parallel ordering
 ELAPSED time in parallel ordering       =      3.0974
 A root of estimated size  3417  has been selected for Scalapack.

Leaving analysis phase with  ...
 INFOG(1)                                       =               0
 INFOG(2)                                       =               0
 -- (20) Number of entries in factors (estim.)  =      3394503412
 --  (3) Real space for factors    (estimated)  =      3395619483
 --  (4) Integer space for factors (estimated)  =        21315901
 --  (5) Maximum frontal size      (estimated)  =           11413
 --  (6) Number of nodes in the tree            =           26968
 -- (32) Type of analysis effectively used      =               2
 --  (7) Ordering option effectively used       =               2
 ICNTL (6) Maximum transversal option           =               0
 ICNTL (7) Pivot order option                   =               6
 ICNTL(12) Ordering symmetric indef. matrices   =               1
 ICNTL(13) Parallelism/splitting of root node   =               0
 ICNTL(14) Percentage of memory relaxation      =             500
 ICNTL(15) Analysis by block effectively used   =               0
 ICNTL(18) Distributed input matrix (on if >0)  =               3
 ICNTL(32) Forward elimination during facto.    =               0
 ICNTL(35) BLR activation                       =               0
 ICNTL(48) Tree based multithreading (effective)=               0
 ICNTL(58) Symbolic factorization option        =               2
 Number of level 2 nodes                        =              60
 Number of split nodes                          =              13
 RINFOG(1) Operations during elimination (estim)= 1.065E+13
 Distributed matrix entry format (ICNTL(18))    =               3

 MEMORY ESTIMATIONS ... 
 Estimations with standard Full-Rank (FR) factorization:
    Maximum estim. space in Mbytes, IC facto.    (INFOG(16)):            9053
    Total space in MBytes, IC factorization      (INFOG(17)):          205807
    Maximum estim. space in Mbytes, OOC facto.   (INFOG(26)):            3994
    Total space in MBytes,  OOC factorization    (INFOG(27)):           79180

 Elapsed time in analysis driver=       4.2844

Entering DMUMPS 5.8.1 from C interface with JOB, N =   2     1564794
      executing #MPI =     32, without OMP

Advanced settings:
   KEEP(370) Static mapping              =         1
   KEEP(371) Advanced optimizations      =         0



****** FACTORIZATION STEP ********

 GLOBAL STATISTICS PRIOR NUMERICAL FACTORIZATION ...
 Number of working processes                =              32
 ICNTL(22) Out-of-core option               =               0
 ICNTL(35) BLR activation (eff. choice)     =               0
 ICNTL(37) BLR CB compression (eff. choice) =               0
 ICNTL(49) Compact workarray S (end facto.) =               0
 ICNTL(56) Effective value during facto.    =               0
 ICNTL(14) Memory relaxation                =             500
 INFOG(3) Real space for factors (estimated)=      3395619483
 INFOG(4) Integer space for factors (estim.)=        21315901
 Maximum frontal size (estimated)           =           11413
 Number of nodes in the tree                =           26968
 ICNTL(23) Memory allowed (value on host)   =               0
           Sum over all procs               =               0
 Memory provided by user, sum of LWK_USER   =               0
 Effective threshold for pivoting, CNTL(1)  =      0.1000E-01

 Statistics on the scaling phase
 Elapsed time for scaling                   =      0.3617
 Max difference from 1 after scaling the entries for ONE-NORM (option 7/8)   = 0.70E-01

 Average Effective size of S     (based on INFO(39))=            782737959

 Redistrib: total data local/sent           =         3437971       153979432
 Elapsed time to reformat/distribute matrix =      0.2477


 Allocated buffers
 ------------------
 Size of reception buffer in bytes ...... =     14367304
 Size of async. emission buffer (bytes).. =     43245583
 Small emission buffer (bytes) .......... =        23776
 ** Memory allocated, max in Mbytes             (INFOG(18)):        9053

 ** Memory allocated, total in Mbytes           (INFOG(19)):      205807
 ** Memory effectively used, max in  Mbytes     (INFOG(21)):        1891
 ** Memory effectively used, total in Mbytes    (INFOG(22)):       37787

 Elapsed time to process root node                  =      0.0841

 Elapsed time for factorization                     =     14.9121

Leaving factorization with ...
 RINFOG (2) Operations in node assembly             = 7.229E+09
 ------ (3) Operations in node elimination          = 1.065E+13
 ICNTL  (8) Scaling effectively used                =               7
 INFOG  (9) Real space for factors                  =      3394503412
 INFOG (10) Integer space for factors               =        21318844
 INFOG (11) Maximum front size                      =           11413
 INFOG (29) Number of entries in factors            =      3394503412
 INFOG (12) Number of off diagonal pivots           =               0
 INFOG (13) Number of delayed pivots                =               0
 RINFOG(19) Smallest pivot WITH perturbed pivots    = 2.890E-03
 RINFOG(20) Smallest pivot WITHOUT perturbed pivots = 2.890E-03
 RINFOG(21) Largest pivot in absolute value         = 5.799E-01
 INFOG (24) Effective value of ICNTL(12)            =               1
 INFOG (14) Number of memory compress               =               0

 Elapsed time in factorization driver               =     15.6236

Entering DMUMPS 5.8.1 from C interface with JOB, N =   3     1564794
      executing #MPI =     32, without OMP

Advanced settings:
   KEEP(370) Static mapping              =         1
   KEEP(371) Advanced optimizations      =         0



 ****** SOLVE & CHECK STEP ********

 GLOBAL STATISTICS PRIOR SOLVE PHASE ...........
 Number of right-hand-sides                    =           1
 Blocking factor for multiple rhs              =           1
 ICNTL (9)                                     =           1
  --- (10)                                     =           2
  --- (11)                                     =           0
  --- (20)                                     =           0
  --- (21)                                     =           1
  --- (30)                                     =           0
  --- (35)                                     =           0
  --- (48) (effective)                         =           0
 WARNING:  Incompatible features: nrhs>1 or distrib sol and Iter. Ref and/or Err. Anal.
 WARNING: ICNTL(10) treated as if set to 0 
 ** Rank of processor needing largest memory in solve     :         0
 ** Space in MBYTES used by this processor for solve      :      8973
 ** Avg. Space in MBYTES per working proc during solve    :      6368
 
 Leaving solve with ...
 Time to build/scatter RHS        =       0.020104
 Time in solution step (fwd/bwd)  =       0.172437
  .. Time in forward (fwd) step   =          0.085121
  .. Time in ScaLAPACK root       =          0.002616
  .. Time in backward (bwd) step  =          0.084036
 Time to gather solution(cent.sol)=       0.000000
 Time for distributed solution    =       0.000217

 Elapsed time in solve driver=       0.1999

Entering DMUMPS 5.8.1 from C interface with JOB =  -2
      executing #MPI =     32, without OMP
||Ax - b||_2 = 1.253450e-06
