.. equilibrated? *equed = B
.. RowPerm 1	 time: 0.02
.. anorm 3.424443e+00
.. Use minimum degree ordering on A'+A.
.. symbfact(): relax 30, maxsuper 256, fill 5
	matrix dimension    112211
	nonzeros in A       760631
	nonzeros in L     28602337
	nonzeros in U     28602331
	nonzeros in L+U   57092457
	fill ratio            75.1
	nonzeros in LSUB   5989765
	No of supers    11004
	Size of G(L)   909704
	Size of G(U)   797499
	int 4, short 2, float 4, double 8
	SYMBfact (MB):	L\U 29.39	total 33.43	expansions 2
.. # L blocks     6740	# U blocks     3989
MPI tag upper bound = 536870911
.. Starting with 1 OpenMP threads 
 === using DAG ===
.. thresh = s_eps 5.960464e-08 * anorm 3.424443e+00 = 2.041127e-07
.. Buffer size: Lsub 776	Lval 196608	Usub 970	Uval 189952	LDA 768
max_ncols 630,  max_ldu 256, bigu_size   161280
	.. SUPERLU_MAX_BUFFER_SIZE 256000000 set for GPU
	.. SUPERLU_N_GEMM: 5000 flops of GEMM done on CPU (1st block always on CPU)
	.. GEMM buffer size: max_row_size X max_ncols = 720 x      630
[0].. BIG U size   161280 (on CPU)
[0].. BIG V size   464464 (on CPU)
  Max row size is 720 
  Threads per process 1 

Initialization time	  0.0105 seconds
	 Serial: compute static schedule, allocate storage

==== Time breakdown in factorization (rank 0) ====
Panel factorization 	   0.0764 seconds
.. L-panel pxgstrf2 	   0.0445 seconds
.. U-panel pxgstrs2 	   0.0319 seconds
Time in Look-ahead update 	   0.0618 seconds
Time in Schur update 		   0.1048 seconds
.. Time to Gather L buffer	   0.0036  (Separate L panel by Lookahead/Remain)
.. Time to Gather U buffer	   0.0076 
.. Time in GEMM   0.0626 
	* Look-ahead	   0.0079 
	* Remain	   0.0546	Flops 2.1530e+10	Gflops 394.0623
.. Time to Scatter   0.0283 
	* Look-ahead	   0.0009 
	* Remain	   0.0274 
Total factorization time            	:   0.4481 seconds, 
--------
GEMM maximum block: 575-256-575

** Memory Usage **********************************
.. dQuerySpace: peak_buffer 48.20 (MB)
	(P0) serial symbolic::stage[0]: symb_memory 33.43, GA_mem_use 9.58
	(P0) serial distribution::stage[1]:symb_LU 29.39, dist_mem_use 85.30, num_mem_usage.for_lu 40.82
** Total highmark (MB):
    Sum-of-all :  2221.26 | Avg :   138.83  | Max :   155.50
    Max at rank 0, different stages (MB):
	. symbfact           43.01
	. distribution      155.50
	. numfact            89.01
** NUMfact space (MB): (sum-of-all-processes)
    L\U :          482.11 |  Total :  1248.20
	. max at rank 0, max L+U memory (MB):    40.82
	. max at rank 10, peak buffer (MB):       49.37
**************************************************

** number of Tiny Pivots:        0

.. DiagScale = 3
**************************************************
**** Time (seconds) ****
	EQUIL time            0.008
	ROWPERM time          0.024
	COLPERM time          0.101
	SYMBFACT time         0.087
	DISTRIBUTE time       0.119
	FACTOR time           0.468
	Factor flops	5.483652e+10	Mflops 	117174.32
	SOLVE time            0.000
	REFINEMENT time       0.000	Steps       0

**************************************************
.. anorm 3.424443e+00
num_thread:     1
( 0) .. Step        0: berr[j] = 3.341397e-13
num_thread:     1
( 0) .. Step        1: berr[j] = 2.535610e-16
num_thread:     1
( 0) .. Step        2: berr[j] = 2.794362e-16
.. DiagScale = 3
	SOLVE time            0.020
	Solve flops	1.141849e+08	Mflops 	 5669.53
	REFINEMENT time       0.042	Steps       2

**************************************************
||Ax - b||_2 = 7.340530e-11
