.. equilibrated? *equed = B
.. RowPerm 1	 time: 4.73
.. anorm 7.690916e+04
.. Use minimum degree ordering on A'+A.
.. symbfact(): relax 30, maxsuper 256, fill 5
	matrix dimension     93279
	nonzeros in A      1211231
	nonzeros in L       652394
	nonzeros in U       652492
	nonzeros in L+U    1211607
	fill ratio             1.0
	nonzeros in LSUB    652394
	No of supers    93266
	Size of G(L)   652312
	Size of G(U)   559131
	int 4, short 2, float 4, double 8
	SYMBfact (MB):	L\U 6.71	total 10.07	expansions 0
.. # L blocks    87486	# U blocks        5
MPI tag upper bound = 1073741823
.. Starting with 1 OpenMP threads 
 === using DAG ===
.. thresh = s_eps 5.960464e-08 * anorm 7.690916e+04 = 4.584143e-03
.. Buffer size: Lsub 23	Lval 121	Usub 22	Uval 16	LDA 11
max_ncols 3,  max_ldu 1, bigu_size        3
	.. SUPERLU_MAX_BUFFER_SIZE 256000000 set for GPU
	.. SUPERLU_N_GEMM: 5000 flops of GEMM done on CPU (1st block always on CPU)
	.. GEMM buffer size: max_row_size X max_ncols = 7 x        3
[0].. BIG U size        3 (on CPU)
[0].. BIG V size    65656 (on CPU)
  Max row size is 7 
  Threads per process 1 

Initialization time	  0.0318 seconds
	 Serial: compute static schedule, allocate storage

==== Time breakdown in factorization (rank 0) ====
Panel factorization 	   4.3081 seconds
.. L-panel pxgstrf2 	   4.3066 seconds
.. U-panel pxgstrs2 	   0.0015 seconds
Time in Look-ahead update 	   0.0000 seconds
Time in Schur update 		   0.0022 seconds
.. Time to Gather L buffer	   0.0000  (Separate L panel by Lookahead/Remain)
.. Time to Gather U buffer	   0.0000 
.. Time in GEMM   0.0000 
	* Look-ahead	   0.0000 
	* Remain	   0.0000	Flops 6.9081e+06	Gflops      inf
.. Time to Scatter   0.0000 
	* Look-ahead	   0.0000 
	* Remain	   0.0000 
Total factorization time            	:  73.1711 seconds, 
--------
GEMM maximum block: 0-0-0

** Memory Usage **********************************
.. dQuerySpace: peak_buffer 11.74 (MB)
	(P0) serial symbolic::stage[0]: symb_memory 10.07, GA_mem_use 14.91
	(P0) serial distribution::stage[1]:symb_LU 6.71, dist_mem_use 102.43, num_mem_usage.for_lu 1.94
** Total highmark (MB):
    Sum-of-all :   898.13 | Avg :   112.27  | Max :   116.72
    Max at rank 5, different stages (MB):
	. symbfact           24.98
	. distribution      111.08
	. numfact            13.68
** NUMfact space (MB): (sum-of-all-processes)
    L\U :           25.46 |  Total :   119.39
	. max at rank 5, max L+U memory (MB):     7.41
	. max at rank 5, peak buffer (MB):       11.74
**************************************************

** number of Tiny Pivots:        0

.. DiagScale = 3
**************************************************
**** Time (seconds) ****
	EQUIL time            0.008
	ROWPERM time          4.726
	COLPERM time         48.781
	SYMBFACT time         0.024
	DISTRIBUTE time       7.061
	FACTOR time          73.206
	Factor flops	9.148972e+06	Mflops 	    0.12
	SOLVE time            0.000
	REFINEMENT time       0.000	Steps       0

**************************************************
.. anorm 7.690916e+04
num_thread:     1
( 0) .. Step        0: berr[j] = 4.157107e-09
num_thread:     1
( 0) .. Step        1: berr[j] = 3.280289e-13
num_thread:     1
( 0) .. Step        2: berr[j] = 6.038515e-15
num_thread:     1
( 0) .. Step        3: berr[j] = 1.016238e-14
.. DiagScale = 3
	SOLVE time            0.041
	Solve flops	2.423214e+06	Mflops 	   59.17
	REFINEMENT time       0.133	Steps       3

**************************************************
||Ax - b||_2 = 5.797869e-02
