.. equilibrated? *equed = B
.. RowPerm 1	 time: 0.13
.. anorm 3.993614e+04
.. Use minimum degree ordering on A'+A.
.. symbfact(): relax 30, maxsuper 256, fill 5
	matrix dimension    169422
	nonzeros in A      1279274
	nonzeros in L      2438252
	nonzeros in U      2243252
	nonzeros in L+U    4512082
	fill ratio             3.5
	nonzeros in LSUB   1757320
	No of supers    81914
	Size of G(L)   964350
	Size of G(U)   645573
	int 4, short 2, float 4, double 8
	SYMBfact (MB):	L\U 13.00	total 19.10	expansions 0
.. # L blocks    56444	# U blocks    42182
MPI tag upper bound = 1073741823
.. Starting with 1 OpenMP threads 
 === using DAG ===
.. thresh = s_eps 5.960464e-08 * anorm 3.993614e+04 = 2.380379e-03
.. Buffer size: Lsub 407	Lval 100608	Usub 387	Uval 40958	LDA 393
max_ncols 270,  max_ldu 256, bigu_size    69120
	.. SUPERLU_MAX_BUFFER_SIZE 256000000 set for GPU
	.. SUPERLU_N_GEMM: 5000 flops of GEMM done on CPU (1st block always on CPU)
	.. GEMM buffer size: max_row_size X max_ncols = 388 x      270
[0].. BIG U size    69120 (on CPU)
[0].. BIG V size   110088 (on CPU)
  Max row size is 388 
  Threads per process 1 

Initialization time	  0.0226 seconds
	 Serial: compute static schedule, allocate storage

==== Time breakdown in factorization (rank 0) ====
Panel factorization 	   0.0144 seconds
.. L-panel pxgstrf2 	   0.0069 seconds
.. U-panel pxgstrs2 	   0.0076 seconds
Time in Look-ahead update 	   0.0052 seconds
Time in Schur update 		   0.0482 seconds
.. Time to Gather L buffer	   0.0017  (Separate L panel by Lookahead/Remain)
.. Time to Gather U buffer	   0.0072 
.. Time in GEMM   0.0048 
	* Look-ahead	   0.0001 
	* Remain	   0.0047	Flops 2.2550e+08	Gflops  47.5787
.. Time to Scatter   0.0262 
	* Look-ahead	   0.0000 
	* Remain	   0.0262 
Total factorization time            	:   0.2106 seconds, 
--------
GEMM maximum block: 328-256-270

** Memory Usage **********************************
.. dQuerySpace: peak_buffer 25.45 (MB)
	(P0) serial symbolic::stage[0]: symb_memory 19.10, GA_mem_use 16.03
	(P0) serial distribution::stage[1]:symb_LU 13.00, dist_mem_use 183.99, num_mem_usage.for_lu 17.19
** Total highmark (MB):
    Sum-of-all :  1667.50 | Avg :   208.44  | Max :   214.18
    Max at rank 0, different stages (MB):
	. symbfact           35.13
	. distribution      214.18
	. numfact            42.64
** NUMfact space (MB): (sum-of-all-processes)
    L\U :          103.64 |  Total :   307.04
	. max at rank 0, max L+U memory (MB):    17.19
	. max at rank 4, peak buffer (MB):       25.46
**************************************************

** number of Tiny Pivots:        0

.. DiagScale = 3
**************************************************
**** Time (seconds) ****
	EQUIL time            0.005
	ROWPERM time          0.131
	COLPERM time          7.517
	SYMBFACT time         0.048
	DISTRIBUTE time       0.419
	FACTOR time           0.233
	Factor flops	5.943645e+08	Mflops 	 2547.97
	SOLVE time            0.000
	REFINEMENT time       0.000	Steps       0

**************************************************
.. anorm 3.993614e+04
num_thread:     1
( 0) .. Step        0: berr[j] = 4.592713e-11
num_thread:     1
( 0) .. Step        1: berr[j] = 1.720248e-15
num_thread:     1
( 0) .. Step        2: berr[j] = 2.006956e-15
.. DiagScale = 3
	SOLVE time            0.067
	Solve flops	9.024164e+06	Mflops 	  135.33
	REFINEMENT time       0.134	Steps       2

**************************************************
||Ax - b||_2 = 3.635520e-10
