.. equilibrated? *equed = R
.. RowPerm 1	 time: 0.05
.. anorm 4.474515e+00
.. Use parMETIS ordering on A'+A with 8 sub-domains. sizeof(int_t) 4
.. symbfact(): relax 30, maxsuper 256, fill 5
	matrix dimension    146689
	nonzeros in A      3636649
	nonzeros in L      9277427
	nonzeros in U      9277427
	nonzeros in L+U   18408165
	fill ratio             5.1
	nonzeros in LSUB   3576627
	No of supers    12897
	Size of G(L)   618076
	Size of G(U)   471387
	int 4, short 2, float 4, double 8
	SYMBfact (MB):	L\U 19.13	total 24.41	expansions 0
.. # L blocks    10064	# U blocks     7001
MPI tag upper bound = 1073741823
.. Starting with 1 OpenMP threads 
 === using DAG ===
.. thresh = s_eps 5.960464e-08 * anorm 4.474515e+00 = 2.667019e-07
.. Buffer size: Lsub 583	Lval 115968	Usub 510	Uval 65536	LDA 573
max_ncols 332,  max_ldu 256, bigu_size    84992
	.. SUPERLU_MAX_BUFFER_SIZE 256000000 set for GPU
	.. SUPERLU_N_GEMM: 5000 flops of GEMM done on CPU (1st block always on CPU)
	.. GEMM buffer size: max_row_size X max_ncols = 573 x      332
[0].. BIG U size    84992 (on CPU)
[0].. BIG V size   197540 (on CPU)
  Max row size is 573 
  Threads per process 1 

Initialization time	  0.0039 seconds
	 Serial: compute static schedule, allocate storage

==== Time breakdown in factorization (rank 0) ====
Panel factorization 	   0.0216 seconds
.. L-panel pxgstrf2 	   0.0128 seconds
.. U-panel pxgstrs2 	   0.0089 seconds
Time in Look-ahead update 	   0.0184 seconds
Time in Schur update 		   0.0453 seconds
.. Time to Gather L buffer	   0.0019  (Separate L panel by Lookahead/Remain)
.. Time to Gather U buffer	   0.0026 
.. Time in GEMM   0.0202 
	* Look-ahead	   0.0010 
	* Remain	   0.0193	Flops 1.3986e+09	Gflops  72.5479
.. Time to Scatter   0.0188 
	* Look-ahead	   0.0002 
	* Remain	   0.0187 
Total factorization time            	:   0.1358 seconds, 
--------
GEMM maximum block: 342-200-296

** Memory Usage **********************************
.. dQuerySpace: peak_buffer 26.89 (MB)
	(P0) serial symbolic::stage[0]: symb_memory 24.41, GA_mem_use 44.23
	(P0) serial distribution::stage[1]:symb_LU 19.13, dist_mem_use 163.28, num_mem_usage.for_lu 24.46
** Total highmark (MB):
    Sum-of-all :  1623.29 | Avg :   202.91  | Max :   206.86
    Max at rank 0, different stages (MB):
	. symbfact           68.63
	. distribution      206.86
	. numfact            51.35
** NUMfact space (MB): (sum-of-all-processes)
    L\U :          158.52 |  Total :   369.32
	. max at rank 0, max L+U memory (MB):    24.46
	. max at rank 0, peak buffer (MB):       26.89
**************************************************

** number of Tiny Pivots:        0

.. DiagScale = 3
**************************************************
**** Time (seconds) ****
	EQUIL time            0.006
	ROWPERM time          0.050
	COLPERM time          0.296
	SYMBFACT time         0.050
	DISTRIBUTE time       0.198
	FACTOR time           0.140
	Factor flops	3.094747e+09	Mflops 	22150.67
	SOLVE time            0.000
	REFINEMENT time       0.000	Steps       0

**************************************************
.. anorm 4.474515e+00
num_thread:     1
( 0) .. Step        0: berr[j] = 6.586066e-16
num_thread:     1
( 0) .. Step        1: berr[j] = 2.738993e-16
num_thread:     1
( 0) .. Step        2: berr[j] = 2.719480e-16
.. DiagScale = 3
	SOLVE time            0.019
	Solve flops	3.681633e+07	Mflops 	 1902.20
	REFINEMENT time       0.054	Steps       2

**************************************************
||Ax - b||_2 = 1.255452e-13
