.. equilibrated? *equed = R
.. RowPerm 1	 time: 0.04
.. anorm 7.009382e+00
.. Use METIS ordering on A'+A
.. symbfact(): relax 30, maxsuper 256, fill 5
	matrix dimension    106437
	nonzeros in A      2707179
	nonzeros in L     19994281
	nonzeros in U     19994281
	nonzeros in L+U   39882125
	fill ratio            14.7
	nonzeros in LSUB   7223480
	No of supers     7242
	Size of G(L)   809814
	Size of G(U)   703377
	int 4, short 2, float 4, double 8
	SYMBfact (MB):	L\U 33.84	total 37.67	expansions 0
.. # L blocks     7487	# U blocks     5654
MPI tag upper bound = 1073741823
.. Starting with 1 OpenMP threads 
 === using DAG ===
.. thresh = s_eps 5.960464e-08 * anorm 7.009382e+00 = 4.177917e-07
.. Buffer size: Lsub 744	Lval 172960	Usub 856	Uval 122472	LDA 736
max_ncols 430,  max_ldu 256, bigu_size   110080
	.. SUPERLU_MAX_BUFFER_SIZE 256000000 set for GPU
	.. SUPERLU_N_GEMM: 5000 flops of GEMM done on CPU (1st block always on CPU)
	.. GEMM buffer size: max_row_size X max_ncols = 736 x      430
[0].. BIG U size   110080 (on CPU)
[0].. BIG V size   325872 (on CPU)
  Max row size is 736 
  Threads per process 1 

Initialization time	  0.0023 seconds
	 Serial: compute static schedule, allocate storage

==== Time breakdown in factorization (rank 0) ====
Panel factorization 	   0.0572 seconds
.. L-panel pxgstrf2 	   0.0347 seconds
.. U-panel pxgstrs2 	   0.0225 seconds
Time in Look-ahead update 	   0.0293 seconds
Time in Schur update 		   0.1535 seconds
.. Time to Gather L buffer	   0.0061  (Separate L panel by Lookahead/Remain)
.. Time to Gather U buffer	   0.0049 
.. Time in GEMM   0.0856 
	* Look-ahead	   0.0048 
	* Remain	   0.0808	Flops 8.7031e+09	Gflops 107.7418
.. Time to Scatter   0.0556 
	* Look-ahead	   0.0004 
	* Remain	   0.0552 
Total factorization time            	:   0.3793 seconds, 
--------
GEMM maximum block: 546-256-430

** Memory Usage **********************************
.. dQuerySpace: peak_buffer 38.38 (MB)
	(P0) serial symbolic::stage[0]: symb_memory 37.67, GA_mem_use 32.91
	(P0) serial distribution::stage[1]:symb_LU 33.84, dist_mem_use 128.35, num_mem_usage.for_lu 46.61
** Total highmark (MB):
    Sum-of-all :  1636.51 | Avg :   204.56  | Max :   218.39
    Max at rank 2, different stages (MB):
	. symbfact           70.58
	. distribution      208.79
	. numfact            84.99
** NUMfact space (MB): (sum-of-all-processes)
    L\U :          335.02 |  Total :   641.01
	. max at rank 2, max L+U memory (MB):    52.63
	. max at rank 2, peak buffer (MB):       40.06
**************************************************

** number of Tiny Pivots:        0

.. DiagScale = 3
**************************************************
**** Time (seconds) ****
	EQUIL time            0.004
	ROWPERM time          0.042
	COLPERM time          0.864
	SYMBFACT time         0.078
	DISTRIBUTE time       0.142
	FACTOR time           0.382
	Factor flops	1.472233e+10	Mflops 	38567.86
	SOLVE time            0.000
	REFINEMENT time       0.000	Steps       0

**************************************************
.. anorm 7.009382e+00
num_thread:     1
( 0) .. Step        0: berr[j] = 1.178618e-15
num_thread:     1
( 0) .. Step        1: berr[j] = 2.812730e-16
num_thread:     1
( 0) .. Step        2: berr[j] = 3.190185e-16
.. DiagScale = 3
	SOLVE time            0.018
	Solve flops	7.976426e+07	Mflops 	 4552.76
	REFINEMENT time       0.044	Steps       2

**************************************************
||Ax - b||_2 = 1.363653e-16
