.. equilibrated? *equed = N
.. RowPerm 1	 time: 0.14
.. anorm 3.000000e+01
.. Use minimum degree ordering on A'+A.
.. symbfact(): relax 30, maxsuper 256, fill 5
	matrix dimension    100196
	nonzeros in A       544688
	nonzeros in L      6217711
	nonzeros in U      6229614
	nonzeros in L+U   12347129
	fill ratio            22.7
	nonzeros in LSUB   1950704
	No of supers     9376
	Size of G(L)   420217
	Size of G(U)   339804
	int 4, short 2, float 4, double 8
	SYMBfact (MB):	L\U 11.17	total 14.77	expansions 0
.. # L blocks     8880	# U blocks     6224
MPI tag upper bound = 1073741823
.. Starting with 1 OpenMP threads 
 === using DAG ===
.. thresh = s_eps 5.960464e-08 * anorm 3.000000e+01 = 1.788139e-06
.. Buffer size: Lsub 452	Lval 101232	Usub 642	Uval 72437	LDA 444
max_ncols 270,  max_ldu 251, bigu_size    67770
	.. SUPERLU_MAX_BUFFER_SIZE 256000000 set for GPU
	.. SUPERLU_N_GEMM: 5000 flops of GEMM done on CPU (1st block always on CPU)
	.. GEMM buffer size: max_row_size X max_ncols = 444 x      270
[0].. BIG U size    67770 (on CPU)
[0].. BIG V size   125608 (on CPU)
  Max row size is 444 
  Threads per process 1 

Initialization time	  0.0033 seconds
	 Serial: compute static schedule, allocate storage

==== Time breakdown in factorization (rank 0) ====
Panel factorization 	   0.0138 seconds
.. L-panel pxgstrf2 	   0.0088 seconds
.. U-panel pxgstrs2 	   0.0050 seconds
Time in Look-ahead update 	   0.0053 seconds
Time in Schur update 		   0.0315 seconds
.. Time to Gather L buffer	   0.0015  (Separate L panel by Lookahead/Remain)
.. Time to Gather U buffer	   0.0021 
.. Time in GEMM   0.0105 
	* Look-ahead	   0.0002 
	* Remain	   0.0103	Flops 8.2701e+08	Gflops  80.2429
.. Time to Scatter   0.0160 
	* Look-ahead	   0.0002 
	* Remain	   0.0159 
Total factorization time            	:   0.1035 seconds, 
--------
GEMM maximum block: 411-158-238

** Memory Usage **********************************
.. dQuerySpace: peak_buffer 25.21 (MB)
	(P0) serial symbolic::stage[0]: symb_memory 14.77, GA_mem_use 6.94
	(P0) serial distribution::stage[1]:symb_LU 11.17, dist_mem_use 113.69, num_mem_usage.for_lu 15.51
** Total highmark (MB):
    Sum-of-all :  1106.57 | Avg :   138.32  | Max :   143.41
    Max at rank 2, different stages (MB):
	. symbfact           21.71
	. distribution      140.37
	. numfact            40.73
** NUMfact space (MB): (sum-of-all-processes)
    L\U :          109.12 |  Total :   312.95
	. max at rank 2, max L+U memory (MB):    17.71
	. max at rank 2, peak buffer (MB):       26.18
**************************************************

** number of Tiny Pivots:    10610

.. DiagScale = 3
**************************************************
**** Time (seconds) ****
	EQUIL time            0.003
	ROWPERM time          0.140
	COLPERM time          0.167
	SYMBFACT time         0.030
	DISTRIBUTE time       0.113
	FACTOR time           0.128
	Factor flops	2.439936e+09	Mflops 	19063.56
	SOLVE time            0.000
	REFINEMENT time       0.000	Steps       0

**************************************************
.. anorm 3.000000e+01
num_thread:     1
( 0) .. Step        0: berr[j] = 1.000000e+00
num_thread:     1
( 0) .. Step        1: berr[j] = 1.000000e+00
.. DiagScale = 3
	SOLVE time            0.017
	Solve flops	2.469426e+07	Mflops 	 1472.31
	REFINEMENT time       0.018	Steps       1

**************************************************
||Ax - b||_2 = 8.763159e+42
