.. equilibrated? *equed = R
.. anorm 2.946273e+00
.. Use natural column ordering
.. symbfact(): relax 30, maxsuper 256, fill 5
	matrix dimension    150102
	nonzeros in A       726674
	nonzeros in L     1044759360
	nonzeros in U     1044759360
	nonzeros in L+U   2089368618
	fill ratio          2875.2
	nonzeros in LSUB  911077753
	No of supers   130237
	Size of G(L) 907149087
	Size of G(U) 906998985
	int 4, short 2, float 4, double 8
	SYMBfact (MB):	L\U -1314.63	total -1309.22	expansions 30

===================================================================================
=   BAD TERMINATION OF ONE OF YOUR APPLICATION PROCESSES
=   PID 17918 RUNNING AT alexandr-ASUS-TUF-Gaming-A16-FA608UM-FA608UM
=   EXIT CODE: 9
=   CLEANING UP REMAINING PROCESSES
=   YOU CAN IGNORE THE BELOW CLEANUP MESSAGES
===================================================================================
YOUR APPLICATION TERMINATED WITH THE EXIT STRING: Killed (signal 9)
This typically refers to a problem with your application.
Please see the FAQ page for debugging suggestions
