.. equilibrated? *equed = R
.. anorm 2.975646e+00
.. Use minimum degree ordering on A'*A
.. symbfact(): relax 30, maxsuper 256, fill 5
	matrix dimension   1585478
	nonzeros in A      7660826
	nonzeros in L     360274585
	nonzeros in U     360274585
	nonzeros in L+U   718963692
	fill ratio            93.8
	nonzeros in LSUB  67829951
	No of supers   203159
	Size of G(L) 15872417
	Size of G(U) 14286939
	int 4, short 2, float 4, double 8
	SYMBfact (MB):	L\U 360.18	total 417.25	expansions 2
.. # L blocks  2504659	# U blocks  2301500
MPI tag upper bound = 1073741823
.. Starting with 1 OpenMP threads 
 === using DAG ===
.. thresh = s_eps 5.960464e-08 * anorm 2.975646e+00 = 1.773623e-07
.. Buffer size: Lsub 5240	Lval 1264128	Usub 9532	Uval 1198592	LDA 5140
max_ncols 5033,  max_ldu 256, bigu_size  1288448
	.. SUPERLU_MAX_BUFFER_SIZE 256000000 set for GPU
	.. SUPERLU_N_GEMM: 5000 flops of GEMM done on CPU (1st block always on CPU)
	.. GEMM buffer size: max_row_size X max_ncols = 5140 x     5033
[0].. BIG U size  1288448 (on CPU)
[0].. BIG V size 25951068 (on CPU)
  Max row size is 5140 
  Threads per process 1 
[mpiexec@alexandr-ASUS-TUF-Gaming-A16-FA608UM-FA608UM] Sending Ctrl-C to processes as requested
[mpiexec@alexandr-ASUS-TUF-Gaming-A16-FA608UM-FA608UM] Press Ctrl-C again to force abort

===================================================================================
=   BAD TERMINATION OF ONE OF YOUR APPLICATION PROCESSES
=   PID 48413 RUNNING AT alexandr-ASUS-TUF-Gaming-A16-FA608UM-FA608UM
=   EXIT CODE: 2
=   CLEANING UP REMAINING PROCESSES
=   YOU CAN IGNORE THE BELOW CLEANUP MESSAGES
===================================================================================
YOUR APPLICATION TERMINATED WITH THE EXIT STRING: Interrupt (signal 2)
This typically refers to a problem with your application.
Please see the FAQ page for debugging suggestions
