.. equilibrated? *equed = R
.. RowPerm 1	 time: 1.56
.. anorm 2.399552e+01
.. Use minimum degree ordering on A'+A.
.. symbfact(): relax 30, maxsuper 256, fill 5
	matrix dimension     96307
	nonzeros in A      3599932
	nonzeros in L     14443721
	nonzeros in U     14457143
	nonzeros in L+U   28804557
	fill ratio             8.0
	nonzeros in LSUB   4730158
	No of supers     5685
	Size of G(L)   572474
	Size of G(U)   481743
	int 4, short 2, float 4, double 8
	SYMBfact (MB):	L\U 22.77	total 26.24	expansions 0
.. # L blocks     9190	# U blocks     6257
MPI tag upper bound = 1073741823
.. Starting with 1 OpenMP threads 
 === using DAG ===
.. thresh = s_eps 5.960464e-08 * anorm 2.399552e+01 = 1.430244e-06
.. Buffer size: Lsub 605	Lval 152832	Usub 852	Uval 87474	LDA 597
max_ncols 423,  max_ldu 256, bigu_size   108288
	.. SUPERLU_MAX_BUFFER_SIZE 256000000 set for GPU
	.. SUPERLU_N_GEMM: 5000 flops of GEMM done on CPU (1st block always on CPU)
	.. GEMM buffer size: max_row_size X max_ncols = 597 x      423
[0].. BIG U size   108288 (on CPU)
[0].. BIG V size   260755 (on CPU)
  Max row size is 597 
  Threads per process 1 

Initialization time	  0.0017 seconds
	 Serial: compute static schedule, allocate storage

==== Time breakdown in factorization (rank 0) ====
Panel factorization 	   0.0517 seconds
.. L-panel pxgstrf2 	   0.0335 seconds
.. U-panel pxgstrs2 	   0.0181 seconds
Time in Look-ahead update 	   0.0568 seconds
Time in Schur update 		   0.1009 seconds
.. Time to Gather L buffer	   0.0025  (Separate L panel by Lookahead/Remain)
.. Time to Gather U buffer	   0.0035 
.. Time in GEMM   0.0550 
	* Look-ahead	   0.0021 
	* Remain	   0.0529	Flops 3.2894e+09	Gflops  62.1357
.. Time to Scatter   0.0389 
	* Look-ahead	   0.0003 
	* Remain	   0.0385 
Total factorization time            	:   0.3752 seconds, 
--------
GEMM maximum block: 376-256-362

** Memory Usage **********************************
.. dQuerySpace: peak_buffer 32.77 (MB)
	(P0) serial symbolic::stage[0]: symb_memory 26.24, GA_mem_use 43.58
	(P0) serial distribution::stage[1]:symb_LU 22.77, dist_mem_use 128.18, num_mem_usage.for_lu 56.84
** Total highmark (MB):
    Sum-of-all :   856.02 | Avg :   214.00  | Max :   228.12
    Max at rank 3, different stages (MB):
	. symbfact           69.83
	. distribution      207.80
	. numfact            89.61
** NUMfact space (MB): (sum-of-all-processes)
    L\U :          239.90 |  Total :   370.98
	. max at rank 3, max L+U memory (MB):    70.72
	. max at rank 1, peak buffer (MB):       33.13
**************************************************

** number of Tiny Pivots:        0

.. DiagScale = 3
**************************************************
**** Time (seconds) ****
	EQUIL time            0.005
	ROWPERM time          1.558
	COLPERM time          0.094
	SYMBFACT time         0.050
	DISTRIBUTE time       0.156
	FACTOR time           0.377
	Factor flops	8.244208e+09	Mflops 	21870.26
	SOLVE time            0.000
	REFINEMENT time       0.000	Steps       0

**************************************************
.. anorm 2.399552e+01
num_thread:     1
( 0) .. Step        0: berr[j] = 1.000000e+00
num_thread:     1
( 0) .. Step        1: berr[j] = 1.000000e+00
.. DiagScale = 3
	SOLVE time            0.019
	Solve flops	5.760911e+07	Mflops 	 3032.01
	REFINEMENT time       0.030	Steps       1

**************************************************
||Ax - b||_2 = 6.025587e+34
