.. equilibrated? *equed = R
.. RowPerm 1	 time: 1.73
.. anorm 2.399552e+01
.. Use parMETIS ordering on A'+A with 8 sub-domains. sizeof(int_t) 4
.. symbfact(): relax 30, maxsuper 256, fill 5
	matrix dimension     96307
	nonzeros in A      3599932
	nonzeros in L     12657052
	nonzeros in U     12643607
	nonzeros in L+U   25204352
	fill ratio             7.0
	nonzeros in LSUB   5093235
	No of supers     5816
	Size of G(L)   537643
	Size of G(U)   459596
	int 4, short 2, float 4, double 8
	SYMBfact (MB):	L\U 24.14	total 27.60	expansions 0
.. # L blocks     4553	# U blocks     3091
MPI tag upper bound = 1073741823
.. Starting with 1 OpenMP threads 
 === using DAG ===
.. thresh = s_eps 5.960464e-08 * anorm 2.399552e+01 = 1.430244e-06
.. Buffer size: Lsub 695	Lval 175872	Usub 510	Uval 70975	LDA 687
max_ncols 258,  max_ldu 256, bigu_size    66048
	.. SUPERLU_MAX_BUFFER_SIZE 256000000 set for GPU
	.. SUPERLU_N_GEMM: 5000 flops of GEMM done on CPU (1st block always on CPU)
	.. GEMM buffer size: max_row_size X max_ncols = 459 x      258
[0].. BIG U size    66048 (on CPU)
[0].. BIG V size   124222 (on CPU)
  Max row size is 459 
  Threads per process 1 

Initialization time	  0.0040 seconds
	 Serial: compute static schedule, allocate storage

==== Time breakdown in factorization (rank 0) ====
Panel factorization 	   0.0225 seconds
.. L-panel pxgstrf2 	   0.0145 seconds
.. U-panel pxgstrs2 	   0.0080 seconds
Time in Look-ahead update 	   0.0127 seconds
Time in Schur update 		   0.0493 seconds
.. Time to Gather L buffer	   0.0019  (Separate L panel by Lookahead/Remain)
.. Time to Gather U buffer	   0.0023 
.. Time in GEMM   0.0238 
	* Look-ahead	   0.0006 
	* Remain	   0.0232	Flops 3.1382e+09	Gflops 135.0167
.. Time to Scatter   0.0206 
	* Look-ahead	   0.0002 
	* Remain	   0.0204 
Total factorization time            	:   0.1706 seconds, 
--------
GEMM maximum block: 285-256-258

** Memory Usage **********************************
.. dQuerySpace: peak_buffer 32.07 (MB)
	(P0) serial symbolic::stage[0]: symb_memory 27.60, GA_mem_use 43.58
	(P0) serial distribution::stage[1]:symb_LU 24.14, dist_mem_use 110.93, num_mem_usage.for_lu 25.07
** Total highmark (MB):
    Sum-of-all :  1311.51 | Avg :   163.94  | Max :   176.51
    Max at rank 7, different stages (MB):
	. symbfact           71.19
	. distribution      160.14
	. numfact            57.14
** NUMfact space (MB): (sum-of-all-processes)
    L\U :          210.18 |  Total :   473.17
	. max at rank 7, max L+U memory (MB):    34.30
	. max at rank 5, peak buffer (MB):       33.88
**************************************************

** number of Tiny Pivots:        0

.. DiagScale = 3
**************************************************
**** Time (seconds) ****
	EQUIL time            0.005
	ROWPERM time          1.727
	COLPERM time          0.323
	SYMBFACT time         0.052
	DISTRIBUTE time       0.142
	FACTOR time           0.183
	Factor flops	5.830826e+09	Mflops 	31838.67
	SOLVE time            0.000
	REFINEMENT time       0.000	Steps       0

**************************************************
.. anorm 2.399552e+01
num_thread:     1
( 0) .. Step        0: berr[j] = 1.000000e+00
num_thread:     1
( 0) .. Step        1: berr[j] = 1.000000e+00
.. DiagScale = 3
	SOLVE time            0.013
	Solve flops	5.040870e+07	Mflops 	 3980.62
	REFINEMENT time       0.021	Steps       1

**************************************************
||Ax - b||_2 = 4.480300e+45
