.. equilibrated? *equed = R
.. RowPerm 1	 time: 1.82
.. anorm 2.399552e+01
.. Use METIS ordering on A'+A
.. symbfact(): relax 30, maxsuper 256, fill 5
	matrix dimension     96307
	nonzeros in A      3599932
	nonzeros in L     12436743
	nonzeros in U     12425826
	nonzeros in L+U   24766262
	fill ratio             6.9
	nonzeros in LSUB   5182769
	No of supers     5819
	Size of G(L)   536949
	Size of G(U)   455952
	int 4, short 2, float 4, double 8
	SYMBfact (MB):	L\U 24.48	total 27.95	expansions 0
.. # L blocks     4642	# U blocks     3173
MPI tag upper bound = 1073741823
.. Starting with 1 OpenMP threads 
 === using DAG ===
.. thresh = s_eps 5.960464e-08 * anorm 2.399552e+01 = 1.430244e-06
.. Buffer size: Lsub 473	Lval 119040	Usub 540	Uval 56419	LDA 465
max_ncols 241,  max_ldu 256, bigu_size    61696
	.. SUPERLU_MAX_BUFFER_SIZE 256000000 set for GPU
	.. SUPERLU_N_GEMM: 5000 flops of GEMM done on CPU (1st block always on CPU)
	.. GEMM buffer size: max_row_size X max_ncols = 463 x      241
[0].. BIG U size    61696 (on CPU)
[0].. BIG V size   117279 (on CPU)
  Max row size is 463 
  Threads per process 1 

Initialization time	  0.0023 seconds
	 Serial: compute static schedule, allocate storage

==== Time breakdown in factorization (rank 0) ====
Panel factorization 	   0.0328 seconds
.. L-panel pxgstrf2 	   0.0213 seconds
.. U-panel pxgstrs2 	   0.0116 seconds
Time in Look-ahead update 	   0.0135 seconds
Time in Schur update 		   0.0757 seconds
.. Time to Gather L buffer	   0.0036  (Separate L panel by Lookahead/Remain)
.. Time to Gather U buffer	   0.0034 
.. Time in GEMM   0.0354 
	* Look-ahead	   0.0004 
	* Remain	   0.0351	Flops 3.1398e+09	Gflops  89.5165
.. Time to Scatter   0.0323 
	* Look-ahead	   0.0001 
	* Remain	   0.0322 
Total factorization time            	:   0.2237 seconds, 
--------
GEMM maximum block: 423-254-241

** Memory Usage **********************************
.. dQuerySpace: peak_buffer 25.24 (MB)
	(P0) serial symbolic::stage[0]: symb_memory 27.95, GA_mem_use 43.58
	(P0) serial distribution::stage[1]:symb_LU 24.48, dist_mem_use 114.33, num_mem_usage.for_lu 27.90
** Total highmark (MB):
    Sum-of-all :  1310.37 | Avg :   163.80  | Max :   168.71
    Max at rank 2, different stages (MB):
	. symbfact           71.53
	. distribution      166.71
	. numfact            53.13
** NUMfact space (MB): (sum-of-all-processes)
    L\U :          206.58 |  Total :   411.92
	. max at rank 2, max L+U memory (MB):    29.42
	. max at rank 6, peak buffer (MB):       26.36
**************************************************

** number of Tiny Pivots:        0

.. DiagScale = 3
**************************************************
**** Time (seconds) ****
	EQUIL time            0.005
	ROWPERM time          1.820
	COLPERM time          0.815
	SYMBFACT time         0.057
	DISTRIBUTE time       0.358
	FACTOR time           0.236
	Factor flops	5.483781e+09	Mflops 	23251.70
	SOLVE time            0.000
	REFINEMENT time       0.000	Steps       0

**************************************************
.. anorm 2.399552e+01
num_thread:     1
( 0) .. Step        0: berr[j] = 1.000000e+00
num_thread:     1
( 0) .. Step        1: berr[j] = 1.000000e+00
.. DiagScale = 3
	SOLVE time            0.017
	Solve flops	4.953252e+07	Mflops 	 2985.36
	REFINEMENT time       0.027	Steps       1

**************************************************
||Ax - b||_2 = 9.311469e+32
