	matrix dimension    100196
	nonzeros in A       544688
	nonzeros in L      7108471
	nonzeros in U      9339255
	nonzeros in L+U   16347530
	fill ratio            30.0
	nonzeros in LSUB   1879524

** Memory Usage **********************************
** Total highmark (MB):
    Sum-of-all :  1157.69 | Avg :   144.71  | Max :   156.05
    Max at rank 7, different stages (MB):
	. symbfact           22.56
	. distribution      141.90
	. numfact            51.20
** NUMfact space (MB): (sum-of-all-processes)
    L\U :          145.97 |  Total :   428.94
	. max at rank 7, max L+U memory (MB):    26.61
	. max at rank 5, peak buffer (MB):       37.02
**************************************************

** number of Tiny Pivots:     9723

**************************************************
**** Time (seconds) ****
	EQUIL time            0.023
	ROWPERM time          0.356
	COLPERM time          0.849
	SYMBFACT time         0.132
	DISTRIBUTE time       0.443
	FACTOR time           1.919
	Factor flops	4.061236e+09	Mflops 	 2116.58
	SOLVE time            0.000
	REFINEMENT time       0.000	Steps       0

**************************************************
	SOLVE time            0.128
	Solve flops	3.269506e+07	Mflops 	  256.41
	REFINEMENT time       0.136	Steps       1

**************************************************
||Ax - b||_2 = 1.759149e+32
