	matrix dimension       441
	nonzeros in A        26839
	nonzeros in L        21959
	nonzeros in U        21959
	nonzeros in L+U      43477
	fill ratio             1.6
	nonzeros in LSUB      7410

** Memory Usage **********************************
** Total highmark (MB):
    Sum-of-all :    32.87 | Avg :     8.22  | Max :     8.27
    Max at rank 3, different stages (MB):
	. symbfact            0.17
	. distribution        0.61
	. numfact             8.21
** NUMfact space (MB): (sum-of-all-processes)
    L\U :            0.36 |  Total :    32.87
	. max at rank 3, max L+U memory (MB):     0.14
	. max at rank 3, peak buffer (MB):        8.13
**************************************************

** number of Tiny Pivots:        0

**************************************************
**** Time (seconds) ****
	EQUIL time            0.000
	COLPERM time          0.036
	SYMBFACT time         0.000
	DISTRIBUTE time       0.001
	FACTOR time           0.003
	Factor flops	2.349258e+06	Mflops 	  728.74
	SOLVE time            0.000
**************************************************
	SOLVE time            0.000
	Solve flops	8.695400e+04	Mflops 	  504.87
**************************************************
****************************************************************************************************************************************************************
***                                WIDEN YOUR WINDOW TO 160 CHARACTERS.  Use 'enscript -r -fCourier9' to print this document                                 ***
****************************************************************************************************************************************************************

------------------------------------------------------------------ PETSc Performance Summary: ------------------------------------------------------------------

../scripts/experiment on a arch-linux-c-opt named HP-Pavilion-Gaming-Laptop-15-ec0xxx with 4 processes, by alexandr on Tue Sep 30 00:06:32 2025
Using PETSc Release Version 3.23.6, unknown

                         Max       Max/Min     Avg       Total
Time (sec):           5.825e-02     1.000   5.824e-02
Objects:              0.000e+00     0.000   0.000e+00
Flops:                1.402e+04     1.156   1.331e+04  5.324e+04
Flops/sec:            2.407e+05     1.156   2.285e+05  9.140e+05
MPI Msg Count:        1.200e+01     1.333   1.050e+01  4.200e+01
MPI Msg Len (bytes):  1.258e+05     2.963   6.083e+03  2.555e+05
MPI Reductions:       4.200e+01     1.000

Flop counting convention: 1 flop = 1 real number operation of type (multiply/divide/add/subtract)
                            e.g., VecAXPY() for real vectors of length N --> 2N flops
                            and VecAXPY() for complex vectors of length N --> 8N flops

Summary of Stages:   ----- Time ------  ----- Flop ------  --- Messages ---  -- Message Lengths --  -- Reductions --
                        Avg     %Total     Avg     %Total    Count   %Total     Avg         %Total    Count   %Total
 0:      Main Stage: 7.8222e-03  13.4%  5.3237e+04 100.0%  4.200e+01 100.0%  6.083e+03      100.0%  2.500e+01  59.5%
 2:   Factorization: 4.9991e-02  85.8%  0.0000e+00   0.0%  0.000e+00   0.0%  0.000e+00        0.0%  0.000e+00   0.0%
 3:           Solve: 4.2004e-04   0.7%  0.0000e+00   0.0%  0.000e+00   0.0%  0.000e+00        0.0%  0.000e+00   0.0%

------------------------------------------------------------------------------------------------------------------------
See the 'Profiling' chapter of the users' manual for details on interpreting output.
Phase summary info:
   Count: number of times phase was executed
   Time and Flop: Max - maximum over all processors
                  Ratio - ratio of maximum to minimum over all processors
   Mess: number of messages sent
   AvgLen: average message length (bytes)
   Reduct: number of global reductions
   Global: entire computation
   Stage: stages of a computation. Set stages with PetscLogStagePush() and PetscLogStagePop().
      %T - percent time in this phase         %F - percent flop in this phase
      %M - percent messages in this phase     %L - percent message lengths in this phase
      %R - percent reductions in this phase
   Total Mflop/s: 1e-6 * (sum of flop over all processors)/(max time over all processors)
------------------------------------------------------------------------------------------------------------------------
Event                Count      Time (sec)     Flop                              --- Global ---  --- Stage ----  Total
                   Max Ratio  Max     Ratio   Max  Ratio  Mess   AvgLen  Reduct  %T %F %M %L %R  %T %F %M %L %R Mflop/s
------------------------------------------------------------------------------------------------------------------------

--- Event Stage 0: Main Stage

BuildTwoSided          2 1.0 1.6266e-04 3.5 0.00e+00 0.0 8.0e+00 4.0e+00 0.0e+00  0  0 19  0  0   2  0 19  0  0     0
BuildTwoSidedF         1 1.0 2.2908e-05 1.4 0.00e+00 0.0 0.0e+00 0.0e+00 0.0e+00  0  0  0  0  0   0  0  0  0  0     0
MatMult                1 1.0 3.2692e-03 1.0 1.40e+04 1.2 8.0e+00 4.6e+02 0.0e+00  6 100 19  1  0  41 100 19  1  0    16
MatAssemblyBegin       1 1.0 4.7490e-06 2.4 0.00e+00 0.0 0.0e+00 0.0e+00 0.0e+00  0  0  0  0  0   0  0  0  0  0     0
MatAssemblyEnd         1 1.0 1.1022e-03 1.3 0.00e+00 0.0 1.6e+01 1.2e+02 1.0e+00  2  0 38  1  2  13  0 38  1  4     0
MatLoad                1 1.0 2.5434e-03 1.1 0.00e+00 0.0 3.4e+01 7.4e+03 1.7e+01  4  0 81 99 40  32  0 81 99 68     0
VecSet                 1 1.0 4.6790e-06 1.1 0.00e+00 0.0 0.0e+00 0.0e+00 0.0e+00  0  0  0  0  0   0  0  0  0  0     0
VecAssemblyBegin       1 1.0 3.4781e-05 1.2 0.00e+00 0.0 0.0e+00 0.0e+00 0.0e+00  0  0  0  0  0   0  0  0  0  0     0
VecAssemblyEnd         1 1.0 4.8190e-06 1.0 0.00e+00 0.0 0.0e+00 0.0e+00 0.0e+00  0  0  0  0  0   0  0  0  0  0     0
VecScatterBegin        1 1.0 3.1929e-03 82.4 0.00e+00 0.0 8.0e+00 4.6e+02 0.0e+00  1  0 19  1  0  11  0 19  1  0     0
VecScatterEnd          1 1.0 3.1557e-03 162.5 0.00e+00 0.0 0.0e+00 0.0e+00 0.0e+00  4  0  0  0  0  30  0  0  0  0     0
SFSetGraph             1 1.0 1.0476e-05 2.0 0.00e+00 0.0 0.0e+00 0.0e+00 0.0e+00  0  0  0  0  0   0  0  0  0  0     0
SFSetUp                1 1.0 2.0086e-04 2.0 0.00e+00 0.0 1.6e+01 1.2e+02 0.0e+00  0  0 38  1  0   2  0 38  1  0     0
SFPack                 1 1.0 4.6790e-06 3.2 0.00e+00 0.0 0.0e+00 0.0e+00 0.0e+00  0  0  0  0  0   0  0  0  0  0     0
SFUnpack               1 1.0 3.3530e-06 1.8 0.00e+00 0.0 0.0e+00 0.0e+00 0.0e+00  0  0  0  0  0   0  0  0  0  0     0

--- Event Stage 2: Factorization

MatLUFactor            1 1.0 4.7480e-02 1.0 0.00e+00 0.0 0.0e+00 0.0e+00 0.0e+00 81  0  0  0  0  95  0  0  0  0     0
MatAssemblyBegin       1 1.0 1.9550e-06 1.0 0.00e+00 0.0 0.0e+00 0.0e+00 0.0e+00  0  0  0  0  0   0  0  0  0  0     0
MatAssemblyEnd         1 1.0 1.0895e-05 1.2 0.00e+00 0.0 0.0e+00 0.0e+00 0.0e+00  0  0  0  0  0   0  0  0  0  0     0
MatGetRowIJ            1 1.0 2.4450e-06 1.2 0.00e+00 0.0 0.0e+00 0.0e+00 0.0e+00  0  0  0  0  0   0  0  0  0  0     0
MatGetLocalMat         1 1.0 1.4408e-04 1.1 0.00e+00 0.0 0.0e+00 0.0e+00 0.0e+00  0  0  0  0  0   0  0  0  0  0     0
KSPSetUp               1 1.0 4.3300e-06 2.3 0.00e+00 0.0 0.0e+00 0.0e+00 0.0e+00  0  0  0  0  0   0  0  0  0  0     0
PCSetUp                1 1.0 4.9819e-02 1.0 0.00e+00 0.0 0.0e+00 0.0e+00 0.0e+00 86  0  0  0  0 100  0  0  0  0     0

--- Event Stage 3: Solve

MatSolve               1 1.0 2.9054e-04 1.2 0.00e+00 0.0 0.0e+00 0.0e+00 0.0e+00  0  0  0  0  0  64  0  0  0  0     0
VecCopy                1 1.0 4.6100e-06 1.4 0.00e+00 0.0 0.0e+00 0.0e+00 0.0e+00  0  0  0  0  0   1  0  0  0  0     0
KSPSolve               1 1.0 4.0061e-04 1.4 0.00e+00 0.0 0.0e+00 0.0e+00 0.0e+00  1  0  0  0  0  89  0  0  0  0     0
PCApply                1 1.0 3.3356e-04 1.4 0.00e+00 0.0 0.0e+00 0.0e+00 0.0e+00  1  0  0  0  0  72  0  0  0  0     0
------------------------------------------------------------------------------------------------------------------------

Object Type          Creations   Destructions. Reports information only for process 0.

--- Event Stage 0: Main Stage

              Viewer     1              1
              Matrix     4              4
              Vector     5              5
           Index Set     2              2
   Star Forest Graph     1              1
       Krylov Solver     1              1
      Preconditioner     1              1

--- Event Stage 1: Reorder


--- Event Stage 2: Factorization

              Matrix     1              1

--- Event Stage 3: Solve

========================================================================================================================
Average time to get PetscTime(): 1.5155e-06
Average time for MPI_Barrier(): 2.221e-06
Average time for zero size MPI_Send(): 1.554e-06
#PETSc Option Table entries:
-log_view # (source: command line)
-mat_file ../matrices/bin/01_s_ex2.bin # (source: command line)
-mat_solver_type superlu_dist # (source: command line)
-mat_superlu_dist_colperm PARMETIS # (source: command line)
-mat_superlu_dist_printstat # (source: command line)
-mat_superlu_dist_rowperm NOROWPERM # (source: command line)
-matload_block_size 1 # (source: file)
-pc_type lu # (source: command line)
#End of PETSc Option Table entries
Compiled without FORTRAN kernels
Compiled with full precision matrices (default)
sizeof(short) 2 sizeof(int) 4 sizeof(long) 8 sizeof(void*) 8 sizeof(PetscScalar) 8 sizeof(PetscInt) 4
Configure options: --with-cc=gcc --with-cxx=g++ --with-fc=gfortran --with-debugging=0 --with-shared-libraries=1 --with-64-bit-indices=0 --download-mpich --download-netlib-lapack --with-netlib-lapack-c-bindings --download-scalapack --download-suitesparse --download-metis --download-parmetis --download-ptscotch --download-superlu --download-superlu_dist --download-mumps --download-pastix --download-hypre --download-hdf5 --download-zlib --download-hwloc --download-bison
-----------------------------------------
Libraries compiled on 2025-09-21 15:24:35 on HP-Pavilion-Gaming-Laptop-15-ec0xxx
Machine characteristics: Linux-6.8.0-83-generic-x86_64-with-glibc2.39
Using PETSc directory: /home/alexandr/Plocha/bsc_thesis/numerical_experiments/petsc
Using PETSc arch: arch-linux-c-opt
-----------------------------------------

Using C compiler: /home/alexandr/Plocha/bsc_thesis/numerical_experiments/petsc/arch-linux-c-opt/bin/mpicc  -Wall -Wwrite-strings -Wno-unknown-pragmas -Wno-lto-type-mismatch -Wno-stringop-overflow -fstack-protector -fvisibility=hidden -g -O 
Using Fortran compiler: /home/alexandr/Plocha/bsc_thesis/numerical_experiments/petsc/arch-linux-c-opt/bin/mpif90  -Wall -ffree-line-length-none -ffree-line-length-0 -Wno-lto-type-mismatch -Wno-unused-dummy-argument -g -O  
-----------------------------------------

Using include paths: -I/home/alexandr/Plocha/bsc_thesis/numerical_experiments/petsc/include -I/home/alexandr/Plocha/bsc_thesis/numerical_experiments/petsc/arch-linux-c-opt/include -I/home/alexandr/Plocha/bsc_thesis/numerical_experiments/petsc/arch-linux-c-opt/include/suitesparse
-----------------------------------------

Using C linker: /home/alexandr/Plocha/bsc_thesis/numerical_experiments/petsc/arch-linux-c-opt/bin/mpicc
Using Fortran linker: /home/alexandr/Plocha/bsc_thesis/numerical_experiments/petsc/arch-linux-c-opt/bin/mpif90
Using libraries: -Wl,-rpath,/home/alexandr/Plocha/bsc_thesis/numerical_experiments/petsc/arch-linux-c-opt/lib -L/home/alexandr/Plocha/bsc_thesis/numerical_experiments/petsc/arch-linux-c-opt/lib -lpetsc -Wl,-rpath,/home/alexandr/Plocha/bsc_thesis/numerical_experiments/petsc/arch-linux-c-opt/lib -L/home/alexandr/Plocha/bsc_thesis/numerical_experiments/petsc/arch-linux-c-opt/lib -Wl,-rpath,/usr/lib/gcc/x86_64-linux-gnu/13 -L/usr/lib/gcc/x86_64-linux-gnu/13 -lHYPRE -lspqr -lumfpack -lklu -lcholmod -lamd -lsuperlu_dist -ldmumps -lmumps_common -lpord -lpthread -lscalapack -lpastix -lsuperlu -llapacke -llapack -lcblas -lblas -lptesmumps -lptscotchparmetisv3 -lptscotch -lptscotcherr -lesmumps -lscotch -lscotcherr -llapacke -lcblas -llapack -lblas -lparmetis -lmetis -lhdf5_hl -lhdf5 -lm -lz -lhwloc -lX11 -lmpifort -lmpi -lgfortran -lm -lgfortran -lm -lgcc_s -lquadmath -lstdc++
-----------------------------------------

