****************************************************************************************************************************************************************
***                                WIDEN YOUR WINDOW TO 160 CHARACTERS.  Use 'enscript -r -fCourier9' to print this document                                 ***
****************************************************************************************************************************************************************

------------------------------------------------------------------ PETSc Performance Summary: ------------------------------------------------------------------

../scripts/experiment on a arch-linux-c-opt named HP-Pavilion-Gaming-Laptop-15-ec0xxx with 4 processes, by alexandr on Sun Sep 28 22:39:01 2025
Using PETSc Release Version 3.23.6, unknown

                         Max       Max/Min     Avg       Total
Time (sec):           3.050e-01     1.001   3.049e-01
Objects:              0.000e+00     0.000   0.000e+00
Flops:                3.122e+04     1.497   2.779e+04  1.112e+05
Flops/sec:            1.024e+05     1.497   9.117e+04  3.647e+05
MPI Msg Count:        2.900e+01     1.261   2.450e+01  9.800e+01
MPI Msg Len (bytes):  3.223e+05     2.481   7.369e+03  7.221e+05
MPI Reductions:       4.700e+01     1.000

Flop counting convention: 1 flop = 1 real number operation of type (multiply/divide/add/subtract)
                            e.g., VecAXPY() for real vectors of length N --> 2N flops
                            and VecAXPY() for complex vectors of length N --> 8N flops

Summary of Stages:   ----- Time ------  ----- Flop ------  --- Messages ---  -- Message Lengths --  -- Reductions --
                        Avg     %Total     Avg     %Total    Count   %Total     Avg         %Total    Count   %Total
 0:      Main Stage: 1.0123e-02   3.3%  1.1117e+05 100.0%  4.800e+01  49.0%  1.343e+04       89.3%  2.500e+01  53.2%
 1:         Reorder: 3.6247e-03   1.2%  0.0000e+00   0.0%  5.000e+01  51.0%  1.546e+03       10.7%  5.000e+00  10.6%
 2:   Factorization: 2.8255e-01  92.7%  0.0000e+00   0.0%  0.000e+00   0.0%  0.000e+00        0.0%  0.000e+00   0.0%
 3:           Solve: 8.5498e-03   2.8%  0.0000e+00   0.0%  0.000e+00   0.0%  0.000e+00        0.0%  0.000e+00   0.0%

------------------------------------------------------------------------------------------------------------------------
See the 'Profiling' chapter of the users' manual for details on interpreting output.
Phase summary info:
   Count: number of times phase was executed
   Time and Flop: Max - maximum over all processors
                  Ratio - ratio of maximum to minimum over all processors
   Mess: number of messages sent
   AvgLen: average message length (bytes)
   Reduct: number of global reductions
   Global: entire computation
   Stage: stages of a computation. Set stages with PetscLogStagePush() and PetscLogStagePop().
      %T - percent time in this phase         %F - percent flop in this phase
      %M - percent messages in this phase     %L - percent message lengths in this phase
      %R - percent reductions in this phase
   Total Mflop/s: 1e-6 * (sum of flop over all processors)/(max time over all processors)
------------------------------------------------------------------------------------------------------------------------
Event                Count      Time (sec)     Flop                              --- Global ---  --- Stage ----  Total
                   Max Ratio  Max     Ratio   Max  Ratio  Mess   AvgLen  Reduct  %T %F %M %L %R  %T %F %M %L %R Mflop/s
------------------------------------------------------------------------------------------------------------------------

--- Event Stage 0: Main Stage

BuildTwoSided          2 1.0 6.8788e-05 1.3 0.00e+00 0.0 1.0e+01 4.0e+00 0.0e+00  0  0 10  0  0   1  0 21  0  0     0
BuildTwoSidedF         1 1.0 2.0959e-05 2.6 0.00e+00 0.0 0.0e+00 0.0e+00 0.0e+00  0  0  0  0  0   0  0  0  0  0     0
MatMult                1 1.0 3.8725e-03 1.2 3.12e+04 1.5 1.0e+01 5.1e+03 0.0e+00  1 100 10  7  0  37 100 21  8  0    29
MatAssemblyBegin       1 1.0 8.6100e-07 2.3 0.00e+00 0.0 0.0e+00 0.0e+00 0.0e+00  0  0  0  0  0   0  0  0  0  0     0
MatAssemblyEnd         1 1.0 1.3095e-03 1.3 0.00e+00 0.0 2.0e+01 1.3e+03 1.0e+00  0  0 20  4  2  11  0 42  4  4     0
MatLoad                1 1.0 3.8540e-03 1.0 0.00e+00 0.0 3.8e+01 1.6e+04 1.7e+01  1  0 39 82 36  38  0 79 92 68     0
VecSet                 1 1.0 3.9780e-06 1.2 0.00e+00 0.0 0.0e+00 0.0e+00 0.0e+00  0  0  0  0  0   0  0  0  0  0     0
VecAssemblyBegin       1 1.0 2.9065e-05 1.5 0.00e+00 0.0 0.0e+00 0.0e+00 0.0e+00  0  0  0  0  0   0  0  0  0  0     0
VecAssemblyEnd         1 1.0 1.9930e-06 1.1 0.00e+00 0.0 0.0e+00 0.0e+00 0.0e+00  0  0  0  0  0   0  0  0  0  0     0
VecScatterBegin        1 1.0 3.8118e-03 1.2 0.00e+00 0.0 1.0e+01 5.1e+03 0.0e+00  1  0 10  7  0  33  0 21  8  0     0
VecScatterEnd          1 1.0 5.8296e-04 28.6 0.00e+00 0.0 0.0e+00 0.0e+00 0.0e+00  0  0  0  0  0   3  0  0  0  0     0
SFSetGraph             1 1.0 3.9193e-05 1.8 0.00e+00 0.0 0.0e+00 0.0e+00 0.0e+00  0  0  0  0  0   0  0  0  0  0     0
SFSetUp                1 1.0 1.3081e-04 1.2 0.00e+00 0.0 2.0e+01 1.3e+03 0.0e+00  0  0 20  4  0   1  0 42  4  0     0
SFPack                 1 1.0 9.6580e-06 5.7 0.00e+00 0.0 0.0e+00 0.0e+00 0.0e+00  0  0  0  0  0   0  0  0  0  0     0
SFUnpack               1 1.0 8.1200e-07 4.5 0.00e+00 0.0 0.0e+00 0.0e+00 0.0e+00  0  0  0  0  0   0  0  0  0  0     0

--- Event Stage 1: Reorder

BuildTwoSided          5 1.0 5.9155e-04 3.7 0.00e+00 0.0 2.0e+01 4.0e+00 0.0e+00  0  0 20  0  0  12  0 40  0  0     0
BuildTwoSidedF         1 1.0 2.0579e-04 10.7 0.00e+00 0.0 0.0e+00 0.0e+00 0.0e+00  0  0  0  0  0   3  0  0  0  0     0
MatAssemblyBegin       1 1.0 2.3594e-04 6.3 0.00e+00 0.0 0.0e+00 0.0e+00 0.0e+00  0  0  0  0  0   4  0  0  0  0     0
MatAssemblyEnd         1 1.0 1.1500e-03 1.0 0.00e+00 0.0 2.0e+01 1.3e+03 1.0e+00  0  0 20  4  2  32  0 40 33 20     0
MatSetValues        2013 1.2 7.6520e-04 1.3 0.00e+00 0.0 0.0e+00 0.0e+00 0.0e+00  0  0  0  0  0  19  0  0  0  0     0
MatGetRowIJ            3 1.0 1.5820e-06 2.0 0.00e+00 0.0 0.0e+00 0.0e+00 0.0e+00  0  0  0  0  0   0  0  0  0  0     0
MatGetOrdering         1 1.0 1.0864e-04 2.6 0.00e+00 0.0 0.0e+00 0.0e+00 0.0e+00  0  0  0  0  0   2  0  0  0  0     0
VecCopy                1 1.0 4.1670e-06 1.3 0.00e+00 0.0 0.0e+00 0.0e+00 0.0e+00  0  0  0  0  0   0  0  0  0  0     0
SFSetGraph             4 1.0 8.6752e-05 4.0 0.00e+00 0.0 0.0e+00 0.0e+00 0.0e+00  0  0  0  0  0   1  0  0  0  0     0
SFSetUp                4 1.0 6.1761e-04 1.4 0.00e+00 0.0 4.0e+01 1.3e+03 0.0e+00  0  0 41  7  0  16  0 80 67  0     0
SFBcastBegin           3 1.0 1.4628e-05 1.1 0.00e+00 0.0 1.0e+01 2.6e+03 0.0e+00  0  0 10  4  0   0  0 20 33  0     0
SFBcastEnd             3 1.0 6.5730e-06 1.9 0.00e+00 0.0 0.0e+00 0.0e+00 0.0e+00  0  0  0  0  0   0  0  0  0  0     0
SFReduceBegin          2 1.0 2.5288e-05 2.3 0.00e+00 0.0 0.0e+00 0.0e+00 0.0e+00  0  0  0  0  0   0  0  0  0  0     0
SFReduceEnd            2 1.0 1.9130e-06 1.7 0.00e+00 0.0 0.0e+00 0.0e+00 0.0e+00  0  0  0  0  0   0  0  0  0  0     0
SFPack                 5 1.0 5.0200e-06 2.2 0.00e+00 0.0 0.0e+00 0.0e+00 0.0e+00  0  0  0  0  0   0  0  0  0  0     0
SFUnpack               5 1.0 1.5630e-06 2.4 0.00e+00 0.0 0.0e+00 0.0e+00 0.0e+00  0  0  0  0  0   0  0  0  0  0     0

--- Event Stage 2: Factorization

MatLUFactor            1 1.0 2.8068e-01 1.0 0.00e+00 0.0 0.0e+00 0.0e+00 0.0e+00 92  0  0  0  0  99  0  0  0  0     0
MatAssemblyBegin       1 1.0 6.9100e-07 1.5 0.00e+00 0.0 0.0e+00 0.0e+00 0.0e+00  0  0  0  0  0   0  0  0  0  0     0
MatAssemblyEnd         1 1.0 5.9952e-05 1.2 0.00e+00 0.0 0.0e+00 0.0e+00 0.0e+00  0  0  0  0  0   0  0  0  0  0     0
MatGetRowIJ            1 1.0 4.2100e-07 1.5 0.00e+00 0.0 0.0e+00 0.0e+00 0.0e+00  0  0  0  0  0   0  0  0  0  0     0
MatGetLocalMat         1 1.0 4.0706e-04 1.4 0.00e+00 0.0 0.0e+00 0.0e+00 0.0e+00  0  0  0  0  0   0  0  0  0  0     0
KSPSetUp               1 1.0 1.5530e-06 2.0 0.00e+00 0.0 0.0e+00 0.0e+00 0.0e+00  0  0  0  0  0   0  0  0  0  0     0
PCSetUp                1 1.0 2.8273e-01 1.0 0.00e+00 0.0 0.0e+00 0.0e+00 0.0e+00 93  0  0  0  0 100  0  0  0  0     0

--- Event Stage 3: Solve

MatSolve               1 1.0 8.7518e-03 1.1 0.00e+00 0.0 0.0e+00 0.0e+00 0.0e+00  3  0  0  0  0  99  0  0  0  0     0
VecCopy                1 1.0 4.2980e-06 1.3 0.00e+00 0.0 0.0e+00 0.0e+00 0.0e+00  0  0  0  0  0   0  0  0  0  0     0
KSPSolve               1 1.0 8.8417e-03 1.1 0.00e+00 0.0 0.0e+00 0.0e+00 0.0e+00  3  0  0  0  0 100  0  0  0  0     0
PCApply                1 1.0 8.7565e-03 1.1 0.00e+00 0.0 0.0e+00 0.0e+00 0.0e+00  3  0  0  0  0  99  0  0  0  0     0
------------------------------------------------------------------------------------------------------------------------

Object Type          Creations   Destructions. Reports information only for process 0.

--- Event Stage 0: Main Stage

              Viewer     1              1
              Matrix     4              7
              Vector     5              7
           Index Set     2              3
   Star Forest Graph     1              2
       Krylov Solver     1              1
      Preconditioner     1              1

--- Event Stage 1: Reorder

              Matrix     3              0
              Vector     3              1
           Index Set     8              7
   Star Forest Graph     4              3

--- Event Stage 2: Factorization

              Matrix     1              1

--- Event Stage 3: Solve

========================================================================================================================
Average time to get PetscTime(): 3.71e-08
Average time for MPI_Barrier(): 3.2882e-06
Average time for zero size MPI_Send(): 2.26675e-06
#PETSc Option Table entries:
-log_view # (source: command line)
-mat_file ../matrices/bin/06_u_bayer03.bin # (source: command line)
-mat_ordering_type natural # (source: command line)
-mat_solver_type superlu_dist # (source: command line)
-mat_superlu_dist_parsymb true # (source: command line)
-matload_block_size 1 # (source: file)
-own_reordering true # (source: command line)
-pc_type lu # (source: command line)
#End of PETSc Option Table entries
Compiled without FORTRAN kernels
Compiled with full precision matrices (default)
sizeof(short) 2 sizeof(int) 4 sizeof(long) 8 sizeof(void*) 8 sizeof(PetscScalar) 8 sizeof(PetscInt) 4
Configure options: --with-cc=gcc --with-cxx=g++ --with-fc=gfortran --with-debugging=0 --with-shared-libraries=1 --with-64-bit-indices=0 --download-mpich --download-netlib-lapack --with-netlib-lapack-c-bindings --download-scalapack --download-suitesparse --download-metis --download-parmetis --download-ptscotch --download-superlu --download-superlu_dist --download-mumps --download-pastix --download-hypre --download-hdf5 --download-zlib --download-hwloc --download-bison
-----------------------------------------
Libraries compiled on 2025-09-21 15:24:35 on HP-Pavilion-Gaming-Laptop-15-ec0xxx
Machine characteristics: Linux-6.8.0-83-generic-x86_64-with-glibc2.39
Using PETSc directory: /home/alexandr/Plocha/bsc_thesis/numerical_experiments/petsc
Using PETSc arch: arch-linux-c-opt
-----------------------------------------

Using C compiler: /home/alexandr/Plocha/bsc_thesis/numerical_experiments/petsc/arch-linux-c-opt/bin/mpicc  -Wall -Wwrite-strings -Wno-unknown-pragmas -Wno-lto-type-mismatch -Wno-stringop-overflow -fstack-protector -fvisibility=hidden -g -O 
Using Fortran compiler: /home/alexandr/Plocha/bsc_thesis/numerical_experiments/petsc/arch-linux-c-opt/bin/mpif90  -Wall -ffree-line-length-none -ffree-line-length-0 -Wno-lto-type-mismatch -Wno-unused-dummy-argument -g -O  
-----------------------------------------

Using include paths: -I/home/alexandr/Plocha/bsc_thesis/numerical_experiments/petsc/include -I/home/alexandr/Plocha/bsc_thesis/numerical_experiments/petsc/arch-linux-c-opt/include -I/home/alexandr/Plocha/bsc_thesis/numerical_experiments/petsc/arch-linux-c-opt/include/suitesparse
-----------------------------------------

Using C linker: /home/alexandr/Plocha/bsc_thesis/numerical_experiments/petsc/arch-linux-c-opt/bin/mpicc
Using Fortran linker: /home/alexandr/Plocha/bsc_thesis/numerical_experiments/petsc/arch-linux-c-opt/bin/mpif90
Using libraries: -Wl,-rpath,/home/alexandr/Plocha/bsc_thesis/numerical_experiments/petsc/arch-linux-c-opt/lib -L/home/alexandr/Plocha/bsc_thesis/numerical_experiments/petsc/arch-linux-c-opt/lib -lpetsc -Wl,-rpath,/home/alexandr/Plocha/bsc_thesis/numerical_experiments/petsc/arch-linux-c-opt/lib -L/home/alexandr/Plocha/bsc_thesis/numerical_experiments/petsc/arch-linux-c-opt/lib -Wl,-rpath,/usr/lib/gcc/x86_64-linux-gnu/13 -L/usr/lib/gcc/x86_64-linux-gnu/13 -lHYPRE -lspqr -lumfpack -lklu -lcholmod -lamd -lsuperlu_dist -ldmumps -lmumps_common -lpord -lpthread -lscalapack -lpastix -lsuperlu -llapacke -llapack -lcblas -lblas -lptesmumps -lptscotchparmetisv3 -lptscotch -lptscotcherr -lesmumps -lscotch -lscotcherr -llapacke -lcblas -llapack -lblas -lparmetis -lmetis -lhdf5_hl -lhdf5 -lm -lz -lhwloc -lX11 -lmpifort -lmpi -lgfortran -lm -lgfortran -lm -lgcc_s -lquadmath -lstdc++
-----------------------------------------

WARNING! There are options you set that were not used!
WARNING! could be spelling mistake, etc!
There is one unused database option. It is:
Option left: name:-mat_superlu_dist_parsymb value: true source: command line
