****************************************************************************************************************************************************************
***                                WIDEN YOUR WINDOW TO 160 CHARACTERS.  Use 'enscript -r -fCourier9' to print this document                                 ***
****************************************************************************************************************************************************************

------------------------------------------------------------------ PETSc Performance Summary: ------------------------------------------------------------------

../scripts/experiment on a arch-linux-c-opt named HP-Pavilion-Gaming-Laptop-15-ec0xxx with 4 processes, by alexandr on Sun Sep 28 22:39:02 2025
Using PETSc Release Version 3.23.6, unknown

                         Max       Max/Min     Avg       Total
Time (sec):           5.856e-02     1.000   5.854e-02
Objects:              0.000e+00     0.000   0.000e+00
Flops:                3.340e+04     1.016   3.321e+04  1.329e+05
Flops/sec:            5.704e+05     1.015   5.673e+05  2.269e+06
MPI Msg Count:        1.900e+01     1.727   1.650e+01  6.600e+01
MPI Msg Len (bytes):  3.122e+05     3.003   9.482e+03  6.258e+05
MPI Reductions:       4.700e+01     1.000

Flop counting convention: 1 flop = 1 real number operation of type (multiply/divide/add/subtract)
                            e.g., VecAXPY() for real vectors of length N --> 2N flops
                            and VecAXPY() for complex vectors of length N --> 8N flops

Summary of Stages:   ----- Time ------  ----- Flop ------  --- Messages ---  -- Message Lengths --  -- Reductions --
                        Avg     %Total     Avg     %Total    Count   %Total     Avg         %Total    Count   %Total
 0:      Main Stage: 7.0030e-03  12.0%  1.3285e+05 100.0%  3.600e+01  54.5%  1.736e+04       99.8%  2.500e+01  53.2%
 1:         Reorder: 6.1012e-03  10.4%  0.0000e+00   0.0%  3.000e+01  45.5%  3.400e+01        0.2%  5.000e+00  10.6%
 2:   Factorization: 4.4442e-02  75.9%  0.0000e+00   0.0%  0.000e+00   0.0%  0.000e+00        0.0%  0.000e+00   0.0%
 3:           Solve: 9.9141e-04   1.7%  0.0000e+00   0.0%  0.000e+00   0.0%  0.000e+00        0.0%  0.000e+00   0.0%

------------------------------------------------------------------------------------------------------------------------
See the 'Profiling' chapter of the users' manual for details on interpreting output.
Phase summary info:
   Count: number of times phase was executed
   Time and Flop: Max - maximum over all processors
                  Ratio - ratio of maximum to minimum over all processors
   Mess: number of messages sent
   AvgLen: average message length (bytes)
   Reduct: number of global reductions
   Global: entire computation
   Stage: stages of a computation. Set stages with PetscLogStagePush() and PetscLogStagePop().
      %T - percent time in this phase         %F - percent flop in this phase
      %M - percent messages in this phase     %L - percent message lengths in this phase
      %R - percent reductions in this phase
   Total Mflop/s: 1e-6 * (sum of flop over all processors)/(max time over all processors)
------------------------------------------------------------------------------------------------------------------------
Event                Count      Time (sec)     Flop                              --- Global ---  --- Stage ----  Total
                   Max Ratio  Max     Ratio   Max  Ratio  Mess   AvgLen  Reduct  %T %F %M %L %R  %T %F %M %L %R Mflop/s
------------------------------------------------------------------------------------------------------------------------

--- Event Stage 0: Main Stage

BuildTwoSided          2 1.0 6.3450e-05 1.5 0.00e+00 0.0 6.0e+00 4.0e+00 0.0e+00  0  0  9  0  0   1  0 17  0  0     0
BuildTwoSidedF         1 1.0 1.7062e-05 1.3 0.00e+00 0.0 0.0e+00 0.0e+00 0.0e+00  0  0  0  0  0   0  0  0  0  0     0
MatMult                1 1.0 1.2303e-04 1.4 3.34e+04 1.0 6.0e+00 1.1e+02 0.0e+00  0 100  9  0  0   1 100 17  0  0  1080
MatAssemblyBegin       1 1.0 1.8130e-06 2.9 0.00e+00 0.0 0.0e+00 0.0e+00 0.0e+00  0  0  0  0  0   0  0  0  0  0     0
MatAssemblyEnd         1 1.0 9.7713e-04 1.7 0.00e+00 0.0 1.2e+01 2.9e+01 1.0e+00  1  0 18  0  2  12  0 33  0  4     0
MatLoad                1 1.0 4.4747e-03 1.0 0.00e+00 0.0 3.0e+01 2.1e+04 1.7e+01  8  0 45 100 36  64  0 83 100 68     0
VecSet                 1 1.0 3.8270e-06 1.2 0.00e+00 0.0 0.0e+00 0.0e+00 0.0e+00  0  0  0  0  0   0  0  0  0  0     0
VecAssemblyBegin       1 1.0 2.5528e-05 1.1 0.00e+00 0.0 0.0e+00 0.0e+00 0.0e+00  0  0  0  0  0   0  0  0  0  0     0
VecAssemblyEnd         1 1.0 3.3560e-06 1.3 0.00e+00 0.0 0.0e+00 0.0e+00 0.0e+00  0  0  0  0  0   0  0  0  0  0     0
VecScatterBegin        1 1.0 3.9494e-05 1.2 0.00e+00 0.0 6.0e+00 1.1e+02 0.0e+00  0  0  9  0  0   1  0 17  0  0     0
VecScatterEnd          1 1.0 9.0070e-06 1.9 0.00e+00 0.0 0.0e+00 0.0e+00 0.0e+00  0  0  0  0  0   0  0  0  0  0     0
SFSetGraph             1 1.0 3.2060e-06 1.5 0.00e+00 0.0 0.0e+00 0.0e+00 0.0e+00  0  0  0  0  0   0  0  0  0  0     0
SFSetUp                1 1.0 1.1876e-04 1.8 0.00e+00 0.0 1.2e+01 2.9e+01 0.0e+00  0  0 18  0  0   1  0 33  0  0     0
SFPack                 1 1.0 9.2200e-07 2.1 0.00e+00 0.0 0.0e+00 0.0e+00 0.0e+00  0  0  0  0  0   0  0  0  0  0     0
SFUnpack               1 1.0 7.1100e-07 4.7 0.00e+00 0.0 0.0e+00 0.0e+00 0.0e+00  0  0  0  0  0   0  0  0  0  0     0

--- Event Stage 1: Reorder

BuildTwoSided          5 1.0 9.6719e-04 13.4 0.00e+00 0.0 1.2e+01 4.0e+00 0.0e+00  1  0 18  0  0  10  0 40  5  0     0
BuildTwoSidedF         1 1.0 9.1669e-04 29.3 0.00e+00 0.0 0.0e+00 0.0e+00 0.0e+00  1  0  0  0  0   9  0  0  0  0     0
MatAssemblyBegin       1 1.0 9.4378e-04 17.7 0.00e+00 0.0 0.0e+00 0.0e+00 0.0e+00  1  0  0  0  0   9  0  0  0  0     0
MatAssemblyEnd         1 1.0 2.4875e-04 1.1 0.00e+00 0.0 1.2e+01 2.9e+01 1.0e+00  0  0 18  0  2   4  0 40 34 20     0
MatSetValues         827 1.0 1.2525e-03 2.1 0.00e+00 0.0 0.0e+00 0.0e+00 0.0e+00  1  0  0  0  0  14  0  0  0  0     0
MatGetRowIJ            3 1.0 1.9140e-06 1.5 0.00e+00 0.0 0.0e+00 0.0e+00 0.0e+00  0  0  0  0  0   0  0  0  0  0     0
MatGetOrdering         1 1.0 6.2998e-05 1.4 0.00e+00 0.0 0.0e+00 0.0e+00 0.0e+00  0  0  0  0  0   1  0  0  0  0     0
VecCopy                1 1.0 4.2780e-06 1.4 0.00e+00 0.0 0.0e+00 0.0e+00 0.0e+00  0  0  0  0  0   0  0  0  0  0     0
SFSetGraph             4 1.0 1.3796e-05 6.5 0.00e+00 0.0 0.0e+00 0.0e+00 0.0e+00  0  0  0  0  0   0  0  0  0  0     0
SFSetUp                4 1.0 1.3017e-04 1.3 0.00e+00 0.0 2.4e+01 2.9e+01 0.0e+00  0  0 36  0  0   2  0 80 68  0     0
SFBcastBegin           3 1.0 3.3416e-03 392.4 0.00e+00 0.0 6.0e+00 5.4e+01 0.0e+00  3  0  9  0  0  27  0 20 32  0     0
SFBcastEnd             3 1.0 3.3428e-03 459.0 0.00e+00 0.0 0.0e+00 0.0e+00 0.0e+00  3  0  0  0  0  27  0  0  0  0     0
SFReduceBegin          2 1.0 2.1420e-05 1.5 0.00e+00 0.0 0.0e+00 0.0e+00 0.0e+00  0  0  0  0  0   0  0  0  0  0     0
SFReduceEnd            2 1.0 1.8540e-06 1.7 0.00e+00 0.0 0.0e+00 0.0e+00 0.0e+00  0  0  0  0  0   0  0  0  0  0     0
SFPack                 5 1.0 1.2330e-06 1.6 0.00e+00 0.0 0.0e+00 0.0e+00 0.0e+00  0  0  0  0  0   0  0  0  0  0     0
SFUnpack               5 1.0 1.7530e-06 2.6 0.00e+00 0.0 0.0e+00 0.0e+00 0.0e+00  0  0  0  0  0   0  0  0  0  0     0

--- Event Stage 2: Factorization

MatLUFactor            1 1.0 4.1573e-02 1.0 0.00e+00 0.0 0.0e+00 0.0e+00 0.0e+00 71  0  0  0  0  94  0  0  0  0     0
MatAssemblyBegin       1 1.0 1.5530e-06 5.2 0.00e+00 0.0 0.0e+00 0.0e+00 0.0e+00  0  0  0  0  0   0  0  0  0  0     0
MatAssemblyEnd         1 1.0 4.5175e-05 1.5 0.00e+00 0.0 0.0e+00 0.0e+00 0.0e+00  0  0  0  0  0   0  0  0  0  0     0
MatGetRowIJ            1 1.0 4.6000e-07 2.3 0.00e+00 0.0 0.0e+00 0.0e+00 0.0e+00  0  0  0  0  0   0  0  0  0  0     0
MatGetLocalMat         1 1.0 4.1713e-04 1.3 0.00e+00 0.0 0.0e+00 0.0e+00 0.0e+00  1  0  0  0  0   1  0  0  0  0     0
KSPSetUp               1 1.0 2.4750e-06 1.7 0.00e+00 0.0 0.0e+00 0.0e+00 0.0e+00  0  0  0  0  0   0  0  0  0  0     0
PCSetUp                1 1.0 4.4304e-02 1.0 0.00e+00 0.0 0.0e+00 0.0e+00 0.0e+00 76  0  0  0  0 100  0  0  0  0     0

--- Event Stage 3: Solve

MatSolve               1 1.0 9.0313e-04 1.0 0.00e+00 0.0 0.0e+00 0.0e+00 0.0e+00  2  0  0  0  0  91  0  0  0  0     0
VecCopy                1 1.0 4.5080e-06 1.1 0.00e+00 0.0 0.0e+00 0.0e+00 0.0e+00  0  0  0  0  0   0  0  0  0  0     0
KSPSolve               1 1.0 9.6514e-04 1.0 0.00e+00 0.0 0.0e+00 0.0e+00 0.0e+00  2  0  0  0  0  97  0  0  0  0     0
PCApply                1 1.0 9.0734e-04 1.0 0.00e+00 0.0 0.0e+00 0.0e+00 0.0e+00  2  0  0  0  0  91  0  0  0  0     0
------------------------------------------------------------------------------------------------------------------------

Object Type          Creations   Destructions. Reports information only for process 0.

--- Event Stage 0: Main Stage

              Viewer     1              1
              Matrix     4              7
              Vector     5              7
           Index Set     2              3
   Star Forest Graph     1              2
       Krylov Solver     1              1
      Preconditioner     1              1

--- Event Stage 1: Reorder

              Matrix     3              0
              Vector     3              1
           Index Set     8              7
   Star Forest Graph     4              3

--- Event Stage 2: Factorization

              Matrix     1              1

--- Event Stage 3: Solve

========================================================================================================================
Average time to get PetscTime(): 3.7e-08
Average time for MPI_Barrier(): 2.0018e-06
Average time for zero size MPI_Send(): 1.8185e-06
#PETSc Option Table entries:
-log_view # (source: command line)
-mat_file ../matrices/bin/05_u_mhd3200a.bin # (source: command line)
-mat_ordering_type natural # (source: command line)
-mat_solver_type superlu_dist # (source: command line)
-mat_superlu_dist_parsymb true # (source: command line)
-matload_block_size 1 # (source: file)
-own_reordering true # (source: command line)
-pc_type lu # (source: command line)
#End of PETSc Option Table entries
Compiled without FORTRAN kernels
Compiled with full precision matrices (default)
sizeof(short) 2 sizeof(int) 4 sizeof(long) 8 sizeof(void*) 8 sizeof(PetscScalar) 8 sizeof(PetscInt) 4
Configure options: --with-cc=gcc --with-cxx=g++ --with-fc=gfortran --with-debugging=0 --with-shared-libraries=1 --with-64-bit-indices=0 --download-mpich --download-netlib-lapack --with-netlib-lapack-c-bindings --download-scalapack --download-suitesparse --download-metis --download-parmetis --download-ptscotch --download-superlu --download-superlu_dist --download-mumps --download-pastix --download-hypre --download-hdf5 --download-zlib --download-hwloc --download-bison
-----------------------------------------
Libraries compiled on 2025-09-21 15:24:35 on HP-Pavilion-Gaming-Laptop-15-ec0xxx
Machine characteristics: Linux-6.8.0-83-generic-x86_64-with-glibc2.39
Using PETSc directory: /home/alexandr/Plocha/bsc_thesis/numerical_experiments/petsc
Using PETSc arch: arch-linux-c-opt
-----------------------------------------

Using C compiler: /home/alexandr/Plocha/bsc_thesis/numerical_experiments/petsc/arch-linux-c-opt/bin/mpicc  -Wall -Wwrite-strings -Wno-unknown-pragmas -Wno-lto-type-mismatch -Wno-stringop-overflow -fstack-protector -fvisibility=hidden -g -O 
Using Fortran compiler: /home/alexandr/Plocha/bsc_thesis/numerical_experiments/petsc/arch-linux-c-opt/bin/mpif90  -Wall -ffree-line-length-none -ffree-line-length-0 -Wno-lto-type-mismatch -Wno-unused-dummy-argument -g -O  
-----------------------------------------

Using include paths: -I/home/alexandr/Plocha/bsc_thesis/numerical_experiments/petsc/include -I/home/alexandr/Plocha/bsc_thesis/numerical_experiments/petsc/arch-linux-c-opt/include -I/home/alexandr/Plocha/bsc_thesis/numerical_experiments/petsc/arch-linux-c-opt/include/suitesparse
-----------------------------------------

Using C linker: /home/alexandr/Plocha/bsc_thesis/numerical_experiments/petsc/arch-linux-c-opt/bin/mpicc
Using Fortran linker: /home/alexandr/Plocha/bsc_thesis/numerical_experiments/petsc/arch-linux-c-opt/bin/mpif90
Using libraries: -Wl,-rpath,/home/alexandr/Plocha/bsc_thesis/numerical_experiments/petsc/arch-linux-c-opt/lib -L/home/alexandr/Plocha/bsc_thesis/numerical_experiments/petsc/arch-linux-c-opt/lib -lpetsc -Wl,-rpath,/home/alexandr/Plocha/bsc_thesis/numerical_experiments/petsc/arch-linux-c-opt/lib -L/home/alexandr/Plocha/bsc_thesis/numerical_experiments/petsc/arch-linux-c-opt/lib -Wl,-rpath,/usr/lib/gcc/x86_64-linux-gnu/13 -L/usr/lib/gcc/x86_64-linux-gnu/13 -lHYPRE -lspqr -lumfpack -lklu -lcholmod -lamd -lsuperlu_dist -ldmumps -lmumps_common -lpord -lpthread -lscalapack -lpastix -lsuperlu -llapacke -llapack -lcblas -lblas -lptesmumps -lptscotchparmetisv3 -lptscotch -lptscotcherr -lesmumps -lscotch -lscotcherr -llapacke -lcblas -llapack -lblas -lparmetis -lmetis -lhdf5_hl -lhdf5 -lm -lz -lhwloc -lX11 -lmpifort -lmpi -lgfortran -lm -lgfortran -lm -lgcc_s -lquadmath -lstdc++
-----------------------------------------

WARNING! There are options you set that were not used!
WARNING! could be spelling mistake, etc!
There is one unused database option. It is:
Option left: name:-mat_superlu_dist_parsymb value: true source: command line
