	matrix dimension     14214
	nonzeros in A       259688
	nonzeros in L      1228617
	nonzeros in U      1231505
	nonzeros in L+U    2445908
	fill ratio             9.4
	nonzeros in LSUB    442650

** Memory Usage **********************************
** Total highmark (MB):
    Sum-of-all :    99.96 | Avg :    24.99  | Max :    26.68
    Max at rank 3, different stages (MB):
	. symbfact            3.91
	. distribution       24.19
	. numfact            15.99
** NUMfact space (MB): (sum-of-all-processes)
    L\U :           20.60 |  Total :    65.76
	. max at rank 3, max L+U memory (MB):     6.42
	. max at rank 3, peak buffer (MB):       11.35
**************************************************

** number of Tiny Pivots:        0

**************************************************
**** Time (seconds) ****
	EQUIL time            0.003
	COLPERM time          0.121
	SYMBFACT time         0.015
	DISTRIBUTE time       0.028
	FACTOR time           0.107
	Factor flops	2.844361e+08	Mflops 	 2654.39
	SOLVE time            0.000
**************************************************
	SOLVE time            0.006
	Solve flops	4.891816e+06	Mflops 	  753.73
**************************************************
****************************************************************************************************************************************************************
***                                WIDEN YOUR WINDOW TO 160 CHARACTERS.  Use 'enscript -r -fCourier9' to print this document                                 ***
****************************************************************************************************************************************************************

------------------------------------------------------------------ PETSc Performance Summary: ------------------------------------------------------------------

../scripts/experiment on a arch-linux-c-opt named HP-Pavilion-Gaming-Laptop-15-ec0xxx with 4 processes, by alexandr on Tue Sep 30 00:06:35 2025
Using PETSc Release Version 3.23.6, unknown

                         Max       Max/Min     Avg       Total
Time (sec):           3.463e-01     1.001   3.462e-01
Objects:              0.000e+00     0.000   0.000e+00
Flops:                1.302e+05     1.056   1.263e+05  5.052e+05
Flops/sec:            3.760e+05     1.056   3.648e+05  1.459e+06
MPI Msg Count:        1.200e+01     2.000   9.000e+00  3.600e+01
MPI Msg Len (bytes):  1.190e+06     3.037   6.637e+04  2.389e+06
MPI Reductions:       4.200e+01     1.000

Flop counting convention: 1 flop = 1 real number operation of type (multiply/divide/add/subtract)
                            e.g., VecAXPY() for real vectors of length N --> 2N flops
                            and VecAXPY() for complex vectors of length N --> 8N flops

Summary of Stages:   ----- Time ------  ----- Flop ------  --- Messages ---  -- Message Lengths --  -- Reductions --
                        Avg     %Total     Avg     %Total    Count   %Total     Avg         %Total    Count   %Total
 0:      Main Stage: 2.4326e-02   7.0%  5.0516e+05 100.0%  3.600e+01 100.0%  6.637e+04      100.0%  2.500e+01  59.5%
 2:   Factorization: 3.1383e-01  90.6%  0.0000e+00   0.0%  0.000e+00   0.0%  0.000e+00        0.0%  0.000e+00   0.0%
 3:           Solve: 8.0454e-03   2.3%  0.0000e+00   0.0%  0.000e+00   0.0%  0.000e+00        0.0%  0.000e+00   0.0%

------------------------------------------------------------------------------------------------------------------------
See the 'Profiling' chapter of the users' manual for details on interpreting output.
Phase summary info:
   Count: number of times phase was executed
   Time and Flop: Max - maximum over all processors
                  Ratio - ratio of maximum to minimum over all processors
   Mess: number of messages sent
   AvgLen: average message length (bytes)
   Reduct: number of global reductions
   Global: entire computation
   Stage: stages of a computation. Set stages with PetscLogStagePush() and PetscLogStagePop().
      %T - percent time in this phase         %F - percent flop in this phase
      %M - percent messages in this phase     %L - percent message lengths in this phase
      %R - percent reductions in this phase
   Total Mflop/s: 1e-6 * (sum of flop over all processors)/(max time over all processors)
------------------------------------------------------------------------------------------------------------------------
Event                Count      Time (sec)     Flop                              --- Global ---  --- Stage ----  Total
                   Max Ratio  Max     Ratio   Max  Ratio  Mess   AvgLen  Reduct  %T %F %M %L %R  %T %F %M %L %R Mflop/s
------------------------------------------------------------------------------------------------------------------------

--- Event Stage 0: Main Stage

BuildTwoSided          2 1.0 2.0345e-04 1.8 0.00e+00 0.0 6.0e+00 4.0e+00 0.0e+00  0  0 17  0  0   1  0 17  0  0     0
BuildTwoSidedF         1 1.0 1.7530e-05 1.1 0.00e+00 0.0 0.0e+00 0.0e+00 0.0e+00  0  0  0  0  0   0  0  0  0  0     0
MatMult                1 1.0 4.9022e-04 2.0 1.30e+05 1.1 6.0e+00 1.5e+03 0.0e+00  0 100 17  0  0   2 100 17  0  0  1030
MatAssemblyBegin       1 1.0 8.6600e-06 4.4 0.00e+00 0.0 0.0e+00 0.0e+00 0.0e+00  0  0  0  0  0   0  0  0  0  0     0
MatAssemblyEnd         1 1.0 1.4237e-03 1.5 0.00e+00 0.0 1.2e+01 3.8e+02 1.0e+00  0  0 33  0  2   5  0 33  0  4     0
MatLoad                1 1.0 2.1217e-02 1.0 0.00e+00 0.0 3.0e+01 7.9e+04 1.7e+01  6  0 83 100 40  86  0 83 100 68     0
VecSet                 1 1.0 8.5910e-06 1.4 0.00e+00 0.0 0.0e+00 0.0e+00 0.0e+00  0  0  0  0  0   0  0  0  0  0     0
VecAssemblyBegin       1 1.0 3.1988e-05 1.3 0.00e+00 0.0 0.0e+00 0.0e+00 0.0e+00  0  0  0  0  0   0  0  0  0  0     0
VecAssemblyEnd         1 1.0 4.3300e-06 1.0 0.00e+00 0.0 0.0e+00 0.0e+00 0.0e+00  0  0  0  0  0   0  0  0  0  0     0
VecScatterBegin        1 1.0 5.2591e-05 1.1 0.00e+00 0.0 6.0e+00 1.5e+03 0.0e+00  0  0 17  0  0   0  0 17  0  0     0
VecScatterEnd          1 1.0 1.8187e-04 9.6 0.00e+00 0.0 0.0e+00 0.0e+00 0.0e+00  0  0  0  0  0   0  0  0  0  0     0
SFSetGraph             1 1.0 4.6514e-05 8.2 0.00e+00 0.0 0.0e+00 0.0e+00 0.0e+00  0  0  0  0  0   0  0  0  0  0     0
SFSetUp                1 1.0 3.0877e-04 1.4 0.00e+00 0.0 1.2e+01 3.8e+02 0.0e+00  0  0 33  0  0   1  0 33  0  0     0
SFPack                 1 1.0 4.6790e-06 2.0 0.00e+00 0.0 0.0e+00 0.0e+00 0.0e+00  0  0  0  0  0   0  0  0  0  0     0
SFUnpack               1 1.0 1.9560e-06 1.4 0.00e+00 0.0 0.0e+00 0.0e+00 0.0e+00  0  0  0  0  0   0  0  0  0  0     0

--- Event Stage 2: Factorization

MatLUFactor            1 1.0 3.1202e-01 1.0 0.00e+00 0.0 0.0e+00 0.0e+00 0.0e+00 90  0  0  0  0  99  0  0  0  0     0
MatAssemblyBegin       1 1.0 1.0057e-05 3.1 0.00e+00 0.0 0.0e+00 0.0e+00 0.0e+00  0  0  0  0  0   0  0  0  0  0     0
MatAssemblyEnd         1 1.0 3.7875e-04 2.9 0.00e+00 0.0 0.0e+00 0.0e+00 0.0e+00  0  0  0  0  0   0  0  0  0  0     0
MatGetRowIJ            1 1.0 3.2130e-06 2.2 0.00e+00 0.0 0.0e+00 0.0e+00 0.0e+00  0  0  0  0  0   0  0  0  0  0     0
MatGetLocalMat         1 1.0 1.9774e-03 2.3 0.00e+00 0.0 0.0e+00 0.0e+00 0.0e+00  0  0  0  0  0   0  0  0  0  0     0
KSPSetUp               1 1.0 3.8410e-06 2.0 0.00e+00 0.0 0.0e+00 0.0e+00 0.0e+00  0  0  0  0  0   0  0  0  0  0     0
PCSetUp                1 1.0 3.1425e-01 1.0 0.00e+00 0.0 0.0e+00 0.0e+00 0.0e+00 91  0  0  0  0 100  0  0  0  0     0

--- Event Stage 3: Solve

MatSolve               1 1.0 8.5214e-03 1.2 0.00e+00 0.0 0.0e+00 0.0e+00 0.0e+00  2  0  0  0  0  99  0  0  0  0     0
VecCopy                1 1.0 2.6749e-05 3.8 0.00e+00 0.0 0.0e+00 0.0e+00 0.0e+00  0  0  0  0  0   0  0  0  0  0     0
KSPSolve               1 1.0 8.5927e-03 1.2 0.00e+00 0.0 0.0e+00 0.0e+00 0.0e+00  2  0  0  0  0  99  0  0  0  0     0
PCApply                1 1.0 8.5295e-03 1.2 0.00e+00 0.0 0.0e+00 0.0e+00 0.0e+00  2  0  0  0  0  99  0  0  0  0     0
------------------------------------------------------------------------------------------------------------------------

Object Type          Creations   Destructions. Reports information only for process 0.

--- Event Stage 0: Main Stage

              Viewer     1              1
              Matrix     4              4
              Vector     5              5
           Index Set     2              2
   Star Forest Graph     1              1
       Krylov Solver     1              1
      Preconditioner     1              1

--- Event Stage 1: Reorder


--- Event Stage 2: Factorization

              Matrix     1              1

--- Event Stage 3: Solve

========================================================================================================================
Average time to get PetscTime(): 1.5086e-06
Average time for MPI_Barrier(): 3.0452e-06
Average time for zero size MPI_Send(): 1.88575e-06
#PETSc Option Table entries:
-log_view # (source: command line)
-mat_file ../matrices/bin/10_u_airfoil_2d.bin # (source: command line)
-mat_solver_type superlu_dist # (source: command line)
-mat_superlu_dist_colperm PARMETIS # (source: command line)
-mat_superlu_dist_printstat # (source: command line)
-mat_superlu_dist_rowperm NOROWPERM # (source: command line)
-matload_block_size 1 # (source: file)
-pc_type lu # (source: command line)
#End of PETSc Option Table entries
Compiled without FORTRAN kernels
Compiled with full precision matrices (default)
sizeof(short) 2 sizeof(int) 4 sizeof(long) 8 sizeof(void*) 8 sizeof(PetscScalar) 8 sizeof(PetscInt) 4
Configure options: --with-cc=gcc --with-cxx=g++ --with-fc=gfortran --with-debugging=0 --with-shared-libraries=1 --with-64-bit-indices=0 --download-mpich --download-netlib-lapack --with-netlib-lapack-c-bindings --download-scalapack --download-suitesparse --download-metis --download-parmetis --download-ptscotch --download-superlu --download-superlu_dist --download-mumps --download-pastix --download-hypre --download-hdf5 --download-zlib --download-hwloc --download-bison
-----------------------------------------
Libraries compiled on 2025-09-21 15:24:35 on HP-Pavilion-Gaming-Laptop-15-ec0xxx
Machine characteristics: Linux-6.8.0-83-generic-x86_64-with-glibc2.39
Using PETSc directory: /home/alexandr/Plocha/bsc_thesis/numerical_experiments/petsc
Using PETSc arch: arch-linux-c-opt
-----------------------------------------

Using C compiler: /home/alexandr/Plocha/bsc_thesis/numerical_experiments/petsc/arch-linux-c-opt/bin/mpicc  -Wall -Wwrite-strings -Wno-unknown-pragmas -Wno-lto-type-mismatch -Wno-stringop-overflow -fstack-protector -fvisibility=hidden -g -O 
Using Fortran compiler: /home/alexandr/Plocha/bsc_thesis/numerical_experiments/petsc/arch-linux-c-opt/bin/mpif90  -Wall -ffree-line-length-none -ffree-line-length-0 -Wno-lto-type-mismatch -Wno-unused-dummy-argument -g -O  
-----------------------------------------

Using include paths: -I/home/alexandr/Plocha/bsc_thesis/numerical_experiments/petsc/include -I/home/alexandr/Plocha/bsc_thesis/numerical_experiments/petsc/arch-linux-c-opt/include -I/home/alexandr/Plocha/bsc_thesis/numerical_experiments/petsc/arch-linux-c-opt/include/suitesparse
-----------------------------------------

Using C linker: /home/alexandr/Plocha/bsc_thesis/numerical_experiments/petsc/arch-linux-c-opt/bin/mpicc
Using Fortran linker: /home/alexandr/Plocha/bsc_thesis/numerical_experiments/petsc/arch-linux-c-opt/bin/mpif90
Using libraries: -Wl,-rpath,/home/alexandr/Plocha/bsc_thesis/numerical_experiments/petsc/arch-linux-c-opt/lib -L/home/alexandr/Plocha/bsc_thesis/numerical_experiments/petsc/arch-linux-c-opt/lib -lpetsc -Wl,-rpath,/home/alexandr/Plocha/bsc_thesis/numerical_experiments/petsc/arch-linux-c-opt/lib -L/home/alexandr/Plocha/bsc_thesis/numerical_experiments/petsc/arch-linux-c-opt/lib -Wl,-rpath,/usr/lib/gcc/x86_64-linux-gnu/13 -L/usr/lib/gcc/x86_64-linux-gnu/13 -lHYPRE -lspqr -lumfpack -lklu -lcholmod -lamd -lsuperlu_dist -ldmumps -lmumps_common -lpord -lpthread -lscalapack -lpastix -lsuperlu -llapacke -llapack -lcblas -lblas -lptesmumps -lptscotchparmetisv3 -lptscotch -lptscotcherr -lesmumps -lscotch -lscotcherr -llapacke -lcblas -llapack -lblas -lparmetis -lmetis -lhdf5_hl -lhdf5 -lm -lz -lhwloc -lX11 -lmpifort -lmpi -lgfortran -lm -lgfortran -lm -lgcc_s -lquadmath -lstdc++
-----------------------------------------

