.. equilibrated? *equed = B
.. RowPerm 1	 time: 0.03
.. anorm 7.971267e+00
.. Use minimum degree ordering on A'+A.
.. symbfact(): relax 30, maxsuper 256, fill 5
	matrix dimension     88263
	nonzeros in A       744216
	nonzeros in L      7961165
	nonzeros in U      7965257
	nonzeros in L+U   15838159
	fill ratio            21.3
	nonzeros in LSUB   2304452
	No of supers     5891
	Size of G(L)   343371
	Size of G(U)   264493
	int 4, short 2, float 4, double 8
	SYMBfact (MB):	L\U 12.04	total 15.22	expansions 0
.. # L blocks     5268	# U blocks     3696
MPI tag upper bound = 1073741823
.. Starting with 1 OpenMP threads 
 === using DAG ===
.. thresh = s_eps 5.960464e-08 * anorm 7.971267e+00 = 4.751246e-07
.. Buffer size: Lsub 656	Lval 165888	Usub 544	Uval 79104	LDA 648
max_ncols 290,  max_ldu 256, bigu_size    74240
	.. SUPERLU_MAX_BUFFER_SIZE 256000000 set for GPU
	.. SUPERLU_N_GEMM: 5000 flops of GEMM done on CPU (1st block always on CPU)
	.. GEMM buffer size: max_row_size X max_ncols = 648 x      290
[0].. BIG U size    74240 (on CPU)
[0].. BIG V size   195488 (on CPU)
  Max row size is 648 
  Threads per process 1 

Initialization time	  0.0022 seconds
	 Serial: compute static schedule, allocate storage

==== Time breakdown in factorization (rank 0) ====
Panel factorization 	   0.0211 seconds
.. L-panel pxgstrf2 	   0.0140 seconds
.. U-panel pxgstrs2 	   0.0071 seconds
Time in Look-ahead update 	   0.0320 seconds
Time in Schur update 		   0.0359 seconds
.. Time to Gather L buffer	   0.0019  (Separate L panel by Lookahead/Remain)
.. Time to Gather U buffer	   0.0017 
.. Time in GEMM   0.0176 
	* Look-ahead	   0.0004 
	* Remain	   0.0172	Flops 1.6377e+09	Gflops  94.9624
.. Time to Scatter   0.0138 
	* Look-ahead	   0.0001 
	* Remain	   0.0136 
Total factorization time            	:   0.1668 seconds, 
--------
GEMM maximum block: 465-214-290

** Memory Usage **********************************
.. dQuerySpace: peak_buffer 32.47 (MB)
	(P0) serial symbolic::stage[0]: symb_memory 15.22, GA_mem_use 9.28
	(P0) serial distribution::stage[1]:symb_LU 12.04, dist_mem_use 101.16, num_mem_usage.for_lu 19.59
** Total highmark (MB):
    Sum-of-all :  1047.64 | Avg :   130.96  | Max :   136.57
    Max at rank 7, different stages (MB):
	. symbfact           24.50
	. distribution      132.79
	. numfact            52.07
** NUMfact space (MB): (sum-of-all-processes)
    L\U :          136.03 |  Total :   393.88
	. max at rank 7, max L+U memory (MB):    20.14
	. max at rank 2, peak buffer (MB):       32.66
**************************************************

** number of Tiny Pivots:     1131

.. DiagScale = 3
**************************************************
**** Time (seconds) ****
	EQUIL time            0.004
	ROWPERM time          0.028
	COLPERM time          0.070
	SYMBFACT time         0.030
	DISTRIBUTE time       0.106
	FACTOR time           0.171
	Factor flops	4.774801e+09	Mflops 	27874.90
	SOLVE time            0.000
	REFINEMENT time       0.000	Steps       0

**************************************************
.. anorm 7.971267e+00
num_thread:     1
( 0) .. Step        0: berr[j] = 8.798546e-01
num_thread:     1
( 0) .. Step        1: berr[j] = 6.701234e-01
.. DiagScale = 3
	SOLVE time            0.011
	Solve flops	3.167632e+07	Mflops 	 2962.39
	REFINEMENT time       0.013	Steps       1

**************************************************
||Ax - b||_2 = 1.460863e+06
