.. equilibrated? *equed = B
.. RowPerm 1	 time: 0.07
.. anorm 1.156000e+03
.. Use minimum degree ordering on A'*A
.. symbfact(): relax 30, maxsuper 256, fill 5
	matrix dimension    155924
	nonzeros in A      5416358
	nonzeros in L     385277638
	nonzeros in U     389230736
	nonzeros in L+U   774352450
	fill ratio           143.0
	nonzeros in LSUB  37987616
	No of supers    12021
	Size of G(L) 17214730
	Size of G(U) 17130326
	int 4, short 2, float 4, double 8
	SYMBfact (MB):	L\U 223.59	total 229.20	expansions 2
.. # L blocks   128286	# U blocks   127488
MPI tag upper bound = 1073741823
.. Starting with 1 OpenMP threads 
 === using DAG ===
.. thresh = s_eps 5.960464e-08 * anorm 1.156000e+03 = 6.890297e-05
.. Buffer size: Lsub 6622	Lval 1315328	Usub 5443	Uval 734464	LDA 6189
max_ncols 3237,  max_ldu 256, bigu_size   828672
	.. SUPERLU_MAX_BUFFER_SIZE 256000000 set for GPU
	.. SUPERLU_N_GEMM: 5000 flops of GEMM done on CPU (1st block always on CPU)
	.. GEMM buffer size: max_row_size X max_ncols = 6189 x     3237
[0].. BIG U size   828672 (on CPU)
[0].. BIG V size 20109265 (on CPU)
  Max row size is 6189 
  Threads per process 1 

Initialization time	  0.0362 seconds
	 Serial: compute static schedule, allocate storage

==== Time breakdown in factorization (rank 0) ====
Panel factorization 	   2.2657 seconds
.. L-panel pxgstrf2 	   1.6643 seconds
.. U-panel pxgstrs2 	   0.6014 seconds
Time in Look-ahead update 	   6.6601 seconds
Time in Schur update 		 138.1730 seconds
.. Time to Gather L buffer	   0.2908  (Separate L panel by Lookahead/Remain)
.. Time to Gather U buffer	   0.1549 
.. Time in GEMM  69.8556 
	* Look-ahead	   2.8585 
	* Remain	  66.9971	Flops 3.5296e+12	Gflops  52.6823
.. Time to Scatter  67.8425 
	* Look-ahead	   0.5068 
	* Remain	  67.3357 
Total factorization time            	: 179.4622 seconds, 
--------
GEMM maximum block: 6151-256-3228

** Memory Usage **********************************
.. dQuerySpace: peak_buffer 366.77 (MB)
	(P0) serial symbolic::stage[0]: symb_memory 229.20, GA_mem_use 65.62
	(P0) serial distribution::stage[1]:symb_LU 223.59, dist_mem_use 243.74, num_mem_usage.for_lu 867.10
** Total highmark (MB):
    Sum-of-all : 10185.31 | Avg :  1273.16  | Max :  1334.43
    Max at rank 0, different stages (MB):
	. symbfact          294.82
	. distribution     1334.43
	. numfact          1233.87
** NUMfact space (MB): (sum-of-all-processes)
    L\U :         6526.11 |  Total :  9312.32
	. max at rank 0, max L+U memory (MB):   867.10
	. max at rank 0, peak buffer (MB):      366.77
**************************************************

** number of Tiny Pivots:        3

.. DiagScale = 3
**************************************************
**** Time (seconds) ****
	EQUIL time            0.008
	ROWPERM time          0.070
	COLPERM time          5.571
	SYMBFACT time         1.125
	DISTRIBUTE time       1.742
	FACTOR time         179.521
	Factor flops	4.388099e+12	Mflops 	24443.40
	SOLVE time            0.000
	REFINEMENT time       0.000	Steps       0

**************************************************
.. anorm 1.156000e+03
num_thread:     1
( 0) .. Step        0: berr[j] = 3.387735e-05
num_thread:     1
( 0) .. Step        1: berr[j] = 1.706320e-05
.. DiagScale = 3
	SOLVE time            0.233
	Solve flops	1.524354e+09	Mflops 	 6544.73
	REFINEMENT time       0.247	Steps       1

**************************************************
||Ax - b||_2 = 7.284854e+03
