.. equilibrated? *equed = B
.. RowPerm 1	 time: 0.03
.. anorm 6.244409e+02
.. Use parMETIS ordering on A'+A with 8 sub-domains. sizeof(int_t) 4
.. symbfact(): relax 30, maxsuper 256, fill 5
	matrix dimension    155376
	nonzeros in A      2512300
	nonzeros in L     46230124
	nonzeros in U     46230089
	nonzeros in L+U   92304837
	fill ratio            36.7
	nonzeros in LSUB  13448470
	No of supers    19441
	Size of G(L)  1896341
	Size of G(U)  1741322
	int 4, short 2, float 4, double 8
	SYMBfact (MB):	L\U 63.87	total 69.46	expansions 1
.. # L blocks    22067	# U blocks    17268
MPI tag upper bound = 1073741823
.. Starting with 1 OpenMP threads 
 === using DAG ===
.. thresh = s_eps 5.960464e-08 * anorm 6.244409e+02 = 3.721958e-05
.. Buffer size: Lsub 1486	Lval 359424	Usub 1112	Uval 248832	LDA 1464
max_ncols 859,  max_ldu 256, bigu_size   219904
	.. SUPERLU_MAX_BUFFER_SIZE 256000000 set for GPU
	.. SUPERLU_N_GEMM: 5000 flops of GEMM done on CPU (1st block always on CPU)
	.. GEMM buffer size: max_row_size X max_ncols = 1464 x      859
[0].. BIG U size   219904 (on CPU)
[0].. BIG V size  1276224 (on CPU)
  Max row size is 1464 
  Threads per process 1 

Initialization time	  0.0073 seconds
	 Serial: compute static schedule, allocate storage

==== Time breakdown in factorization (rank 0) ====
Panel factorization 	   0.2030 seconds
.. L-panel pxgstrf2 	   0.1332 seconds
.. U-panel pxgstrs2 	   0.0698 seconds
Time in Look-ahead update 	   0.2626 seconds
Time in Schur update 		   0.9086 seconds
.. Time to Gather L buffer	   0.0218  (Separate L panel by Lookahead/Remain)
.. Time to Gather U buffer	   0.0134 
.. Time in GEMM   0.6119 
	* Look-ahead	   0.0552 
	* Remain	   0.5566	Flops 5.9371e+10	Gflops 106.6583
.. Time to Scatter   0.2580 
	* Look-ahead	   0.0051 
	* Remain	   0.2529 
Total factorization time            	:   1.9378 seconds, 
--------
GEMM maximum block: 1305-256-792

** Memory Usage **********************************
.. dQuerySpace: peak_buffer 76.49 (MB)
	(P0) serial symbolic::stage[0]: symb_memory 69.46, GA_mem_use 30.77
	(P0) serial distribution::stage[1]:symb_LU 63.87, dist_mem_use 188.51, num_mem_usage.for_lu 112.72
** Total highmark (MB):
    Sum-of-all :  2792.01 | Avg :   349.00  | Max :   365.09
    Max at rank 0, different stages (MB):
	. symbfact          100.23
	. distribution      365.09
	. numfact           189.21
** NUMfact space (MB): (sum-of-all-processes)
    L\U :          782.26 |  Total :  1392.92
	. max at rank 0, max L+U memory (MB):   112.72
	. max at rank 1, peak buffer (MB):       78.40
**************************************************

** number of Tiny Pivots:        1

.. DiagScale = 3
**************************************************
**** Time (seconds) ****
	EQUIL time            0.006
	ROWPERM time          0.032
	COLPERM time          0.287
	SYMBFACT time         0.164
	DISTRIBUTE time       0.278
	FACTOR time           1.946
	Factor flops	9.692263e+10	Mflops 	49794.86
	SOLVE time            0.000
	REFINEMENT time       0.000	Steps       0

**************************************************
.. anorm 6.244409e+02
num_thread:     1
( 0) .. Step        0: berr[j] = 3.411698e-08
num_thread:     1
( 0) .. Step        1: berr[j] = 5.467465e-10
num_thread:     1
( 0) .. Step        2: berr[j] = 8.901924e-12
num_thread:     1
( 0) .. Step        3: berr[j] = 1.449295e-13
num_thread:     1
( 0) .. Step        4: berr[j] = 2.947030e-15
num_thread:     1
( 0) .. Step        5: berr[j] = 3.990202e-16
num_thread:     1
( 0) .. Step        6: berr[j] = 3.500843e-16
.. DiagScale = 3
	SOLVE time            0.039
	Solve flops	1.846097e+08	Mflops 	 4700.45
	REFINEMENT time       0.262	Steps       6

**************************************************
||Ax - b||_2 = 4.478028e+07
