.. equilibrated? *equed = N
.. RowPerm 1	 time: 0.30
.. anorm 4.200000e+01
.. Use minimum degree ordering on A'+A.
.. symbfact(): relax 30, maxsuper 256, fill 5
	matrix dimension     90449
	nonzeros in A      3753461
	nonzeros in L     30332801
	nonzeros in U     28313904
	nonzeros in L+U   58556256
	fill ratio            15.6
	nonzeros in LSUB   8615747
	No of supers     4340
	Size of G(L)   772424
	Size of G(U)   659931
	int 4, short 2, float 4, double 8
	SYMBfact (MB):	L\U 38.91	total 42.17	expansions 0
.. # L blocks     4219	# U blocks     2983
MPI tag upper bound = 1073741823
.. Starting with 1 OpenMP threads 
 === using DAG ===
.. thresh = s_eps 5.960464e-08 * anorm 4.200000e+01 = 2.503395e-06
.. Buffer size: Lsub 1082	Lval 271872	Usub 896	Uval 147456	LDA 1062
max_ncols 453,  max_ldu 256, bigu_size   115968
	.. SUPERLU_MAX_BUFFER_SIZE 256000000 set for GPU
	.. SUPERLU_N_GEMM: 5000 flops of GEMM done on CPU (1st block always on CPU)
	.. GEMM buffer size: max_row_size X max_ncols = 1062 x      453
[0].. BIG U size   115968 (on CPU)
[0].. BIG V size   493270 (on CPU)
  Max row size is 1062 
  Threads per process 1 

Initialization time	  0.0024 seconds
	 Serial: compute static schedule, allocate storage

==== Time breakdown in factorization (rank 0) ====
Panel factorization 	   0.0606 seconds
.. L-panel pxgstrf2 	   0.0469 seconds
.. U-panel pxgstrs2 	   0.0137 seconds
Time in Look-ahead update 	   0.1235 seconds
Time in Schur update 		   0.2026 seconds
.. Time to Gather L buffer	   0.0102  (Separate L panel by Lookahead/Remain)
.. Time to Gather U buffer	   0.0039 
.. Time in GEMM   0.1292 
	* Look-ahead	   0.0147 
	* Remain	   0.1145	Flops 1.7203e+10	Gflops 150.2378
.. Time to Scatter   0.0585 
	* Look-ahead	   0.0020 
	* Remain	   0.0565 
Total factorization time            	:   0.8383 seconds, 
--------
GEMM maximum block: 780-256-351

** Memory Usage **********************************
.. dQuerySpace: peak_buffer 51.35 (MB)
	(P0) serial symbolic::stage[0]: symb_memory 42.17, GA_mem_use 45.40
	(P0) serial distribution::stage[1]:symb_LU 38.91, dist_mem_use 116.82, num_mem_usage.for_lu 59.50
** Total highmark (MB):
    Sum-of-all :  1728.60 | Avg :   216.08  | Max :   234.22
    Max at rank 2, different stages (MB):
	. symbfact           87.57
	. distribution      215.23
	. numfact           110.85
** NUMfact space (MB): (sum-of-all-processes)
    L\U :          480.26 |  Total :   900.97
	. max at rank 2, max L+U memory (MB):    74.70
	. max at rank 2, peak buffer (MB):       53.77
**************************************************

** number of Tiny Pivots:    76628

.. DiagScale = 3
**************************************************
**** Time (seconds) ****
	EQUIL time            0.003
	ROWPERM time          0.305
	COLPERM time          0.092
	SYMBFACT time         0.083
	DISTRIBUTE time       0.284
	FACTOR time           0.848
	Factor flops	3.983702e+10	Mflops 	46966.91
	SOLVE time            0.000
	REFINEMENT time       0.000	Steps       0

**************************************************
.. anorm 4.200000e+01
num_thread:     1
( 0) .. Step        0: berr[j] = 9.999999e-01
num_thread:     1
( 0) .. Step        1: berr[j] = 9.999998e-01
.. DiagScale = 3
	SOLVE time            0.020
	Solve flops	1.171125e+08	Mflops 	 5946.15
	REFINEMENT time       0.027	Steps       1

**************************************************
||Ax - b||_2 = 2.516727e+22
