.. equilibrated? *equed = B
.. RowPerm 1	 time: 0.02
.. anorm 9.598083e+00
.. Use minimum degree ordering on A'+A.
.. symbfact(): relax 30, maxsuper 256, fill 5
	matrix dimension    170998
	nonzeros in A       958936
	nonzeros in L      3266922
	nonzeros in U      3267058
	nonzeros in L+U    6362982
	fill ratio             6.6
	nonzeros in LSUB    782556
	No of supers    22268
	Size of G(L)   397360
	Size of G(U)   226355
	int 4, short 2, float 4, double 8
	SYMBfact (MB):	L\U 7.46	total 13.61	expansions 0
.. # L blocks    17417	# U blocks    12022
MPI tag upper bound = 1073741823
.. Starting with 1 OpenMP threads 
 === using DAG ===
.. thresh = s_eps 5.960464e-08 * anorm 9.598083e+00 = 5.720903e-07
.. Buffer size: Lsub 139	Lval 18225	Usub 266	Uval 3640	LDA 135
max_ncols 47,  max_ldu 63, bigu_size     2961
	.. SUPERLU_MAX_BUFFER_SIZE 256000000 set for GPU
	.. SUPERLU_N_GEMM: 5000 flops of GEMM done on CPU (1st block always on CPU)
	.. GEMM buffer size: max_row_size X max_ncols = 71 x       47
[0].. BIG U size     2961 (on CPU)
[0].. BIG V size    66256 (on CPU)
  Max row size is 71 
  Threads per process 1 

Initialization time	  0.0047 seconds
	 Serial: compute static schedule, allocate storage

==== Time breakdown in factorization (rank 0) ====
Panel factorization 	   0.0078 seconds
.. L-panel pxgstrf2 	   0.0050 seconds
.. U-panel pxgstrs2 	   0.0028 seconds
Time in Look-ahead update 	   0.0006 seconds
Time in Schur update 		   0.0148 seconds
.. Time to Gather L buffer	   0.0012  (Separate L panel by Lookahead/Remain)
.. Time to Gather U buffer	   0.0019 
.. Time in GEMM   0.0022 
	* Look-ahead	   0.0000 
	* Remain	   0.0022	Flops 5.1814e+07	Gflops  23.9558
.. Time to Scatter   0.0067 
	* Look-ahead	   0.0000 
	* Remain	   0.0067 
Total factorization time            	:   0.0689 seconds, 
--------
GEMM maximum block: 69-36-47

** Memory Usage **********************************
.. dQuerySpace: peak_buffer 10.72 (MB)
	(P0) serial symbolic::stage[0]: symb_memory 13.61, GA_mem_use 12.19
	(P0) serial distribution::stage[1]:symb_LU 7.46, dist_mem_use 187.58, num_mem_usage.for_lu 10.03
** Total highmark (MB):
    Sum-of-all :  1626.76 | Avg :   203.35  | Max :   208.07
    Max at rank 7, different stages (MB):
	. symbfact           25.80
	. distribution      205.07
	. numfact            20.75
** NUMfact space (MB): (sum-of-all-processes)
    L\U :           58.94 |  Total :   144.75
	. max at rank 7, max L+U memory (MB):    10.81
	. max at rank 7, peak buffer (MB):       10.76
**************************************************

** number of Tiny Pivots:      456

.. DiagScale = 3
**************************************************
**** Time (seconds) ****
	EQUIL time            0.007
	ROWPERM time          0.024
	COLPERM time          0.157
	SYMBFACT time         0.024
	DISTRIBUTE time       0.228
	FACTOR time           0.074
	Factor flops	1.639050e+08	Mflops 	 2215.54
	SOLVE time            0.000
	REFINEMENT time       0.000	Steps       0

**************************************************
.. anorm 9.598083e+00
num_thread:     1
( 0) .. Step        0: berr[j] = 2.428148e-07
num_thread:     1
( 0) .. Step        1: berr[j] = 1.133126e-07
num_thread:     1
( 0) .. Step        2: berr[j] = 7.035553e-08
.. DiagScale = 3
	SOLVE time            0.024
	Solve flops	1.272596e+07	Mflops 	  519.99
	REFINEMENT time       0.052	Steps       2

**************************************************
||Ax - b||_2 = 5.714525e-04
