.. equilibrated? *equed = N
.. RowPerm 1	 time: 0.18
.. anorm 5.000000e+00
.. Use minimum degree ordering on A'+A.
.. symbfact(): relax 30, maxsuper 256, fill 5
	matrix dimension     94069
	nonzeros in A       460493
	nonzeros in L     23952662
	nonzeros in U     24045109
	nonzeros in L+U   47903702
	fill ratio           104.0
	nonzeros in LSUB   3570666
	No of supers     8651
	Size of G(L)   878620
	Size of G(U)   833911
	int 4, short 2, float 4, double 8
	SYMBfact (MB):	L\U 19.50	total 22.89	expansions 2
.. # L blocks    12597	# U blocks     9600
MPI tag upper bound = 1073741823
.. Starting with 1 OpenMP threads 
 === using DAG ===
.. thresh = s_eps 5.960464e-08 * anorm 5.000000e+00 = 2.980232e-07
.. Buffer size: Lsub 1498	Lval 368896	Usub 1582	Uval 238848	LDA 1474
max_ncols 629,  max_ldu 256, bigu_size   161024
	.. SUPERLU_MAX_BUFFER_SIZE 256000000 set for GPU
	.. SUPERLU_N_GEMM: 5000 flops of GEMM done on CPU (1st block always on CPU)
	.. GEMM buffer size: max_row_size X max_ncols = 1474 x      629
[0].. BIG U size   161024 (on CPU)
[0].. BIG V size   944034 (on CPU)
  Max row size is 1474 
  Threads per process 1 

Initialization time	  0.0040 seconds
	 Serial: compute static schedule, allocate storage

==== Time breakdown in factorization (rank 0) ====
Panel factorization 	   0.0638 seconds
.. L-panel pxgstrf2 	   0.0414 seconds
.. U-panel pxgstrs2 	   0.0224 seconds
Time in Look-ahead update 	   0.1440 seconds
Time in Schur update 		   0.2765 seconds
.. Time to Gather L buffer	   0.0102  (Separate L panel by Lookahead/Remain)
.. Time to Gather U buffer	   0.0054 
.. Time in GEMM   0.1544 
	* Look-ahead	   0.0397 
	* Remain	   0.1147	Flops 2.0499e+10	Gflops 178.7567
.. Time to Scatter   0.1047 
	* Look-ahead	   0.0071 
	* Remain	   0.0976 
Total factorization time            	:   1.1706 seconds, 
--------
GEMM maximum block: 765-256-432

** Memory Usage **********************************
.. dQuerySpace: peak_buffer 72.93 (MB)
	(P0) serial symbolic::stage[0]: symb_memory 22.89, GA_mem_use 5.90
	(P0) serial distribution::stage[1]:symb_LU 19.50, dist_mem_use 113.39, num_mem_usage.for_lu 45.45
** Total highmark (MB):
    Sum-of-all :  1482.05 | Avg :   185.26  | Max :   210.38
    Max at rank 2, different stages (MB):
	. symbfact           28.79
	. distribution      178.34
	. numfact           118.37
** NUMfact space (MB): (sum-of-all-processes)
    L\U :          411.44 |  Total :   991.99
	. max at rank 2, max L+U memory (MB):    71.19
	. max at rank 2, peak buffer (MB):       77.17
**************************************************

** number of Tiny Pivots:     4944

.. DiagScale = 3
**************************************************
**** Time (seconds) ****
	EQUIL time            0.002
	ROWPERM time          0.181
	COLPERM time          0.218
	SYMBFACT time         0.077
	DISTRIBUTE time       0.195
	FACTOR time           1.186
	Factor flops	4.621578e+10	Mflops 	38960.69
	SOLVE time            0.000
	REFINEMENT time       0.000	Steps       0

**************************************************
.. anorm 5.000000e+00
num_thread:     1
( 0) .. Step        0: berr[j] = 1.000000e+00
num_thread:     1
( 0) .. Step        1: berr[j] = 1.000000e+00
.. DiagScale = 3
	SOLVE time            0.024
	Solve flops	9.580740e+07	Mflops 	 3939.20
	REFINEMENT time       0.026	Steps       1

**************************************************
||Ax - b||_2 = 3.147203e+44
