.. equilibrated? *equed = B
.. RowPerm 1	 time: 0.13
.. anorm 3.900729e+01
.. Use minimum degree ordering on A'+A.
.. symbfact(): relax 30, maxsuper 256, fill 5
	matrix dimension    120216
	nonzeros in A      3121160
	nonzeros in L      8645321
	nonzeros in U      7804723
	nonzeros in L+U   16329828
	fill ratio             5.2
	nonzeros in LSUB   3638280
	No of supers    21106
	Size of G(L)  1453059
	Size of G(U)  1243625
	int 4, short 2, float 4, double 8
	SYMBfact (MB):	L\U 21.93	total 26.26	expansions 0
.. # L blocks    43120	# U blocks    28725
MPI tag upper bound = 1073741823
.. Starting with 1 OpenMP threads 
 === using DAG ===
.. thresh = s_eps 5.960464e-08 * anorm 3.900729e+01 = 2.325016e-06
.. Buffer size: Lsub 136	Lval 7526	Usub 153	Uval 2343	LDA 110
max_ncols 74,  max_ldu 71, bigu_size     5254
	.. SUPERLU_MAX_BUFFER_SIZE 256000000 set for GPU
	.. SUPERLU_N_GEMM: 5000 flops of GEMM done on CPU (1st block always on CPU)
	.. GEMM buffer size: max_row_size X max_ncols = 90 x       74
[0].. BIG U size     5254 (on CPU)
[0].. BIG V size    66480 (on CPU)
  Max row size is 90 
  Threads per process 1 

Initialization time	  0.0059 seconds
	 Serial: compute static schedule, allocate storage

==== Time breakdown in factorization (rank 0) ====
Panel factorization 	   0.0092 seconds
.. L-panel pxgstrf2 	   0.0040 seconds
.. U-panel pxgstrs2 	   0.0052 seconds
Time in Look-ahead update 	   0.0004 seconds
Time in Schur update 		   0.0382 seconds
.. Time to Gather L buffer	   0.0015  (Separate L panel by Lookahead/Remain)
.. Time to Gather U buffer	   0.0019 
.. Time in GEMM   0.0078 
	* Look-ahead	   0.0000 
	* Remain	   0.0078	Flops 7.1706e+08	Gflops  92.4290
.. Time to Scatter   0.0236 
	* Look-ahead	   0.0000 
	* Remain	   0.0236 
Total factorization time            	:   0.1297 seconds, 
--------
GEMM maximum block: 90-71-74

** Memory Usage **********************************
.. dQuerySpace: peak_buffer 9.54 (MB)
	(P0) serial symbolic::stage[0]: symb_memory 26.26, GA_mem_use 37.93
	(P0) serial distribution::stage[1]:symb_LU 21.93, dist_mem_use 132.96, num_mem_usage.for_lu 15.89
** Total highmark (MB):
    Sum-of-all :  1391.23 | Avg :   173.90  | Max :   182.77
    Max at rank 5, different stages (MB):
	. symbfact           64.19
	. distribution      170.79
	. numfact            25.44
** NUMfact space (MB): (sum-of-all-processes)
    L\U :          151.77 |  Total :   228.12
	. max at rank 5, max L+U memory (MB):    27.59
	. max at rank 5, peak buffer (MB):        9.55
**************************************************

** number of Tiny Pivots:        0

.. DiagScale = 3
**************************************************
**** Time (seconds) ****
	EQUIL time            0.006
	ROWPERM time          0.134
	COLPERM time         14.050
	SYMBFACT time         0.058
	DISTRIBUTE time       1.601
	FACTOR time           0.136
	Factor flops	1.018350e+09	Mflops 	 7496.33
	SOLVE time            0.000
	REFINEMENT time       0.000	Steps       0

**************************************************
.. anorm 3.900729e+01
num_thread:     1
( 0) .. Step        0: berr[j] = 2.032007e-09
num_thread:     1
( 0) .. Step        1: berr[j] = 5.975933e-15
num_thread:     1
( 0) .. Step        2: berr[j] = 6.362405e-15
.. DiagScale = 3
	SOLVE time            0.025
	Solve flops	3.265966e+07	Mflops 	 1297.01
	REFINEMENT time       0.062	Steps       2

**************************************************
||Ax - b||_2 = 3.231382e-11
