.. equilibrated? *equed = N
.. RowPerm 1	 time: 15.12
.. anorm 4.400000e+01
.. Use minimum degree ordering on A'+A.
.. symbfact(): relax 30, maxsuper 256, fill 5
	matrix dimension    156317
	nonzeros in A      2118662
	nonzeros in L     287651761
	nonzeros in U     285252265
	nonzeros in L+U   572747709
	fill ratio           270.3
	nonzeros in LSUB  16307642
	No of supers    11153
	Size of G(L)  5097738
	Size of G(U)  5050179
	int 4, short 2, float 4, double 8
	SYMBfact (MB):	L\U 88.56	total 94.19	expansions 2
.. # L blocks    33380	# U blocks    29010
MPI tag upper bound = 1073741823
.. Starting with 1 OpenMP threads 
 === using DAG ===
.. thresh = s_eps 5.960464e-08 * anorm 4.400000e+01 = 2.622604e-06
.. Buffer size: Lsub 6082	Lval 1540096	Usub 4251	Uval 815747	LDA 6016
max_ncols 2800,  max_ldu 256, bigu_size   716800
	.. SUPERLU_MAX_BUFFER_SIZE 256000000 set for GPU
	.. SUPERLU_N_GEMM: 5000 flops of GEMM done on CPU (1st block always on CPU)
	.. GEMM buffer size: max_row_size X max_ncols = 6016 x     2800
[0].. BIG U size   716800 (on CPU)
[0].. BIG V size 16915392 (on CPU)
  Max row size is 6016 
  Threads per process 1 

Initialization time	  0.0114 seconds
	 Serial: compute static schedule, allocate storage

==== Time breakdown in factorization (rank 0) ====
Panel factorization 	   2.2288 seconds
.. L-panel pxgstrf2 	   1.7305 seconds
.. U-panel pxgstrs2 	   0.4983 seconds
Time in Look-ahead update 	   5.3030 seconds
Time in Schur update 		  86.5056 seconds
.. Time to Gather L buffer	   0.2166  (Separate L panel by Lookahead/Remain)
.. Time to Gather U buffer	   0.0682 
.. Time in GEMM  80.2756 
	* Look-ahead	   2.9204 
	* Remain	  77.3552	Flops 2.6656e+12	Gflops  34.4591
.. Time to Scatter   5.9370 
	* Look-ahead	   0.2155 
	* Remain	   5.7215 
Total factorization time            	: 131.9336 seconds, 
--------
GEMM maximum block: 5362-256-2467

** Memory Usage **********************************
.. dQuerySpace: peak_buffer 368.91 (MB)
	(P0) serial symbolic::stage[0]: symb_memory 94.19, GA_mem_use 26.05
	(P0) serial distribution::stage[1]:symb_LU 88.56, dist_mem_use 216.38, num_mem_usage.for_lu 642.36
** Total highmark (MB):
    Sum-of-all :  7711.28 | Avg :   963.91  | Max :  1079.32
    Max at rank 2, different stages (MB):
	. symbfact          120.23
	. distribution      947.30
	. numfact          1011.28
** NUMfact space (MB): (sum-of-all-processes)
    L\U :         4704.69 |  Total :  7711.28
	. max at rank 2, max L+U memory (MB):   687.11
	. max at rank 2, peak buffer (MB):      392.20
**************************************************

** number of Tiny Pivots:     6742

.. DiagScale = 3
**************************************************
**** Time (seconds) ****
	EQUIL time            0.005
	ROWPERM time         15.117
	COLPERM time          0.988
	SYMBFACT time         0.633
	DISTRIBUTE time       1.210
	FACTOR time         131.971
	Factor flops	3.508889e+12	Mflops 	26588.26
	SOLVE time            0.000
	REFINEMENT time       0.000	Steps       0

**************************************************
.. anorm 4.400000e+01
num_thread:     1
( 0) .. Step        0: berr[j] = 1.000000e+00
num_thread:     1
( 0) .. Step        1: berr[j] = 1.000000e+00
.. DiagScale = 3
	SOLVE time            0.148
	Solve flops	1.141913e+09	Mflops 	 7692.85
	REFINEMENT time       0.154	Steps       1

**************************************************
||Ax - b||_2 = inf
