ischedInit: The thread number has been automatically set to 1
ischedInit: The thread number has been automatically set to 1
ischedInit: The thread number has been automatically set to 1
ischedInit: The thread number has been automatically set to 1
ischedInit: The thread number has been automatically set to 1
ischedInit: The thread number has been automatically set to 1
ischedInit: The thread number has been automatically set to 1
ischedInit: The thread number has been automatically set to 1
ischedInit: The thread number has been automatically set to 1
ischedInit: The thread number has been automatically set to 1
ischedInit: The thread number has been automatically set to 1
ischedInit: The thread number has been automatically set to 1
ischedInit: The thread number has been automatically set to 1
ischedInit: The thread number has been automatically set to 1
ischedInit: The thread number has been automatically set to 1
ischedInit: The thread number has been automatically set to 1
ischedInit: The thread number has been automatically set to 1
ischedInit: The thread number has been automatically set to 1
ischedInit: The thread number has been automatically set to 1
ischedInit: The thread number has been automatically set to 1
ischedInit: The thread number has been automatically set to 1
ischedInit: The thread number has been automatically set to 1
ischedInit: The thread number has been automatically set to 1
ischedInit: The thread number has been automatically set to 1
ischedInit: The thread number has been automatically set to 1
ischedInit: The thread number has been automatically set to 1
ischedInit: The thread number has been automatically set to 1
ischedInit: The thread number has been automatically set to 1
ischedInit: The thread number has been automatically set to 1
ischedInit: The thread number has been automatically set to 1
ischedInit: The thread number has been automatically set to 1
ischedInit: The thread number has been automatically set to 1
ischedInit: The thread number has been automatically set to 1
ischedInit: The thread number has been automatically set to 1
ischedInit: The thread number has been automatically set to 1
ischedInit: The thread number has been automatically set to 1
ischedInit: The thread number has been automatically set to 1
ischedInit: The thread number has been automatically set to 1
ischedInit: The thread number has been automatically set to 1
ischedInit: The thread number has been automatically set to 1
ischedInit: The thread number has been automatically set to 1
ischedInit: The thread number has been automatically set to 1
ischedInit: The thread number has been automatically set to 1
ischedInit: The thread number has been automatically set to 1
ischedInit: The thread number has been automatically set to 1
ischedInit: The thread number has been automatically set to 1
ischedInit: The thread number has been automatically set to 1
ischedInit: The thread number has been automatically set to 1
ischedInit: The thread number has been automatically set to 1
ischedInit: The thread number has been automatically set to 1
ischedInit: The thread number has been automatically set to 1
ischedInit: The thread number has been automatically set to 1
ischedInit: The thread number has been automatically set to 1
ischedInit: The thread number has been automatically set to 1
ischedInit: The thread number has been automatically set to 1
ischedInit: The thread number has been automatically set to 1
ischedInit: The thread number has been automatically set to 1
ischedInit: The thread number has been automatically set to 1
ischedInit: The thread number has been automatically set to 1
ischedInit: The thread number has been automatically set to 1
ischedInit: The thread number has been automatically set to 1
ischedInit: The thread number has been automatically set to 1
ischedInit: The thread number has been automatically set to 1
ischedInit: The thread number has been automatically set to 1
+-------------------------------------------------+
+     PaStiX : Parallel Sparse matriX package     +
+-------------------------------------------------+
  Version:                                   6.4.0
  Schedulers:
    sequential:                            Enabled
    thread static:                         Started
    thread dynamic:                        Started
    PaRSEC:                               Disabled
    StarPU:                               Disabled
  Number of MPI processes:                      64
  Number of threads per process:                 1
  Number of GPUs:                                0
  MPI communication support:              PastixMpiThreadFunneled
  Distribution level:                     2D( 160)
  Blocking size (min/max):              160 /  320
  Computational models
    CPU:              AMD Opteron 6180 - Intel MKL
    GPU:             Nvidia K40 GK1108L - CUDA 8.0
  Low rank parameters:
    Strategy                        No compression
+-------------------------------------------------+
  Ordering subtask :
    Prepare graph structure:
      Sort row indexes in each column
      Removing diagonal elements
    Ordering method is: Metis
    Time to compute ordering              3.446141e+01 s
+-------------------------------------------------+
  Symbolic factorization subtask:
    Symbol factorization using: Fax Direct
    Symbol Matrix statistics:
      Number of cblk                         31872
      Number of blok                       4072739
      Cblk width min                            10
      Cblk width max                         12389
      Cblk width avg                         50.27
      Cblk width stdev                      110.16
      Blok height min                            1
      Blok height max                         4991
      Blok height avg                         1.73
      Blok height stdev                      11.65
      Memory space                          157.55 Mo
    Number of nonzeroes in L structure    1328547836
    Fill-in of L                          56.532192
    Time to compute symbol matrix         5.906178e-01 s
+-------------------------------------------------+
  Reordering subtask:
    Split level                                  0
    Stoping criterion                           -1
    Time for reordering                   1.451824e+01 s
+-------------------------------------------------+
  Mapping/Scheduling subtask:
OUTPUTDIR: pastix-Tpkea0
    Number of cluster                           64
    Number of processor per cluster              1
    Number of thread per MPI process             1
    Symbol Matrix statistics:
      Number of cblk                         32371
      Number of blok                        348559
      Cblk width min                            10
      Cblk width max                           347
      Cblk width avg                         49.49
      Cblk width stdev                       43.04
      Blok height min                            1
      Blok height max                          347
      Blok height avg                        27.02
      Blok height stdev                      53.50
      Memory space                           15.52 Mo
    Symbol split done in                  1.231106e-02 s
    Elimination tree built in             4.752580e-04 s
    Cost matrix built in                  4.448068e-03 s
    Estimated total cost of the etree     1.624868e+02 s
    Estimated critical path of the etree  0.000000e+00 s
    Proportional mapping done in          4.334570e-04 s
    Simulation structures built in        6.408793e-03 s
    Number of tasks found                    32371
    Simulation done in                    1.264744e-01 s
    Solver built in                       3.258357e-01 s
    Number of non-zeroes in blocked L     2657095672
    Fill-in                               113.064384
    Number of operations in full-rank: LU        9.55 TFlops
    Prediction:
      Model                              AMD 6180  MKL
      Time to factorize                   6.372109e+01 s
    Time for mapping/scheduling           5.111221e-01 s
+-------------------------------------------------+
  Analyze task:
    Total time for analyze                5.023746e+01 s
+-------------------------------------------------+
  Factorization task:
    Factorization used: LU
    ||A||_2  =                            2.594274e+02
    Time to initialize internal csc       1.265151e-01 s
    Time to initialize coeftab            1.696705e-01 s
    Time to factorize                     7.940398e+01 s (123.17 GFlop/s)
    Number of operations                       -157311914475083.00  Flops
    Number of static pivots                      0
    Memory usage of coeftab                        199 Mo
    Time to solve                         2.286101e-01 s
    Time for refinement                   2.735984e-02 s
||Ax - b||_2 = 5.672695e-14
