.. equilibrated? *equed = R
.. RowPerm 1	 time: 0.05
.. anorm 7.009382e+00
.. Use parMETIS ordering on A'+A with 16 sub-domains. sizeof(int_t) 4
.. symbfact(): relax 30, maxsuper 256, fill 5
	matrix dimension    106437
	nonzeros in A      2707179
	nonzeros in L     19791235
	nonzeros in U     19791235
	nonzeros in L+U   39476033
	fill ratio            14.6
	nonzeros in LSUB   7883284
	No of supers     7087
	Size of G(L)   794252
	Size of G(U)   687815
	int 4, short 2, float 4, double 8
	SYMBfact (MB):	L\U 36.41	total 40.24	expansions 0
.. # L blocks     4132	# U blocks     2360
MPI tag upper bound = 536870911
.. Starting with 1 OpenMP threads 
 === using DAG ===
.. thresh = s_eps 5.960464e-08 * anorm 7.009382e+00 = 4.177917e-07
.. Buffer size: Lsub 705	Lval 168674	Usub 777	Uval 116172	LDA 697
max_ncols 488,  max_ldu 256, bigu_size   124928
	.. SUPERLU_MAX_BUFFER_SIZE 256000000 set for GPU
	.. SUPERLU_N_GEMM: 5000 flops of GEMM done on CPU (1st block always on CPU)
	.. GEMM buffer size: max_row_size X max_ncols = 488 x      488
[0].. BIG U size   124928 (on CPU)
[0].. BIG V size   246016 (on CPU)
  Max row size is 488 
  Threads per process 1 

Initialization time	  0.0064 seconds
	 Serial: compute static schedule, allocate storage

==== Time breakdown in factorization (rank 0) ====
Panel factorization 	   0.0462 seconds
.. L-panel pxgstrf2 	   0.0323 seconds
.. U-panel pxgstrs2 	   0.0139 seconds
Time in Look-ahead update 	   0.0095 seconds
Time in Schur update 		   0.0612 seconds
.. Time to Gather L buffer	   0.0025  (Separate L panel by Lookahead/Remain)
.. Time to Gather U buffer	   0.0056 
.. Time in GEMM   0.0323 
	* Look-ahead	   0.0016 
	* Remain	   0.0307	Flops 8.9059e+09	Gflops 290.2594
.. Time to Scatter   0.0187 
	* Look-ahead	   0.0001 
	* Remain	   0.0186 
Total factorization time            	:   0.2258 seconds, 
--------
GEMM maximum block: 488-256-488

** Memory Usage **********************************
.. dQuerySpace: peak_buffer 36.82 (MB)
	(P0) serial symbolic::stage[0]: symb_memory 40.24, GA_mem_use 32.91
	(P0) serial distribution::stage[1]:symb_LU 36.41, dist_mem_use 78.71, num_mem_usage.for_lu 27.41
** Total highmark (MB):
    Sum-of-all :  2063.42 | Avg :   128.96  | Max :   142.53
    Max at rank 0, different stages (MB):
	. symbfact           73.16
	. distribution      142.53
	. numfact            64.23
** NUMfact space (MB): (sum-of-all-processes)
    L\U :          330.89 |  Total :   914.38
	. max at rank 0, max L+U memory (MB):    27.41
	. max at rank 5, peak buffer (MB):       37.73
**************************************************

** number of Tiny Pivots:        0

.. DiagScale = 3
**************************************************
**** Time (seconds) ****
	EQUIL time            0.007
	ROWPERM time          0.049
	COLPERM time          0.623
	SYMBFACT time         0.077
	DISTRIBUTE time       0.092
	FACTOR time           0.241
	Factor flops	1.415943e+10	Mflops 	58848.32
	SOLVE time            0.000
	REFINEMENT time       0.000	Steps       0

**************************************************
.. anorm 7.009382e+00
num_thread:     1
( 0) .. Step        0: berr[j] = 1.300211e-15
num_thread:     1
( 0) .. Step        1: berr[j] = 2.781975e-16
num_thread:     1
( 0) .. Step        2: berr[j] = 2.936560e-16
.. DiagScale = 3
	SOLVE time            0.014
	Solve flops	7.895206e+07	Mflops 	 5545.18
	REFINEMENT time       0.032	Steps       2

**************************************************
||Ax - b||_2 = 1.257306e-16
