
=== CPARDISO: solving a real nonsymmetric system ===
Distributed Matrix Input Format is used for CPARDISO (iparm(40) = 2)
0-based array is turned ON
CPARDISO double precision computation is turned ON
METIS algorithm at reorder step is turned ON
Scaling is turned ON
Matching is turned ON


Summary: ( reordering phase )
================

Times:
======
Time spent in calculations of symmetric matrix portrait (fulladj): 0.435923 s
Time spent in reordering of the initial matrix (reorder)         : 23.503826 s
Time spent in symbolic factorization (symbfct)                   : 4.099948 s
Time spent in data preparations for factorization (parlist)      : 0.270720 s
Time spent in allocation of internal data structures (malloc)    : 0.625922 s
Time spent in matching/scaling                                   : 1.100831 s
Time spent in additional calculations                            : 1.782708 s
Total time spent                                                 : 31.819878 s

Statistics:
===========
Parallel Direct Factorization is running on 32 MPI and 1 OpenMP per MPI process

< Linear system Ax = b >
             number of equations:           6815744
             number of non-zeros in A:      27248640
             number of non-zeros in A (%): 0.000059

             number of right-hand sides:    1

< Factors L and U >
             number of columns for each panel: 128
             number of independent subgraphs:  0
< Preprocessing with state of the art partitioning metis>
             number of supernodes:                    4917711
             size of largest supernode:               2629
             number of non-zeros in L:                276841307
             number of non-zeros in U:                237398311
             number of non-zeros in L+U:              514239618

Percentage of computed non-zeros for LL^T factorization
 1 %  2 %  3 %  4 %  5 %  6 %  7 %  8 %  9 %  10 %  11 %  12 %  13 %  14 %  15 %  16 %  17 %  18 %  19 %  20 %  21 %  22 %  23 %  24 %  25 %  26 %  27 %  28 %  29 %  30 %  31 %  32 %  33 %  34 %  35 %  36 %  37 %  38 %  39 %  40 %  41 %  42 %  43 %  44 %  45 %  46 %  47 %  48 %  49 %  50 %  51 %  52 %  53 %  54 %  55 %  56 %  57 %  58 %  59 %  60 %  61 %  62 %  63 %  64 %  65 %  66 %  67 %  68 %  69 %  70 %  71 %  72 %  74 %  76 %  77 %  79 %  80 %  82 %  84 %  85 %  88 %  91 %  95 %  98 %  99 %  100 % 

=== CPARDISO: solving a real nonsymmetric system ===
Single-level factorization algorithm is turned ON


Summary: ( factorization phase )
================

Times:
======
Time spent in copying matrix to internal data structure (A to LU): 0.000008 s
Time spent in factorization step (numfct)                        : 8.624467 s
Time spent in allocation of internal data structures (malloc)    : 0.000058 s
Time spent in additional calculations                            : 0.000053 s
Total time spent                                                 : 8.624586 s

Statistics:
===========
Parallel Direct Factorization is running on 32 MPI and 1 OpenMP per MPI process

< Linear system Ax = b >
             number of equations:           6815744
             number of non-zeros in A:      27248640
             number of non-zeros in A (%): 0.000059

             number of right-hand sides:    1

< Factors L and U >
             number of columns for each panel: 128
             number of independent subgraphs:  0
< Preprocessing with state of the art partitioning metis>
             number of supernodes:                    4917711
             size of largest supernode:               2629
             number of non-zeros in L:                276841307
             number of non-zeros in U:                237398311
             number of non-zeros in L+U:              514239618
             gflop   for the numerical factorization: 216.620022

             gflop/s for the numerical factorization: 25.116917

PARDISO memory: symbolic=3412603 KB, numeric=2804755 KB, total=6217358 KB (6071.64 MB)

=== CPARDISO: solving a real nonsymmetric system ===


Summary: ( solution phase )
================

Times:
======
Time spent in direct solver at solve step (solve)                : 1.117832 s
Time spent in additional calculations                            : 2.938743 s
Total time spent                                                 : 4.056575 s

Statistics:
===========
Parallel Direct Factorization is running on 32 MPI and 1 OpenMP per MPI process

< Linear system Ax = b >
             number of equations:           6815744
             number of non-zeros in A:      27248640
             number of non-zeros in A (%): 0.000059

             number of right-hand sides:    1

< Factors L and U >
             number of columns for each panel: 128
             number of independent subgraphs:  0
< Preprocessing with state of the art partitioning metis>
             number of supernodes:                    4917711
             size of largest supernode:               2629
             number of non-zeros in L:                276841307
             number of non-zeros in U:                237398311
             number of non-zeros in L+U:              514239618
             gflop   for the numerical factorization: 216.620022

             gflop/s for the numerical factorization: 25.116917

Number of iterative refinement steps performed         4
Tolerance level in the iterative refinement process    0.000000e+00
Backward error after the iterative refinement process  0.000000e+00
||Ax - b||_2 = -nan
