
Entering DMUMPS 5.8.1 from C interface with JOB, N =   1     2380515
      executing #MPI =     32, without OMP

Advanced settings:
   KEEP(370) Static mapping              =         1
   KEEP(371) Advanced optimizations      =         0

 =================================================
  MUMPS compiled with option -DAVOID_MPI_IN_PLACE
 MUMPS compiled with option -Dmetis
 MUMPS compiled with option -Dparmetis
 MUMPS compiled with option -Dpord
 MUMPS compiled with option -Dptscotch
 MUMPS compiled with option -Dscotch
 =================================================
L U Solver for unsymmetric matrices
Type of parallelism: Working host

 ****** ANALYSIS STEP ********

 ** Maximum transversal (ICNTL(6)) not allowed because matrix is distributed
 Parallel analysis, processing a graph of size:   2380515
 Using PT-SCOTCH for parallel ordering
 ELAPSED time in parallel ordering       =      1.5069
 A root of estimated size  11795  has been selected for Scalapack.

Leaving analysis phase with  ...
 INFOG(1)                                       =               0
 INFOG(2)                                       =               0
 -- (20) Number of entries in factors (estim.)  =      4251418447
 --  (3) Real space for factors    (estimated)  =      4255761928
 --  (4) Integer space for factors (estimated)  =        27062741
 --  (5) Maximum frontal size      (estimated)  =           19034
 --  (6) Number of nodes in the tree            =          121802
 -- (32) Type of analysis effectively used      =               2
 --  (7) Ordering option effectively used       =               1
 ICNTL (6) Maximum transversal option           =               0
 ICNTL (7) Pivot order option                   =               6
 ICNTL(12) Ordering symmetric indef. matrices   =               1
 ICNTL(13) Parallelism/splitting of root node   =               0
 ICNTL(14) Percentage of memory relaxation      =             200
 ICNTL(15) Analysis by block effectively used   =               0
 ICNTL(18) Distributed input matrix (on if >0)  =               3
 ICNTL(32) Forward elimination during facto.    =               0
 ICNTL(35) BLR activation                       =               0
 ICNTL(48) Tree based multithreading (effective)=               0
 ICNTL(58) Symbolic factorization option        =               2
 Number of level 2 nodes                        =              63
 Number of split nodes                          =               6
 RINFOG(1) Operations during elimination (estim)= 2.881E+13
 Distributed matrix entry format (ICNTL(18))    =               3

 MEMORY ESTIMATIONS ... 
 Estimations with standard Full-Rank (FR) factorization:
    Maximum estim. space in Mbytes, IC facto.    (INFOG(16)):            7478
    Total space in MBytes, IC factorization      (INFOG(17)):          155600
    Maximum estim. space in Mbytes, OOC facto.   (INFOG(26)):            3714
    Total space in MBytes,  OOC factorization    (INFOG(27)):           81770

 Elapsed time in analysis driver=       3.4521

Entering DMUMPS 5.8.1 from C interface with JOB, N =   2     2380515
      executing #MPI =     32, without OMP

Advanced settings:
   KEEP(370) Static mapping              =         1
   KEEP(371) Advanced optimizations      =         0



****** FACTORIZATION STEP ********

 GLOBAL STATISTICS PRIOR NUMERICAL FACTORIZATION ...
 Number of working processes                =              32
 ICNTL(22) Out-of-core option               =               0
 ICNTL(35) BLR activation (eff. choice)     =               0
 ICNTL(37) BLR CB compression (eff. choice) =               0
 ICNTL(49) Compact workarray S (end facto.) =               0
 ICNTL(56) Effective value during facto.    =               0
 ICNTL(14) Memory relaxation                =             200
 INFOG(3) Real space for factors (estimated)=      4255761928
 INFOG(4) Integer space for factors (estim.)=        27062741
 Maximum frontal size (estimated)           =           19034
 Number of nodes in the tree                =          121802
 ICNTL(23) Memory allowed (value on host)   =               0
           Sum over all procs               =               0
 Memory provided by user, sum of LWK_USER   =               0
 Effective threshold for pivoting, CNTL(1)  =      0.1000E-01

 Statistics on the scaling phase
 Elapsed time for scaling                   =      0.4244
 Max difference from 1 after scaling the entries for ONE-NORM (option 7/8)   = 0.32E-01

 Average Effective size of S     (based on INFO(39))=            583738479

 Redistrib: total data local/sent           =          851848        29929650
 Elapsed time to reformat/distribute matrix =      0.1146


 Allocated buffers
 ------------------
 Size of reception buffer in bytes ...... =     26095872
 Size of async. emission buffer (bytes).. =     78548574
 Small emission buffer (bytes) .......... =        23308
 ** Memory allocated, max in Mbytes             (INFOG(18)):        7478

 ** Memory allocated, total in Mbytes           (INFOG(19)):      155600
 ** Memory effectively used, max in  Mbytes     (INFOG(21)):        2495
 ** Memory effectively used, total in Mbytes    (INFOG(22)):       50693

 Elapsed time to process root node                  =      1.2849

 Elapsed time for factorization                     =     31.3855

Leaving factorization with ...
 RINFOG (2) Operations in node assembly             = 1.074E+10
 ------ (3) Operations in node elimination          = 2.881E+13
 ICNTL  (8) Scaling effectively used                =               7
 INFOG  (9) Real space for factors                  =      4251612319
 INFOG (10) Integer space for factors               =        27065457
 INFOG (11) Maximum front size                      =           19034
 INFOG (29) Number of entries in factors            =      4251612319
 INFOG (12) Number of off diagonal pivots           =            7280
 INFOG (13) Number of delayed pivots                =             325
 RINFOG(19) Smallest pivot WITH perturbed pivots    = 4.205E-19
 RINFOG(20) Smallest pivot WITHOUT perturbed pivots = 4.205E-19
 RINFOG(21) Largest pivot in absolute value         = 1.806E+01
 INFOG (24) Effective value of ICNTL(12)            =               1
 INFOG (14) Number of memory compress               =               0

 Elapsed time in factorization driver               =     32.1000

Entering DMUMPS 5.8.1 from C interface with JOB, N =   3     2380515
      executing #MPI =     32, without OMP

Advanced settings:
   KEEP(370) Static mapping              =         1
   KEEP(371) Advanced optimizations      =         0



 ****** SOLVE & CHECK STEP ********

 GLOBAL STATISTICS PRIOR SOLVE PHASE ...........
 Number of right-hand-sides                    =           1
 Blocking factor for multiple rhs              =           1
 ICNTL (9)                                     =           1
  --- (10)                                     =           0
  --- (11)                                     =           0
  --- (20)                                     =           0
  --- (21)                                     =           1
  --- (30)                                     =           0
  --- (35)                                     =           0
  --- (48) (effective)                         =           0
 ** Rank of processor needing largest memory in solve     :         5
 ** Space in MBYTES used by this processor for solve      :      7409
 ** Avg. Space in MBYTES per working proc during solve    :      4794
 
 Leaving solve with ...
 Time to build/scatter RHS        =       0.021007
 Time in solution step (fwd/bwd)  =       0.320133
  .. Time in forward (fwd) step   =          0.126413
  .. Time in ScaLAPACK root       =          0.016096
  .. Time in backward (bwd) step  =          0.177180
 Time to gather solution(cent.sol)=       0.000000
 Time for distributed solution    =       0.001048

 Elapsed time in solve driver=       0.3519

Entering DMUMPS 5.8.1 from C interface with JOB =  -2
      executing #MPI =     32, without OMP
||Ax - b||_2 = 2.068580e+07
