.. equilibrated? *equed = R
.. RowPerm 1	 time: 0.78
.. anorm 5.898404e+00
.. Use parMETIS ordering on A'+A with 32 sub-domains. sizeof(int_t) 8
.. symbfact(): relax 30, maxsuper 256, fill 5
	matrix dimension    1508065
	nonzeros in A       52672325
	nonzeros in L       361943482
	nonzeros in U       361943482
	nonzeros in L+U     722378899
	fill ratio            13.7
	nonzeros in LSUB    111165556
	No of supers   99771
	Size of G(L)   10409316
	Size of G(U)   8901251
	int 8, short 2, float 4, double 8
	SYMBfact (MB):	L\U 1020.86	total 1129.44	expansions 0
.. # L blocks   24486	# U blocks   12099
MPI tag upper bound = 536870911
.. Starting with 1 OpenMP threads 
 === using DAG ===
.. thresh = s_eps 5.960464e-08 * anorm 5.898404e+00 = 3.515723e-07
.. Buffer size: Lsub 1292	Lval 327680	Usub 1122	Uval 214528	LDA 1280
max_ncols 838,  max_ldu 256, bigu_size   214528
	.. SUPERLU_MAX_BUFFER_SIZE 256000000 set for GPU
	.. SUPERLU_N_GEMM: 5000 flops of GEMM done on CPU (1st block always on CPU)
	.. GEMM buffer size: max_row_size X max_ncols = 1280 x   838
[0].. BIG U size   214528 (on CPU)
[0].. BIG V size   1089648 (on CPU)
  Max row size is 1280 
  Threads per process 1 

Initialization time	  0.1054 seconds
	 Serial: compute static schedule, allocate storage

==== Time breakdown in factorization (rank 0) ====
Panel factorization 	   0.3584 seconds
.. L-panel pxgstrf2 	   0.2061 seconds
.. U-panel pxgstrs2 	   0.1523 seconds
Time in Look-ahead update 	   0.0949 seconds
Time in Schur update 		   0.8244 seconds
.. Time to Gather L buffer	   0.0374  (Separate L panel by Lookahead/Remain)
.. Time to Gather U buffer	   0.0266 
.. Time in GEMM   0.5402 
	* Look-ahead	   0.0433 
	* Remain	   0.4969	Flops 5.9025e+11	Gflops 1187.7841
.. Time to Scatter   0.2059 
	* Look-ahead	   0.0057 
	* Remain	   0.2002 
Total factorization time            	:   2.9801 seconds, 
--------
GEMM maximum block: 1162-256-693

** Memory Usage **********************************
.. dQuerySpace: peak_buffer 68.00 (MB)
	(P0) serial symbolic::stage[0]: symb_memory 1129.44, GA_mem_use 854.82
	(P0) serial distribution::stage[1]:symb_LU 1020.86, dist_mem_use 898.85, num_mem_usage.for_lu 205.82
** Total highmark (MB):
    Sum-of-all : 67267.90 | Avg :  2102.12  | Max :  2153.48
    Max at rank 27, different stages (MB):
	. symbfact         1984.26
	. distribution     2125.53
	. numfact           273.81
** NUMfact space (MB): (sum-of-all-processes)
    L\U :         6140.46 |  Total :  8288.05
	. max at rank 27, max L+U memory (MB):   224.39
	. max at rank 0, peak buffer (MB):       68.00
**************************************************

** number of Tiny Pivots:        0

.. DiagScale = 3
**************************************************
**** Time (seconds) ****
	EQUIL time            0.108
	ROWPERM time          0.777
	COLPERM time          1.246
	SYMBFACT time         1.243
	DISTRIBUTE time       1.157
	FACTOR time           3.091
	Factor flops	8.148369e+11	Mflops 	263579.60
	SOLVE time            0.000
	REFINEMENT time       0.000	Steps       0

**************************************************
.. anorm 5.898404e+00
num_thread:     1
( 0) .. Step   0: berr[j] = 1.175744e-15
num_thread:     1
( 0) .. Step   1: berr[j] = 3.926101e-16
num_thread:     1
( 0) .. Step   2: berr[j] = 3.868542e-16
.. DiagScale = 3
	SOLVE time            0.137
	Solve flops	1.442254e+09	Mflops 	10538.70
	REFINEMENT time       0.309	Steps       2

**************************************************
||Ax - b||_2 = 6.218815e-08
