.. equilibrated? *equed = R
.. RowPerm 1	 time: 0.90
.. anorm 5.898404e+00
.. Use parMETIS ordering on A'+A with 64 sub-domains. sizeof(int_t) 8
.. symbfact(): relax 30, maxsuper 256, fill 5
	matrix dimension    1508065
	nonzeros in A       52672325
	nonzeros in L       363596333
	nonzeros in U       363596333
	nonzeros in L+U     725684601
	fill ratio            13.8
	nonzeros in LSUB    112054007
	No of supers   98954
	Size of G(L)   10378294
	Size of G(U)   8870229
	int 8, short 2, float 4, double 8
	SYMBfact (MB):	L\U 1027.72	total 1136.30	expansions 0
.. # L blocks   17151	# U blocks   4781
MPI tag upper bound = 536870911
.. Starting with 1 OpenMP threads 
 === using DAG ===
.. thresh = s_eps 5.960464e-08 * anorm 5.898404e+00 = 3.515723e-07
.. Buffer size: Lsub 1034	Lval 262144	Usub 1035	Uval 262144	LDA 1024
max_ncols 911,  max_ldu 256, bigu_size   233216
	.. SUPERLU_MAX_BUFFER_SIZE 256000000 set for GPU
	.. SUPERLU_N_GEMM: 5000 flops of GEMM done on CPU (1st block always on CPU)
	.. GEMM buffer size: max_row_size X max_ncols = 911 x   911
[0].. BIG U size   233216 (on CPU)
[0].. BIG V size   844561 (on CPU)
  Max row size is 911 
  Threads per process 1 

Initialization time	  0.1003 seconds
	 Serial: compute static schedule, allocate storage

==== Time breakdown in factorization (rank 0) ====
Panel factorization 	   0.3265 seconds
.. L-panel pxgstrf2 	   0.2409 seconds
.. U-panel pxgstrs2 	   0.0856 seconds
Time in Look-ahead update 	   0.0765 seconds
Time in Schur update 		   0.6753 seconds
.. Time to Gather L buffer	   0.0268  (Separate L panel by Lookahead/Remain)
.. Time to Gather U buffer	   0.0294 
.. Time in GEMM   0.4398 
	* Look-ahead	   0.0201 
	* Remain	   0.4196	Flops 6.0068e+11	Gflops 1431.5526
.. Time to Scatter   0.1657 
	* Look-ahead	   0.0028 
	* Remain	   0.1630 
Total factorization time            	:   2.9468 seconds, 
--------
GEMM maximum block: 735-256-735

** Memory Usage **********************************
.. dQuerySpace: peak_buffer 64.31 (MB)
	(P0) serial symbolic::stage[0]: symb_memory 1136.30, GA_mem_use 854.82
	(P0) serial distribution::stage[1]:symb_LU 1027.72, dist_mem_use 505.77, num_mem_usage.for_lu 132.42
** Total highmark (MB):
    Sum-of-all : 127431.61 | Avg :  1991.12  | Max :  1991.12
    Max at rank 0, different stages (MB):
	. symbfact         1991.12
	. distribution     1665.91
	. numfact           196.73
** NUMfact space (MB): (sum-of-all-processes)
    L\U :         6163.08 |  Total : 10278.32
	. max at rank 36, max L+U memory (MB):   139.99
	. max at rank 9, peak buffer (MB):       65.17
**************************************************

** number of Tiny Pivots:        0

.. DiagScale = 3
**************************************************
**** Time (seconds) ****
	EQUIL time            0.145
	ROWPERM time          0.895
	COLPERM time          1.732
	SYMBFACT time         1.323
	DISTRIBUTE time       1.027
	FACTOR time           3.048
	Factor flops	8.225136e+11	Mflops 	269834.57
	SOLVE time            0.000
	REFINEMENT time       0.000	Steps       0

**************************************************
.. anorm 5.898404e+00
num_thread:     1
( 0) .. Step   0: berr[j] = 1.150933e-15
num_thread:     1
( 0) .. Step   1: berr[j] = 3.812209e-16
num_thread:     1
( 0) .. Step   2: berr[j] = 3.278160e-16
.. DiagScale = 3
	SOLVE time            0.110
	Solve flops	1.451369e+09	Mflops 	13135.21
	REFINEMENT time       0.262	Steps       2

**************************************************
||Ax - b||_2 = 6.243333e-08
