+-------------------------------------------------+
+     PaStiX : Parallel Sparse matriX package     +
+-------------------------------------------------+
  Version:                                   6.4.0
  Schedulers:
    sequential:                            Enabled
    thread static:                         Started
    thread dynamic:                        Started
    PaRSEC:                               Disabled
    StarPU:                               Disabled
  Number of MPI processes:                       8
  Number of threads per process:                 1
  Number of GPUs:                                0
  MPI communication support:              PastixMpiThreadFunneled
  Distribution level:                     2D( 160)
  Blocking size (min/max):              160 /  320
  Computational models
    CPU:              AMD Opteron 6180 - Intel MKL
    GPU:             Nvidia K40 GK1108L - CUDA 8.0
  Low rank parameters:
    Strategy                        No compression
+-------------------------------------------------+
+     PaStiX : Parallel Sparse matriX package     +
+-------------------------------------------------+
  Version:                                   6.4.0
  Schedulers:
    sequential:                            Enabled
    thread static:                         Started
    thread dynamic:                        Started
    PaRSEC:                               Disabled
    StarPU:                               Disabled
  Number of MPI processes:                       8
  Number of threads per process:                 1
  Number of GPUs:                                0
  MPI communication support:              PastixMpiThreadFunneled
  Distribution level:                     2D( 160)
  Blocking size (min/max):              160 /  320
  Computational models
    CPU:              AMD Opteron 6180 - Intel MKL
    GPU:             Nvidia K40 GK1108L - CUDA 8.0
  Low rank parameters:
    Strategy                        No compression
+-------------------------------------------------+
  Ordering subtask :
    Prepare graph structure:
      Sort row indexes in each column
      Removing diagonal elements
    Ordering method is: Metis
    Time to compute ordering              1.123914e+00 s
+-------------------------------------------------+
  Symbolic factorization subtask:
    Symbol factorization using: Fax Direct
    Symbol Matrix statistics:
      Number of cblk                         24038
      Number of blok                        191160
      Cblk width min                             1
      Cblk width max                           349
      Cblk width avg                          3.44
      Cblk width stdev                        4.55
      Blok height min                            1
      Blok height max                          234
      Blok height avg                         1.71
      Blok height stdev                       2.31
      Memory space                            4.47 Mo
    Number of nonzeroes in L structure     2470121
    Fill-in of L                          4.299916
    Time to compute symbol matrix         5.666629e-02 s
+-------------------------------------------------+
  Reordering subtask:
    Split level                                  0
    Stoping criterion                           -1
    Time for reordering                   1.329374e-01 s
+-------------------------------------------------+
  Mapping/Scheduling subtask:
OUTPUTDIR: pastix-hxDUXz
    Number of cluster                            8
    Number of processor per cluster              1
    Number of thread per MPI process             1
    Symbol Matrix statistics:
      Number of cblk                         24039
      Number of blok                         92719
      Cblk width min                             1
      Cblk width max                           233
      Cblk width avg                          3.44
      Cblk width stdev                        4.26
      Blok height min                            1
      Blok height max                          233
      Blok height avg                         3.53
      Blok height stdev                       4.16
      Memory space                            2.59 Mo
    Symbol split done in                  7.890558e-03 s
    Elimination tree built in             7.253040e-04 s
    Cost matrix built in                  3.523855e-03 s
    Estimated total cost of the etree     3.987613e-01 s
    Estimated critical path of the etree  0.000000e+00 s
    Proportional mapping done in          8.244790e-04 s
    Simulation structures built in        1.330502e-02 s
    Number of tasks found                    24039
    Simulation done in                    4.035403e-02 s
    Solver built in                       1.288029e-01 s
    Number of non-zeroes in blocked L      4940242
    Fill-in                               8.599831
    Number of operations in full-rank: LU       427.10 MFlops
    Prediction:
      Model                              AMD 6180  MKL
      Time to factorize                   1.380750e-01 s
    Time for mapping/scheduling           2.302460e-01 s
+-------------------------------------------------+
  Analyze task:
    Total time for analyze                1.568487e+00 s
+-------------------------------------------------+
  Factorization task:
    Factorization used: LU
    ||A||_2  =                            1.202228e+03
    Time to initialize internal csc       7.887953e-02 s
    Time to initialize coeftab            8.435602e-03 s
    Time to factorize                     1.230709e-01 s ( 3.39 GFlop/s)
    Number of operations                       -796776734.00  Flops
    Number of static pivots                      0
    Memory usage of coeftab                       5.08 Mo
    Time to solve                         5.287166e-02 s
    Time for refinement                   4.718907e-02 s
||Ax - b||_2 = 1.336394e-13
