.. equilibrated? *equed = R
.. RowPerm 1	 time: 0.64
.. anorm 7.090281e+00
.. Use parMETIS ordering on A'+A with 32 sub-domains. sizeof(int_t) 8
.. symbfact(): relax 30, maxsuper 256, fill 5
	matrix dimension    3523317
	nonzeros in A       19194193
	nonzeros in L       64465440
	nonzeros in U       64466095
	nonzeros in L+U     125408218
	fill ratio             6.5
	nonzeros in LSUB    16889276
	No of supers   376898
	Size of G(L)   6873956
	Size of G(U)   3351081
	int 8, short 2, float 4, double 8
	SYMBfact (MB):	L\U 302.86	total 556.53	expansions 0
.. # L blocks   90559	# U blocks   42877
MPI tag upper bound = 536870911
.. Starting with 1 OpenMP threads 
 === using DAG ===
.. thresh = s_eps 5.960464e-08 * anorm 7.090281e+00 = 4.226137e-07
.. Buffer size: Lsub 423	Lval 85527	Usub 563	Uval 40290	LDA 413
max_ncols 267,  max_ldu 249, bigu_size   66483
	.. SUPERLU_MAX_BUFFER_SIZE 256000000 set for GPU
	.. SUPERLU_N_GEMM: 5000 flops of GEMM done on CPU (1st block always on CPU)
	.. GEMM buffer size: max_row_size X max_ncols = 413 x   267
[0].. BIG U size   66483 (on CPU)
[0].. BIG V size   115711 (on CPU)
  Max row size is 413 
  Threads per process 1 

Initialization time	  0.2576 seconds
	 Serial: compute static schedule, allocate storage

==== Time breakdown in factorization (rank 0) ====
Panel factorization 	   0.2048 seconds
.. L-panel pxgstrf2 	   0.1841 seconds
.. U-panel pxgstrs2 	   0.0207 seconds
Time in Look-ahead update 	   0.0113 seconds
Time in Schur update 		   0.1819 seconds
.. Time to Gather L buffer	   0.0146  (Separate L panel by Lookahead/Remain)
.. Time to Gather U buffer	   0.0251 
.. Time in GEMM   0.0421 
	* Look-ahead	   0.0004 
	* Remain	   0.0417	Flops 3.1346e+09	Gflops  75.1676
.. Time to Scatter   0.0534 
	* Look-ahead	   0.0002 
	* Remain	   0.0532 
Total factorization time            	:   1.4531 seconds, 
--------
GEMM maximum block: 338-249-267

** Memory Usage **********************************
.. dQuerySpace: peak_buffer 68.00 (MB)
	(P0) serial symbolic::stage[0]: symb_memory 556.53, GA_mem_use 335.29
	(P0) serial distribution::stage[1]:symb_LU 302.86, dist_mem_use 1975.25, num_mem_usage.for_lu 98.55
** Total highmark (MB):
    Sum-of-all : 73118.24 | Avg :  2284.95  | Max :  2379.87
    Max at rank 13, different stages (MB):
	. symbfact          891.83
	. distribution     2376.66
	. numfact           166.56
** NUMfact space (MB): (sum-of-all-processes)
    L\U :         1360.58 |  Total :  3532.10
	. max at rank 31, max L+U memory (MB):    99.91
	. max at rank 31, peak buffer (MB):       68.02
**************************************************

** number of Tiny Pivots:        0

.. DiagScale = 3
**************************************************
**** Time (seconds) ****
	EQUIL time            0.239
	ROWPERM time          0.637
	COLPERM time          2.152
	SYMBFACT time         0.465
	DISTRIBUTE time       3.110
	FACTOR time           1.712
	Factor flops	6.591439e+09	Mflops 	 3851.10
	SOLVE time            0.000
	REFINEMENT time       0.000	Steps       0

**************************************************
.. anorm 7.090281e+00
num_thread:     1
( 0) .. Step   0: berr[j] = 7.216450e-16
num_thread:     1
( 0) .. Step   1: berr[j] = 3.885781e-16
.. DiagScale = 3
	SOLVE time            0.359
	Solve flops	2.508164e+08	Mflops 	  698.99
	REFINEMENT time       0.406	Steps       1

**************************************************
||Ax - b||_2 = 2.740862e-13
