.. equilibrated? *equed = R
.. RowPerm 1	 time: 0.76
.. anorm 7.090281e+00
.. Use parMETIS ordering on A'+A with 64 sub-domains. sizeof(int_t) 8
.. symbfact(): relax 30, maxsuper 256, fill 5
	matrix dimension    3523317
	nonzeros in A       19194193
	nonzeros in L       63924269
	nonzeros in U       63924804
	nonzeros in L+U     124325756
	fill ratio             6.5
	nonzeros in LSUB    16059383
	No of supers   376163
	Size of G(L)   6850397
	Size of G(U)   3327448
	int 8, short 2, float 4, double 8
	SYMBfact (MB):	L\U 296.03	total 549.71	expansions 0
.. # L blocks   67151	# U blocks   20130
MPI tag upper bound = 536870911
.. Starting with 1 OpenMP threads 
 === using DAG ===
.. thresh = s_eps 5.960464e-08 * anorm 7.090281e+00 = 4.226137e-07
.. Buffer size: Lsub 371	Lval 78475	Usub 549	Uval 57600	LDA 365
max_ncols 264,  max_ldu 236, bigu_size   62304
	.. SUPERLU_MAX_BUFFER_SIZE 256000000 set for GPU
	.. SUPERLU_N_GEMM: 5000 flops of GEMM done on CPU (1st block always on CPU)
	.. GEMM buffer size: max_row_size X max_ncols = 287 x   264
[0].. BIG U size   62304 (on CPU)
[0].. BIG V size   80072 (on CPU)
  Max row size is 287 
  Threads per process 1 

Initialization time	  0.3462 seconds
	 Serial: compute static schedule, allocate storage

==== Time breakdown in factorization (rank 0) ====
Panel factorization 	   0.3453 seconds
.. L-panel pxgstrf2 	   0.3334 seconds
.. U-panel pxgstrs2 	   0.0119 seconds
Time in Look-ahead update 	   0.0095 seconds
Time in Schur update 		   0.1768 seconds
.. Time to Gather L buffer	   0.0125  (Separate L panel by Lookahead/Remain)
.. Time to Gather U buffer	   0.0265 
.. Time in GEMM   0.0400 
	* Look-ahead	   0.0001 
	* Remain	   0.0399	Flops 2.7837e+09	Gflops  69.7053
.. Time to Scatter   0.0502 
	* Look-ahead	   0.0000 
	* Remain	   0.0502 
Total factorization time            	:   1.6070 seconds, 
--------
GEMM maximum block: 263-236-263

** Memory Usage **********************************
.. dQuerySpace: peak_buffer 80.46 (MB)
	(P0) serial symbolic::stage[0]: symb_memory 549.71, GA_mem_use 335.29
	(P0) serial distribution::stage[1]:symb_LU 296.03, dist_mem_use 1067.79, num_mem_usage.for_lu 89.14
** Total highmark (MB):
    Sum-of-all : 83909.64 | Avg :  1311.09  | Max :  1455.63
    Max at rank 63, different stages (MB):
	. symbfact          885.00
	. distribution     1452.96
	. numfact           169.60
** NUMfact space (MB): (sum-of-all-processes)
    L\U :         1352.55 |  Total :  6486.78
	. max at rank 0, max L+U memory (MB):    89.14
	. max at rank 0, peak buffer (MB):       80.46
**************************************************

** number of Tiny Pivots:        0

.. DiagScale = 3
**************************************************
**** Time (seconds) ****
	EQUIL time            0.336
	ROWPERM time          0.759
	COLPERM time          2.695
	SYMBFACT time         0.535
	DISTRIBUTE time       2.425
	FACTOR time           1.964
	Factor flops	5.804710e+09	Mflops 	 2956.11
	SOLVE time            0.000
	REFINEMENT time       0.000	Steps       0

**************************************************
.. anorm 7.090281e+00
num_thread:     1
( 0) .. Step   0: berr[j] = 7.216450e-16
num_thread:     1
( 0) .. Step   1: berr[j] = 3.885781e-16
.. DiagScale = 3
	SOLVE time            0.302
	Solve flops	2.486515e+08	Mflops 	  824.37
	REFINEMENT time       0.353	Steps       1

**************************************************
||Ax - b||_2 = 2.734734e-13
