.. equilibrated? *equed = N
.. RowPerm 1	 time: 0.03
.. anorm 2.750836e+00
.. Use minimum degree ordering on A'*A
.. symbfact(): relax 30, maxsuper 256, fill 5
	matrix dimension    180895
	nonzeros in A       988195
	nonzeros in L     27897675
	nonzeros in U     27900685
	nonzeros in L+U   55617465
	fill ratio            56.3
	nonzeros in LSUB   7355002
	No of supers    21921
	Size of G(L)  1615039
	Size of G(U)  1499631
	int 4, short 2, float 4, double 8
	SYMBfact (MB):	L\U 39.04	total 45.55	expansions 2
.. # L blocks    17915	# U blocks    12595
MPI tag upper bound = 536870911
.. Starting with 1 OpenMP threads 
 === using DAG ===
.. thresh = s_eps 5.960464e-08 * anorm 2.750836e+00 = 1.639626e-07
.. Buffer size: Lsub 718	Lval 154368	Usub 1362	Uval 154140	LDA 694
max_ncols 571,  max_ldu 256, bigu_size   146176
	.. SUPERLU_MAX_BUFFER_SIZE 256000000 set for GPU
	.. SUPERLU_N_GEMM: 5000 flops of GEMM done on CPU (1st block always on CPU)
	.. GEMM buffer size: max_row_size X max_ncols = 571 x      571
[0].. BIG U size   146176 (on CPU)
[0].. BIG V size   335241 (on CPU)
  Max row size is 571 
  Threads per process 1 

Initialization time	  0.0185 seconds
	 Serial: compute static schedule, allocate storage

==== Time breakdown in factorization (rank 0) ====
Panel factorization 	   0.0841 seconds
.. L-panel pxgstrf2 	   0.0613 seconds
.. U-panel pxgstrs2 	   0.0228 seconds
Time in Look-ahead update 	   0.0397 seconds
Time in Schur update 		   0.1221 seconds
.. Time to Gather L buffer	   0.0047  (Separate L panel by Lookahead/Remain)
.. Time to Gather U buffer	   0.0095 
.. Time in GEMM   0.0602 
	* Look-ahead	   0.0074 
	* Remain	   0.0528	Flops 1.4930e+10	Gflops 282.9751
.. Time to Scatter   0.0423 
	* Look-ahead	   0.0020 
	* Remain	   0.0403 
Total factorization time            	:   0.5483 seconds, 
--------
GEMM maximum block: 398-256-394

** Memory Usage **********************************
.. dQuerySpace: peak_buffer 40.23 (MB)
	(P0) serial symbolic::stage[0]: symb_memory 45.55, GA_mem_use 12.58
	(P0) serial distribution::stage[1]:symb_LU 39.04, dist_mem_use 119.30, num_mem_usage.for_lu 40.08
** Total highmark (MB):
    Sum-of-all :  3002.67 | Avg :   187.67  | Max :   202.39
    Max at rank 10, different stages (MB):
	. symbfact           58.13
	. distribution      198.41
	. numfact            80.30
** NUMfact space (MB): (sum-of-all-processes)
    L\U :          489.92 |  Total :  1128.51
	. max at rank 5, max L+U memory (MB):    40.48
	. max at rank 5, peak buffer (MB):       41.42
**************************************************

** number of Tiny Pivots:        0

.. DiagScale = 3
**************************************************
**** Time (seconds) ****
	EQUIL time            0.011
	ROWPERM time          0.035
	COLPERM time          0.056
	SYMBFACT time         0.107
	DISTRIBUTE time       0.193
	FACTOR time           0.567
	Factor flops	2.884475e+10	Mflops 	50875.81
	SOLVE time            0.000
	REFINEMENT time       0.000	Steps       0

**************************************************
.. anorm 2.750836e+00
num_thread:     1
( 0) .. Step        0: berr[j] = 5.843210e-14
num_thread:     1
( 0) .. Step        1: berr[j] = 1.718202e-16
num_thread:     1
( 0) .. Step        2: berr[j] = 1.665335e-16
.. DiagScale = 3
	SOLVE time            0.042
	Solve flops	1.112349e+08	Mflops 	 2667.02
	REFINEMENT time       0.086	Steps       2

**************************************************
||Ax - b||_2 = 1.111994e-13
