.. equilibrated? *equed = N
.. RowPerm 1	 time: 0.04
.. anorm 2.750836e+00
.. Use METIS ordering on A'+A
.. symbfact(): relax 30, maxsuper 256, fill 5
	matrix dimension    180895
	nonzeros in A       988195
	nonzeros in L     11987970
	nonzeros in U     11988049
	nonzeros in L+U   23795124
	fill ratio            24.1
	nonzeros in LSUB   4263249
	No of supers    19081
	Size of G(L)   757743
	Size of G(U)   577005
	int 4, short 2, float 4, double 8
	SYMBfact (MB):	L\U 22.98	total 29.49	expansions 0
.. # L blocks     9122	# U blocks     4358
MPI tag upper bound = 536870911
.. Starting with 1 OpenMP threads 
 === using DAG ===
.. thresh = s_eps 5.960464e-08 * anorm 2.750836e+00 = 1.639626e-07
.. Buffer size: Lsub 627	Lval 158464	Usub 777	Uval 93440	LDA 619
max_ncols 330,  max_ldu 256, bigu_size    84480
	.. SUPERLU_MAX_BUFFER_SIZE 256000000 set for GPU
	.. SUPERLU_N_GEMM: 5000 flops of GEMM done on CPU (1st block always on CPU)
	.. GEMM buffer size: max_row_size X max_ncols = 330 x      330
[0].. BIG U size    84480 (on CPU)
[0].. BIG V size   114244 (on CPU)
  Max row size is 330 
  Threads per process 1 

Initialization time	  0.0165 seconds
	 Serial: compute static schedule, allocate storage

==== Time breakdown in factorization (rank 0) ====
Panel factorization 	   0.0306 seconds
.. L-panel pxgstrf2 	   0.0239 seconds
.. U-panel pxgstrs2 	   0.0067 seconds
Time in Look-ahead update 	   0.0065 seconds
Time in Schur update 		   0.0292 seconds
.. Time to Gather L buffer	   0.0021  (Separate L panel by Lookahead/Remain)
.. Time to Gather U buffer	   0.0047 
.. Time in GEMM   0.0100 
	* Look-ahead	   0.0003 
	* Remain	   0.0097	Flops 2.2435e+09	Gflops 231.7250
.. Time to Scatter   0.0088 
	* Look-ahead	   0.0000 
	* Remain	   0.0087 
Total factorization time            	:   0.1720 seconds, 
--------
GEMM maximum block: 330-256-330

** Memory Usage **********************************
.. dQuerySpace: peak_buffer 32.87 (MB)
	(P0) serial symbolic::stage[0]: symb_memory 29.49, GA_mem_use 12.58
	(P0) serial distribution::stage[1]:symb_LU 22.98, dist_mem_use 109.54, num_mem_usage.for_lu 18.45
** Total highmark (MB):
    Sum-of-all :  2324.58 | Avg :   145.29  | Max :   156.57
    Max at rank 10, different stages (MB):
	. symbfact           42.07
	. distribution      150.97
	. numfact            51.32
** NUMfact space (MB): (sum-of-all-processes)
    L\U :          206.86 |  Total :   738.36
	. max at rank 10, max L+U memory (MB):    20.44
	. max at rank 10, peak buffer (MB):       34.64
**************************************************

** number of Tiny Pivots:        0

.. DiagScale = 3
**************************************************
**** Time (seconds) ****
	EQUIL time            0.011
	ROWPERM time          0.035
	COLPERM time          0.872
	SYMBFACT time         0.051
	DISTRIBUTE time       0.160
	FACTOR time           0.189
	Factor flops	5.322315e+09	Mflops 	28215.70
	SOLVE time            0.000
	REFINEMENT time       0.000	Steps       0

**************************************************
.. anorm 2.750836e+00
num_thread:     1
( 0) .. Step        0: berr[j] = 1.067400e-13
num_thread:     1
( 0) .. Step        1: berr[j] = 1.665335e-16
num_thread:     1
( 0) .. Step        2: berr[j] = 1.665335e-16
.. DiagScale = 3
	SOLVE time            0.028
	Solve flops	4.759025e+07	Mflops 	 1723.10
	REFINEMENT time       0.058	Steps       2

**************************************************
||Ax - b||_2 = 1.097552e-13
