.. equilibrated? *equed = N
.. anorm 8.200011e+00
.. Use natural column ordering
.. symbfact(): relax 30, maxsuper 256, fill 5
	matrix dimension    180895
	nonzeros in A       988195
	nonzeros in L     54273368
	nonzeros in U     54273368
	nonzeros in L+U   108365841
	fill ratio           109.7
	nonzeros in LSUB  54096394
	No of supers   179386
	Size of G(L) 53912135
	Size of G(U) 53731240
	int 4, short 2, float 4, double 8
	SYMBfact (MB):	L\U 434.93	total 441.44	expansions 14
.. # L blocks  3358714	# U blocks  3313867
MPI tag upper bound = 536870911
.. Starting with 1 OpenMP threads 
 === using DAG ===
.. thresh = s_eps 5.960464e-08 * anorm 8.200011e+00 = 4.887587e-07
.. Buffer size: Lsub 517	Lval 65536	Usub 708	Uval 65536	LDA 341
max_ncols 278,  max_ldu 256, bigu_size    71168
	.. SUPERLU_MAX_BUFFER_SIZE 256000000 set for GPU
	.. SUPERLU_N_GEMM: 5000 flops of GEMM done on CPU (1st block always on CPU)
	.. GEMM buffer size: max_row_size X max_ncols = 278 x      278
[0].. BIG U size    71168 (on CPU)
[0].. BIG V size    81796 (on CPU)
  Max row size is 278 
  Threads per process 1 

Initialization time	  1.5201 seconds
	 Serial: compute static schedule, allocate storage

==== Time breakdown in factorization (rank 0) ====
Panel factorization 	   0.1795 seconds
.. L-panel pxgstrf2 	   0.0648 seconds
.. U-panel pxgstrs2 	   0.1147 seconds
Time in Look-ahead update 	   9.0757 seconds
Time in Schur update 		 367.0969 seconds
.. Time to Gather L buffer	   0.0664  (Separate L panel by Lookahead/Remain)
.. Time to Gather U buffer	   4.6497 
.. Time in GEMM   4.6193 
	* Look-ahead	   4.2013 
	* Remain	   0.4180	Flops 6.1776e+10	Gflops 147.7867
.. Time to Scatter 356.3045 
	* Look-ahead	  13.3247 
	* Remain	 342.9797 
Total factorization time            	: 383.2330 seconds, 
--------
GEMM maximum block: 275-30-275

** Memory Usage **********************************
.. dQuerySpace: peak_buffer 52.63 (MB)
	(P0) serial symbolic::stage[0]: symb_memory 441.44, GA_mem_use 4.68
	(P0) serial distribution::stage[1]:symb_LU 434.93, dist_mem_use 143.21, num_mem_usage.for_lu 135.58
** Total highmark (MB):
    Sum-of-all : 11406.80 | Avg :   712.93  | Max :   715.03
    Max at rank 3, different stages (MB):
	. symbfact          446.12
	. distribution      713.71
	. numfact           188.21
** NUMfact space (MB): (sum-of-all-processes)
    L\U :         2168.23 |  Total :  3011.69
	. max at rank 3, max L+U memory (MB):   136.75
	. max at rank 3, peak buffer (MB):       52.89
**************************************************

** number of Tiny Pivots:        0

.. DiagScale = 0
**************************************************
**** Time (seconds) ****
	EQUIL time            0.012
	SYMBFACT time         1.190
	DISTRIBUTE time       2.225
	FACTOR time         384.754
	Factor flops	6.317307e+10	Mflops 	  164.19
	SOLVE time            0.000
	REFINEMENT time       0.000	Steps       0

**************************************************
.. anorm 8.200011e+00
num_thread:     1
( 0) .. Step        0: berr[j] = 1.726397e-13
num_thread:     1
( 0) .. Step        1: berr[j] = 1.665335e-16
num_thread:     1
( 0) .. Step        2: berr[j] = 1.665335e-16
.. DiagScale = 0
	SOLVE time            1.140
	Solve flops	2.167317e+08	Mflops 	  190.04
	REFINEMENT time       2.302	Steps       2

**************************************************
||Ax - b||_2 = 1.131815e-13
