.. equilibrated? *equed = B
.. RowPerm 1	 time: 0.02
.. anorm 3.424443e+00
.. Use parMETIS ordering on A'+A with 16 sub-domains. sizeof(int_t) 4
.. symbfact(): relax 30, maxsuper 256, fill 5
	matrix dimension    112211
	nonzeros in A       760631
	nonzeros in L     22575526
	nonzeros in U     22575333
	nonzeros in L+U   45038648
	fill ratio            59.2
	nonzeros in LSUB   5652408
	No of supers    15909
	Size of G(L)  1466417
	Size of G(U)  1354208
	int 4, short 2, float 4, double 8
	SYMBfact (MB):	L\U 30.27	total 34.31	expansions 2
.. # L blocks    15164	# U blocks    11185
MPI tag upper bound = 536870911
.. Starting with 1 OpenMP threads 
 === using DAG ===
.. thresh = s_eps 5.960464e-08 * anorm 3.424443e+00 = 2.041127e-07
.. Buffer size: Lsub 896	Lval 187392	Usub 958	Uval 159744	LDA 882
max_ncols 488,  max_ldu 256, bigu_size   124928
	.. SUPERLU_MAX_BUFFER_SIZE 256000000 set for GPU
	.. SUPERLU_N_GEMM: 5000 flops of GEMM done on CPU (1st block always on CPU)
	.. GEMM buffer size: max_row_size X max_ncols = 489 x      488
[0].. BIG U size   124928 (on CPU)
[0].. BIG V size   246512 (on CPU)
  Max row size is 489 
  Threads per process 1 

Initialization time	  0.0145 seconds
	 Serial: compute static schedule, allocate storage

==== Time breakdown in factorization (rank 0) ====
Panel factorization 	   0.0346 seconds
.. L-panel pxgstrf2 	   0.0217 seconds
.. U-panel pxgstrs2 	   0.0129 seconds
Time in Look-ahead update 	   0.0124 seconds
Time in Schur update 		   0.0918 seconds
.. Time to Gather L buffer	   0.0036  (Separate L panel by Lookahead/Remain)
.. Time to Gather U buffer	   0.0086 
.. Time in GEMM   0.0337 
	* Look-ahead	   0.0015 
	* Remain	   0.0321	Flops 2.0761e+10	Gflops 646.3136
.. Time to Scatter   0.0422 
	* Look-ahead	   0.0003 
	* Remain	   0.0419 
Total factorization time            	:   0.4080 seconds, 
--------
GEMM maximum block: 487-256-487

** Memory Usage **********************************
.. dQuerySpace: peak_buffer 42.79 (MB)
	(P0) serial symbolic::stage[0]: symb_memory 34.31, GA_mem_use 9.58
	(P0) serial distribution::stage[1]:symb_LU 30.27, dist_mem_use 70.50, num_mem_usage.for_lu 23.68
** Total highmark (MB):
    Sum-of-all :  2043.78 | Avg :   127.74  | Max :   143.08
    Max at rank 10, different stages (MB):
	. symbfact           43.89
	. distribution      124.45
	. numfact            66.46
** NUMfact space (MB): (sum-of-all-processes)
    L\U :          394.36 |  Total :  1094.72
	. max at rank 10, max L+U memory (MB):    36.23
	. max at rank 10, peak buffer (MB):       46.60
**************************************************

** number of Tiny Pivots:        0

.. DiagScale = 3
**************************************************
**** Time (seconds) ****
	EQUIL time            0.008
	ROWPERM time          0.024
	COLPERM time          0.378
	SYMBFACT time         0.094
	DISTRIBUTE time       0.141
	FACTOR time           0.423
	Factor flops	3.224018e+10	Mflops 	76268.25
	SOLVE time            0.000
	REFINEMENT time       0.000	Steps       0

**************************************************
.. anorm 3.424443e+00
num_thread:     1
( 0) .. Step        0: berr[j] = 1.786650e-12
num_thread:     1
( 0) .. Step        1: berr[j] = 2.529108e-16
num_thread:     1
( 0) .. Step        2: berr[j] = 2.135098e-16
.. DiagScale = 3
	SOLVE time            0.027
	Solve flops	9.007730e+07	Mflops 	 3396.98
	REFINEMENT time       0.055	Steps       2

**************************************************
||Ax - b||_2 = 7.481306e-11
