
=== CPARDISO: solving a real nonsymmetric system ===
Distributed Matrix Input Format is used for CPARDISO (iparm(40) = 2)
0-based array is turned ON
CPARDISO double precision computation is turned ON
Parallel METIS algorithm at reorder step is turned ON
Scaling is turned ON
Matching is turned ON


Summary: ( reordering phase )
================

Times:
======
Time spent in calculations of symmetric matrix portrait (fulladj): 0.067454 s
Time spent in reordering of the initial matrix (reorder)         : 5.683784 s
Time spent in symbolic factorization (symbfct)                   : 3.738874 s
Time spent in data preparations for factorization (parlist)      : 0.116526 s
Time spent in allocation of internal data structures (malloc)    : 0.287262 s
Time spent in matching/scaling                                   : 0.251742 s
Time spent in additional calculations                            : 0.398858 s
Total time spent                                                 : 10.544500 s

Statistics:
===========
Parallel Direct Factorization is running on 32 MPI and 1 OpenMP per MPI process

< Linear system Ax = b >
             number of equations:           1489752
             number of non-zeros in A:      10319760
             number of non-zeros in A (%): 0.000465

             number of right-hand sides:    1

< Factors L and U >
             number of columns for each panel: 128
             number of independent subgraphs:  0
             number of supernodes:                    981687
             size of largest supernode:               8685
             number of non-zeros in L:                1011918150
             number of non-zeros in U:                985907216
             number of non-zeros in L+U:              1997825366

Percentage of computed non-zeros for LL^T factorization
 1 %  2 %  3 %  4 %  5 %  6 %  7 %  8 %  9 %  10 %  11 %  12 %  13 %  14 %  15 %  16 %  17 %  18 %  19 %  20 %  21 %  22 %  23 %  24 %  25 %  26 %  28 %  29 %  30 %  31 %  32 %  33 %  35 %  36 %  37 %  38 %  40 %  41 %  43 %  46 %  48 %  50 %  52 %  54 %  56 %  59 %  62 %  65 %  69 %  73 %  77 %  80 %  84 %  88 %  92 %  94 %  97 %  99 %  100 % 

=== CPARDISO: solving a real nonsymmetric system ===
Single-level factorization algorithm is turned ON


Summary: ( factorization phase )
================

Times:
======
Time spent in copying matrix to internal data structure (A to LU): 0.000008 s
Time spent in factorization step (numfct)                        : 40.203264 s
Time spent in allocation of internal data structures (malloc)    : 0.000055 s
Time spent in additional calculations                            : 0.000059 s
Total time spent                                                 : 40.203386 s

Statistics:
===========
Parallel Direct Factorization is running on 32 MPI and 1 OpenMP per MPI process

< Linear system Ax = b >
             number of equations:           1489752
             number of non-zeros in A:      10319760
             number of non-zeros in A (%): 0.000465

             number of right-hand sides:    1

< Factors L and U >
             number of columns for each panel: 128
             number of independent subgraphs:  0
             number of supernodes:                    981687
             size of largest supernode:               8685
             number of non-zeros in L:                1011918150
             number of non-zeros in U:                985907216
             number of non-zeros in L+U:              1997825366
             gflop   for the numerical factorization: 11816.494596

             gflop/s for the numerical factorization: 293.918787

PARDISO memory: symbolic=1268412 KB, numeric=912612 KB, total=2181024 KB (2129.91 MB)

=== CPARDISO: solving a real nonsymmetric system ===


Summary: ( solution phase )
================

Times:
======
Time spent in direct solver at solve step (solve)                : 0.275491 s
Time spent in additional calculations                            : 0.774860 s
Total time spent                                                 : 1.050351 s

Statistics:
===========
Parallel Direct Factorization is running on 32 MPI and 1 OpenMP per MPI process

< Linear system Ax = b >
             number of equations:           1489752
             number of non-zeros in A:      10319760
             number of non-zeros in A (%): 0.000465

             number of right-hand sides:    1

< Factors L and U >
             number of columns for each panel: 128
             number of independent subgraphs:  0
             number of supernodes:                    981687
             size of largest supernode:               8685
             number of non-zeros in L:                1011918150
             number of non-zeros in U:                985907216
             number of non-zeros in L+U:              1997825366
             gflop   for the numerical factorization: 11816.494596

             gflop/s for the numerical factorization: 293.918787

Number of iterative refinement steps performed         4
Tolerance level in the iterative refinement process    0.000000e+00
Backward error after the iterative refinement process  0.000000e+00
||Ax - b||_2 = 3.855594e-08
