ischedInit: The thread number has been automatically set to 1
ischedInit: The thread number has been automatically set to 1
ischedInit: The thread number has been automatically set to 1
ischedInit: The thread number has been automatically set to 1
ischedInit: The thread number has been automatically set to 1
ischedInit: The thread number has been automatically set to 1
ischedInit: The thread number has been automatically set to 1
ischedInit: The thread number has been automatically set to 1
ischedInit: The thread number has been automatically set to 1
ischedInit: The thread number has been automatically set to 1
ischedInit: The thread number has been automatically set to 1
ischedInit: The thread number has been automatically set to 1
ischedInit: The thread number has been automatically set to 1
ischedInit: The thread number has been automatically set to 1
ischedInit: The thread number has been automatically set to 1
ischedInit: The thread number has been automatically set to 1
ischedInit: The thread number has been automatically set to 1
ischedInit: The thread number has been automatically set to 1
ischedInit: The thread number has been automatically set to 1
ischedInit: The thread number has been automatically set to 1
ischedInit: The thread number has been automatically set to 1
ischedInit: The thread number has been automatically set to 1
ischedInit: The thread number has been automatically set to 1
ischedInit: The thread number has been automatically set to 1
ischedInit: The thread number has been automatically set to 1
ischedInit: The thread number has been automatically set to 1
ischedInit: The thread number has been automatically set to 1
ischedInit: The thread number has been automatically set to 1
ischedInit: The thread number has been automatically set to 1
ischedInit: The thread number has been automatically set to 1
ischedInit: The thread number has been automatically set to 1
ischedInit: The thread number has been automatically set to 1
ischedInit: The thread number has been automatically set to 1
ischedInit: The thread number has been automatically set to 1
ischedInit: The thread number has been automatically set to 1
ischedInit: The thread number has been automatically set to 1
ischedInit: The thread number has been automatically set to 1
ischedInit: The thread number has been automatically set to 1
ischedInit: The thread number has been automatically set to 1
ischedInit: The thread number has been automatically set to 1
ischedInit: The thread number has been automatically set to 1
ischedInit: The thread number has been automatically set to 1
ischedInit: The thread number has been automatically set to 1
ischedInit: The thread number has been automatically set to 1
ischedInit: The thread number has been automatically set to 1
ischedInit: The thread number has been automatically set to 1
ischedInit: The thread number has been automatically set to 1
ischedInit: The thread number has been automatically set to 1
ischedInit: The thread number has been automatically set to 1
ischedInit: The thread number has been automatically set to 1
ischedInit: The thread number has been automatically set to 1
ischedInit: The thread number has been automatically set to 1
ischedInit: The thread number has been automatically set to 1
ischedInit: The thread number has been automatically set to 1
ischedInit: The thread number has been automatically set to 1
ischedInit: The thread number has been automatically set to 1
ischedInit: The thread number has been automatically set to 1
ischedInit: The thread number has been automatically set to 1
ischedInit: The thread number has been automatically set to 1
ischedInit: The thread number has been automatically set to 1
ischedInit: The thread number has been automatically set to 1
ischedInit: The thread number has been automatically set to 1
ischedInit: The thread number has been automatically set to 1
ischedInit: The thread number has been automatically set to 1
ischedInit: The thread number has been automatically set to 1
ischedInit: The thread number has been automatically set to 1
ischedInit: The thread number has been automatically set to 1
ischedInit: The thread number has been automatically set to 1
ischedInit: The thread number has been automatically set to 1
ischedInit: The thread number has been automatically set to 1
ischedInit: The thread number has been automatically set to 1
ischedInit: The thread number has been automatically set to 1
ischedInit: The thread number has been automatically set to 1
ischedInit: The thread number has been automatically set to 1
ischedInit: The thread number has been automatically set to 1
ischedInit: The thread number has been automatically set to 1
ischedInit: The thread number has been automatically set to 1
ischedInit: The thread number has been automatically set to 1
ischedInit: The thread number has been automatically set to 1
ischedInit: The thread number has been automatically set to 1
ischedInit: The thread number has been automatically set to 1
ischedInit: The thread number has been automatically set to 1
ischedInit: The thread number has been automatically set to 1
ischedInit: The thread number has been automatically set to 1
ischedInit: The thread number has been automatically set to 1
ischedInit: The thread number has been automatically set to 1
ischedInit: The thread number has been automatically set to 1
ischedInit: The thread number has been automatically set to 1
ischedInit: The thread number has been automatically set to 1
ischedInit: The thread number has been automatically set to 1
ischedInit: The thread number has been automatically set to 1
ischedInit: The thread number has been automatically set to 1
ischedInit: The thread number has been automatically set to 1
ischedInit: The thread number has been automatically set to 1
ischedInit: The thread number has been automatically set to 1
ischedInit: The thread number has been automatically set to 1
ischedInit: The thread number has been automatically set to 1
ischedInit: The thread number has been automatically set to 1
ischedInit: The thread number has been automatically set to 1
ischedInit: The thread number has been automatically set to 1
ischedInit: The thread number has been automatically set to 1
ischedInit: The thread number has been automatically set to 1
ischedInit: The thread number has been automatically set to 1
ischedInit: The thread number has been automatically set to 1
ischedInit: The thread number has been automatically set to 1
ischedInit: The thread number has been automatically set to 1
ischedInit: The thread number has been automatically set to 1
ischedInit: The thread number has been automatically set to 1
ischedInit: The thread number has been automatically set to 1
ischedInit: The thread number has been automatically set to 1
ischedInit: The thread number has been automatically set to 1
ischedInit: The thread number has been automatically set to 1
ischedInit: The thread number has been automatically set to 1
ischedInit: The thread number has been automatically set to 1
ischedInit: The thread number has been automatically set to 1
ischedInit: The thread number has been automatically set to 1
ischedInit: The thread number has been automatically set to 1
ischedInit: The thread number has been automatically set to 1
ischedInit: The thread number has been automatically set to 1
ischedInit: The thread number has been automatically set to 1
ischedInit: The thread number has been automatically set to 1
ischedInit: The thread number has been automatically set to 1
ischedInit: The thread number has been automatically set to 1
ischedInit: The thread number has been automatically set to 1
ischedInit: The thread number has been automatically set to 1
ischedInit: The thread number has been automatically set to 1
ischedInit: The thread number has been automatically set to 1
ischedInit: The thread number has been automatically set to 1
+-------------------------------------------------+
+     PaStiX : Parallel Sparse matriX package     +
+-------------------------------------------------+
  Version:                                   6.4.0
  Schedulers:
    sequential:                            Enabled
    thread static:                         Started
    thread dynamic:                        Started
    PaRSEC:                               Disabled
    StarPU:                               Disabled
  Number of MPI processes:                     128
  Number of threads per process:                 1
  Number of GPUs:                                0
  MPI communication support:              PastixMpiThreadFunneled
  Distribution level:                     2D( 160)
  Blocking size (min/max):              160 /  320
  Computational models
    CPU:              AMD Opteron 6180 - Intel MKL
    GPU:             Nvidia K40 GK1108L - CUDA 8.0
  Low rank parameters:
    Strategy                        No compression
+-------------------------------------------------+
  Ordering subtask :
    Prepare graph structure:
      Sort row indexes in each column
      Removing diagonal elements
    Ordering method is: Scotch
      Scotch direct strategy
    Time to compute ordering              1.259465e+01 s
+-------------------------------------------------+
  Symbolic factorization subtask:
    Symbol factorization using: Fax Direct
    Symbol Matrix statistics:
      Number of cblk                         43077
      Number of blok                        581281
      Cblk width min                             3
      Cblk width max                          6933
      Cblk width avg                         34.78
      Cblk width stdev                       99.41
      Blok height min                            3
      Blok height max                         6933
      Blok height avg                        11.90
      Blok height stdev                      47.56
      Memory space                           25.13 Mo
    Number of nonzeroes in L structure    1770612390
    Fill-in of L                          29.065769
    Time to compute symbol matrix         8.446515e-01 s
+-------------------------------------------------+
  Reordering subtask:
    Split level                                  0
    Stoping criterion                           -1
    Time for reordering                   1.139063e+01 s
+-------------------------------------------------+
  Mapping/Scheduling subtask:
OUTPUTDIR: pastix-PbYgRW
    Number of cluster                          128
    Number of processor per cluster              1
    Number of thread per MPI process             1
    Symbol Matrix statistics:
      Number of cblk                         43668
      Number of blok                        329295
      Cblk width min                             3
      Cblk width max                           348
      Cblk width avg                         34.30
      Cblk width stdev                       53.67
      Blok height min                            1
      Blok height max                          348
      Blok height avg                        31.20
      Blok height stdev                      60.60
      Memory space                           15.56 Mo
    Symbol split done in                  2.054161e-02 s
    Elimination tree built in             3.802340e-03 s
    Cost matrix built in                  5.747178e-03 s
    Estimated total cost of the etree     2.314387e+02 s
    Estimated critical path of the etree  0.000000e+00 s
    Proportional mapping done in          9.034873e-03 s
    Simulation structures built in        8.015673e-02 s
    Number of tasks found                    43668
    Simulation done in                    3.011221e-01 s
    Solver built in                       1.360131e-01 s
    Number of non-zeroes in blocked L     3541224780
    Fill-in                               58.131538
    Number of operations in full-rank: LU       17.95 TFlops
    Prediction:
      Model                              AMD 6180  MKL
      Time to factorize                   6.906172e+01 s
    Time for mapping/scheduling           6.497961e-01 s
+-------------------------------------------------+
  Analyze task:
    Total time for analyze                2.565314e+01 s
+-------------------------------------------------+
  Factorization task:
    Factorization used: LU
    ||A||_2  =                            4.820480e+07
    Time to initialize internal csc       2.091076e-01 s
    Time to initialize coeftab            2.284877e-01 s
    Time to factorize                     1.273654e+02 s (144.33 GFlop/s)
    Number of operations                       -1183982485955419.00  Flops
    Number of static pivots                      0
    Memory usage of coeftab                       58.8 Mo
    Time to solve                         2.826201e-01 s
    Time for refinement                   3.584258e-02 s
||Ax - b||_2 = 1.222627e-08
