
Entering DMUMPS 5.8.1 from C interface with JOB, N =   1     1498023
      executing #MPI =    128, without OMP

Advanced settings:
   KEEP(370) Static mapping              =         1
   KEEP(371) Advanced optimizations      =         0

 =================================================
  MUMPS compiled with option -DAVOID_MPI_IN_PLACE
 MUMPS compiled with option -Dmetis
 MUMPS compiled with option -Dparmetis
 MUMPS compiled with option -Dpord
 MUMPS compiled with option -Dptscotch
 MUMPS compiled with option -Dscotch
 =================================================
L U Solver for unsymmetric matrices
Type of parallelism: Working host

 ****** ANALYSIS STEP ********

 ** Maximum transversal (ICNTL(6)) not allowed because matrix is distributed
 Processing a graph of size:   1498023 with      59419422 edges
 Ordering based on PORD 
 A root of estimated size  4494  has been selected for Scalapack.

Leaving analysis phase with  ...
 INFOG(1)                                       =               0
 INFOG(2)                                       =               0
 -- (20) Number of entries in factors (estim.)  =      3602642733
 --  (3) Real space for factors    (estimated)  =      3885115205
 --  (4) Integer space for factors (estimated)  =        32884056
 --  (5) Maximum frontal size      (estimated)  =           14334
 --  (6) Number of nodes in the tree            =           81990
 -- (32) Type of analysis effectively used      =               1
 --  (7) Ordering option effectively used       =               4
 ICNTL (6) Maximum transversal option           =               0
 ICNTL (7) Pivot order option                   =               4
 ICNTL(12) Ordering symmetric indef. matrices   =               1
 ICNTL(13) Parallelism/splitting of root node   =               0
 ICNTL(14) Percentage of memory relaxation      =             500
 ICNTL(15) Analysis by block effectively used   =               0
 ICNTL(18) Distributed input matrix (on if >0)  =               3
 ICNTL(32) Forward elimination during facto.    =               0
 ICNTL(35) BLR activation                       =               0
 ICNTL(48) Tree based multithreading (effective)=               0
 ICNTL(58) Symbolic factorization option        =               2
 Number of level 2 nodes                        =             385
 Number of split nodes                          =             198
 RINFOG(1) Operations during elimination (estim)= 2.051E+13
 Distributed matrix entry format (ICNTL(18))    =               3

 MEMORY ESTIMATIONS ... 
 Estimations with standard Full-Rank (FR) factorization:
    Maximum estim. space in Mbytes, IC facto.    (INFOG(16)):            7672
    Total space in MBytes, IC factorization      (INFOG(17)):          289894
    Maximum estim. space in Mbytes, OOC facto.   (INFOG(26)):            4831
    Total space in MBytes,  OOC factorization    (INFOG(27)):          162555

 Elapsed time in analysis driver=       9.4277

Entering DMUMPS 5.8.1 from C interface with JOB, N =   2     1498023
      executing #MPI =    128, without OMP

Advanced settings:
   KEEP(370) Static mapping              =         1
   KEEP(371) Advanced optimizations      =         0



****** FACTORIZATION STEP ********

 GLOBAL STATISTICS PRIOR NUMERICAL FACTORIZATION ...
 Number of working processes                =             128
 ICNTL(22) Out-of-core option               =               0
 ICNTL(35) BLR activation (eff. choice)     =               0
 ICNTL(37) BLR CB compression (eff. choice) =               0
 ICNTL(49) Compact workarray S (end facto.) =               0
 ICNTL(56) Effective value during facto.    =               0
 ICNTL(14) Memory relaxation                =             500
 INFOG(3) Real space for factors (estimated)=      3885115205
 INFOG(4) Integer space for factors (estim.)=        32884056
 Maximum frontal size (estimated)           =           14334
 Number of nodes in the tree                =           81990
 ICNTL(23) Memory allowed (value on host)   =               0
           Sum over all procs               =               0
 Memory provided by user, sum of LWK_USER   =               0
 Effective threshold for pivoting, CNTL(1)  =      0.1000E-01

 Statistics on the scaling phase
 Elapsed time for scaling                   =      0.6254
 Max difference from 1 after scaling the entries for ONE-NORM (option 7/8)   = 0.12E+00

 Average Effective size of S     (based on INFO(39))=            257435401

 Redistrib: total data local/sent           =         2285687       308475937
 Elapsed time to reformat/distribute matrix =      0.3626


 Allocated buffers
 ------------------
 Size of reception buffer in bytes ...... =     31085740
 Size of async. emission buffer (bytes).. =     93568076
 Small emission buffer (bytes) .......... =       341556
 ** Memory allocated, max in Mbytes             (INFOG(18)):        7672

 ** Memory allocated, total in Mbytes           (INFOG(19)):      289894
 ** Memory effectively used, max in  Mbytes     (INFOG(21)):        1881
 ** Memory effectively used, total in Mbytes    (INFOG(22)):       63663

 Elapsed time to process root node                  =      0.1266

 Elapsed time for factorization                     =     84.8863

Leaving factorization with ...
 RINFOG (2) Operations in node assembly             = 2.565E+10
 ------ (3) Operations in node elimination          = 2.051E+13
 ICNTL  (8) Scaling effectively used                =               7
 INFOG  (9) Real space for factors                  =      3602573403
 INFOG (10) Integer space for factors               =        32166285
 INFOG (11) Maximum front size                      =           14334
 INFOG (29) Number of entries in factors            =      3602573403
 INFOG (12) Number of off diagonal pivots           =               0
 INFOG (13) Number of delayed pivots                =               0
 RINFOG(19) Smallest pivot WITH perturbed pivots    = 2.819E-02
 RINFOG(20) Smallest pivot WITHOUT perturbed pivots = 2.819E-02
 RINFOG(21) Largest pivot in absolute value         = 1.000E+00
 INFOG (24) Effective value of ICNTL(12)            =               1
 INFOG (14) Number of memory compress               =              19

 Elapsed time in factorization driver               =     86.0465

Entering DMUMPS 5.8.1 from C interface with JOB, N =   3     1498023
      executing #MPI =    128, without OMP

Advanced settings:
   KEEP(370) Static mapping              =         1
   KEEP(371) Advanced optimizations      =         0



 ****** SOLVE & CHECK STEP ********

 GLOBAL STATISTICS PRIOR SOLVE PHASE ...........
 Number of right-hand-sides                    =           1
 Blocking factor for multiple rhs              =           1
 ICNTL (9)                                     =           1
  --- (10)                                     =           2
  --- (11)                                     =           0
  --- (20)                                     =           0
  --- (21)                                     =           1
  --- (30)                                     =           0
  --- (35)                                     =           0
  --- (48) (effective)                         =           0
 WARNING:  Incompatible features: nrhs>1 or distrib sol and Iter. Ref and/or Err. Anal.
 WARNING: ICNTL(10) treated as if set to 0 
 ** Rank of processor needing largest memory in solve     :         3
 ** Space in MBYTES used by this processor for solve      :      7547
 ** Avg. Space in MBYTES per working proc during solve    :      2138
 
 Leaving solve with ...
 Time to build/scatter RHS        =       0.028279
 Time in solution step (fwd/bwd)  =       0.627639
  .. Time in forward (fwd) step   =          0.169477
  .. Time in ScaLAPACK root       =          0.006413
  .. Time in backward (bwd) step  =          0.449291
 Time to gather solution(cent.sol)=       0.000000
 Time for distributed solution    =       0.000895

 Elapsed time in solve driver=       0.6874

Entering DMUMPS 5.8.1 from C interface with JOB =  -2
      executing #MPI =    128, without OMP
||Ax - b||_2 = 1.282146e-08
