
Entering DMUMPS 5.8.1 from C interface with JOB, N =   1    23947347
      executing #MPI =     64, without OMP

Advanced settings:
   KEEP(370) Static mapping              =         1
   KEEP(371) Advanced optimizations      =         0

 =================================================
  MUMPS compiled with option -DAVOID_MPI_IN_PLACE
 MUMPS compiled with option -Dmetis
 MUMPS compiled with option -Dparmetis
 MUMPS compiled with option -Dpord
 MUMPS compiled with option -Dptscotch
 MUMPS compiled with option -Dscotch
 =================================================
L U Solver for unsymmetric matrices
Type of parallelism: Working host

 ****** ANALYSIS STEP ********

 ** Maximum transversal (ICNTL(6)) not allowed because matrix is distributed
 Parallel analysis, processing a graph of size:  23947347
 Using ParMETIS for parallel ordering
 ELAPSED time in parallel ordering       =      6.7179
 WARNING: Largest root node of size       290 not selected for parallel execution

Leaving analysis phase with  ...
 INFOG(1)                                       =               0
 INFOG(2)                                       =               0
 -- (20) Number of entries in factors (estim.)  =       624410195
 --  (3) Real space for factors    (estimated)  =       624410195
 --  (4) Integer space for factors (estimated)  =       100715720
 --  (5) Maximum frontal size      (estimated)  =             723
 --  (6) Number of nodes in the tree            =         1726275
 -- (32) Type of analysis effectively used      =               2
 --  (7) Ordering option effectively used       =               2
 ICNTL (6) Maximum transversal option           =               0
 ICNTL (7) Pivot order option                   =               5
 ICNTL(12) Ordering symmetric indef. matrices   =               1
 ICNTL(13) Parallelism/splitting of root node   =               0
 ICNTL(14) Percentage of memory relaxation      =             500
 ICNTL(15) Analysis by block effectively used   =               0
 ICNTL(18) Distributed input matrix (on if >0)  =               3
 ICNTL(32) Forward elimination during facto.    =               0
 ICNTL(35) BLR activation                       =               0
 ICNTL(48) Tree based multithreading (effective)=               0
 ICNTL(58) Symbolic factorization option        =               2
 Number of level 2 nodes                        =               0
 Number of split nodes                          =               0
 RINFOG(1) Operations during elimination (estim)= 1.329E+10
 Distributed matrix entry format (ICNTL(18))    =               3

 MEMORY ESTIMATIONS ... 
 Estimations with standard Full-Rank (FR) factorization:
    Max. estimated space for factors per compute node       :        64181935
    Maximum estim. space in Mbytes, IC facto.    (INFOG(16)):            1595
    Total space in MBytes, IC factorization      (INFOG(17)):           70367
    Max. estim. space per compute node, in MBytes, IC fact  :            5846
    Maximum estim. space in Mbytes, OOC facto.   (INFOG(26)):             869
    Total space in MBytes,  OOC factorization    (INFOG(27)):           48252
    Max. estim. space per compute node, in MBytes, OOC fact :            3364

 Elapsed time in analysis driver=      19.6683

Entering DMUMPS 5.8.1 from C interface with JOB, N =   2    23947347
      executing #MPI =     64, without OMP

Advanced settings:
   KEEP(370) Static mapping              =         1
   KEEP(371) Advanced optimizations      =         0



****** FACTORIZATION STEP ********

 GLOBAL STATISTICS PRIOR NUMERICAL FACTORIZATION ...
 Number of working processes                =              64
 ICNTL(22) Out-of-core option               =               0
 ICNTL(35) BLR activation (eff. choice)     =               0
 ICNTL(37) BLR CB compression (eff. choice) =               0
 ICNTL(49) Compact workarray S (end facto.) =               0
 ICNTL(56) Effective value during facto.    =               0
 ICNTL(14) Memory relaxation                =             500
 INFOG(3) Real space for factors (estimated)=       624410195
 INFOG(4) Integer space for factors (estim.)=       100715720
 Maximum frontal size (estimated)           =             723
 Number of nodes in the tree                =         1726275
 ICNTL(23) Memory allowed (value on host)   =               0
           Sum over all procs               =               0
 Memory provided by user, sum of LWK_USER   =               0
 Effective threshold for pivoting, CNTL(1)  =      0.1000E-01

 Statistics on the scaling phase
 Elapsed time for scaling                   =      2.8865
 Max difference from 1 after scaling the entries for ONE-NORM (option 7/8)   = 0.17E+01

 Average Effective size of S     (based on INFO(39))=             59370503

 Redistrib: total data local/sent           =          692409        57016215
 Elapsed time to reformat/distribute matrix =      0.1228


 Allocated buffers
 ------------------
 Size of reception buffer in bytes ...... =      2864204
 Size of async. emission buffer (bytes).. =      8621252
 Small emission buffer (bytes) .......... =        81920
 ** Memory allocated, max in Mbytes             (INFOG(18)):        1595

 ** Memory allocated, total in Mbytes           (INFOG(19)):       71370
 ** Memory effectively used, max in  Mbytes     (INFOG(21)):        1518
 ** Memory effectively used, total in Mbytes    (INFOG(22)):       59209
 ** Max. effective space per compute node, in MBytes       :        4651

 Elapsed time for (failed) factorization            =      4.9218

Leaving factorization with ...
 RINFOG (2) Operations in node assembly             = 1.549E+09
 ------ (3) Operations in node elimination          = 4.149E+11
 ICNTL  (8) Scaling effectively used                =               7
 INFOG  (9) Real space for factors                  =       781562342
 INFOG (10) Integer space for factors               =        44884486
 INFOG (11) Maximum front size                      =           10012
 INFOG (29) Number of entries in factors            =       500441498
 INFOG (12) Number of off diagonal pivots           =         5300368
 INFOG (13) Number of delayed pivots                =         4229929
 RINFOG(19) Smallest pivot WITH perturbed pivots    = 7.466-210
 RINFOG(20) Smallest pivot WITHOUT perturbed pivots = 7.466-210
 RINFOG(21) Largest pivot in absolute value         = 2.854E+03
 INFOG (24) Effective value of ICNTL(12)            =               1
 INFOG (14) Number of memory compress               =              41
 Extra copies due to In-Place stacking              =        30474218

 Elapsed time in factorization driver               =      7.9514
 ** ERROR RETURN ** FROM DMUMPS INFO(1)=   -1
 ** INFO(2)=              40
 On return from DMUMPS, INFOG(1)=              -9
 On return from DMUMPS, INFOG(2)=        56865326

Entering DMUMPS 5.8.1 from C interface with JOB =  -2
      executing #MPI =     64, without OMP
||Ax - b||_2 = inf
 ** ERROR RETURN ** FROM DMUMPS INFO(1)=   -1
 ** INFO(2)=              40
 ** ERROR RETURN ** FROM DMUMPS INFO(1)=   -1
 ** INFO(2)=              40
 ** ERROR RETURN ** FROM DMUMPS INFO(1)=   -1
 ** INFO(2)=              40
 ** ERROR RETURN ** FROM DMUMPS INFO(1)=   -1
 ** INFO(2)=              40
 ** ERROR RETURN ** FROM DMUMPS INFO(1)=   -1
 ** INFO(2)=              40
 ** ERROR RETURN ** FROM DMUMPS INFO(1)=   -1
 ** INFO(2)=              40
 ** ERROR RETURN ** FROM DMUMPS INFO(1)=   -1
 ** INFO(2)=              59
 ** ERROR RETURN ** FROM DMUMPS INFO(1)=   -9
 ** INFO(2)=        16260704
 ** ERROR RETURN ** FROM DMUMPS INFO(1)=   -1
 ** INFO(2)=              40
 ** ERROR RETURN ** FROM DMUMPS INFO(1)=   -1
 ** INFO(2)=              40
 ** ERROR RETURN ** FROM DMUMPS INFO(1)=   -9
 ** INFO(2)=         6254344
 ** ERROR RETURN ** FROM DMUMPS INFO(1)=   -1
 ** INFO(2)=              15
 ** ERROR RETURN ** FROM DMUMPS INFO(1)=   -1
 ** INFO(2)=              40
 ** ERROR RETURN ** FROM DMUMPS INFO(1)=   -1
 ** INFO(2)=              40
 ** ERROR RETURN ** FROM DMUMPS INFO(1)=   -1
 ** INFO(2)=              40
 ** ERROR RETURN ** FROM DMUMPS INFO(1)=   -1
 ** INFO(2)=              40
 ** ERROR RETURN ** FROM DMUMPS INFO(1)=   -1
 ** INFO(2)=              15
 ** ERROR RETURN ** FROM DMUMPS INFO(1)=   -1
 ** INFO(2)=              15
 ** ERROR RETURN ** FROM DMUMPS INFO(1)=   -1
 ** INFO(2)=              40
 ** ERROR RETURN ** FROM DMUMPS INFO(1)=   -1
 ** INFO(2)=              40
 ** ERROR RETURN ** FROM DMUMPS INFO(1)=   -1
 ** INFO(2)=              40
 ** ERROR RETURN ** FROM DMUMPS INFO(1)=   -1
 ** INFO(2)=              40
 ** ERROR RETURN ** FROM DMUMPS INFO(1)=   -1
 ** INFO(2)=              40
 ** ERROR RETURN ** FROM DMUMPS INFO(1)=   -1
 ** INFO(2)=              40
 ** ERROR RETURN ** FROM DMUMPS INFO(1)=   -1
 ** INFO(2)=               8
 ** ERROR RETURN ** FROM DMUMPS INFO(1)=   -9
 ** INFO(2)=        56865326
 ** ERROR RETURN ** FROM DMUMPS INFO(1)=   -1
 ** INFO(2)=              40
 ** ERROR RETURN ** FROM DMUMPS INFO(1)=   -1
 ** INFO(2)=              40
 ** ERROR RETURN ** FROM DMUMPS INFO(1)=   -1
 ** INFO(2)=              40
 ** ERROR RETURN ** FROM DMUMPS INFO(1)=   -1
 ** INFO(2)=              40
 ** ERROR RETURN ** FROM DMUMPS INFO(1)=   -1
 ** INFO(2)=              40
 ** ERROR RETURN ** FROM DMUMPS INFO(1)=   -1
 ** INFO(2)=              40
 ** ERROR RETURN ** FROM DMUMPS INFO(1)=   -1
 ** INFO(2)=              47
 ** ERROR RETURN ** FROM DMUMPS INFO(1)=   -1
 ** INFO(2)=              59
 ** ERROR RETURN ** FROM DMUMPS INFO(1)=   -9
 ** INFO(2)=         4060486
 ** ERROR RETURN ** FROM DMUMPS INFO(1)=   -1
 ** INFO(2)=              40
 ** ERROR RETURN ** FROM DMUMPS INFO(1)=   -9
 ** INFO(2)=        10597791
 ** ERROR RETURN ** FROM DMUMPS INFO(1)=   -1
 ** INFO(2)=              40
 ** ERROR RETURN ** FROM DMUMPS INFO(1)=   -1
 ** INFO(2)=              40
 ** ERROR RETURN ** FROM DMUMPS INFO(1)=   -1
 ** INFO(2)=              40
 ** ERROR RETURN ** FROM DMUMPS INFO(1)=   -1
 ** INFO(2)=              40
 ** ERROR RETURN ** FROM DMUMPS INFO(1)=   -1
 ** INFO(2)=              47
 ** ERROR RETURN ** FROM DMUMPS INFO(1)=   -1
 ** INFO(2)=              40
 ** ERROR RETURN ** FROM DMUMPS INFO(1)=   -1
 ** INFO(2)=              40
 ** ERROR RETURN ** FROM DMUMPS INFO(1)=   -1
 ** INFO(2)=              40
 ** ERROR RETURN ** FROM DMUMPS INFO(1)=   -1
 ** INFO(2)=              40
 ** ERROR RETURN ** FROM DMUMPS INFO(1)=   -1
 ** INFO(2)=              40
 ** ERROR RETURN ** FROM DMUMPS INFO(1)=   -9
 ** INFO(2)=         9905297
 ** ERROR RETURN ** FROM DMUMPS INFO(1)=   -1
 ** INFO(2)=              40
 ** ERROR RETURN ** FROM DMUMPS INFO(1)=   -1
 ** INFO(2)=              40
 ** ERROR RETURN ** FROM DMUMPS INFO(1)=   -1
 ** INFO(2)=              40
 ** ERROR RETURN ** FROM DMUMPS INFO(1)=   -1
 ** INFO(2)=              40
 ** ERROR RETURN ** FROM DMUMPS INFO(1)=   -1
 ** INFO(2)=              40
 ** ERROR RETURN ** FROM DMUMPS INFO(1)=   -1
 ** INFO(2)=              15
 ** ERROR RETURN ** FROM DMUMPS INFO(1)=   -1
 ** INFO(2)=              59
 ** ERROR RETURN ** FROM DMUMPS INFO(1)=   -1
 ** INFO(2)=               8
 ** ERROR RETURN ** FROM DMUMPS INFO(1)=   -1
 ** INFO(2)=              40
 ** ERROR RETURN ** FROM DMUMPS INFO(1)=   -1
 ** INFO(2)=              40
 ** ERROR RETURN ** FROM DMUMPS INFO(1)=   -1
 ** INFO(2)=              40
 ** ERROR RETURN ** FROM DMUMPS INFO(1)=   -1
 ** INFO(2)=              40
 ** ERROR RETURN ** FROM DMUMPS INFO(1)=   -1
 ** INFO(2)=              40
 ** ERROR RETURN ** FROM DMUMPS INFO(1)=   -1
 ** INFO(2)=              40
 ** ERROR RETURN ** FROM DMUMPS INFO(1)=   -1
 ** INFO(2)=              40
