
Entering SMUMPS 5.8.1 from C interface with JOB, N =   1    23947347
      executing #MPI =    128, without OMP

Advanced settings:
   KEEP(370) Static mapping              =         1
   KEEP(371) Advanced optimizations      =         0

 =================================================
  MUMPS compiled with option -DAVOID_MPI_IN_PLACE
 MUMPS compiled with option -Dmetis
 MUMPS compiled with option -Dparmetis
 MUMPS compiled with option -Dpord
 MUMPS compiled with option -Dptscotch
 MUMPS compiled with option -Dscotch
 =================================================
L U Solver for unsymmetric matrices
Type of parallelism: Working host

 ****** ANALYSIS STEP ********

 ** Maximum transversal (ICNTL(6)) not allowed because matrix is distributed
 Parallel analysis, processing a graph of size:  23947347
 Using ParMETIS for parallel ordering
 ELAPSED time in parallel ordering       =      6.2564

Leaving analysis phase with  ...
 INFOG(1)                                       =               0
 INFOG(2)                                       =               0
 -- (20) Number of entries in factors (estim.)  =       624423557
 --  (3) Real space for factors    (estimated)  =       624423557
 --  (4) Integer space for factors (estimated)  =       100725906
 --  (5) Maximum frontal size      (estimated)  =             672
 --  (6) Number of nodes in the tree            =         1726351
 -- (32) Type of analysis effectively used      =               2
 --  (7) Ordering option effectively used       =               2
 ICNTL (6) Maximum transversal option           =               0
 ICNTL (7) Pivot order option                   =               5
 ICNTL(12) Ordering symmetric indef. matrices   =               1
 ICNTL(13) Parallelism/splitting of root node   =               0
 ICNTL(14) Percentage of memory relaxation      =             500
 ICNTL(15) Analysis by block effectively used   =               0
 ICNTL(18) Distributed input matrix (on if >0)  =               3
 ICNTL(32) Forward elimination during facto.    =               0
 ICNTL(35) BLR activation                       =               0
 ICNTL(48) Tree based multithreading (effective)=               0
 ICNTL(58) Symbolic factorization option        =               2
 Number of level 2 nodes                        =               0
 Number of split nodes                          =               0
 RINFOG(1) Operations during elimination (estim)= 1.305E+10
 Distributed matrix entry format (ICNTL(18))    =               3

 MEMORY ESTIMATIONS ... 
 Estimations with standard Full-Rank (FR) factorization:
    Max. estimated space for factors per compute node       :        57568519
    Maximum estim. space in Mbytes, IC facto.    (INFOG(16)):             810
    Total space in MBytes, IC factorization      (INFOG(17)):           88370
    Max. estim. space per compute node, in MBytes, IC fact  :            6138
    Maximum estim. space in Mbytes, OOC facto.   (INFOG(26)):             717
    Total space in MBytes,  OOC factorization    (INFOG(27)):           85490
    Max. estim. space per compute node, in MBytes, OOC fact :            5594

 Elapsed time in analysis driver=      22.3252

Entering SMUMPS 5.8.1 from C interface with JOB, N =   2    23947347
      executing #MPI =    128, without OMP

Advanced settings:
   KEEP(370) Static mapping              =         1
   KEEP(371) Advanced optimizations      =         0



****** FACTORIZATION STEP ********

 GLOBAL STATISTICS PRIOR NUMERICAL FACTORIZATION ...
 Number of working processes                =             128
 ICNTL(22) Out-of-core option               =               0
 ICNTL(35) BLR activation (eff. choice)     =               0
 ICNTL(37) BLR CB compression (eff. choice) =               0
 ICNTL(49) Compact workarray S (end facto.) =               0
 ICNTL(56) Effective value during facto.    =               0
 ICNTL(14) Memory relaxation                =             500
 INFOG(3) Real space for factors (estimated)=       624423557
 INFOG(4) Integer space for factors (estim.)=       100725906
 Maximum frontal size (estimated)           =             672
 Number of nodes in the tree                =         1726351
 ICNTL(23) Memory allowed (value on host)   =               0
           Sum over all procs               =               0
 Memory provided by user, sum of LWK_USER   =               0
 Effective threshold for pivoting, CNTL(1)  =      0.1000E-01

 Statistics on the scaling phase
 Elapsed time for scaling                   =      3.2687
 Max difference from 1 after scaling the entries for ONE-NORM (option 7/8)   = 0.17E+01

 Average Effective size of S     (based on INFO(39))=             29787704

 Redistrib: total data local/sent           =          354991        57353633
 Elapsed time to reformat/distribute matrix =      0.0930


 Allocated buffers
 ------------------
 Size of reception buffer in bytes ...... =      1441692
 Size of async. emission buffer (bytes).. =      4339492
 Small emission buffer (bytes) .......... =       327680
 ** Memory allocated, max in Mbytes             (INFOG(18)):         810

 ** Memory allocated, total in Mbytes           (INFOG(19)):       88617
 ** Memory effectively used, max in  Mbytes     (INFOG(21)):         768
 ** Memory effectively used, total in Mbytes    (INFOG(22)):       81016
 ** Max. effective space per compute node, in MBytes       :        5451

 Elapsed time for (failed) factorization            =      0.5529

Leaving factorization with ...
 RINFOG (2) Operations in node assembly             = 1.216E+09
 ------ (3) Operations in node elimination          = 2.763E+11
 ICNTL  (8) Scaling effectively used                =               7
 INFOG  (9) Real space for factors                  =       811999617
 INFOG (10) Integer space for factors               =        54372710
 INFOG (11) Maximum front size                      =            6561
 INFOG (29) Number of entries in factors            =       568852148
 INFOG (12) Number of off diagonal pivots           =         6486244
 INFOG (13) Number of delayed pivots                =         4867214
 RINFOG(19) Smallest pivot WITH perturbed pivots    = 1.185E-38
 RINFOG(20) Smallest pivot WITHOUT perturbed pivots = 1.185E-38
 RINFOG(21) Largest pivot in absolute value         = 1.096E+04
 INFOG (24) Effective value of ICNTL(12)            =               1
 INFOG (14) Number of memory compress               =              31
 Extra copies due to In-Place stacking              =         4743725

 Elapsed time in factorization driver               =      3.9210
 ** ERROR RETURN ** FROM SMUMPS INFO(1)=   -1
 ** INFO(2)=              37
 On return from SMUMPS, INFOG(1)=              -9
 On return from SMUMPS, INFOG(2)=         9135321

Entering SMUMPS 5.8.1 from C interface with JOB =  -2
      executing #MPI =    128, without OMP
||Ax - b||_2 = inf
 ** ERROR RETURN ** FROM SMUMPS INFO(1)=   -1
 ** INFO(2)=              37
 ** ERROR RETURN ** FROM SMUMPS INFO(1)=   -1
 ** INFO(2)=              37
 ** ERROR RETURN ** FROM SMUMPS INFO(1)=   -1
 ** INFO(2)=              37
 ** ERROR RETURN ** FROM SMUMPS INFO(1)=   -1
 ** INFO(2)=              37
 ** ERROR RETURN ** FROM SMUMPS INFO(1)=   -1
 ** INFO(2)=              37
 ** ERROR RETURN ** FROM SMUMPS INFO(1)=   -1
 ** INFO(2)=              37
 ** ERROR RETURN ** FROM SMUMPS INFO(1)=   -1
 ** INFO(2)=              37
 ** ERROR RETURN ** FROM SMUMPS INFO(1)=   -1
 ** INFO(2)=              37
 ** ERROR RETURN ** FROM SMUMPS INFO(1)=   -1
 ** INFO(2)=              37
 ** ERROR RETURN ** FROM SMUMPS INFO(1)=   -1
 ** INFO(2)=              37
 ** ERROR RETURN ** FROM SMUMPS INFO(1)=   -1
 ** INFO(2)=              37
 ** ERROR RETURN ** FROM SMUMPS INFO(1)=   -1
 ** INFO(2)=              37
 ** ERROR RETURN ** FROM SMUMPS INFO(1)=   -1
 ** INFO(2)=              37
 ** ERROR RETURN ** FROM SMUMPS INFO(1)=   -1
 ** INFO(2)=             122
 ** ERROR RETURN ** FROM SMUMPS INFO(1)=   -1
 ** INFO(2)=              37
 ** ERROR RETURN ** FROM SMUMPS INFO(1)=   -1
 ** INFO(2)=              37
 ** ERROR RETURN ** FROM SMUMPS INFO(1)=   -1
 ** INFO(2)=              37
 ** ERROR RETURN ** FROM SMUMPS INFO(1)=   -1
 ** INFO(2)=              37
 ** ERROR RETURN ** FROM SMUMPS INFO(1)=   -1
 ** INFO(2)=              37
 ** ERROR RETURN ** FROM SMUMPS INFO(1)=   -1
 ** INFO(2)=             122
 ** ERROR RETURN ** FROM SMUMPS INFO(1)=   -1
 ** INFO(2)=              37
 ** ERROR RETURN ** FROM SMUMPS INFO(1)=   -1
 ** INFO(2)=              37
 ** ERROR RETURN ** FROM SMUMPS INFO(1)=   -1
 ** INFO(2)=              37
 ** ERROR RETURN ** FROM SMUMPS INFO(1)=   -1
 ** INFO(2)=              37
 ** ERROR RETURN ** FROM SMUMPS INFO(1)=   -1
 ** INFO(2)=             122
 ** ERROR RETURN ** FROM SMUMPS INFO(1)=   -1
 ** INFO(2)=              37
 ** ERROR RETURN ** FROM SMUMPS INFO(1)=   -1
 ** INFO(2)=              37
 ** ERROR RETURN ** FROM SMUMPS INFO(1)=   -1
 ** INFO(2)=              37
 ** ERROR RETURN ** FROM SMUMPS INFO(1)=   -1
 ** INFO(2)=              37
 ** ERROR RETURN ** FROM SMUMPS INFO(1)=   -1
 ** INFO(2)=              37
 ** ERROR RETURN ** FROM SMUMPS INFO(1)=   -1
 ** INFO(2)=              37
 ** ERROR RETURN ** FROM SMUMPS INFO(1)=   -1
 ** INFO(2)=             122
 ** ERROR RETURN ** FROM SMUMPS INFO(1)=   -1
 ** INFO(2)=              37
 ** ERROR RETURN ** FROM SMUMPS INFO(1)=   -1
 ** INFO(2)=              37
 ** ERROR RETURN ** FROM SMUMPS INFO(1)=   -9
 ** INFO(2)=         1162055
 ** ERROR RETURN ** FROM SMUMPS INFO(1)=   -1
 ** INFO(2)=              37
 ** ERROR RETURN ** FROM SMUMPS INFO(1)=   -1
 ** INFO(2)=              37
 ** ERROR RETURN ** FROM SMUMPS INFO(1)=   -1
 ** INFO(2)=              37
 ** ERROR RETURN ** FROM SMUMPS INFO(1)=   -1
 ** INFO(2)=              37
 ** ERROR RETURN ** FROM SMUMPS INFO(1)=   -1
 ** INFO(2)=              37
 ** ERROR RETURN ** FROM SMUMPS INFO(1)=   -1
 ** INFO(2)=              37
 ** ERROR RETURN ** FROM SMUMPS INFO(1)=   -1
 ** INFO(2)=              37
 ** ERROR RETURN ** FROM SMUMPS INFO(1)=   -1
 ** INFO(2)=              37
 ** ERROR RETURN ** FROM SMUMPS INFO(1)=   -1
 ** INFO(2)=              37
 ** ERROR RETURN ** FROM SMUMPS INFO(1)=   -1
 ** INFO(2)=              37
 ** ERROR RETURN ** FROM SMUMPS INFO(1)=   -1
 ** INFO(2)=              37
 ** ERROR RETURN ** FROM SMUMPS INFO(1)=   -1
 ** INFO(2)=              37
 ** ERROR RETURN ** FROM SMUMPS INFO(1)=   -1
 ** INFO(2)=              73
 ** ERROR RETURN ** FROM SMUMPS INFO(1)=   -1
 ** INFO(2)=              37
 ** ERROR RETURN ** FROM SMUMPS INFO(1)=   -1
 ** INFO(2)=              37
 FAILURE, WORKSPACE TOO SMALL DURING SMUMPS_PROCESS_NODE                
 ** ERROR RETURN ** FROM SMUMPS INFO(1)=   -9
 ** INFO(2)=         9135321
 ** ERROR RETURN ** FROM SMUMPS INFO(1)=   -1
 ** INFO(2)=              37
 ** ERROR RETURN ** FROM SMUMPS INFO(1)=   -1
 ** INFO(2)=              19
 ** ERROR RETURN ** FROM SMUMPS INFO(1)=   -1
 ** INFO(2)=              37
 FAILURE, WORKSPACE TOO SMALL DURING SMUMPS_PROCESS_NODE                
 ** ERROR RETURN ** FROM SMUMPS INFO(1)=   -9
 ** INFO(2)=         2374190
 ** ERROR RETURN ** FROM SMUMPS INFO(1)=   -1
 ** INFO(2)=              37
 ** ERROR RETURN ** FROM SMUMPS INFO(1)=   -1
 ** INFO(2)=              37
 ** ERROR RETURN ** FROM SMUMPS INFO(1)=   -1
 ** INFO(2)=              37
 ** ERROR RETURN ** FROM SMUMPS INFO(1)=   -1
 ** INFO(2)=              37
 ** ERROR RETURN ** FROM SMUMPS INFO(1)=   -1
 ** INFO(2)=              37
 ** ERROR RETURN ** FROM SMUMPS INFO(1)=   -1
 ** INFO(2)=              37
 ** ERROR RETURN ** FROM SMUMPS INFO(1)=   -1
 ** INFO(2)=              37
 ** ERROR RETURN ** FROM SMUMPS INFO(1)=   -1
 ** INFO(2)=              37
 ** ERROR RETURN ** FROM SMUMPS INFO(1)=   -1
 ** INFO(2)=              37
 ** ERROR RETURN ** FROM SMUMPS INFO(1)=   -1
 ** INFO(2)=              37
 ** ERROR RETURN ** FROM SMUMPS INFO(1)=   -1
 ** INFO(2)=              37
 ** ERROR RETURN ** FROM SMUMPS INFO(1)=   -1
 ** INFO(2)=              37
 ** ERROR RETURN ** FROM SMUMPS INFO(1)=   -1
 ** INFO(2)=             122
 ** ERROR RETURN ** FROM SMUMPS INFO(1)=   -1
 ** INFO(2)=              37
 ** ERROR RETURN ** FROM SMUMPS INFO(1)=   -1
 ** INFO(2)=              37
 ** ERROR RETURN ** FROM SMUMPS INFO(1)=   -1
 ** INFO(2)=              37
 ** ERROR RETURN ** FROM SMUMPS INFO(1)=   -1
 ** INFO(2)=              37
 ** ERROR RETURN ** FROM SMUMPS INFO(1)=   -1
 ** INFO(2)=              37
 ** ERROR RETURN ** FROM SMUMPS INFO(1)=   -1
 ** INFO(2)=              37
 ** ERROR RETURN ** FROM SMUMPS INFO(1)=   -1
 ** INFO(2)=              37
 ** ERROR RETURN ** FROM SMUMPS INFO(1)=   -1
 ** INFO(2)=              37
 ** ERROR RETURN ** FROM SMUMPS INFO(1)=   -1
 ** INFO(2)=              37
 ** ERROR RETURN ** FROM SMUMPS INFO(1)=   -1
 ** INFO(2)=              37
 ** ERROR RETURN ** FROM SMUMPS INFO(1)=   -1
 ** INFO(2)=              37
 ** ERROR RETURN ** FROM SMUMPS INFO(1)=   -9
 ** INFO(2)=        11290270
 ** ERROR RETURN ** FROM SMUMPS INFO(1)=   -1
 ** INFO(2)=              37
 ** ERROR RETURN ** FROM SMUMPS INFO(1)=   -1
 ** INFO(2)=              37
 ** ERROR RETURN ** FROM SMUMPS INFO(1)=   -1
 ** INFO(2)=              37
 ** ERROR RETURN ** FROM SMUMPS INFO(1)=   -1
 ** INFO(2)=              37
 ** ERROR RETURN ** FROM SMUMPS INFO(1)=   -1
 ** INFO(2)=              37
 ** ERROR RETURN ** FROM SMUMPS INFO(1)=   -1
 ** INFO(2)=              37
 ** ERROR RETURN ** FROM SMUMPS INFO(1)=   -1
 ** INFO(2)=              37
 ** ERROR RETURN ** FROM SMUMPS INFO(1)=   -1
 ** INFO(2)=              37
 ** ERROR RETURN ** FROM SMUMPS INFO(1)=   -1
 ** INFO(2)=              37
 ** ERROR RETURN ** FROM SMUMPS INFO(1)=   -1
 ** INFO(2)=              37
 ** ERROR RETURN ** FROM SMUMPS INFO(1)=   -1
 ** INFO(2)=              37
 ** ERROR RETURN ** FROM SMUMPS INFO(1)=   -1
 ** INFO(2)=              37
 ** ERROR RETURN ** FROM SMUMPS INFO(1)=   -9
 ** INFO(2)=         3803501
 ** ERROR RETURN ** FROM SMUMPS INFO(1)=   -1
 ** INFO(2)=              37
 ** ERROR RETURN ** FROM SMUMPS INFO(1)=   -1
 ** INFO(2)=              37
 ** ERROR RETURN ** FROM SMUMPS INFO(1)=   -1
 ** INFO(2)=              37
 ** ERROR RETURN ** FROM SMUMPS INFO(1)=   -1
 ** INFO(2)=              37
 ** ERROR RETURN ** FROM SMUMPS INFO(1)=   -1
 ** INFO(2)=              37
 ** ERROR RETURN ** FROM SMUMPS INFO(1)=   -1
 ** INFO(2)=              37
 ** ERROR RETURN ** FROM SMUMPS INFO(1)=   -1
 ** INFO(2)=              37
 ** ERROR RETURN ** FROM SMUMPS INFO(1)=   -1
 ** INFO(2)=              37
 ** ERROR RETURN ** FROM SMUMPS INFO(1)=   -1
 ** INFO(2)=              37
 ** ERROR RETURN ** FROM SMUMPS INFO(1)=   -1
 ** INFO(2)=              37
 ** ERROR RETURN ** FROM SMUMPS INFO(1)=   -1
 ** INFO(2)=              37
 ** ERROR RETURN ** FROM SMUMPS INFO(1)=   -1
 ** INFO(2)=              37
 ** ERROR RETURN ** FROM SMUMPS INFO(1)=   -1
 ** INFO(2)=              37
 ** ERROR RETURN ** FROM SMUMPS INFO(1)=   -1
 ** INFO(2)=              37
 ** ERROR RETURN ** FROM SMUMPS INFO(1)=   -1
 ** INFO(2)=              37
 ** ERROR RETURN ** FROM SMUMPS INFO(1)=   -1
 ** INFO(2)=              37
 ** ERROR RETURN ** FROM SMUMPS INFO(1)=   -1
 ** INFO(2)=              37
 ** ERROR RETURN ** FROM SMUMPS INFO(1)=   -1
 ** INFO(2)=              37
 ** ERROR RETURN ** FROM SMUMPS INFO(1)=   -1
 ** INFO(2)=              37
 ** ERROR RETURN ** FROM SMUMPS INFO(1)=   -1
 ** INFO(2)=              37
 ** ERROR RETURN ** FROM SMUMPS INFO(1)=   -1
 ** INFO(2)=              37
 ** ERROR RETURN ** FROM SMUMPS INFO(1)=   -1
 ** INFO(2)=              37
 ** ERROR RETURN ** FROM SMUMPS INFO(1)=   -1
 ** INFO(2)=              37
 ** ERROR RETURN ** FROM SMUMPS INFO(1)=   -1
 ** INFO(2)=              37
 ** ERROR RETURN ** FROM SMUMPS INFO(1)=   -1
 ** INFO(2)=              37
 ** ERROR RETURN ** FROM SMUMPS INFO(1)=   -1
 ** INFO(2)=              37
 ** ERROR RETURN ** FROM SMUMPS INFO(1)=   -1
 ** INFO(2)=              37
 ** ERROR RETURN ** FROM SMUMPS INFO(1)=   -1
 ** INFO(2)=              37
 ** ERROR RETURN ** FROM SMUMPS INFO(1)=   -1
 ** INFO(2)=              37
 ** ERROR RETURN ** FROM SMUMPS INFO(1)=   -1
 ** INFO(2)=              37
 ** ERROR RETURN ** FROM SMUMPS INFO(1)=   -1
 ** INFO(2)=              37
 ** ERROR RETURN ** FROM SMUMPS INFO(1)=   -1
 ** INFO(2)=              37
 ** ERROR RETURN ** FROM SMUMPS INFO(1)=   -1
 ** INFO(2)=              37
 ** ERROR RETURN ** FROM SMUMPS INFO(1)=   -1
 ** INFO(2)=              37
