
=== CPARDISO: solving a real nonsymmetric system ===
Distributed Matrix Input Format is used for CPARDISO (iparm(40) = 2)
0-based array is turned ON
CPARDISO double precision computation is turned ON
Parallel METIS algorithm at reorder step is turned ON
Scaling is turned ON
Matching is turned ON


Summary: ( reordering phase )
================

Times:
======
Time spent in calculations of symmetric matrix portrait (fulladj): 0.085216 s
Time spent in reordering of the initial matrix (reorder)         : 0.129554 s
Time spent in symbolic factorization (symbfct)                   : 0.136938 s
Time spent in data preparations for factorization (parlist)      : 0.000769 s
Time spent in allocation of internal data structures (malloc)    : 0.001827 s
Time spent in matching/scaling                                   : 0.183825 s
Time spent in additional calculations                            : 0.206240 s
Total time spent                                                 : 0.744369 s

Statistics:
===========
Parallel Direct Factorization is running on 8 MPI and 1 OpenMP per MPI process

< Linear system Ax = b >
             number of equations:           108384
             number of non-zeros in A:      10167624
             number of non-zeros in A (%): 0.086554

             number of right-hand sides:    1

< Factors L and U >
             number of columns for each panel: 128
             number of independent subgraphs:  0
             number of supernodes:                    6763
             size of largest supernode:               972
             number of non-zeros in L:                29310408
             number of non-zeros in U:                24695136
             number of non-zeros in L+U:              54005544

Percentage of computed non-zeros for LL^T factorization
 1 %  2 %  3 %  4 %  5 %  6 %  7 %  8 %  9 %  10 %  11 %  12 %  13 %  14 %  15 %  16 %  17 %  18 %  19 %  20 %  22 %  23 %  24 %  25 %  26 %  27 %  28 %  29 %  30 %  31 %  33 %  34 %  35 %  36 %  37 %  38 %  39 %  40 %  41 %  42 %  43 %  44 %  45 %  46 %  47 %  48 %  49 %  51 %  52 %  53 %  54 %  55 %  56 %  57 %  58 %  59 %  60 %  62 %  63 %  64 %  65 %  66 %  67 %  68 %  69 %  70 %  71 %  72 %  73 %  74 %  75 %  76 %  77 %  78 %  79 %  80 %  81 %  83 %  84 %  85 %  86 %  87 %  89 %  91 %  92 %  93 %  94 %  95 %  97 %  99 %  100 % 

=== CPARDISO: solving a real nonsymmetric system ===
Single-level factorization algorithm is turned ON


Summary: ( factorization phase )
================

Times:
======
Time spent in copying matrix to internal data structure (A to LU): 0.000003 s
Time spent in factorization step (numfct)                        : 0.504288 s
Time spent in allocation of internal data structures (malloc)    : 0.000046 s
Time spent in additional calculations                            : 0.000004 s
Total time spent                                                 : 0.504341 s

Statistics:
===========
Parallel Direct Factorization is running on 8 MPI and 1 OpenMP per MPI process

< Linear system Ax = b >
             number of equations:           108384
             number of non-zeros in A:      10167624
             number of non-zeros in A (%): 0.086554

             number of right-hand sides:    1

< Factors L and U >
             number of columns for each panel: 128
             number of independent subgraphs:  0
             number of supernodes:                    6763
             size of largest supernode:               972
             number of non-zeros in L:                29310408
             number of non-zeros in U:                24695136
             number of non-zeros in L+U:              54005544
             gflop   for the numerical factorization: 27.037032

             gflop/s for the numerical factorization: 53.614273


=== CPARDISO: solving a real nonsymmetric system ===


Summary: ( solution phase )
================

Times:
======
Time spent in direct solver at solve step (solve)                : 0.016886 s
Time spent in additional calculations                            : 0.078211 s
Total time spent                                                 : 0.095097 s

Statistics:
===========
Parallel Direct Factorization is running on 8 MPI and 1 OpenMP per MPI process

< Linear system Ax = b >
             number of equations:           108384
             number of non-zeros in A:      10167624
             number of non-zeros in A (%): 0.086554

             number of right-hand sides:    1

< Factors L and U >
             number of columns for each panel: 128
             number of independent subgraphs:  0
             number of supernodes:                    6763
             size of largest supernode:               972
             number of non-zeros in L:                29310408
             number of non-zeros in U:                24695136
             number of non-zeros in L+U:              54005544
             gflop   for the numerical factorization: 27.037032

             gflop/s for the numerical factorization: 53.614273

Number of iterative refinement steps performed         4
Tolerance level in the iterative refinement process    0.000000e+00
Backward error after the iterative refinement process  0.000000e+00
||Ax - b||_2 = 1.360594e-09
