ischedInit: The thread number has been automatically set to 1
ischedInit: The thread number has been automatically set to 1
ischedInit: The thread number has been automatically set to 1
ischedInit: The thread number has been automatically set to 1
ischedInit: The thread number has been automatically set to 1
ischedInit: The thread number has been automatically set to 1
ischedInit: The thread number has been automatically set to 1
ischedInit: The thread number has been automatically set to 1
ischedInit: The thread number has been automatically set to 1
ischedInit: The thread number has been automatically set to 1
ischedInit: The thread number has been automatically set to 1
ischedInit: The thread number has been automatically set to 1
ischedInit: The thread number has been automatically set to 1
ischedInit: The thread number has been automatically set to 1
ischedInit: The thread number has been automatically set to 1
ischedInit: The thread number has been automatically set to 1
ischedInit: The thread number has been automatically set to 1
ischedInit: The thread number has been automatically set to 1
ischedInit: The thread number has been automatically set to 1
ischedInit: The thread number has been automatically set to 1
ischedInit: The thread number has been automatically set to 1
ischedInit: The thread number has been automatically set to 1
ischedInit: The thread number has been automatically set to 1
ischedInit: The thread number has been automatically set to 1
ischedInit: The thread number has been automatically set to 1
ischedInit: The thread number has been automatically set to 1
ischedInit: The thread number has been automatically set to 1
ischedInit: The thread number has been automatically set to 1
ischedInit: The thread number has been automatically set to 1
ischedInit: The thread number has been automatically set to 1
ischedInit: The thread number has been automatically set to 1
ischedInit: The thread number has been automatically set to 1
ischedInit: The thread number has been automatically set to 1
ischedInit: The thread number has been automatically set to 1
ischedInit: The thread number has been automatically set to 1
ischedInit: The thread number has been automatically set to 1
ischedInit: The thread number has been automatically set to 1
ischedInit: The thread number has been automatically set to 1
ischedInit: The thread number has been automatically set to 1
ischedInit: The thread number has been automatically set to 1
ischedInit: The thread number has been automatically set to 1
ischedInit: The thread number has been automatically set to 1
ischedInit: The thread number has been automatically set to 1
ischedInit: The thread number has been automatically set to 1
ischedInit: The thread number has been automatically set to 1
ischedInit: The thread number has been automatically set to 1
ischedInit: The thread number has been automatically set to 1
ischedInit: The thread number has been automatically set to 1
ischedInit: The thread number has been automatically set to 1
ischedInit: The thread number has been automatically set to 1
ischedInit: The thread number has been automatically set to 1
ischedInit: The thread number has been automatically set to 1
ischedInit: The thread number has been automatically set to 1
ischedInit: The thread number has been automatically set to 1
ischedInit: The thread number has been automatically set to 1
ischedInit: The thread number has been automatically set to 1
ischedInit: The thread number has been automatically set to 1
ischedInit: The thread number has been automatically set to 1
ischedInit: The thread number has been automatically set to 1
ischedInit: The thread number has been automatically set to 1
ischedInit: The thread number has been automatically set to 1
ischedInit: The thread number has been automatically set to 1
ischedInit: The thread number has been automatically set to 1
ischedInit: The thread number has been automatically set to 1
ischedInit: The thread number has been automatically set to 1
ischedInit: The thread number has been automatically set to 1
ischedInit: The thread number has been automatically set to 1
ischedInit: The thread number has been automatically set to 1
ischedInit: The thread number has been automatically set to 1
ischedInit: The thread number has been automatically set to 1
ischedInit: The thread number has been automatically set to 1
ischedInit: The thread number has been automatically set to 1
ischedInit: The thread number has been automatically set to 1
ischedInit: The thread number has been automatically set to 1
ischedInit: The thread number has been automatically set to 1
ischedInit: The thread number has been automatically set to 1
ischedInit: The thread number has been automatically set to 1
ischedInit: The thread number has been automatically set to 1
ischedInit: The thread number has been automatically set to 1
ischedInit: The thread number has been automatically set to 1
ischedInit: The thread number has been automatically set to 1
ischedInit: The thread number has been automatically set to 1
ischedInit: The thread number has been automatically set to 1
ischedInit: The thread number has been automatically set to 1
ischedInit: The thread number has been automatically set to 1
ischedInit: The thread number has been automatically set to 1
ischedInit: The thread number has been automatically set to 1
ischedInit: The thread number has been automatically set to 1
ischedInit: The thread number has been automatically set to 1
ischedInit: The thread number has been automatically set to 1
ischedInit: The thread number has been automatically set to 1
ischedInit: The thread number has been automatically set to 1
ischedInit: The thread number has been automatically set to 1
ischedInit: The thread number has been automatically set to 1
ischedInit: The thread number has been automatically set to 1
ischedInit: The thread number has been automatically set to 1
ischedInit: The thread number has been automatically set to 1
ischedInit: The thread number has been automatically set to 1
ischedInit: The thread number has been automatically set to 1
ischedInit: The thread number has been automatically set to 1
ischedInit: The thread number has been automatically set to 1
ischedInit: The thread number has been automatically set to 1
ischedInit: The thread number has been automatically set to 1
ischedInit: The thread number has been automatically set to 1
ischedInit: The thread number has been automatically set to 1
ischedInit: The thread number has been automatically set to 1
ischedInit: The thread number has been automatically set to 1
ischedInit: The thread number has been automatically set to 1
ischedInit: The thread number has been automatically set to 1
ischedInit: The thread number has been automatically set to 1
ischedInit: The thread number has been automatically set to 1
ischedInit: The thread number has been automatically set to 1
ischedInit: The thread number has been automatically set to 1
ischedInit: The thread number has been automatically set to 1
ischedInit: The thread number has been automatically set to 1
ischedInit: The thread number has been automatically set to 1
ischedInit: The thread number has been automatically set to 1
ischedInit: The thread number has been automatically set to 1
ischedInit: The thread number has been automatically set to 1
ischedInit: The thread number has been automatically set to 1
ischedInit: The thread number has been automatically set to 1
ischedInit: The thread number has been automatically set to 1
ischedInit: The thread number has been automatically set to 1
ischedInit: The thread number has been automatically set to 1
ischedInit: The thread number has been automatically set to 1
ischedInit: The thread number has been automatically set to 1
ischedInit: The thread number has been automatically set to 1
ischedInit: The thread number has been automatically set to 1
+-------------------------------------------------+
+     PaStiX : Parallel Sparse matriX package     +
+-------------------------------------------------+
  Version:                                   6.4.0
  Schedulers:
    sequential:                            Enabled
    thread static:                         Started
    thread dynamic:                        Started
    PaRSEC:                               Disabled
    StarPU:                               Disabled
  Number of MPI processes:                     128
  Number of threads per process:                 1
  Number of GPUs:                                0
  MPI communication support:              PastixMpiThreadFunneled
  Distribution level:                     2D( 160)
  Blocking size (min/max):              160 /  320
  Computational models
    CPU:              AMD Opteron 6180 - Intel MKL
    GPU:             Nvidia K40 GK1108L - CUDA 8.0
  Low rank parameters:
    Strategy                        No compression
+-------------------------------------------------+
  Ordering subtask :
    Prepare graph structure:
      Sort row indexes in each column
      Removing diagonal elements
    Ordering method is: Scotch
      Scotch direct strategy
    Time to compute ordering              8.120581e+01 s
+-------------------------------------------------+
  Symbolic factorization subtask:
    Symbol factorization using: Fax Direct
    Symbol Matrix statistics:
      Number of cblk                        393142
      Number of blok                       4311823
      Cblk width min                             1
      Cblk width max                          1925
      Cblk width avg                         17.34
      Cblk width stdev                       11.64
      Blok height min                            1
      Blok height max                         1925
      Blok height avg                         2.91
      Blok height stdev                       5.76
      Memory space                          191.48 Mo
    Number of nonzeroes in L structure    412422831
    Fill-in of L                          15.135538
    Time to compute symbol matrix         1.545548e+00 s
+-------------------------------------------------+
  Reordering subtask:
    Split level                                  0
    Stoping criterion                           -1
    Time for reordering                   4.753699e+00 s
+-------------------------------------------------+
  Mapping/Scheduling subtask:
OUTPUTDIR: pastix-TnRXb4
    Number of cluster                          128
    Number of processor per cluster              1
    Number of thread per MPI process             1
    Symbol Matrix statistics:
      Number of cblk                        393219
      Number of blok                       1774006
      Cblk width min                             1
      Cblk width max                           340
      Cblk width avg                         17.33
      Cblk width stdev                        9.86
      Blok height min                            1
      Blok height max                          340
      Blok height avg                         7.15
      Blok height stdev                      10.88
      Memory space                           94.67 Mo
    Symbol split done in                  3.104348e-01 s
    Elimination tree built in             1.231771e-01 s
    Cost matrix built in                  6.368461e-02 s
    Estimated total cost of the etree     3.371152e+01 s
    Estimated critical path of the etree  0.000000e+00 s
    Proportional mapping done in          4.751273e-02 s
    Simulation structures built in        3.644454e-01 s
    Number of tasks found                   393219
    Simulation done in                    1.605688e+00 s
    Solver built in                       6.827553e-01 s
    Number of non-zeroes in blocked L     824845662
    Fill-in                               30.271076
    Number of operations in full-rank: LU       419.26 GFlops
    Prediction:
      Model                              AMD 6180  MKL
      Time to factorize                   5.140634e+00 s
    Time for mapping/scheduling           3.793066e+00 s
+-------------------------------------------------+
  Analyze task:
    Total time for analyze                9.207931e+01 s
+-------------------------------------------------+
  Factorization task:
    Factorization used: LU
    ||A||_2  =                            5.220023e+03
    Time to initialize internal csc       4.311429e-01 s
    Time to initialize coeftab            5.900908e-02 s
    Time to factorize                     1.790501e+00 s (234.16 GFlop/s)
    Number of operations                       -14022571934870.00  Flops
    Number of static pivots                2516501
    Memory usage of coeftab                       27.8 Mo
    Time to solve                         5.598628e-02 s
    Time to solve                         5.132134e-02 s
    - iteration 1 :
         total iteration time                   0.174 s
         error                                  0
    Time to solve                         5.223359e-02 s
    - iteration 2 :
         total iteration time                   0.12 s
         error                                  0
    Time to solve                         5.184233e-02 s
    - iteration 3 :
         total iteration time                   0.118 s
         error                                  0
    Time to solve                         5.170686e-02 s
    - iteration 4 :
         total iteration time                   0.119 s
         error                                  0
    Time to solve                         5.180440e-02 s
    - iteration 5 :
         total iteration time                   0.119 s
         error                                  0
    Time to solve                         5.158893e-02 s
    - iteration 6 :
         total iteration time                   0.119 s
         error                                  0
    Time to solve                         5.165610e-02 s
    - iteration 7 :
         total iteration time                   0.12 s
         error                                  0
    Time to solve                         5.164330e-02 s
    - iteration 8 :
         total iteration time                   0.118 s
         error                                  0
    Time to solve                         5.155551e-02 s
    - iteration 9 :
         total iteration time                   0.119 s
         error                                  0
    Time to solve                         5.173712e-02 s
    - iteration 10 :
         total iteration time                   0.12 s
         error                                  0
    Time to solve                         5.160628e-02 s
    - iteration 11 :
         total iteration time                   0.118 s
         error                                  0
    Time to solve                         5.168316e-02 s
    - iteration 12 :
         total iteration time                   0.119 s
         error                                  0
    Time to solve                         5.176220e-02 s
    - iteration 13 :
         total iteration time                   0.119 s
         error                                  0
    Time to solve                         5.148848e-02 s
    - iteration 14 :
         total iteration time                   0.119 s
         error                                  0
    Time to solve                         5.159593e-02 s
    - iteration 15 :
         total iteration time                   0.118 s
         error                                  0
    Time to solve                         5.145252e-02 s
    - iteration 16 :
         total iteration time                   0.118 s
         error                                  0
    Time to solve                         5.148720e-02 s
    - iteration 17 :
         total iteration time                   0.118 s
         error                                  0
    Time to solve                         5.149990e-02 s
    - iteration 18 :
         total iteration time                   0.117 s
         error                                  0
    Time to solve                         5.150549e-02 s
    - iteration 19 :
         total iteration time                   0.118 s
         error                                  0
    Time to solve                         5.154559e-02 s
    - iteration 20 :
         total iteration time                   0.118 s
         error                                  0
    Time for refinement                   2.449956e+00 s
||Ax - b||_2 = -nan
