slurmstepd: error: execve(): /scratch/project_465002796/tabaraal/src/experiments: No such file or directory
slurmstepd: error: execve(): /scratch/project_465002796/tabaraal/src/experiments: No such file or directory
slurmstepd: error: execve(): /scratch/project_465002796/tabaraal/src/experiments: No such file or directory
slurmstepd: error: execve(): /scratch/project_465002796/tabaraal/src/experiments: No such file or directory
slurmstepd: error: execve(): /scratch/project_465002796/tabaraal/src/experiments: No such file or directory
slurmstepd: error: execve(): /scratch/project_465002796/tabaraal/src/experiments: No such file or directory
slurmstepd: error: execve(): /scratch/project_465002796/tabaraal/src/experiments: No such file or directory
slurmstepd: error: execve(): /scratch/project_465002796/tabaraal/src/experiments: No such file or directory
srun: error: nid002781: tasks 104-111: Exited with exit code 2
srun: Terminating StepId=17192538.0
slurmstepd: error: *** STEP 17192538.0 ON nid001051 CANCELLED AT 2026-04-04T18:38:46 ***
srun: error: nid001154: tasks 16-23: Terminated
srun: error: nid001153: tasks 8-15: Terminated
srun: error: nid002128: tasks 72-79: Terminated
srun: error: nid001344: tasks 40-47: Terminated
srun: error: nid001345: tasks 48-55: Terminated
srun: error: nid001155: tasks 24-31: Terminated
srun: error: nid002126: tasks 56-63: Terminated
srun: error: nid001051: tasks 0-7: Terminated
srun: error: nid002782: tasks 112-119: Terminated
srun: error: nid002780: tasks 96-103: Terminated
srun: error: nid002783: tasks 120-127: Terminated
srun: error: nid002127: tasks 64-71: Terminated
srun: error: nid002130: tasks 88-95: Terminated
srun: error: nid001343: tasks 32-39: Terminated
srun: error: nid002129: tasks 80-87: Terminated
srun: Force Terminated StepId=17192538.0
