ischedInit: The thread number has been automatically set to 1
ischedInit: The thread number has been automatically set to 1
ischedInit: The thread number has been automatically set to 1
ischedInit: The thread number has been automatically set to 1
ischedInit: The thread number has been automatically set to 1
ischedInit: The thread number has been automatically set to 1
ischedInit: The thread number has been automatically set to 1
ischedInit: The thread number has been automatically set to 1
ischedInit: The thread number has been automatically set to 1
ischedInit: The thread number has been automatically set to 1
ischedInit: The thread number has been automatically set to 1
ischedInit: The thread number has been automatically set to 1
ischedInit: The thread number has been automatically set to 1
ischedInit: The thread number has been automatically set to 1
ischedInit: The thread number has been automatically set to 1
ischedInit: The thread number has been automatically set to 1
ischedInit: The thread number has been automatically set to 1
ischedInit: The thread number has been automatically set to 1
ischedInit: The thread number has been automatically set to 1
ischedInit: The thread number has been automatically set to 1
ischedInit: The thread number has been automatically set to 1
ischedInit: The thread number has been automatically set to 1
ischedInit: The thread number has been automatically set to 1
ischedInit: The thread number has been automatically set to 1
ischedInit: The thread number has been automatically set to 1
ischedInit: The thread number has been automatically set to 1
ischedInit: The thread number has been automatically set to 1
ischedInit: The thread number has been automatically set to 1
ischedInit: The thread number has been automatically set to 1
ischedInit: The thread number has been automatically set to 1
ischedInit: The thread number has been automatically set to 1
ischedInit: The thread number has been automatically set to 1
ischedInit: The thread number has been automatically set to 1
ischedInit: The thread number has been automatically set to 1
ischedInit: The thread number has been automatically set to 1
ischedInit: The thread number has been automatically set to 1
ischedInit: The thread number has been automatically set to 1
ischedInit: The thread number has been automatically set to 1
ischedInit: The thread number has been automatically set to 1
ischedInit: The thread number has been automatically set to 1
ischedInit: The thread number has been automatically set to 1
ischedInit: The thread number has been automatically set to 1
ischedInit: The thread number has been automatically set to 1
ischedInit: The thread number has been automatically set to 1
ischedInit: The thread number has been automatically set to 1
ischedInit: The thread number has been automatically set to 1
ischedInit: The thread number has been automatically set to 1
ischedInit: The thread number has been automatically set to 1
ischedInit: The thread number has been automatically set to 1
ischedInit: The thread number has been automatically set to 1
ischedInit: The thread number has been automatically set to 1
ischedInit: The thread number has been automatically set to 1
ischedInit: The thread number has been automatically set to 1
ischedInit: The thread number has been automatically set to 1
ischedInit: The thread number has been automatically set to 1
ischedInit: The thread number has been automatically set to 1
ischedInit: The thread number has been automatically set to 1
ischedInit: The thread number has been automatically set to 1
ischedInit: The thread number has been automatically set to 1
ischedInit: The thread number has been automatically set to 1
ischedInit: The thread number has been automatically set to 1
ischedInit: The thread number has been automatically set to 1
ischedInit: The thread number has been automatically set to 1
ischedInit: The thread number has been automatically set to 1
slurmstepd: error: Detected 1 oom_kill event in StepId=17192536.0. Some of the step tasks have been OOM Killed.
srun: error: nid001818: task 20: Out Of Memory
srun: Terminating StepId=17192536.0
slurmstepd: error: *** STEP 17192536.0 ON nid001048 CANCELLED AT 2026-04-04T18:41:46 ***
[0]PETSC ERROR: ------------------------------------------------------------------------
[4]PETSC ERROR: ------------------------------------------------------------------------
[0]PETSC ERROR: Caught signal number 15 Terminate: Some process (or the batch system) has told this process to end
[4]PETSC ERROR: Caught signal number 15 Terminate: Some process (or the batch system) has told this process to end
[0]PETSC ERROR: Try option -start_in_debugger or -on_error_attach_debugger
[4]PETSC ERROR: Try option -start_in_debugger or -on_error_attach_debugger
[0]PETSC ERROR: or see https://petsc.org/release/faq/#valgrind and https://petsc.org/release/faq/
[4]PETSC ERROR: or see https://petsc.org/release/faq/#valgrind and https://petsc.org/release/faq/
[0]PETSC ERROR: configure using --with-debugging=yes, recompile, link, and run 
[4]PETSC ERROR: configure using --with-debugging=yes, recompile, link, and run 
[0]PETSC ERROR: to get more information on the crash.
[4]PETSC ERROR: to get more information on the crash.
MPICH ERROR [Rank 4] [job id 17192536.0] [Sat Apr  4 18:41:46 2026] [nid001048] - Abort(59) (rank 4 in comm 0): application called MPI_Abort(MPI_COMM_WORLD, 59) - process 4
MPICH ERROR [Rank 0] [job id 17192536.0] [Sat Apr  4 18:41:46 2026] [nid001048] - Abort(59) (rank 0 in comm 0): application called MPI_Abort(MPI_COMM_WORLD, 59) - process 0

aborting job:
application called MPI_Abort(MPI_COMM_WORLD, 59) - process 4
+-------------------------------------------------+
+     PaStiX : Parallel Sparse matriX package     +
+-------------------------------------------------+
  Version:                                   6.4.0
  Schedulers:
    sequential:                            Enabled
    thread static:                         Started
    thread dynamic:                        Started
    PaRSEC:                               Disabled
    StarPU:                               Disabled
  Number of MPI processes:                      64
  Number of threads per process:                 1
  Number of GPUs:                                0
  MPI communication support:              PastixMpiThreadFunneled
  Distribution level:                     2D( 160)
  Blocking size (min/max):              160 /  320
  Computational models
    CPU:              AMD Opteron 6180 - Intel MKL
    GPU:             Nvidia K40 GK1108L - CUDA 8.0
  Low rank parameters:
    Strategy                        No compression
+-------------------------------------------------+
  Ordering subtask :
    Prepare graph structure:
      Sort row indexes in each column
      Removing diagonal elements
    Ordering method is: Metis
    Time to compute ordering              1.125351e+02 s
+-------------------------------------------------+
  Symbolic factorization subtask:
    Symbol factorization using: Fax Direct
    Symbol Matrix statistics:
      Number of cblk                      35522833
      Number of blok                      69322421
      Cblk width min                             1
      Cblk width max                             8
      Cblk width avg                          1.18
      Cblk width stdev                        0.56
      Blok height min                            1
      Blok height max                            7
      Blok height avg                         1.02
      Blok height stdev                       0.16
      Memory space                            4.96 Go
    Number of nonzeroes in L structure    92909470
    Fill-in of L                          0.739566
    Time to compute symbol matrix         1.042173e+01 s
+-------------------------------------------------+
  Reordering subtask:
    Split level                                  0
    Stoping criterion                           -1
    Time for reordering                   2.893485e+01 s
+-------------------------------------------------+
  Mapping/Scheduling subtask:
OUTPUTDIR: pastix-2hdwpg
    Number of cluster                           64
    Number of processor per cluster              1
    Number of thread per MPI process             1
    Symbol Matrix statistics:
      Number of cblk                      35522833
      Number of blok                      67693179
      Cblk width min                             1
      Cblk width max                             8
      Cblk width avg                          1.18
      Cblk width stdev                        0.56
      Blok height min                            1
      Blok height max                            7
      Blok height avg                         1.05
      Blok height stdev                       0.22
      Memory space                            4.90 Go
    Symbol split done in                  2.094802e-01 s
    Elimination tree built in             7.534264e-01 s
    Cost matrix built in                  9.771359e-01 s
    Estimated total cost of the etree     3.835905e+02 s
    Estimated critical path of the etree  0.000000e+00 s
    Proportional mapping done in          5.479347e-01 s

aborting job:
application called MPI_Abort(MPI_COMM_WORLD, 59) - process 0
[32]PETSC ERROR: ------------------------------------------------------------------------
[32]PETSC ERROR: Caught signal number 15 Terminate: Some process (or the batch system) has told this process to end
[32]PETSC ERROR: Try option -start_in_debugger or -on_error_attach_debugger
[32]PETSC ERROR: or see https://petsc.org/release/faq/#valgrind and https://petsc.org/release/faq/
[32]PETSC ERROR: configure using --with-debugging=yes, recompile, link, and run 
[32]PETSC ERROR: to get more information on the crash.
[36]PETSC ERROR: ------------------------------------------------------------------------
[36]PETSC ERROR: Caught signal number 15 Terminate: Some process (or the batch system) has told this process to end
[36]PETSC ERROR: Try option -start_in_debugger or -on_error_attach_debugger
[36]PETSC ERROR: or see https://petsc.org/release/faq/#valgrind and https://petsc.org/release/faq/
[36]PETSC ERROR: configure using --with-debugging=yes, recompile, link, and run 
[36]PETSC ERROR: to get more information on the crash.
MPICH ERROR [Rank 36] [job id 17192536.0] [Sat Apr  4 18:41:46 2026] [nid001820] - Abort(59) (rank 36 in comm 0): application called MPI_Abort(MPI_COMM_WORLD, 59) - process 36

aborting job:
application called MPI_Abort(MPI_COMM_WORLD, 59) - process 36
MPICH ERROR [Rank 32] [job id 17192536.0] [Sat Apr  4 18:41:46 2026] [nid001820] - Abort(59) (rank 32 in comm 0): application called MPI_Abort(MPI_COMM_WORLD, 59) - process 32

aborting job:
application called MPI_Abort(MPI_COMM_WORLD, 59) - process 32
[16]PETSC ERROR: ------------------------------------------------------------------------
[16]PETSC ERROR: Caught signal number 15 Terminate: Some process (or the batch system) has told this process to end
[16]PETSC ERROR: Try option -start_in_debugger or -on_error_attach_debugger
[16]PETSC ERROR: or see https://petsc.org/release/faq/#valgrind and https://petsc.org/release/faq/
[16]PETSC ERROR: configure using --with-debugging=yes, recompile, link, and run 
[16]PETSC ERROR: to get more information on the crash.
slurmstepd: error: Detected 1 oom_kill event in StepId=17192536.0. Some of the step tasks have been OOM Killed.
slurmstepd: error: Detected 1 oom_kill event in StepId=17192536.0. Some of the step tasks have been OOM Killed.
[56]PETSC ERROR: ------------------------------------------------------------------------
[56]PETSC ERROR: Caught signal number 15 Terminate: Some process (or the batch system) has told this process to end
[56]PETSC ERROR: Try option -start_in_debugger or -on_error_attach_debugger
[56]PETSC ERROR: or see https://petsc.org/release/faq/#valgrind and https://petsc.org/release/faq/
[56]PETSC ERROR: configure using --with-debugging=yes, recompile, link, and run 
[56]PETSC ERROR: to get more information on the crash.
srun: error: nid001048: tasks 0,4: Exited with exit code 15
[8]PETSC ERROR: ------------------------------------------------------------------------
[12]PETSC ERROR: ------------------------------------------------------------------------
[8]PETSC ERROR: Caught signal number 15 Terminate: Some process (or the batch system) has told this process to end
[12]PETSC ERROR: Caught signal number 15 Terminate: Some process (or the batch system) has told this process to end
[8]PETSC ERROR: Try option -start_in_debugger or -on_error_attach_debugger
[12]PETSC ERROR: Try option -start_in_debugger or -on_error_attach_debugger
[8]PETSC ERROR: or see https://petsc.org/release/faq/#valgrind and https://petsc.org/release/faq/
[12]PETSC ERROR: or see https://petsc.org/release/faq/#valgrind and https://petsc.org/release/faq/
[8]PETSC ERROR: configure using --with-debugging=yes, recompile, link, and run 
[12]PETSC ERROR: configure using --with-debugging=yes, recompile, link, and run 
[8]PETSC ERROR: to get more information on the crash.
[12]PETSC ERROR: to get more information on the crash.
MPICH ERROR [Rank 8] [job id 17192536.0] [Sat Apr  4 18:41:47 2026] [nid001049] - Abort(59) (rank 8 in comm 0): application called MPI_Abort(MPI_COMM_WORLD, 59) - process 8

aborting job:
application called MPI_Abort(MPI_COMM_WORLD, 59) - process 8
MPICH ERROR [Rank 16] [job id 17192536.0] [Sat Apr  4 18:41:47 2026] [nid001818] - Abort(59) (rank 16 in comm 0): application called MPI_Abort(MPI_COMM_WORLD, 59) - process 16

srun: error: nid001820: tasks 32,36: Exited with exit code 15
[60]PETSC ERROR: ------------------------------------------------------------------------
[60]PETSC ERROR: Caught signal number 15 Terminate: Some process (or the batch system) has told this process to end
[60]PETSC ERROR: Try option -start_in_debugger or -on_error_attach_debugger
[60]PETSC ERROR: or see https://petsc.org/release/faq/#valgrind and https://petsc.org/release/faq/
[60]PETSC ERROR: configure using --with-debugging=yes, recompile, link, and run 
[60]PETSC ERROR: to get more information on the crash.
aborting job:
application called MPI_Abort(MPI_COMM_WORLD, 59) - process 16
MPICH ERROR [Rank 12] [job id 17192536.0] [Sat Apr  4 18:41:47 2026] [nid001049] - Abort(59) (rank 12 in comm 0): application called MPI_Abort(MPI_COMM_WORLD, 59) - process 12

aborting job:
application called MPI_Abort(MPI_COMM_WORLD, 59) - process 12
MPICH ERROR [Rank 60] [job id 17192536.0] [Sat Apr  4 18:41:47 2026] [nid001823] - Abort(59) (rank 60 in comm 0): application called MPI_Abort(MPI_COMM_WORLD, 59) - process 60

MPICH ERROR [Rank 56] [job id 17192536.0] [Sat Apr  4 18:41:47 2026] [nid001823] - Abort(59) (rank 56 in comm 0): application called MPI_Abort(MPI_COMM_WORLD, 59) - process 56

slurmstepd: error: Detected 1 oom_kill event in StepId=17192536.0. Some of the step tasks have been OOM Killed.
aborting job:
application called MPI_Abort(MPI_COMM_WORLD, 59) - process 60
aborting job:
application called MPI_Abort(MPI_COMM_WORLD, 59) - process 56
[1]PETSC ERROR: ------------------------------------------------------------------------
[5]PETSC ERROR: ------------------------------------------------------------------------
[1]PETSC ERROR: Caught signal number 15 Terminate: Some process (or the batch system) has told this process to end
[5]PETSC ERROR: Caught signal number 15 Terminate: Some process (or the batch system) has told this process to end
[1]PETSC ERROR: Try option -start_in_debugger or -on_error_attach_debugger
[5]PETSC ERROR: Try option -start_in_debugger or -on_error_attach_debugger
[1]PETSC ERROR: or see https://petsc.org/release/faq/#valgrind and https://petsc.org/release/faq/
[5]PETSC ERROR: or see https://petsc.org/release/faq/#valgrind and https://petsc.org/release/faq/
[1]PETSC ERROR: configure using --with-debugging=yes, recompile, link, and run 
[5]PETSC ERROR: configure using --with-debugging=yes, recompile, link, and run 
[1]PETSC ERROR: to get more information on the crash.
[5]PETSC ERROR: to get more information on the crash.
MPICH ERROR [Rank 1] [job id 17192536.0] [Sat Apr  4 18:41:47 2026] [nid001048] - Abort(59) (rank 1 in comm 0): application called MPI_Abort(MPI_COMM_WORLD, 59) - process 1

MPICH ERROR [Rank 5] [job id 17192536.0] [Sat Apr  4 18:41:47 2026] [nid001048] - Abort(59) (rank 5 in comm 0): application called MPI_Abort(MPI_COMM_WORLD, 59) - process 5
aborting job:
application called MPI_Abort(MPI_COMM_WORLD, 59) - process 1

aborting job:
application called MPI_Abort(MPI_COMM_WORLD, 59) - process 5
[40]PETSC ERROR: ------------------------------------------------------------------------
[40]PETSC ERROR: Caught signal number 15 Terminate: Some process (or the batch system) has told this process to end
[40]PETSC ERROR: Try option -start_in_debugger or -on_error_attach_debugger
[40]PETSC ERROR: or see https://petsc.org/release/faq/#valgrind and https://petsc.org/release/faq/
[40]PETSC ERROR: configure using --with-debugging=yes, recompile, link, and run 
[40]PETSC ERROR: to get more information on the crash.
[44]PETSC ERROR: ------------------------------------------------------------------------
[44]PETSC ERROR: Caught signal number 15 Terminate: Some process (or the batch system) has told this process to end
[44]PETSC ERROR: Try option -start_in_debugger or -on_error_attach_debugger
[44]PETSC ERROR: or see https://petsc.org/release/faq/#valgrind and https://petsc.org/release/faq/
[44]PETSC ERROR: configure using --with-debugging=yes, recompile, link, and run 
[44]PETSC ERROR: to get more information on the crash.
MPICH ERROR [Rank 44] [job id 17192536.0] [Sat Apr  4 18:41:47 2026] [nid001821] - Abort(59) (rank 44 in comm 0): application called MPI_Abort(MPI_COMM_WORLD, 59) - process 44

slurmstepd: error: Detected 1 oom_kill event in StepId=17192536.0. Some of the step tasks have been OOM Killed.
aborting job:
application called MPI_Abort(MPI_COMM_WORLD, 59) - process 44
[33]PETSC ERROR: ------------------------------------------------------------------------
[33]PETSC ERROR: Caught signal number 15 Terminate: Some process (or the batch system) has told this process to end
[33]PETSC ERROR: Try option -start_in_debugger or -on_error_attach_debugger
[33]PETSC ERROR: or see https://petsc.org/release/faq/#valgrind and https://petsc.org/release/faq/
[33]PETSC ERROR: configure using --with-debugging=yes, recompile, link, and run 
[33]PETSC ERROR: to get more information on the crash.
[37]PETSC ERROR: ------------------------------------------------------------------------
[37]PETSC ERROR: Caught signal number 15 Terminate: Some process (or the batch system) has told this process to end
MPICH ERROR [Rank 33] [job id 17192536.0] [Sat Apr  4 18:41:47 2026] [nid001820] - Abort(59) (rank 33 in comm 0): application called MPI_Abort(MPI_COMM_WORLD, 59) - process 33

[37]PETSC ERROR: Try option -start_in_debugger or -on_error_attach_debugger
[37]PETSC ERROR: or see https://petsc.org/release/faq/#valgrind and https://petsc.org/release/faq/
[37]PETSC ERROR: configure using --with-debugging=yes, recompile, link, and run 
[37]PETSC ERROR: to get more information on the crash.
aborting job:
application called MPI_Abort(MPI_COMM_WORLD, 59) - process 33
MPICH ERROR [Rank 37] [job id 17192536.0] [Sat Apr  4 18:41:47 2026] [nid001820] - Abort(59) (rank 37 in comm 0): application called MPI_Abort(MPI_COMM_WORLD, 59) - process 37

aborting job:
application called MPI_Abort(MPI_COMM_WORLD, 59) - process 37
MPICH ERROR [Rank 40] [job id 17192536.0] [Sat Apr  4 18:41:47 2026] [nid001821] - Abort(59) (rank 40 in comm 0): application called MPI_Abort(MPI_COMM_WORLD, 59) - process 40

aborting job:
application called MPI_Abort(MPI_COMM_WORLD, 59) - process 40
srun: error: nid001048: tasks 1,5: Exited with exit code 15
[17]PETSC ERROR: ------------------------------------------------------------------------
[17]PETSC ERROR: Caught signal number 15 Terminate: Some process (or the batch system) has told this process to end
[17]PETSC ERROR: Try option -start_in_debugger or -on_error_attach_debugger
[21]PETSC ERROR: ------------------------------------------------------------------------
[21]PETSC ERROR: Caught signal number 15 Terminate: Some process (or the batch system) has told this process to end
[21]PETSC ERROR: Try option -start_in_debugger or -on_error_attach_debugger
[21]PETSC ERROR: or see https://petsc.org/release/faq/#valgrind and https://petsc.org/release/faq/
[21]PETSC ERROR: configure using --with-debugging=yes, recompile, link, and run 
[21]PETSC ERROR: to get more information on the crash.
[17]PETSC ERROR: or see https://petsc.org/release/faq/#valgrind and https://petsc.org/release/faq/
[17]PETSC ERROR: configure using --with-debugging=yes, recompile, link, and run 
[17]PETSC ERROR: to get more information on the crash.
MPICH ERROR [Rank 17] [job id 17192536.0] [Sat Apr  4 18:41:48 2026] [nid001818] - Abort(59) (rank 17 in comm 0): application called MPI_Abort(MPI_COMM_WORLD, 59) - process 17

MPICH ERROR [Rank 21] [job id 17192536.0] [Sat Apr  4 18:41:48 2026] [nid001818] - Abort(59) (rank 21 in comm 0): application called MPI_Abort(MPI_COMM_WORLD, 59) - process 21

aborting job:
application called MPI_Abort(MPI_COMM_WORLD, 59) - process 21
aborting job:
application called MPI_Abort(MPI_COMM_WORLD, 59) - process 17
[24]PETSC ERROR: ------------------------------------------------------------------------
[24]PETSC ERROR: Caught signal number 15 Terminate: Some process (or the batch system) has told this process to end
[24]PETSC ERROR: Try option -start_in_debugger or -on_error_attach_debugger
[24]PETSC ERROR: or see https://petsc.org/release/faq/#valgrind and https://petsc.org/release/faq/
[24]PETSC ERROR: configure using --with-debugging=yes, recompile, link, and run 
[24]PETSC ERROR: to get more information on the crash.
slurmstepd: error: Detected 1 oom_kill event in StepId=17192536.0. Some of the step tasks have been OOM Killed.
[57]PETSC ERROR: ------------------------------------------------------------------------
[57]PETSC ERROR: Caught signal number 15 Terminate: Some process (or the batch system) has told this process to end
[57]PETSC ERROR: Try option -start_in_debugger or -on_error_attach_debugger
[57]PETSC ERROR: or see https://petsc.org/release/faq/#valgrind and https://petsc.org/release/faq/
[57]PETSC ERROR: configure using --with-debugging=yes, recompile, link, and run 
[57]PETSC ERROR: to get more information on the crash.
[61]PETSC ERROR: ------------------------------------------------------------------------
[61]PETSC ERROR: Caught signal number 15 Terminate: Some process (or the batch system) has told this process to end
[61]PETSC ERROR: Try option -start_in_debugger or -on_error_attach_debugger
[61]PETSC ERROR: or see https://petsc.org/release/faq/#valgrind and https://petsc.org/release/faq/
[61]PETSC ERROR: configure using --with-debugging=yes, recompile, link, and run 
[61]PETSC ERROR: to get more information on the crash.
MPICH ERROR [Rank 57] [job id 17192536.0] [Sat Apr  4 18:41:48 2026] [nid001823] - Abort(59) (rank 57 in comm 0): application called MPI_Abort(MPI_COMM_WORLD, 59) - process 57

aborting job:
application called MPI_Abort(MPI_COMM_WORLD, 59) - process 57
MPICH ERROR [Rank 61] [job id 17192536.0] [Sat Apr  4 18:41:48 2026] [nid001823] - Abort(59) (rank 61 in comm 0): application called MPI_Abort(MPI_COMM_WORLD, 59) - process 61

aborting job:
application called MPI_Abort(MPI_COMM_WORLD, 59) - process 61
srun: error: nid001820: tasks 33,37: Exited with exit code 15
[13]PETSC ERROR: ------------------------------------------------------------------------
[13]PETSC ERROR: Caught signal number 15 Terminate: Some process (or the batch system) has told this process to end
[13]PETSC ERROR: Try option -start_in_debugger or -on_error_attach_debugger
[13]PETSC ERROR: or see https://petsc.org/release/faq/#valgrind and https://petsc.org/release/faq/
[13]PETSC ERROR: configure using --with-debugging=yes, recompile, link, and run 
[13]PETSC ERROR: to get more information on the crash.
MPICH ERROR [Rank 13] [job id 17192536.0] [Sat Apr  4 18:41:48 2026] [nid001049] - Abort(59) (rank 13 in comm 0): application called MPI_Abort(MPI_COMM_WORLD, 59) - process 13

aborting job:
application called MPI_Abort(MPI_COMM_WORLD, 59) - process 13
MPICH ERROR [Rank 24] [job id 17192536.0] [Sat Apr  4 18:41:48 2026] [nid001819] - Abort(59) (rank 24 in comm 0): application called MPI_Abort(MPI_COMM_WORLD, 59) - process 24

aborting job:
application called MPI_Abort(MPI_COMM_WORLD, 59) - process 24
[9]PETSC ERROR: ------------------------------------------------------------------------
[9]PETSC ERROR: Caught signal number 15 Terminate: Some process (or the batch system) has told this process to end
[9]PETSC ERROR: Try option -start_in_debugger or -on_error_attach_debugger
[9]PETSC ERROR: or see https://petsc.org/release/faq/#valgrind and https://petsc.org/release/faq/
[9]PETSC ERROR: configure using --with-debugging=yes, recompile, link, and run 
[9]PETSC ERROR: to get more information on the crash.
MPICH ERROR [Rank 9] [job id 17192536.0] [Sat Apr  4 18:41:48 2026] [nid001049] - Abort(59) (rank 9 in comm 0): application called MPI_Abort(MPI_COMM_WORLD, 59) - process 9

aborting job:
application called MPI_Abort(MPI_COMM_WORLD, 59) - process 9
[2]PETSC ERROR: ------------------------------------------------------------------------
[2]PETSC ERROR: Caught signal number 15 Terminate: Some process (or the batch system) has told this process to end
[2]PETSC ERROR: Try option -start_in_debugger or -on_error_attach_debugger
[6]PETSC ERROR: ------------------------------------------------------------------------
[6]PETSC ERROR: Caught signal number 15 Terminate: Some process (or the batch system) has told this process to end
[6]PETSC ERROR: Try option -start_in_debugger or -on_error_attach_debugger
[6]PETSC ERROR: or see https://petsc.org/release/faq/#valgrind and https://petsc.org/release/faq/
[6]PETSC ERROR: configure using --with-debugging=yes, recompile, link, and run 
[6]PETSC ERROR: to get more information on the crash.
[2]PETSC ERROR: or see https://petsc.org/release/faq/#valgrind and https://petsc.org/release/faq/
[2]PETSC ERROR: configure using --with-debugging=yes, recompile, link, and run 
[2]PETSC ERROR: to get more information on the crash.
MPICH ERROR [Rank 2] [job id 17192536.0] [Sat Apr  4 18:41:48 2026] [nid001048] - Abort(59) (rank 2 in comm 0): application called MPI_Abort(MPI_COMM_WORLD, 59) - process 2

aborting job:
application called MPI_Abort(MPI_COMM_WORLD, 59) - process 2
MPICH ERROR [Rank 6] [job id 17192536.0] [Sat Apr  4 18:41:48 2026] [nid001048] - Abort(59) (rank 6 in comm 0): application called MPI_Abort(MPI_COMM_WORLD, 59) - process 6

aborting job:
application called MPI_Abort(MPI_COMM_WORLD, 59) - process 6
[41]PETSC ERROR: ------------------------------------------------------------------------
[41]PETSC ERROR: Caught signal number 15 Terminate: Some process (or the batch system) has told this process to end
[41]PETSC ERROR: Try option -start_in_debugger or -on_error_attach_debugger
[41]PETSC ERROR: or see https://petsc.org/release/faq/#valgrind and https://petsc.org/release/faq/
[41]PETSC ERROR: configure using --with-debugging=yes, recompile, link, and run 
[41]PETSC ERROR: to get more information on the crash.
[45]PETSC ERROR: ------------------------------------------------------------------------
[45]PETSC ERROR: Caught signal number 15 Terminate: Some process (or the batch system) has told this process to end
[45]PETSC ERROR: Try option -start_in_debugger or -on_error_attach_debugger
MPICH ERROR [Rank 41] [job id 17192536.0] [Sat Apr  4 18:41:48 2026] [nid001821] - Abort(59) (rank 41 in comm 0): application called MPI_Abort(MPI_COMM_WORLD, 59) - process 41

[45]PETSC ERROR: or see https://petsc.org/release/faq/#valgrind and https://petsc.org/release/faq/
[45]PETSC ERROR: configure using --with-debugging=yes, recompile, link, and run 
[45]PETSC ERROR: to get more information on the crash.
aborting job:
application called MPI_Abort(MPI_COMM_WORLD, 59) - process 41
MPICH ERROR [Rank 45] [job id 17192536.0] [Sat Apr  4 18:41:48 2026] [nid001821] - Abort(59) (rank 45 in comm 0): application called MPI_Abort(MPI_COMM_WORLD, 59) - process 45

aborting job:
application called MPI_Abort(MPI_COMM_WORLD, 59) - process 45
[38]PETSC ERROR: ------------------------------------------------------------------------
[38]PETSC ERROR: Caught signal number 15 Terminate: Some process (or the batch system) has told this process to end
[38]PETSC ERROR: Try option -start_in_debugger or -on_error_attach_debugger
[34]PETSC ERROR: ------------------------------------------------------------------------
[34]PETSC ERROR: Caught signal number 15 Terminate: Some process (or the batch system) has told this process to end
[38]PETSC ERROR: or see https://petsc.org/release/faq/#valgrind and https://petsc.org/release/faq/
[38]PETSC ERROR: configure using --with-debugging=yes, recompile, link, and run 
[38]PETSC ERROR: to get more information on the crash.
[34]PETSC ERROR: Try option -start_in_debugger or -on_error_attach_debugger
[34]PETSC ERROR: or see https://petsc.org/release/faq/#valgrind and https://petsc.org/release/faq/
[34]PETSC ERROR: configure using --with-debugging=yes, recompile, link, and run 
[34]PETSC ERROR: to get more information on the crash.
MPICH ERROR [Rank 38] [job id 17192536.0] [Sat Apr  4 18:41:48 2026] [nid001820] - Abort(59) (rank 38 in comm 0): application called MPI_Abort(MPI_COMM_WORLD, 59) - process 38

aborting job:
application called MPI_Abort(MPI_COMM_WORLD, 59) - process 38
MPICH ERROR [Rank 34] [job id 17192536.0] [Sat Apr  4 18:41:48 2026] [nid001820] - Abort(59) (rank 34 in comm 0): application called MPI_Abort(MPI_COMM_WORLD, 59) - process 34

aborting job:
application called MPI_Abort(MPI_COMM_WORLD, 59) - process 34
[48]PETSC ERROR: ------------------------------------------------------------------------
[48]PETSC ERROR: Caught signal number 15 Terminate: Some process (or the batch system) has told this process to end
[48]PETSC ERROR: Try option -start_in_debugger or -on_error_attach_debugger
[48]PETSC ERROR: or see https://petsc.org/release/faq/#valgrind and https://petsc.org/release/faq/
[48]PETSC ERROR: configure using --with-debugging=yes, recompile, link, and run 
[48]PETSC ERROR: to get more information on the crash.
[52]PETSC ERROR: ------------------------------------------------------------------------
[52]PETSC ERROR: Caught signal number 15 Terminate: Some process (or the batch system) has told this process to end
[52]PETSC ERROR: Try option -start_in_debugger or -on_error_attach_debugger
[52]PETSC ERROR: or see https://petsc.org/release/faq/#valgrind and https://petsc.org/release/faq/
[52]PETSC ERROR: configure using --with-debugging=yes, recompile, link, and run 
[52]PETSC ERROR: to get more information on the crash.
MPICH ERROR [Rank 52] [job id 17192536.0] [Sat Apr  4 18:41:48 2026] [nid001822] - Abort(59) (rank 52 in comm 0): application called MPI_Abort(MPI_COMM_WORLD, 59) - process 52

aborting job:
application called MPI_Abort(MPI_COMM_WORLD, 59) - process 52
MPICH ERROR [Rank 48] [job id 17192536.0] [Sat Apr  4 18:41:49 2026] [nid001822] - Abort(59) (rank 48 in comm 0): application called MPI_Abort(MPI_COMM_WORLD, 59) - process 48

aborting job:
application called MPI_Abort(MPI_COMM_WORLD, 59) - process 48
srun: error: nid001048: tasks 2,6: Exited with exit code 15
[18]PETSC ERROR: ------------------------------------------------------------------------
[18]PETSC ERROR: Caught signal number 15 Terminate: Some process (or the batch system) has told this process to end
[18]PETSC ERROR: Try option -start_in_debugger or -on_error_attach_debugger
[18]PETSC ERROR: or see https://petsc.org/release/faq/#valgrind and https://petsc.org/release/faq/
[22]PETSC ERROR: ------------------------------------------------------------------------
[22]PETSC ERROR: Caught signal number 15 Terminate: Some process (or the batch system) has told this process to end
[18]PETSC ERROR: configure using --with-debugging=yes, recompile, link, and run 
[18]PETSC ERROR: to get more information on the crash.
[22]PETSC ERROR: Try option -start_in_debugger or -on_error_attach_debugger
[22]PETSC ERROR: or see https://petsc.org/release/faq/#valgrind and https://petsc.org/release/faq/
[22]PETSC ERROR: configure using --with-debugging=yes, recompile, link, and run 
[22]PETSC ERROR: to get more information on the crash.
MPICH ERROR [Rank 18] [job id 17192536.0] [Sat Apr  4 18:41:49 2026] [nid001818] - Abort(59) (rank 18 in comm 0): application called MPI_Abort(MPI_COMM_WORLD, 59) - process 18

aborting job:
application called MPI_Abort(MPI_COMM_WORLD, 59) - process 18
MPICH ERROR [Rank 22] [job id 17192536.0] [Sat Apr  4 18:41:49 2026] [nid001818] - Abort(59) (rank 22 in comm 0): application called MPI_Abort(MPI_COMM_WORLD, 59) - process 22

aborting job:
application called MPI_Abort(MPI_COMM_WORLD, 59) - process 22
srun: error: nid001820: tasks 34,38: Exited with exit code 15
[25]PETSC ERROR: ------------------------------------------------------------------------
[25]PETSC ERROR: Caught signal number 15 Terminate: Some process (or the batch system) has told this process to end
[25]PETSC ERROR: Try option -start_in_debugger or -on_error_attach_debugger
[25]PETSC ERROR: or see https://petsc.org/release/faq/#valgrind and https://petsc.org/release/faq/
[25]PETSC ERROR: configure using --with-debugging=yes, recompile, link, and run 
[29]PETSC ERROR: ------------------------------------------------------------------------
[29]PETSC ERROR: Caught signal number 15 Terminate: Some process (or the batch system) has told this process to end
[29]PETSC ERROR: Try option -start_in_debugger or -on_error_attach_debugger
[29]PETSC ERROR: or see https://petsc.org/release/faq/#valgrind and https://petsc.org/release/faq/
[25]PETSC ERROR: to get more information on the crash.
[29]PETSC ERROR: configure using --with-debugging=yes, recompile, link, and run 
[29]PETSC ERROR: to get more information on the crash.
MPICH ERROR [Rank 25] [job id 17192536.0] [Sat Apr  4 18:41:49 2026] [nid001819] - Abort(59) (rank 25 in comm 0): application called MPI_Abort(MPI_COMM_WORLD, 59) - process 25

MPICH ERROR [Rank 29] [job id 17192536.0] [Sat Apr  4 18:41:49 2026] [nid001819] - Abort(59) (rank 29 in comm 0): application called MPI_Abort(MPI_COMM_WORLD, 59) - process 29

aborting job:
application called MPI_Abort(MPI_COMM_WORLD, 59) - process 25
aborting job:
application called MPI_Abort(MPI_COMM_WORLD, 59) - process 29
[58]PETSC ERROR: ------------------------------------------------------------------------
[58]PETSC ERROR: Caught signal number 15 Terminate: Some process (or the batch system) has told this process to end
[58]PETSC ERROR: Try option -start_in_debugger or -on_error_attach_debugger
[58]PETSC ERROR: or see https://petsc.org/release/faq/#valgrind and https://petsc.org/release/faq/
[58]PETSC ERROR: configure using --with-debugging=yes, recompile, link, and run 
[58]PETSC ERROR: to get more information on the crash.
MPICH ERROR [Rank 58] [job id 17192536.0] [Sat Apr  4 18:41:49 2026] [nid001823] - Abort(59) (rank 58 in comm 0): application called MPI_Abort(MPI_COMM_WORLD, 59) - process 58

aborting job:
application called MPI_Abort(MPI_COMM_WORLD, 59) - process 58
[10]PETSC ERROR: ------------------------------------------------------------------------
[10]PETSC ERROR: Caught signal number 15 Terminate: Some process (or the batch system) has told this process to end
[10]PETSC ERROR: Try option -start_in_debugger or -on_error_attach_debugger
[10]PETSC ERROR: or see https://petsc.org/release/faq/#valgrind and https://petsc.org/release/faq/
[10]PETSC ERROR: configure using --with-debugging=yes, recompile, link, and run 
[10]PETSC ERROR: to get more information on the crash.
MPICH ERROR [Rank 10] [job id 17192536.0] [Sat Apr  4 18:41:49 2026] [nid001049] - Abort(59) (rank 10 in comm 0): application called MPI_Abort(MPI_COMM_WORLD, 59) - process 10

aborting job:
application called MPI_Abort(MPI_COMM_WORLD, 59) - process 10
[3]PETSC ERROR: ------------------------------------------------------------------------
[7]PETSC ERROR: ------------------------------------------------------------------------
[7]PETSC ERROR: Caught signal number 15 Terminate: Some process (or the batch system) has told this process to end
[7]PETSC ERROR: Try option -start_in_debugger or -on_error_attach_debugger
[7]PETSC ERROR: or see https://petsc.org/release/faq/#valgrind and https://petsc.org/release/faq/
[7]PETSC ERROR: configure using --with-debugging=yes, recompile, link, and run 
[3]PETSC ERROR: Caught signal number 15 Terminate: Some process (or the batch system) has told this process to end
[3]PETSC ERROR: Try option -start_in_debugger or -on_error_attach_debugger
[3]PETSC ERROR: or see https://petsc.org/release/faq/#valgrind and https://petsc.org/release/faq/
[3]PETSC ERROR: configure using --with-debugging=yes, recompile, link, and run 
[7]PETSC ERROR: to get more information on the crash.
[3]PETSC ERROR: to get more information on the crash.
MPICH ERROR [Rank 3] [job id 17192536.0] [Sat Apr  4 18:41:49 2026] [nid001048] - Abort(59) (rank 3 in comm 0): application called MPI_Abort(MPI_COMM_WORLD, 59) - process 3

aborting job:
application called MPI_Abort(MPI_COMM_WORLD, 59) - process 3
MPICH ERROR [Rank 7] [job id 17192536.0] [Sat Apr  4 18:41:49 2026] [nid001048] - Abort(59) (rank 7 in comm 0): application called MPI_Abort(MPI_COMM_WORLD, 59) - process 7

aborting job:
application called MPI_Abort(MPI_COMM_WORLD, 59) - process 7
[42]PETSC ERROR: ------------------------------------------------------------------------
[42]PETSC ERROR: Caught signal number 15 Terminate: Some process (or the batch system) has told this process to end
[42]PETSC ERROR: Try option -start_in_debugger or -on_error_attach_debugger
[42]PETSC ERROR: or see https://petsc.org/release/faq/#valgrind and https://petsc.org/release/faq/
[42]PETSC ERROR: configure using --with-debugging=yes, recompile, link, and run 
[42]PETSC ERROR: to get more information on the crash.
MPICH ERROR [Rank 42] [job id 17192536.0] [Sat Apr  4 18:41:49 2026] [nid001821] - Abort(59) (rank 42 in comm 0): application called MPI_Abort(MPI_COMM_WORLD, 59) - process 42

aborting job:
application called MPI_Abort(MPI_COMM_WORLD, 59) - process 42
[35]PETSC ERROR: ------------------------------------------------------------------------
[35]PETSC ERROR: Caught signal number 15 Terminate: Some process (or the batch system) has told this process to end
[35]PETSC ERROR: Try option -start_in_debugger or -on_error_attach_debugger
[35]PETSC ERROR: or see https://petsc.org/release/faq/#valgrind and https://petsc.org/release/faq/
[39]PETSC ERROR: ------------------------------------------------------------------------
[35]PETSC ERROR: configure using --with-debugging=yes, recompile, link, and run 
[35]PETSC ERROR: to get more information on the crash.
[39]PETSC ERROR: Caught signal number 15 Terminate: Some process (or the batch system) has told this process to end
[39]PETSC ERROR: Try option -start_in_debugger or -on_error_attach_debugger
MPICH ERROR [Rank 35] [job id 17192536.0] [Sat Apr  4 18:41:49 2026] [nid001820] - Abort(59) (rank 35 in comm 0): application called MPI_Abort(MPI_COMM_WORLD, 59) - process 35

aborting job:
application called MPI_Abort(MPI_COMM_WORLD, 59) - process 35
[39]PETSC ERROR: or see https://petsc.org/release/faq/#valgrind and https://petsc.org/release/faq/
[39]PETSC ERROR: configure using --with-debugging=yes, recompile, link, and run 
[39]PETSC ERROR: to get more information on the crash.
MPICH ERROR [Rank 39] [job id 17192536.0] [Sat Apr  4 18:41:49 2026] [nid001820] - Abort(59) (rank 39 in comm 0): application called MPI_Abort(MPI_COMM_WORLD, 59) - process 39

aborting job:
application called MPI_Abort(MPI_COMM_WORLD, 59) - process 39
[49]PETSC ERROR: ------------------------------------------------------------------------
[49]PETSC ERROR: Caught signal number 15 Terminate: Some process (or the batch system) has told this process to end
[49]PETSC ERROR: Try option -start_in_debugger or -on_error_attach_debugger
[49]PETSC ERROR: or see https://petsc.org/release/faq/#valgrind and https://petsc.org/release/faq/
[49]PETSC ERROR: configure using --with-debugging=yes, recompile, link, and run 
[49]PETSC ERROR: to get more information on the crash.
MPICH ERROR [Rank 49] [job id 17192536.0] [Sat Apr  4 18:41:49 2026] [nid001822] - Abort(59) (rank 49 in comm 0): application called MPI_Abort(MPI_COMM_WORLD, 59) - process 49

aborting job:
application called MPI_Abort(MPI_COMM_WORLD, 59) - process 49
srun: error: nid001820: tasks 35,39: Exited with exit code 15
[23]PETSC ERROR: ------------------------------------------------------------------------
[23]PETSC ERROR: Caught signal number 15 Terminate: Some process (or the batch system) has told this process to end
[23]PETSC ERROR: Try option -start_in_debugger or -on_error_attach_debugger
[23]PETSC ERROR: or see https://petsc.org/release/faq/#valgrind and https://petsc.org/release/faq/
[19]PETSC ERROR: ------------------------------------------------------------------------
[19]PETSC ERROR: Caught signal number 15 Terminate: Some process (or the batch system) has told this process to end
[19]PETSC ERROR: Try option -start_in_debugger or -on_error_attach_debugger
[19]PETSC ERROR: or see https://petsc.org/release/faq/#valgrind and https://petsc.org/release/faq/
[19]PETSC ERROR: configure using --with-debugging=yes, recompile, link, and run 
[23]PETSC ERROR: configure using --with-debugging=yes, recompile, link, and run 
[23]PETSC ERROR: to get more information on the crash.
[19]PETSC ERROR: to get more information on the crash.
MPICH ERROR [Rank 23] [job id 17192536.0] [Sat Apr  4 18:41:50 2026] [nid001818] - Abort(59) (rank 23 in comm 0): application called MPI_Abort(MPI_COMM_WORLD, 59) - process 23

MPICH ERROR [Rank 19] [job id 17192536.0] [Sat Apr  4 18:41:50 2026] [nid001818] - Abort(59) (rank 19 in comm 0): application called MPI_Abort(MPI_COMM_WORLD, 59) - process 19

aborting job:
application called MPI_Abort(MPI_COMM_WORLD, 59) - process 23
aborting job:
application called MPI_Abort(MPI_COMM_WORLD, 59) - process 19
srun: error: nid001048: tasks 3,7: Exited with exit code 15
[26]PETSC ERROR: ------------------------------------------------------------------------
[26]PETSC ERROR: Caught signal number 15 Terminate: Some process (or the batch system) has told this process to end
[26]PETSC ERROR: Try option -start_in_debugger or -on_error_attach_debugger
[26]PETSC ERROR: or see https://petsc.org/release/faq/#valgrind and https://petsc.org/release/faq/
[30]PETSC ERROR: ------------------------------------------------------------------------
[30]PETSC ERROR: Caught signal number 15 Terminate: Some process (or the batch system) has told this process to end
[30]PETSC ERROR: Try option -start_in_debugger or -on_error_attach_debugger
[26]PETSC ERROR: configure using --with-debugging=yes, recompile, link, and run 
[26]PETSC ERROR: to get more information on the crash.
[30]PETSC ERROR: or see https://petsc.org/release/faq/#valgrind and https://petsc.org/release/faq/
[30]PETSC ERROR: configure using --with-debugging=yes, recompile, link, and run 
[30]PETSC ERROR: to get more information on the crash.
MPICH ERROR [Rank 30] [job id 17192536.0] [Sat Apr  4 18:41:50 2026] [nid001819] - Abort(59) (rank 30 in comm 0): application called MPI_Abort(MPI_COMM_WORLD, 59) - process 30

MPICH ERROR [Rank 26] [job id 17192536.0] [Sat Apr  4 18:41:50 2026] [nid001819] - Abort(59) (rank 26 in comm 0): application called MPI_Abort(MPI_COMM_WORLD, 59) - process 26

aborting job:
application called MPI_Abort(MPI_COMM_WORLD, 59) - process 26
aborting job:
application called MPI_Abort(MPI_COMM_WORLD, 59) - process 30
[59]PETSC ERROR: ------------------------------------------------------------------------
[59]PETSC ERROR: Caught signal number 15 Terminate: Some process (or the batch system) has told this process to end
[59]PETSC ERROR: Try option -start_in_debugger or -on_error_attach_debugger
[59]PETSC ERROR: or see https://petsc.org/release/faq/#valgrind and https://petsc.org/release/faq/
[59]PETSC ERROR: configure using --with-debugging=yes, recompile, link, and run 
[59]PETSC ERROR: to get more information on the crash.
MPICH ERROR [Rank 59] [job id 17192536.0] [Sat Apr  4 18:41:50 2026] [nid001823] - Abort(59) (rank 59 in comm 0): application called MPI_Abort(MPI_COMM_WORLD, 59) - process 59

aborting job:
application called MPI_Abort(MPI_COMM_WORLD, 59) - process 59
[63]PETSC ERROR: ------------------------------------------------------------------------
[63]PETSC ERROR: Caught signal number 15 Terminate: Some process (or the batch system) has told this process to end
[63]PETSC ERROR: Try option -start_in_debugger or -on_error_attach_debugger
[63]PETSC ERROR: or see https://petsc.org/release/faq/#valgrind and https://petsc.org/release/faq/
[63]PETSC ERROR: configure using --with-debugging=yes, recompile, link, and run 
[63]PETSC ERROR: to get more information on the crash.
MPICH ERROR [Rank 63] [job id 17192536.0] [Sat Apr  4 18:41:50 2026] [nid001823] - Abort(59) (rank 63 in comm 0): application called MPI_Abort(MPI_COMM_WORLD, 59) - process 63

aborting job:
application called MPI_Abort(MPI_COMM_WORLD, 59) - process 63
[11]PETSC ERROR: ------------------------------------------------------------------------
[11]PETSC ERROR: Caught signal number 15 Terminate: Some process (or the batch system) has told this process to end
[11]PETSC ERROR: Try option -start_in_debugger or -on_error_attach_debugger
[11]PETSC ERROR: or see https://petsc.org/release/faq/#valgrind and https://petsc.org/release/faq/
[15]PETSC ERROR: ------------------------------------------------------------------------
[15]PETSC ERROR: Caught signal number 15 Terminate: Some process (or the batch system) has told this process to end
[15]PETSC ERROR: Try option -start_in_debugger or -on_error_attach_debugger
[15]PETSC ERROR: or see https://petsc.org/release/faq/#valgrind and https://petsc.org/release/faq/
[15]PETSC ERROR: configure using --with-debugging=yes, recompile, link, and run 
[15]PETSC ERROR: to get more information on the crash.
[11]PETSC ERROR: configure using --with-debugging=yes, recompile, link, and run 
[11]PETSC ERROR: to get more information on the crash.
MPICH ERROR [Rank 15] [job id 17192536.0] [Sat Apr  4 18:41:50 2026] [nid001049] - Abort(59) (rank 15 in comm 0): application called MPI_Abort(MPI_COMM_WORLD, 59) - process 15

MPICH ERROR [Rank 11] [job id 17192536.0] [Sat Apr  4 18:41:50 2026] [nid001049] - Abort(59) (rank 11 in comm 0): application called MPI_Abort(MPI_COMM_WORLD, 59) - process 11

aborting job:
application called MPI_Abort(MPI_COMM_WORLD, 59) - process 11
aborting job:
application called MPI_Abort(MPI_COMM_WORLD, 59) - process 15
[47]PETSC ERROR: ------------------------------------------------------------------------
[47]PETSC ERROR: Caught signal number 15 Terminate: Some process (or the batch system) has told this process to end
[47]PETSC ERROR: Try option -start_in_debugger or -on_error_attach_debugger
[47]PETSC ERROR: or see https://petsc.org/release/faq/#valgrind and https://petsc.org/release/faq/
[47]PETSC ERROR: configure using --with-debugging=yes, recompile, link, and run 
[47]PETSC ERROR: to get more information on the crash.
MPICH ERROR [Rank 47] [job id 17192536.0] [Sat Apr  4 18:41:50 2026] [nid001821] - Abort(59) (rank 47 in comm 0): application called MPI_Abort(MPI_COMM_WORLD, 59) - process 47

aborting job:
application called MPI_Abort(MPI_COMM_WORLD, 59) - process 47
[54]PETSC ERROR: ------------------------------------------------------------------------
[54]PETSC ERROR: Caught signal number 15 Terminate: Some process (or the batch system) has told this process to end
[54]PETSC ERROR: Try option -start_in_debugger or -on_error_attach_debugger
[54]PETSC ERROR: or see https://petsc.org/release/faq/#valgrind and https://petsc.org/release/faq/
[54]PETSC ERROR: configure using --with-debugging=yes, recompile, link, and run 
[54]PETSC ERROR: to get more information on the crash.
MPICH ERROR [Rank 54] [job id 17192536.0] [Sat Apr  4 18:41:50 2026] [nid001822] - Abort(59) (rank 54 in comm 0): application called MPI_Abort(MPI_COMM_WORLD, 59) - process 54

aborting job:
application called MPI_Abort(MPI_COMM_WORLD, 59) - process 54
[43]PETSC ERROR: ------------------------------------------------------------------------
[43]PETSC ERROR: Caught signal number 15 Terminate: Some process (or the batch system) has told this process to end
[43]PETSC ERROR: Try option -start_in_debugger or -on_error_attach_debugger
[43]PETSC ERROR: or see https://petsc.org/release/faq/#valgrind and https://petsc.org/release/faq/
[43]PETSC ERROR: configure using --with-debugging=yes, recompile, link, and run 
[43]PETSC ERROR: to get more information on the crash.
MPICH ERROR [Rank 43] [job id 17192536.0] [Sat Apr  4 18:41:51 2026] [nid001821] - Abort(59) (rank 43 in comm 0): application called MPI_Abort(MPI_COMM_WORLD, 59) - process 43

aborting job:
application called MPI_Abort(MPI_COMM_WORLD, 59) - process 43
[50]PETSC ERROR: ------------------------------------------------------------------------
[50]PETSC ERROR: Caught signal number 15 Terminate: Some process (or the batch system) has told this process to end
[50]PETSC ERROR: Try option -start_in_debugger or -on_error_attach_debugger
[50]PETSC ERROR: or see https://petsc.org/release/faq/#valgrind and https://petsc.org/release/faq/
[50]PETSC ERROR: configure using --with-debugging=yes, recompile, link, and run 
[50]PETSC ERROR: to get more information on the crash.
MPICH ERROR [Rank 50] [job id 17192536.0] [Sat Apr  4 18:41:51 2026] [nid001822] - Abort(59) (rank 50 in comm 0): application called MPI_Abort(MPI_COMM_WORLD, 59) - process 50

aborting job:
application called MPI_Abort(MPI_COMM_WORLD, 59) - process 50
[31]PETSC ERROR: ------------------------------------------------------------------------
[31]PETSC ERROR: Caught signal number 15 Terminate: Some process (or the batch system) has told this process to end
[31]PETSC ERROR: Try option -start_in_debugger or -on_error_attach_debugger
[31]PETSC ERROR: or see https://petsc.org/release/faq/#valgrind and https://petsc.org/release/faq/
[31]PETSC ERROR: configure using --with-debugging=yes, recompile, link, and run 
[31]PETSC ERROR: to get more information on the crash.
MPICH ERROR [Rank 31] [job id 17192536.0] [Sat Apr  4 18:41:51 2026] [nid001819] - Abort(59) (rank 31 in comm 0): application called MPI_Abort(MPI_COMM_WORLD, 59) - process 31

aborting job:
application called MPI_Abort(MPI_COMM_WORLD, 59) - process 31
[27]PETSC ERROR: ------------------------------------------------------------------------
[27]PETSC ERROR: Caught signal number 15 Terminate: Some process (or the batch system) has told this process to end
[27]PETSC ERROR: Try option -start_in_debugger or -on_error_attach_debugger
[27]PETSC ERROR: or see https://petsc.org/release/faq/#valgrind and https://petsc.org/release/faq/
[27]PETSC ERROR: configure using --with-debugging=yes, recompile, link, and run 
[27]PETSC ERROR: to get more information on the crash.
MPICH ERROR [Rank 27] [job id 17192536.0] [Sat Apr  4 18:41:51 2026] [nid001819] - Abort(59) (rank 27 in comm 0): application called MPI_Abort(MPI_COMM_WORLD, 59) - process 27

aborting job:
application called MPI_Abort(MPI_COMM_WORLD, 59) - process 27
[51]PETSC ERROR: ------------------------------------------------------------------------
[51]PETSC ERROR: Caught signal number 15 Terminate: Some process (or the batch system) has told this process to end
[51]PETSC ERROR: Try option -start_in_debugger or -on_error_attach_debugger
[51]PETSC ERROR: or see https://petsc.org/release/faq/#valgrind and https://petsc.org/release/faq/
[51]PETSC ERROR: configure using --with-debugging=yes, recompile, link, and run 
[51]PETSC ERROR: to get more information on the crash.
MPICH ERROR [Rank 51] [job id 17192536.0] [Sat Apr  4 18:41:51 2026] [nid001822] - Abort(59) (rank 51 in comm 0): application called MPI_Abort(MPI_COMM_WORLD, 59) - process 51

[55]PETSC ERROR: ------------------------------------------------------------------------
aborting job:
application called MPI_Abort(MPI_COMM_WORLD, 59) - process 51
[55]PETSC ERROR: Caught signal number 15 Terminate: Some process (or the batch system) has told this process to end
[55]PETSC ERROR: Try option -start_in_debugger or -on_error_attach_debugger
[55]PETSC ERROR: or see https://petsc.org/release/faq/#valgrind and https://petsc.org/release/faq/
[55]PETSC ERROR: configure using --with-debugging=yes, recompile, link, and run 
[55]PETSC ERROR: to get more information on the crash.
MPICH ERROR [Rank 55] [job id 17192536.0] [Sat Apr  4 18:41:51 2026] [nid001822] - Abort(59) (rank 55 in comm 0): application called MPI_Abort(MPI_COMM_WORLD, 59) - process 55

aborting job:
application called MPI_Abort(MPI_COMM_WORLD, 59) - process 55
