ischedInit: The thread number has been automatically set to 1
ischedInit: The thread number has been automatically set to 1
ischedInit: The thread number has been automatically set to 1
ischedInit: The thread number has been automatically set to 1
ischedInit: The thread number has been automatically set to 1
ischedInit: The thread number has been automatically set to 1
ischedInit: The thread number has been automatically set to 1
ischedInit: The thread number has been automatically set to 1
ischedInit: The thread number has been automatically set to 1
ischedInit: The thread number has been automatically set to 1
ischedInit: The thread number has been automatically set to 1
ischedInit: The thread number has been automatically set to 1
ischedInit: The thread number has been automatically set to 1
ischedInit: The thread number has been automatically set to 1
ischedInit: The thread number has been automatically set to 1
ischedInit: The thread number has been automatically set to 1
ischedInit: The thread number has been automatically set to 1
ischedInit: The thread number has been automatically set to 1
ischedInit: The thread number has been automatically set to 1
ischedInit: The thread number has been automatically set to 1
ischedInit: The thread number has been automatically set to 1
ischedInit: The thread number has been automatically set to 1
ischedInit: The thread number has been automatically set to 1
ischedInit: The thread number has been automatically set to 1
ischedInit: The thread number has been automatically set to 1
ischedInit: The thread number has been automatically set to 1
ischedInit: The thread number has been automatically set to 1
ischedInit: The thread number has been automatically set to 1
ischedInit: The thread number has been automatically set to 1
ischedInit: The thread number has been automatically set to 1
ischedInit: The thread number has been automatically set to 1
ischedInit: The thread number has been automatically set to 1
slurmstepd: error: Detected 1 oom_kill event in StepId=17199686.0. Some of the step tasks have been OOM Killed.
srun: error: nid002876: task 12: Out Of Memory
srun: Terminating StepId=17199686.0
slurmstepd: error: *** STEP 17199686.0 ON nid002796 CANCELLED AT 2026-04-05T15:02:33 ***
[0]PETSC ERROR: ------------------------------------------------------------------------
[0]PETSC ERROR: Caught signal number 15 Terminate: Some process (or the batch system) has told this process to end
[0]PETSC ERROR: Try option -start_in_debugger or -on_error_attach_debugger
[0]PETSC ERROR: or see https://petsc.org/release/faq/#valgrind and https://petsc.org/release/faq/
[0]PETSC ERROR: configure using --with-debugging=yes, recompile, link, and run 
[0]PETSC ERROR: to get more information on the crash.
[4]PETSC ERROR: ------------------------------------------------------------------------
[4]PETSC ERROR: Caught signal number 15 Terminate: Some process (or the batch system) has told this process to end
[4]PETSC ERROR: Try option -start_in_debugger or -on_error_attach_debugger
[4]PETSC ERROR: or see https://petsc.org/release/faq/#valgrind and https://petsc.org/release/faq/
[4]PETSC ERROR: configure using --with-debugging=yes, recompile, link, and run 
[4]PETSC ERROR: to get more information on the crash.
MPICH ERROR [Rank 4] [job id 17199686.0] [Sun Apr  5 15:02:33 2026] [nid002796] - Abort(59) (rank 4 in comm 0): application called MPI_Abort(MPI_COMM_WORLD, 59) - process 4

aborting job:
application called MPI_Abort(MPI_COMM_WORLD, 59) - process 4
+-------------------------------------------------+
+     PaStiX : Parallel Sparse matriX package     +
+-------------------------------------------------+
  Version:                                   6.4.0
  Schedulers:
    sequential:                            Enabled
    thread static:                         Started
    thread dynamic:                        Started
    PaRSEC:                               Disabled
    StarPU:                               Disabled
  Number of MPI processes:                      32
  Number of threads per process:                 1
  Number of GPUs:                                0
  MPI communication support:              PastixMpiThreadFunneled
  Distribution level:                     2D( 160)
  Blocking size (min/max):              160 /  320
  Computational models
    CPU:              AMD Opteron 6180 - Intel MKL
    GPU:             Nvidia K40 GK1108L - CUDA 8.0
  Low rank parameters:
    Strategy                        No compression
+-------------------------------------------------+
  Ordering subtask :
    Prepare graph structure:
      Sort row indexes in each column
      Removing diagonal elements
    Ordering method is: Metis
    Time to compute ordering              1.116466e+02 s
+-------------------------------------------------+
  Symbolic factorization subtask:
    Symbol factorization using: Fax Direct
    Symbol Matrix statistics:
      Number of cblk                      35522833
      Number of blok                      69322421
      Cblk width min                             1
      Cblk width max                             8
      Cblk width avg                          1.18
      Cblk width stdev                        0.56
      Blok height min                            1
      Blok height max                            7
      Blok height avg                         1.02
      Blok height stdev                       0.16
      Memory space                            4.96 Go
    Number of nonzeroes in L structure    92909470
    Fill-in of L                          0.739566
    Time to compute symbol matrix         1.051045e+01 s
+-------------------------------------------------+
  Reordering subtask:
    Split level                                  0
    Stoping criterion                           -1
    Time for reordering                   3.003358e+01 s
+-------------------------------------------------+
  Mapping/Scheduling subtask:
OUTPUTDIR: pastix-D8tZXb
    Number of cluster                           32
    Number of processor per cluster              1
    Number of thread per MPI process             1
    Symbol Matrix statistics:
      Number of cblk                      35522833
      Number of blok                      67693179
      Cblk width min                             1
      Cblk width max                             8
      Cblk width avg                          1.18
      Cblk width stdev                        0.56
      Blok height min                            1
      Blok height max                            7
      Blok height avg                         1.05
      Blok height stdev                       0.22
      Memory space                            4.90 Go
    Symbol split done in                  2.053120e-01 s
    Elimination tree built in             7.560022e-01 s
    Cost matrix built in                  9.824817e-01 s
    Estimated total cost of the etree     3.835905e+02 s
    Estimated critical path of the etree  0.000000e+00 s
    Proportional mapping done in          5.251645e-01 s
MPICH ERROR [Rank 0] [job id 17199686.0] [Sun Apr  5 15:02:33 2026] [nid002796] - Abort(59) (rank 0 in comm 0): application called MPI_Abort(MPI_COMM_WORLD, 59) - process 0

aborting job:
application called MPI_Abort(MPI_COMM_WORLD, 59) - process 0
[8]PETSC ERROR: ------------------------------------------------------------------------
[8]PETSC ERROR: Caught signal number 15 Terminate: Some process (or the batch system) has told this process to end
[8]PETSC ERROR: Try option -start_in_debugger or -on_error_attach_debugger
[8]PETSC ERROR: or see https://petsc.org/release/faq/#valgrind and https://petsc.org/release/faq/
[8]PETSC ERROR: configure using --with-debugging=yes, recompile, link, and run 
[8]PETSC ERROR: to get more information on the crash.
srun: error: nid002796: task 0: Exited with exit code 15
srun: error: nid002796: task 4: Exited with exit code 15
MPICH ERROR [Rank 8] [job id 17199686.0] [Sun Apr  5 15:02:34 2026] [nid002876] - Abort(59) (rank 8 in comm 0): application called MPI_Abort(MPI_COMM_WORLD, 59) - process 8

aborting job:
application called MPI_Abort(MPI_COMM_WORLD, 59) - process 8
[1]PETSC ERROR: ------------------------------------------------------------------------
[1]PETSC ERROR: Caught signal number 15 Terminate: Some process (or the batch system) has told this process to end
[1]PETSC ERROR: Try option -start_in_debugger or -on_error_attach_debugger
[1]PETSC ERROR: or see https://petsc.org/release/faq/#valgrind and https://petsc.org/release/faq/
[1]PETSC ERROR: configure using --with-debugging=yes, recompile, link, and run 
[1]PETSC ERROR: to get more information on the crash.
MPICH ERROR [Rank 1] [job id 17199686.0] [Sun Apr  5 15:02:34 2026] [nid002796] - Abort(59) (rank 1 in comm 0): application called MPI_Abort(MPI_COMM_WORLD, 59) - process 1

aborting job:
application called MPI_Abort(MPI_COMM_WORLD, 59) - process 1
[5]PETSC ERROR: ------------------------------------------------------------------------
[5]PETSC ERROR: Caught signal number 15 Terminate: Some process (or the batch system) has told this process to end
[5]PETSC ERROR: Try option -start_in_debugger or -on_error_attach_debugger
[5]PETSC ERROR: or see https://petsc.org/release/faq/#valgrind and https://petsc.org/release/faq/
[5]PETSC ERROR: configure using --with-debugging=yes, recompile, link, and run 
[5]PETSC ERROR: to get more information on the crash.
MPICH ERROR [Rank 5] [job id 17199686.0] [Sun Apr  5 15:02:34 2026] [nid002796] - Abort(59) (rank 5 in comm 0): application called MPI_Abort(MPI_COMM_WORLD, 59) - process 5

aborting job:
application called MPI_Abort(MPI_COMM_WORLD, 59) - process 5
slurmstepd: error: Detected 1 oom_kill event in StepId=17199686.0. Some of the step tasks have been OOM Killed.
[24]PETSC ERROR: ------------------------------------------------------------------------
[24]PETSC ERROR: Caught signal number 15 Terminate: Some process (or the batch system) has told this process to end
[24]PETSC ERROR: Try option -start_in_debugger or -on_error_attach_debugger
[24]PETSC ERROR: or see https://petsc.org/release/faq/#valgrind and https://petsc.org/release/faq/
[24]PETSC ERROR: configure using --with-debugging=yes, recompile, link, and run 
[24]PETSC ERROR: to get more information on the crash.
[9]PETSC ERROR: ------------------------------------------------------------------------
[13]PETSC ERROR: ------------------------------------------------------------------------
[13]PETSC ERROR: Caught signal number 15 Terminate: Some process (or the batch system) has told this process to end
[13]PETSC ERROR: Try option -start_in_debugger or -on_error_attach_debugger
[13]PETSC ERROR: or see https://petsc.org/release/faq/#valgrind and https://petsc.org/release/faq/
[13]PETSC ERROR: configure using --with-debugging=yes, recompile, link, and run 
[13]PETSC ERROR: to get more information on the crash.
[9]PETSC ERROR: Caught signal number 15 Terminate: Some process (or the batch system) has told this process to end
[9]PETSC ERROR: Try option -start_in_debugger or -on_error_attach_debugger
[9]PETSC ERROR: or see https://petsc.org/release/faq/#valgrind and https://petsc.org/release/faq/
[9]PETSC ERROR: configure using --with-debugging=yes, recompile, link, and run 
[9]PETSC ERROR: to get more information on the crash.
MPICH ERROR [Rank 13] [job id 17199686.0] [Sun Apr  5 15:02:35 2026] [nid002876] - Abort(59) (rank 13 in comm 0): application called MPI_Abort(MPI_COMM_WORLD, 59) - process 13

MPICH ERROR [Rank 9] [job id 17199686.0] [Sun Apr  5 15:02:35 2026] [nid002876] - Abort(59) (rank 9 in comm 0): application called MPI_Abort(MPI_COMM_WORLD, 59) - process 9

aborting job:
application called MPI_Abort(MPI_COMM_WORLD, 59) - process 13
aborting job:
application called MPI_Abort(MPI_COMM_WORLD, 59) - process 9
slurmstepd: error: Detected 1 oom_kill event in StepId=17199686.0. Some of the step tasks have been OOM Killed.
srun: error: nid002796: tasks 1,5: Exited with exit code 15
[28]PETSC ERROR: ------------------------------------------------------------------------
[28]PETSC ERROR: Caught signal number 15 Terminate: Some process (or the batch system) has told this process to end
[28]PETSC ERROR: Try option -start_in_debugger or -on_error_attach_debugger
[28]PETSC ERROR: or see https://petsc.org/release/faq/#valgrind and https://petsc.org/release/faq/
[28]PETSC ERROR: configure using --with-debugging=yes, recompile, link, and run 
[28]PETSC ERROR: to get more information on the crash.
MPICH ERROR [Rank 28] [job id 17199686.0] [Sun Apr  5 15:02:35 2026] [nid002947] - Abort(59) (rank 28 in comm 0): application called MPI_Abort(MPI_COMM_WORLD, 59) - process 28

[20]PETSC ERROR: ------------------------------------------------------------------------
[20]PETSC ERROR: Caught signal number 15 Terminate: Some process (or the batch system) has told this process to end
[20]PETSC ERROR: Try option -start_in_debugger or -on_error_attach_debugger
[20]PETSC ERROR: or see https://petsc.org/release/faq/#valgrind and https://petsc.org/release/faq/
[20]PETSC ERROR: configure using --with-debugging=yes, recompile, link, and run 
[20]PETSC ERROR: to get more information on the crash.
[16]PETSC ERROR: ------------------------------------------------------------------------
[16]PETSC ERROR: Caught signal number 15 Terminate: Some process (or the batch system) has told this process to end
[16]PETSC ERROR: Try option -start_in_debugger or -on_error_attach_debugger
[16]PETSC ERROR: or see https://petsc.org/release/faq/#valgrind and https://petsc.org/release/faq/
[16]PETSC ERROR: configure using --with-debugging=yes, recompile, link, and run 
[16]PETSC ERROR: to get more information on the crash.
MPICH ERROR [Rank 24] [job id 17199686.0] [Sun Apr  5 15:02:35 2026] [nid002947] - Abort(59) (rank 24 in comm 0): application called MPI_Abort(MPI_COMM_WORLD, 59) - process 24

aborting job:
application called MPI_Abort(MPI_COMM_WORLD, 59) - process 24
aborting job:
application called MPI_Abort(MPI_COMM_WORLD, 59) - process 28
MPICH ERROR [Rank 16] [job id 17199686.0] [Sun Apr  5 15:02:35 2026] [nid002909] - Abort(59) (rank 16 in comm 0): application called MPI_Abort(MPI_COMM_WORLD, 59) - process 16

[2]PETSC ERROR: ------------------------------------------------------------------------
[2]PETSC ERROR: Caught signal number 15 Terminate: Some process (or the batch system) has told this process to end
[2]PETSC ERROR: Try option -start_in_debugger or -on_error_attach_debugger
[2]PETSC ERROR: or see https://petsc.org/release/faq/#valgrind and https://petsc.org/release/faq/
[2]PETSC ERROR: configure using --with-debugging=yes, recompile, link, and run 
[2]PETSC ERROR: to get more information on the crash.
[6]PETSC ERROR: ------------------------------------------------------------------------
[6]PETSC ERROR: Caught signal number 15 Terminate: Some process (or the batch system) has told this process to end
[6]PETSC ERROR: Try option -start_in_debugger or -on_error_attach_debugger
[6]PETSC ERROR: or see https://petsc.org/release/faq/#valgrind and https://petsc.org/release/faq/
[6]PETSC ERROR: configure using --with-debugging=yes, recompile, link, and run 
[6]PETSC ERROR: to get more information on the crash.
MPICH ERROR [Rank 2] [job id 17199686.0] [Sun Apr  5 15:02:35 2026] [nid002796] - Abort(59) (rank 2 in comm 0): application called MPI_Abort(MPI_COMM_WORLD, 59) - process 2

aborting job:
application called MPI_Abort(MPI_COMM_WORLD, 59) - process 2
MPICH ERROR [Rank 6] [job id 17199686.0] [Sun Apr  5 15:02:35 2026] [nid002796] - Abort(59) (rank 6 in comm 0): application called MPI_Abort(MPI_COMM_WORLD, 59) - process 6

aborting job:
application called MPI_Abort(MPI_COMM_WORLD, 59) - process 6
aborting job:
application called MPI_Abort(MPI_COMM_WORLD, 59) - process 16
MPICH ERROR [Rank 20] [job id 17199686.0] [Sun Apr  5 15:02:36 2026] [nid002909] - Abort(59) (rank 20 in comm 0): application called MPI_Abort(MPI_COMM_WORLD, 59) - process 20

aborting job:
application called MPI_Abort(MPI_COMM_WORLD, 59) - process 20
[25]PETSC ERROR: ------------------------------------------------------------------------
[25]PETSC ERROR: Caught signal number 15 Terminate: Some process (or the batch system) has told this process to end
[25]PETSC ERROR: Try option -start_in_debugger or -on_error_attach_debugger
[25]PETSC ERROR: or see https://petsc.org/release/faq/#valgrind and https://petsc.org/release/faq/
[25]PETSC ERROR: configure using --with-debugging=yes, recompile, link, and run 
[25]PETSC ERROR: to get more information on the crash.
MPICH ERROR [Rank 25] [job id 17199686.0] [Sun Apr  5 15:02:36 2026] [nid002947] - Abort(59) (rank 25 in comm 0): application called MPI_Abort(MPI_COMM_WORLD, 59) - process 25

aborting job:
application called MPI_Abort(MPI_COMM_WORLD, 59) - process 25
[29]PETSC ERROR: ------------------------------------------------------------------------
[29]PETSC ERROR: Caught signal number 15 Terminate: Some process (or the batch system) has told this process to end
[29]PETSC ERROR: Try option -start_in_debugger or -on_error_attach_debugger
[29]PETSC ERROR: or see https://petsc.org/release/faq/#valgrind and https://petsc.org/release/faq/
[29]PETSC ERROR: configure using --with-debugging=yes, recompile, link, and run 
[29]PETSC ERROR: to get more information on the crash.
MPICH ERROR [Rank 29] [job id 17199686.0] [Sun Apr  5 15:02:36 2026] [nid002947] - Abort(59) (rank 29 in comm 0): application called MPI_Abort(MPI_COMM_WORLD, 59) - process 29

aborting job:
application called MPI_Abort(MPI_COMM_WORLD, 59) - process 29
srun: error: nid002796: task 2: Exited with exit code 15
[14]PETSC ERROR: ------------------------------------------------------------------------
[14]PETSC ERROR: Caught signal number 15 Terminate: Some process (or the batch system) has told this process to end
[14]PETSC ERROR: Try option -start_in_debugger or -on_error_attach_debugger
[14]PETSC ERROR: or see https://petsc.org/release/faq/#valgrind and https://petsc.org/release/faq/
[14]PETSC ERROR: configure using --with-debugging=yes, recompile, link, and run 
[14]PETSC ERROR: to get more information on the crash.
MPICH ERROR [Rank 14] [job id 17199686.0] [Sun Apr  5 15:02:36 2026] [nid002876] - Abort(59) (rank 14 in comm 0): application called MPI_Abort(MPI_COMM_WORLD, 59) - process 14

aborting job:
application called MPI_Abort(MPI_COMM_WORLD, 59) - process 14
[10]PETSC ERROR: ------------------------------------------------------------------------
[10]PETSC ERROR: Caught signal number 15 Terminate: Some process (or the batch system) has told this process to end
[10]PETSC ERROR: Try option -start_in_debugger or -on_error_attach_debugger
[10]PETSC ERROR: or see https://petsc.org/release/faq/#valgrind and https://petsc.org/release/faq/
[10]PETSC ERROR: configure using --with-debugging=yes, recompile, link, and run 
[10]PETSC ERROR: to get more information on the crash.
MPICH ERROR [Rank 10] [job id 17199686.0] [Sun Apr  5 15:02:36 2026] [nid002876] - Abort(59) (rank 10 in comm 0): application called MPI_Abort(MPI_COMM_WORLD, 59) - process 10

aborting job:
application called MPI_Abort(MPI_COMM_WORLD, 59) - process 10
srun: error: nid002796: task 6: Exited with exit code 15
[17]PETSC ERROR: ------------------------------------------------------------------------
[17]PETSC ERROR: Caught signal number 15 Terminate: Some process (or the batch system) has told this process to end
[17]PETSC ERROR: Try option -start_in_debugger or -on_error_attach_debugger
[17]PETSC ERROR: or see https://petsc.org/release/faq/#valgrind and https://petsc.org/release/faq/
[17]PETSC ERROR: configure using --with-debugging=yes, recompile, link, and run 
[17]PETSC ERROR: to get more information on the crash.
MPICH ERROR [Rank 17] [job id 17199686.0] [Sun Apr  5 15:02:36 2026] [nid002909] - Abort(59) (rank 17 in comm 0): application called MPI_Abort(MPI_COMM_WORLD, 59) - process 17

aborting job:
application called MPI_Abort(MPI_COMM_WORLD, 59) - process 17
[21]PETSC ERROR: ------------------------------------------------------------------------
[21]PETSC ERROR: Caught signal number 15 Terminate: Some process (or the batch system) has told this process to end
[21]PETSC ERROR: Try option -start_in_debugger or -on_error_attach_debugger
[21]PETSC ERROR: or see https://petsc.org/release/faq/#valgrind and https://petsc.org/release/faq/
[21]PETSC ERROR: configure using --with-debugging=yes, recompile, link, and run 
[21]PETSC ERROR: to get more information on the crash.
MPICH ERROR [Rank 21] [job id 17199686.0] [Sun Apr  5 15:02:36 2026] [nid002909] - Abort(59) (rank 21 in comm 0): application called MPI_Abort(MPI_COMM_WORLD, 59) - process 21

aborting job:
application called MPI_Abort(MPI_COMM_WORLD, 59) - process 21
[3]PETSC ERROR: ------------------------------------------------------------------------
[3]PETSC ERROR: Caught signal number 15 Terminate: Some process (or the batch system) has told this process to end
[3]PETSC ERROR: Try option -start_in_debugger or -on_error_attach_debugger
[3]PETSC ERROR: or see https://petsc.org/release/faq/#valgrind and https://petsc.org/release/faq/
[3]PETSC ERROR: configure using --with-debugging=yes, recompile, link, and run 
[3]PETSC ERROR: to get more information on the crash.
[7]PETSC ERROR: ------------------------------------------------------------------------
[7]PETSC ERROR: Caught signal number 15 Terminate: Some process (or the batch system) has told this process to end
[7]PETSC ERROR: Try option -start_in_debugger or -on_error_attach_debugger
[7]PETSC ERROR: or see https://petsc.org/release/faq/#valgrind and https://petsc.org/release/faq/
[7]PETSC ERROR: configure using --with-debugging=yes, recompile, link, and run 
[7]PETSC ERROR: to get more information on the crash.
MPICH ERROR [Rank 3] [job id 17199686.0] [Sun Apr  5 15:02:36 2026] [nid002796] - Abort(59) (rank 3 in comm 0): application called MPI_Abort(MPI_COMM_WORLD, 59) - process 3

aborting job:
application called MPI_Abort(MPI_COMM_WORLD, 59) - process 3
MPICH ERROR [Rank 7] [job id 17199686.0] [Sun Apr  5 15:02:36 2026] [nid002796] - Abort(59) (rank 7 in comm 0): application called MPI_Abort(MPI_COMM_WORLD, 59) - process 7

aborting job:
application called MPI_Abort(MPI_COMM_WORLD, 59) - process 7
[30]PETSC ERROR: ------------------------------------------------------------------------
[30]PETSC ERROR: Caught signal number 15 Terminate: Some process (or the batch system) has told this process to end
[30]PETSC ERROR: Try option -start_in_debugger or -on_error_attach_debugger
[30]PETSC ERROR: or see https://petsc.org/release/faq/#valgrind and https://petsc.org/release/faq/
[30]PETSC ERROR: configure using --with-debugging=yes, recompile, link, and run 
[30]PETSC ERROR: to get more information on the crash.
MPICH ERROR [Rank 30] [job id 17199686.0] [Sun Apr  5 15:02:37 2026] [nid002947] - Abort(59) (rank 30 in comm 0): application called MPI_Abort(MPI_COMM_WORLD, 59) - process 30

aborting job:
application called MPI_Abort(MPI_COMM_WORLD, 59) - process 30
[26]PETSC ERROR: ------------------------------------------------------------------------
[26]PETSC ERROR: Caught signal number 15 Terminate: Some process (or the batch system) has told this process to end
[26]PETSC ERROR: Try option -start_in_debugger or -on_error_attach_debugger
[26]PETSC ERROR: or see https://petsc.org/release/faq/#valgrind and https://petsc.org/release/faq/
[26]PETSC ERROR: configure using --with-debugging=yes, recompile, link, and run 
[26]PETSC ERROR: to get more information on the crash.
MPICH ERROR [Rank 26] [job id 17199686.0] [Sun Apr  5 15:02:37 2026] [nid002947] - Abort(59) (rank 26 in comm 0): application called MPI_Abort(MPI_COMM_WORLD, 59) - process 26

aborting job:
application called MPI_Abort(MPI_COMM_WORLD, 59) - process 26
[15]PETSC ERROR: ------------------------------------------------------------------------
[15]PETSC ERROR: Caught signal number 15 Terminate: Some process (or the batch system) has told this process to end
[15]PETSC ERROR: Try option -start_in_debugger or -on_error_attach_debugger
[15]PETSC ERROR: or see https://petsc.org/release/faq/#valgrind and https://petsc.org/release/faq/
[15]PETSC ERROR: configure using --with-debugging=yes, recompile, link, and run 
[15]PETSC ERROR: to get more information on the crash.
[11]PETSC ERROR: ------------------------------------------------------------------------
[11]PETSC ERROR: Caught signal number 15 Terminate: Some process (or the batch system) has told this process to end
[11]PETSC ERROR: Try option -start_in_debugger or -on_error_attach_debugger
[11]PETSC ERROR: or see https://petsc.org/release/faq/#valgrind and https://petsc.org/release/faq/
[11]PETSC ERROR: configure using --with-debugging=yes, recompile, link, and run 
[11]PETSC ERROR: to get more information on the crash.
MPICH ERROR [Rank 15] [job id 17199686.0] [Sun Apr  5 15:02:37 2026] [nid002876] - Abort(59) (rank 15 in comm 0): application called MPI_Abort(MPI_COMM_WORLD, 59) - process 15

aborting job:
application called MPI_Abort(MPI_COMM_WORLD, 59) - process 15
MPICH ERROR [Rank 11] [job id 17199686.0] [Sun Apr  5 15:02:37 2026] [nid002876] - Abort(59) (rank 11 in comm 0): application called MPI_Abort(MPI_COMM_WORLD, 59) - process 11

aborting job:
application called MPI_Abort(MPI_COMM_WORLD, 59) - process 11
srun: error: nid002796: tasks 3,7: Exited with exit code 15
[18]PETSC ERROR: ------------------------------------------------------------------------
[18]PETSC ERROR: Caught signal number 15 Terminate: Some process (or the batch system) has told this process to end
[18]PETSC ERROR: Try option -start_in_debugger or -on_error_attach_debugger
[18]PETSC ERROR: or see https://petsc.org/release/faq/#valgrind and https://petsc.org/release/faq/
[18]PETSC ERROR: configure using --with-debugging=yes, recompile, link, and run 
[18]PETSC ERROR: to get more information on the crash.
MPICH ERROR [Rank 18] [job id 17199686.0] [Sun Apr  5 15:02:37 2026] [nid002909] - Abort(59) (rank 18 in comm 0): application called MPI_Abort(MPI_COMM_WORLD, 59) - process 18

aborting job:
application called MPI_Abort(MPI_COMM_WORLD, 59) - process 18
[31]PETSC ERROR: ------------------------------------------------------------------------
[31]PETSC ERROR: Caught signal number 15 Terminate: Some process (or the batch system) has told this process to end
[31]PETSC ERROR: Try option -start_in_debugger or -on_error_attach_debugger
[31]PETSC ERROR: or see https://petsc.org/release/faq/#valgrind and https://petsc.org/release/faq/
[31]PETSC ERROR: configure using --with-debugging=yes, recompile, link, and run 
[31]PETSC ERROR: to get more information on the crash.
MPICH ERROR [Rank 31] [job id 17199686.0] [Sun Apr  5 15:02:38 2026] [nid002947] - Abort(59) (rank 31 in comm 0): application called MPI_Abort(MPI_COMM_WORLD, 59) - process 31

aborting job:
application called MPI_Abort(MPI_COMM_WORLD, 59) - process 31
[23]PETSC ERROR: ------------------------------------------------------------------------
[23]PETSC ERROR: Caught signal number 15 Terminate: Some process (or the batch system) has told this process to end
[23]PETSC ERROR: Try option -start_in_debugger or -on_error_attach_debugger
[23]PETSC ERROR: or see https://petsc.org/release/faq/#valgrind and https://petsc.org/release/faq/
[23]PETSC ERROR: configure using --with-debugging=yes, recompile, link, and run 
[23]PETSC ERROR: to get more information on the crash.
MPICH ERROR [Rank 23] [job id 17199686.0] [Sun Apr  5 15:02:38 2026] [nid002909] - Abort(59) (rank 23 in comm 0): application called MPI_Abort(MPI_COMM_WORLD, 59) - process 23

aborting job:
application called MPI_Abort(MPI_COMM_WORLD, 59) - process 23
[19]PETSC ERROR: ------------------------------------------------------------------------
[19]PETSC ERROR: Caught signal number 15 Terminate: Some process (or the batch system) has told this process to end
[19]PETSC ERROR: Try option -start_in_debugger or -on_error_attach_debugger
[19]PETSC ERROR: or see https://petsc.org/release/faq/#valgrind and https://petsc.org/release/faq/
[19]PETSC ERROR: configure using --with-debugging=yes, recompile, link, and run 
[19]PETSC ERROR: to get more information on the crash.
MPICH ERROR [Rank 19] [job id 17199686.0] [Sun Apr  5 15:02:38 2026] [nid002909] - Abort(59) (rank 19 in comm 0): application called MPI_Abort(MPI_COMM_WORLD, 59) - process 19

aborting job:
application called MPI_Abort(MPI_COMM_WORLD, 59) - process 19
