	matrix dimension     80016
	nonzeros in A       347222
	nonzeros in L      1288637
	nonzeros in U      1288630
	nonzeros in L+U    2497251
	fill ratio             7.2
	nonzeros in LSUB    236159

** Memory Usage **********************************
** Total highmark (MB):
    Sum-of-all :   742.25 | Avg :    92.78  | Max :    94.50
    Max at rank 7, different stages (MB):
	. symbfact           10.06
	. distribution       94.06
	. numfact            11.83
** NUMfact space (MB): (sum-of-all-processes)
    L\U :           21.50 |  Total :    84.59
	. max at rank 7, max L+U memory (MB):     4.42
	. max at rank 3, peak buffer (MB):        7.89
**************************************************

** number of Tiny Pivots:     4109

**************************************************
**** Time (seconds) ****
	EQUIL time            0.038
	ROWPERM time          0.035
	COLPERM time          0.931
	SYMBFACT time         0.080
	DISTRIBUTE time       0.333
	FACTOR time           0.657
	Factor flops	4.300157e+07	Mflops 	   65.48
	SOLVE time            0.000
	REFINEMENT time       0.000	Steps       0

**************************************************
	SOLVE time            0.024
	Solve flops	4.994502e+06	Mflops 	  204.83
	REFINEMENT time       0.293	Steps       7

**************************************************
||Ax - b||_2 = 1.781648e-13
