	matrix dimension     80016
	nonzeros in A       347222
	nonzeros in L     170495365
	nonzeros in U     170495365
	nonzeros in L+U   340910714
	fill ratio           981.8
	nonzeros in LSUB   2890479

** Memory Usage **********************************
** Total highmark (MB):
    Sum-of-all :  6870.81 | Avg :   858.85  | Max :   877.91
    Max at rank 4, different stages (MB):
	. symbfact           20.84
	. distribution      466.09
	. numfact           863.94
** NUMfact space (MB): (sum-of-all-processes)
    L\U :         2782.20 |  Total :  6870.81
	. max at rank 7, max L+U memory (MB):   361.09
	. max at rank 4, peak buffer (MB):      522.76
**************************************************

** number of Tiny Pivots:    15005

**************************************************
**** Time (seconds) ****
	EQUIL time            0.033
	SYMBFACT time         1.376
	DISTRIBUTE time       1.643
	FACTOR time         113.305
	Factor flops	3.598549e+12	Mflops 	31759.92
	SOLVE time            0.000
	REFINEMENT time       0.000	Steps       0

**************************************************
	SOLVE time            0.416
	Solve flops	6.819696e+08	Mflops 	 1639.22
	REFINEMENT time       0.976	Steps       2

**************************************************
||Ax - b||_2 = 1.446587e-05
