.. equilibrated? *equed = N
.. RowPerm 1	 time: 99.10
.. anorm 4.000000e+00
.. Use METIS ordering on A'+A
.. symbfact(): relax 30, maxsuper 256, fill 5
	matrix dimension    6815744
	nonzeros in A       27248640
	nonzeros in L       327228108
	nonzeros in U       327432781
	nonzeros in L+U     647845145
	fill ratio            23.8
	nonzeros in LSUB    109054100
	No of supers   991512
	Size of G(L)   33498213
	Size of G(U)   27509658
	int 8, short 2, float 4, double 8
	SYMBfact (MB):	L\U 1365.14	total 1855.87	expansions 0
slurmstepd: error: Detected 5 oom_kill events in StepId=17134233.0. Some of the step tasks have been OOM Killed.
srun: error: nid001900: tasks 24-25,27,30-31: Out Of Memory
srun: Terminating StepId=17134233.0
srun: error: slurm_send_node_msg: [socket:[312187593]] slurm_bufs_sendto(msg_type=RESPONSE_SLURM_RC) failed: Unexpected missing socket error
srun: error: Task 24 reported exit for a second time.
srun: error: Task 25 reported exit for a second time.
srun: error: Task 27 reported exit for a second time.
srun: error: Task 30 reported exit for a second time.
srun: error: Task 31 reported exit for a second time.
slurmstepd: error: *** STEP 17134233.0 ON nid001900 CANCELLED AT 2026-04-01T01:10:39 ***
[16]PETSC ERROR: ------------------------------------------------------------------------
[16]PETSC ERROR: Caught signal number 15 Terminate: Some process (or the batch system) has told this process to end
[16]PETSC ERROR: Try option -start_in_debugger or -on_error_attach_debugger
[16]PETSC ERROR: or see https://petsc.org/release/faq/#valgrind and https://petsc.org/release/faq/
[16]PETSC ERROR: configure using --with-debugging=yes, recompile, link, and run 
[56]PETSC ERROR: ------------------------------------------------------------------------
[56]PETSC ERROR: Caught signal number 15 Terminate: Some process (or the batch system) has told this process to end
[56]PETSC ERROR: Try option -start_in_debugger or -on_error_attach_debugger
[56]PETSC ERROR: or see https://petsc.org/release/faq/#valgrind and https://petsc.org/release/faq/
[56]PETSC ERROR: configure using --with-debugging=yes, recompile, link, and run 
[56]PETSC ERROR: to get more information on the crash.
[60]PETSC ERROR: ------------------------------------------------------------------------
[60]PETSC ERROR: Caught signal number 15 Terminate: Some process (or the batch system) has told this process to end
[60]PETSC ERROR: Try option -start_in_debugger or -on_error_attach_debugger
[60]PETSC ERROR: or see https://petsc.org/release/faq/#valgrind and https://petsc.org/release/faq/
[60]PETSC ERROR: configure using --with-debugging=yes, recompile, link, and run 
[60]PETSC ERROR: to get more information on the crash.
[16]PETSC ERROR: to get more information on the crash.
[28]PETSC ERROR: ------------------------------------------------------------------------
[28]PETSC ERROR: Caught signal number 15 Terminate: Some process (or the batch system) has told this process to end
[28]PETSC ERROR: Try option -start_in_debugger or -on_error_attach_debugger
[28]PETSC ERROR: or see https://petsc.org/release/faq/#valgrind and https://petsc.org/release/faq/
[28]PETSC ERROR: configure using --with-debugging=yes, recompile, link, and run 
[28]PETSC ERROR: to get more information on the crash.
[44]PETSC ERROR: ------------------------------------------------------------------------
[44]PETSC ERROR: Caught signal number 15 Terminate: Some process (or the batch system) has told this process to end
[44]PETSC ERROR: Try option -start_in_debugger or -on_error_attach_debugger
[44]PETSC ERROR: or see https://petsc.org/release/faq/#valgrind and https://petsc.org/release/faq/
[44]PETSC ERROR: configure using --with-debugging=yes, recompile, link, and run 
[48]PETSC ERROR: ------------------------------------------------------------------------
[48]PETSC ERROR: Caught signal number 15 Terminate: Some process (or the batch system) has told this process to end
[48]PETSC ERROR: Try option -start_in_debugger or -on_error_attach_debugger
[48]PETSC ERROR: or see https://petsc.org/release/faq/#valgrind and https://petsc.org/release/faq/
[48]PETSC ERROR: configure using --with-debugging=yes, recompile, link, and run 
[48]PETSC ERROR: to get more information on the crash.
[44]PETSC ERROR: to get more information on the crash.
[4]PETSC ERROR: ------------------------------------------------------------------------
[32]PETSC ERROR: ------------------------------------------------------------------------
[32]PETSC ERROR: Caught signal number 15 Terminate: Some process (or the batch system) has told this process to end
[4]PETSC ERROR: Caught signal number 15 Terminate: Some process (or the batch system) has told this process to end
[4]PETSC ERROR: Try option -start_in_debugger or -on_error_attach_debugger
[4]PETSC ERROR: or see https://petsc.org/release/faq/#valgrind and https://petsc.org/release/faq/
[8]PETSC ERROR: ------------------------------------------------------------------------
[8]PETSC ERROR: Caught signal number 15 Terminate: Some process (or the batch system) has told this process to end
[20]PETSC ERROR: ------------------------------------------------------------------------
[20]PETSC ERROR: Caught signal number 15 Terminate: Some process (or the batch system) has told this process to end
[32]PETSC ERROR: Try option -start_in_debugger or -on_error_attach_debugger
[32]PETSC ERROR: or see https://petsc.org/release/faq/#valgrind and https://petsc.org/release/faq/
[32]PETSC ERROR: configure using --with-debugging=yes, recompile, link, and run 
[32]PETSC ERROR: to get more information on the crash.
[36]PETSC ERROR: ------------------------------------------------------------------------
[36]PETSC ERROR: Caught signal number 15 Terminate: Some process (or the batch system) has told this process to end
[36]PETSC ERROR: Try option -start_in_debugger or -on_error_attach_debugger
[36]PETSC ERROR: or see https://petsc.org/release/faq/#valgrind and https://petsc.org/release/faq/
[40]PETSC ERROR: ------------------------------------------------------------------------
[40]PETSC ERROR: Caught signal number 15 Terminate: Some process (or the batch system) has told this process to end
[40]PETSC ERROR: Try option -start_in_debugger or -on_error_attach_debugger
[40]PETSC ERROR: or see https://petsc.org/release/faq/#valgrind and https://petsc.org/release/faq/
[40]PETSC ERROR: configure using --with-debugging=yes, recompile, link, and run 
[40]PETSC ERROR: to get more information on the crash.
[52]PETSC ERROR: ------------------------------------------------------------------------
[52]PETSC ERROR: Caught signal number 15 Terminate: Some process (or the batch system) has told this process to end
[52]PETSC ERROR: Try option -start_in_debugger or -on_error_attach_debugger
[52]PETSC ERROR: or see https://petsc.org/release/faq/#valgrind and https://petsc.org/release/faq/
[52]PETSC ERROR: configure using --with-debugging=yes, recompile, link, and run 
[52]PETSC ERROR: to get more information on the crash.
[4]PETSC ERROR: configure using --with-debugging=yes, recompile, link, and run 
[4]PETSC ERROR: to get more information on the crash.
[8]PETSC ERROR: Try option -start_in_debugger or -on_error_attach_debugger
[8]PETSC ERROR: or see https://petsc.org/release/faq/#valgrind and https://petsc.org/release/faq/
[8]PETSC ERROR: configure using --with-debugging=yes, recompile, link, and run 
[8]PETSC ERROR: to get more information on the crash.
[20]PETSC ERROR: Try option -start_in_debugger or -on_error_attach_debugger
[20]PETSC ERROR: or see https://petsc.org/release/faq/#valgrind and https://petsc.org/release/faq/
[20]PETSC ERROR: configure using --with-debugging=yes, recompile, link, and run 
[20]PETSC ERROR: to get more information on the crash.
[36]PETSC ERROR: configure using --with-debugging=yes, recompile, link, and run 
[36]PETSC ERROR: to get more information on the crash.
[0]PETSC ERROR: ------------------------------------------------------------------------
[0]PETSC ERROR: Caught signal number 15 Terminate: Some process (or the batch system) has told this process to end
[0]PETSC ERROR: Try option -start_in_debugger or -on_error_attach_debugger
[0]PETSC ERROR: or see https://petsc.org/release/faq/#valgrind and https://petsc.org/release/faq/
[0]PETSC ERROR: configure using --with-debugging=yes, recompile, link, and run 
[0]PETSC ERROR: to get more information on the crash.
MPICH ERROR [Rank 0] [job id 17134233.0] [Wed Apr  1 01:10:40 2026] [nid001900] - Abort(59) (rank 0 in comm 0): application called MPI_Abort(MPI_COMM_WORLD, 59) - process 0

MPICH ERROR [Rank 8] [job id 17134233.0] [Wed Apr  1 01:10:40 2026] [nid001900] - Abort(59) (rank 8 in comm 0): application called MPI_Abort(MPI_COMM_WORLD, 59) - process 8

MPICH ERROR [Rank 16] [job id 17134233.0] [Wed Apr  1 01:10:40 2026] [nid001900] - Abort(59) (rank 16 in comm 0): application called MPI_Abort(MPI_COMM_WORLD, 59) - process 16

MPICH ERROR [Rank 28] [job id 17134233.0] [Wed Apr  1 01:10:40 2026] [nid001900] - Abort(59) (rank 28 in comm 0): application called MPI_Abort(MPI_COMM_WORLD, 59) - process 28

MPICH ERROR [Rank 36] [job id 17134233.0] [Wed Apr  1 01:10:40 2026] [nid001900] - Abort(59) (rank 36 in comm 0): application called MPI_Abort(MPI_COMM_WORLD, 59) - process 36

MPICH ERROR [Rank 40] [job id 17134233.0] [Wed Apr  1 01:10:40 2026] [nid001900] - Abort(59) (rank 40 in comm 0): application called MPI_Abort(MPI_COMM_WORLD, 59) - process 40

MPICH ERROR [Rank 44] [job id 17134233.0] [Wed Apr  1 01:10:40 2026] [nid001900] - Abort(59) (rank 44 in comm 0): application called MPI_Abort(MPI_COMM_WORLD, 59) - process 44

MPICH ERROR [Rank 52] [job id 17134233.0] [Wed Apr  1 01:10:40 2026] [nid001900] - Abort(59) (rank 52 in comm 0): application called MPI_Abort(MPI_COMM_WORLD, 59) - process 52

MPICH ERROR [Rank 56] [job id 17134233.0] [Wed Apr  1 01:10:40 2026] [nid001900] - Abort(59) (rank 56 in comm 0): application called MPI_Abort(MPI_COMM_WORLD, 59) - process 56

MPICH ERROR [Rank 60] [job id 17134233.0] [Wed Apr  1 01:10:40 2026] [nid001900] - Abort(59) (rank 60 in comm 0): application called MPI_Abort(MPI_COMM_WORLD, 59) - process 60

MPICH ERROR [Rank 4] [job id 17134233.0] [Wed Apr  1 01:10:40 2026] [nid001900] - Abort(59) (rank 4 in comm 0): application called MPI_Abort(MPI_COMM_WORLD, 59) - process 4

MPICH ERROR [Rank 20] [job id 17134233.0] [Wed Apr  1 01:10:40 2026] [nid001900] - Abort(59) (rank 20 in comm 0): application called MPI_Abort(MPI_COMM_WORLD, 59) - process 20

MPICH ERROR [Rank 32] [job id 17134233.0] [Wed Apr  1 01:10:40 2026] [nid001900] - Abort(59) (rank 32 in comm 0): application called MPI_Abort(MPI_COMM_WORLD, 59) - process 32

MPICH ERROR [Rank 48] [job id 17134233.0] [Wed Apr  1 01:10:40 2026] [nid001900] - Abort(59) (rank 48 in comm 0): application called MPI_Abort(MPI_COMM_WORLD, 59) - process 48

aborting job:
application called MPI_Abort(MPI_COMM_WORLD, 59) - process 16
aborting job:
application called MPI_Abort(MPI_COMM_WORLD, 59) - process 20
aborting job:
application called MPI_Abort(MPI_COMM_WORLD, 59) - process 32
aborting job:
application called MPI_Abort(MPI_COMM_WORLD, 59) - process 36
aborting job:
application called MPI_Abort(MPI_COMM_WORLD, 59) - process 44
aborting job:
application called MPI_Abort(MPI_COMM_WORLD, 59) - process 48
aborting job:
application called MPI_Abort(MPI_COMM_WORLD, 59) - process 52
aborting job:
application called MPI_Abort(MPI_COMM_WORLD, 59) - process 56
aborting job:
application called MPI_Abort(MPI_COMM_WORLD, 59) - process 60
aborting job:
application called MPI_Abort(MPI_COMM_WORLD, 59) - process 0
aborting job:
application called MPI_Abort(MPI_COMM_WORLD, 59) - process 4
aborting job:
application called MPI_Abort(MPI_COMM_WORLD, 59) - process 8
aborting job:
application called MPI_Abort(MPI_COMM_WORLD, 59) - process 28
aborting job:
application called MPI_Abort(MPI_COMM_WORLD, 59) - process 40
[12]PETSC ERROR: ------------------------------------------------------------------------
[12]PETSC ERROR: Caught signal number 15 Terminate: Some process (or the batch system) has told this process to end
[12]PETSC ERROR: Try option -start_in_debugger or -on_error_attach_debugger
[12]PETSC ERROR: or see https://petsc.org/release/faq/#valgrind and https://petsc.org/release/faq/
[12]PETSC ERROR: configure using --with-debugging=yes, recompile, link, and run 
[12]PETSC ERROR: to get more information on the crash.
MPICH ERROR [Rank 12] [job id 17134233.0] [Wed Apr  1 01:10:40 2026] [nid001900] - Abort(59) (rank 12 in comm 0): application called MPI_Abort(MPI_COMM_WORLD, 59) - process 12

aborting job:
application called MPI_Abort(MPI_COMM_WORLD, 59) - process 12
[13]PETSC ERROR: ------------------------------------------------------------------------
[13]PETSC ERROR: Caught signal number 15 Terminate: Some process (or the batch system) has told this process to end
[13]PETSC ERROR: Try option -start_in_debugger or -on_error_attach_debugger
[13]PETSC ERROR: or see https://petsc.org/release/faq/#valgrind and https://petsc.org/release/faq/
[1]PETSC ERROR: ------------------------------------------------------------------------
[1]PETSC ERROR: Caught signal number 15 Terminate: Some process (or the batch system) has told this process to end
[1]PETSC ERROR: Try option -start_in_debugger or -on_error_attach_debugger
[1]PETSC ERROR: or see https://petsc.org/release/faq/#valgrind and https://petsc.org/release/faq/
[13]PETSC ERROR: configure using --with-debugging=yes, recompile, link, and run 
[13]PETSC ERROR: to get more information on the crash.
[17]PETSC ERROR: ------------------------------------------------------------------------
[17]PETSC ERROR: Caught signal number 15 Terminate: Some process (or the batch system) has told this process to end
[17]PETSC ERROR: Try option -start_in_debugger or -on_error_attach_debugger
[17]PETSC ERROR: or see https://petsc.org/release/faq/#valgrind and https://petsc.org/release/faq/
[17]PETSC ERROR: configure using --with-debugging=yes, recompile, link, and run 
[33]PETSC ERROR: ------------------------------------------------------------------------
[33]PETSC ERROR: Caught signal number 15 Terminate: Some process (or the batch system) has told this process to end
[33]PETSC ERROR: Try option -start_in_debugger or -on_error_attach_debugger
[1]PETSC ERROR: configure using --with-debugging=yes, recompile, link, and run 
[1]PETSC ERROR: to get more information on the crash.
[5]PETSC ERROR: ------------------------------------------------------------------------
[5]PETSC ERROR: Caught signal number 15 Terminate: Some process (or the batch system) has told this process to end
[5]PETSC ERROR: Try option -start_in_debugger or -on_error_attach_debugger
[5]PETSC ERROR: or see https://petsc.org/release/faq/#valgrind and https://petsc.org/release/faq/
MPICH ERROR [Rank 13] [job id 17134233.0] [Wed Apr  1 01:10:41 2026] [nid001900] - Abort(59) (rank 13 in comm 0): application called MPI_Abort(MPI_COMM_WORLD, 59) - process 13

aborting job:
application called MPI_Abort(MPI_COMM_WORLD, 59) - process 13
[17]PETSC ERROR: to get more information on the crash.
MPICH ERROR [Rank 17] [job id 17134233.0] [Wed Apr  1 01:10:41 2026] [nid001900] - Abort(59) (rank 17 in comm 0): application called MPI_Abort(MPI_COMM_WORLD, 59) - process 17

[21]PETSC ERROR: ------------------------------------------------------------------------
[21]PETSC ERROR: Caught signal number 15 Terminate: Some process (or the batch system) has told this process to end
[21]PETSC ERROR: Try option -start_in_debugger or -on_error_attach_debugger
[21]PETSC ERROR: or see https://petsc.org/release/faq/#valgrind and https://petsc.org/release/faq/
[29]PETSC ERROR: ------------------------------------------------------------------------
[29]PETSC ERROR: Caught signal number 15 Terminate: Some process (or the batch system) has told this process to end
[29]PETSC ERROR: Try option -start_in_debugger or -on_error_attach_debugger
[29]PETSC ERROR: or see https://petsc.org/release/faq/#valgrind and https://petsc.org/release/faq/
[29]PETSC ERROR: configure using --with-debugging=yes, recompile, link, and run 
[29]PETSC ERROR: to get more information on the crash.
[33]PETSC ERROR: or see https://petsc.org/release/faq/#valgrind and https://petsc.org/release/faq/
[33]PETSC ERROR: configure using --with-debugging=yes, recompile, link, and run 
[33]PETSC ERROR: to get more information on the crash.
[61]PETSC ERROR: ------------------------------------------------------------------------
[61]PETSC ERROR: Caught signal number 15 Terminate: Some process (or the batch system) has told this process to end
[61]PETSC ERROR: Try option -start_in_debugger or -on_error_attach_debugger
[61]PETSC ERROR: or see https://petsc.org/release/faq/#valgrind and https://petsc.org/release/faq/
[61]PETSC ERROR: configure using --with-debugging=yes, recompile, link, and run 
[61]PETSC ERROR: to get more information on the crash.
MPICH ERROR [Rank 1] [job id 17134233.0] [Wed Apr  1 01:10:41 2026] [nid001900] - Abort(59) (rank 1 in comm 0): application called MPI_Abort(MPI_COMM_WORLD, 59) - process 1

aborting job:
application called MPI_Abort(MPI_COMM_WORLD, 59) - process 1
[5]PETSC ERROR: configure using --with-debugging=yes, recompile, link, and run 
[5]PETSC ERROR: to get more information on the crash.
aborting job:
application called MPI_Abort(MPI_COMM_WORLD, 59) - process 17
[21]PETSC ERROR: configure using --with-debugging=yes, recompile, link, and run 
[21]PETSC ERROR: to get more information on the crash.
MPICH ERROR [Rank 29] [job id 17134233.0] [Wed Apr  1 01:10:41 2026] [nid001900] - Abort(59) (rank 29 in comm 0): application called MPI_Abort(MPI_COMM_WORLD, 59) - process 29

aborting job:
application called MPI_Abort(MPI_COMM_WORLD, 59) - process 29
MPICH ERROR [Rank 33] [job id 17134233.0] [Wed Apr  1 01:10:41 2026] [nid001900] - Abort(59) (rank 33 in comm 0): application called MPI_Abort(MPI_COMM_WORLD, 59) - process 33

aborting job:
application called MPI_Abort(MPI_COMM_WORLD, 59) - process 33
[37]PETSC ERROR: ------------------------------------------------------------------------
[37]PETSC ERROR: Caught signal number 15 Terminate: Some process (or the batch system) has told this process to end
[37]PETSC ERROR: Try option -start_in_debugger or -on_error_attach_debugger
[37]PETSC ERROR: or see https://petsc.org/release/faq/#valgrind and https://petsc.org/release/faq/
[37]PETSC ERROR: configure using --with-debugging=yes, recompile, link, and run 
[37]PETSC ERROR: to get more information on the crash.
[49]PETSC ERROR: ------------------------------------------------------------------------
[49]PETSC ERROR: Caught signal number 15 Terminate: Some process (or the batch system) has told this process to end
[49]PETSC ERROR: Try option -start_in_debugger or -on_error_attach_debugger
[49]PETSC ERROR: or see https://petsc.org/release/faq/#valgrind and https://petsc.org/release/faq/
[49]PETSC ERROR: configure using --with-debugging=yes, recompile, link, and run 
[49]PETSC ERROR: to get more information on the crash.
[57]PETSC ERROR: ------------------------------------------------------------------------
[57]PETSC ERROR: Caught signal number 15 Terminate: Some process (or the batch system) has told this process to end
[57]PETSC ERROR: Try option -start_in_debugger or -on_error_attach_debugger
[57]PETSC ERROR: or see https://petsc.org/release/faq/#valgrind and https://petsc.org/release/faq/
[57]PETSC ERROR: configure using --with-debugging=yes, recompile, link, and run 
[57]PETSC ERROR: to get more information on the crash.
MPICH ERROR [Rank 61] [job id 17134233.0] [Wed Apr  1 01:10:41 2026] [nid001900] - Abort(59) (rank 61 in comm 0): application called MPI_Abort(MPI_COMM_WORLD, 59) - process 61

aborting job:
application called MPI_Abort(MPI_COMM_WORLD, 59) - process 61
MPICH ERROR [Rank 5] [job id 17134233.0] [Wed Apr  1 01:10:41 2026] [nid001900] - Abort(59) (rank 5 in comm 0): application called MPI_Abort(MPI_COMM_WORLD, 59) - process 5

aborting job:
application called MPI_Abort(MPI_COMM_WORLD, 59) - process 5
MPICH ERROR [Rank 21] [job id 17134233.0] [Wed Apr  1 01:10:41 2026] [nid001900] - Abort(59) (rank 21 in comm 0): application called MPI_Abort(MPI_COMM_WORLD, 59) - process 21

aborting job:
application called MPI_Abort(MPI_COMM_WORLD, 59) - process 21
MPICH ERROR [Rank 37] [job id 17134233.0] [Wed Apr  1 01:10:41 2026] [nid001900] - Abort(59) (rank 37 in comm 0): application called MPI_Abort(MPI_COMM_WORLD, 59) - process 37

aborting job:
application called MPI_Abort(MPI_COMM_WORLD, 59) - process 37
[41]PETSC ERROR: ------------------------------------------------------------------------
[41]PETSC ERROR: Caught signal number 15 Terminate: Some process (or the batch system) has told this process to end
[41]PETSC ERROR: Try option -start_in_debugger or -on_error_attach_debugger
[41]PETSC ERROR: or see https://petsc.org/release/faq/#valgrind and https://petsc.org/release/faq/
[41]PETSC ERROR: configure using --with-debugging=yes, recompile, link, and run 
[41]PETSC ERROR: to get more information on the crash.
[45]PETSC ERROR: ------------------------------------------------------------------------
[45]PETSC ERROR: Caught signal number 15 Terminate: Some process (or the batch system) has told this process to end
[45]PETSC ERROR: Try option -start_in_debugger or -on_error_attach_debugger
[45]PETSC ERROR: or see https://petsc.org/release/faq/#valgrind and https://petsc.org/release/faq/
[45]PETSC ERROR: configure using --with-debugging=yes, recompile, link, and run 
[45]PETSC ERROR: to get more information on the crash.
MPICH ERROR [Rank 49] [job id 17134233.0] [Wed Apr  1 01:10:41 2026] [nid001900] - Abort(59) (rank 49 in comm 0): application called MPI_Abort(MPI_COMM_WORLD, 59) - process 49

aborting job:
application called MPI_Abort(MPI_COMM_WORLD, 59) - process 49
[53]PETSC ERROR: ------------------------------------------------------------------------
[53]PETSC ERROR: Caught signal number 15 Terminate: Some process (or the batch system) has told this process to end
[53]PETSC ERROR: Try option -start_in_debugger or -on_error_attach_debugger
[53]PETSC ERROR: or see https://petsc.org/release/faq/#valgrind and https://petsc.org/release/faq/
[53]PETSC ERROR: configure using --with-debugging=yes, recompile, link, and run 
[53]PETSC ERROR: to get more information on the crash.
MPICH ERROR [Rank 57] [job id 17134233.0] [Wed Apr  1 01:10:41 2026] [nid001900] - Abort(59) (rank 57 in comm 0): application called MPI_Abort(MPI_COMM_WORLD, 59) - process 57

aborting job:
application called MPI_Abort(MPI_COMM_WORLD, 59) - process 57
MPICH ERROR [Rank 41] [job id 17134233.0] [Wed Apr  1 01:10:41 2026] [nid001900] - Abort(59) (rank 41 in comm 0): application called MPI_Abort(MPI_COMM_WORLD, 59) - process 41

MPICH ERROR [Rank 53] [job id 17134233.0] [Wed Apr  1 01:10:41 2026] [nid001900] - Abort(59) (rank 53 in comm 0): application called MPI_Abort(MPI_COMM_WORLD, 59) - process 53

aborting job:
application called MPI_Abort(MPI_COMM_WORLD, 59) - process 41
MPICH ERROR [Rank 45] [job id 17134233.0] [Wed Apr  1 01:10:41 2026] [nid001900] - Abort(59) (rank 45 in comm 0): application called MPI_Abort(MPI_COMM_WORLD, 59) - process 45

aborting job:
application called MPI_Abort(MPI_COMM_WORLD, 59) - process 45
aborting job:
application called MPI_Abort(MPI_COMM_WORLD, 59) - process 53
[6]PETSC ERROR: ------------------------------------------------------------------------
[6]PETSC ERROR: Caught signal number 15 Terminate: Some process (or the batch system) has told this process to end
[6]PETSC ERROR: Try option -start_in_debugger or -on_error_attach_debugger
[6]PETSC ERROR: or see https://petsc.org/release/faq/#valgrind and https://petsc.org/release/faq/
[6]PETSC ERROR: configure using --with-debugging=yes, recompile, link, and run 
[6]PETSC ERROR: to get more information on the crash.
[2]PETSC ERROR: ------------------------------------------------------------------------
[2]PETSC ERROR: Caught signal number 15 Terminate: Some process (or the batch system) has told this process to end
[2]PETSC ERROR: Try option -start_in_debugger or -on_error_attach_debugger
[2]PETSC ERROR: or see https://petsc.org/release/faq/#valgrind and https://petsc.org/release/faq/
[2]PETSC ERROR: configure using --with-debugging=yes, recompile, link, and run 
[2]PETSC ERROR: to get more information on the crash.
[22]PETSC ERROR: ------------------------------------------------------------------------
[22]PETSC ERROR: Caught signal number 15 Terminate: Some process (or the batch system) has told this process to end
[22]PETSC ERROR: Try option -start_in_debugger or -on_error_attach_debugger
[22]PETSC ERROR: or see https://petsc.org/release/faq/#valgrind and https://petsc.org/release/faq/
[22]PETSC ERROR: configure using --with-debugging=yes, recompile, link, and run 
[22]PETSC ERROR: to get more information on the crash.
[38]PETSC ERROR: ------------------------------------------------------------------------
[38]PETSC ERROR: Caught signal number 15 Terminate: Some process (or the batch system) has told this process to end
[38]PETSC ERROR: Try option -start_in_debugger or -on_error_attach_debugger
[38]PETSC ERROR: or see https://petsc.org/release/faq/#valgrind and https://petsc.org/release/faq/
[38]PETSC ERROR: configure using --with-debugging=yes, recompile, link, and run 
[38]PETSC ERROR: to get more information on the crash.
[42]PETSC ERROR: ------------------------------------------------------------------------
[42]PETSC ERROR: Caught signal number 15 Terminate: Some process (or the batch system) has told this process to end
[42]PETSC ERROR: Try option -start_in_debugger or -on_error_attach_debugger
[42]PETSC ERROR: or see https://petsc.org/release/faq/#valgrind and https://petsc.org/release/faq/
[42]PETSC ERROR: configure using --with-debugging=yes, recompile, link, and run 
[42]PETSC ERROR: to get more information on the crash.
[58]PETSC ERROR: ------------------------------------------------------------------------
[58]PETSC ERROR: Caught signal number 15 Terminate: Some process (or the batch system) has told this process to end
[58]PETSC ERROR: Try option -start_in_debugger or -on_error_attach_debugger
[58]PETSC ERROR: or see https://petsc.org/release/faq/#valgrind and https://petsc.org/release/faq/
[58]PETSC ERROR: configure using --with-debugging=yes, recompile, link, and run 
[58]PETSC ERROR: to get more information on the crash.
MPICH ERROR [Rank 2] [job id 17134233.0] [Wed Apr  1 01:10:42 2026] [nid001900] - Abort(59) (rank 2 in comm 0): application called MPI_Abort(MPI_COMM_WORLD, 59) - process 2

aborting job:
application called MPI_Abort(MPI_COMM_WORLD, 59) - process 2
MPICH ERROR [Rank 6] [job id 17134233.0] [Wed Apr  1 01:10:42 2026] [nid001900] - Abort(59) (rank 6 in comm 0): application called MPI_Abort(MPI_COMM_WORLD, 59) - process 6

aborting job:
application called MPI_Abort(MPI_COMM_WORLD, 59) - process 6
[18]PETSC ERROR: ------------------------------------------------------------------------
[18]PETSC ERROR: Caught signal number 15 Terminate: Some process (or the batch system) has told this process to end
[18]PETSC ERROR: Try option -start_in_debugger or -on_error_attach_debugger
[18]PETSC ERROR: or see https://petsc.org/release/faq/#valgrind and https://petsc.org/release/faq/
[18]PETSC ERROR: configure using --with-debugging=yes, recompile, link, and run 
[18]PETSC ERROR: to get more information on the crash.
MPICH ERROR [Rank 22] [job id 17134233.0] [Wed Apr  1 01:10:42 2026] [nid001900] - Abort(59) (rank 22 in comm 0): application called MPI_Abort(MPI_COMM_WORLD, 59) - process 22

aborting job:
application called MPI_Abort(MPI_COMM_WORLD, 59) - process 22
[26]PETSC ERROR: ------------------------------------------------------------------------
[26]PETSC ERROR: Caught signal number 15 Terminate: Some process (or the batch system) has told this process to end
[26]PETSC ERROR: Try option -start_in_debugger or -on_error_attach_debugger
[26]PETSC ERROR: or see https://petsc.org/release/faq/#valgrind and https://petsc.org/release/faq/
[26]PETSC ERROR: configure using --with-debugging=yes, recompile, link, and run 
[26]PETSC ERROR: to get more information on the crash.
MPICH ERROR [Rank 26] [job id 17134233.0] [Wed Apr  1 01:10:42 2026] [nid001900] - Abort(59) (rank 26 in comm 0): application called MPI_Abort(MPI_COMM_WORLD, 59) - process 26

MPICH ERROR [Rank 38] [job id 17134233.0] [Wed Apr  1 01:10:42 2026] [nid001900] - Abort(59) (rank 38 in comm 0): application called MPI_Abort(MPI_COMM_WORLD, 59) - process 38

aborting job:
application called MPI_Abort(MPI_COMM_WORLD, 59) - process 38
MPICH ERROR [Rank 42] [job id 17134233.0] [Wed Apr  1 01:10:42 2026] [nid001900] - Abort(59) (rank 42 in comm 0): application called MPI_Abort(MPI_COMM_WORLD, 59) - process 42

aborting job:
application called MPI_Abort(MPI_COMM_WORLD, 59) - process 42
[46]PETSC ERROR: ------------------------------------------------------------------------
[46]PETSC ERROR: Caught signal number 15 Terminate: Some process (or the batch system) has told this process to end
[46]PETSC ERROR: Try option -start_in_debugger or -on_error_attach_debugger
[46]PETSC ERROR: or see https://petsc.org/release/faq/#valgrind and https://petsc.org/release/faq/
[46]PETSC ERROR: configure using --with-debugging=yes, recompile, link, and run 
[46]PETSC ERROR: to get more information on the crash.
MPICH ERROR [Rank 46] [job id 17134233.0] [Wed Apr  1 01:10:42 2026] [nid001900] - Abort(59) (rank 46 in comm 0): application called MPI_Abort(MPI_COMM_WORLD, 59) - process 46

aborting job:
application called MPI_Abort(MPI_COMM_WORLD, 59) - process 46
[50]PETSC ERROR: ------------------------------------------------------------------------
[50]PETSC ERROR: Caught signal number 15 Terminate: Some process (or the batch system) has told this process to end
[50]PETSC ERROR: Try option -start_in_debugger or -on_error_attach_debugger
[50]PETSC ERROR: or see https://petsc.org/release/faq/#valgrind and https://petsc.org/release/faq/
[50]PETSC ERROR: configure using --with-debugging=yes, recompile, link, and run 
[50]PETSC ERROR: to get more information on the crash.
MPICH ERROR [Rank 50] [job id 17134233.0] [Wed Apr  1 01:10:42 2026] [nid001900] - Abort(59) (rank 50 in comm 0): application called MPI_Abort(MPI_COMM_WORLD, 59) - process 50

aborting job:
application called MPI_Abort(MPI_COMM_WORLD, 59) - process 50
[54]PETSC ERROR: ------------------------------------------------------------------------
[54]PETSC ERROR: Caught signal number 15 Terminate: Some process (or the batch system) has told this process to end
[54]PETSC ERROR: Try option -start_in_debugger or -on_error_attach_debugger
[54]PETSC ERROR: or see https://petsc.org/release/faq/#valgrind and https://petsc.org/release/faq/
[54]PETSC ERROR: configure using --with-debugging=yes, recompile, link, and run 
[54]PETSC ERROR: to get more information on the crash.
MPICH ERROR [Rank 54] [job id 17134233.0] [Wed Apr  1 01:10:42 2026] [nid001900] - Abort(59) (rank 54 in comm 0): application called MPI_Abort(MPI_COMM_WORLD, 59) - process 54

aborting job:
application called MPI_Abort(MPI_COMM_WORLD, 59) - process 54
MPICH ERROR [Rank 58] [job id 17134233.0] [Wed Apr  1 01:10:42 2026] [nid001900] - Abort(59) (rank 58 in comm 0): application called MPI_Abort(MPI_COMM_WORLD, 59) - process 58

aborting job:
application called MPI_Abort(MPI_COMM_WORLD, 59) - process 58
[62]PETSC ERROR: ------------------------------------------------------------------------
[62]PETSC ERROR: Caught signal number 15 Terminate: Some process (or the batch system) has told this process to end
[62]PETSC ERROR: Try option -start_in_debugger or -on_error_attach_debugger
[62]PETSC ERROR: or see https://petsc.org/release/faq/#valgrind and https://petsc.org/release/faq/
[62]PETSC ERROR: configure using --with-debugging=yes, recompile, link, and run 
[62]PETSC ERROR: to get more information on the crash.
MPICH ERROR [Rank 62] [job id 17134233.0] [Wed Apr  1 01:10:42 2026] [nid001900] - Abort(59) (rank 62 in comm 0): application called MPI_Abort(MPI_COMM_WORLD, 59) - process 62

aborting job:
application called MPI_Abort(MPI_COMM_WORLD, 59) - process 62
MPICH ERROR [Rank 18] [job id 17134233.0] [Wed Apr  1 01:10:42 2026] [nid001900] - Abort(59) (rank 18 in comm 0): application called MPI_Abort(MPI_COMM_WORLD, 59) - process 18

aborting job:
application called MPI_Abort(MPI_COMM_WORLD, 59) - process 18
aborting job:
application called MPI_Abort(MPI_COMM_WORLD, 59) - process 26
[34]PETSC ERROR: ------------------------------------------------------------------------
[34]PETSC ERROR: Caught signal number 15 Terminate: Some process (or the batch system) has told this process to end
[34]PETSC ERROR: Try option -start_in_debugger or -on_error_attach_debugger
[34]PETSC ERROR: or see https://petsc.org/release/faq/#valgrind and https://petsc.org/release/faq/
[34]PETSC ERROR: configure using --with-debugging=yes, recompile, link, and run 
[34]PETSC ERROR: to get more information on the crash.
MPICH ERROR [Rank 34] [job id 17134233.0] [Wed Apr  1 01:10:42 2026] [nid001900] - Abort(59) (rank 34 in comm 0): application called MPI_Abort(MPI_COMM_WORLD, 59) - process 34

aborting job:
application called MPI_Abort(MPI_COMM_WORLD, 59) - process 34
[7]PETSC ERROR: ------------------------------------------------------------------------
[39]PETSC ERROR: ------------------------------------------------------------------------
[39]PETSC ERROR: Caught signal number 15 Terminate: Some process (or the batch system) has told this process to end
[39]PETSC ERROR: Try option -start_in_debugger or -on_error_attach_debugger
[39]PETSC ERROR: or see https://petsc.org/release/faq/#valgrind and https://petsc.org/release/faq/
[39]PETSC ERROR: configure using --with-debugging=yes, recompile, link, and run 
[7]PETSC ERROR: Caught signal number 15 Terminate: Some process (or the batch system) has told this process to end
[7]PETSC ERROR: Try option -start_in_debugger or -on_error_attach_debugger
[7]PETSC ERROR: or see https://petsc.org/release/faq/#valgrind and https://petsc.org/release/faq/
[7]PETSC ERROR: configure using --with-debugging=yes, recompile, link, and run 
[7]PETSC ERROR: to get more information on the crash.
[11]PETSC ERROR: ------------------------------------------------------------------------
[23]PETSC ERROR: ------------------------------------------------------------------------
[23]PETSC ERROR: Caught signal number 15 Terminate: Some process (or the batch system) has told this process to end
[39]PETSC ERROR: to get more information on the crash.
[3]PETSC ERROR: ------------------------------------------------------------------------
[3]PETSC ERROR: Caught signal number 15 Terminate: Some process (or the batch system) has told this process to end
MPICH ERROR [Rank 7] [job id 17134233.0] [Wed Apr  1 01:10:43 2026] [nid001900] - Abort(59) (rank 7 in comm 0): application called MPI_Abort(MPI_COMM_WORLD, 59) - process 7

[11]PETSC ERROR: Caught signal number 15 Terminate: Some process (or the batch system) has told this process to end
[11]PETSC ERROR: Try option -start_in_debugger or -on_error_attach_debugger
[11]PETSC ERROR: or see https://petsc.org/release/faq/#valgrind and https://petsc.org/release/faq/
[11]PETSC ERROR: configure using --with-debugging=yes, recompile, link, and run 
[11]PETSC ERROR: to get more information on the crash.
[23]PETSC ERROR: Try option -start_in_debugger or -on_error_attach_debugger
[23]PETSC ERROR: or see https://petsc.org/release/faq/#valgrind and https://petsc.org/release/faq/
[23]PETSC ERROR: configure using --with-debugging=yes, recompile, link, and run 
[23]PETSC ERROR: to get more information on the crash.
MPICH ERROR [Rank 23] [job id 17134233.0] [Wed Apr  1 01:10:43 2026] [nid001900] - Abort(59) (rank 23 in comm 0): application called MPI_Abort(MPI_COMM_WORLD, 59) - process 23

MPICH ERROR [Rank 39] [job id 17134233.0] [Wed Apr  1 01:10:43 2026] [nid001900] - Abort(59) (rank 39 in comm 0): application called MPI_Abort(MPI_COMM_WORLD, 59) - process 39

aborting job:
application called MPI_Abort(MPI_COMM_WORLD, 59) - process 39
[43]PETSC ERROR: ------------------------------------------------------------------------
[43]PETSC ERROR: Caught signal number 15 Terminate: Some process (or the batch system) has told this process to end
[43]PETSC ERROR: Try option -start_in_debugger or -on_error_attach_debugger
[43]PETSC ERROR: or see https://petsc.org/release/faq/#valgrind and https://petsc.org/release/faq/
[43]PETSC ERROR: configure using --with-debugging=yes, recompile, link, and run 
[43]PETSC ERROR: to get more information on the crash.
[51]PETSC ERROR: ------------------------------------------------------------------------
[51]PETSC ERROR: Caught signal number 15 Terminate: Some process (or the batch system) has told this process to end
[51]PETSC ERROR: Try option -start_in_debugger or -on_error_attach_debugger
[55]PETSC ERROR: ------------------------------------------------------------------------
[55]PETSC ERROR: Caught signal number 15 Terminate: Some process (or the batch system) has told this process to end
[55]PETSC ERROR: Try option -start_in_debugger or -on_error_attach_debugger
[55]PETSC ERROR: or see https://petsc.org/release/faq/#valgrind and https://petsc.org/release/faq/
[55]PETSC ERROR: configure using --with-debugging=yes, recompile, link, and run 
[55]PETSC ERROR: to get more information on the crash.
[3]PETSC ERROR: Try option -start_in_debugger or -on_error_attach_debugger
[3]PETSC ERROR: or see https://petsc.org/release/faq/#valgrind and https://petsc.org/release/faq/
[3]PETSC ERROR: configure using --with-debugging=yes, recompile, link, and run 
[3]PETSC ERROR: to get more information on the crash.
aborting job:
application called MPI_Abort(MPI_COMM_WORLD, 59) - process 7
MPICH ERROR [Rank 11] [job id 17134233.0] [Wed Apr  1 01:10:43 2026] [nid001900] - Abort(59) (rank 11 in comm 0): application called MPI_Abort(MPI_COMM_WORLD, 59) - process 11

aborting job:
application called MPI_Abort(MPI_COMM_WORLD, 59) - process 11
[15]PETSC ERROR: ------------------------------------------------------------------------
[15]PETSC ERROR: Caught signal number 15 Terminate: Some process (or the batch system) has told this process to end
[15]PETSC ERROR: Try option -start_in_debugger or -on_error_attach_debugger
[15]PETSC ERROR: or see https://petsc.org/release/faq/#valgrind and https://petsc.org/release/faq/
[15]PETSC ERROR: configure using --with-debugging=yes, recompile, link, and run 
[15]PETSC ERROR: to get more information on the crash.
[19]PETSC ERROR: ------------------------------------------------------------------------
[19]PETSC ERROR: Caught signal number 15 Terminate: Some process (or the batch system) has told this process to end
[19]PETSC ERROR: Try option -start_in_debugger or -on_error_attach_debugger
[19]PETSC ERROR: or see https://petsc.org/release/faq/#valgrind and https://petsc.org/release/faq/
[19]PETSC ERROR: configure using --with-debugging=yes, recompile, link, and run 
[19]PETSC ERROR: to get more information on the crash.
MPICH ERROR [Rank 19] [job id 17134233.0] [Wed Apr  1 01:10:43 2026] [nid001900] - Abort(59) (rank 19 in comm 0): application called MPI_Abort(MPI_COMM_WORLD, 59) - process 19
aborting job:
application called MPI_Abort(MPI_COMM_WORLD, 59) - process 23
[35]PETSC ERROR: ------------------------------------------------------------------------
[35]PETSC ERROR: Caught signal number 15 Terminate: Some process (or the batch system) has told this process to end
[35]PETSC ERROR: Try option -start_in_debugger or -on_error_attach_debugger
[35]PETSC ERROR: or see https://petsc.org/release/faq/#valgrind and https://petsc.org/release/faq/
[35]PETSC ERROR: configure using --with-debugging=yes, recompile, link, and run 
[35]PETSC ERROR: to get more information on the crash.
MPICH ERROR [Rank 43] [job id 17134233.0] [Wed Apr  1 01:10:43 2026] [nid001900] - Abort(59) (rank 43 in comm 0): application called MPI_Abort(MPI_COMM_WORLD, 59) - process 43

aborting job:
application called MPI_Abort(MPI_COMM_WORLD, 59) - process 43
[51]PETSC ERROR: or see https://petsc.org/release/faq/#valgrind and https://petsc.org/release/faq/
[51]PETSC ERROR: configure using --with-debugging=yes, recompile, link, and run 
[51]PETSC ERROR: to get more information on the crash.
MPICH ERROR [Rank 51] [job id 17134233.0] [Wed Apr  1 01:10:43 2026] [nid001900] - Abort(59) (rank 51 in comm 0): application called MPI_Abort(MPI_COMM_WORLD, 59) - process 51

aborting job:
application called MPI_Abort(MPI_COMM_WORLD, 59) - process 51
[59]PETSC ERROR: ------------------------------------------------------------------------
[59]PETSC ERROR: Caught signal number 15 Terminate: Some process (or the batch system) has told this process to end
[59]PETSC ERROR: Try option -start_in_debugger or -on_error_attach_debugger
[59]PETSC ERROR: or see https://petsc.org/release/faq/#valgrind and https://petsc.org/release/faq/
[59]PETSC ERROR: configure using --with-debugging=yes, recompile, link, and run 
[59]PETSC ERROR: to get more information on the crash.
MPICH ERROR [Rank 3] [job id 17134233.0] [Wed Apr  1 01:10:43 2026] [nid001900] - Abort(59) (rank 3 in comm 0): application called MPI_Abort(MPI_COMM_WORLD, 59) - process 3

aborting job:
application called MPI_Abort(MPI_COMM_WORLD, 59) - process 3
MPICH ERROR [Rank 15] [job id 17134233.0] [Wed Apr  1 01:10:43 2026] [nid001900] - Abort(59) (rank 15 in comm 0): application called MPI_Abort(MPI_COMM_WORLD, 59) - process 15

aborting job:
application called MPI_Abort(MPI_COMM_WORLD, 59) - process 15

aborting job:
application called MPI_Abort(MPI_COMM_WORLD, 59) - process 19
MPICH ERROR [Rank 35] [job id 17134233.0] [Wed Apr  1 01:10:43 2026] [nid001900] - Abort(59) (rank 35 in comm 0): application called MPI_Abort(MPI_COMM_WORLD, 59) - process 35

aborting job:
application called MPI_Abort(MPI_COMM_WORLD, 59) - process 35
[47]PETSC ERROR: ------------------------------------------------------------------------
[47]PETSC ERROR: Caught signal number 15 Terminate: Some process (or the batch system) has told this process to end
[47]PETSC ERROR: Try option -start_in_debugger or -on_error_attach_debugger
[47]PETSC ERROR: or see https://petsc.org/release/faq/#valgrind and https://petsc.org/release/faq/
[47]PETSC ERROR: configure using --with-debugging=yes, recompile, link, and run 
[47]PETSC ERROR: to get more information on the crash.
MPICH ERROR [Rank 47] [job id 17134233.0] [Wed Apr  1 01:10:43 2026] [nid001900] - Abort(59) (rank 47 in comm 0): application called MPI_Abort(MPI_COMM_WORLD, 59) - process 47

MPICH ERROR [Rank 55] [job id 17134233.0] [Wed Apr  1 01:10:43 2026] [nid001900] - Abort(59) (rank 55 in comm 0): application called MPI_Abort(MPI_COMM_WORLD, 59) - process 55

aborting job:
application called MPI_Abort(MPI_COMM_WORLD, 59) - process 55
MPICH ERROR [Rank 59] [job id 17134233.0] [Wed Apr  1 01:10:43 2026] [nid001900] - Abort(59) (rank 59 in comm 0): application called MPI_Abort(MPI_COMM_WORLD, 59) - process 59

aborting job:
application called MPI_Abort(MPI_COMM_WORLD, 59) - process 59
aborting job:
application called MPI_Abort(MPI_COMM_WORLD, 59) - process 47
[63]PETSC ERROR: ------------------------------------------------------------------------
[63]PETSC ERROR: Caught signal number 15 Terminate: Some process (or the batch system) has told this process to end
[63]PETSC ERROR: Try option -start_in_debugger or -on_error_attach_debugger
[63]PETSC ERROR: or see https://petsc.org/release/faq/#valgrind and https://petsc.org/release/faq/
[63]PETSC ERROR: configure using --with-debugging=yes, recompile, link, and run 
[63]PETSC ERROR: to get more information on the crash.
MPICH ERROR [Rank 63] [job id 17134233.0] [Wed Apr  1 01:10:43 2026] [nid001900] - Abort(59) (rank 63 in comm 0): application called MPI_Abort(MPI_COMM_WORLD, 59) - process 63

aborting job:
application called MPI_Abort(MPI_COMM_WORLD, 59) - process 63
