.. equilibrated? *equed = N
.. RowPerm 1	 time: 102.77
.. anorm 4.000000e+00
.. Use minimum degree ordering on A'*A
.. symbfact(): relax 30, maxsuper 256, fill 5
slurmstepd: error: Detected 1 oom_kill event in StepId=17134623.0. Some of the step tasks have been OOM Killed.
srun: error: nid001986: task 96: Out Of Memory
srun: Terminating StepId=17134623.0
slurmstepd: error: *** STEP 17134623.0 ON nid001986 CANCELLED AT 2026-04-01T01:27:41 ***
[100]PETSC ERROR: ------------------------------------------------------------------------
[100]PETSC ERROR: Caught signal number 15 Terminate: Some process (or the batch system) has told this process to end
[100]PETSC ERROR: Try option -start_in_debugger or -on_error_attach_debugger
[100]PETSC ERROR: or see https://petsc.org/release/faq/#valgrind and https://petsc.org/release/faq/
[100]PETSC ERROR: configure using --with-debugging=yes, recompile, link, and run 
[100]PETSC ERROR: to get more information on the crash.
[121]PETSC ERROR: ------------------------------------------------------------------------
[121]PETSC ERROR: Caught signal number 15 Terminate: Some process (or the batch system) has told this process to end
[121]PETSC ERROR: Try option -start_in_debugger or -on_error_attach_debugger
[121]PETSC ERROR: or see https://petsc.org/release/faq/#valgrind and https://petsc.org/release/faq/
[121]PETSC ERROR: configure using --with-debugging=yes, recompile, link, and run 
[121]PETSC ERROR: to get more information on the crash.
[3]PETSC ERROR: ------------------------------------------------------------------------
[3]PETSC ERROR: Caught signal number 15 Terminate: Some process (or the batch system) has told this process to end
[3]PETSC ERROR: Try option -start_in_debugger or -on_error_attach_debugger
[3]PETSC ERROR: or see https://petsc.org/release/faq/#valgrind and https://petsc.org/release/faq/
[3]PETSC ERROR: configure using --with-debugging=yes, recompile, link, and run 
[3]PETSC ERROR: to get more information on the crash.
[4]PETSC ERROR: ------------------------------------------------------------------------
[4]PETSC ERROR: Caught signal number 15 Terminate: Some process (or the batch system) has told this process to end
[4]PETSC ERROR: Try option -start_in_debugger or -on_error_attach_debugger
[4]PETSC ERROR: or see https://petsc.org/release/faq/#valgrind and https://petsc.org/release/faq/
[4]PETSC ERROR: configure using --with-debugging=yes, recompile, link, and run 
[4]PETSC ERROR: to get more information on the crash.
[6]PETSC ERROR: ------------------------------------------------------------------------
[6]PETSC ERROR: Caught signal number 15 Terminate: Some process (or the batch system) has told this process to end
[6]PETSC ERROR: Try option -start_in_debugger or -on_error_attach_debugger
[6]PETSC ERROR: or see https://petsc.org/release/faq/#valgrind and https://petsc.org/release/faq/
[6]PETSC ERROR: configure using --with-debugging=yes, recompile, link, and run 
[6]PETSC ERROR: to get more information on the crash.
[7]PETSC ERROR: ------------------------------------------------------------------------
[7]PETSC ERROR: Caught signal number 15 Terminate: Some process (or the batch system) has told this process to end
[7]PETSC ERROR: Try option -start_in_debugger or -on_error_attach_debugger
[7]PETSC ERROR: or see https://petsc.org/release/faq/#valgrind and https://petsc.org/release/faq/
[7]PETSC ERROR: configure using --with-debugging=yes, recompile, link, and run 
[7]PETSC ERROR: to get more information on the crash.
[8]PETSC ERROR: ------------------------------------------------------------------------
[8]PETSC ERROR: Caught signal number 15 Terminate: Some process (or the batch system) has told this process to end
[8]PETSC ERROR: Try option -start_in_debugger or -on_error_attach_debugger
[8]PETSC ERROR: or see https://petsc.org/release/faq/#valgrind and https://petsc.org/release/faq/
[8]PETSC ERROR: configure using --with-debugging=yes, recompile, link, and run 
[8]PETSC ERROR: to get more information on the crash.
[10]PETSC ERROR: ------------------------------------------------------------------------
[10]PETSC ERROR: Caught signal number 15 Terminate: Some process (or the batch system) has told this process to end
[10]PETSC ERROR: Try option -start_in_debugger or -on_error_attach_debugger
[10]PETSC ERROR: or see https://petsc.org/release/faq/#valgrind and https://petsc.org/release/faq/
[10]PETSC ERROR: configure using --with-debugging=yes, recompile, link, and run 
[10]PETSC ERROR: to get more information on the crash.
[11]PETSC ERROR: ------------------------------------------------------------------------
[11]PETSC ERROR: Caught signal number 15 Terminate: Some process (or the batch system) has told this process to end
[11]PETSC ERROR: Try option -start_in_debugger or -on_error_attach_debugger
[11]PETSC ERROR: or see https://petsc.org/release/faq/#valgrind and https://petsc.org/release/faq/
[11]PETSC ERROR: configure using --with-debugging=yes, recompile, link, and run 
[11]PETSC ERROR: to get more information on the crash.
[12]PETSC ERROR: ------------------------------------------------------------------------
[12]PETSC ERROR: Caught signal number 15 Terminate: Some process (or the batch system) has told this process to end
[12]PETSC ERROR: Try option -start_in_debugger or -on_error_attach_debugger
[12]PETSC ERROR: or see https://petsc.org/release/faq/#valgrind and https://petsc.org/release/faq/
[12]PETSC ERROR: configure using --with-debugging=yes, recompile, link, and run 
[12]PETSC ERROR: to get more information on the crash.
[14]PETSC ERROR: ------------------------------------------------------------------------
[14]PETSC ERROR: Caught signal number 15 Terminate: Some process (or the batch system) has told this process to end
[14]PETSC ERROR: Try option -start_in_debugger or -on_error_attach_debugger
[14]PETSC ERROR: or see https://petsc.org/release/faq/#valgrind and https://petsc.org/release/faq/
[14]PETSC ERROR: configure using --with-debugging=yes, recompile, link, and run 
[14]PETSC ERROR: to get more information on the crash.
[15]PETSC ERROR: ------------------------------------------------------------------------
[15]PETSC ERROR: Caught signal number 15 Terminate: Some process (or the batch system) has told this process to end
[15]PETSC ERROR: Try option -start_in_debugger or -on_error_attach_debugger
[15]PETSC ERROR: or see https://petsc.org/release/faq/#valgrind and https://petsc.org/release/faq/
[15]PETSC ERROR: configure using --with-debugging=yes, recompile, link, and run 
[15]PETSC ERROR: to get more information on the crash.
[16]PETSC ERROR: ------------------------------------------------------------------------
[16]PETSC ERROR: Caught signal number 15 Terminate: Some process (or the batch system) has told this process to end
[16]PETSC ERROR: Try option -start_in_debugger or -on_error_attach_debugger
[16]PETSC ERROR: or see https://petsc.org/release/faq/#valgrind and https://petsc.org/release/faq/
[16]PETSC ERROR: configure using --with-debugging=yes, recompile, link, and run 
[16]PETSC ERROR: to get more information on the crash.
[17]PETSC ERROR: ------------------------------------------------------------------------
[17]PETSC ERROR: Caught signal number 15 Terminate: Some process (or the batch system) has told this process to end
[17]PETSC ERROR: Try option -start_in_debugger or -on_error_attach_debugger
[17]PETSC ERROR: or see https://petsc.org/release/faq/#valgrind and https://petsc.org/release/faq/
[17]PETSC ERROR: configure using --with-debugging=yes, recompile, link, and run 
[17]PETSC ERROR: to get more information on the crash.
[18]PETSC ERROR: ------------------------------------------------------------------------
[18]PETSC ERROR: Caught signal number 15 Terminate: Some process (or the batch system) has told this process to end
[18]PETSC ERROR: Try option -start_in_debugger or -on_error_attach_debugger
[18]PETSC ERROR: or see https://petsc.org/release/faq/#valgrind and https://petsc.org/release/faq/
[18]PETSC ERROR: configure using --with-debugging=yes, recompile, link, and run 
[18]PETSC ERROR: to get more information on the crash.
[19]PETSC ERROR: ------------------------------------------------------------------------
[19]PETSC ERROR: Caught signal number 15 Terminate: Some process (or the batch system) has told this process to end
[19]PETSC ERROR: Try option -start_in_debugger or -on_error_attach_debugger
[19]PETSC ERROR: or see https://petsc.org/release/faq/#valgrind and https://petsc.org/release/faq/
[19]PETSC ERROR: configure using --with-debugging=yes, recompile, link, and run 
[19]PETSC ERROR: to get more information on the crash.
[20]PETSC ERROR: ------------------------------------------------------------------------
[20]PETSC ERROR: Caught signal number 15 Terminate: Some process (or the batch system) has told this process to end
[20]PETSC ERROR: Try option -start_in_debugger or -on_error_attach_debugger
[20]PETSC ERROR: or see https://petsc.org/release/faq/#valgrind and https://petsc.org/release/faq/
[20]PETSC ERROR: configure using --with-debugging=yes, recompile, link, and run 
[20]PETSC ERROR: to get more information on the crash.
[21]PETSC ERROR: ------------------------------------------------------------------------
[21]PETSC ERROR: Caught signal number 15 Terminate: Some process (or the batch system) has told this process to end
[21]PETSC ERROR: Try option -start_in_debugger or -on_error_attach_debugger
[21]PETSC ERROR: or see https://petsc.org/release/faq/#valgrind and https://petsc.org/release/faq/
[21]PETSC ERROR: configure using --with-debugging=yes, recompile, link, and run 
[21]PETSC ERROR: to get more information on the crash.
[22]PETSC ERROR: ------------------------------------------------------------------------
[22]PETSC ERROR: Caught signal number 15 Terminate: Some process (or the batch system) has told this process to end
[22]PETSC ERROR: Try option -start_in_debugger or -on_error_attach_debugger
[22]PETSC ERROR: or see https://petsc.org/release/faq/#valgrind and https://petsc.org/release/faq/
[22]PETSC ERROR: configure using --with-debugging=yes, recompile, link, and run 
[22]PETSC ERROR: to get more information on the crash.
[23]PETSC ERROR: ------------------------------------------------------------------------
[23]PETSC ERROR: Caught signal number 15 Terminate: Some process (or the batch system) has told this process to end
[23]PETSC ERROR: Try option -start_in_debugger or -on_error_attach_debugger
[23]PETSC ERROR: or see https://petsc.org/release/faq/#valgrind and https://petsc.org/release/faq/
[23]PETSC ERROR: configure using --with-debugging=yes, recompile, link, and run 
[23]PETSC ERROR: to get more information on the crash.
[26]PETSC ERROR: ------------------------------------------------------------------------
[26]PETSC ERROR: Caught signal number 15 Terminate: Some process (or the batch system) has told this process to end
[26]PETSC ERROR: Try option -start_in_debugger or -on_error_attach_debugger
[26]PETSC ERROR: or see https://petsc.org/release/faq/#valgrind and https://petsc.org/release/faq/
[26]PETSC ERROR: configure using --with-debugging=yes, recompile, link, and run 
[26]PETSC ERROR: to get more information on the crash.
[27]PETSC ERROR: ------------------------------------------------------------------------
[27]PETSC ERROR: Caught signal number 15 Terminate: Some process (or the batch system) has told this process to end
[27]PETSC ERROR: Try option -start_in_debugger or -on_error_attach_debugger
[27]PETSC ERROR: or see https://petsc.org/release/faq/#valgrind and https://petsc.org/release/faq/
[27]PETSC ERROR: configure using --with-debugging=yes, recompile, link, and run 
[27]PETSC ERROR: to get more information on the crash.
[29]PETSC ERROR: ------------------------------------------------------------------------
[29]PETSC ERROR: Caught signal number 15 Terminate: Some process (or the batch system) has told this process to end
[29]PETSC ERROR: Try option -start_in_debugger or -on_error_attach_debugger
[29]PETSC ERROR: or see https://petsc.org/release/faq/#valgrind and https://petsc.org/release/faq/
[29]PETSC ERROR: configure using --with-debugging=yes, recompile, link, and run 
[29]PETSC ERROR: to get more information on the crash.
[31]PETSC ERROR: ------------------------------------------------------------------------
[31]PETSC ERROR: Caught signal number 15 Terminate: Some process (or the batch system) has told this process to end
[31]PETSC ERROR: Try option -start_in_debugger or -on_error_attach_debugger
[31]PETSC ERROR: or see https://petsc.org/release/faq/#valgrind and https://petsc.org/release/faq/
[31]PETSC ERROR: configure using --with-debugging=yes, recompile, link, and run 
[31]PETSC ERROR: to get more information on the crash.
[34]PETSC ERROR: ------------------------------------------------------------------------
[34]PETSC ERROR: Caught signal number 15 Terminate: Some process (or the batch system) has told this process to end
[34]PETSC ERROR: Try option -start_in_debugger or -on_error_attach_debugger
[34]PETSC ERROR: or see https://petsc.org/release/faq/#valgrind and https://petsc.org/release/faq/
[34]PETSC ERROR: configure using --with-debugging=yes, recompile, link, and run 
[34]PETSC ERROR: to get more information on the crash.
[35]PETSC ERROR: ------------------------------------------------------------------------
[35]PETSC ERROR: Caught signal number 15 Terminate: Some process (or the batch system) has told this process to end
[35]PETSC ERROR: Try option -start_in_debugger or -on_error_attach_debugger
[35]PETSC ERROR: or see https://petsc.org/release/faq/#valgrind and https://petsc.org/release/faq/
[35]PETSC ERROR: configure using --with-debugging=yes, recompile, link, and run 
[35]PETSC ERROR: to get more information on the crash.
[38]PETSC ERROR: ------------------------------------------------------------------------
[38]PETSC ERROR: Caught signal number 15 Terminate: Some process (or the batch system) has told this process to end
[38]PETSC ERROR: Try option -start_in_debugger or -on_error_attach_debugger
[38]PETSC ERROR: or see https://petsc.org/release/faq/#valgrind and https://petsc.org/release/faq/
[38]PETSC ERROR: configure using --with-debugging=yes, recompile, link, and run 
[38]PETSC ERROR: to get more information on the crash.
[39]PETSC ERROR: ------------------------------------------------------------------------
[39]PETSC ERROR: Caught signal number 15 Terminate: Some process (or the batch system) has told this process to end
[39]PETSC ERROR: Try option -start_in_debugger or -on_error_attach_debugger
[39]PETSC ERROR: or see https://petsc.org/release/faq/#valgrind and https://petsc.org/release/faq/
[39]PETSC ERROR: configure using --with-debugging=yes, recompile, link, and run 
[39]PETSC ERROR: to get more information on the crash.
[41]PETSC ERROR: ------------------------------------------------------------------------
[41]PETSC ERROR: Caught signal number 15 Terminate: Some process (or the batch system) has told this process to end
[41]PETSC ERROR: Try option -start_in_debugger or -on_error_attach_debugger
[41]PETSC ERROR: or see https://petsc.org/release/faq/#valgrind and https://petsc.org/release/faq/
[41]PETSC ERROR: configure using --with-debugging=yes, recompile, link, and run 
[41]PETSC ERROR: to get more information on the crash.
[42]PETSC ERROR: ------------------------------------------------------------------------
[42]PETSC ERROR: Caught signal number 15 Terminate: Some process (or the batch system) has told this process to end
[42]PETSC ERROR: Try option -start_in_debugger or -on_error_attach_debugger
[42]PETSC ERROR: or see https://petsc.org/release/faq/#valgrind and https://petsc.org/release/faq/
[42]PETSC ERROR: configure using --with-debugging=yes, recompile, link, and run 
[42]PETSC ERROR: to get more information on the crash.
[43]PETSC ERROR: ------------------------------------------------------------------------
[43]PETSC ERROR: Caught signal number 15 Terminate: Some process (or the batch system) has told this process to end
[43]PETSC ERROR: Try option -start_in_debugger or -on_error_attach_debugger
[43]PETSC ERROR: or see https://petsc.org/release/faq/#valgrind and https://petsc.org/release/faq/
[43]PETSC ERROR: configure using --with-debugging=yes, recompile, link, and run 
[43]PETSC ERROR: to get more information on the crash.
[46]PETSC ERROR: ------------------------------------------------------------------------
[46]PETSC ERROR: Caught signal number 15 Terminate: Some process (or the batch system) has told this process to end
[46]PETSC ERROR: Try option -start_in_debugger or -on_error_attach_debugger
[46]PETSC ERROR: or see https://petsc.org/release/faq/#valgrind and https://petsc.org/release/faq/
[46]PETSC ERROR: configure using --with-debugging=yes, recompile, link, and run 
[46]PETSC ERROR: to get more information on the crash.
[47]PETSC ERROR: ------------------------------------------------------------------------
[47]PETSC ERROR: Caught signal number 15 Terminate: Some process (or the batch system) has told this process to end
[47]PETSC ERROR: Try option -start_in_debugger or -on_error_attach_debugger
[47]PETSC ERROR: or see https://petsc.org/release/faq/#valgrind and https://petsc.org/release/faq/
[47]PETSC ERROR: configure using --with-debugging=yes, recompile, link, and run 
[47]PETSC ERROR: to get more information on the crash.
[53]PETSC ERROR: ------------------------------------------------------------------------
[53]PETSC ERROR: Caught signal number 15 Terminate: Some process (or the batch system) has told this process to end
[53]PETSC ERROR: Try option -start_in_debugger or -on_error_attach_debugger
[53]PETSC ERROR: or see https://petsc.org/release/faq/#valgrind and https://petsc.org/release/faq/
[53]PETSC ERROR: configure using --with-debugging=yes, recompile, link, and run 
[53]PETSC ERROR: to get more information on the crash.
[54]PETSC ERROR: ------------------------------------------------------------------------
[54]PETSC ERROR: Caught signal number 15 Terminate: Some process (or the batch system) has told this process to end
[54]PETSC ERROR: Try option -start_in_debugger or -on_error_attach_debugger
[54]PETSC ERROR: or see https://petsc.org/release/faq/#valgrind and https://petsc.org/release/faq/
[54]PETSC ERROR: configure using --with-debugging=yes, recompile, link, and run 
[54]PETSC ERROR: to get more information on the crash.
[55]PETSC ERROR: ------------------------------------------------------------------------
[55]PETSC ERROR: Caught signal number 15 Terminate: Some process (or the batch system) has told this process to end
[55]PETSC ERROR: Try option -start_in_debugger or -on_error_attach_debugger
[55]PETSC ERROR: or see https://petsc.org/release/faq/#valgrind and https://petsc.org/release/faq/
[55]PETSC ERROR: configure using --with-debugging=yes, recompile, link, and run 
[55]PETSC ERROR: to get more information on the crash.
[58]PETSC ERROR: ------------------------------------------------------------------------
[58]PETSC ERROR: Caught signal number 15 Terminate: Some process (or the batch system) has told this process to end
[58]PETSC ERROR: Try option -start_in_debugger or -on_error_attach_debugger
[58]PETSC ERROR: or see https://petsc.org/release/faq/#valgrind and https://petsc.org/release/faq/
[58]PETSC ERROR: configure using --with-debugging=yes, recompile, link, and run 
[58]PETSC ERROR: to get more information on the crash.
[59]PETSC ERROR: ------------------------------------------------------------------------
[59]PETSC ERROR: Caught signal number 15 Terminate: Some process (or the batch system) has told this process to end
[59]PETSC ERROR: Try option -start_in_debugger or -on_error_attach_debugger
[59]PETSC ERROR: or see https://petsc.org/release/faq/#valgrind and https://petsc.org/release/faq/
[59]PETSC ERROR: configure using --with-debugging=yes, recompile, link, and run 
[59]PETSC ERROR: to get more information on the crash.
[61]PETSC ERROR: ------------------------------------------------------------------------
[61]PETSC ERROR: Caught signal number 15 Terminate: Some process (or the batch system) has told this process to end
[61]PETSC ERROR: Try option -start_in_debugger or -on_error_attach_debugger
[61]PETSC ERROR: or see https://petsc.org/release/faq/#valgrind and https://petsc.org/release/faq/
[61]PETSC ERROR: configure using --with-debugging=yes, recompile, link, and run 
[61]PETSC ERROR: to get more information on the crash.
[62]PETSC ERROR: ------------------------------------------------------------------------
[62]PETSC ERROR: Caught signal number 15 Terminate: Some process (or the batch system) has told this process to end
[62]PETSC ERROR: Try option -start_in_debugger or -on_error_attach_debugger
[62]PETSC ERROR: or see https://petsc.org/release/faq/#valgrind and https://petsc.org/release/faq/
[62]PETSC ERROR: configure using --with-debugging=yes, recompile, link, and run 
[62]PETSC ERROR: to get more information on the crash.
[63]PETSC ERROR: ------------------------------------------------------------------------
[63]PETSC ERROR: Caught signal number 15 Terminate: Some process (or the batch system) has told this process to end
[63]PETSC ERROR: Try option -start_in_debugger or -on_error_attach_debugger
[63]PETSC ERROR: or see https://petsc.org/release/faq/#valgrind and https://petsc.org/release/faq/
[63]PETSC ERROR: configure using --with-debugging=yes, recompile, link, and run 
[63]PETSC ERROR: to get more information on the crash.
[66]PETSC ERROR: ------------------------------------------------------------------------
[66]PETSC ERROR: Caught signal number 15 Terminate: Some process (or the batch system) has told this process to end
[66]PETSC ERROR: Try option -start_in_debugger or -on_error_attach_debugger
[66]PETSC ERROR: or see https://petsc.org/release/faq/#valgrind and https://petsc.org/release/faq/
[66]PETSC ERROR: configure using --with-debugging=yes, recompile, link, and run 
[66]PETSC ERROR: to get more information on the crash.
[67]PETSC ERROR: ------------------------------------------------------------------------
[67]PETSC ERROR: Caught signal number 15 Terminate: Some process (or the batch system) has told this process to end
[67]PETSC ERROR: Try option -start_in_debugger or -on_error_attach_debugger
[67]PETSC ERROR: or see https://petsc.org/release/faq/#valgrind and https://petsc.org/release/faq/
[67]PETSC ERROR: configure using --with-debugging=yes, recompile, link, and run 
[67]PETSC ERROR: to get more information on the crash.
[68]PETSC ERROR: ------------------------------------------------------------------------
[68]PETSC ERROR: Caught signal number 15 Terminate: Some process (or the batch system) has told this process to end
[68]PETSC ERROR: Try option -start_in_debugger or -on_error_attach_debugger
[68]PETSC ERROR: or see https://petsc.org/release/faq/#valgrind and https://petsc.org/release/faq/
[68]PETSC ERROR: configure using --with-debugging=yes, recompile, link, and run 
[68]PETSC ERROR: to get more information on the crash.
[69]PETSC ERROR: ------------------------------------------------------------------------
[69]PETSC ERROR: Caught signal number 15 Terminate: Some process (or the batch system) has told this process to end
[69]PETSC ERROR: Try option -start_in_debugger or -on_error_attach_debugger
[69]PETSC ERROR: or see https://petsc.org/release/faq/#valgrind and https://petsc.org/release/faq/
[69]PETSC ERROR: configure using --with-debugging=yes, recompile, link, and run 
[69]PETSC ERROR: to get more information on the crash.
[70]PETSC ERROR: ------------------------------------------------------------------------
[70]PETSC ERROR: Caught signal number 15 Terminate: Some process (or the batch system) has told this process to end
[70]PETSC ERROR: Try option -start_in_debugger or -on_error_attach_debugger
[70]PETSC ERROR: or see https://petsc.org/release/faq/#valgrind and https://petsc.org/release/faq/
[70]PETSC ERROR: configure using --with-debugging=yes, recompile, link, and run 
[70]PETSC ERROR: to get more information on the crash.
[71]PETSC ERROR: ------------------------------------------------------------------------
[71]PETSC ERROR: Caught signal number 15 Terminate: Some process (or the batch system) has told this process to end
[71]PETSC ERROR: Try option -start_in_debugger or -on_error_attach_debugger
[71]PETSC ERROR: or see https://petsc.org/release/faq/#valgrind and https://petsc.org/release/faq/
[71]PETSC ERROR: configure using --with-debugging=yes, recompile, link, and run 
[71]PETSC ERROR: to get more information on the crash.
[73]PETSC ERROR: ------------------------------------------------------------------------
[73]PETSC ERROR: Caught signal number 15 Terminate: Some process (or the batch system) has told this process to end
[73]PETSC ERROR: Try option -start_in_debugger or -on_error_attach_debugger
[73]PETSC ERROR: or see https://petsc.org/release/faq/#valgrind and https://petsc.org/release/faq/
[73]PETSC ERROR: configure using --with-debugging=yes, recompile, link, and run 
[73]PETSC ERROR: to get more information on the crash.
[74]PETSC ERROR: ------------------------------------------------------------------------
[74]PETSC ERROR: Caught signal number 15 Terminate: Some process (or the batch system) has told this process to end
[74]PETSC ERROR: Try option -start_in_debugger or -on_error_attach_debugger
[74]PETSC ERROR: or see https://petsc.org/release/faq/#valgrind and https://petsc.org/release/faq/
[74]PETSC ERROR: configure using --with-debugging=yes, recompile, link, and run 
[74]PETSC ERROR: to get more information on the crash.
[75]PETSC ERROR: ------------------------------------------------------------------------
[75]PETSC ERROR: Caught signal number 15 Terminate: Some process (or the batch system) has told this process to end
[75]PETSC ERROR: Try option -start_in_debugger or -on_error_attach_debugger
[75]PETSC ERROR: or see https://petsc.org/release/faq/#valgrind and https://petsc.org/release/faq/
[75]PETSC ERROR: configure using --with-debugging=yes, recompile, link, and run 
[75]PETSC ERROR: to get more information on the crash.
[76]PETSC ERROR: ------------------------------------------------------------------------
[76]PETSC ERROR: Caught signal number 15 Terminate: Some process (or the batch system) has told this process to end
[76]PETSC ERROR: Try option -start_in_debugger or -on_error_attach_debugger
[76]PETSC ERROR: or see https://petsc.org/release/faq/#valgrind and https://petsc.org/release/faq/
[76]PETSC ERROR: configure using --with-debugging=yes, recompile, link, and run 
[76]PETSC ERROR: to get more information on the crash.
[77]PETSC ERROR: ------------------------------------------------------------------------
[77]PETSC ERROR: Caught signal number 15 Terminate: Some process (or the batch system) has told this process to end
[77]PETSC ERROR: Try option -start_in_debugger or -on_error_attach_debugger
[77]PETSC ERROR: or see https://petsc.org/release/faq/#valgrind and https://petsc.org/release/faq/
[77]PETSC ERROR: configure using --with-debugging=yes, recompile, link, and run 
[77]PETSC ERROR: to get more information on the crash.
[78]PETSC ERROR: ------------------------------------------------------------------------
[78]PETSC ERROR: Caught signal number 15 Terminate: Some process (or the batch system) has told this process to end
[78]PETSC ERROR: Try option -start_in_debugger or -on_error_attach_debugger
[78]PETSC ERROR: or see https://petsc.org/release/faq/#valgrind and https://petsc.org/release/faq/
[78]PETSC ERROR: configure using --with-debugging=yes, recompile, link, and run 
[78]PETSC ERROR: to get more information on the crash.
[79]PETSC ERROR: ------------------------------------------------------------------------
[79]PETSC ERROR: Caught signal number 15 Terminate: Some process (or the batch system) has told this process to end
[79]PETSC ERROR: Try option -start_in_debugger or -on_error_attach_debugger
[79]PETSC ERROR: or see https://petsc.org/release/faq/#valgrind and https://petsc.org/release/faq/
[79]PETSC ERROR: configure using --with-debugging=yes, recompile, link, and run 
[79]PETSC ERROR: to get more information on the crash.
[81]PETSC ERROR: ------------------------------------------------------------------------
[81]PETSC ERROR: Caught signal number 15 Terminate: Some process (or the batch system) has told this process to end
[81]PETSC ERROR: Try option -start_in_debugger or -on_error_attach_debugger
[81]PETSC ERROR: or see https://petsc.org/release/faq/#valgrind and https://petsc.org/release/faq/
[81]PETSC ERROR: configure using --with-debugging=yes, recompile, link, and run 
[81]PETSC ERROR: to get more information on the crash.
[82]PETSC ERROR: ------------------------------------------------------------------------
[82]PETSC ERROR: Caught signal number 15 Terminate: Some process (or the batch system) has told this process to end
[82]PETSC ERROR: Try option -start_in_debugger or -on_error_attach_debugger
[82]PETSC ERROR: or see https://petsc.org/release/faq/#valgrind and https://petsc.org/release/faq/
[82]PETSC ERROR: configure using --with-debugging=yes, recompile, link, and run 
[82]PETSC ERROR: to get more information on the crash.
[83]PETSC ERROR: ------------------------------------------------------------------------
[83]PETSC ERROR: Caught signal number 15 Terminate: Some process (or the batch system) has told this process to end
[83]PETSC ERROR: Try option -start_in_debugger or -on_error_attach_debugger
[83]PETSC ERROR: or see https://petsc.org/release/faq/#valgrind and https://petsc.org/release/faq/
[83]PETSC ERROR: configure using --with-debugging=yes, recompile, link, and run 
[83]PETSC ERROR: to get more information on the crash.
[86]PETSC ERROR: ------------------------------------------------------------------------
[86]PETSC ERROR: Caught signal number 15 Terminate: Some process (or the batch system) has told this process to end
[86]PETSC ERROR: Try option -start_in_debugger or -on_error_attach_debugger
[86]PETSC ERROR: or see https://petsc.org/release/faq/#valgrind and https://petsc.org/release/faq/
[86]PETSC ERROR: configure using --with-debugging=yes, recompile, link, and run 
[86]PETSC ERROR: to get more information on the crash.
[87]PETSC ERROR: ------------------------------------------------------------------------
[87]PETSC ERROR: Caught signal number 15 Terminate: Some process (or the batch system) has told this process to end
[87]PETSC ERROR: Try option -start_in_debugger or -on_error_attach_debugger
[87]PETSC ERROR: or see https://petsc.org/release/faq/#valgrind and https://petsc.org/release/faq/
[87]PETSC ERROR: configure using --with-debugging=yes, recompile, link, and run 
[87]PETSC ERROR: to get more information on the crash.
[89]PETSC ERROR: ------------------------------------------------------------------------
[89]PETSC ERROR: Caught signal number 15 Terminate: Some process (or the batch system) has told this process to end
[89]PETSC ERROR: Try option -start_in_debugger or -on_error_attach_debugger
[89]PETSC ERROR: or see https://petsc.org/release/faq/#valgrind and https://petsc.org/release/faq/
[89]PETSC ERROR: configure using --with-debugging=yes, recompile, link, and run 
[89]PETSC ERROR: to get more information on the crash.
[91]PETSC ERROR: ------------------------------------------------------------------------
[91]PETSC ERROR: Caught signal number 15 Terminate: Some process (or the batch system) has told this process to end
[91]PETSC ERROR: Try option -start_in_debugger or -on_error_attach_debugger
[91]PETSC ERROR: or see https://petsc.org/release/faq/#valgrind and https://petsc.org/release/faq/
[91]PETSC ERROR: configure using --with-debugging=yes, recompile, link, and run 
[91]PETSC ERROR: to get more information on the crash.
[92]PETSC ERROR: ------------------------------------------------------------------------
[92]PETSC ERROR: Caught signal number 15 Terminate: Some process (or the batch system) has told this process to end
[92]PETSC ERROR: Try option -start_in_debugger or -on_error_attach_debugger
[92]PETSC ERROR: or see https://petsc.org/release/faq/#valgrind and https://petsc.org/release/faq/
[92]PETSC ERROR: configure using --with-debugging=yes, recompile, link, and run 
[92]PETSC ERROR: to get more information on the crash.
[93]PETSC ERROR: ------------------------------------------------------------------------
[93]PETSC ERROR: Caught signal number 15 Terminate: Some process (or the batch system) has told this process to end
[93]PETSC ERROR: Try option -start_in_debugger or -on_error_attach_debugger
[93]PETSC ERROR: or see https://petsc.org/release/faq/#valgrind and https://petsc.org/release/faq/
[93]PETSC ERROR: configure using --with-debugging=yes, recompile, link, and run 
[93]PETSC ERROR: to get more information on the crash.
[95]PETSC ERROR: ------------------------------------------------------------------------
[95]PETSC ERROR: Caught signal number 15 Terminate: Some process (or the batch system) has told this process to end
[95]PETSC ERROR: Try option -start_in_debugger or -on_error_attach_debugger
[95]PETSC ERROR: or see https://petsc.org/release/faq/#valgrind and https://petsc.org/release/faq/
[95]PETSC ERROR: configure using --with-debugging=yes, recompile, link, and run 
[95]PETSC ERROR: to get more information on the crash.
[98]PETSC ERROR: ------------------------------------------------------------------------
[98]PETSC ERROR: Caught signal number 15 Terminate: Some process (or the batch system) has told this process to end
[98]PETSC ERROR: Try option -start_in_debugger or -on_error_attach_debugger
[98]PETSC ERROR: or see https://petsc.org/release/faq/#valgrind and https://petsc.org/release/faq/
[98]PETSC ERROR: configure using --with-debugging=yes, recompile, link, and run 
[98]PETSC ERROR: to get more information on the crash.
[99]PETSC ERROR: ------------------------------------------------------------------------
[99]PETSC ERROR: Caught signal number 15 Terminate: Some process (or the batch system) has told this process to end
[99]PETSC ERROR: Try option -start_in_debugger or -on_error_attach_debugger
[99]PETSC ERROR: or see https://petsc.org/release/faq/#valgrind and https://petsc.org/release/faq/
[99]PETSC ERROR: configure using --with-debugging=yes, recompile, link, and run 
[99]PETSC ERROR: to get more information on the crash.
[101]PETSC ERROR: ------------------------------------------------------------------------
[101]PETSC ERROR: Caught signal number 15 Terminate: Some process (or the batch system) has told this process to end
[101]PETSC ERROR: Try option -start_in_debugger or -on_error_attach_debugger
[101]PETSC ERROR: or see https://petsc.org/release/faq/#valgrind and https://petsc.org/release/faq/
[101]PETSC ERROR: configure using --with-debugging=yes, recompile, link, and run 
[101]PETSC ERROR: to get more information on the crash.
[102]PETSC ERROR: ------------------------------------------------------------------------
[102]PETSC ERROR: Caught signal number 15 Terminate: Some process (or the batch system) has told this process to end
[102]PETSC ERROR: Try option -start_in_debugger or -on_error_attach_debugger
[102]PETSC ERROR: or see https://petsc.org/release/faq/#valgrind and https://petsc.org/release/faq/
[102]PETSC ERROR: configure using --with-debugging=yes, recompile, link, and run 
[102]PETSC ERROR: to get more information on the crash.
[103]PETSC ERROR: ------------------------------------------------------------------------
[103]PETSC ERROR: Caught signal number 15 Terminate: Some process (or the batch system) has told this process to end
[103]PETSC ERROR: Try option -start_in_debugger or -on_error_attach_debugger
[103]PETSC ERROR: or see https://petsc.org/release/faq/#valgrind and https://petsc.org/release/faq/
[103]PETSC ERROR: configure using --with-debugging=yes, recompile, link, and run 
[103]PETSC ERROR: to get more information on the crash.
[105]PETSC ERROR: ------------------------------------------------------------------------
[105]PETSC ERROR: Caught signal number 15 Terminate: Some process (or the batch system) has told this process to end
[105]PETSC ERROR: Try option -start_in_debugger or -on_error_attach_debugger
[105]PETSC ERROR: or see https://petsc.org/release/faq/#valgrind and https://petsc.org/release/faq/
[105]PETSC ERROR: configure using --with-debugging=yes, recompile, link, and run 
[105]PETSC ERROR: to get more information on the crash.
[106]PETSC ERROR: ------------------------------------------------------------------------
[106]PETSC ERROR: Caught signal number 15 Terminate: Some process (or the batch system) has told this process to end
[106]PETSC ERROR: Try option -start_in_debugger or -on_error_attach_debugger
[106]PETSC ERROR: or see https://petsc.org/release/faq/#valgrind and https://petsc.org/release/faq/
[106]PETSC ERROR: configure using --with-debugging=yes, recompile, link, and run 
[106]PETSC ERROR: to get more information on the crash.
[107]PETSC ERROR: ------------------------------------------------------------------------
[107]PETSC ERROR: Caught signal number 15 Terminate: Some process (or the batch system) has told this process to end
[107]PETSC ERROR: Try option -start_in_debugger or -on_error_attach_debugger
[107]PETSC ERROR: or see https://petsc.org/release/faq/#valgrind and https://petsc.org/release/faq/
[107]PETSC ERROR: configure using --with-debugging=yes, recompile, link, and run 
[107]PETSC ERROR: to get more information on the crash.
[108]PETSC ERROR: ------------------------------------------------------------------------
[108]PETSC ERROR: Caught signal number 15 Terminate: Some process (or the batch system) has told this process to end
[108]PETSC ERROR: Try option -start_in_debugger or -on_error_attach_debugger
[108]PETSC ERROR: or see https://petsc.org/release/faq/#valgrind and https://petsc.org/release/faq/
[108]PETSC ERROR: configure using --with-debugging=yes, recompile, link, and run 
[108]PETSC ERROR: to get more information on the crash.
[109]PETSC ERROR: ------------------------------------------------------------------------
[109]PETSC ERROR: Caught signal number 15 Terminate: Some process (or the batch system) has told this process to end
[109]PETSC ERROR: Try option -start_in_debugger or -on_error_attach_debugger
[109]PETSC ERROR: or see https://petsc.org/release/faq/#valgrind and https://petsc.org/release/faq/
[109]PETSC ERROR: configure using --with-debugging=yes, recompile, link, and run 
[109]PETSC ERROR: to get more information on the crash.
[110]PETSC ERROR: ------------------------------------------------------------------------
[110]PETSC ERROR: Caught signal number 15 Terminate: Some process (or the batch system) has told this process to end
[110]PETSC ERROR: Try option -start_in_debugger or -on_error_attach_debugger
[110]PETSC ERROR: or see https://petsc.org/release/faq/#valgrind and https://petsc.org/release/faq/
[110]PETSC ERROR: configure using --with-debugging=yes, recompile, link, and run 
[110]PETSC ERROR: to get more information on the crash.
[111]PETSC ERROR: ------------------------------------------------------------------------
[111]PETSC ERROR: Caught signal number 15 Terminate: Some process (or the batch system) has told this process to end
[111]PETSC ERROR: Try option -start_in_debugger or -on_error_attach_debugger
[111]PETSC ERROR: or see https://petsc.org/release/faq/#valgrind and https://petsc.org/release/faq/
[111]PETSC ERROR: configure using --with-debugging=yes, recompile, link, and run 
[111]PETSC ERROR: to get more information on the crash.
[112]PETSC ERROR: ------------------------------------------------------------------------
[112]PETSC ERROR: Caught signal number 15 Terminate: Some process (or the batch system) has told this process to end
[112]PETSC ERROR: Try option -start_in_debugger or -on_error_attach_debugger
[112]PETSC ERROR: or see https://petsc.org/release/faq/#valgrind and https://petsc.org/release/faq/
[112]PETSC ERROR: configure using --with-debugging=yes, recompile, link, and run 
[112]PETSC ERROR: to get more information on the crash.
[114]PETSC ERROR: ------------------------------------------------------------------------
[114]PETSC ERROR: Caught signal number 15 Terminate: Some process (or the batch system) has told this process to end
[114]PETSC ERROR: Try option -start_in_debugger or -on_error_attach_debugger
[114]PETSC ERROR: or see https://petsc.org/release/faq/#valgrind and https://petsc.org/release/faq/
[114]PETSC ERROR: configure using --with-debugging=yes, recompile, link, and run 
[114]PETSC ERROR: to get more information on the crash.
[115]PETSC ERROR: ------------------------------------------------------------------------
[115]PETSC ERROR: Caught signal number 15 Terminate: Some process (or the batch system) has told this process to end
[115]PETSC ERROR: Try option -start_in_debugger or -on_error_attach_debugger
[115]PETSC ERROR: or see https://petsc.org/release/faq/#valgrind and https://petsc.org/release/faq/
[115]PETSC ERROR: configure using --with-debugging=yes, recompile, link, and run 
[115]PETSC ERROR: to get more information on the crash.
[118]PETSC ERROR: ------------------------------------------------------------------------
[118]PETSC ERROR: Caught signal number 15 Terminate: Some process (or the batch system) has told this process to end
[118]PETSC ERROR: Try option -start_in_debugger or -on_error_attach_debugger
[118]PETSC ERROR: or see https://petsc.org/release/faq/#valgrind and https://petsc.org/release/faq/
[118]PETSC ERROR: configure using --with-debugging=yes, recompile, link, and run 
[118]PETSC ERROR: to get more information on the crash.
[119]PETSC ERROR: ------------------------------------------------------------------------
[119]PETSC ERROR: Caught signal number 15 Terminate: Some process (or the batch system) has told this process to end
[119]PETSC ERROR: Try option -start_in_debugger or -on_error_attach_debugger
[119]PETSC ERROR: or see https://petsc.org/release/faq/#valgrind and https://petsc.org/release/faq/
[119]PETSC ERROR: configure using --with-debugging=yes, recompile, link, and run 
[119]PETSC ERROR: to get more information on the crash.
[122]PETSC ERROR: ------------------------------------------------------------------------
[122]PETSC ERROR: Caught signal number 15 Terminate: Some process (or the batch system) has told this process to end
[122]PETSC ERROR: Try option -start_in_debugger or -on_error_attach_debugger
[122]PETSC ERROR: or see https://petsc.org/release/faq/#valgrind and https://petsc.org/release/faq/
[122]PETSC ERROR: configure using --with-debugging=yes, recompile, link, and run 
[122]PETSC ERROR: to get more information on the crash.
[123]PETSC ERROR: ------------------------------------------------------------------------
[123]PETSC ERROR: Caught signal number 15 Terminate: Some process (or the batch system) has told this process to end
[123]PETSC ERROR: Try option -start_in_debugger or -on_error_attach_debugger
[123]PETSC ERROR: or see https://petsc.org/release/faq/#valgrind and https://petsc.org/release/faq/
[123]PETSC ERROR: configure using --with-debugging=yes, recompile, link, and run 
[123]PETSC ERROR: to get more information on the crash.
[124]PETSC ERROR: ------------------------------------------------------------------------
[124]PETSC ERROR: Caught signal number 15 Terminate: Some process (or the batch system) has told this process to end
[124]PETSC ERROR: Try option -start_in_debugger or -on_error_attach_debugger
[124]PETSC ERROR: or see https://petsc.org/release/faq/#valgrind and https://petsc.org/release/faq/
[124]PETSC ERROR: configure using --with-debugging=yes, recompile, link, and run 
[124]PETSC ERROR: to get more information on the crash.
[125]PETSC ERROR: ------------------------------------------------------------------------
[125]PETSC ERROR: Caught signal number 15 Terminate: Some process (or the batch system) has told this process to end
[125]PETSC ERROR: Try option -start_in_debugger or -on_error_attach_debugger
[125]PETSC ERROR: or see https://petsc.org/release/faq/#valgrind and https://petsc.org/release/faq/
[125]PETSC ERROR: configure using --with-debugging=yes, recompile, link, and run 
[125]PETSC ERROR: to get more information on the crash.
[126]PETSC ERROR: ------------------------------------------------------------------------
[126]PETSC ERROR: Caught signal number 15 Terminate: Some process (or the batch system) has told this process to end
[126]PETSC ERROR: Try option -start_in_debugger or -on_error_attach_debugger
[126]PETSC ERROR: or see https://petsc.org/release/faq/#valgrind and https://petsc.org/release/faq/
[126]PETSC ERROR: configure using --with-debugging=yes, recompile, link, and run 
[126]PETSC ERROR: to get more information on the crash.
[127]PETSC ERROR: ------------------------------------------------------------------------
[127]PETSC ERROR: Caught signal number 15 Terminate: Some process (or the batch system) has told this process to end
[127]PETSC ERROR: Try option -start_in_debugger or -on_error_attach_debugger
[127]PETSC ERROR: or see https://petsc.org/release/faq/#valgrind and https://petsc.org/release/faq/
[127]PETSC ERROR: configure using --with-debugging=yes, recompile, link, and run 
[127]PETSC ERROR: to get more information on the crash.
[0]PETSC ERROR: ------------------------------------------------------------------------
[0]PETSC ERROR: Caught signal number 15 Terminate: Some process (or the batch system) has told this process to end
[0]PETSC ERROR: Try option -start_in_debugger or -on_error_attach_debugger
[0]PETSC ERROR: or see https://petsc.org/release/faq/#valgrind and https://petsc.org/release/faq/
[0]PETSC ERROR: configure using --with-debugging=yes, recompile, link, and run 
[0]PETSC ERROR: to get more information on the crash.
[80]PETSC ERROR: ------------------------------------------------------------------------
[80]PETSC ERROR: Caught signal number 15 Terminate: Some process (or the batch system) has told this process to end
[80]PETSC ERROR: Try option -start_in_debugger or -on_error_attach_debugger
[80]PETSC ERROR: or see https://petsc.org/release/faq/#valgrind and https://petsc.org/release/faq/
[80]PETSC ERROR: configure using --with-debugging=yes, recompile, link, and run 
[80]PETSC ERROR: to get more information on the crash.
[13]PETSC ERROR: ------------------------------------------------------------------------
[13]PETSC ERROR: Caught signal number 15 Terminate: Some process (or the batch system) has told this process to end
[13]PETSC ERROR: Try option -start_in_debugger or -on_error_attach_debugger
[13]PETSC ERROR: or see https://petsc.org/release/faq/#valgrind and https://petsc.org/release/faq/
[13]PETSC ERROR: configure using --with-debugging=yes, recompile, link, and run 
[13]PETSC ERROR: to get more information on the crash.
[44]PETSC ERROR: ------------------------------------------------------------------------
[44]PETSC ERROR: Caught signal number 15 Terminate: Some process (or the batch system) has told this process to end
[44]PETSC ERROR: Try option -start_in_debugger or -on_error_attach_debugger
[44]PETSC ERROR: or see https://petsc.org/release/faq/#valgrind and https://petsc.org/release/faq/
[44]PETSC ERROR: configure using --with-debugging=yes, recompile, link, and run 
[44]PETSC ERROR: to get more information on the crash.
[52]PETSC ERROR: ------------------------------------------------------------------------
[52]PETSC ERROR: Caught signal number 15 Terminate: Some process (or the batch system) has told this process to end
[52]PETSC ERROR: Try option -start_in_debugger or -on_error_attach_debugger
[52]PETSC ERROR: or see https://petsc.org/release/faq/#valgrind and https://petsc.org/release/faq/
[52]PETSC ERROR: configure using --with-debugging=yes, recompile, link, and run 
[52]PETSC ERROR: to get more information on the crash.
[65]PETSC ERROR: ------------------------------------------------------------------------
[65]PETSC ERROR: Caught signal number 15 Terminate: Some process (or the batch system) has told this process to end
[65]PETSC ERROR: Try option -start_in_debugger or -on_error_attach_debugger
[65]PETSC ERROR: or see https://petsc.org/release/faq/#valgrind and https://petsc.org/release/faq/
[65]PETSC ERROR: configure using --with-debugging=yes, recompile, link, and run 
[65]PETSC ERROR: to get more information on the crash.
[85]PETSC ERROR: ------------------------------------------------------------------------
[85]PETSC ERROR: Caught signal number 15 Terminate: Some process (or the batch system) has told this process to end
[85]PETSC ERROR: Try option -start_in_debugger or -on_error_attach_debugger
[85]PETSC ERROR: or see https://petsc.org/release/faq/#valgrind and https://petsc.org/release/faq/
[85]PETSC ERROR: configure using --with-debugging=yes, recompile, link, and run 
[85]PETSC ERROR: to get more information on the crash.
[116]PETSC ERROR: ------------------------------------------------------------------------
[116]PETSC ERROR: Caught signal number 15 Terminate: Some process (or the batch system) has told this process to end
[116]PETSC ERROR: Try option -start_in_debugger or -on_error_attach_debugger
[116]PETSC ERROR: or see https://petsc.org/release/faq/#valgrind and https://petsc.org/release/faq/
[116]PETSC ERROR: configure using --with-debugging=yes, recompile, link, and run 
[116]PETSC ERROR: to get more information on the crash.
[120]PETSC ERROR: ------------------------------------------------------------------------
[120]PETSC ERROR: Caught signal number 15 Terminate: Some process (or the batch system) has told this process to end
[120]PETSC ERROR: Try option -start_in_debugger or -on_error_attach_debugger
[120]PETSC ERROR: or see https://petsc.org/release/faq/#valgrind and https://petsc.org/release/faq/
[120]PETSC ERROR: configure using --with-debugging=yes, recompile, link, and run 
[120]PETSC ERROR: to get more information on the crash.
[37]PETSC ERROR: ------------------------------------------------------------------------
[37]PETSC ERROR: Caught signal number 15 Terminate: Some process (or the batch system) has told this process to end
[37]PETSC ERROR: Try option -start_in_debugger or -on_error_attach_debugger
[37]PETSC ERROR: or see https://petsc.org/release/faq/#valgrind and https://petsc.org/release/faq/
[37]PETSC ERROR: configure using --with-debugging=yes, recompile, link, and run 
[37]PETSC ERROR: to get more information on the crash.
[1]PETSC ERROR: ------------------------------------------------------------------------
[1]PETSC ERROR: Caught signal number 15 Terminate: Some process (or the batch system) has told this process to end
[1]PETSC ERROR: Try option -start_in_debugger or -on_error_attach_debugger
[1]PETSC ERROR: or see https://petsc.org/release/faq/#valgrind and https://petsc.org/release/faq/
[1]PETSC ERROR: configure using --with-debugging=yes, recompile, link, and run 
[1]PETSC ERROR: to get more information on the crash.
[25]PETSC ERROR: ------------------------------------------------------------------------
[25]PETSC ERROR: Caught signal number 15 Terminate: Some process (or the batch system) has told this process to end
[25]PETSC ERROR: Try option -start_in_debugger or -on_error_attach_debugger
[25]PETSC ERROR: or see https://petsc.org/release/faq/#valgrind and https://petsc.org/release/faq/
[25]PETSC ERROR: configure using --with-debugging=yes, recompile, link, and run 
[25]PETSC ERROR: to get more information on the crash.
[30]PETSC ERROR: ------------------------------------------------------------------------
[30]PETSC ERROR: Caught signal number 15 Terminate: Some process (or the batch system) has told this process to end
[30]PETSC ERROR: Try option -start_in_debugger or -on_error_attach_debugger
[30]PETSC ERROR: or see https://petsc.org/release/faq/#valgrind and https://petsc.org/release/faq/
[30]PETSC ERROR: configure using --with-debugging=yes, recompile, link, and run 
[30]PETSC ERROR: to get more information on the crash.
[45]PETSC ERROR: ------------------------------------------------------------------------
[45]PETSC ERROR: Caught signal number 15 Terminate: Some process (or the batch system) has told this process to end
[45]PETSC ERROR: Try option -start_in_debugger or -on_error_attach_debugger
[45]PETSC ERROR: or see https://petsc.org/release/faq/#valgrind and https://petsc.org/release/faq/
[45]PETSC ERROR: configure using --with-debugging=yes, recompile, link, and run 
[45]PETSC ERROR: to get more information on the crash.
[2]PETSC ERROR: ------------------------------------------------------------------------
[2]PETSC ERROR: Caught signal number 15 Terminate: Some process (or the batch system) has told this process to end
[2]PETSC ERROR: Try option -start_in_debugger or -on_error_attach_debugger
[2]PETSC ERROR: or see https://petsc.org/release/faq/#valgrind and https://petsc.org/release/faq/
[2]PETSC ERROR: configure using --with-debugging=yes, recompile, link, and run 
[2]PETSC ERROR: to get more information on the crash.
[9]PETSC ERROR: ------------------------------------------------------------------------
[9]PETSC ERROR: Caught signal number 15 Terminate: Some process (or the batch system) has told this process to end
[9]PETSC ERROR: Try option -start_in_debugger or -on_error_attach_debugger
[9]PETSC ERROR: or see https://petsc.org/release/faq/#valgrind and https://petsc.org/release/faq/
[9]PETSC ERROR: configure using --with-debugging=yes, recompile, link, and run 
[9]PETSC ERROR: to get more information on the crash.
[40]PETSC ERROR: ------------------------------------------------------------------------
[40]PETSC ERROR: Caught signal number 15 Terminate: Some process (or the batch system) has told this process to end
[40]PETSC ERROR: Try option -start_in_debugger or -on_error_attach_debugger
[40]PETSC ERROR: or see https://petsc.org/release/faq/#valgrind and https://petsc.org/release/faq/
[40]PETSC ERROR: configure using --with-debugging=yes, recompile, link, and run 
[40]PETSC ERROR: to get more information on the crash.
[94]PETSC ERROR: ------------------------------------------------------------------------
[94]PETSC ERROR: Caught signal number 15 Terminate: Some process (or the batch system) has told this process to end
[94]PETSC ERROR: Try option -start_in_debugger or -on_error_attach_debugger
[94]PETSC ERROR: or see https://petsc.org/release/faq/#valgrind and https://petsc.org/release/faq/
[94]PETSC ERROR: configure using --with-debugging=yes, recompile, link, and run 
[94]PETSC ERROR: to get more information on the crash.
[64]PETSC ERROR: ------------------------------------------------------------------------
[72]PETSC ERROR: ------------------------------------------------------------------------
[72]PETSC ERROR: Caught signal number 15 Terminate: Some process (or the batch system) has told this process to end
[72]PETSC ERROR: Try option -start_in_debugger or -on_error_attach_debugger
[72]PETSC ERROR: or see https://petsc.org/release/faq/#valgrind and https://petsc.org/release/faq/
[72]PETSC ERROR: configure using --with-debugging=yes, recompile, link, and run 
[72]PETSC ERROR: to get more information on the crash.
[88]PETSC ERROR: ------------------------------------------------------------------------
[88]PETSC ERROR: Caught signal number 15 Terminate: Some process (or the batch system) has told this process to end
[88]PETSC ERROR: Try option -start_in_debugger or -on_error_attach_debugger
[88]PETSC ERROR: or see https://petsc.org/release/faq/#valgrind and https://petsc.org/release/faq/
[88]PETSC ERROR: configure using --with-debugging=yes, recompile, link, and run 
[88]PETSC ERROR: to get more information on the crash.
[113]PETSC ERROR: ------------------------------------------------------------------------
[113]PETSC ERROR: Caught signal number 15 Terminate: Some process (or the batch system) has told this process to end
[113]PETSC ERROR: Try option -start_in_debugger or -on_error_attach_debugger
[113]PETSC ERROR: or see https://petsc.org/release/faq/#valgrind and https://petsc.org/release/faq/
[113]PETSC ERROR: configure using --with-debugging=yes, recompile, link, and run 
[113]PETSC ERROR: to get more information on the crash.
[117]PETSC ERROR: ------------------------------------------------------------------------
[117]PETSC ERROR: Caught signal number 15 Terminate: Some process (or the batch system) has told this process to end
[117]PETSC ERROR: Try option -start_in_debugger or -on_error_attach_debugger
[117]PETSC ERROR: or see https://petsc.org/release/faq/#valgrind and https://petsc.org/release/faq/
[117]PETSC ERROR: configure using --with-debugging=yes, recompile, link, and run 
[117]PETSC ERROR: to get more information on the crash.
[90]PETSC ERROR: [28]PETSC ERROR: [36]PETSC ERROR: 