.. equilibrated? *equed = B
.. RowPerm 1	 time: 0.02
.. anorm 4.942911e+04
.. Use METIS ordering on A'+A
.. symbfact(): relax 30, maxsuper 256, fill 5
	matrix dimension    116835
	nonzeros in A       766396
	nonzeros in L      1734747
	nonzeros in U      1738604
	nonzeros in L+U    3356516
	fill ratio             4.4
	nonzeros in LSUB    421390
	No of supers    52796
	Size of G(L)   260228
	Size of G(U)   143679
	int 4, short 2, float 4, double 8
	SYMBfact (MB):	L\U 4.60	total 8.80	expansions 0
.. # L blocks    28279	# U blocks    15077
MPI tag upper bound = 536870911
.. Starting with 1 OpenMP threads 
 === using DAG ===
.. thresh = s_eps 5.960464e-08 * anorm 4.942911e+04 = 2.946204e-03
.. Buffer size: Lsub 242	Lval 54756	Usub 332	Uval 49163	LDA 236
max_ncols 72,  max_ldu 234, bigu_size    16848
	.. SUPERLU_MAX_BUFFER_SIZE 256000000 set for GPU
	.. SUPERLU_N_GEMM: 5000 flops of GEMM done on CPU (1st block always on CPU)
	.. GEMM buffer size: max_row_size X max_ncols = 71 x       72
[0].. BIG U size    16848 (on CPU)
[0].. BIG V size    66688 (on CPU)
  Max row size is 71 
  Threads per process 1 

Initialization time	  0.0424 seconds
	 Serial: compute static schedule, allocate storage

==== Time breakdown in factorization (rank 0) ====
Panel factorization 	   0.0264 seconds
.. L-panel pxgstrf2 	   0.0239 seconds
.. U-panel pxgstrs2 	   0.0025 seconds
Time in Look-ahead update 	   0.0024 seconds
Time in Schur update 		   0.0326 seconds
.. Time to Gather L buffer	   0.0026  (Separate L panel by Lookahead/Remain)
.. Time to Gather U buffer	   0.0035 
.. Time in GEMM   0.0089 
	* Look-ahead	   0.0000 
	* Remain	   0.0089	Flops 5.2063e+07	Gflops   5.8691
.. Time to Scatter   0.0054 
	* Look-ahead	   0.0000 
	* Remain	   0.0054 
Total factorization time            	:   0.3801 seconds, 
--------
GEMM maximum block: 56-31-54

** Memory Usage **********************************
.. dQuerySpace: peak_buffer 19.23 (MB)
	(P0) serial symbolic::stage[0]: symb_memory 8.80, GA_mem_use 9.66
	(P0) serial distribution::stage[1]:symb_LU 4.60, dist_mem_use 69.56, num_mem_usage.for_lu 4.74
** Total highmark (MB):
    Sum-of-all :  1203.31 | Avg :    75.21  | Max :    79.15
    Max at rank 15, different stages (MB):
	. symbfact           18.47
	. distribution       78.90
	. numfact            23.97
** NUMfact space (MB): (sum-of-all-processes)
    L\U :           41.90 |  Total :   353.47
	. max at rank 15, max L+U memory (MB):     5.25
	. max at rank 5, peak buffer (MB):       19.56
**************************************************

** number of Tiny Pivots:       89

.. DiagScale = 3
**************************************************
**** Time (seconds) ****
	EQUIL time            0.008
	ROWPERM time          0.024
	COLPERM time          0.466
	SYMBFACT time         0.014
	DISTRIBUTE time       0.313
	FACTOR time           0.423
	Factor flops	4.667803e+08	Mflops 	 1104.55
	SOLVE time            0.000
	REFINEMENT time       0.000	Steps       0

**************************************************
.. anorm 4.942911e+04
num_thread:     1
( 0) .. Step        0: berr[j] = 1.609226e-04
num_thread:     1
( 0) .. Step        1: berr[j] = 1.585277e-05
num_thread:     1
( 0) .. Step        2: berr[j] = 1.713645e-06
num_thread:     1
( 0) .. Step        3: berr[j] = 1.870143e-07
num_thread:     1
( 0) .. Step        4: berr[j] = 2.043045e-08
num_thread:     1
( 0) .. Step        5: berr[j] = 2.232185e-09
num_thread:     1
( 0) .. Step        6: berr[j] = 2.438866e-10
num_thread:     1
( 0) .. Step        7: berr[j] = 2.664688e-11
num_thread:     1
( 0) .. Step        8: berr[j] = 2.911418e-12
num_thread:     1
( 0) .. Step        9: berr[j] = 3.181569e-13
num_thread:     1
( 0) .. Step       10: berr[j] = 3.479114e-14
num_thread:     1
( 0) .. Step       11: berr[j] = 3.842952e-15
num_thread:     1
( 0) .. Step       12: berr[j] = 5.196263e-16
num_thread:     1
( 0) .. Step       13: berr[j] = 7.428855e-16
.. DiagScale = 3
	SOLVE time            0.031
	Solve flops	6.713032e+06	Mflops 	  218.09
	REFINEMENT time       0.416	Steps      13

**************************************************
||Ax - b||_2 = 6.068766e-08
