	matrix dimension    110355
	nonzeros in A       556938
	nonzeros in L      1357442
	nonzeros in U      1358561
	nonzeros in L+U    2605648
	fill ratio             4.7
	nonzeros in LSUB    363055

** Memory Usage **********************************
** Total highmark (MB):
    Sum-of-all :  1019.27 | Avg :   127.41  | Max :   131.05
    Max at rank 2, different stages (MB):
	. symbfact           15.10
	. distribution      130.64
	. numfact            13.31
** NUMfact space (MB): (sum-of-all-processes)
    L\U :           24.44 |  Total :    93.31
	. max at rank 7, max L+U memory (MB):     4.75
	. max at rank 4, peak buffer (MB):        8.61
**************************************************

** number of Tiny Pivots:       15

**************************************************
**** Time (seconds) ****
	EQUIL time            0.039
	ROWPERM time          0.061
	COLPERM time          0.801
	SYMBFACT time         0.023
	DISTRIBUTE time       1.103
	FACTOR time           1.327
	Factor flops	4.404337e+07	Mflops 	   33.20
	SOLVE time            0.000
	REFINEMENT time       0.000	Steps       0

**************************************************
	SOLVE time            0.043
	Solve flops	5.211296e+06	Mflops 	  120.93
	REFINEMENT time       0.169	Steps       2

**************************************************
||Ax - b||_2 = 6.890004e-02
