	matrix dimension    110355
	nonzeros in A       556938
	nonzeros in L      1366858
	nonzeros in U      1368053
	nonzeros in L+U    2624556
	fill ratio             4.7
	nonzeros in LSUB    367817

** Memory Usage **********************************
** Total highmark (MB):
    Sum-of-all :  1019.83 | Avg :   127.48  | Max :   130.34
    Max at rank 5, different stages (MB):
	. symbfact           15.13
	. distribution      128.32
	. numfact            13.23
** NUMfact space (MB): (sum-of-all-processes)
    L\U :           24.59 |  Total :    93.45
	. max at rank 5, max L+U memory (MB):     4.78
	. max at rank 2, peak buffer (MB):        8.61
**************************************************

** number of Tiny Pivots:       18

**************************************************
**** Time (seconds) ****
	EQUIL time            0.046
	ROWPERM time          0.045
	COLPERM time          1.109
	SYMBFACT time         0.026
	DISTRIBUTE time       0.486
	FACTOR time           1.264
	Factor flops	4.483475e+07	Mflops 	   35.47
	SOLVE time            0.000
	REFINEMENT time       0.000	Steps       0

**************************************************
	SOLVE time            0.224
	Solve flops	5.249112e+06	Mflops 	   23.45
	REFINEMENT time       0.605	Steps       2

**************************************************
||Ax - b||_2 = 7.058780e-02
