	matrix dimension    110355
	nonzeros in A       556938
	nonzeros in L      4812880
	nonzeros in U      5392479
	nonzeros in L+U   10095004
	fill ratio            18.1
	nonzeros in LSUB   2023537

** Memory Usage **********************************
** Total highmark (MB):
    Sum-of-all :  1210.06 | Avg :   151.26  | Max :   156.56
    Max at rank 7, different stages (MB):
	. symbfact           26.54
	. distribution      150.07
	. numfact            28.35
** NUMfact space (MB): (sum-of-all-processes)
    L\U :          110.75 |  Total :   226.22
	. max at rank 7, max L+U memory (MB):    17.42
	. max at rank 7, peak buffer (MB):       14.62
**************************************************

** number of Tiny Pivots:       11

**************************************************
**** Time (seconds) ****
	EQUIL time            0.026
	ROWPERM time          0.039
	COLPERM time         28.418
	SYMBFACT time         0.122
	DISTRIBUTE time       1.100
	FACTOR time           7.239
	Factor flops	1.333781e+09	Mflops 	  184.24
	SOLVE time            0.000
	REFINEMENT time       0.000	Steps       0

**************************************************
	SOLVE time            0.261
	Solve flops	2.019001e+07	Mflops 	   77.21
	REFINEMENT time       0.560	Steps       2

**************************************************
||Ax - b||_2 = 7.252068e-02
