
Entering DMUMPS 5.8.1 from C interface with JOB, N =   1     3523317
      executing #MPI =     32, without OMP

Advanced settings:
   KEEP(370) Static mapping              =         1
   KEEP(371) Advanced optimizations      =         0

 =================================================
  MUMPS compiled with option -DAVOID_MPI_IN_PLACE
 MUMPS compiled with option -Dmetis
 MUMPS compiled with option -Dparmetis
 MUMPS compiled with option -Dpord
 MUMPS compiled with option -Dptscotch
 MUMPS compiled with option -Dscotch
 =================================================
L U Solver for unsymmetric matrices
Type of parallelism: Working host

 ****** ANALYSIS STEP ********

 ** Maximum transversal (ICNTL(6)) not allowed because matrix is distributed
 Parallel analysis, processing a graph of size:   3523317
 Using PT-SCOTCH for parallel ordering
 ELAPSED time in parallel ordering       =      1.8163
 A root of estimated size  1373  has been selected for Scalapack.

Leaving analysis phase with  ...
 INFOG(1)                                       =               0
 INFOG(2)                                       =               0
 -- (20) Number of entries in factors (estim.)  =       133680367
 --  (3) Real space for factors    (estimated)  =       133931083
 --  (4) Integer space for factors (estimated)  =        16318092
 --  (5) Maximum frontal size      (estimated)  =            2343
 --  (6) Number of nodes in the tree            =          256513
 -- (32) Type of analysis effectively used      =               2
 --  (7) Ordering option effectively used       =               1
 ICNTL (6) Maximum transversal option           =               0
 ICNTL (7) Pivot order option                   =               6
 ICNTL(12) Ordering symmetric indef. matrices   =               1
 ICNTL(13) Parallelism/splitting of root node   =               0
 ICNTL(14) Percentage of memory relaxation      =             500
 ICNTL(15) Analysis by block effectively used   =               0
 ICNTL(18) Distributed input matrix (on if >0)  =               3
 ICNTL(32) Forward elimination during facto.    =               0
 ICNTL(35) BLR activation                       =               0
 ICNTL(48) Tree based multithreading (effective)=               0
 ICNTL(58) Symbolic factorization option        =               2
 Number of level 2 nodes                        =              17
 Number of split nodes                          =               8
 RINFOG(1) Operations during elimination (estim)= 2.861E+10
 Distributed matrix entry format (ICNTL(18))    =               3

 MEMORY ESTIMATIONS ... 
 Estimations with standard Full-Rank (FR) factorization:
    Maximum estim. space in Mbytes, IC facto.    (INFOG(16)):             920
    Total space in MBytes, IC factorization      (INFOG(17)):           12437
    Maximum estim. space in Mbytes, OOC facto.   (INFOG(26)):             349
    Total space in MBytes,  OOC factorization    (INFOG(27)):            8140

 Elapsed time in analysis driver=       4.3172

Entering DMUMPS 5.8.1 from C interface with JOB, N =   2     3523317
      executing #MPI =     32, without OMP

Advanced settings:
   KEEP(370) Static mapping              =         1
   KEEP(371) Advanced optimizations      =         0



****** FACTORIZATION STEP ********

 GLOBAL STATISTICS PRIOR NUMERICAL FACTORIZATION ...
 Number of working processes                =              32
 ICNTL(22) Out-of-core option               =               0
 ICNTL(35) BLR activation (eff. choice)     =               0
 ICNTL(37) BLR CB compression (eff. choice) =               0
 ICNTL(49) Compact workarray S (end facto.) =               0
 ICNTL(56) Effective value during facto.    =               0
 ICNTL(14) Memory relaxation                =             500
 INFOG(3) Real space for factors (estimated)=       133931083
 INFOG(4) Integer space for factors (estim.)=        16318092
 Maximum frontal size (estimated)           =            2343
 Number of nodes in the tree                =          256513
 ICNTL(23) Memory allowed (value on host)   =               0
           Sum over all procs               =               0
 Memory provided by user, sum of LWK_USER   =               0
 Effective threshold for pivoting, CNTL(1)  =      0.1000E-01

 Statistics on the scaling phase
 Elapsed time for scaling                   =      0.6581
 Max difference from 1 after scaling the entries for ONE-NORM (option 7/8)   = 0.18E+00

 Average Effective size of S     (based on INFO(39))=             28422314

 Redistrib: total data local/sent           =          706214        18504657
 Elapsed time to reformat/distribute matrix =      0.1362


 Allocated buffers
 ------------------
 Size of reception buffer in bytes ...... =      4653712
 Size of async. emission buffer (bytes).. =     14007672
 Small emission buffer (bytes) .......... =        32868
 ** Memory allocated, max in Mbytes             (INFOG(18)):         920

 ** Memory allocated, total in Mbytes           (INFOG(19)):       12437
 ** Memory effectively used, max in  Mbytes     (INFOG(21)):         338
 ** Memory effectively used, total in Mbytes    (INFOG(22)):        6326

 Elapsed time to process root node                  =      0.0230

 Elapsed time for factorization                     =      0.2994

Leaving factorization with ...
 RINFOG (2) Operations in node assembly             = 8.899E+07
 ------ (3) Operations in node elimination          = 2.856E+10
 ICNTL  (8) Scaling effectively used                =               7
 INFOG  (9) Real space for factors                  =       133666803
 INFOG (10) Integer space for factors               =        16319299
 INFOG (11) Maximum front size                      =            2335
 INFOG (29) Number of entries in factors            =       133666803
 INFOG (12) Number of off diagonal pivots           =               0
 INFOG (13) Number of delayed pivots                =               0
 RINFOG(19) Smallest pivot WITH perturbed pivots    = 1.901E-02
 RINFOG(20) Smallest pivot WITHOUT perturbed pivots = 1.901E-02
 RINFOG(21) Largest pivot in absolute value         = 1.000E+00
 INFOG (24) Effective value of ICNTL(12)            =               1
 INFOG (14) Number of memory compress               =               0

 Elapsed time in factorization driver               =      1.3251

Entering DMUMPS 5.8.1 from C interface with JOB, N =   3     3523317
      executing #MPI =     32, without OMP

Advanced settings:
   KEEP(370) Static mapping              =         1
   KEEP(371) Advanced optimizations      =         0



 ****** SOLVE & CHECK STEP ********

 GLOBAL STATISTICS PRIOR SOLVE PHASE ...........
 Number of right-hand-sides                    =           1
 Blocking factor for multiple rhs              =           1
 ICNTL (9)                                     =           1
  --- (10)                                     =           2
  --- (11)                                     =           0
  --- (20)                                     =           0
  --- (21)                                     =           1
  --- (30)                                     =           0
  --- (35)                                     =           0
  --- (48) (effective)                         =           0
 WARNING:  Incompatible features: nrhs>1 or distrib sol and Iter. Ref and/or Err. Anal.
 WARNING: ICNTL(10) treated as if set to 0 
 ** Rank of processor needing largest memory in solve     :        10
 ** Space in MBYTES used by this processor for solve      :       973
 ** Avg. Space in MBYTES per working proc during solve    :       406
 
 Leaving solve with ...
 Time to build/scatter RHS        =       0.040786
 Time in solution step (fwd/bwd)  =       0.058924
  .. Time in forward (fwd) step   =          0.023758
  .. Time in ScaLAPACK root       =          0.001356
  .. Time in backward (bwd) step  =          0.033191
 Time to gather solution(cent.sol)=       0.000000
 Time for distributed solution    =       0.002484

 Elapsed time in solve driver=       0.1150

Entering DMUMPS 5.8.1 from C interface with JOB =  -2
      executing #MPI =     32, without OMP
||Ax - b||_2 = 3.581313e-13
