.. equilibrated? *equed = N
.. RowPerm 1	 time: 0.03
.. anorm 2.132244e+00
.. Use minimum degree ordering on A'*A
.. symbfact(): relax 30, maxsuper 256, fill 5
	matrix dimension    102158
	nonzeros in A       711558
	nonzeros in L      7737158
	nonzeros in U      7737158
	nonzeros in L+U   15372158
	fill ratio            21.6
	nonzeros in LSUB   2552488
	No of supers    14141
	Size of G(L)   787287
	Size of G(U)   685129
	int 4, short 2, float 4, double 8
	SYMBfact (MB):	L\U 14.99	total 18.67	expansions 0
.. # L blocks    11283	# U blocks     7747
MPI tag upper bound = 536870911
.. Starting with 1 OpenMP threads 
 === using DAG ===
.. thresh = s_eps 5.960464e-08 * anorm 2.132244e+00 = 1.270917e-07
.. Buffer size: Lsub 386	Lval 89488	Usub 875	Uval 65536	LDA 376
max_ncols 250,  max_ldu 256, bigu_size    64000
	.. SUPERLU_MAX_BUFFER_SIZE 256000000 set for GPU
	.. SUPERLU_N_GEMM: 5000 flops of GEMM done on CPU (1st block always on CPU)
	.. GEMM buffer size: max_row_size X max_ncols = 268 x      250
[0].. BIG U size    64000 (on CPU)
[0].. BIG V size    71208 (on CPU)
  Max row size is 268 
  Threads per process 1 

Initialization time	  0.0139 seconds
	 Serial: compute static schedule, allocate storage

==== Time breakdown in factorization (rank 0) ====
Panel factorization 	   0.0210 seconds
.. L-panel pxgstrf2 	   0.0160 seconds
.. U-panel pxgstrs2 	   0.0051 seconds
Time in Look-ahead update 	   0.0058 seconds
Time in Schur update 		   0.0333 seconds
.. Time to Gather L buffer	   0.0020  (Separate L panel by Lookahead/Remain)
.. Time to Gather U buffer	   0.0054 
.. Time in GEMM   0.0070 
	* Look-ahead	   0.0003 
	* Remain	   0.0067	Flops 1.0994e+09	Gflops 164.9698
.. Time to Scatter   0.0154 
	* Look-ahead	   0.0001 
	* Remain	   0.0153 
Total factorization time            	:   0.1993 seconds, 
--------
GEMM maximum block: 192-256-166

** Memory Usage **********************************
.. dQuerySpace: peak_buffer 23.10 (MB)
	(P0) serial symbolic::stage[0]: symb_memory 18.67, GA_mem_use 8.95
	(P0) serial distribution::stage[1]:symb_LU 14.99, dist_mem_use 65.93, num_mem_usage.for_lu 12.68
** Total highmark (MB):
    Sum-of-all :  1436.26 | Avg :    89.77  | Max :    96.30
    Max at rank 10, different stages (MB):
	. symbfact           27.62
	. distribution       93.60
	. numfact            35.78
** NUMfact space (MB): (sum-of-all-processes)
    L\U :          145.27 |  Total :   519.32
	. max at rank 15, max L+U memory (MB):    14.67
	. max at rank 7, peak buffer (MB):       23.80
**************************************************

** number of Tiny Pivots:        1

.. DiagScale = 3
**************************************************
**** Time (seconds) ****
	EQUIL time            0.008
	ROWPERM time          0.026
	COLPERM time          0.156
	SYMBFACT time         0.044
	DISTRIBUTE time       0.126
	FACTOR time           0.213
	Factor flops	2.592013e+09	Mflops 	12147.58
	SOLVE time            0.000
	REFINEMENT time       0.000	Steps       0

**************************************************
.. anorm 2.132244e+00
num_thread:     1
( 0) .. Step        0: berr[j] = 6.354582e-08
num_thread:     1
( 0) .. Step        1: berr[j] = 3.177289e-08
num_thread:     1
( 0) .. Step        2: berr[j] = 2.118191e-08
.. DiagScale = 3
	SOLVE time            0.024
	Solve flops	3.074432e+07	Mflops 	 1268.93
	REFINEMENT time       0.052	Steps       2

**************************************************
||Ax - b||_2 = 8.808288e-12
