slurmstepd: error: Detected 1 oom_kill event in StepId=17089806.0. Some of the step tasks have been OOM Killed.
srun: error: nid002248: task 0: Out Of Memory
srun: Terminating StepId=17089806.0
slurmstepd: error: *** STEP 17089806.0 ON nid002248 CANCELLED AT 2026-03-29T21:06:40 ***
[8]PETSC ERROR: ------------------------------------------------------------------------
[8]PETSC ERROR: Caught signal number 15 Terminate: Some process (or the batch system) has told this process to end
[8]PETSC ERROR: Try option -start_in_debugger or -on_error_attach_debugger
[8]PETSC ERROR: or see https://petsc.org/release/faq/#valgrind and https://petsc.org/release/faq/
[8]PETSC ERROR: configure using --with-debugging=yes, recompile, link, and run 
[8]PETSC ERROR: to get more information on the crash.
MPICH ERROR [Rank 8] [job id 17089806.0] [Sun Mar 29 21:06:40 2026] [nid002248] - Abort(59) (rank 8 in comm 0): application called MPI_Abort(MPI_COMM_WORLD, 59) - process 8

[20]PETSC ERROR: ------------------------------------------------------------------------
[20]PETSC ERROR: Caught signal number 15 Terminate: Some process (or the batch system) has told this process to end
[20]PETSC ERROR: Try option -start_in_debugger or -on_error_attach_debugger
[20]PETSC ERROR: or see https://petsc.org/release/faq/#valgrind and https://petsc.org/release/faq/
[20]PETSC ERROR: configure using --with-debugging=yes, recompile, link, and run 
[20]PETSC ERROR: to get more information on the crash.
MPICH ERROR [Rank 20] [job id 17089806.0] [Sun Mar 29 21:06:40 2026] [nid002248] - Abort(59) (rank 20 in comm 0): application called MPI_Abort(MPI_COMM_WORLD, 59) - process 20

[24]PETSC ERROR: ------------------------------------------------------------------------
[24]PETSC ERROR: Caught signal number 15 Terminate: Some process (or the batch system) has told this process to end
[24]PETSC ERROR: Try option -start_in_debugger or -on_error_attach_debugger
[24]PETSC ERROR: or see https://petsc.org/release/faq/#valgrind and https://petsc.org/release/faq/
[24]PETSC ERROR: configure using --with-debugging=yes, recompile, link, and run 
[24]PETSC ERROR: to get more information on the crash.
MPICH ERROR [Rank 24] [job id 17089806.0] [Sun Mar 29 21:06:40 2026] [nid002248] - Abort(59) (rank 24 in comm 0): application called MPI_Abort(MPI_COMM_WORLD, 59) - process 24

[28]PETSC ERROR: ------------------------------------------------------------------------
[28]PETSC ERROR: Caught signal number 15 Terminate: Some process (or the batch system) has told this process to end
[28]PETSC ERROR: Try option -start_in_debugger or -on_error_attach_debugger
[28]PETSC ERROR: or see https://petsc.org/release/faq/#valgrind and https://petsc.org/release/faq/
[28]PETSC ERROR: configure using --with-debugging=yes, recompile, link, and run 
[28]PETSC ERROR: to get more information on the crash.
MPICH ERROR [Rank 28] [job id 17089806.0] [Sun Mar 29 21:06:40 2026] [nid002248] - Abort(59) (rank 28 in comm 0): application called MPI_Abort(MPI_COMM_WORLD, 59) - process 28

[16]PETSC ERROR: ------------------------------------------------------------------------
[16]PETSC ERROR: Caught signal number 15 Terminate: Some process (or the batch system) has told this process to end
[16]PETSC ERROR: Try option -start_in_debugger or -on_error_attach_debugger
[16]PETSC ERROR: or see https://petsc.org/release/faq/#valgrind and https://petsc.org/release/faq/
[16]PETSC ERROR: configure using --with-debugging=yes, recompile, link, and run 
[16]PETSC ERROR: to get more information on the crash.
MPICH ERROR [Rank 16] [job id 17089806.0] [Sun Mar 29 21:06:41 2026] [nid002248] - Abort(59) (rank 16 in comm 0): application called MPI_Abort(MPI_COMM_WORLD, 59) - process 16

aborting job:
application called MPI_Abort(MPI_COMM_WORLD, 59) - process 8
aborting job:
application called MPI_Abort(MPI_COMM_WORLD, 59) - process 16
aborting job:
application called MPI_Abort(MPI_COMM_WORLD, 59) - process 20
aborting job:
application called MPI_Abort(MPI_COMM_WORLD, 59) - process 28
aborting job:
application called MPI_Abort(MPI_COMM_WORLD, 59) - process 24
[4]PETSC ERROR: ------------------------------------------------------------------------
[4]PETSC ERROR: Caught signal number 15 Terminate: Some process (or the batch system) has told this process to end
[4]PETSC ERROR: Try option -start_in_debugger or -on_error_attach_debugger
[4]PETSC ERROR: or see https://petsc.org/release/faq/#valgrind and https://petsc.org/release/faq/
[4]PETSC ERROR: configure using --with-debugging=yes, recompile, link, and run 
[4]PETSC ERROR: to get more information on the crash.
MPICH ERROR [Rank 4] [job id 17089806.0] [Sun Mar 29 21:06:41 2026] [nid002248] - Abort(59) (rank 4 in comm 0): application called MPI_Abort(MPI_COMM_WORLD, 59) - process 4

aborting job:
application called MPI_Abort(MPI_COMM_WORLD, 59) - process 4
[12]PETSC ERROR: ------------------------------------------------------------------------
[12]PETSC ERROR: Caught signal number 15 Terminate: Some process (or the batch system) has told this process to end
[12]PETSC ERROR: Try option -start_in_debugger or -on_error_attach_debugger
[12]PETSC ERROR: or see https://petsc.org/release/faq/#valgrind and https://petsc.org/release/faq/
[12]PETSC ERROR: configure using --with-debugging=yes, recompile, link, and run 
[12]PETSC ERROR: to get more information on the crash.
MPICH ERROR [Rank 12] [job id 17089806.0] [Sun Mar 29 21:06:41 2026] [nid002248] - Abort(59) (rank 12 in comm 0): application called MPI_Abort(MPI_COMM_WORLD, 59) - process 12

aborting job:
application called MPI_Abort(MPI_COMM_WORLD, 59) - process 12
[9]PETSC ERROR: ------------------------------------------------------------------------
[9]PETSC ERROR: Caught signal number 15 Terminate: Some process (or the batch system) has told this process to end
[9]PETSC ERROR: Try option -start_in_debugger or -on_error_attach_debugger
[9]PETSC ERROR: or see https://petsc.org/release/faq/#valgrind and https://petsc.org/release/faq/
[9]PETSC ERROR: configure using --with-debugging=yes, recompile, link, and run 
[21]PETSC ERROR: ------------------------------------------------------------------------
[21]PETSC ERROR: Caught signal number 15 Terminate: Some process (or the batch system) has told this process to end
[21]PETSC ERROR: Try option -start_in_debugger or -on_error_attach_debugger
[21]PETSC ERROR: or see https://petsc.org/release/faq/#valgrind and https://petsc.org/release/faq/
[21]PETSC ERROR: configure using --with-debugging=yes, recompile, link, and run 
[25]PETSC ERROR: ------------------------------------------------------------------------
[25]PETSC ERROR: Caught signal number 15 Terminate: Some process (or the batch system) has told this process to end
[25]PETSC ERROR: Try option -start_in_debugger or -on_error_attach_debugger
[25]PETSC ERROR: or see https://petsc.org/release/faq/#valgrind and https://petsc.org/release/faq/
[25]PETSC ERROR: configure using --with-debugging=yes, recompile, link, and run 
[25]PETSC ERROR: to get more information on the crash.
[29]PETSC ERROR: ------------------------------------------------------------------------
[29]PETSC ERROR: Caught signal number 15 Terminate: Some process (or the batch system) has told this process to end
[29]PETSC ERROR: Try option -start_in_debugger or -on_error_attach_debugger
[29]PETSC ERROR: or see https://petsc.org/release/faq/#valgrind and https://petsc.org/release/faq/
[29]PETSC ERROR: configure using --with-debugging=yes, recompile, link, and run 
[29]PETSC ERROR: to get more information on the crash.
[1]PETSC ERROR: ------------------------------------------------------------------------
[1]PETSC ERROR: Caught signal number 15 Terminate: Some process (or the batch system) has told this process to end
[1]PETSC ERROR: Try option -start_in_debugger or -on_error_attach_debugger
[1]PETSC ERROR: or see https://petsc.org/release/faq/#valgrind and https://petsc.org/release/faq/
[1]PETSC ERROR: configure using --with-debugging=yes, recompile, link, and run 
[1]PETSC ERROR: to get more information on the crash.
[5]PETSC ERROR: ------------------------------------------------------------------------
[5]PETSC ERROR: Caught signal number 15 Terminate: Some process (or the batch system) has told this process to end
[5]PETSC ERROR: Try option -start_in_debugger or -on_error_attach_debugger
[5]PETSC ERROR: or see https://petsc.org/release/faq/#valgrind and https://petsc.org/release/faq/
[5]PETSC ERROR: configure using --with-debugging=yes, recompile, link, and run 
[5]PETSC ERROR: to get more information on the crash.
[9]PETSC ERROR: to get more information on the crash.
MPICH ERROR [Rank 9] [job id 17089806.0] [Sun Mar 29 21:06:41 2026] [nid002248] - Abort(59) (rank 9 in comm 0): application called MPI_Abort(MPI_COMM_WORLD, 59) - process 9

aborting job:
application called MPI_Abort(MPI_COMM_WORLD, 59) - process 9
[13]PETSC ERROR: ------------------------------------------------------------------------
[13]PETSC ERROR: Caught signal number 15 Terminate: Some process (or the batch system) has told this process to end
[13]PETSC ERROR: Try option -start_in_debugger or -on_error_attach_debugger
[13]PETSC ERROR: or see https://petsc.org/release/faq/#valgrind and https://petsc.org/release/faq/
[13]PETSC ERROR: configure using --with-debugging=yes, recompile, link, and run 
[13]PETSC ERROR: to get more information on the crash.
MPICH ERROR [Rank 13] [job id 17089806.0] [Sun Mar 29 21:06:41 2026] [nid002248] - Abort(59) (rank 13 in comm 0): application called MPI_Abort(MPI_COMM_WORLD, 59) - process 13

[17]PETSC ERROR: ------------------------------------------------------------------------
[17]PETSC ERROR: Caught signal number 15 Terminate: Some process (or the batch system) has told this process to end
[17]PETSC ERROR: Try option -start_in_debugger or -on_error_attach_debugger
[17]PETSC ERROR: or see https://petsc.org/release/faq/#valgrind and https://petsc.org/release/faq/
[17]PETSC ERROR: configure using --with-debugging=yes, recompile, link, and run 
[17]PETSC ERROR: to get more information on the crash.
MPICH ERROR [Rank 17] [job id 17089806.0] [Sun Mar 29 21:06:41 2026] [nid002248] - Abort(59) (rank 17 in comm 0): application called MPI_Abort(MPI_COMM_WORLD, 59) - process 17

aborting job:
application called MPI_Abort(MPI_COMM_WORLD, 59) - process 17
[21]PETSC ERROR: to get more information on the crash.
MPICH ERROR [Rank 21] [job id 17089806.0] [Sun Mar 29 21:06:41 2026] [nid002248] - Abort(59) (rank 21 in comm 0): application called MPI_Abort(MPI_COMM_WORLD, 59) - process 21

aborting job:
application called MPI_Abort(MPI_COMM_WORLD, 59) - process 21
MPICH ERROR [Rank 25] [job id 17089806.0] [Sun Mar 29 21:06:41 2026] [nid002248] - Abort(59) (rank 25 in comm 0): application called MPI_Abort(MPI_COMM_WORLD, 59) - process 25

aborting job:
application called MPI_Abort(MPI_COMM_WORLD, 59) - process 25
MPICH ERROR [Rank 29] [job id 17089806.0] [Sun Mar 29 21:06:41 2026] [nid002248] - Abort(59) (rank 29 in comm 0): application called MPI_Abort(MPI_COMM_WORLD, 59) - process 29

aborting job:
application called MPI_Abort(MPI_COMM_WORLD, 59) - process 29
MPICH ERROR [Rank 1] [job id 17089806.0] [Sun Mar 29 21:06:41 2026] [nid002248] - Abort(59) (rank 1 in comm 0): application called MPI_Abort(MPI_COMM_WORLD, 59) - process 1

aborting job:
application called MPI_Abort(MPI_COMM_WORLD, 59) - process 1
MPICH ERROR [Rank 5] [job id 17089806.0] [Sun Mar 29 21:06:41 2026] [nid002248] - Abort(59) (rank 5 in comm 0): application called MPI_Abort(MPI_COMM_WORLD, 59) - process 5

aborting job:
application called MPI_Abort(MPI_COMM_WORLD, 59) - process 5
aborting job:
application called MPI_Abort(MPI_COMM_WORLD, 59) - process 13
[6]PETSC ERROR: ------------------------------------------------------------------------
[14]PETSC ERROR: ------------------------------------------------------------------------
[14]PETSC ERROR: Caught signal number 15 Terminate: Some process (or the batch system) has told this process to end
[14]PETSC ERROR: Try option -start_in_debugger or -on_error_attach_debugger
[14]PETSC ERROR: or see https://petsc.org/release/faq/#valgrind and https://petsc.org/release/faq/
[14]PETSC ERROR: configure using --with-debugging=yes, recompile, link, and run 
[22]PETSC ERROR: ------------------------------------------------------------------------
[22]PETSC ERROR: Caught signal number 15 Terminate: Some process (or the batch system) has told this process to end
[22]PETSC ERROR: Try option -start_in_debugger or -on_error_attach_debugger
[22]PETSC ERROR: or see https://petsc.org/release/faq/#valgrind and https://petsc.org/release/faq/
[22]PETSC ERROR: configure using --with-debugging=yes, recompile, link, and run 
[22]PETSC ERROR: to get more information on the crash.
[26]PETSC ERROR: ------------------------------------------------------------------------
[26]PETSC ERROR: Caught signal number 15 Terminate: Some process (or the batch system) has told this process to end
[26]PETSC ERROR: Try option -start_in_debugger or -on_error_attach_debugger
[26]PETSC ERROR: or see https://petsc.org/release/faq/#valgrind and https://petsc.org/release/faq/
[26]PETSC ERROR: configure using --with-debugging=yes, recompile, link, and run 
[26]PETSC ERROR: to get more information on the crash.
[2]PETSC ERROR: ------------------------------------------------------------------------
[2]PETSC ERROR: Caught signal number 15 Terminate: Some process (or the batch system) has told this process to end
[2]PETSC ERROR: Try option -start_in_debugger or -on_error_attach_debugger
[2]PETSC ERROR: or see https://petsc.org/release/faq/#valgrind and https://petsc.org/release/faq/
[2]PETSC ERROR: configure using --with-debugging=yes, recompile, link, and run 
[2]PETSC ERROR: to get more information on the crash.
[6]PETSC ERROR: Caught signal number 15 Terminate: Some process (or the batch system) has told this process to end
[6]PETSC ERROR: Try option -start_in_debugger or -on_error_attach_debugger
[6]PETSC ERROR: or see https://petsc.org/release/faq/#valgrind and https://petsc.org/release/faq/
[6]PETSC ERROR: configure using --with-debugging=yes, recompile, link, and run 
[6]PETSC ERROR: to get more information on the crash.
MPICH ERROR [Rank 6] [job id 17089806.0] [Sun Mar 29 21:06:42 2026] [nid002248] - Abort(59) (rank 6 in comm 0): application called MPI_Abort(MPI_COMM_WORLD, 59) - process 6
[10]PETSC ERROR: ------------------------------------------------------------------------
[10]PETSC ERROR: Caught signal number 15 Terminate: Some process (or the batch system) has told this process to end
[10]PETSC ERROR: Try option -start_in_debugger or -on_error_attach_debugger
[10]PETSC ERROR: or see https://petsc.org/release/faq/#valgrind and https://petsc.org/release/faq/
[10]PETSC ERROR: configure using --with-debugging=yes, recompile, link, and run 
[10]PETSC ERROR: to get more information on the crash.
[14]PETSC ERROR: to get more information on the crash.
MPICH ERROR [Rank 14] [job id 17089806.0] [Sun Mar 29 21:06:42 2026] [nid002248] - Abort(59) (rank 14 in comm 0): application called MPI_Abort(MPI_COMM_WORLD, 59) - process 14

aborting job:
application called MPI_Abort(MPI_COMM_WORLD, 59) - process 14
[18]PETSC ERROR: ------------------------------------------------------------------------
[18]PETSC ERROR: Caught signal number 15 Terminate: Some process (or the batch system) has told this process to end
[18]PETSC ERROR: Try option -start_in_debugger or -on_error_attach_debugger
[18]PETSC ERROR: or see https://petsc.org/release/faq/#valgrind and https://petsc.org/release/faq/
[18]PETSC ERROR: configure using --with-debugging=yes, recompile, link, and run 
[18]PETSC ERROR: to get more information on the crash.
MPICH ERROR [Rank 18] [job id 17089806.0] [Sun Mar 29 21:06:42 2026] [nid002248] - Abort(59) (rank 18 in comm 0): application called MPI_Abort(MPI_COMM_WORLD, 59) - process 18

MPICH ERROR [Rank 22] [job id 17089806.0] [Sun Mar 29 21:06:42 2026] [nid002248] - Abort(59) (rank 22 in comm 0): application called MPI_Abort(MPI_COMM_WORLD, 59) - process 22

aborting job:
application called MPI_Abort(MPI_COMM_WORLD, 59) - process 22
[30]PETSC ERROR: ------------------------------------------------------------------------
[30]PETSC ERROR: Caught signal number 15 Terminate: Some process (or the batch system) has told this process to end
[30]PETSC ERROR: Try option -start_in_debugger or -on_error_attach_debugger
[30]PETSC ERROR: or see https://petsc.org/release/faq/#valgrind and https://petsc.org/release/faq/
[30]PETSC ERROR: configure using --with-debugging=yes, recompile, link, and run 
[30]PETSC ERROR: to get more information on the crash.
MPICH ERROR [Rank 30] [job id 17089806.0] [Sun Mar 29 21:06:42 2026] [nid002248] - Abort(59) (rank 30 in comm 0): application called MPI_Abort(MPI_COMM_WORLD, 59) - process 30

MPICH ERROR [Rank 2] [job id 17089806.0] [Sun Mar 29 21:06:42 2026] [nid002248] - Abort(59) (rank 2 in comm 0): application called MPI_Abort(MPI_COMM_WORLD, 59) - process 2

aborting job:
application called MPI_Abort(MPI_COMM_WORLD, 59) - process 2

aborting job:
application called MPI_Abort(MPI_COMM_WORLD, 59) - process 6
MPICH ERROR [Rank 10] [job id 17089806.0] [Sun Mar 29 21:06:42 2026] [nid002248] - Abort(59) (rank 10 in comm 0): application called MPI_Abort(MPI_COMM_WORLD, 59) - process 10

aborting job:
application called MPI_Abort(MPI_COMM_WORLD, 59) - process 10
aborting job:
application called MPI_Abort(MPI_COMM_WORLD, 59) - process 18
MPICH ERROR [Rank 26] [job id 17089806.0] [Sun Mar 29 21:06:42 2026] [nid002248] - Abort(59) (rank 26 in comm 0): application called MPI_Abort(MPI_COMM_WORLD, 59) - process 26

aborting job:
application called MPI_Abort(MPI_COMM_WORLD, 59) - process 26
aborting job:
application called MPI_Abort(MPI_COMM_WORLD, 59) - process 30
[15]PETSC ERROR: ------------------------------------------------------------------------
[15]PETSC ERROR: Caught signal number 15 Terminate: Some process (or the batch system) has told this process to end
[15]PETSC ERROR: Try option -start_in_debugger or -on_error_attach_debugger
[15]PETSC ERROR: or see https://petsc.org/release/faq/#valgrind and https://petsc.org/release/faq/
[11]PETSC ERROR: ------------------------------------------------------------------------
[11]PETSC ERROR: Caught signal number 15 Terminate: Some process (or the batch system) has told this process to end
[11]PETSC ERROR: Try option -start_in_debugger or -on_error_attach_debugger
[15]PETSC ERROR: configure using --with-debugging=yes, recompile, link, and run 
[15]PETSC ERROR: to get more information on the crash.
[3]PETSC ERROR: ------------------------------------------------------------------------
[7]PETSC ERROR: ------------------------------------------------------------------------
[7]PETSC ERROR: Caught signal number 15 Terminate: Some process (or the batch system) has told this process to end
[7]PETSC ERROR: Try option -start_in_debugger or -on_error_attach_debugger
[7]PETSC ERROR: or see https://petsc.org/release/faq/#valgrind and https://petsc.org/release/faq/
[11]PETSC ERROR: or see https://petsc.org/release/faq/#valgrind and https://petsc.org/release/faq/
[11]PETSC ERROR: configure using --with-debugging=yes, recompile, link, and run 
[11]PETSC ERROR: to get more information on the crash.
MPICH ERROR [Rank 15] [job id 17089806.0] [Sun Mar 29 21:06:43 2026] [nid002248] - Abort(59) (rank 15 in comm 0): application called MPI_Abort(MPI_COMM_WORLD, 59) - process 15

aborting job:
application called MPI_Abort(MPI_COMM_WORLD, 59) - process 15
[19]PETSC ERROR: ------------------------------------------------------------------------
[19]PETSC ERROR: Caught signal number 15 Terminate: Some process (or the batch system) has told this process to end
[19]PETSC ERROR: Try option -start_in_debugger or -on_error_attach_debugger
[19]PETSC ERROR: or see https://petsc.org/release/faq/#valgrind and https://petsc.org/release/faq/
[19]PETSC ERROR: configure using --with-debugging=yes, recompile, link, and run 
[19]PETSC ERROR: to get more information on the crash.
[23]PETSC ERROR: ------------------------------------------------------------------------
[23]PETSC ERROR: Caught signal number 15 Terminate: Some process (or the batch system) has told this process to end
[23]PETSC ERROR: Try option -start_in_debugger or -on_error_attach_debugger
[23]PETSC ERROR: or see https://petsc.org/release/faq/#valgrind and https://petsc.org/release/faq/
[23]PETSC ERROR: configure using --with-debugging=yes, recompile, link, and run 
[23]PETSC ERROR: to get more information on the crash.
[3]PETSC ERROR: Caught signal number 15 Terminate: Some process (or the batch system) has told this process to end
[3]PETSC ERROR: Try option -start_in_debugger or -on_error_attach_debugger
[3]PETSC ERROR: or see https://petsc.org/release/faq/#valgrind and https://petsc.org/release/faq/
[3]PETSC ERROR: configure using --with-debugging=yes, recompile, link, and run 
[3]PETSC ERROR: to get more information on the crash.
[7]PETSC ERROR: configure using --with-debugging=yes, recompile, link, and run 
[7]PETSC ERROR: to get more information on the crash.
MPICH ERROR [Rank 11] [job id 17089806.0] [Sun Mar 29 21:06:43 2026] [nid002248] - Abort(59) (rank 11 in comm 0): application called MPI_Abort(MPI_COMM_WORLD, 59) - process 11

MPICH ERROR [Rank 19] [job id 17089806.0] [Sun Mar 29 21:06:43 2026] [nid002248] - Abort(59) (rank 19 in comm 0): application called MPI_Abort(MPI_COMM_WORLD, 59) - process 19

MPICH ERROR [Rank 23] [job id 17089806.0] [Sun Mar 29 21:06:43 2026] [nid002248] - Abort(59) (rank 23 in comm 0): application called MPI_Abort(MPI_COMM_WORLD, 59) - process 23

[27]PETSC ERROR: ------------------------------------------------------------------------
[27]PETSC ERROR: Caught signal number 15 Terminate: Some process (or the batch system) has told this process to end
[27]PETSC ERROR: Try option -start_in_debugger or -on_error_attach_debugger
[27]PETSC ERROR: or see https://petsc.org/release/faq/#valgrind and https://petsc.org/release/faq/
[27]PETSC ERROR: configure using --with-debugging=yes, recompile, link, and run 
[27]PETSC ERROR: to get more information on the crash.
[31]PETSC ERROR: ------------------------------------------------------------------------
[31]PETSC ERROR: Caught signal number 15 Terminate: Some process (or the batch system) has told this process to end
[31]PETSC ERROR: Try option -start_in_debugger or -on_error_attach_debugger
[31]PETSC ERROR: or see https://petsc.org/release/faq/#valgrind and https://petsc.org/release/faq/
[31]PETSC ERROR: configure using --with-debugging=yes, recompile, link, and run 
[31]PETSC ERROR: to get more information on the crash.
MPICH ERROR [Rank 31] [job id 17089806.0] [Sun Mar 29 21:06:43 2026] [nid002248] - Abort(59) (rank 31 in comm 0): application called MPI_Abort(MPI_COMM_WORLD, 59) - process 31
MPICH ERROR [Rank 3] [job id 17089806.0] [Sun Mar 29 21:06:43 2026] [nid002248] - Abort(59) (rank 3 in comm 0): application called MPI_Abort(MPI_COMM_WORLD, 59) - process 3

aborting job:
application called MPI_Abort(MPI_COMM_WORLD, 59) - process 3
MPICH ERROR [Rank 7] [job id 17089806.0] [Sun Mar 29 21:06:43 2026] [nid002248] - Abort(59) (rank 7 in comm 0): application called MPI_Abort(MPI_COMM_WORLD, 59) - process 7

aborting job:
application called MPI_Abort(MPI_COMM_WORLD, 59) - process 7
aborting job:
application called MPI_Abort(MPI_COMM_WORLD, 59) - process 11
aborting job:
application called MPI_Abort(MPI_COMM_WORLD, 59) - process 19
aborting job:
application called MPI_Abort(MPI_COMM_WORLD, 59) - process 23
MPICH ERROR [Rank 27] [job id 17089806.0] [Sun Mar 29 21:06:43 2026] [nid002248] - Abort(59) (rank 27 in comm 0): application called MPI_Abort(MPI_COMM_WORLD, 59) - process 27

aborting job:
application called MPI_Abort(MPI_COMM_WORLD, 59) - process 27

aborting job:
application called MPI_Abort(MPI_COMM_WORLD, 59) - process 31
