
Entering DMUMPS 5.8.1 from C interface with JOB, N =   1     2063494
      executing #MPI =     64, without OMP

Advanced settings:
   KEEP(370) Static mapping              =         1
   KEEP(371) Advanced optimizations      =         0

 =================================================
  MUMPS compiled with option -DAVOID_MPI_IN_PLACE
 MUMPS compiled with option -Dmetis
 MUMPS compiled with option -Dparmetis
 MUMPS compiled with option -Dpord
 MUMPS compiled with option -Dptscotch
 MUMPS compiled with option -Dscotch
 =================================================
L U Solver for unsymmetric matrices
Type of parallelism: Working host

 ****** ANALYSIS STEP ********

 ** Maximum transversal (ICNTL(6)) not allowed because matrix is distributed
 Processing a graph of size:   2063494 with      12964640 edges
 Ordering based on AMD 
 A root of estimated size  12062  has been selected for Scalapack.

Leaving analysis phase with  ...
 INFOG(1)                                       =               0
 INFOG(2)                                       =               0
 -- (20) Number of entries in factors (estim.)  =       696095258
 --  (3) Real space for factors    (estimated)  =       703766890
 --  (4) Integer space for factors (estimated)  =        16083000
 --  (5) Maximum frontal size      (estimated)  =           12062
 --  (6) Number of nodes in the tree            =          194429
 -- (32) Type of analysis effectively used      =               1
 --  (7) Ordering option effectively used       =               0
 ICNTL (6) Maximum transversal option           =               0
 ICNTL (7) Pivot order option                   =               0
 ICNTL(12) Ordering symmetric indef. matrices   =               1
 ICNTL(13) Parallelism/splitting of root node   =               0
 ICNTL(14) Percentage of memory relaxation      =             500
 ICNTL(15) Analysis by block effectively used   =               0
 ICNTL(18) Distributed input matrix (on if >0)  =               3
 ICNTL(32) Forward elimination during facto.    =               0
 ICNTL(35) BLR activation                       =               0
 ICNTL(48) Tree based multithreading (effective)=               0
 ICNTL(58) Symbolic factorization option        =               2
 Number of level 2 nodes                        =             114
 Number of split nodes                          =              27
 RINFOG(1) Operations during elimination (estim)= 3.719E+12
 Distributed matrix entry format (ICNTL(18))    =               3

 MEMORY ESTIMATIONS ... 
 Estimations with standard Full-Rank (FR) factorization:
    Max. estimated space for factors per compute node       :       364624448
    Maximum estim. space in Mbytes, IC facto.    (INFOG(16)):            3709
    Total space in MBytes, IC factorization      (INFOG(17)):           93965
    Max. estim. space per compute node, in MBytes, IC fact  :           48268
    Maximum estim. space in Mbytes, OOC facto.   (INFOG(26)):            3515
    Total space in MBytes,  OOC factorization    (INFOG(27)):           79491
    Max. estim. space per compute node, in MBytes, OOC fact :           40688

 Elapsed time in analysis driver=       2.9409

Entering DMUMPS 5.8.1 from C interface with JOB, N =   2     2063494
      executing #MPI =     64, without OMP

Advanced settings:
   KEEP(370) Static mapping              =         1
   KEEP(371) Advanced optimizations      =         0



****** FACTORIZATION STEP ********

 GLOBAL STATISTICS PRIOR NUMERICAL FACTORIZATION ...
 Number of working processes                =              64
 ICNTL(22) Out-of-core option               =               0
 ICNTL(35) BLR activation (eff. choice)     =               0
 ICNTL(37) BLR CB compression (eff. choice) =               0
 ICNTL(49) Compact workarray S (end facto.) =               0
 ICNTL(56) Effective value during facto.    =               0
 ICNTL(14) Memory relaxation                =             500
 INFOG(3) Real space for factors (estimated)=       703766890
 INFOG(4) Integer space for factors (estim.)=        16083000
 Maximum frontal size (estimated)           =           12062
 Number of nodes in the tree                =          194429
 ICNTL(23) Memory allowed (value on host)   =               0
           Sum over all procs               =               0
 Memory provided by user, sum of LWK_USER   =               0
 Effective threshold for pivoting, CNTL(1)  =      0.1000E-01

 Statistics on the scaling phase
 Elapsed time for scaling                   =      0.5083
 Max difference from 1 after scaling the entries for ONE-NORM (option 7/8)   = 0.92E+00

 Average Effective size of S     (based on INFO(39))=            157470441

 Redistrib: total data local/sent           =          305706        18855746
 Elapsed time to reformat/distribute matrix =      0.1008


 Allocated buffers
 ------------------
 Size of reception buffer in bytes ...... =     14222096
 Size of async. emission buffer (bytes).. =     42808507
 Small emission buffer (bytes) .......... =        88344
 ** Memory allocated, max in Mbytes             (INFOG(18)):        3709

 ** Memory allocated, total in Mbytes           (INFOG(19)):       97923
 ** Memory effectively used, max in  Mbytes     (INFOG(21)):        1582
 ** Memory effectively used, total in Mbytes    (INFOG(22)):       41740
 ** Max. effective space per compute node, in MBytes       :       27643

 Elapsed time to process root node                  =      2.0916

 Elapsed time for factorization                     =    160.8161

Leaving factorization with ...
 RINFOG (2) Operations in node assembly             = 5.135E+09
 ------ (3) Operations in node elimination          = 8.553E+12
 ICNTL  (8) Scaling effectively used                =               7
 INFOG  (9) Real space for factors                  =      1075658946
 INFOG (10) Integer space for factors               =        16771189
 INFOG (11) Maximum front size                      =           16600
 INFOG (29) Number of entries in factors            =      1075658946
 INFOG (12) Number of off diagonal pivots           =          233362
 INFOG (13) Number of delayed pivots                =          254068
 RINFOG(19) Smallest pivot WITH perturbed pivots    = 4.786E-07
 RINFOG(20) Smallest pivot WITHOUT perturbed pivots = 4.786E-07
 RINFOG(21) Largest pivot in absolute value         = 1.163E+05
 INFOG (24) Effective value of ICNTL(12)            =               1
 INFOG (14) Number of memory compress               =              21

 Elapsed time in factorization driver               =    161.5653

Entering DMUMPS 5.8.1 from C interface with JOB, N =   3     2063494
      executing #MPI =     64, without OMP

Advanced settings:
   KEEP(370) Static mapping              =         1
   KEEP(371) Advanced optimizations      =         0



 ****** SOLVE & CHECK STEP ********

 GLOBAL STATISTICS PRIOR SOLVE PHASE ...........
 Number of right-hand-sides                    =           1
 Blocking factor for multiple rhs              =           1
 ICNTL (9)                                     =           1
  --- (10)                                     =           2
  --- (11)                                     =           0
  --- (20)                                     =           0
  --- (21)                                     =           1
  --- (30)                                     =           0
  --- (35)                                     =           0
  --- (48) (effective)                         =           0
 WARNING:  Incompatible features: nrhs>1 or distrib sol and Iter. Ref and/or Err. Anal.
 WARNING: ICNTL(10) treated as if set to 0 
 ** Rank of processor needing largest memory in solve     :         8
 ** Space in MBYTES used by this processor for solve      :      3615
 ** Avg. Space in MBYTES per working proc during solve    :      1366
 
 Leaving solve with ...
 Time to build/scatter RHS        =       0.017811
 Time in solution step (fwd/bwd)  =       0.242778
  .. Time in forward (fwd) step   =          0.077683
  .. Time in ScaLAPACK root       =          0.035624
  .. Time in backward (bwd) step  =          0.129006
 Time to gather solution(cent.sol)=       0.000000
 Time for distributed solution    =       0.000911

 Elapsed time in solve driver=       0.2710

Entering DMUMPS 5.8.1 from C interface with JOB =  -2
      executing #MPI =     64, without OMP
||Ax - b||_2 = 2.042079e+00
