
Entering DMUMPS 5.8.1 from C interface with JOB, N =   1     2063494
      executing #MPI =     64, without OMP

Advanced settings:
   KEEP(370) Static mapping              =         1
   KEEP(371) Advanced optimizations      =         0

 =================================================
  MUMPS compiled with option -DAVOID_MPI_IN_PLACE
 MUMPS compiled with option -Dmetis
 MUMPS compiled with option -Dparmetis
 MUMPS compiled with option -Dpord
 MUMPS compiled with option -Dptscotch
 MUMPS compiled with option -Dscotch
 =================================================
L U Solver for unsymmetric matrices
Type of parallelism: Working host

 ****** ANALYSIS STEP ********

 ** Maximum transversal (ICNTL(6)) not allowed because matrix is distributed
 Processing a graph of size:   2063494 with      12964640 edges
 Ordering based on METIS
 ELAPSED TIME SPENT IN METIS reordering  =     17.1289
 SYMBOLIC based on column counts 
 ELAPSED TIME IN symbolic factorization  =      0.7509

Leaving analysis phase with  ...
 INFOG(1)                                       =               0
 INFOG(2)                                       =               0
 -- (20) Number of entries in factors (estim.)  =       624727582
 --  (3) Real space for factors    (estimated)  =       636505446
 --  (4) Integer space for factors (estimated)  =        16273128
 --  (5) Maximum frontal size      (estimated)  =            6509
 --  (6) Number of nodes in the tree            =          225336
 -- (32) Type of analysis effectively used      =               1
 --  (7) Ordering option effectively used       =               5
 ICNTL (6) Maximum transversal option           =               0
 ICNTL (7) Pivot order option                   =               5
 ICNTL(12) Ordering symmetric indef. matrices   =               1
 ICNTL(13) Parallelism/splitting of root node   =               0
 ICNTL(14) Percentage of memory relaxation      =             500
 ICNTL(15) Analysis by block effectively used   =               0
 ICNTL(18) Distributed input matrix (on if >0)  =               3
 ICNTL(32) Forward elimination during facto.    =               0
 ICNTL(35) BLR activation                       =               0
 ICNTL(48) Tree based multithreading (effective)=               0
 ICNTL(58) Symbolic factorization option        =               2
 Number of level 2 nodes                        =             229
 Number of split nodes                          =              39
 RINFOG(1) Operations during elimination (estim)= 1.610E+12
 Distributed matrix entry format (ICNTL(18))    =               3

 MEMORY ESTIMATIONS ... 
 Estimations with standard Full-Rank (FR) factorization:
    Max. estimated space for factors per compute node       :       360931704
    Maximum estim. space in Mbytes, IC facto.    (INFOG(16)):            1603
    Total space in MBytes, IC factorization      (INFOG(17)):           56019
    Max. estim. space per compute node, in MBytes, IC fact  :           30548
    Maximum estim. space in Mbytes, OOC facto.   (INFOG(26)):            1183
    Total space in MBytes,  OOC factorization    (INFOG(27)):           41851
    Max. estim. space per compute node, in MBytes, OOC fact :           21189

 Elapsed time in analysis driver=      20.2148

Entering DMUMPS 5.8.1 from C interface with JOB, N =   2     2063494
      executing #MPI =     64, without OMP

Advanced settings:
   KEEP(370) Static mapping              =         1
   KEEP(371) Advanced optimizations      =         0



****** FACTORIZATION STEP ********

 GLOBAL STATISTICS PRIOR NUMERICAL FACTORIZATION ...
 Number of working processes                =              64
 ICNTL(22) Out-of-core option               =               0
 ICNTL(35) BLR activation (eff. choice)     =               0
 ICNTL(37) BLR CB compression (eff. choice) =               0
 ICNTL(49) Compact workarray S (end facto.) =               0
 ICNTL(56) Effective value during facto.    =               0
 ICNTL(14) Memory relaxation                =             500
 INFOG(3) Real space for factors (estimated)=       636505446
 INFOG(4) Integer space for factors (estim.)=        16273128
 Maximum frontal size (estimated)           =            6509
 Number of nodes in the tree                =          225336
 ICNTL(23) Memory allowed (value on host)   =               0
           Sum over all procs               =               0
 Memory provided by user, sum of LWK_USER   =               0
 Effective threshold for pivoting, CNTL(1)  =      0.1000E-01

 Statistics on the scaling phase
 Elapsed time for scaling                   =      0.5151
 Max difference from 1 after scaling the entries for ONE-NORM (option 7/8)   = 0.92E+00

 Average Effective size of S     (based on INFO(39))=             84216990

 Redistrib: total data local/sent           =          496697        31365366
 Elapsed time to reformat/distribute matrix =      0.0897


 Allocated buffers
 ------------------
 Size of reception buffer in bytes ...... =      6595288
 Size of async. emission buffer (bytes).. =     19851814
 Small emission buffer (bytes) .......... =        86500
 ** Memory allocated, max in Mbytes             (INFOG(18)):        1603

 ** Memory allocated, total in Mbytes           (INFOG(19)):       56019
 ** Memory effectively used, max in  Mbytes     (INFOG(21)):         459
 ** Memory effectively used, total in Mbytes    (INFOG(22)):       21962
 ** Max. effective space per compute node, in MBytes       :       11438

 Elapsed time for factorization                     =     11.9696

Leaving factorization with ...
 RINFOG (2) Operations in node assembly             = 1.929E+09
 ------ (3) Operations in node elimination          = 2.022E+12
 ICNTL  (8) Scaling effectively used                =               7
 INFOG  (9) Real space for factors                  =       693851606
 INFOG (10) Integer space for factors               =        16540148
 INFOG (11) Maximum front size                      =            7550
 INFOG (29) Number of entries in factors            =       693851606
 INFOG (12) Number of off diagonal pivots           =          157635
 INFOG (13) Number of delayed pivots                =          129785
 RINFOG(19) Smallest pivot WITH perturbed pivots    = 1.614E-08
 RINFOG(20) Smallest pivot WITHOUT perturbed pivots = 1.614E-08
 RINFOG(21) Largest pivot in absolute value         = 1.140E+05
 INFOG (24) Effective value of ICNTL(12)            =               1
 INFOG (14) Number of memory compress               =               0

 Elapsed time in factorization driver               =     12.7152

Entering DMUMPS 5.8.1 from C interface with JOB, N =   3     2063494
      executing #MPI =     64, without OMP

Advanced settings:
   KEEP(370) Static mapping              =         1
   KEEP(371) Advanced optimizations      =         0



 ****** SOLVE & CHECK STEP ********

 GLOBAL STATISTICS PRIOR SOLVE PHASE ...........
 Number of right-hand-sides                    =           1
 Blocking factor for multiple rhs              =           1
 ICNTL (9)                                     =           1
  --- (10)                                     =           2
  --- (11)                                     =           0
  --- (20)                                     =           0
  --- (21)                                     =           1
  --- (30)                                     =           0
  --- (35)                                     =           0
  --- (48) (effective)                         =           0
 WARNING:  Incompatible features: nrhs>1 or distrib sol and Iter. Ref and/or Err. Anal.
 WARNING: ICNTL(10) treated as if set to 0 
 ** Rank of processor needing largest memory in solve     :        18
 ** Space in MBYTES used by this processor for solve      :      1517
 ** Avg. Space in MBYTES per working proc during solve    :       782
 
 Leaving solve with ...
 Time to build/scatter RHS        =       0.025418
 Time in solution step (fwd/bwd)  =       0.126397
  .. Time in forward (fwd) step   =          0.054951
  .. Time in backward (bwd) step  =          0.070839
 Time to gather solution(cent.sol)=       0.000000
 Time for distributed solution    =       0.001007

 Elapsed time in solve driver=       0.1624

Entering DMUMPS 5.8.1 from C interface with JOB =  -2
      executing #MPI =     64, without OMP
||Ax - b||_2 = 2.025729e+01
