ischedInit: The thread number has been automatically set to 1
ischedInit: The thread number has been automatically set to 1
ischedInit: The thread number has been automatically set to 1
ischedInit: The thread number has been automatically set to 1
ischedInit: The thread number has been automatically set to 1
ischedInit: The thread number has been automatically set to 1
ischedInit: The thread number has been automatically set to 1
ischedInit: The thread number has been automatically set to 1
ischedInit: The thread number has been automatically set to 1
ischedInit: The thread number has been automatically set to 1
ischedInit: The thread number has been automatically set to 1
ischedInit: The thread number has been automatically set to 1
ischedInit: The thread number has been automatically set to 1
ischedInit: The thread number has been automatically set to 1
ischedInit: The thread number has been automatically set to 1
ischedInit: The thread number has been automatically set to 1
ischedInit: The thread number has been automatically set to 1
ischedInit: The thread number has been automatically set to 1
ischedInit: The thread number has been automatically set to 1
ischedInit: The thread number has been automatically set to 1
ischedInit: The thread number has been automatically set to 1
ischedInit: The thread number has been automatically set to 1
ischedInit: The thread number has been automatically set to 1
ischedInit: The thread number has been automatically set to 1
ischedInit: The thread number has been automatically set to 1
ischedInit: The thread number has been automatically set to 1
ischedInit: The thread number has been automatically set to 1
ischedInit: The thread number has been automatically set to 1
ischedInit: The thread number has been automatically set to 1
ischedInit: The thread number has been automatically set to 1
ischedInit: The thread number has been automatically set to 1
ischedInit: The thread number has been automatically set to 1
ischedInit: The thread number has been automatically set to 1
ischedInit: The thread number has been automatically set to 1
ischedInit: The thread number has been automatically set to 1
ischedInit: The thread number has been automatically set to 1
ischedInit: The thread number has been automatically set to 1
ischedInit: The thread number has been automatically set to 1
ischedInit: The thread number has been automatically set to 1
ischedInit: The thread number has been automatically set to 1
ischedInit: The thread number has been automatically set to 1
ischedInit: The thread number has been automatically set to 1
ischedInit: The thread number has been automatically set to 1
ischedInit: The thread number has been automatically set to 1
ischedInit: The thread number has been automatically set to 1
ischedInit: The thread number has been automatically set to 1
ischedInit: The thread number has been automatically set to 1
ischedInit: The thread number has been automatically set to 1
ischedInit: The thread number has been automatically set to 1
ischedInit: The thread number has been automatically set to 1
ischedInit: The thread number has been automatically set to 1
ischedInit: The thread number has been automatically set to 1
ischedInit: The thread number has been automatically set to 1
ischedInit: The thread number has been automatically set to 1
ischedInit: The thread number has been automatically set to 1
ischedInit: The thread number has been automatically set to 1
ischedInit: The thread number has been automatically set to 1
ischedInit: The thread number has been automatically set to 1
ischedInit: The thread number has been automatically set to 1
ischedInit: The thread number has been automatically set to 1
ischedInit: The thread number has been automatically set to 1
ischedInit: The thread number has been automatically set to 1
ischedInit: The thread number has been automatically set to 1
ischedInit: The thread number has been automatically set to 1
+-------------------------------------------------+
+     PaStiX : Parallel Sparse matriX package     +
+-------------------------------------------------+
  Version:                                   6.4.0
  Schedulers:
    sequential:                            Enabled
    thread static:                         Started
    thread dynamic:                        Started
    PaRSEC:                               Disabled
    StarPU:                               Disabled
  Number of MPI processes:                      64
  Number of threads per process:                 1
  Number of GPUs:                                0
  MPI communication support:              PastixMpiThreadFunneled
  Distribution level:                     2D( 160)
  Blocking size (min/max):              160 /  320
  Computational models
    CPU:              AMD Opteron 6180 - Intel MKL
    GPU:             Nvidia K40 GK1108L - CUDA 8.0
  Low rank parameters:
    Strategy                        No compression
+-------------------------------------------------+
  Ordering subtask :
    Prepare graph structure:
      Sort row indexes in each column
      Removing diagonal elements
    Ordering method is: Scotch
      Scotch direct strategy
    Time to compute ordering              2.318037e+01 s
+-------------------------------------------------+
  Symbolic factorization subtask:
    Symbol factorization using: Fax Direct
    Symbol Matrix statistics:
      Number of cblk                         75062
      Number of blok                       1769544
      Cblk width min                             1
      Cblk width max                          7525
      Cblk width avg                         19.85
      Cblk width stdev                       61.46
      Blok height min                            1
      Blok height max                         7525
      Blok height avg                         3.86
      Blok height stdev                      20.00
      Memory space                           72.66 Mo
    Number of nonzeroes in L structure    1099988708
    Fill-in of L                          106.590532
    Time to compute symbol matrix         3.768479e-01 s
+-------------------------------------------------+
  Reordering subtask:
    Split level                                  0
    Stoping criterion                           -1
    Time for reordering                   1.637112e+01 s
+-------------------------------------------------+
  Mapping/Scheduling subtask:
OUTPUTDIR: pastix-JTq4aX
    Number of cluster                           64
    Number of processor per cluster              1
    Number of thread per MPI process             1
    Symbol Matrix statistics:
      Number of cblk                         75469
      Number of blok                        780592
      Cblk width min                             1
      Cblk width max                           352
      Cblk width avg                         19.74
      Cblk width stdev                       29.02
      Blok height min                            1
      Blok height max                          352
      Blok height avg                        11.68
      Blok height stdev                      34.05
      Memory space                           34.96 Mo
    Symbol split done in                  5.017212e-02 s
    Elimination tree built in             5.531583e-03 s
    Cost matrix built in                  1.031281e-02 s
    Estimated total cost of the etree     1.401773e+02 s
    Estimated critical path of the etree  0.000000e+00 s
    Proportional mapping done in          9.711379e-03 s
    Simulation structures built in        4.277661e-02 s
    Number of tasks found                    75469
    Simulation done in                    3.609643e-01 s
    Solver built in                       1.293799e-01 s
    Number of non-zeroes in blocked L     2199977416
    Fill-in                               213.181064
    Number of operations in full-rank: LU       10.26 TFlops
    Prediction:
      Model                              AMD 6180  MKL
      Time to factorize                   4.405063e+01 s
    Time for mapping/scheduling           7.048512e-01 s
+-------------------------------------------------+
  Analyze task:
    Total time for analyze                4.077610e+01 s
+-------------------------------------------------+
  Factorization task:
    Factorization used: LU
    ||A||_2  =                            4.119695e+08
    Time to initialize internal csc       7.277238e-02 s
    Time to initialize coeftab            1.162081e-01 s
    Time to factorize                     8.175518e+01 s (128.56 GFlop/s)
    Number of operations                       -341900924670623.00  Flops
    Number of static pivots                      0
    Memory usage of coeftab                        147 Mo
    Time to solve                         1.705241e-01 s
    Time for refinement                   2.679449e-02 s
||Ax - b||_2 = 7.576932e-08
