
=== CPARDISO: solving a real nonsymmetric system ===
Distributed Matrix Input Format is used for CPARDISO (iparm(40) = 2)
0-based array is turned ON
CPARDISO double precision computation is turned ON
Parallel METIS algorithm at reorder step is turned ON
Scaling is turned ON
Matching is turned ON


Summary: ( reordering phase )
================

Times:
======
Time spent in calculations of symmetric matrix portrait (fulladj): 0.010103 s
Time spent in reordering of the initial matrix (reorder)         : 0.667396 s
Time spent in symbolic factorization (symbfct)                   : 0.402791 s
Time spent in data preparations for factorization (parlist)      : 0.026254 s
Time spent in allocation of internal data structures (malloc)    : 0.271497 s
Time spent in matching/scaling                                   : 0.094196 s
Time spent in additional calculations                            : 0.100469 s
Total time spent                                                 : 1.572706 s

Statistics:
===========
Parallel Direct Factorization is running on 16 MPI and 1 OpenMP per MPI process

< Linear system Ax = b >
             number of equations:           112211
             number of non-zeros in A:      760631
             number of non-zeros in A (%): 0.006041

             number of right-hand sides:    1

< Factors L and U >
             number of columns for each panel: 128
             number of independent subgraphs:  0
             number of supernodes:                    74333
             size of largest supernode:               1601
             number of non-zeros in L:                19804267
             number of non-zeros in U:                17796070
             number of non-zeros in L+U:              37600337

Percentage of computed non-zeros for LL^T factorization
 1 %  2 %  3 %  4 %  5 %  7 %  8 %  9 %  10 %  11 %  12 %  13 %  14 %  15 %  17 %  18 %  19 %  20 %  21 %  22 %  23 %  26 %  27 %  28 %  29 %  30 %  31 %  32 %  34 %  36 %  41 %  46 %  54 %  61 %  67 %  79 %  91 %  99 %  100 % 

=== CPARDISO: solving a real nonsymmetric system ===
Single-level factorization algorithm is turned ON


Summary: ( factorization phase )
================

Times:
======
Time spent in copying matrix to internal data structure (A to LU): 0.000010 s
Time spent in factorization step (numfct)                        : 1.553944 s
Time spent in allocation of internal data structures (malloc)    : 0.000048 s
Time spent in additional calculations                            : 0.000011 s
Total time spent                                                 : 1.554013 s

Statistics:
===========
Parallel Direct Factorization is running on 16 MPI and 1 OpenMP per MPI process

< Linear system Ax = b >
             number of equations:           112211
             number of non-zeros in A:      760631
             number of non-zeros in A (%): 0.006041

             number of right-hand sides:    1

< Factors L and U >
             number of columns for each panel: 128
             number of independent subgraphs:  0
             number of supernodes:                    74333
             size of largest supernode:               1601
             number of non-zeros in L:                19804267
             number of non-zeros in U:                17796070
             number of non-zeros in L+U:              37600337
             gflop   for the numerical factorization: 28.438744

             gflop/s for the numerical factorization: 18.301011


=== CPARDISO: solving a real nonsymmetric system ===


Summary: ( solution phase )
================

Times:
======
Time spent in direct solver at solve step (solve)                : 0.115876 s
Time spent in additional calculations                            : 0.182005 s
Total time spent                                                 : 0.297881 s

Statistics:
===========
Parallel Direct Factorization is running on 16 MPI and 1 OpenMP per MPI process

< Linear system Ax = b >
             number of equations:           112211
             number of non-zeros in A:      760631
             number of non-zeros in A (%): 0.006041

             number of right-hand sides:    1

< Factors L and U >
             number of columns for each panel: 128
             number of independent subgraphs:  0
             number of supernodes:                    74333
             size of largest supernode:               1601
             number of non-zeros in L:                19804267
             number of non-zeros in U:                17796070
             number of non-zeros in L+U:              37600337
             gflop   for the numerical factorization: 28.438744

             gflop/s for the numerical factorization: 18.301011

Number of iterative refinement steps performed         5
Tolerance level in the iterative refinement process    0.000000e+00
Backward error after the iterative refinement process  0.000000e+00
||Ax - b||_2 = 4.459123e-11
