.. equilibrated? *equed = R
.. RowPerm 1	 time: 0.40
.. anorm 2.000000e+02
.. Use minimum degree ordering on A'*A
.. symbfact(): relax 30, maxsuper 256, fill 5
	matrix dimension    2686802
	nonzeros in A       8100804
	nonzeros in L       34374959
	nonzeros in U       34374959
	nonzeros in L+U     66063116
	fill ratio             8.2
	nonzeros in LSUB    6748703
	No of supers   340987
	Size of G(L)   3380406
	Size of G(U)   693604
	int 8, short 2, float 4, double 8
	SYMBfact (MB):	L\U 167.01	total 360.46	expansions 0
.. # L blocks   51155	# U blocks   8148
MPI tag upper bound = 536870911
.. Starting with 1 OpenMP threads 
 === using DAG ===
.. thresh = s_eps 5.960464e-08 * anorm 2.000000e+02 = 1.192093e-05
.. Buffer size: Lsub 207	Lval 40401	Usub 399	Uval 398	LDA 201
max_ncols 9,  max_ldu 30, bigu_size   270
	.. SUPERLU_MAX_BUFFER_SIZE 256000000 set for GPU
	.. SUPERLU_N_GEMM: 5000 flops of GEMM done on CPU (1st block always on CPU)
	.. GEMM buffer size: max_row_size X max_ncols = 31 x   9
[0].. BIG U size   270 (on CPU)
[0].. BIG V size   65856 (on CPU)
  Max row size is 31 
  Threads per process 1 

Initialization time	  0.3478 seconds
	 Serial: compute static schedule, allocate storage

==== Time breakdown in factorization (rank 0) ====
Panel factorization 	   0.1497 seconds
.. L-panel pxgstrf2 	   0.1435 seconds
.. U-panel pxgstrs2 	   0.0061 seconds
Time in Look-ahead update 	   0.0026 seconds
Time in Schur update 		   0.0528 seconds
.. Time to Gather L buffer	   0.0038  (Separate L panel by Lookahead/Remain)
.. Time to Gather U buffer	   0.0034 
.. Time in GEMM   0.0114 
	* Look-ahead	   0.0000 
	* Remain	   0.0114	Flops 2.1877e+07	Gflops   1.9221
.. Time to Scatter   0.0086 
	* Look-ahead	   0.0000 
	* Remain	   0.0086 
Total factorization time            	:   0.8441 seconds, 
--------
GEMM maximum block: 9-30-9

** Memory Usage **********************************
.. dQuerySpace: peak_buffer 54.59 (MB)
	(P0) serial symbolic::stage[0]: symb_memory 360.46, GA_mem_use 151.11
	(P0) serial distribution::stage[1]:symb_LU 167.01, dist_mem_use 1483.38, num_mem_usage.for_lu 59.05
** Total highmark (MB):
    Sum-of-all : 53074.60 | Avg :  1658.58  | Max :  1788.89
    Max at rank 22, different stages (MB):
	. symbfact          511.57
	. distribution     1709.44
	. numfact           113.64
** NUMfact space (MB): (sum-of-all-processes)
    L\U :          690.10 |  Total :  2435.29
	. max at rank 13, max L+U memory (MB):    73.40
	. max at rank 9, peak buffer (MB):       54.73
**************************************************

** number of Tiny Pivots:        1

.. DiagScale = 3
**************************************************
**** Time (seconds) ****
	EQUIL time            0.177
	ROWPERM time          0.403
	COLPERM time          2.121
	SYMBFACT time         0.149
	DISTRIBUTE time       2.572
	FACTOR time           1.233
	Factor flops	1.160919e+09	Mflops 	  941.54
	SOLVE time            0.000
	REFINEMENT time       0.000	Steps       0

**************************************************
.. anorm 2.000000e+02
num_thread:     1
( 0) .. Step   0: berr[j] = 5.960499e-06
num_thread:     1
( 0) .. Step   1: berr[j] = 2.980241e-06
num_thread:     1
( 0) .. Step   2: berr[j] = 1.986825e-06
.. DiagScale = 3
	SOLVE time            0.247
	Solve flops	1.321262e+08	Mflops 	  534.15
	REFINEMENT time       0.520	Steps       2

**************************************************
||Ax - b||_2 = 3.280334e-14
