.. equilibrated? *equed = R
.. RowPerm 1	 time: 0.47
.. anorm 2.000000e+02
.. Use METIS ordering on A'+A
.. symbfact(): relax 30, maxsuper 256, fill 5
	matrix dimension    2686802
	nonzeros in A       8100804
	nonzeros in L       30150300
	nonzeros in U       30150300
	nonzeros in L+U     57613798
	fill ratio             7.1
	nonzeros in LSUB    6094125
	No of supers   275879
	Size of G(L)   3238890
	Size of G(U)   552088
	int 8, short 2, float 4, double 8
	SYMBfact (MB):	L\U 160.64	total 354.09	expansions 0
.. # L blocks   38922	# U blocks   4437
MPI tag upper bound = 536870911
.. Starting with 1 OpenMP threads 
 === using DAG ===
.. thresh = s_eps 5.960464e-08 * anorm 2.000000e+02 = 1.192093e-05
.. Buffer size: Lsub 38	Lval 930	Usub 20	Uval 60	LDA 31
max_ncols 6,  max_ldu 30, bigu_size   180
	.. SUPERLU_MAX_BUFFER_SIZE 256000000 set for GPU
	.. SUPERLU_N_GEMM: 5000 flops of GEMM done on CPU (1st block always on CPU)
	.. GEMM buffer size: max_row_size X max_ncols = 31 x   6
[0].. BIG U size   180 (on CPU)
[0].. BIG V size   65848 (on CPU)
  Max row size is 31 
  Threads per process 1 

Initialization time	  0.2577 seconds
	 Serial: compute static schedule, allocate storage

==== Time breakdown in factorization (rank 0) ====
Panel factorization 	   0.2425 seconds
.. L-panel pxgstrf2 	   0.2400 seconds
.. U-panel pxgstrs2 	   0.0025 seconds
Time in Look-ahead update 	   0.0026 seconds
Time in Schur update 		   0.0478 seconds
.. Time to Gather L buffer	   0.0039  (Separate L panel by Lookahead/Remain)
.. Time to Gather U buffer	   0.0038 
.. Time in GEMM   0.0112 
	* Look-ahead	   0.0000 
	* Remain	   0.0111	Flops 2.1500e+07	Gflops   1.9283
.. Time to Scatter   0.0061 
	* Look-ahead	   0.0000 
	* Remain	   0.0061 
Total factorization time            	:   0.8182 seconds, 
--------
GEMM maximum block: 5-30-5

** Memory Usage **********************************
.. dQuerySpace: peak_buffer 50.10 (MB)
	(P0) serial symbolic::stage[0]: symb_memory 354.09, GA_mem_use 151.11
	(P0) serial distribution::stage[1]:symb_LU 160.64, dist_mem_use 797.46, num_mem_usage.for_lu 51.36
** Total highmark (MB):
    Sum-of-all : 57945.35 | Avg :   905.40  | Max :  1014.20
    Max at rank 45, different stages (MB):
	. symbfact          505.20
	. distribution     1009.47
	. numfact           101.46
** NUMfact space (MB): (sum-of-all-processes)
    L\U :          540.16 |  Total :  3735.21
	. max at rank 36, max L+U memory (MB):    52.00
	. max at rank 36, peak buffer (MB):       50.12
**************************************************

** number of Tiny Pivots:        1

.. DiagScale = 3
**************************************************
**** Time (seconds) ****
	EQUIL time            0.242
	ROWPERM time          0.474
	COLPERM time          6.739
	SYMBFACT time         0.235
	DISTRIBUTE time       2.024
	FACTOR time           1.076
	Factor flops	8.034572e+08	Mflops 	  746.68
	SOLVE time            0.000
	REFINEMENT time       0.000	Steps       0

**************************************************
.. anorm 2.000000e+02
num_thread:     1
( 0) .. Step   0: berr[j] = 5.960500e-06
num_thread:     1
( 0) .. Step   1: berr[j] = 2.980241e-06
num_thread:     1
( 0) .. Step   2: berr[j] = 1.986825e-06
.. DiagScale = 3
	SOLVE time            0.180
	Solve flops	1.152276e+08	Mflops 	  639.04
	REFINEMENT time       0.391	Steps       2

**************************************************
||Ax - b||_2 = 3.518526e-14
