.. equilibrated? *equed = R
.. RowPerm 1	 time: 0.42
.. anorm 2.000000e+02
.. Use parMETIS ordering on A'+A with 32 sub-domains. sizeof(int_t) 8
.. symbfact(): relax 30, maxsuper 256, fill 5
	matrix dimension    2686802
	nonzeros in A       8100804
	nonzeros in L       30143454
	nonzeros in U       30143454
	nonzeros in L+U     57600106
	fill ratio             7.1
	nonzeros in LSUB    6094123
	No of supers   275844
	Size of G(L)   3238889
	Size of G(U)   552087
	int 8, short 2, float 4, double 8
	SYMBfact (MB):	L\U 160.64	total 354.09	expansions 0
.. # L blocks   46199	# U blocks   10598
MPI tag upper bound = 536870911
.. Starting with 1 OpenMP threads 
 === using DAG ===
.. thresh = s_eps 5.960464e-08 * anorm 2.000000e+02 = 1.192093e-05
.. Buffer size: Lsub 40	Lval 960	Usub 18	Uval 60	LDA 32
max_ncols 3,  max_ldu 30, bigu_size   90
	.. SUPERLU_MAX_BUFFER_SIZE 256000000 set for GPU
	.. SUPERLU_N_GEMM: 5000 flops of GEMM done on CPU (1st block always on CPU)
	.. GEMM buffer size: max_row_size X max_ncols = 32 x   3
[0].. BIG U size   90 (on CPU)
[0].. BIG V size   65856 (on CPU)
  Max row size is 32 
  Threads per process 1 

Initialization time	  0.1835 seconds
	 Serial: compute static schedule, allocate storage

==== Time breakdown in factorization (rank 0) ====
Panel factorization 	   0.1247 seconds
.. L-panel pxgstrf2 	   0.1200 seconds
.. U-panel pxgstrs2 	   0.0047 seconds
Time in Look-ahead update 	   0.0023 seconds
Time in Schur update 		   0.0442 seconds
.. Time to Gather L buffer	   0.0036  (Separate L panel by Lookahead/Remain)
.. Time to Gather U buffer	   0.0033 
.. Time in GEMM   0.0104 
	* Look-ahead	   0.0000 
	* Remain	   0.0104	Flops 2.1500e+07	Gflops   2.0589
.. Time to Scatter   0.0055 
	* Look-ahead	   0.0000 
	* Remain	   0.0055 
Total factorization time            	:   0.6481 seconds, 
--------
GEMM maximum block: 3-30-3

** Memory Usage **********************************
.. dQuerySpace: peak_buffer 41.38 (MB)
	(P0) serial symbolic::stage[0]: symb_memory 354.09, GA_mem_use 151.11
	(P0) serial distribution::stage[1]:symb_LU 160.64, dist_mem_use 1485.51, num_mem_usage.for_lu 53.11
** Total highmark (MB):
    Sum-of-all : 52099.74 | Avg :  1628.12  | Max :  1705.76
    Max at rank 31, different stages (MB):
	. symbfact          505.20
	. distribution     1699.27
	. numfact            94.50
** NUMfact space (MB): (sum-of-all-processes)
    L\U :          538.10 |  Total :  1858.55
	. max at rank 31, max L+U memory (MB):    53.55
	. max at rank 31, peak buffer (MB):       41.40
**************************************************

** number of Tiny Pivots:        1

.. DiagScale = 3
**************************************************
**** Time (seconds) ****
	EQUIL time            0.178
	ROWPERM time          0.418
	COLPERM time          0.806
	SYMBFACT time         0.133
	DISTRIBUTE time       2.174
	FACTOR time           0.832
	Factor flops	8.023052e+08	Mflops 	  964.63
	SOLVE time            0.000
	REFINEMENT time       0.000	Steps       0

**************************************************
.. anorm 2.000000e+02
num_thread:     1
( 0) .. Step   0: berr[j] = 5.960500e-06
num_thread:     1
( 0) .. Step   1: berr[j] = 2.980241e-06
num_thread:     1
( 0) .. Step   2: berr[j] = 1.986825e-06
.. DiagScale = 3
	SOLVE time            0.199
	Solve flops	1.152002e+08	Mflops 	  580.27
	REFINEMENT time       0.425	Steps       2

**************************************************
||Ax - b||_2 = 3.280335e-14
