	matrix dimension     82654
	nonzeros in A       574458
	nonzeros in L      5929130
	nonzeros in U      5929130
	nonzeros in L+U   11775606
	fill ratio            20.5
	nonzeros in LSUB   1807598

** Memory Usage **********************************
** Total highmark (MB):
    Sum-of-all :   958.27 | Avg :   119.78  | Max :   123.47
    Max at rank 2, different stages (MB):
	. symbfact           20.66
	. distribution      121.08
	. numfact            36.12
** NUMfact space (MB): (sum-of-all-processes)
    L\U :          106.85 |  Total :   275.41
	. max at rank 2, max L+U memory (MB):    16.29
	. max at rank 3, peak buffer (MB):       21.20
**************************************************

** number of Tiny Pivots:        0

**************************************************
**** Time (seconds) ****
	EQUIL time            0.018
	ROWPERM time          0.051
	COLPERM time          0.511
	SYMBFACT time         0.093
	DISTRIBUTE time       0.682
	FACTOR time           1.349
	Factor flops	1.764251e+09	Mflops 	 1307.50
	SOLVE time            0.000
	REFINEMENT time       0.000	Steps       0

**************************************************
	SOLVE time            0.115
	Solve flops	2.355121e+07	Mflops 	  205.45
	REFINEMENT time       0.214	Steps       2

**************************************************
||Ax - b||_2 = 8.404847e-14
