	matrix dimension     82654
	nonzeros in A       574458
	nonzeros in L      3902747
	nonzeros in U      3902747
	nonzeros in L+U    7722840
	fill ratio            13.4
	nonzeros in LSUB   1109146

** Memory Usage **********************************
** Total highmark (MB):
    Sum-of-all :   860.12 | Avg :   107.52  | Max :   110.94
    Max at rank 5, different stages (MB):
	. symbfact           17.01
	. distribution      107.53
	. numfact            24.85
** NUMfact space (MB): (sum-of-all-processes)
    L\U :           66.14 |  Total :   192.55
	. max at rank 5, max L+U memory (MB):    10.34
	. max at rank 6, peak buffer (MB):       15.93
**************************************************

** number of Tiny Pivots:        0

**************************************************
**** Time (seconds) ****
	EQUIL time            0.038
	ROWPERM time          0.039
	COLPERM time          0.292
	SYMBFACT time         0.094
	DISTRIBUTE time       0.442
	FACTOR time           1.287
	Factor flops	7.127310e+08	Mflops 	  553.98
	SOLVE time            0.000
	REFINEMENT time       0.000	Steps       0

**************************************************
	SOLVE time            0.079
	Solve flops	1.544568e+07	Mflops 	  194.47
	REFINEMENT time       0.157	Steps       2

**************************************************
||Ax - b||_2 = 8.405611e-14
