	matrix dimension     82654
	nonzeros in A       574458
	nonzeros in L      3571424
	nonzeros in U      3571424
	nonzeros in L+U    7060194
	fill ratio            12.3
	nonzeros in LSUB   1291557

** Memory Usage **********************************
** Total highmark (MB):
    Sum-of-all :   859.47 | Avg :   107.43  | Max :   109.76
    Max at rank 7, different stages (MB):
	. symbfact           17.80
	. distribution      107.85
	. numfact            24.51
** NUMfact space (MB): (sum-of-all-processes)
    L\U :           61.36 |  Total :   189.56
	. max at rank 7, max L+U memory (MB):     9.47
	. max at rank 2, peak buffer (MB):       16.21
**************************************************

** number of Tiny Pivots:        0

**************************************************
**** Time (seconds) ****
	EQUIL time            0.034
	ROWPERM time          0.110
	COLPERM time          0.810
	SYMBFACT time         0.056
	DISTRIBUTE time       0.505
	FACTOR time           0.854
	Factor flops	5.560224e+08	Mflops 	  651.43
	SOLVE time            0.000
	REFINEMENT time       0.000	Steps       0

**************************************************
	SOLVE time            0.102
	Solve flops	1.412039e+07	Mflops 	  138.74
	REFINEMENT time       0.198	Steps       2

**************************************************
||Ax - b||_2 = 8.397762e-14
