	matrix dimension     82654
	nonzeros in A       574458
	nonzeros in L      3565181
	nonzeros in U      3565181
	nonzeros in L+U    7047708
	fill ratio            12.3
	nonzeros in LSUB   1276707

** Memory Usage **********************************
** Total highmark (MB):
    Sum-of-all :   858.43 | Avg :   107.30  | Max :   110.91
    Max at rank 5, different stages (MB):
	. symbfact           17.73
	. distribution      108.71
	. numfact            25.38
** NUMfact space (MB): (sum-of-all-processes)
    L\U :           61.14 |  Total :   188.63
	. max at rank 5, max L+U memory (MB):     9.59
	. max at rank 1, peak buffer (MB):       16.17
**************************************************

** number of Tiny Pivots:        0

**************************************************
**** Time (seconds) ****
	EQUIL time            0.017
	ROWPERM time          0.050
	COLPERM time          0.633
	SYMBFACT time         0.053
	DISTRIBUTE time       0.626
	FACTOR time           0.833
	Factor flops	5.435420e+08	Mflops 	  652.57
	SOLVE time            0.000
	REFINEMENT time       0.000	Steps       0

**************************************************
	SOLVE time            0.072
	Solve flops	1.409542e+07	Mflops 	  194.63
	REFINEMENT time       0.170	Steps       2

**************************************************
||Ax - b||_2 = 8.402292e-14
