	matrix dimension     82654
	nonzeros in A       574458
	nonzeros in L     127441608
	nonzeros in U     127441608
	nonzeros in L+U   254800562
	fill ratio           443.5
	nonzeros in LSUB  90481229

** Memory Usage **********************************
** Total highmark (MB):
    Sum-of-all :  8257.92 | Avg :  1032.24  | Max :  1107.91
    Max at rank 2, different stages (MB):
	. symbfact          592.56
	. distribution     1030.57
	. numfact           415.42
** NUMfact space (MB): (sum-of-all-processes)
    L\U :         2725.99 |  Total :  3344.54
	. max at rank 2, max L+U memory (MB):   414.04
	. max at rank 2, peak buffer (MB):       83.90
**************************************************

** number of Tiny Pivots:        0

**************************************************
**** Time (seconds) ****
	EQUIL time            0.021
	SYMBFACT time        17.211
	DISTRIBUTE time       6.827
	FACTOR time         624.120
	Factor flops	5.470367e+11	Mflops 	  876.49
	SOLVE time            0.000
	REFINEMENT time       0.000	Steps       0

**************************************************
	SOLVE time            3.529
	Solve flops	4.685634e+08	Mflops 	  132.76
	REFINEMENT time       6.989	Steps       2

**************************************************
||Ax - b||_2 = 7.216753e-14
