	matrix dimension    411676
	nonzeros in A      1893370
	nonzeros in L      4225257
	nonzeros in U      5074612
	nonzeros in L+U    8888193
	fill ratio             4.7
	nonzeros in LSUB   1136494

** Memory Usage **********************************
** Total highmark (MB):
    Sum-of-all :  3787.77 | Avg :   473.47  | Max :   485.16
    Max at rank 2, different stages (MB):
	. symbfact           53.31
	. distribution      484.43
	. numfact            28.39
** NUMfact space (MB): (sum-of-all-processes)
    L\U :           83.86 |  Total :   175.19
	. max at rank 2, max L+U memory (MB):    17.77
	. max at rank 7, peak buffer (MB):       11.42
**************************************************

** number of Tiny Pivots:        0

**************************************************
**** Time (seconds) ****
	EQUIL time            0.086
	ROWPERM time          0.146
	COLPERM time         50.721
	SYMBFACT time         0.110
	DISTRIBUTE time       6.173
	FACTOR time           5.239
	Factor flops	1.443844e+08	Mflops 	   27.56
	SOLVE time            0.000
	REFINEMENT time       0.000	Steps       0

**************************************************
	SOLVE time            0.337
	Solve flops	1.777639e+07	Mflops 	   52.77
	REFINEMENT time       1.168	Steps       3

**************************************************
||Ax - b||_2 = 2.610223e-08
