.. equilibrated? *equed = R
.. RowPerm 1	 time: 0.02
.. anorm 2.946273e+00
.. Use METIS ordering on A'+A
.. symbfact(): relax 30, maxsuper 256, fill 5
	matrix dimension    150102
	nonzeros in A       726674
	nonzeros in L      8934092
	nonzeros in U      8934092
	nonzeros in L+U   17718082
	fill ratio            24.4
	nonzeros in LSUB   3345331
	No of supers    16581
	Size of G(L)   719100
	Size of G(U)   568998
	int 4, short 2, float 4, double 8
	SYMBfact (MB):	L\U 18.66	total 24.06	expansions 0
.. # L blocks    17154	# U blocks    13238
MPI tag upper bound = 1073741823
.. Starting with 1 OpenMP threads 
 === using DAG ===
.. thresh = s_eps 5.960464e-08 * anorm 2.946273e+00 = 1.756116e-07
.. Buffer size: Lsub 449	Lval 84390	Usub 644	Uval 61696	LDA 439
max_ncols 435,  max_ldu 256, bigu_size   111360
	.. SUPERLU_MAX_BUFFER_SIZE 256000000 set for GPU
	.. SUPERLU_N_GEMM: 5000 flops of GEMM done on CPU (1st block always on CPU)
	.. GEMM buffer size: max_row_size X max_ncols = 439 x      435
[0].. BIG U size   111360 (on CPU)
[0].. BIG V size   198021 (on CPU)
  Max row size is 439 
  Threads per process 1 

Initialization time	  0.0049 seconds
	 Serial: compute static schedule, allocate storage

==== Time breakdown in factorization (rank 0) ====
Panel factorization 	   0.0248 seconds
.. L-panel pxgstrf2 	   0.0138 seconds
.. U-panel pxgstrs2 	   0.0111 seconds
Time in Look-ahead update 	   0.0139 seconds
Time in Schur update 		   0.0879 seconds
.. Time to Gather L buffer	   0.0034  (Separate L panel by Lookahead/Remain)
.. Time to Gather U buffer	   0.0046 
.. Time in GEMM   0.0329 
	* Look-ahead	   0.0025 
	* Remain	   0.0304	Flops 2.0465e+09	Gflops  67.3329
.. Time to Scatter   0.0445 
	* Look-ahead	   0.0006 
	* Remain	   0.0440 
Total factorization time            	:   0.1754 seconds, 
--------
GEMM maximum block: 391-196-377

** Memory Usage **********************************
.. dQuerySpace: peak_buffer 23.91 (MB)
	(P0) serial symbolic::stage[0]: symb_memory 24.06, GA_mem_use 9.32
	(P0) serial distribution::stage[1]:symb_LU 18.66, dist_mem_use 171.19, num_mem_usage.for_lu 27.68
** Total highmark (MB):
    Sum-of-all :  1658.46 | Avg :   207.31  | Max :   217.52
    Max at rank 0, different stages (MB):
	. symbfact           33.38
	. distribution      217.52
	. numfact            51.58
** NUMfact space (MB): (sum-of-all-processes)
    L\U :          159.78 |  Total :   343.01
	. max at rank 0, max L+U memory (MB):    27.68
	. max at rank 0, peak buffer (MB):       23.91
**************************************************

** number of Tiny Pivots:        0

.. DiagScale = 3
**************************************************
**** Time (seconds) ****
	EQUIL time            0.005
	ROWPERM time          0.017
	COLPERM time          0.494
	SYMBFACT time         0.044
	DISTRIBUTE time       0.154
	FACTOR time           0.180
	Factor flops	3.328928e+09	Mflops 	18451.52
	SOLVE time            0.000
	REFINEMENT time       0.000	Steps       0

**************************************************
.. anorm 2.946273e+00
num_thread:     1
( 0) .. Step        0: berr[j] = 9.099855e-16
num_thread:     1
( 0) .. Step        1: berr[j] = 1.715771e-16
num_thread:     1
( 0) .. Step        2: berr[j] = 1.888589e-16
.. DiagScale = 3
	SOLVE time            0.025
	Solve flops	3.543616e+07	Mflops 	 1430.38
	REFINEMENT time       0.054	Steps       2

**************************************************
||Ax - b||_2 = 1.189501e-10
