.. equilibrated? *equed = N
.. RowPerm 1	 time: 103.66
.. anorm 4.000000e+00
slurmstepd: error: Detected 2 oom_kill events in StepId=17134598.0. Some of the step tasks have been OOM Killed.
srun: error: nid001361: tasks 1,8,16,29: Out Of Memory
srun: Terminating StepId=17134598.0
slurmstepd: error: *** STEP 17134598.0 ON nid001361 CANCELLED AT 2026-04-01T01:26:52 ***
malloc(): mismatching next->prev_size (unsorted)
malloc(): mismatching next->prev_size (unsorted)
malloc(): mismatching next->prev_size (unsorted)
malloc(): mismatching next->prev_size (unsorted)
malloc(): mismatching next->prev_size (unsorted)
malloc(): mismatching next->prev_size (unsorted)
malloc(): mismatching next->prev_size (unsorted)
malloc(): mismatching next->prev_size (unsorted)
malloc(): mismatching next->prev_size (unsorted)
malloc(): mismatching next->prev_size (unsorted)
malloc(): mismatching next->prev_size (unsorted)
malloc(): mismatching next->prev_size (unsorted)
malloc(): mismatching next->prev_size (unsorted)
malloc(): mismatching next->prev_size (unsorted)
malloc(): mismatching next->prev_size (unsorted)
malloc(): mismatching next->prev_size (unsorted)
malloc(): mismatching next->prev_size (unsorted)
malloc(): mismatching next->prev_size (unsorted)
malloc(): mismatching next->prev_size (unsorted)
malloc(): mismatching next->prev_size (unsorted)
malloc(): mismatching next->prev_size (unsorted)
malloc(): mismatching next->prev_size (unsorted)
malloc(): mismatching next->prev_size (unsorted)
malloc(): mismatching next->prev_size (unsorted)
malloc(): mismatching next->prev_size (unsorted)
malloc(): mismatching next->prev_size (unsorted)
malloc(): mismatching next->prev_size (unsorted)
malloc(): mismatching next->prev_size (unsorted)
malloc(): mismatching next->prev_size (unsorted)
malloc(): mismatching next->prev_size (unsorted)
malloc(): mismatching next->prev_size (unsorted)
malloc(): mismatching next->prev_size (unsorted)
malloc(): mismatching next->prev_size (unsorted)
malloc(): mismatching next->prev_size (unsorted)
malloc(): mismatching next->prev_size (unsorted)
malloc(): mismatching next->prev_size (unsorted)
malloc(): mismatching next->prev_size (unsorted)
malloc(): mismatching next->prev_size (unsorted)
malloc(): mismatching next->prev_size (unsorted)
malloc(): mismatching next->prev_size (unsorted)
malloc(): mismatching next->prev_size (unsorted)
malloc(): mismatching next->prev_size (unsorted)
malloc(): mismatching next->prev_size (unsorted)
malloc(): mismatching next->prev_size (unsorted)
malloc(): mismatching next->prev_size (unsorted)
malloc(): mismatching next->prev_size (unsorted)
malloc(): mismatching next->prev_size (unsorted)
malloc(): mismatching next->prev_size (unsorted)
malloc(): mismatching next->prev_size (unsorted)
malloc(): mismatching next->prev_size (unsorted)
malloc(): mismatching next->prev_size (unsorted)
malloc(): mismatching next->prev_size (unsorted)
malloc(): mismatching next->prev_size (unsorted)
malloc(): mismatching next->prev_size (unsorted)
malloc(): mismatching next->prev_size (unsorted)
malloc(): mismatching next->prev_size (unsorted)
malloc(): mismatching next->prev_size (unsorted)
malloc(): mismatching next->prev_size (unsorted)
malloc(): mismatching next->prev_size (unsorted)
malloc(): mismatching next->prev_size (unsorted)
malloc(): mismatching next->prev_size (unsorted)
malloc(): mismatching next->prev_size (unsorted)
malloc(): mismatching next->prev_size (unsorted)
malloc(): mismatching next->prev_size (unsorted)
malloc(): mismatching next->prev_size (unsorted)
malloc(): mismatching next->prev_size (unsorted)
malloc(): mismatching next->prev_size (unsorted)
malloc(): mismatching next->prev_size (unsorted)
malloc(): mismatching next->prev_size (unsorted)
malloc(): mismatching next->prev_size (unsorted)
malloc(): mismatching next->prev_size (unsorted)
malloc(): mismatching next->prev_size (unsorted)
malloc(): mismatching next->prev_size (unsorted)
malloc(): mismatching next->prev_size (unsorted)
malloc(): mismatching next->prev_size (unsorted)
malloc(): mismatching next->prev_size (unsorted)
malloc(): mismatching next->prev_size (unsorted)
malloc(): mismatching next->prev_size (unsorted)
malloc(): mismatching next->prev_size (unsorted)
malloc(): mismatching next->prev_size (unsorted)
malloc(): mismatching next->prev_size (unsorted)
malloc(): mismatching next->prev_size (unsorted)
malloc(): mismatching next->prev_size (unsorted)
malloc(): mismatching next->prev_size (unsorted)
malloc(): mismatching next->prev_size (unsorted)
malloc(): mismatching next->prev_size (unsorted)
malloc(): mismatching next->prev_size (unsorted)
malloc(): mismatching next->prev_size (unsorted)
malloc(): mismatching next->prev_size (unsorted)
malloc(): mismatching next->prev_size (unsorted)
malloc(): mismatching next->prev_size (unsorted)
malloc(): mismatching next->prev_size (unsorted)
malloc(): mismatching next->prev_size (unsorted)
malloc(): mismatching next->prev_size (unsorted)
malloc(): mismatching next->prev_size (unsorted)
malloc(): mismatching next->prev_size (unsorted)
malloc(): mismatching next->prev_size (unsorted)
malloc(): mismatching next->prev_size (unsorted)
malloc(): mismatching next->prev_size (unsorted)
malloc(): mismatching next->prev_size (unsorted)
malloc(): mismatching next->prev_size (unsorted)
malloc(): mismatching next->prev_size (unsorted)
malloc(): mismatching next->prev_size (unsorted)
malloc(): mismatching next->prev_size (unsorted)
malloc(): mismatching next->prev_size (unsorted)
malloc(): mismatching next->prev_size (unsorted)
malloc(): mismatching next->prev_size (unsorted)
malloc(): mismatching next->prev_size (unsorted)
malloc(): mismatching next->prev_size (unsorted)
malloc(): mismatching next->prev_size (unsorted)
malloc(): mismatching next->prev_size (unsorted)
malloc(): mismatching next->prev_size (unsorted)
malloc(): mismatching next->prev_size (unsorted)
malloc(): mismatching next->prev_size (unsorted)
malloc(): mismatching next->prev_size (unsorted)
malloc(): mismatching next->prev_size (unsorted)
malloc(): mismatching next->prev_size (unsorted)
malloc(): mismatching next->prev_size (unsorted)
malloc(): mismatching next->prev_size (unsorted)
malloc(): mismatching next->prev_size (unsorted)
malloc(): mismatching next->prev_size (unsorted)
malloc(): mismatching next->prev_size (unsorted)
malloc(): mismatching next->prev_size (unsorted)
malloc(): mismatching next->prev_size (unsorted)
