[4]PETSC ERROR: ------------------------------------------------------------------------
[4]PETSC ERROR: Caught signal number 11 SEGV: Segmentation Violation, probably memory access out of range
[4]PETSC ERROR: Try option -start_in_debugger or -on_error_attach_debugger
[4]PETSC ERROR: or see https://petsc.org/release/faq/#valgrind and https://petsc.org/release/faq/
[4]PETSC ERROR: configure using --with-debugging=yes, recompile, link, and run 
[4]PETSC ERROR: to get more information on the crash.
[4]PETSC ERROR: Run with -malloc_debug to check if memory corruption is causing the crash.
MPICH ERROR [Rank 4] [job id 17190529.0] [Sat Apr  4 15:04:04 2026] [nid001220] - Abort(59) (rank 4 in comm 0): application called MPI_Abort(MPI_COMM_WORLD, 59) - process 4

aborting job:
application called MPI_Abort(MPI_COMM_WORLD, 59) - process 4
srun: error: nid001220: task 4: Exited with exit code 15
srun: Terminating StepId=17190529.0
slurmstepd: error: *** STEP 17190529.0 ON nid001220 CANCELLED AT 2026-04-04T15:04:04 ***
[0]PETSC ERROR: ------------------------------------------------------------------------
[0]PETSC ERROR: Caught signal number 15 Terminate: Some process (or the batch system) has told this process to end
[0]PETSC ERROR: Try option -start_in_debugger or -on_error_attach_debugger
[0]PETSC ERROR: or see https://petsc.org/release/faq/#valgrind and https://petsc.org/release/faq/
[0]PETSC ERROR: configure using --with-debugging=yes, recompile, link, and run 
[0]PETSC ERROR: to get more information on the crash.
MPICH ERROR [Rank 0] [job id 17190529.0] [Sat Apr  4 15:04:04 2026] [nid001220] - Abort(59) (rank 0 in comm 0): application called MPI_Abort(MPI_COMM_WORLD, 59) - process 0

aborting job:
application called MPI_Abort(MPI_COMM_WORLD, 59) - process 0
srun: error: nid001220: task 0: Exited with exit code 15
[5]PETSC ERROR: ------------------------------------------------------------------------
[5]PETSC ERROR: Caught signal number 15 Terminate: Some process (or the batch system) has told this process to end
[5]PETSC ERROR: Try option -start_in_debugger or -on_error_attach_debugger
[5]PETSC ERROR: or see https://petsc.org/release/faq/#valgrind and https://petsc.org/release/faq/
[5]PETSC ERROR: configure using --with-debugging=yes, recompile, link, and run 
[5]PETSC ERROR: to get more information on the crash.
MPICH ERROR [Rank 5] [job id 17190529.0] [Sat Apr  4 15:04:05 2026] [nid001220] - Abort(59) (rank 5 in comm 0): application called MPI_Abort(MPI_COMM_WORLD, 59) - process 5

aborting job:
application called MPI_Abort(MPI_COMM_WORLD, 59) - process 5
[1]PETSC ERROR: ------------------------------------------------------------------------
[1]PETSC ERROR: Caught signal number 15 Terminate: Some process (or the batch system) has told this process to end
[1]PETSC ERROR: Try option -start_in_debugger or -on_error_attach_debugger
[1]PETSC ERROR: or see https://petsc.org/release/faq/#valgrind and https://petsc.org/release/faq/
[1]PETSC ERROR: configure using --with-debugging=yes, recompile, link, and run 
[1]PETSC ERROR: to get more information on the crash.
MPICH ERROR [Rank 1] [job id 17190529.0] [Sat Apr  4 15:04:05 2026] [nid001220] - Abort(59) (rank 1 in comm 0): application called MPI_Abort(MPI_COMM_WORLD, 59) - process 1

aborting job:
application called MPI_Abort(MPI_COMM_WORLD, 59) - process 1
srun: error: nid001220: tasks 1,5: Exited with exit code 15
[2]PETSC ERROR: ------------------------------------------------------------------------
[2]PETSC ERROR: Caught signal number 15 Terminate: Some process (or the batch system) has told this process to end
[2]PETSC ERROR: Try option -start_in_debugger or -on_error_attach_debugger
[2]PETSC ERROR: or see https://petsc.org/release/faq/#valgrind and https://petsc.org/release/faq/
[2]PETSC ERROR: configure using --with-debugging=yes, recompile, link, and run 
[6]PETSC ERROR: ------------------------------------------------------------------------
[6]PETSC ERROR: Caught signal number 15 Terminate: Some process (or the batch system) has told this process to end
[2]PETSC ERROR: to get more information on the crash.
MPICH ERROR [Rank 2] [job id 17190529.0] [Sat Apr  4 15:04:06 2026] [nid001220] - Abort(59) (rank 2 in comm 0): application called MPI_Abort(MPI_COMM_WORLD, 59) - process 2
[6]PETSC ERROR: Try option -start_in_debugger or -on_error_attach_debugger
[6]PETSC ERROR: or see https://petsc.org/release/faq/#valgrind and https://petsc.org/release/faq/
[6]PETSC ERROR: configure using --with-debugging=yes, recompile, link, and run 
[6]PETSC ERROR: to get more information on the crash.

aborting job:
application called MPI_Abort(MPI_COMM_WORLD, 59) - process 2
MPICH ERROR [Rank 6] [job id 17190529.0] [Sat Apr  4 15:04:06 2026] [nid001220] - Abort(59) (rank 6 in comm 0): application called MPI_Abort(MPI_COMM_WORLD, 59) - process 6

aborting job:
application called MPI_Abort(MPI_COMM_WORLD, 59) - process 6
srun: error: nid001220: tasks 2,6: Exited with exit code 15
[7]PETSC ERROR: ------------------------------------------------------------------------
[7]PETSC ERROR: Caught signal number 15 Terminate: Some process (or the batch system) has told this process to end
[7]PETSC ERROR: Try option -start_in_debugger or -on_error_attach_debugger
[7]PETSC ERROR: or see https://petsc.org/release/faq/#valgrind and https://petsc.org/release/faq/
[7]PETSC ERROR: configure using --with-debugging=yes, recompile, link, and run 
[7]PETSC ERROR: to get more information on the crash.
MPICH ERROR [Rank 7] [job id 17190529.0] [Sat Apr  4 15:04:07 2026] [nid001220] - Abort(59) (rank 7 in comm 0): application called MPI_Abort(MPI_COMM_WORLD, 59) - process 7

aborting job:
application called MPI_Abort(MPI_COMM_WORLD, 59) - process 7
[3]PETSC ERROR: ------------------------------------------------------------------------
[3]PETSC ERROR: Caught signal number 15 Terminate: Some process (or the batch system) has told this process to end
[3]PETSC ERROR: Try option -start_in_debugger or -on_error_attach_debugger
[3]PETSC ERROR: or see https://petsc.org/release/faq/#valgrind and https://petsc.org/release/faq/
[3]PETSC ERROR: configure using --with-debugging=yes, recompile, link, and run 
[3]PETSC ERROR: to get more information on the crash.
MPICH ERROR [Rank 3] [job id 17190529.0] [Sat Apr  4 15:04:07 2026] [nid001220] - Abort(59) (rank 3 in comm 0): application called MPI_Abort(MPI_COMM_WORLD, 59) - process 3

aborting job:
application called MPI_Abort(MPI_COMM_WORLD, 59) - process 3
srun: error: nid001220: tasks 3,7: Exited with exit code 15
