
Entering DMUMPS 5.8.1 from C interface with JOB, N =   1      112211
      executing #MPI =     16, without OMP

Advanced settings:
   KEEP(370) Static mapping              =         1
   KEEP(371) Advanced optimizations      =         0

 =================================================
  MUMPS compiled with option -DAVOID_MPI_IN_PLACE
 MUMPS compiled with option -Dmetis
 MUMPS compiled with option -Dparmetis
 MUMPS compiled with option -Dpord
 MUMPS compiled with option -Dptscotch
 MUMPS compiled with option -Dscotch
 =================================================
L U Solver for unsymmetric matrices
Type of parallelism: Working host

 ****** ANALYSIS STEP ********

 ** Maximum transversal (ICNTL(6)) not allowed because matrix is distributed
 Processing a graph of size:    112211 with        648420 edges
 Ordering based on PORD 
 WARNING: Largest root node of size       598 not selected for parallel execution

Leaving analysis phase with  ...
 INFOG(1)                                       =               0
 INFOG(2)                                       =               0
 -- (20) Number of entries in factors (estim.)  =        39972511
 --  (3) Real space for factors    (estimated)  =        40124410
 --  (4) Integer space for factors (estimated)  =         1218384
 --  (5) Maximum frontal size      (estimated)  =            1587
 --  (6) Number of nodes in the tree            =           10973
 -- (32) Type of analysis effectively used      =               1
 --  (7) Ordering option effectively used       =               4
 ICNTL (6) Maximum transversal option           =               0
 ICNTL (7) Pivot order option                   =               4
 ICNTL(12) Ordering symmetric indef. matrices   =               1
 ICNTL(13) Parallelism/splitting of root node   =               0
 ICNTL(14) Percentage of memory relaxation      =              30
 ICNTL(15) Analysis by block effectively used   =               0
 ICNTL(18) Distributed input matrix (on if >0)  =               3
 ICNTL(32) Forward elimination during facto.    =               0
 ICNTL(35) BLR activation                       =               0
 ICNTL(48) Tree based multithreading (effective)=               0
 ICNTL(58) Symbolic factorization option        =               2
 Number of level 2 nodes                        =              19
 Number of split nodes                          =               2
 RINFOG(1) Operations during elimination (estim)= 2.312E+10
 Distributed matrix entry format (ICNTL(18))    =               3

 MEMORY ESTIMATIONS ... 
 Estimations with standard Full-Rank (FR) factorization:
    Maximum estim. space in Mbytes, IC facto.    (INFOG(16)):             148
    Total space in MBytes, IC factorization      (INFOG(17)):            1882
    Maximum estim. space in Mbytes, OOC facto.   (INFOG(26)):             113
    Total space in MBytes,  OOC factorization    (INFOG(27)):            1649

 Elapsed time in analysis driver=       0.9828

Entering DMUMPS 5.8.1 from C interface with JOB, N =   2      112211
      executing #MPI =     16, without OMP

Advanced settings:
   KEEP(370) Static mapping              =         1
   KEEP(371) Advanced optimizations      =         0



****** FACTORIZATION STEP ********

 GLOBAL STATISTICS PRIOR NUMERICAL FACTORIZATION ...
 Number of working processes                =              16
 ICNTL(22) Out-of-core option               =               0
 ICNTL(35) BLR activation (eff. choice)     =               0
 ICNTL(37) BLR CB compression (eff. choice) =               0
 ICNTL(49) Compact workarray S (end facto.) =               0
 ICNTL(56) Effective value during facto.    =               0
 ICNTL(14) Memory relaxation                =              30
 INFOG(3) Real space for factors (estimated)=        40124410
 INFOG(4) Integer space for factors (estim.)=         1218384
 Maximum frontal size (estimated)           =            1587
 Number of nodes in the tree                =           10973
 ICNTL(23) Memory allowed (value on host)   =               0
           Sum over all procs               =               0
 Memory provided by user, sum of LWK_USER   =               0
 Effective threshold for pivoting, CNTL(1)  =      0.1000E-01

 Statistics on the scaling phase
 Elapsed time for scaling                   =      0.0133
 Max difference from 1 after scaling the entries for ONE-NORM (option 7/8)   = 0.39E+00

 Average Effective size of S     (based on INFO(39))=              3916294

 Redistrib: total data local/sent           =            2244          773732
 Elapsed time to reformat/distribute matrix =      0.0088


 Allocated buffers
 ------------------
 Size of reception buffer in bytes ...... =      1522048
 Size of async. emission buffer (bytes).. =      4581364
 Small emission buffer (bytes) .......... =         5500
 ** Memory allocated, max in Mbytes             (INFOG(18)):         148

 ** Memory allocated, total in Mbytes           (INFOG(19)):        1882
 ** Memory effectively used, max in  Mbytes     (INFOG(21)):         137
 ** Memory effectively used, total in Mbytes    (INFOG(22)):        1749

 Elapsed time for factorization                     =      0.2091

Leaving factorization with ...
 RINFOG (2) Operations in node assembly             = 6.328E+07
 ------ (3) Operations in node elimination          = 2.311E+10
 ICNTL  (8) Scaling effectively used                =               7
 INFOG  (9) Real space for factors                  =        39972113
 INFOG (10) Integer space for factors               =         1219733
 INFOG (11) Maximum front size                      =            1587
 INFOG (29) Number of entries in factors            =        39972113
 INFOG (12) Number of off diagonal pivots           =               5
 INFOG (13) Number of delayed pivots                =               0
 RINFOG(19) Smallest pivot WITH perturbed pivots    = 1.188E-04
 RINFOG(20) Smallest pivot WITHOUT perturbed pivots = 1.188E-04
 RINFOG(21) Largest pivot in absolute value         = 2.938E+01
 INFOG (24) Effective value of ICNTL(12)            =               1
 INFOG (14) Number of memory compress               =              11

 Elapsed time in factorization driver               =      0.2419

Entering DMUMPS 5.8.1 from C interface with JOB, N =   3      112211
      executing #MPI =     16, without OMP

Advanced settings:
   KEEP(370) Static mapping              =         1
   KEEP(371) Advanced optimizations      =         0



 ****** SOLVE & CHECK STEP ********

 GLOBAL STATISTICS PRIOR SOLVE PHASE ...........
 Number of right-hand-sides                    =           1
 Blocking factor for multiple rhs              =           1
 ICNTL (9)                                     =           1
  --- (10)                                     =           0
  --- (11)                                     =           0
  --- (20)                                     =           0
  --- (21)                                     =           1
  --- (30)                                     =           0
  --- (35)                                     =           0
  --- (48) (effective)                         =           0
 ** Rank of processor needing largest memory in solve     :         0
 ** Space in MBYTES used by this processor for solve      :        68
 ** Avg. Space in MBYTES per working proc during solve    :        36
 
 Leaving solve with ...
 Time to build/scatter RHS        =       0.005977
 Time in solution step (fwd/bwd)  =       0.019229
  .. Time in forward (fwd) step   =          0.009123
  .. Time in backward (bwd) step  =          0.009855
 Time to gather solution(cent.sol)=       0.000000
 Time for distributed solution    =       0.000074

 Elapsed time in solve driver=       0.0462

Entering DMUMPS 5.8.1 from C interface with JOB =  -2
      executing #MPI =     16, without OMP
||Ax - b||_2 = 2.169961e-10
