
Entering DMUMPS 5.8.1 from C interface with JOB, N =   1      112211
      executing #MPI =     16, without OMP

Advanced settings:
   KEEP(370) Static mapping              =         1
   KEEP(371) Advanced optimizations      =         0

 =================================================
  MUMPS compiled with option -DAVOID_MPI_IN_PLACE
 MUMPS compiled with option -Dmetis
 MUMPS compiled with option -Dparmetis
 MUMPS compiled with option -Dpord
 MUMPS compiled with option -Dptscotch
 MUMPS compiled with option -Dscotch
 =================================================
L U Solver for unsymmetric matrices
Type of parallelism: Working host

 ****** ANALYSIS STEP ********

 ** Maximum transversal (ICNTL(6)) not allowed because matrix is distributed
 Processing a graph of size:    112211 with        648420 edges
 Ordering based on QAMD 
 A root of estimated size  2254  has been selected for Scalapack.

Leaving analysis phase with  ...
 INFOG(1)                                       =               0
 INFOG(2)                                       =               0
 -- (20) Number of entries in factors (estim.)  =        61377395
 --  (3) Real space for factors    (estimated)  =        61460648
 --  (4) Integer space for factors (estimated)  =         1187630
 --  (5) Maximum frontal size      (estimated)  =            2299
 --  (6) Number of nodes in the tree            =            6981
 -- (32) Type of analysis effectively used      =               1
 --  (7) Ordering option effectively used       =               6
 ICNTL (6) Maximum transversal option           =               0
 ICNTL (7) Pivot order option                   =               6
 ICNTL(12) Ordering symmetric indef. matrices   =               1
 ICNTL(13) Parallelism/splitting of root node   =               0
 ICNTL(14) Percentage of memory relaxation      =              30
 ICNTL(15) Analysis by block effectively used   =               0
 ICNTL(18) Distributed input matrix (on if >0)  =               3
 ICNTL(32) Forward elimination during facto.    =               0
 ICNTL(35) BLR activation                       =               0
 ICNTL(48) Tree based multithreading (effective)=               0
 ICNTL(58) Symbolic factorization option        =               2
 Number of level 2 nodes                        =              26
 Number of split nodes                          =               4
 RINFOG(1) Operations during elimination (estim)= 6.002E+10
 Distributed matrix entry format (ICNTL(18))    =               3

 MEMORY ESTIMATIONS ... 
 Estimations with standard Full-Rank (FR) factorization:
    Maximum estim. space in Mbytes, IC facto.    (INFOG(16)):             190
    Total space in MBytes, IC factorization      (INFOG(17)):            2310
    Maximum estim. space in Mbytes, OOC facto.   (INFOG(26)):             151
    Total space in MBytes,  OOC factorization    (INFOG(27)):            1971

 Elapsed time in analysis driver=       0.1075

Entering DMUMPS 5.8.1 from C interface with JOB, N =   2      112211
      executing #MPI =     16, without OMP

Advanced settings:
   KEEP(370) Static mapping              =         1
   KEEP(371) Advanced optimizations      =         0



****** FACTORIZATION STEP ********

 GLOBAL STATISTICS PRIOR NUMERICAL FACTORIZATION ...
 Number of working processes                =              16
 ICNTL(22) Out-of-core option               =               0
 ICNTL(35) BLR activation (eff. choice)     =               0
 ICNTL(37) BLR CB compression (eff. choice) =               0
 ICNTL(49) Compact workarray S (end facto.) =               0
 ICNTL(56) Effective value during facto.    =               0
 ICNTL(14) Memory relaxation                =              30
 INFOG(3) Real space for factors (estimated)=        61460648
 INFOG(4) Integer space for factors (estim.)=         1187630
 Maximum frontal size (estimated)           =            2299
 Number of nodes in the tree                =            6981
 ICNTL(23) Memory allowed (value on host)   =               0
           Sum over all procs               =               0
 Memory provided by user, sum of LWK_USER   =               0
 Effective threshold for pivoting, CNTL(1)  =      0.1000E-01

 Statistics on the scaling phase
 Elapsed time for scaling                   =      0.0134
 Max difference from 1 after scaling the entries for ONE-NORM (option 7/8)   = 0.39E+00

 Average Effective size of S     (based on INFO(39))=              7222501

 Redistrib: total data local/sent           =            1681          759400
 Elapsed time to reformat/distribute matrix =      0.0101


 Allocated buffers
 ------------------
 Size of reception buffer in bytes ...... =      1528600
 Size of async. emission buffer (bytes).. =      4601081
 Small emission buffer (bytes) .......... =         6712
 ** Memory allocated, max in Mbytes             (INFOG(18)):         190

 ** Memory allocated, total in Mbytes           (INFOG(19)):        2310
 ** Memory effectively used, max in  Mbytes     (INFOG(21)):         165
 ** Memory effectively used, total in Mbytes    (INFOG(22)):        2064

 Elapsed time to process root node                  =      0.0438

 Elapsed time for factorization                     =      0.2642

Leaving factorization with ...
 RINFOG (2) Operations in node assembly             = 1.185E+08
 ------ (3) Operations in node elimination          = 6.002E+10
 ICNTL  (8) Scaling effectively used                =               7
 INFOG  (9) Real space for factors                  =        61381321
 INFOG (10) Integer space for factors               =         1188683
 INFOG (11) Maximum front size                      =            2299
 INFOG (29) Number of entries in factors            =        61381321
 INFOG (12) Number of off diagonal pivots           =              11
 INFOG (13) Number of delayed pivots                =               7
 RINFOG(19) Smallest pivot WITH perturbed pivots    = 1.822E-04
 RINFOG(20) Smallest pivot WITHOUT perturbed pivots = 1.822E-04
 RINFOG(21) Largest pivot in absolute value         = 6.143E+01
 INFOG (24) Effective value of ICNTL(12)            =               1
 INFOG (14) Number of memory compress               =              11

 Elapsed time in factorization driver               =      0.2987

Entering DMUMPS 5.8.1 from C interface with JOB, N =   3      112211
      executing #MPI =     16, without OMP

Advanced settings:
   KEEP(370) Static mapping              =         1
   KEEP(371) Advanced optimizations      =         0



 ****** SOLVE & CHECK STEP ********

 GLOBAL STATISTICS PRIOR SOLVE PHASE ...........
 Number of right-hand-sides                    =           1
 Blocking factor for multiple rhs              =           1
 ICNTL (9)                                     =           1
  --- (10)                                     =           0
  --- (11)                                     =           0
  --- (20)                                     =           0
  --- (21)                                     =           1
  --- (30)                                     =           0
  --- (35)                                     =           0
  --- (48) (effective)                         =           0
 ** Rank of processor needing largest memory in solve     :        13
 ** Space in MBYTES used by this processor for solve      :       109
 ** Avg. Space in MBYTES per working proc during solve    :        63
 
 Leaving solve with ...
 Time to build/scatter RHS        =       0.001838
 Time in solution step (fwd/bwd)  =       0.011495
  .. Time in forward (fwd) step   =          0.004284
  .. Time in ScaLAPACK root       =          0.001382
  .. Time in backward (bwd) step  =          0.005623
 Time to gather solution(cent.sol)=       0.000000
 Time for distributed solution    =       0.000115

 Elapsed time in solve driver=       0.0156

Entering DMUMPS 5.8.1 from C interface with JOB =  -2
      executing #MPI =     16, without OMP
||Ax - b||_2 = 1.997727e-10
