ischedInit: The thread number has been automatically set to 1
ischedInit: The thread number has been automatically set to 1
ischedInit: The thread number has been automatically set to 1
ischedInit: The thread number has been automatically set to 1
ischedInit: The thread number has been automatically set to 1
ischedInit: The thread number has been automatically set to 1
ischedInit: The thread number has been automatically set to 1
ischedInit: The thread number has been automatically set to 1
ischedInit: The thread number has been automatically set to 1
ischedInit: The thread number has been automatically set to 1
ischedInit: The thread number has been automatically set to 1
ischedInit: The thread number has been automatically set to 1
ischedInit: The thread number has been automatically set to 1
ischedInit: The thread number has been automatically set to 1
ischedInit: The thread number has been automatically set to 1
ischedInit: The thread number has been automatically set to 1
+-------------------------------------------------+
+     PaStiX : Parallel Sparse matriX package     +
+-------------------------------------------------+
  Version:                                   6.4.0
  Schedulers:
    sequential:                            Enabled
    thread static:                         Started
    thread dynamic:                        Started
    PaRSEC:                               Disabled
    StarPU:                               Disabled
  Number of MPI processes:                      16
  Number of threads per process:                 1
  Number of GPUs:                                0
  MPI communication support:              PastixMpiThreadFunneled
  Distribution level:                     2D( 160)
  Blocking size (min/max):              160 /  320
  Computational models
    CPU:              AMD Opteron 6180 - Intel MKL
    GPU:             Nvidia K40 GK1108L - CUDA 8.0
  Low rank parameters:
    Strategy                        No compression
+-------------------------------------------------+
  Ordering subtask :
    Prepare graph structure:
      Sort row indexes in each column
      Removing diagonal elements
    Ordering method is: Metis
    Time to compute ordering              1.173346e+00 s
+-------------------------------------------------+
  Symbolic factorization subtask:
    Symbol factorization using: Fax Direct
    Symbol Matrix statistics:
      Number of cblk                         20158
      Number of blok                        190413
      Cblk width min                             2
      Cblk width max                           765
      Cblk width avg                          7.28
      Cblk width stdev                        8.35
      Blok height min                            1
      Blok height max                          206
      Blok height avg                         2.55
      Blok height stdev                       3.69
      Memory space                            4.32 Mo
    Number of nonzeroes in L structure     7445392
    Fill-in of L                          2.047322
    Time to compute symbol matrix         2.796302e-02 s
+-------------------------------------------------+
  Reordering subtask:
    Split level                                  0
    Stoping criterion                           -1
    Time for reordering                   1.039222e-01 s
+-------------------------------------------------+
  Mapping/Scheduling subtask:
OUTPUTDIR: pastix-K1MV2X
    Number of cluster                           16
    Number of processor per cluster              1
    Number of thread per MPI process             1
    Symbol Matrix statistics:
      Number of cblk                         20160
      Number of blok                         81605
      Cblk width min                             2
      Cblk width max                           270
      Cblk width avg                          7.28
      Cblk width stdev                        7.10
      Blok height min                            1
      Blok height max                          270
      Blok height avg                         5.95
      Blok height stdev                       7.22
      Memory space                            2.25 Mo
    Symbol split done in                  1.363445e-03 s
    Elimination tree built in             2.009300e-04 s
    Cost matrix built in                  1.122608e-03 s
    Estimated total cost of the etree     5.639455e-01 s
    Estimated critical path of the etree  0.000000e+00 s
    Proportional mapping done in          2.082640e-04 s
    Simulation structures built in        9.628580e-04 s
    Number of tasks found                    20160
    Simulation done in                    1.162869e-02 s
    Solver built in                       4.746308e-03 s
    Number of non-zeroes in blocked L     14890784
    Fill-in                               4.094644
    Number of operations in full-rank: LU        2.17 GFlops
    Prediction:
      Model                              AMD 6180  MKL
      Time to factorize                   1.902712e-01 s
    Time for mapping/scheduling           2.543227e-02 s
+-------------------------------------------------+
  Analyze task:
    Total time for analyze                1.340149e+00 s
+-------------------------------------------------+
  Factorization task:
    Factorization used: LU
    ||A||_2  =                            6.316504e+02
    Time to initialize internal csc       3.142009e-02 s
    Time to initialize coeftab            6.181903e-03 s
    Time to factorize                     4.746405e-02 s (45.72 GFlop/s)
    Number of operations                       -4895433743.00  Flops
    Number of static pivots                      0
    Memory usage of coeftab                       4.67 Mo
    Time to solve                         4.033806e-03 s
    Time for refinement                   3.325993e-03 s
||Ax - b||_2 = 1.366813e-13
