
Entering DMUMPS 5.8.1 from C interface with JOB, N =   1      146689
      executing #MPI =     16, without OMP

Advanced settings:
   KEEP(370) Static mapping              =         1
   KEEP(371) Advanced optimizations      =         0

 =================================================
  MUMPS compiled with option -DAVOID_MPI_IN_PLACE
 MUMPS compiled with option -Dmetis
 MUMPS compiled with option -Dparmetis
 MUMPS compiled with option -Dpord
 MUMPS compiled with option -Dptscotch
 MUMPS compiled with option -Dscotch
 =================================================
L U Solver for unsymmetric matrices
Type of parallelism: Working host

 ****** ANALYSIS STEP ********

 ** Maximum transversal (ICNTL(6)) not allowed because matrix is distributed
 Parallel analysis, processing a graph of size:    146689
 Using PT-SCOTCH for parallel ordering
 ELAPSED time in parallel ordering       =      0.3376
 A root of estimated size  823  has been selected for Scalapack.

Leaving analysis phase with  ...
 INFOG(1)                                       =               0
 INFOG(2)                                       =               0
 -- (20) Number of entries in factors (estim.)  =        20736089
 --  (3) Real space for factors    (estimated)  =        20764889
 --  (4) Integer space for factors (estimated)  =         1138479
 --  (5) Maximum frontal size      (estimated)  =            1262
 --  (6) Number of nodes in the tree            =            8169
 -- (32) Type of analysis effectively used      =               2
 --  (7) Ordering option effectively used       =               1
 ICNTL (6) Maximum transversal option           =               0
 ICNTL (7) Pivot order option                   =               6
 ICNTL(12) Ordering symmetric indef. matrices   =               1
 ICNTL(13) Parallelism/splitting of root node   =               0
 ICNTL(14) Percentage of memory relaxation      =             200
 ICNTL(15) Analysis by block effectively used   =               0
 ICNTL(18) Distributed input matrix (on if >0)  =               3
 ICNTL(32) Forward elimination during facto.    =               0
 ICNTL(35) BLR activation                       =               0
 ICNTL(48) Tree based multithreading (effective)=               0
 ICNTL(58) Symbolic factorization option        =               2
 Number of level 2 nodes                        =               3
 Number of split nodes                          =               2
 RINFOG(1) Operations during elimination (estim)= 4.514E+09
 Distributed matrix entry format (ICNTL(18))    =               3

 MEMORY ESTIMATIONS ... 
 Estimations with standard Full-Rank (FR) factorization:
    Maximum estim. space in Mbytes, IC facto.    (INFOG(16)):             159
    Total space in MBytes, IC factorization      (INFOG(17)):            2078
    Maximum estim. space in Mbytes, OOC facto.   (INFOG(26)):             130
    Total space in MBytes,  OOC factorization    (INFOG(27)):            1818

 Elapsed time in analysis driver=       0.4910

Entering DMUMPS 5.8.1 from C interface with JOB, N =   2      146689
      executing #MPI =     16, without OMP

Advanced settings:
   KEEP(370) Static mapping              =         1
   KEEP(371) Advanced optimizations      =         0



****** FACTORIZATION STEP ********

 GLOBAL STATISTICS PRIOR NUMERICAL FACTORIZATION ...
 Number of working processes                =              16
 ICNTL(22) Out-of-core option               =               0
 ICNTL(35) BLR activation (eff. choice)     =               0
 ICNTL(37) BLR CB compression (eff. choice) =               0
 ICNTL(49) Compact workarray S (end facto.) =               0
 ICNTL(56) Effective value during facto.    =               0
 ICNTL(14) Memory relaxation                =             200
 INFOG(3) Real space for factors (estimated)=        20764889
 INFOG(4) Integer space for factors (estim.)=         1138479
 Maximum frontal size (estimated)           =            1262
 Number of nodes in the tree                =            8169
 ICNTL(23) Memory allowed (value on host)   =               0
           Sum over all procs               =               0
 Memory provided by user, sum of LWK_USER   =               0
 Effective threshold for pivoting, CNTL(1)  =      0.1000E-01

 Statistics on the scaling phase
 Elapsed time for scaling                   =      0.0352
 Max difference from 1 after scaling the entries for ONE-NORM (option 7/8)   = 0.60E-01

 Average Effective size of S     (based on INFO(39))=              5061998

 Redistrib: total data local/sent           =          231306         3435223
 Elapsed time to reformat/distribute matrix =      0.0345


 Allocated buffers
 ------------------
 Size of reception buffer in bytes ...... =      2641840
 Size of async. emission buffer (bytes).. =      7951938
 Small emission buffer (bytes) .......... =         6252
 ** Memory allocated, max in Mbytes             (INFOG(18)):         159

 ** Memory allocated, total in Mbytes           (INFOG(19)):        2078
 ** Memory effectively used, max in  Mbytes     (INFOG(21)):         112
 ** Memory effectively used, total in Mbytes    (INFOG(22)):        1631

 Elapsed time to process root node                  =      0.0536

 Elapsed time for factorization                     =      0.0978

Leaving factorization with ...
 RINFOG (2) Operations in node assembly             = 2.486E+07
 ------ (3) Operations in node elimination          = 4.514E+09
 ICNTL  (8) Scaling effectively used                =               7
 INFOG  (9) Real space for factors                  =        20736089
 INFOG (10) Integer space for factors               =         1138719
 INFOG (11) Maximum front size                      =            1262
 INFOG (29) Number of entries in factors            =        20736089
 INFOG (12) Number of off diagonal pivots           =               0
 INFOG (13) Number of delayed pivots                =               0
 RINFOG(19) Smallest pivot WITH perturbed pivots    = 6.896E-02
 RINFOG(20) Smallest pivot WITHOUT perturbed pivots = 6.896E-02
 RINFOG(21) Largest pivot in absolute value         = 7.574E-01
 INFOG (24) Effective value of ICNTL(12)            =               1
 INFOG (14) Number of memory compress               =               0

 Elapsed time in factorization driver               =      0.1804

Entering DMUMPS 5.8.1 from C interface with JOB, N =   3      146689
      executing #MPI =     16, without OMP

Advanced settings:
   KEEP(370) Static mapping              =         1
   KEEP(371) Advanced optimizations      =         0



 ****** SOLVE & CHECK STEP ********

 GLOBAL STATISTICS PRIOR SOLVE PHASE ...........
 Number of right-hand-sides                    =           1
 Blocking factor for multiple rhs              =           1
 ICNTL (9)                                     =           1
  --- (10)                                     =           0
  --- (11)                                     =           0
  --- (20)                                     =           0
  --- (21)                                     =           1
  --- (30)                                     =           0
  --- (35)                                     =           0
  --- (48) (effective)                         =           0
 ** Rank of processor needing largest memory in solve     :         0
 ** Space in MBYTES used by this processor for solve      :        79
 ** Avg. Space in MBYTES per working proc during solve    :        48
 
 Leaving solve with ...
 Time to build/scatter RHS        =       0.002151
 Time in solution step (fwd/bwd)  =       0.005340
  .. Time in forward (fwd) step   =          0.001932
  .. Time in ScaLAPACK root       =          0.000787
  .. Time in backward (bwd) step  =          0.002466
 Time to gather solution(cent.sol)=       0.000000
 Time for distributed solution    =       0.000099

 Elapsed time in solve driver=       0.0097

Entering DMUMPS 5.8.1 from C interface with JOB =  -2
      executing #MPI =     16, without OMP
||Ax - b||_2 = 1.485649e-13
