
Entering DMUMPS 5.8.1 from C interface with JOB, N =   1     1585478
      executing #MPI =     64, without OMP

Advanced settings:
   KEEP(370) Static mapping              =         1
   KEEP(371) Advanced optimizations      =         0

 =================================================
  MUMPS compiled with option -DAVOID_MPI_IN_PLACE
 MUMPS compiled with option -Dmetis
 MUMPS compiled with option -Dparmetis
 MUMPS compiled with option -Dpord
 MUMPS compiled with option -Dptscotch
 MUMPS compiled with option -Dscotch
 =================================================
L U Solver for unsymmetric matrices
Type of parallelism: Working host

 ****** ANALYSIS STEP ********

 ** Maximum transversal (ICNTL(6)) not allowed because matrix is distributed
 Parallel analysis, processing a graph of size:   1585478
 Using ParMETIS for parallel ordering
 ELAPSED time in parallel ordering       =      1.7612

Leaving analysis phase with  ...
 INFOG(1)                                       =               0
 INFOG(2)                                       =               0
 -- (20) Number of entries in factors (estim.)  =       245394454
 --  (3) Real space for factors    (estimated)  =       250848612
 --  (4) Integer space for factors (estimated)  =        12187589
 --  (5) Maximum frontal size      (estimated)  =            2331
 --  (6) Number of nodes in the tree            =          111278
 -- (32) Type of analysis effectively used      =               2
 --  (7) Ordering option effectively used       =               2
 ICNTL (6) Maximum transversal option           =               0
 ICNTL (7) Pivot order option                   =               6
 ICNTL(12) Ordering symmetric indef. matrices   =               1
 ICNTL(13) Parallelism/splitting of root node   =               0
 ICNTL(14) Percentage of memory relaxation      =             500
 ICNTL(15) Analysis by block effectively used   =               0
 ICNTL(18) Distributed input matrix (on if >0)  =               3
 ICNTL(32) Forward elimination during facto.    =               0
 ICNTL(35) BLR activation                       =               0
 ICNTL(48) Tree based multithreading (effective)=               0
 ICNTL(58) Symbolic factorization option        =               2
 Number of level 2 nodes                        =              72
 Number of split nodes                          =              11
 RINFOG(1) Operations during elimination (estim)= 1.180E+11
 Distributed matrix entry format (ICNTL(18))    =               3

 MEMORY ESTIMATIONS ... 
 Estimations with standard Full-Rank (FR) factorization:
    Maximum estim. space in Mbytes, IC facto.    (INFOG(16)):             471
    Total space in MBytes, IC factorization      (INFOG(17)):           26287
    Maximum estim. space in Mbytes, OOC facto.   (INFOG(26)):             319
    Total space in MBytes,  OOC factorization    (INFOG(27)):           18473

 Elapsed time in analysis driver=       3.4784

Entering DMUMPS 5.8.1 from C interface with JOB, N =   2     1585478
      executing #MPI =     64, without OMP

Advanced settings:
   KEEP(370) Static mapping              =         1
   KEEP(371) Advanced optimizations      =         0



****** FACTORIZATION STEP ********

 GLOBAL STATISTICS PRIOR NUMERICAL FACTORIZATION ...
 Number of working processes                =              64
 ICNTL(22) Out-of-core option               =               0
 ICNTL(35) BLR activation (eff. choice)     =               0
 ICNTL(37) BLR CB compression (eff. choice) =               0
 ICNTL(49) Compact workarray S (end facto.) =               0
 ICNTL(56) Effective value during facto.    =               0
 ICNTL(14) Memory relaxation                =             500
 INFOG(3) Real space for factors (estimated)=       250848612
 INFOG(4) Integer space for factors (estim.)=        12187589
 Maximum frontal size (estimated)           =            2331
 Number of nodes in the tree                =          111278
 ICNTL(23) Memory allowed (value on host)   =               0
           Sum over all procs               =               0
 Memory provided by user, sum of LWK_USER   =               0
 Effective threshold for pivoting, CNTL(1)  =      0.1000E-01

 Statistics on the scaling phase
 Elapsed time for scaling                   =      0.3901
 Max difference from 1 after scaling the entries for ONE-NORM (option 7/8)   = 0.37E-01

 Average Effective size of S     (based on INFO(39))=             27642705

 Redistrib: total data local/sent           =          237692         7707957
 Elapsed time to reformat/distribute matrix =      0.1022


 Allocated buffers
 ------------------
 Size of reception buffer in bytes ...... =      4653824
 Size of async. emission buffer (bytes).. =     14008008
 Small emission buffer (bytes) .......... =        83360
 ** Memory allocated, max in Mbytes             (INFOG(18)):         471

 ** Memory allocated, total in Mbytes           (INFOG(19)):       26287
 ** Memory effectively used, max in  Mbytes     (INFOG(21)):         236
 ** Memory effectively used, total in Mbytes    (INFOG(22)):       14386

 Elapsed time for factorization                     =      0.5863

Leaving factorization with ...
 RINFOG (2) Operations in node assembly             = 3.727E+08
 ------ (3) Operations in node elimination          = 1.180E+11
 ICNTL  (8) Scaling effectively used                =               7
 INFOG  (9) Real space for factors                  =       245391686
 INFOG (10) Integer space for factors               =        12183926
 INFOG (11) Maximum front size                      =            2331
 INFOG (29) Number of entries in factors            =       245391686
 INFOG (12) Number of off diagonal pivots           =               0
 INFOG (13) Number of delayed pivots                =               0
 RINFOG(19) Smallest pivot WITH perturbed pivots    = 1.002E-02
 RINFOG(20) Smallest pivot WITHOUT perturbed pivots = 1.002E-02
 RINFOG(21) Largest pivot in absolute value         = 9.942E-01
 INFOG (24) Effective value of ICNTL(12)            =               1
 INFOG (14) Number of memory compress               =               0

 Elapsed time in factorization driver               =      1.2121

Entering DMUMPS 5.8.1 from C interface with JOB, N =   3     1585478
      executing #MPI =     64, without OMP

Advanced settings:
   KEEP(370) Static mapping              =         1
   KEEP(371) Advanced optimizations      =         0



 ****** SOLVE & CHECK STEP ********

 GLOBAL STATISTICS PRIOR SOLVE PHASE ...........
 Number of right-hand-sides                    =           1
 Blocking factor for multiple rhs              =           1
 ICNTL (9)                                     =           1
  --- (10)                                     =           2
  --- (11)                                     =           0
  --- (20)                                     =           0
  --- (21)                                     =           1
  --- (30)                                     =           0
  --- (35)                                     =           0
  --- (48) (effective)                         =           0
 WARNING:  Incompatible features: nrhs>1 or distrib sol and Iter. Ref and/or Err. Anal.
 WARNING: ICNTL(10) treated as if set to 0 
 ** Rank of processor needing largest memory in solve     :        61
 ** Space in MBYTES used by this processor for solve      :       365
 ** Avg. Space in MBYTES per working proc during solve    :       298
 
 Leaving solve with ...
 Time to build/scatter RHS        =       0.024788
 Time in solution step (fwd/bwd)  =       0.025664
  .. Time in forward (fwd) step   =          0.011598
  .. Time in backward (bwd) step  =          0.012336
 Time to gather solution(cent.sol)=       0.000000
 Time for distributed solution    =       0.000452

 Elapsed time in solve driver=       0.0651

Entering DMUMPS 5.8.1 from C interface with JOB =  -2
      executing #MPI =     64, without OMP
||Ax - b||_2 = 9.372531e-10
