.. equilibrated? *equed = R
.. RowPerm 1	 time: 0.05
.. anorm 7.009382e+00
.. Use minimum degree ordering on A'*A
.. symbfact(): relax 30, maxsuper 256, fill 5
	matrix dimension    106437
	nonzeros in A      2707179
	nonzeros in L     51830632
	nonzeros in U     51830632
	nonzeros in L+U   103554827
	fill ratio            38.3
	nonzeros in LSUB  13617217
	No of supers    14431
	Size of G(L)  6484152
	Size of G(U)  6377715
	int 4, short 2, float 4, double 8
	SYMBfact (MB):	L\U 82.11	total 85.94	expansions 1
.. # L blocks    93429	# U blocks    89821
MPI tag upper bound = 536870911
.. Starting with 1 OpenMP threads 
 === using DAG ===
.. thresh = s_eps 5.960464e-08 * anorm 7.009382e+00 = 4.177917e-07
.. Buffer size: Lsub 646	Lval 79898	Usub 1225	Uval 46774	LDA 509
max_ncols 509,  max_ldu 187, bigu_size    95183
	.. SUPERLU_MAX_BUFFER_SIZE 256000000 set for GPU
	.. SUPERLU_N_GEMM: 5000 flops of GEMM done on CPU (1st block always on CPU)
	.. GEMM buffer size: max_row_size X max_ncols = 509 x      509
[0].. BIG U size    95183 (on CPU)
[0].. BIG V size   266185 (on CPU)
  Max row size is 509 
  Threads per process 1 

Initialization time	  0.0254 seconds
	 Serial: compute static schedule, allocate storage

==== Time breakdown in factorization (rank 0) ====
Panel factorization 	   0.0551 seconds
.. L-panel pxgstrf2 	   0.0200 seconds
.. U-panel pxgstrs2 	   0.0351 seconds
Time in Look-ahead update 	   0.0556 seconds
Time in Schur update 		   2.5526 seconds
.. Time to Gather L buffer	   0.0159  (Separate L panel by Lookahead/Remain)
.. Time to Gather U buffer	   0.0693 
.. Time in GEMM   0.1986 
	* Look-ahead	   0.0268 
	* Remain	   0.1718	Flops 8.1391e+10	Gflops 473.7845
.. Time to Scatter   2.2578 
	* Look-ahead	   0.0302 
	* Remain	   2.2277 
Total factorization time            	:   2.9802 seconds, 
--------
GEMM maximum block: 508-187-508

** Memory Usage **********************************
.. dQuerySpace: peak_buffer 22.39 (MB)
	(P0) serial symbolic::stage[0]: symb_memory 85.94, GA_mem_use 32.91
	(P0) serial distribution::stage[1]:symb_LU 82.11, dist_mem_use 63.81, num_mem_usage.for_lu 61.73
** Total highmark (MB):
    Sum-of-all :  3290.57 | Avg :   205.66  | Max :   208.65
    Max at rank 15, different stages (MB):
	. symbfact          118.85
	. distribution      207.65
	. numfact            84.11
** NUMfact space (MB): (sum-of-all-processes)
    L\U :          944.19 |  Total :  1297.70
	. max at rank 0, max L+U memory (MB):    61.73
	. max at rank 0, peak buffer (MB):       22.39
**************************************************

** number of Tiny Pivots:        0

.. DiagScale = 3
**************************************************
**** Time (seconds) ****
	EQUIL time            0.007
	ROWPERM time          0.048
	COLPERM time          0.672
	SYMBFACT time         0.286
	DISTRIBUTE time       0.274
	FACTOR time           3.006
	Factor flops	8.718284e+10	Mflops 	29005.34
	SOLVE time            0.000
	REFINEMENT time       0.000	Steps       0

**************************************************
.. anorm 7.009382e+00
num_thread:     1
( 0) .. Step        0: berr[j] = 1.837329e-15
num_thread:     1
( 0) .. Step        1: berr[j] = 3.018235e-16
num_thread:     1
( 0) .. Step        2: berr[j] = 3.544387e-16
.. DiagScale = 3
	SOLVE time            0.057
	Solve flops	2.071097e+08	Mflops 	 3634.59
	REFINEMENT time       0.118	Steps       2

**************************************************
||Ax - b||_2 = 1.265170e-16
