
Entering DMUMPS 5.8.1 from C interface with JOB, N =   1      411676
      executing #MPI =      8, without OMP

Advanced settings:
   KEEP(370) Static mapping              =         1
   KEEP(371) Advanced optimizations      =         0

 =================================================
 MUMPS compiled with option -DGEMMT_AVAILABLE
 MUMPS compiled with option -Dmetis
 MUMPS compiled with option -Dparmetis
 MUMPS compiled with option -Dpord
 MUMPS compiled with option -Dptscotch
 MUMPS compiled with option -Dscotch
 =================================================
L U Solver for unsymmetric matrices
Type of parallelism: Working host

 ****** ANALYSIS STEP ********

 ** Maximum transversal (ICNTL(6)) not allowed because matrix is distributed
 Processing a graph of size:    411676 with       1833398 edges

Entering ordering phase with graph dimensions ...
              |V|        |E|      INFO(1)
              411676      1833398         0
  Graph adjacency 
  .... node/column:         1
            90780    90783   409084    90029    90737    90738
  .... node/column:         2
            89928    89952   409085    88498    88499
  .... node/column:         3
            87007    87031   409086    85577    85578
  .... node/column:         4
           150107   150111   150112   150118   150122   150125   150126   150130   409087   411009
  .... node/column:         5
           150135   150138   150139   150144   150148   150151   150152   150156   409088   149602
  .... node/column:         6
           164685   402605   402617   402620   409089
  .... node/column:         7
           403137   409090
  .... node/column:         8
           403156   409091
  .... node/column:         9
           403308   409092
  .... node/column:        10
           403194   409093
 Ordering based on SCOTCH 
 ELAPSED TIME SPENT IN SCOTCH reordering =      5.0417
NFSIZ(.)  =       25        0       16       23        0       23        0        0        0        0

FILS (.)  =   409084   -88521   409086   150250  -150117   411463        0        0        0        0

FRERE(.)  =    90657   411677   -85132  -150022   411677  -164657   411677   411677   411677   411677

 A root of estimated size         2112  has been selected for Scalapack.

Leaving analysis phase with  ...
 INFOG(1)                                       =               0
 INFOG(2)                                       =               0
 -- (20) Number of entries in factors (estim.)  =        21784940
 --  (3) Real space for factors    (estimated)  =        21788677
 --  (4) Integer space for factors (estimated)  =         1722565
 --  (5) Maximum frontal size      (estimated)  =            2288
 --  (6) Number of nodes in the tree            =           28485
 -- (32) Type of analysis effectively used      =               1
 --  (7) Ordering option effectively used       =               3
 ICNTL (6) Maximum transversal option           =               0
 ICNTL (7) Pivot order option                   =               3
 ICNTL(12) Ordering symmetric indef. matrices   =               1
 ICNTL(13) Parallelism/splitting of root node   =               0
 ICNTL(14) Percentage of memory relaxation      =              25
 ICNTL(15) Analysis by block effectively used   =               0
 ICNTL(18) Distributed input matrix (on if >0)  =               3
 ICNTL(32) Forward elimination during facto.    =               0
 ICNTL(35) BLR activation                       =               0
 ICNTL(48) Tree based multithreading (effective)=               0
 ICNTL(58) Symbolic factorization option        =               2
 Number of level 2 nodes                        =               5
 Number of split nodes                          =               0
 RINFOG(1) Operations during elimination (estim)= 1.002D+10
 Distributed matrix entry format (ICNTL(18))    =               3

 MEMORY ESTIMATIONS ... 
 Estimations with standard Full-Rank (FR) factorization:
    Maximum estim. space in Mbytes, IC facto.    (INFOG(16)):             147
    Total space in MBytes, IC factorization      (INFOG(17)):             796
    Maximum estim. space in Mbytes, OOC facto.   (INFOG(26)):              96
    Total space in MBytes,  OOC factorization    (INFOG(27)):             684

 Elapsed time in analysis driver=       5.7359

Entering DMUMPS 5.8.1 from C interface with JOB, N =   2      411676
      executing #MPI =      8, without OMP

Advanced settings:
   KEEP(370) Static mapping              =         1
   KEEP(371) Advanced optimizations      =         0



****** FACTORIZATION STEP ********

 GLOBAL STATISTICS PRIOR NUMERICAL FACTORIZATION ...
 Number of working processes                =               8
 ICNTL(22) Out-of-core option               =               0
 ICNTL(35) BLR activation (eff. choice)     =               0
 ICNTL(37) BLR CB compression (eff. choice) =               0
 ICNTL(49) Compact workarray S (end facto.) =               0
 ICNTL(56) Effective value during facto.    =               0
 ICNTL(14) Memory relaxation                =              25
 INFOG(3) Real space for factors (estimated)=        21788677
 INFOG(4) Integer space for factors (estim.)=         1722565
 Maximum frontal size (estimated)           =            2288
 Number of nodes in the tree                =           28485
 ICNTL(23) Memory allowed (value on host)   =               0
           Sum over all procs               =               0
 Memory provided by user, sum of LWK_USER   =               0
 Effective threshold for pivoting, CNTL(1)  =      0.1000D-01

 Statistics on the scaling phase
 Elapsed time for scaling                   =      0.1950
 Max difference from 1 after scaling the entries for ONE-NORM (option 7/8)   = 0.27D+01

 Average Effective size of S     (based on INFO(39))=              5661693

 Redistrib: total data local/sent           =          109027         1788228
 Elapsed time to reformat/distribute matrix =      0.0722

 ** Memory allocated, max in Mbytes             (INFOG(18)):         147

 ** Memory allocated, total in Mbytes           (INFOG(19)):         796
 ** Memory effectively used, max in  Mbytes     (INFOG(21)):         125
 ** Memory effectively used, total in Mbytes    (INFOG(22)):         692

 Elapsed time to process root node                  =      0.3240

 Elapsed time for factorization                     =      2.5048

Leaving factorization with ...
 RINFOG (2) Operations in node assembly             = 1.598D+07
 ------ (3) Operations in node elimination          = 1.077D+10
 ICNTL  (8) Scaling effectively used                =               7
 INFOG  (9) Real space for factors                  =        22146836
 INFOG (10) Integer space for factors               =         1723517
 INFOG (11) Maximum front size                      =            2305
 INFOG (29) Number of entries in factors            =        22146836
 INFOG (12) Number of off diagonal pivots           =            2971
 INFOG (13) Number of delayed pivots                =             411
 RINFOG(19) Smallest pivot WITH perturbed pivots    = 1.081D-10
 RINFOG(20) Smallest pivot WITHOUT perturbed pivots = 1.081D-10
 RINFOG(21) Largest pivot in absolute value         = 9.778D+01
 INFOG (24) Effective value of ICNTL(12)            =               1
 INFOG (14) Number of memory compress               =               1

 Elapsed time in factorization driver               =      2.8467

Entering DMUMPS 5.8.1 from C interface with JOB, N =   3      411676
      executing #MPI =      8, without OMP

Advanced settings:
   KEEP(370) Static mapping              =         1
   KEEP(371) Advanced optimizations      =         0



 ****** SOLVE & CHECK STEP ********

 GLOBAL STATISTICS PRIOR SOLVE PHASE ...........
 Number of right-hand-sides                    =           1
 Blocking factor for multiple rhs              =           1
 ICNTL (9)                                     =           1
  --- (10)                                     =           0
  --- (11)                                     =           0
  --- (20)                                     =          10
  --- (21)                                     =           1
  --- (30)                                     =           0
  --- (35)                                     =           0
  --- (48) (effective)                         =           0
 ** Rank of processor needing largest memory in solve     :         1
 ** Space in MBYTES used by this processor for solve      :       128
 ** Avg. Space in MBYTES per working proc during solve    :        81

 Leaving solve with ...
 Time to build/scatter RHS        =       0.026658
 Time in solution step (fwd/bwd)  =       0.113092
  .. Time in forward (fwd) step   =          0.070006
  .. Time in ScaLAPACK root       =          0.017009
  .. Time in backward (bwd) step  =          0.025988
 Time to gather solution(cent.sol)=       0.000000
 Time for distributed solution    =       0.001201

 Elapsed time in solve driver=       0.1784

Entering DMUMPS 5.8.1 from C interface with JOB =  -2
      executing #MPI =      8, without OMP
||Ax - b||_2 = 1.531221e-08
