+-------------------------------------------------+
+     PaStiX : Parallel Sparse matriX package     +
+-------------------------------------------------+
  Version:                                   6.4.0
  Schedulers:
    sequential:                            Enabled
    thread static:                         Started
    thread dynamic:                        Started
    PaRSEC:                               Disabled
    StarPU:                               Disabled
  Number of MPI processes:                       8
  Number of threads per process:                 1
  Number of GPUs:                                0
  MPI communication support:              PastixMpiThreadFunneled
  Distribution level:                     2D( 160)
  Blocking size (min/max):              160 /  320
  Computational models
    CPU:              AMD Opteron 6180 - Intel MKL
    GPU:             Nvidia K40 GK1108L - CUDA 8.0
  Low rank parameters:
    Strategy                        No compression
+-------------------------------------------------+
+     PaStiX : Parallel Sparse matriX package     +
+-------------------------------------------------+
  Version:                                   6.4.0
  Schedulers:
    sequential:                            Enabled
    thread static:                         Started
    thread dynamic:                        Started
    PaRSEC:                               Disabled
    StarPU:                               Disabled
  Number of MPI processes:                       8
  Number of threads per process:                 1
  Number of GPUs:                                0
  MPI communication support:              PastixMpiThreadFunneled
  Distribution level:                     2D( 160)
  Blocking size (min/max):              160 /  320
  Computational models
    CPU:              AMD Opteron 6180 - Intel MKL
    GPU:             Nvidia K40 GK1108L - CUDA 8.0
  Low rank parameters:
    Strategy                        No compression
+-------------------------------------------------+
  Ordering subtask :
    Ordering method is: Scotch
    Time to compute ordering              1.266722e+00 s
+-------------------------------------------------+
  Symbolic factorization subtask:
    Symbol factorization using: Fax Direct
    Number of nonzeroes in L structure     4010540
    Fill-in of L                          7.363004
    Time to compute symbol matrix         1.775411e-02 s
+-------------------------------------------------+
  Reordering subtask:
    Split level                                  0
    Stoping criterion                           -1
    Time for reordering                   6.607853e-02 s
+-------------------------------------------------+
  Mapping/Scheduling subtask:
    Number of non-zeroes in blocked L      8021080
    Fill-in                               14.726008
    Number of operations in full-rank: LU       639.86 MFlops
    Prediction:
      Model                              AMD 6180  MKL
      Time to factorize                   1.169038e-01 s
    Time for mapping/scheduling           1.219995e-01 s
+-------------------------------------------------+
  Analyze task:
    Total time for analyze                1.485238e+00 s
+-------------------------------------------------+
  Factorization task:
    Factorization used: LU
    Time to initialize internal csc       3.263635e-02 s
    Time to initialize coeftab            2.007348e-02 s
    Time to factorize                     1.215388e-01 s ( 5.14 GFlop/s)
    Number of operations                       -52851752.00  Flops
    Number of static pivots                  10875
    Memory usage of coeftab                         11 Mo
    Time to solve                         1.607149e-02 s
    - iteration 1 :
         total iteration time                   0.0534 s
         error                                  4.959e+62
    - iteration 2 :
         total iteration time                   0.0508 s
         error                                  1.5472e+60
    - iteration 3 :
         total iteration time                   0.0434 s
         error                                  7.8793e+51
    - iteration 4 :
         total iteration time                   0.0394 s
         error                                  1.3666e+50
    - iteration 5 :
         total iteration time                   0.0419 s
         error                                  1.1541e+49
    - iteration 6 :
         total iteration time                   0.0398 s
         error                                  1.154e+49
    - iteration 7 :
         total iteration time                   0.0399 s
         error                                  2.9406e+47
    - iteration 8 :
         total iteration time                   0.0399 s
         error                                  2.6354e+47
    - iteration 9 :
         total iteration time                   0.0416 s
         error                                  1.8945e+47
    - iteration 10 :
         total iteration time                   0.019 s
         error                                  8.1498e+46
    - iteration 11 :
         total iteration time                   0.0343 s
         error                                  6.4237e+46
    - iteration 12 :
         total iteration time                   0.0468 s
         error                                  6.4237e+46
    - iteration 13 :
         total iteration time                   0.0286 s
         error                                  6.4182e+46
    - iteration 14 :
         total iteration time                   0.0398 s
         error                                  4.4978e+46
    - iteration 15 :
         total iteration time                   0.0366 s
         error                                  2.7815e+46
    - iteration 16 :
         total iteration time                   0.0361 s
         error                                  2.5937e+46
    - iteration 17 :
         total iteration time                   0.0171 s
         error                                  1.8589e+46
    - iteration 18 :
         total iteration time                   0.03 s
         error                                  4.5936e+45
    - iteration 19 :
         total iteration time                   0.0145 s
         error                                  6.3058e+44
    - iteration 20 :
         total iteration time                   0.0402 s
         error                                  4.3212e+44
    Time for refinement                   7.634803e-01 s
||Ax - b||_2 = 3.354275e+51
