.. equilibrated? *equed = N
.. RowPerm 1	 time: 0.03
.. anorm 2.750836e+00
.. Use minimum degree ordering on A'+A.
.. symbfact(): relax 30, maxsuper 256, fill 5
	matrix dimension    180895
	nonzeros in A       988195
	nonzeros in L     14587985
	nonzeros in U     14587831
	nonzeros in L+U   28994921
	fill ratio            29.3
	nonzeros in LSUB   4601758
	No of supers    11789
	Size of G(L)   694786
	Size of G(U)   513737
	int 4, short 2, float 4, double 8
	SYMBfact (MB):	L\U 24.08	total 30.59	expansions 0
.. # L blocks     5276	# U blocks     2328
MPI tag upper bound = 536870911
.. Starting with 1 OpenMP threads 
 === using DAG ===
.. thresh = s_eps 5.960464e-08 * anorm 2.750836e+00 = 1.639626e-07
.. Buffer size: Lsub 518	Lval 131072	Usub 639	Uval 104704	LDA 512
max_ncols 330,  max_ldu 256, bigu_size    84480
	.. SUPERLU_MAX_BUFFER_SIZE 256000000 set for GPU
	.. SUPERLU_N_GEMM: 5000 flops of GEMM done on CPU (1st block always on CPU)
	.. GEMM buffer size: max_row_size X max_ncols = 430 x      330
[0].. BIG U size    84480 (on CPU)
[0].. BIG V size   148044 (on CPU)
  Max row size is 430 
  Threads per process 1 

Initialization time	  0.0107 seconds
	 Serial: compute static schedule, allocate storage

==== Time breakdown in factorization (rank 0) ====
Panel factorization 	   0.0310 seconds
.. L-panel pxgstrf2 	   0.0242 seconds
.. U-panel pxgstrs2 	   0.0069 seconds
Time in Look-ahead update 	   0.0100 seconds
Time in Schur update 		   0.0253 seconds
.. Time to Gather L buffer	   0.0023  (Separate L panel by Lookahead/Remain)
.. Time to Gather U buffer	   0.0026 
.. Time in GEMM   0.0102 
	* Look-ahead	   0.0004 
	* Remain	   0.0098	Flops 3.0915e+09	Gflops 314.0920
.. Time to Scatter   0.0079 
	* Look-ahead	   0.0001 
	* Remain	   0.0078 
Total factorization time            	:   0.2045 seconds, 
--------
GEMM maximum block: 275-256-275

** Memory Usage **********************************
.. dQuerySpace: peak_buffer 31.24 (MB)
	(P0) serial symbolic::stage[0]: symb_memory 30.59, GA_mem_use 12.58
	(P0) serial distribution::stage[1]:symb_LU 24.08, dist_mem_use 113.53, num_mem_usage.for_lu 20.59
** Total highmark (MB):
    Sum-of-all :  2388.94 | Avg :   149.31  | Max :   164.63
    Max at rank 10, different stages (MB):
	. symbfact           43.17
	. distribution      158.19
	. numfact            51.83
** NUMfact space (MB): (sum-of-all-processes)
    L\U :          244.82 |  Total :   744.34
	. max at rank 10, max L+U memory (MB):    25.31
	. max at rank 10, peak buffer (MB):       31.96
**************************************************

** number of Tiny Pivots:        0

.. DiagScale = 3
**************************************************
**** Time (seconds) ****
	EQUIL time            0.011
	ROWPERM time          0.034
	COLPERM time          0.033
	SYMBFACT time         0.043
	DISTRIBUTE time       0.124
	FACTOR time           0.215
	Factor flops	8.229930e+09	Mflops 	38223.69
	SOLVE time            0.000
	REFINEMENT time       0.000	Steps       0

**************************************************
.. anorm 2.750836e+00
num_thread:     1
( 0) .. Step        0: berr[j] = 1.004488e-13
num_thread:     1
( 0) .. Step        1: berr[j] = 1.718202e-16
num_thread:     1
( 0) .. Step        2: berr[j] = 1.850372e-16
.. DiagScale = 3
	SOLVE time            0.019
	Solve flops	5.798984e+07	Mflops 	 3010.22
	REFINEMENT time       0.042	Steps       2

**************************************************
||Ax - b||_2 = 1.309771e-13
