
Entering DMUMPS 5.8.1 from C interface with JOB, N =   1     1498023
      executing #MPI =     64, without OMP

Advanced settings:
   KEEP(370) Static mapping              =         1
   KEEP(371) Advanced optimizations      =         0

 =================================================
  MUMPS compiled with option -DAVOID_MPI_IN_PLACE
 MUMPS compiled with option -Dmetis
 MUMPS compiled with option -Dparmetis
 MUMPS compiled with option -Dpord
 MUMPS compiled with option -Dptscotch
 MUMPS compiled with option -Dscotch
 =================================================
L U Solver for unsymmetric matrices
Type of parallelism: Working host

 ****** ANALYSIS STEP ********

 ** Maximum transversal (ICNTL(6)) not allowed because matrix is distributed
 Parallel analysis, processing a graph of size:   1498023
 Using ParMETIS for parallel ordering
 ELAPSED time in parallel ordering       =      3.5394
 A root of estimated size  6354  has been selected for Scalapack.

Leaving analysis phase with  ...
 INFOG(1)                                       =               0
 INFOG(2)                                       =               0
 -- (20) Number of entries in factors (estim.)  =      3714435091
 --  (3) Real space for factors    (estimated)  =      3724841590
 --  (4) Integer space for factors (estimated)  =        23185784
 --  (5) Maximum frontal size      (estimated)  =           18610
 --  (6) Number of nodes in the tree            =           74972
 -- (32) Type of analysis effectively used      =               2
 --  (7) Ordering option effectively used       =               2
 ICNTL (6) Maximum transversal option           =               0
 ICNTL (7) Pivot order option                   =               6
 ICNTL(12) Ordering symmetric indef. matrices   =               1
 ICNTL(13) Parallelism/splitting of root node   =               0
 ICNTL(14) Percentage of memory relaxation      =             500
 ICNTL(15) Analysis by block effectively used   =               0
 ICNTL(18) Distributed input matrix (on if >0)  =               3
 ICNTL(32) Forward elimination during facto.    =               0
 ICNTL(35) BLR activation                       =               0
 ICNTL(48) Tree based multithreading (effective)=               0
 ICNTL(58) Symbolic factorization option        =               2
 Number of level 2 nodes                        =             132
 Number of split nodes                          =              31
 RINFOG(1) Operations during elimination (estim)= 2.449E+13
 Distributed matrix entry format (ICNTL(18))    =               3

 MEMORY ESTIMATIONS ... 
 Estimations with standard Full-Rank (FR) factorization:
    Maximum estim. space in Mbytes, IC facto.    (INFOG(16)):            9918
    Total space in MBytes, IC factorization      (INFOG(17)):          292681
    Maximum estim. space in Mbytes, OOC facto.   (INFOG(26)):            4245
    Total space in MBytes,  OOC factorization    (INFOG(27)):          176572

 Elapsed time in analysis driver=       5.0620

Entering DMUMPS 5.8.1 from C interface with JOB, N =   2     1498023
      executing #MPI =     64, without OMP

Advanced settings:
   KEEP(370) Static mapping              =         1
   KEEP(371) Advanced optimizations      =         0



****** FACTORIZATION STEP ********

 GLOBAL STATISTICS PRIOR NUMERICAL FACTORIZATION ...
 Number of working processes                =              64
 ICNTL(22) Out-of-core option               =               0
 ICNTL(35) BLR activation (eff. choice)     =               0
 ICNTL(37) BLR CB compression (eff. choice) =               0
 ICNTL(49) Compact workarray S (end facto.) =               0
 ICNTL(56) Effective value during facto.    =               0
 ICNTL(14) Memory relaxation                =             500
 INFOG(3) Real space for factors (estimated)=      3724841590
 INFOG(4) Integer space for factors (estim.)=        23185784
 Maximum frontal size (estimated)           =           18610
 Number of nodes in the tree                =           74972
 ICNTL(23) Memory allowed (value on host)   =               0
           Sum over all procs               =               0
 Memory provided by user, sum of LWK_USER   =               0
 Effective threshold for pivoting, CNTL(1)  =      0.1000E-01

 Statistics on the scaling phase
 Elapsed time for scaling                   =      0.4033
 Max difference from 1 after scaling the entries for ONE-NORM (option 7/8)   = 0.12E+00

 Average Effective size of S     (based on INFO(39))=            545558724

 Redistrib: total data local/sent           =         1938125       156842134
 Elapsed time to reformat/distribute matrix =      0.2224


 Allocated buffers
 ------------------
 Size of reception buffer in bytes ...... =     32399892
 Size of async. emission buffer (bytes).. =     97523674
 Small emission buffer (bytes) .......... =        87664
 ** Memory allocated, max in Mbytes             (INFOG(18)):        9918

 ** Memory allocated, total in Mbytes           (INFOG(19)):      292681
 ** Memory effectively used, max in  Mbytes     (INFOG(21)):        1731
 ** Memory effectively used, total in Mbytes    (INFOG(22)):       53437

 Elapsed time to process root node                  =      0.2611

 Elapsed time for factorization                     =     23.5284

Leaving factorization with ...
 RINFOG (2) Operations in node assembly             = 1.263E+10
 ------ (3) Operations in node elimination          = 2.449E+13
 ICNTL  (8) Scaling effectively used                =               7
 INFOG  (9) Real space for factors                  =      3714269029
 INFOG (10) Integer space for factors               =        23183760
 INFOG (11) Maximum front size                      =           18610
 INFOG (29) Number of entries in factors            =      3714269029
 INFOG (12) Number of off diagonal pivots           =               0
 INFOG (13) Number of delayed pivots                =               0
 RINFOG(19) Smallest pivot WITH perturbed pivots    = 2.353E-02
 RINFOG(20) Smallest pivot WITHOUT perturbed pivots = 2.353E-02
 RINFOG(21) Largest pivot in absolute value         = 1.000E+00
 INFOG (24) Effective value of ICNTL(12)            =               1
 INFOG (14) Number of memory compress               =               0

 Elapsed time in factorization driver               =     24.2815

Entering DMUMPS 5.8.1 from C interface with JOB, N =   3     1498023
      executing #MPI =     64, without OMP

Advanced settings:
   KEEP(370) Static mapping              =         1
   KEEP(371) Advanced optimizations      =         0



 ****** SOLVE & CHECK STEP ********

 GLOBAL STATISTICS PRIOR SOLVE PHASE ...........
 Number of right-hand-sides                    =           1
 Blocking factor for multiple rhs              =           1
 ICNTL (9)                                     =           1
  --- (10)                                     =           2
  --- (11)                                     =           0
  --- (20)                                     =           0
  --- (21)                                     =           1
  --- (30)                                     =           0
  --- (35)                                     =           0
  --- (48) (effective)                         =           0
 WARNING:  Incompatible features: nrhs>1 or distrib sol and Iter. Ref and/or Err. Anal.
 WARNING: ICNTL(10) treated as if set to 0 
 ** Rank of processor needing largest memory in solve     :         0
 ** Space in MBYTES used by this processor for solve      :      9796
 ** Avg. Space in MBYTES per working proc during solve    :      4451
 
 Leaving solve with ...
 Time to build/scatter RHS        =       0.022182
 Time in solution step (fwd/bwd)  =       0.278365
  .. Time in forward (fwd) step   =          0.103548
  .. Time in ScaLAPACK root       =          0.004613
  .. Time in backward (bwd) step  =          0.168918
 Time to gather solution(cent.sol)=       0.000000
 Time for distributed solution    =       0.000587

 Elapsed time in solve driver=       0.3153

Entering DMUMPS 5.8.1 from C interface with JOB =  -2
      executing #MPI =     64, without OMP
||Ax - b||_2 = 1.276422e-08
