
Entering DMUMPS 5.8.1 from C interface with JOB, N =   1      110355
      executing #MPI =      8, without OMP

Advanced settings:
   KEEP(370) Static mapping              =         1
   KEEP(371) Advanced optimizations      =         0

 =================================================
 MUMPS compiled with option -DGEMMT_AVAILABLE
 MUMPS compiled with option -Dmetis
 MUMPS compiled with option -Dparmetis
 MUMPS compiled with option -Dpord
 MUMPS compiled with option -Dptscotch
 MUMPS compiled with option -Dscotch
 =================================================
L U Solver for unsymmetric matrices
Type of parallelism: Working host

 ****** ANALYSIS STEP ********

 ** Maximum transversal (ICNTL(6)) not allowed because matrix is distributed
 Processing a graph of size:    110355 with        454986 edges

Entering ordering phase with graph dimensions ...
              |V|        |E|      INFO(1)
              110355       454986         0
  Graph adjacency 
  .... node/column:         1
           101590   101619   105417   105430   105433   106800
  .... node/column:         2
           105931   106801
  .... node/column:         3
           105951   106802
  .... node/column:         4
           106111   106803
  .... node/column:         5
           105991   106804
  .... node/column:         6
           105153   106805
  .... node/column:         7
           106011   106806
  .... node/column:         8
           106131   106807
  .... node/column:         9
           105971   106808
  .... node/column:        10
           106031   106809
 Ordering based on SCOTCH 
 ELAPSED TIME SPENT IN SCOTCH reordering =      1.4048
NFSIZ(.)  =        0        0        0        0        0        0        0        0        0        0

FILS (.)  =  -105417  -105925  -105838  -105937  -105957        0        0  -106057        0  -105897

FRERE(.)  =   110356   110356   110356   110356   110356   110356   110356   110356   110356   110356

 WARNING: Largest root node of size        75 not selected for parallel execution

Leaving analysis phase with  ...
 INFOG(1)                                       =               0
 INFOG(2)                                       =               0
 -- (20) Number of entries in factors (estim.)  =         3875227
 --  (3) Real space for factors    (estimated)  =         3875227
 --  (4) Integer space for factors (estimated)  =          458208
 --  (5) Maximum frontal size      (estimated)  =             105
 --  (6) Number of nodes in the tree            =            7822
 -- (32) Type of analysis effectively used      =               1
 --  (7) Ordering option effectively used       =               3
 ICNTL (6) Maximum transversal option           =               0
 ICNTL (7) Pivot order option                   =               3
 ICNTL(12) Ordering symmetric indef. matrices   =               1
 ICNTL(13) Parallelism/splitting of root node   =               0
 ICNTL(14) Percentage of memory relaxation      =              25
 ICNTL(15) Analysis by block effectively used   =               0
 ICNTL(18) Distributed input matrix (on if >0)  =               3
 ICNTL(32) Forward elimination during facto.    =               0
 ICNTL(35) BLR activation                       =               0
 ICNTL(48) Tree based multithreading (effective)=               0
 ICNTL(58) Symbolic factorization option        =               2
 Number of level 2 nodes                        =               0
 Number of split nodes                          =               0
 RINFOG(1) Operations during elimination (estim)= 9.541D+07
 Distributed matrix entry format (ICNTL(18))    =               3

 MEMORY ESTIMATIONS ... 
 Estimations with standard Full-Rank (FR) factorization:
    Maximum estim. space in Mbytes, IC facto.    (INFOG(16)):              57
    Total space in MBytes, IC factorization      (INFOG(17)):             404
    Maximum estim. space in Mbytes, OOC facto.   (INFOG(26)):              47
    Total space in MBytes,  OOC factorization    (INFOG(27)):             368

 Elapsed time in analysis driver=       1.6588

Entering DMUMPS 5.8.1 from C interface with JOB, N =   2      110355
      executing #MPI =      8, without OMP

Advanced settings:
   KEEP(370) Static mapping              =         1
   KEEP(371) Advanced optimizations      =         0



****** FACTORIZATION STEP ********

 GLOBAL STATISTICS PRIOR NUMERICAL FACTORIZATION ...
 Number of working processes                =               8
 ICNTL(22) Out-of-core option               =               0
 ICNTL(35) BLR activation (eff. choice)     =               0
 ICNTL(37) BLR CB compression (eff. choice) =               0
 ICNTL(49) Compact workarray S (end facto.) =               0
 ICNTL(56) Effective value during facto.    =               0
 ICNTL(14) Memory relaxation                =              25
 INFOG(3) Real space for factors (estimated)=         3875227
 INFOG(4) Integer space for factors (estim.)=          458208
 Maximum frontal size (estimated)           =             105
 Number of nodes in the tree                =            7822
 ICNTL(23) Memory allowed (value on host)   =               0
           Sum over all procs               =               0
 Memory provided by user, sum of LWK_USER   =               0
 Effective threshold for pivoting, CNTL(1)  =      0.1000D-01

 Statistics on the scaling phase
 Elapsed time for scaling                   =      0.0825
 Max difference from 1 after scaling the entries for ONE-NORM (option 7/8)   = 0.14D+01

 Average Effective size of S     (based on INFO(39))=               608813

 Redistrib: total data local/sent           =           98526          458412
 Elapsed time to reformat/distribute matrix =      0.0335

 ** Memory allocated, max in Mbytes             (INFOG(18)):          57

 ** Memory allocated, total in Mbytes           (INFOG(19)):         404
 ** Memory effectively used, max in  Mbytes     (INFOG(21)):          55
 ** Memory effectively used, total in Mbytes    (INFOG(22)):         396

 Elapsed time for factorization                     =      0.1198

Leaving factorization with ...
 RINFOG (2) Operations in node assembly             = 3.781D+05
 ------ (3) Operations in node elimination          = 9.591D+07
 ICNTL  (8) Scaling effectively used                =               7
 INFOG  (9) Real space for factors                  =         3885247
 INFOG (10) Integer space for factors               =          458618
 INFOG (11) Maximum front size                      =             105
 INFOG (29) Number of entries in factors            =         3885247
 INFOG (12) Number of off diagonal pivots           =            3530
 INFOG (13) Number of delayed pivots                =             205
 RINFOG(19) Smallest pivot WITH perturbed pivots    = 2.038D-06
 RINFOG(20) Smallest pivot WITHOUT perturbed pivots = 2.038D-06
 RINFOG(21) Largest pivot in absolute value         = 2.371D+02
 INFOG (24) Effective value of ICNTL(12)            =               1
 INFOG (14) Number of memory compress               =               0

 Elapsed time in factorization driver               =      0.2472

Entering DMUMPS 5.8.1 from C interface with JOB, N =   3      110355
      executing #MPI =      8, without OMP

Advanced settings:
   KEEP(370) Static mapping              =         1
   KEEP(371) Advanced optimizations      =         0



 ****** SOLVE & CHECK STEP ********

 GLOBAL STATISTICS PRIOR SOLVE PHASE ...........
 Number of right-hand-sides                    =           1
 Blocking factor for multiple rhs              =           1
 ICNTL (9)                                     =           1
  --- (10)                                     =           0
  --- (11)                                     =           0
  --- (20)                                     =          10
  --- (21)                                     =           1
  --- (30)                                     =           0
  --- (35)                                     =           0
  --- (48) (effective)                         =           0
 ** Rank of processor needing largest memory in solve     :         2
 ** Space in MBYTES used by this processor for solve      :        32
 ** Avg. Space in MBYTES per working proc during solve    :        25

 Leaving solve with ...
 Time to build/scatter RHS        =       0.025596
 Time in solution step (fwd/bwd)  =       0.014479
  .. Time in forward (fwd) step   =          0.007877
  .. Time in backward (bwd) step  =          0.006499
 Time to gather solution(cent.sol)=       0.000000
 Time for distributed solution    =       0.000311

 Elapsed time in solve driver=       0.0510

Entering DMUMPS 5.8.1 from C interface with JOB =  -2
      executing #MPI =      8, without OMP
||Ax - b||_2 = 1.699992e-09
