
Entering DMUMPS 5.8.1 from C interface with JOB, N =   1       80016
      executing #MPI =      8, without OMP

Advanced settings:
   KEEP(370) Static mapping              =         1
   KEEP(371) Advanced optimizations      =         0

 =================================================
 MUMPS compiled with option -DGEMMT_AVAILABLE
 MUMPS compiled with option -Dmetis
 MUMPS compiled with option -Dparmetis
 MUMPS compiled with option -Dpord
 MUMPS compiled with option -Dptscotch
 MUMPS compiled with option -Dscotch
 =================================================
L U Solver for unsymmetric matrices
Type of parallelism: Working host

 ****** ANALYSIS STEP ********

 ** Maximum transversal (ICNTL(6)) not allowed because matrix is distributed
 Parallel analysis, processing a graph of size:     80016
 Using ParMETIS for parallel ordering
 ELAPSED time in parallel ordering       =      0.7465
 WARNING: Largest root node of size        24 not selected for parallel execution

Leaving analysis phase with  ...
 INFOG(1)                                       =               0
 INFOG(2)                                       =               0
 -- (20) Number of entries in factors (estim.)  =         2200678
 --  (3) Real space for factors    (estimated)  =         2200678
 --  (4) Integer space for factors (estimated)  =          471332
 --  (5) Maximum frontal size      (estimated)  =              24
 --  (6) Number of nodes in the tree            =            9026
 -- (32) Type of analysis effectively used      =               2
 --  (7) Ordering option effectively used       =               2
 ICNTL (6) Maximum transversal option           =               0
 ICNTL (7) Pivot order option                   =               0
 ICNTL(12) Ordering symmetric indef. matrices   =               1
 ICNTL(13) Parallelism/splitting of root node   =               0
 ICNTL(14) Percentage of memory relaxation      =              25
 ICNTL(15) Analysis by block effectively used   =               0
 ICNTL(18) Distributed input matrix (on if >0)  =               3
 ICNTL(32) Forward elimination during facto.    =               0
 ICNTL(35) BLR activation                       =               0
 ICNTL(48) Tree based multithreading (effective)=               0
 ICNTL(58) Symbolic factorization option        =               2
 Number of level 2 nodes                        =               0
 Number of split nodes                          =               0
 RINFOG(1) Operations during elimination (estim)= 3.234D+07
 Distributed matrix entry format (ICNTL(18))    =               3

 MEMORY ESTIMATIONS ... 
 Estimations with standard Full-Rank (FR) factorization:
    Maximum estim. space in Mbytes, IC facto.    (INFOG(16)):              51
    Total space in MBytes, IC factorization      (INFOG(17)):             387
    Maximum estim. space in Mbytes, OOC facto.   (INFOG(26)):              48
    Total space in MBytes,  OOC factorization    (INFOG(27)):             363

 Elapsed time in analysis driver=       1.1260

Entering DMUMPS 5.8.1 from C interface with JOB, N =   2       80016
      executing #MPI =      8, without OMP

Advanced settings:
   KEEP(370) Static mapping              =         1
   KEEP(371) Advanced optimizations      =         0



****** FACTORIZATION STEP ********

 GLOBAL STATISTICS PRIOR NUMERICAL FACTORIZATION ...
 Number of working processes                =               8
 ICNTL(22) Out-of-core option               =               1
 ICNTL(35) BLR activation (eff. choice)     =               0
 ICNTL(37) BLR CB compression (eff. choice) =               0
 ICNTL(49) Compact workarray S (end facto.) =               0
 ICNTL(56) Effective value during facto.    =               0
 ICNTL(14) Memory relaxation                =              25
 INFOG(3) Real space for factors (estimated)=         2200678
 INFOG(4) Integer space for factors (estim.)=          471332
 Maximum frontal size (estimated)           =              24
 Number of nodes in the tree                =            9026
 ICNTL(23) Memory allowed (value on host)   =               0
           Sum over all procs               =               0
 Memory provided by user, sum of LWK_USER   =               0
 Effective threshold for pivoting, CNTL(1)  =      0.1000D-01

 Statistics on the scaling phase
 Elapsed time for scaling                   =      0.0835
 Max difference from 1 after scaling the entries for ONE-NORM (option 7/8)   = 0.36D+01

 Average Effective size of S     (based on INFO(39))=                48273

 Redistrib: total data local/sent           =           43404          303818
 Elapsed time to reformat/distribute matrix =      0.0339

 ** Memory allocated, max in Mbytes             (INFOG(18)):          48

 ** Memory allocated, total in Mbytes           (INFOG(19)):         363
 ** Memory effectively used, max in  Mbytes     (INFOG(21)):          48
 ** Memory effectively used, total in Mbytes    (INFOG(22)):         363

 Elapsed time for factorization                     =      0.5602

Leaving factorization with ...
 RINFOG (2) Operations in node assembly             = 4.777D+05
 ------ (3) Operations in node elimination          = 3.234D+07
 ICNTL  (8) Scaling effectively used                =               7
 INFOG  (9) Real space for factors                  =         3298658
 INFOG (10) Integer space for factors               =          480358
 INFOG (11) Maximum front size                      =              24
 INFOG (29) Number of entries in factors            =         2200678
 INFOG (12) Number of off diagonal pivots           =           17593
 INFOG (13) Number of delayed pivots                =               0
 RINFOG(19) Smallest pivot WITH perturbed pivots    = 6.643D-04
 RINFOG(20) Smallest pivot WITHOUT perturbed pivots = 6.643D-04
 RINFOG(21) Largest pivot in absolute value         = 2.630D+01
 INFOG (24) Effective value of ICNTL(12)            =               1
 INFOG (14) Number of memory compress               =               0

 Elapsed time in factorization driver               =      0.7454

Entering DMUMPS 5.8.1 from C interface with JOB, N =   3       80016
      executing #MPI =      8, without OMP

Advanced settings:
   KEEP(370) Static mapping              =         1
   KEEP(371) Advanced optimizations      =         0



 ****** SOLVE & CHECK STEP ********

 GLOBAL STATISTICS PRIOR SOLVE PHASE ...........
 Number of right-hand-sides                    =           1
 Blocking factor for multiple rhs              =           1
 ICNTL (9)                                     =           1
  --- (10)                                     =           0
  --- (11)                                     =           0
  --- (20)                                     =          10
  --- (21)                                     =           1
  --- (30)                                     =           0
  --- (35)                                     =           0
  --- (48) (effective)                         =           0
 ** Rank of processor needing largest memory in solve     :         5
 ** Space in MBYTES used by this processor for solve      :        21
 ** Avg. Space in MBYTES per working proc during solve    :        20

 Leaving solve with ...
 Time to build/scatter RHS        =       0.000981
 Time in solution step (fwd/bwd)  =       0.075543
  .. Time in forward (fwd) step   =          0.038702
  .. Time in backward (bwd) step  =          0.036677
 Time to gather solution(cent.sol)=       0.000000
 Time for distributed solution    =       0.000236

 Elapsed time in solve driver=       0.0801

Entering DMUMPS 5.8.1 from C interface with JOB =  -2
      executing #MPI =      8, without OMP
||Ax - b||_2 = 2.934453e-12
