
Entering DMUMPS 5.8.1 from C interface with JOB, N =   1       80016
      executing #MPI =      8, without OMP

Advanced settings:
   KEEP(370) Static mapping              =         1
   KEEP(371) Advanced optimizations      =         0

 =================================================
 MUMPS compiled with option -DGEMMT_AVAILABLE
 MUMPS compiled with option -Dmetis
 MUMPS compiled with option -Dparmetis
 MUMPS compiled with option -Dpord
 MUMPS compiled with option -Dptscotch
 MUMPS compiled with option -Dscotch
 =================================================
L U Solver for unsymmetric matrices
Type of parallelism: Working host

 ****** ANALYSIS STEP ********

 ** Maximum transversal (ICNTL(6)) not allowed because matrix is distributed
 Processing a graph of size:     80016 with        302214 edges

Entering ordering phase with graph dimensions ...
              |V|        |E|      INFO(1)
               80016       302214         0
  Graph adjacency 
  .... node/column:         1
            20005    40009    60013    60015    60017    60018    60019    60020    60022    60023
  .... node/column:         2
            20006    40010    60014    70017    70018    70019    70020    70021    70022    70023
  .... node/column:         3
            20007    40011    60014    60015    70017
  .... node/column:         4
            20008    40012    60014    60016    70018
  .... node/column:         5
            20009    40013    60014    60017    70019
  .... node/column:         6
            20010    40014    60014    60018    70020
  .... node/column:         7
            20011    40015    60014    60019    70021
  .... node/column:         8
            20012    40016    60014    60020    70022
  .... node/column:         9
            20013    40017    60014    60021    70023
  .... node/column:        10
            20014    40018    60014    60022    70024
 Ordering based on PORD 
NFSIZ(.)  =       24       21        0        0        0        0        0        0        0        0

FILS (.)  =    60013    40010    60015    20008    60017    60018    60019    60020    20013    60022

FRERE(.)  =        0   -70035    80017    80017    80017    80017    80017    80017    80017    80017

 WARNING: Largest root node of size        24 not selected for parallel execution

Leaving analysis phase with  ...
 INFOG(1)                                       =               0
 INFOG(2)                                       =               0
 -- (20) Number of entries in factors (estim.)  =         2206250
 --  (3) Real space for factors    (estimated)  =         2206250
 --  (4) Integer space for factors (estimated)  =          469208
 --  (5) Maximum frontal size      (estimated)  =              81
 --  (6) Number of nodes in the tree            =            8965
 -- (32) Type of analysis effectively used      =               1
 --  (7) Ordering option effectively used       =               4
 ICNTL (6) Maximum transversal option           =               0
 ICNTL (7) Pivot order option                   =               4
 ICNTL(12) Ordering symmetric indef. matrices   =               1
 ICNTL(13) Parallelism/splitting of root node   =               0
 ICNTL(14) Percentage of memory relaxation      =              25
 ICNTL(15) Analysis by block effectively used   =               0
 ICNTL(18) Distributed input matrix (on if >0)  =               3
 ICNTL(32) Forward elimination during facto.    =               0
 ICNTL(35) BLR activation                       =               0
 ICNTL(48) Tree based multithreading (effective)=               0
 ICNTL(58) Symbolic factorization option        =               2
 Number of level 2 nodes                        =               0
 Number of split nodes                          =               0
 RINFOG(1) Operations during elimination (estim)= 3.268D+07
 Distributed matrix entry format (ICNTL(18))    =               3

 MEMORY ESTIMATIONS ... 
 Estimations with standard Full-Rank (FR) factorization:
    Maximum estim. space in Mbytes, IC facto.    (INFOG(16)):              69
    Total space in MBytes, IC factorization      (INFOG(17)):             384
    Maximum estim. space in Mbytes, OOC facto.   (INFOG(26)):              52
    Total space in MBytes,  OOC factorization    (INFOG(27)):             368

 Elapsed time in analysis driver=       7.1500

Entering DMUMPS 5.8.1 from C interface with JOB, N =   2       80016
      executing #MPI =      8, without OMP

Advanced settings:
   KEEP(370) Static mapping              =         1
   KEEP(371) Advanced optimizations      =         0



****** FACTORIZATION STEP ********

 GLOBAL STATISTICS PRIOR NUMERICAL FACTORIZATION ...
 Number of working processes                =               8
 ICNTL(22) Out-of-core option               =               1
 ICNTL(35) BLR activation (eff. choice)     =               0
 ICNTL(37) BLR CB compression (eff. choice) =               0
 ICNTL(49) Compact workarray S (end facto.) =               0
 ICNTL(56) Effective value during facto.    =               0
 ICNTL(14) Memory relaxation                =              25
 INFOG(3) Real space for factors (estimated)=         2206250
 INFOG(4) Integer space for factors (estim.)=          469208
 Maximum frontal size (estimated)           =              81
 Number of nodes in the tree                =            8965
 ICNTL(23) Memory allowed (value on host)   =               0
           Sum over all procs               =               0
 Memory provided by user, sum of LWK_USER   =               0
 Effective threshold for pivoting, CNTL(1)  =      0.1000D-01

 Statistics on the scaling phase
 Elapsed time for scaling                   =      0.0718
 Max difference from 1 after scaling the entries for ONE-NORM (option 7/8)   = 0.36D+01

 Average Effective size of S     (based on INFO(39))=                48535

 Redistrib: total data local/sent           =           48741          298481
 Elapsed time to reformat/distribute matrix =      0.0245

 ** Memory allocated, max in Mbytes             (INFOG(18)):          52

 ** Memory allocated, total in Mbytes           (INFOG(19)):         368
 ** Memory effectively used, max in  Mbytes     (INFOG(21)):          51
 ** Memory effectively used, total in Mbytes    (INFOG(22)):         367

 Elapsed time for factorization                     =      0.2441

Leaving factorization with ...
 RINFOG (2) Operations in node assembly             = 4.742D+05
 ------ (3) Operations in node elimination          = 3.268D+07
 ICNTL  (8) Scaling effectively used                =               7
 INFOG  (9) Real space for factors                  =         3306510
 INFOG (10) Integer space for factors               =          478325
 INFOG (11) Maximum front size                      =              81
 INFOG (29) Number of entries in factors            =         2206250
 INFOG (12) Number of off diagonal pivots           =           15009
 INFOG (13) Number of delayed pivots                =               0
 RINFOG(19) Smallest pivot WITH perturbed pivots    = 6.643D-04
 RINFOG(20) Smallest pivot WITHOUT perturbed pivots = 6.643D-04
 RINFOG(21) Largest pivot in absolute value         = 5.910D+01
 INFOG (24) Effective value of ICNTL(12)            =               1
 INFOG (14) Number of memory compress               =               0

 Elapsed time in factorization driver               =      0.3956

Entering DMUMPS 5.8.1 from C interface with JOB, N =   3       80016
      executing #MPI =      8, without OMP

Advanced settings:
   KEEP(370) Static mapping              =         1
   KEEP(371) Advanced optimizations      =         0



 ****** SOLVE & CHECK STEP ********

 GLOBAL STATISTICS PRIOR SOLVE PHASE ...........
 Number of right-hand-sides                    =           1
 Blocking factor for multiple rhs              =           1
 ICNTL (9)                                     =           1
  --- (10)                                     =           0
  --- (11)                                     =           0
  --- (20)                                     =          10
  --- (21)                                     =           1
  --- (30)                                     =           0
  --- (35)                                     =           0
  --- (48) (effective)                         =           0
 ** Rank of processor needing largest memory in solve     :         7
 ** Space in MBYTES used by this processor for solve      :        26
 ** Avg. Space in MBYTES per working proc during solve    :        20

 Leaving solve with ...
 Time to build/scatter RHS        =       0.005654
 Time in solution step (fwd/bwd)  =       0.323769
  .. Time in forward (fwd) step   =          0.187017
  .. Time in backward (bwd) step  =          0.136591
 Time to gather solution(cent.sol)=       0.000000
 Time for distributed solution    =       0.000529

 Elapsed time in solve driver=       0.3367

Entering DMUMPS 5.8.1 from C interface with JOB =  -2
      executing #MPI =      8, without OMP
||Ax - b||_2 = 2.929704e-12
