slurmstepd: error: execve(): /scratch/project_465002796/tabaraal/src/experiments: No such file or directory
slurmstepd: error: execve(): /scratch/project_465002796/tabaraal/src/experiments: No such file or directory
slurmstepd: error: execve(): /scratch/project_465002796/tabaraal/src/experiments: No such file or directory
slurmstepd: error: execve(): /scratch/project_465002796/tabaraal/src/experiments: No such file or directory
srun: error: nid001790: tasks 20-23: Exited with exit code 2
srun: Terminating StepId=17186504.0
slurmstepd: error: *** STEP 17186504.0 ON nid001414 CANCELLED AT 2026-04-04T03:18:24 ***
srun: error: nid001792: tasks 28-31: Terminated
srun: error: nid001414: tasks 0-3: Terminated
srun: error: nid001789: tasks 16-19: Terminated
srun: error: nid001416: tasks 8-11: Terminated
srun: error: nid001417: tasks 12-15: Terminated
Sat Apr  4 03:28:25 2026: [PE_24]:inet_connect:inet_connect: connect from nid001791 to nid001414 failed after 300 attempts
Sat Apr  4 03:28:25 2026: [PE_24]:conn_to_controller:inet_connect failed
Sat Apr  4 03:28:25 2026: [PE_24]:control_nets_join:_pmi_inet_setup (full) returned -1
MPICH ERROR [Rank 0] [job id unknown] [Sat Apr  4 03:28:25 2026] [nid001791] - Abort(1092879) (rank 0 in comm 0): Fatal error in PMPI_Init_thread: Other MPI error, error stack:
MPIR_Init_thread(170): 
MPID_Init(455).......: 
MPIR_pmi_init(110)...: PMI_Init returned 1

aborting job:
Fatal error in PMPI_Init_thread: Other MPI error, error stack:
MPIR_Init_thread(170): 
MPID_Init(455).......: 
MPIR_pmi_init(110)...: PMI_Init returned 1
srun: error: nid001791: task 24: Exited with exit code 255
Sat Apr  4 03:28:25 2026: [PE_4]:inet_connect:inet_connect: connect from nid001415 to nid001414 failed after 300 attempts
Sat Apr  4 03:28:25 2026: [PE_4]:conn_to_controller:inet_connect failed
Sat Apr  4 03:28:25 2026: [PE_4]:control_nets_join:_pmi_inet_setup (full) returned -1
MPICH ERROR [Rank 0] [job id unknown] [Sat Apr  4 03:28:25 2026] [nid001415] - Abort(1092879) (rank 0 in comm 0): Fatal error in PMPI_Init_thread: Other MPI error, error stack:
MPIR_Init_thread(170): 
MPID_Init(455).......: 
MPIR_pmi_init(110)...: PMI_Init returned 1

aborting job:
Fatal error in PMPI_Init_thread: Other MPI error, error stack:
MPIR_Init_thread(170): 
MPID_Init(455).......: 
MPIR_pmi_init(110)...: PMI_Init returned 1
srun: error: nid001415: task 4: Exited with exit code 255
srun: Job step aborted: Waiting up to 32 seconds for job step to finish.
