.. equilibrated? *equed = R
.. RowPerm 1	 time: 0.47
.. anorm 2.000000e+02
.. Use parMETIS ordering on A'+A with 64 sub-domains. sizeof(int_t) 8
.. symbfact(): relax 30, maxsuper 256, fill 5
	matrix dimension    2686802
	nonzeros in A       8100804
	nonzeros in L       30198388
	nonzeros in U       30198388
	nonzeros in L+U     57709974
	fill ratio             7.1
	nonzeros in LSUB    6092922
	No of supers   275374
	Size of G(L)   3237926
	Size of G(U)   551124
	int 8, short 2, float 4, double 8
	SYMBfact (MB):	L\U 160.62	total 354.07	expansions 0
.. # L blocks   37162	# U blocks   2740
MPI tag upper bound = 536870911
.. Starting with 1 OpenMP threads 
 === using DAG ===
.. thresh = s_eps 5.960464e-08 * anorm 2.000000e+02 = 1.192093e-05
.. Buffer size: Lsub 40	Lval 960	Usub 17	Uval 60	LDA 32
max_ncols 4,  max_ldu 30, bigu_size   120
	.. SUPERLU_MAX_BUFFER_SIZE 256000000 set for GPU
	.. SUPERLU_N_GEMM: 5000 flops of GEMM done on CPU (1st block always on CPU)
	.. GEMM buffer size: max_row_size X max_ncols = 31 x   4
[0].. BIG U size   120 (on CPU)
[0].. BIG V size   65848 (on CPU)
  Max row size is 31 
  Threads per process 1 

Initialization time	  0.2451 seconds
	 Serial: compute static schedule, allocate storage

==== Time breakdown in factorization (rank 0) ====
Panel factorization 	   0.2483 seconds
.. L-panel pxgstrf2 	   0.2461 seconds
.. U-panel pxgstrs2 	   0.0022 seconds
Time in Look-ahead update 	   0.0021 seconds
Time in Schur update 		   0.0409 seconds
.. Time to Gather L buffer	   0.0033  (Separate L panel by Lookahead/Remain)
.. Time to Gather U buffer	   0.0030 
.. Time in GEMM   0.0096 
	* Look-ahead	   0.0000 
	* Remain	   0.0096	Flops 2.1501e+07	Gflops   2.2483
.. Time to Scatter   0.0044 
	* Look-ahead	   0.0000 
	* Remain	   0.0044 
Total factorization time            	:   0.7893 seconds, 
--------
GEMM maximum block: 4-30-4

** Memory Usage **********************************
.. dQuerySpace: peak_buffer 49.98 (MB)
	(P0) serial symbolic::stage[0]: symb_memory 354.07, GA_mem_use 151.11
	(P0) serial distribution::stage[1]:symb_LU 160.62, dist_mem_use 802.25, num_mem_usage.for_lu 51.70
** Total highmark (MB):
    Sum-of-all : 57945.20 | Avg :   905.39  | Max :  1014.57
    Max at rank 0, different stages (MB):
	. symbfact          505.18
	. distribution     1014.57
	. numfact           101.68
** NUMfact space (MB): (sum-of-all-processes)
    L\U :          540.36 |  Total :  3729.79
	. max at rank 54, max L+U memory (MB):    51.82
	. max at rank 18, peak buffer (MB):       50.02
**************************************************

** number of Tiny Pivots:        1

.. DiagScale = 3
**************************************************
**** Time (seconds) ****
	EQUIL time            0.241
	ROWPERM time          0.474
	COLPERM time          1.181
	SYMBFACT time         0.247
	DISTRIBUTE time       2.047
	FACTOR time           1.035
	Factor flops	8.059514e+08	Mflops 	  778.91
	SOLVE time            0.000
	REFINEMENT time       0.000	Steps       0

**************************************************
.. anorm 2.000000e+02
num_thread:     1
( 0) .. Step   0: berr[j] = 5.960495e-06
num_thread:     1
( 0) .. Step   1: berr[j] = 2.980240e-06
num_thread:     1
( 0) .. Step   2: berr[j] = 1.986825e-06
.. DiagScale = 3
	SOLVE time            0.181
	Solve flops	1.154199e+08	Mflops 	  636.60
	REFINEMENT time       0.394	Steps       2

**************************************************
||Ax - b||_2 = 3.518526e-14
