
Entering DMUMPS 5.8.1 from C interface with JOB, N =   1     2911419
      executing #MPI =    128, without OMP

Advanced settings:
   KEEP(370) Static mapping              =         1
   KEEP(371) Advanced optimizations      =         0

 =================================================
  MUMPS compiled with option -DAVOID_MPI_IN_PLACE
 MUMPS compiled with option -Dmetis
 MUMPS compiled with option -Dparmetis
 MUMPS compiled with option -Dpord
 MUMPS compiled with option -Dptscotch
 MUMPS compiled with option -Dscotch
 =================================================
L U Solver for unsymmetric matrices
Type of parallelism: Working host

 ****** ANALYSIS STEP ********

 ** Maximum transversal (ICNTL(6)) not allowed because matrix is distributed
 Processing a graph of size:   2911419 with     124818480 edges
 Ordering based on AMD 
 A root of estimated size  152187  has been selected for Scalapack.

Leaving analysis phase with  ...
 INFOG(1)                                       =               0
 INFOG(2)                                       =               0
 -- (20) Number of entries in factors (estim.)  =     91636770537
 --  (3) Real space for factors    (estimated)  =     92056065491
 --  (4) Integer space for factors (estimated)  =        82779823
 --  (5) Maximum frontal size      (estimated)  =          167276
 --  (6) Number of nodes in the tree            =          117662
 -- (32) Type of analysis effectively used      =               1
 --  (7) Ordering option effectively used       =               0
 ICNTL (6) Maximum transversal option           =               0
 ICNTL (7) Pivot order option                   =               0
 ICNTL(12) Ordering symmetric indef. matrices   =               1
 ICNTL(13) Parallelism/splitting of root node   =               0
 ICNTL(14) Percentage of memory relaxation      =             500
 ICNTL(15) Analysis by block effectively used   =               0
 ICNTL(18) Distributed input matrix (on if >0)  =               3
 ICNTL(32) Forward elimination during facto.    =               0
 ICNTL(35) BLR activation                       =               0
 ICNTL(48) Tree based multithreading (effective)=               0
 ICNTL(58) Symbolic factorization option        =               2
 Number of level 2 nodes                        =             214
 Number of split nodes                          =              29
 RINFOG(1) Operations during elimination (estim)= 8.012E+15
 Distributed matrix entry format (ICNTL(18))    =               3

 MEMORY ESTIMATIONS ... 
 Estimations with standard Full-Rank (FR) factorization:
    Max. estimated space for factors per compute node       :     27335854539
    Maximum estim. space in Mbytes, IC facto.    (INFOG(16)):          370293
    Total space in MBytes, IC factorization      (INFOG(17)):        11668894
    Max. estim. space per compute node, in MBytes, IC fact  :         4708126
    Maximum estim. space in Mbytes, OOC facto.   (INFOG(26)):          340107
    Total space in MBytes,  OOC factorization    (INFOG(27)):         9423483
    Max. estim. space per compute node, in MBytes, OOC fact :         3902978

 Elapsed time in analysis driver=       4.0039

Entering DMUMPS 5.8.1 from C interface with JOB, N =   2     2911419
      executing #MPI =    128, without OMP

Advanced settings:
   KEEP(370) Static mapping              =         1
   KEEP(371) Advanced optimizations      =         0



****** FACTORIZATION STEP ********

 GLOBAL STATISTICS PRIOR NUMERICAL FACTORIZATION ...
 Number of working processes                =             128
 ICNTL(22) Out-of-core option               =               0
 ICNTL(35) BLR activation (eff. choice)     =               0
 ICNTL(37) BLR CB compression (eff. choice) =               0
 ICNTL(49) Compact workarray S (end facto.) =               0
 ICNTL(56) Effective value during facto.    =               0
 ICNTL(14) Memory relaxation                =             500
 INFOG(3) Real space for factors (estimated)=     92056065491
 INFOG(4) Integer space for factors (estim.)=        82779823
 Maximum frontal size (estimated)           =          167276
 Number of nodes in the tree                =          117662
 ICNTL(23) Memory allowed (value on host)   =               0
           Sum over all procs               =               0
 Memory provided by user, sum of LWK_USER   =               0
 Effective threshold for pivoting, CNTL(1)  =      0.1000E-01

 Statistics on the scaling phase
 Elapsed time for scaling                   =      0.7805
 Max difference from 1 after scaling the entries for ONE-NORM (option 7/8)   = 0.46E-01

 Average Effective size of S     (based on INFO(39))=          11130682507

 Elapsed time in factorization driver               =      0.8068
 ** ERROR RETURN ** FROM DMUMPS INFO(1)=   -1
 ** INFO(2)=             110
 On return from DMUMPS, INFOG(1)=             -13
 On return from DMUMPS, INFOG(2)=          -46003

Entering DMUMPS 5.8.1 from C interface with JOB =  -2
      executing #MPI =    128, without OMP
||Ax - b||_2 = -nan
 ** ERROR RETURN ** FROM DMUMPS INFO(1)=   -1
 ** INFO(2)=             110
 ** ERROR RETURN ** FROM DMUMPS INFO(1)=   -1
 ** INFO(2)=             110
 ** ERROR RETURN ** FROM DMUMPS INFO(1)=   -1
 ** INFO(2)=             110
 ** ERROR RETURN ** FROM DMUMPS INFO(1)=   -1
 ** INFO(2)=             110
 ** ERROR RETURN ** FROM DMUMPS INFO(1)=   -1
 ** INFO(2)=             110
 ** ERROR RETURN ** FROM DMUMPS INFO(1)=   -1
 ** INFO(2)=             110
 ** ERROR RETURN ** FROM DMUMPS INFO(1)=   -1
 ** INFO(2)=             110
 ** ERROR RETURN ** FROM DMUMPS INFO(1)=   -1
 ** INFO(2)=             110
 ** ERROR RETURN ** FROM DMUMPS INFO(1)=   -1
 ** INFO(2)=             110
 ** ERROR RETURN ** FROM DMUMPS INFO(1)=   -1
 ** INFO(2)=             110
 ** ERROR RETURN ** FROM DMUMPS INFO(1)=   -1
 ** INFO(2)=             110
 ** ERROR RETURN ** FROM DMUMPS INFO(1)=   -1
 ** INFO(2)=             110
 ** ERROR RETURN ** FROM DMUMPS INFO(1)=   -1
 ** INFO(2)=             110
 ** ERROR RETURN ** FROM DMUMPS INFO(1)=   -1
 ** INFO(2)=             110
 ** ERROR RETURN ** FROM DMUMPS INFO(1)=   -1
 ** INFO(2)=             110
 ** ERROR RETURN ** FROM DMUMPS INFO(1)=   -1
 ** INFO(2)=             110
 ** ERROR RETURN ** FROM DMUMPS INFO(1)=   -1
 ** INFO(2)=             110
 ** ERROR RETURN ** FROM DMUMPS INFO(1)=   -1
 ** INFO(2)=             110
 ** ERROR RETURN ** FROM DMUMPS INFO(1)=   -1
 ** INFO(2)=             110
 ** ERROR RETURN ** FROM DMUMPS INFO(1)=   -1
 ** INFO(2)=             110
 ** ERROR RETURN ** FROM DMUMPS INFO(1)=   -1
 ** INFO(2)=             110
 ** ERROR RETURN ** FROM DMUMPS INFO(1)=   -1
 ** INFO(2)=             110
 ** ERROR RETURN ** FROM DMUMPS INFO(1)=   -1
 ** INFO(2)=             110
 ** ERROR RETURN ** FROM DMUMPS INFO(1)=   -1
 ** INFO(2)=             110
 ** ERROR RETURN ** FROM DMUMPS INFO(1)=   -1
 ** INFO(2)=             110
 ** ERROR RETURN ** FROM DMUMPS INFO(1)=   -1
 ** INFO(2)=             110
 ** ERROR RETURN ** FROM DMUMPS INFO(1)=   -1
 ** INFO(2)=             110
 ** ERROR RETURN ** FROM DMUMPS INFO(1)=   -1
 ** INFO(2)=             110
 ** ERROR RETURN ** FROM DMUMPS INFO(1)=   -1
 ** INFO(2)=             110
 ** ERROR RETURN ** FROM DMUMPS INFO(1)=   -1
 ** INFO(2)=             110
 ** ERROR RETURN ** FROM DMUMPS INFO(1)=   -1
 ** INFO(2)=             110
 ** ERROR RETURN ** FROM DMUMPS INFO(1)=   -1
 ** INFO(2)=             110
 ** ERROR RETURN ** FROM DMUMPS INFO(1)=   -1
 ** INFO(2)=             110
 ** ERROR RETURN ** FROM DMUMPS INFO(1)=   -1
 ** INFO(2)=             110
 ** ERROR RETURN ** FROM DMUMPS INFO(1)=   -1
 ** INFO(2)=             110
 ** ERROR RETURN ** FROM DMUMPS INFO(1)=   -1
 ** INFO(2)=             110
 ** ERROR RETURN ** FROM DMUMPS INFO(1)=   -1
 ** INFO(2)=             110
 ** ERROR RETURN ** FROM DMUMPS INFO(1)=   -1
 ** INFO(2)=             110
 ** ERROR RETURN ** FROM DMUMPS INFO(1)=   -1
 ** INFO(2)=             110
 ** ERROR RETURN ** FROM DMUMPS INFO(1)=   -1
 ** INFO(2)=             110
 ** ERROR RETURN ** FROM DMUMPS INFO(1)=   -1
 ** INFO(2)=             110
 ** ERROR RETURN ** FROM DMUMPS INFO(1)=   -1
 ** INFO(2)=             110
 ** ERROR RETURN ** FROM DMUMPS INFO(1)=   -1
 ** INFO(2)=             110
 ** ERROR RETURN ** FROM DMUMPS INFO(1)=   -1
 ** INFO(2)=             110
 ** ERROR RETURN ** FROM DMUMPS INFO(1)=   -1
 ** INFO(2)=             110
 ** ERROR RETURN ** FROM DMUMPS INFO(1)=   -1
 ** INFO(2)=             110
 ** ERROR RETURN ** FROM DMUMPS INFO(1)=   -1
 ** INFO(2)=             110
 ** ERROR RETURN ** FROM DMUMPS INFO(1)=   -1
 ** INFO(2)=             110
 ** ERROR RETURN ** FROM DMUMPS INFO(1)=   -1
 ** INFO(2)=             110
 ** ERROR RETURN ** FROM DMUMPS INFO(1)=   -1
 ** INFO(2)=             110
 ** ERROR RETURN ** FROM DMUMPS INFO(1)=   -1
 ** INFO(2)=             110
 ** ERROR RETURN ** FROM DMUMPS INFO(1)=   -1
 ** INFO(2)=             110
 ** ERROR RETURN ** FROM DMUMPS INFO(1)=   -1
 ** INFO(2)=             110
 ** ERROR RETURN ** FROM DMUMPS INFO(1)=   -1
 ** INFO(2)=             110
 ** ERROR RETURN ** FROM DMUMPS INFO(1)=   -1
 ** INFO(2)=             110
 ** ERROR RETURN ** FROM DMUMPS INFO(1)=   -1
 ** INFO(2)=             110
 ** ERROR RETURN ** FROM DMUMPS INFO(1)=   -1
 ** INFO(2)=             110
 ** ERROR RETURN ** FROM DMUMPS INFO(1)=   -1
 ** INFO(2)=             110
 ** ERROR RETURN ** FROM DMUMPS INFO(1)=   -1
 ** INFO(2)=             110
 ** ERROR RETURN ** FROM DMUMPS INFO(1)=   -1
 ** INFO(2)=             110
 ** ERROR RETURN ** FROM DMUMPS INFO(1)=   -1
 ** INFO(2)=             110
 ** ERROR RETURN ** FROM DMUMPS INFO(1)=   -1
 ** INFO(2)=             110
 ** ERROR RETURN ** FROM DMUMPS INFO(1)=   -1
 ** INFO(2)=             110
 ** ERROR RETURN ** FROM DMUMPS INFO(1)=   -1
 ** INFO(2)=             110
 ** ERROR RETURN ** FROM DMUMPS INFO(1)=   -1
 ** INFO(2)=             110
 ** ERROR RETURN ** FROM DMUMPS INFO(1)=   -1
 ** INFO(2)=             110
 ** ERROR RETURN ** FROM DMUMPS INFO(1)=   -1
 ** INFO(2)=             110
 ** ERROR RETURN ** FROM DMUMPS INFO(1)=   -1
 ** INFO(2)=             110
 ** ERROR RETURN ** FROM DMUMPS INFO(1)=   -1
 ** INFO(2)=             110
 ** ERROR RETURN ** FROM DMUMPS INFO(1)=   -1
 ** INFO(2)=             110
 ** ERROR RETURN ** FROM DMUMPS INFO(1)=   -1
 ** INFO(2)=             110
 ** ERROR RETURN ** FROM DMUMPS INFO(1)=   -1
 ** INFO(2)=             110
 ** ERROR RETURN ** FROM DMUMPS INFO(1)=   -1
 ** INFO(2)=             110
 ** ERROR RETURN ** FROM DMUMPS INFO(1)=   -1
 ** INFO(2)=             110
 ** ERROR RETURN ** FROM DMUMPS INFO(1)=   -1
 ** INFO(2)=             110
 ** ERROR RETURN ** FROM DMUMPS INFO(1)=   -1
 ** INFO(2)=             110
 ** ERROR RETURN ** FROM DMUMPS INFO(1)=   -1
 ** INFO(2)=             110
 ** ERROR RETURN ** FROM DMUMPS INFO(1)=   -1
 ** INFO(2)=             110
 ** ERROR RETURN ** FROM DMUMPS INFO(1)=   -1
 ** INFO(2)=             110
 ** ERROR RETURN ** FROM DMUMPS INFO(1)=   -1
 ** INFO(2)=             110
 ** ERROR RETURN ** FROM DMUMPS INFO(1)=   -1
 ** INFO(2)=             110
 ** ERROR RETURN ** FROM DMUMPS INFO(1)=   -1
 ** INFO(2)=             110
 ** ERROR RETURN ** FROM DMUMPS INFO(1)=   -1
 ** INFO(2)=             110
 ** ERROR RETURN ** FROM DMUMPS INFO(1)=   -1
 ** INFO(2)=             110
 ** ERROR RETURN ** FROM DMUMPS INFO(1)=   -1
 ** INFO(2)=             110
 ** ERROR RETURN ** FROM DMUMPS INFO(1)=   -1
 ** INFO(2)=             110
 ** ERROR RETURN ** FROM DMUMPS INFO(1)=   -1
 ** INFO(2)=             110
 ** ERROR RETURN ** FROM DMUMPS INFO(1)=   -1
 ** INFO(2)=             110
 ** ERROR RETURN ** FROM DMUMPS INFO(1)=   -1
 ** INFO(2)=             110
 ** ERROR RETURN ** FROM DMUMPS INFO(1)=   -1
 ** INFO(2)=             110
 ** ERROR RETURN ** FROM DMUMPS INFO(1)=   -1
 ** INFO(2)=             110
 ** ERROR RETURN ** FROM DMUMPS INFO(1)=   -1
 ** INFO(2)=             110
 ** ERROR RETURN ** FROM DMUMPS INFO(1)=   -1
 ** INFO(2)=             110
 ** ERROR RETURN ** FROM DMUMPS INFO(1)=   -1
 ** INFO(2)=             110
 ** ERROR RETURN ** FROM DMUMPS INFO(1)=   -1
 ** INFO(2)=             110
 ** ERROR RETURN ** FROM DMUMPS INFO(1)=   -1
 ** INFO(2)=             110
 ** ERROR RETURN ** FROM DMUMPS INFO(1)=   -1
 ** INFO(2)=             110
 ** ERROR RETURN ** FROM DMUMPS INFO(1)=   -1
 ** INFO(2)=             110
 ** ERROR RETURN ** FROM DMUMPS INFO(1)=   -1
 ** INFO(2)=             110
 ** ERROR RETURN ** FROM DMUMPS INFO(1)=   -1
 ** INFO(2)=             110
 ** ERROR RETURN ** FROM DMUMPS INFO(1)=   -1
 ** INFO(2)=             110
 ** ERROR RETURN ** FROM DMUMPS INFO(1)=   -1
 ** INFO(2)=             110
 ** ERROR RETURN ** FROM DMUMPS INFO(1)=   -1
 ** INFO(2)=             110
 ** ERROR RETURN ** FROM DMUMPS INFO(1)=   -1
 ** INFO(2)=             110
 ** ERROR RETURN ** FROM DMUMPS INFO(1)=   -1
 ** INFO(2)=             110
 ** ERROR RETURN ** FROM DMUMPS INFO(1)=   -1
 ** INFO(2)=             110
 ** ERROR RETURN ** FROM DMUMPS INFO(1)=   -1
 ** INFO(2)=             110
 ** ERROR RETURN ** FROM DMUMPS INFO(1)=   -1
 ** INFO(2)=             110
 ** ERROR RETURN ** FROM DMUMPS INFO(1)=   -1
 ** INFO(2)=             110
 ** ERROR RETURN ** FROM DMUMPS INFO(1)=   -1
 ** INFO(2)=             110
 ** ERROR RETURN ** FROM DMUMPS INFO(1)=   -1
 ** INFO(2)=             110
 ** ERROR RETURN ** FROM DMUMPS INFO(1)=   -1
 ** INFO(2)=             110
 ** ERROR RETURN ** FROM DMUMPS INFO(1)=   -1
 ** INFO(2)=             110
 ** ERROR RETURN ** FROM DMUMPS INFO(1)=   -1
 ** INFO(2)=             110
 ** ERROR RETURN ** FROM DMUMPS INFO(1)=  -13
 ** INFO(2)=          -46003
 ** ERROR RETURN ** FROM DMUMPS INFO(1)=   -1
 ** INFO(2)=             110
 ** ERROR RETURN ** FROM DMUMPS INFO(1)=   -1
 ** INFO(2)=             110
 ** ERROR RETURN ** FROM DMUMPS INFO(1)=   -1
 ** INFO(2)=             110
 ** ERROR RETURN ** FROM DMUMPS INFO(1)=   -1
 ** INFO(2)=             110
 ** ERROR RETURN ** FROM DMUMPS INFO(1)=   -1
 ** INFO(2)=             110
 ** ERROR RETURN ** FROM DMUMPS INFO(1)=   -1
 ** INFO(2)=             110
 ** ERROR RETURN ** FROM DMUMPS INFO(1)=   -1
 ** INFO(2)=             110
 ** ERROR RETURN ** FROM DMUMPS INFO(1)=   -1
 ** INFO(2)=             110
 ** ERROR RETURN ** FROM DMUMPS INFO(1)=   -1
 ** INFO(2)=             110
 ** ERROR RETURN ** FROM DMUMPS INFO(1)=   -1
 ** INFO(2)=             110
 ** ERROR RETURN ** FROM DMUMPS INFO(1)=   -1
 ** INFO(2)=             110
 ** ERROR RETURN ** FROM DMUMPS INFO(1)=   -1
 ** INFO(2)=             110
