
Entering DMUMPS 5.8.1 from C interface with JOB, N =   1     1489752
      executing #MPI =     64, without OMP

Advanced settings:
   KEEP(370) Static mapping              =         1
   KEEP(371) Advanced optimizations      =         0

 =================================================
  MUMPS compiled with option -DAVOID_MPI_IN_PLACE
 MUMPS compiled with option -Dmetis
 MUMPS compiled with option -Dparmetis
 MUMPS compiled with option -Dpord
 MUMPS compiled with option -Dptscotch
 MUMPS compiled with option -Dscotch
 =================================================
L U Solver for unsymmetric matrices
Type of parallelism: Working host

 ****** ANALYSIS STEP ********

 ** Maximum transversal (ICNTL(6)) not allowed because matrix is distributed
 Processing a graph of size:   1489752 with       8830008 edges
 Ordering based on METIS
 ELAPSED TIME SPENT IN METIS reordering  =     11.8735
 SYMBOLIC based on column counts 
 ELAPSED TIME IN symbolic factorization  =      0.2829
 A root of estimated size  7524  has been selected for Scalapack.

Leaving analysis phase with  ...
 INFOG(1)                                       =               0
 INFOG(2)                                       =               0
 -- (20) Number of entries in factors (estim.)  =      2068473114
 --  (3) Real space for factors    (estimated)  =      2074448878
 --  (4) Integer space for factors (estimated)  =        20112427
 --  (5) Maximum frontal size      (estimated)  =           11494
 --  (6) Number of nodes in the tree            =          137070
 -- (32) Type of analysis effectively used      =               1
 --  (7) Ordering option effectively used       =               5
 ICNTL (6) Maximum transversal option           =               0
 ICNTL (7) Pivot order option                   =               5
 ICNTL(12) Ordering symmetric indef. matrices   =               1
 ICNTL(13) Parallelism/splitting of root node   =               0
 ICNTL(14) Percentage of memory relaxation      =             500
 ICNTL(15) Analysis by block effectively used   =               0
 ICNTL(18) Distributed input matrix (on if >0)  =               3
 ICNTL(32) Forward elimination during facto.    =               0
 ICNTL(35) BLR activation                       =               0
 ICNTL(48) Tree based multithreading (effective)=               0
 ICNTL(58) Symbolic factorization option        =               2
 Number of level 2 nodes                        =             143
 Number of split nodes                          =              16
 RINFOG(1) Operations during elimination (estim)= 1.081E+13
 Distributed matrix entry format (ICNTL(18))    =               3

 MEMORY ESTIMATIONS ... 
 Estimations with standard Full-Rank (FR) factorization:
    Maximum estim. space in Mbytes, IC facto.    (INFOG(16)):            3102
    Total space in MBytes, IC factorization      (INFOG(17)):          168606
    Maximum estim. space in Mbytes, OOC facto.   (INFOG(26)):            2364
    Total space in MBytes,  OOC factorization    (INFOG(27)):          111075

 Elapsed time in analysis driver=      13.3275

Entering DMUMPS 5.8.1 from C interface with JOB, N =   2     1489752
      executing #MPI =     64, without OMP

Advanced settings:
   KEEP(370) Static mapping              =         1
   KEEP(371) Advanced optimizations      =         0



****** FACTORIZATION STEP ********

 GLOBAL STATISTICS PRIOR NUMERICAL FACTORIZATION ...
 Number of working processes                =              64
 ICNTL(22) Out-of-core option               =               0
 ICNTL(35) BLR activation (eff. choice)     =               0
 ICNTL(37) BLR CB compression (eff. choice) =               0
 ICNTL(49) Compact workarray S (end facto.) =               0
 ICNTL(56) Effective value during facto.    =               0
 ICNTL(14) Memory relaxation                =             500
 INFOG(3) Real space for factors (estimated)=      2074448878
 INFOG(4) Integer space for factors (estim.)=        20112427
 Maximum frontal size (estimated)           =           11494
 Number of nodes in the tree                =          137070
 ICNTL(23) Memory allowed (value on host)   =               0
           Sum over all procs               =               0
 Memory provided by user, sum of LWK_USER   =               0
 Effective threshold for pivoting, CNTL(1)  =      0.1000E-01

 Statistics on the scaling phase
 Elapsed time for scaling                   =      0.3681
 Max difference from 1 after scaling the entries for ONE-NORM (option 7/8)   = 0.59E-02

 Average Effective size of S     (based on INFO(39))=            304780406

 Redistrib: total data local/sent           =          187548        12238869
 Elapsed time to reformat/distribute matrix =      0.1267


 Allocated buffers
 ------------------
 Size of reception buffer in bytes ...... =     13708072
 Size of async. emission buffer (bytes).. =     41261293
 Small emission buffer (bytes) .......... =        87884
 ** Memory allocated, max in Mbytes             (INFOG(18)):        3102

 ** Memory allocated, total in Mbytes           (INFOG(19)):      168606
 ** Memory effectively used, max in  Mbytes     (INFOG(21)):         643
 ** Memory effectively used, total in Mbytes    (INFOG(22)):       35652

 Elapsed time to process root node                  =      0.3344

 Elapsed time for factorization                     =      9.2952

Leaving factorization with ...
 RINFOG (2) Operations in node assembly             = 6.305E+09
 ------ (3) Operations in node elimination          = 1.081E+13
 ICNTL  (8) Scaling effectively used                =               7
 INFOG  (9) Real space for factors                  =      2068415162
 INFOG (10) Integer space for factors               =        20111318
 INFOG (11) Maximum front size                      =           11491
 INFOG (29) Number of entries in factors            =      2068415162
 INFOG (12) Number of off diagonal pivots           =               0
 INFOG (13) Number of delayed pivots                =               0
 RINFOG(19) Smallest pivot WITH perturbed pivots    = 3.244E-01
 RINFOG(20) Smallest pivot WITHOUT perturbed pivots = 3.244E-01
 RINFOG(21) Largest pivot in absolute value         = 6.699E-01
 INFOG (24) Effective value of ICNTL(12)            =               1
 INFOG (14) Number of memory compress               =               0

 Elapsed time in factorization driver               =      9.9181

Entering DMUMPS 5.8.1 from C interface with JOB, N =   3     1489752
      executing #MPI =     64, without OMP

Advanced settings:
   KEEP(370) Static mapping              =         1
   KEEP(371) Advanced optimizations      =         0



 ****** SOLVE & CHECK STEP ********

 GLOBAL STATISTICS PRIOR SOLVE PHASE ...........
 Number of right-hand-sides                    =           1
 Blocking factor for multiple rhs              =           1
 ICNTL (9)                                     =           1
  --- (10)                                     =           2
  --- (11)                                     =           0
  --- (20)                                     =           0
  --- (21)                                     =           1
  --- (30)                                     =           0
  --- (35)                                     =           0
  --- (48) (effective)                         =           0
 WARNING:  Incompatible features: nrhs>1 or distrib sol and Iter. Ref and/or Err. Anal.
 WARNING: ICNTL(10) treated as if set to 0 
 ** Rank of processor needing largest memory in solve     :         7
 ** Space in MBYTES used by this processor for solve      :      2994
 ** Avg. Space in MBYTES per working proc during solve    :      2525
 
 Leaving solve with ...
 Time to build/scatter RHS        =       0.024334
 Time in solution step (fwd/bwd)  =       0.142622
  .. Time in forward (fwd) step   =          0.053622
  .. Time in ScaLAPACK root       =          0.005618
  .. Time in backward (bwd) step  =          0.082248
 Time to gather solution(cent.sol)=       0.000000
 Time for distributed solution    =       0.000513

 Elapsed time in solve driver=       0.1823

Entering DMUMPS 5.8.1 from C interface with JOB =  -2
      executing #MPI =     64, without OMP
||Ax - b||_2 = 8.423495e-08
