.. equilibrated? *equed = R
.. RowPerm 1	 time: 0.71
.. anorm 3.067944e+00
.. Use parMETIS ordering on A'+A with 128 sub-domains. sizeof(int_t) 8
.. symbfact(): relax 30, maxsuper 256, fill 5
slurmstepd: error: Detected 3 oom_kill events in StepId=17134572.0. Some of the step tasks have been OOM Killed.
srun: error: nid001292: tasks 41,66,74,82,93,97,100,113,119,124: Out Of Memory
srun: Terminating StepId=17134572.0
srun: error: slurm_send_node_msg: [socket:[36674455]] slurm_bufs_sendto(msg_type=RESPONSE_SLURM_RC) failed: Unexpected missing socket error
slurmstepd: error: *** STEP 17134572.0 ON nid001292 CANCELLED AT 2026-04-01T01:26:10 ***
srun: error: Task 41 reported exit for a second time.
srun: error: Task 66 reported exit for a second time.
srun: error: Task 74 reported exit for a second time.
srun: error: Task 82 reported exit for a second time.
srun: error: Task 93 reported exit for a second time.
srun: error: Task 97 reported exit for a second time.
srun: error: Task 100 reported exit for a second time.
srun: error: Task 113 reported exit for a second time.
srun: error: Task 119 reported exit for a second time.
srun: error: Task 124 reported exit for a second time.
[0]PETSC ERROR: ------------------------------------------------------------------------
[0]PETSC ERROR: Caught signal number 15 Terminate: Some process (or the batch system) has told this process to end
[0]PETSC ERROR: Try option -start_in_debugger or -on_error_attach_debugger
[0]PETSC ERROR: or see https://petsc.org/release/faq/#valgrind and https://petsc.org/release/faq/
[0]PETSC ERROR: configure using --with-debugging=yes, recompile, link, and run 
[0]PETSC ERROR: to get more information on the crash.
[9]PETSC ERROR: ------------------------------------------------------------------------
[77]PETSC ERROR: ------------------------------------------------------------------------
[109]PETSC ERROR: ------------------------------------------------------------------------
[110]PETSC ERROR: ------------------------------------------------------------------------
[110]PETSC ERROR: Caught signal number 15 Terminate: Some process (or the batch system) has told this process to end
[110]PETSC ERROR: Try option -start_in_debugger or -on_error_attach_debugger
[110]PETSC ERROR: or see https://petsc.org/release/faq/#valgrind and https://petsc.org/release/faq/
[110]PETSC ERROR: configure using --with-debugging=yes, recompile, link, and run 
[110]PETSC ERROR: to get more information on the crash.
[116]PETSC ERROR: ------------------------------------------------------------------------
[12]PETSC ERROR: ------------------------------------------------------------------------
[12]PETSC ERROR: Caught signal number 15 Terminate: Some process (or the batch system) has told this process to end
[12]PETSC ERROR: Try option -start_in_debugger or -on_error_attach_debugger
[12]PETSC ERROR: or see https://petsc.org/release/faq/#valgrind and https://petsc.org/release/faq/
[12]PETSC ERROR: configure using --with-debugging=yes, recompile, link, and run 
[12]PETSC ERROR: to get more information on the crash.
[31]PETSC ERROR: ------------------------------------------------------------------------
[31]PETSC ERROR: Caught signal number 15 Terminate: Some process (or the batch system) has told this process to end
[31]PETSC ERROR: Try option -start_in_debugger or -on_error_attach_debugger
[31]PETSC ERROR: or see https://petsc.org/release/faq/#valgrind and https://petsc.org/release/faq/
[31]PETSC ERROR: configure using --with-debugging=yes, recompile, link, and run 
[31]PETSC ERROR: to get more information on the crash.
[32]PETSC ERROR: ------------------------------------------------------------------------
[32]PETSC ERROR: Caught signal number 15 Terminate: Some process (or the batch system) has told this process to end
[32]PETSC ERROR: Try option -start_in_debugger or -on_error_attach_debugger
[32]PETSC ERROR: or see https://petsc.org/release/faq/#valgrind and https://petsc.org/release/faq/
[32]PETSC ERROR: configure using --with-debugging=yes, recompile, link, and run 
[32]PETSC ERROR: to get more information on the crash.
[43]PETSC ERROR: ------------------------------------------------------------------------
[43]PETSC ERROR: Caught signal number 15 Terminate: Some process (or the batch system) has told this process to end
[43]PETSC ERROR: Try option -start_in_debugger or -on_error_attach_debugger
[43]PETSC ERROR: or see https://petsc.org/release/faq/#valgrind and https://petsc.org/release/faq/
[43]PETSC ERROR: configure using --with-debugging=yes, recompile, link, and run 
[43]PETSC ERROR: to get more information on the crash.
[51]PETSC ERROR: ------------------------------------------------------------------------
[51]PETSC ERROR: Caught signal number 15 Terminate: Some process (or the batch system) has told this process to end
[51]PETSC ERROR: Try option -start_in_debugger or -on_error_attach_debugger
[51]PETSC ERROR: or see https://petsc.org/release/faq/#valgrind and https://petsc.org/release/faq/
[51]PETSC ERROR: configure using --with-debugging=yes, recompile, link, and run 
[51]PETSC ERROR: to get more information on the crash.
[52]PETSC ERROR: ------------------------------------------------------------------------
[52]PETSC ERROR: Caught signal number 15 Terminate: Some process (or the batch system) has told this process to end
[52]PETSC ERROR: Try option -start_in_debugger or -on_error_attach_debugger
[52]PETSC ERROR: or see https://petsc.org/release/faq/#valgrind and https://petsc.org/release/faq/
[52]PETSC ERROR: configure using --with-debugging=yes, recompile, link, and run 
[52]PETSC ERROR: to get more information on the crash.
[68]PETSC ERROR: ------------------------------------------------------------------------
[68]PETSC ERROR: Caught signal number 15 Terminate: Some process (or the batch system) has told this process to end
[68]PETSC ERROR: Try option -start_in_debugger or -on_error_attach_debugger
[68]PETSC ERROR: or see https://petsc.org/release/faq/#valgrind and https://petsc.org/release/faq/
[68]PETSC ERROR: configure using --with-debugging=yes, recompile, link, and run 
[68]PETSC ERROR: to get more information on the crash.
[80]PETSC ERROR: ------------------------------------------------------------------------
[80]PETSC ERROR: Caught signal number 15 Terminate: Some process (or the batch system) has told this process to end
[80]PETSC ERROR: Try option -start_in_debugger or -on_error_attach_debugger
[80]PETSC ERROR: or see https://petsc.org/release/faq/#valgrind and https://petsc.org/release/faq/
[80]PETSC ERROR: configure using --with-debugging=yes, recompile, link, and run 
[80]PETSC ERROR: to get more information on the crash.
[102]PETSC ERROR: ------------------------------------------------------------------------
[102]PETSC ERROR: Caught signal number 15 Terminate: Some process (or the batch system) has told this process to end
[102]PETSC ERROR: Try option -start_in_debugger or -on_error_attach_debugger
[102]PETSC ERROR: or see https://petsc.org/release/faq/#valgrind and https://petsc.org/release/faq/
[102]PETSC ERROR: configure using --with-debugging=yes, recompile, link, and run 
[102]PETSC ERROR: to get more information on the crash.
[105]PETSC ERROR: ------------------------------------------------------------------------
[105]PETSC ERROR: Caught signal number 15 Terminate: Some process (or the batch system) has told this process to end
[105]PETSC ERROR: Try option -start_in_debugger or -on_error_attach_debugger
[105]PETSC ERROR: or see https://petsc.org/release/faq/#valgrind and https://petsc.org/release/faq/
[105]PETSC ERROR: configure using --with-debugging=yes, recompile, link, and run 
[105]PETSC ERROR: to get more information on the crash.
[92]PETSC ERROR: ------------------------------------------------------------------------
[92]PETSC ERROR: Caught signal number 15 Terminate: Some process (or the batch system) has told this process to end
[92]PETSC ERROR: Try option -start_in_debugger or -on_error_attach_debugger
[92]PETSC ERROR: or see https://petsc.org/release/faq/#valgrind and https://petsc.org/release/faq/
[92]PETSC ERROR: configure using --with-debugging=yes, recompile, link, and run 
[92]PETSC ERROR: to get more information on the crash.
MPICH ERROR [Rank 0] [job id 17134572.0] [Wed Apr  1 01:26:42 2026] [nid001292] - Abort(59) (rank 0 in comm 0): application called MPI_Abort(MPI_COMM_WORLD, 59) - process 0

[1]PETSC ERROR: ------------------------------------------------------------------------
[1]PETSC ERROR: Caught signal number 15 Terminate: Some process (or the batch system) has told this process to end
[1]PETSC ERROR: Try option -start_in_debugger or -on_error_attach_debugger
[1]PETSC ERROR: or see https://petsc.org/release/faq/#valgrind and https://petsc.org/release/faq/
[1]PETSC ERROR: configure using --with-debugging=yes, recompile, link, and run 
[1]PETSC ERROR: to get more information on the crash.
MPICH ERROR [Rank 1] [job id 17134572.0] [Wed Apr  1 01:27:01 2026] [nid001292] - Abort(59) (rank 1 in comm 0): application called MPI_Abort(MPI_COMM_WORLD, 59) - process 1

[2]PETSC ERROR: ------------------------------------------------------------------------
[2]PETSC ERROR: Caught signal number 15 Terminate: Some process (or the batch system) has told this process to end
[2]PETSC ERROR: Try option -start_in_debugger or -on_error_attach_debugger
[2]PETSC ERROR: or see https://petsc.org/release/faq/#valgrind and https://petsc.org/release/faq/
[2]PETSC ERROR: configure using --with-debugging=yes, recompile, link, and run 
[2]PETSC ERROR: to get more information on the crash.
MPICH ERROR [Rank 2] [job id 17134572.0] [Wed Apr  1 01:27:06 2026] [nid001292] - Abort(59) (rank 2 in comm 0): application called MPI_Abort(MPI_COMM_WORLD, 59) - process 2

[3]PETSC ERROR: ------------------------------------------------------------------------
[3]PETSC ERROR: Caught signal number 15 Terminate: Some process (or the batch system) has told this process to end
[3]PETSC ERROR: Try option -start_in_debugger or -on_error_attach_debugger
[3]PETSC ERROR: or see https://petsc.org/release/faq/#valgrind and https://petsc.org/release/faq/
[3]PETSC ERROR: configure using --with-debugging=yes, recompile, link, and run 
[3]PETSC ERROR: to get more information on the crash.
MPICH ERROR [Rank 3] [job id 17134572.0] [Wed Apr  1 01:26:59 2026] [nid001292] - Abort(59) (rank 3 in comm 0): application called MPI_Abort(MPI_COMM_WORLD, 59) - process 3

[4]PETSC ERROR: ------------------------------------------------------------------------
[4]PETSC ERROR: Caught signal number 15 Terminate: Some process (or the batch system) has told this process to end
[4]PETSC ERROR: Try option -start_in_debugger or -on_error_attach_debugger
[4]PETSC ERROR: or see https://petsc.org/release/faq/#valgrind and https://petsc.org/release/faq/
[4]PETSC ERROR: configure using --with-debugging=yes, recompile, link, and run 
[4]PETSC ERROR: to get more information on the crash.
MPICH ERROR [Rank 4] [job id 17134572.0] [Wed Apr  1 01:27:00 2026] [nid001292] - Abort(59) (rank 4 in comm 0): application called MPI_Abort(MPI_COMM_WORLD, 59) - process 4

aborting job:
application called MPI_Abort(MPI_COMM_WORLD, 59) - process 4
[5]PETSC ERROR: ------------------------------------------------------------------------
[5]PETSC ERROR: Caught signal number 15 Terminate: Some process (or the batch system) has told this process to end
[5]PETSC ERROR: Try option -start_in_debugger or -on_error_attach_debugger
[5]PETSC ERROR: or see https://petsc.org/release/faq/#valgrind and https://petsc.org/release/faq/
[5]PETSC ERROR: configure using --with-debugging=yes, recompile, link, and run 
[5]PETSC ERROR: to get more information on the crash.
MPICH ERROR [Rank 5] [job id 17134572.0] [Wed Apr  1 01:26:59 2026] [nid001292] - Abort(59) (rank 5 in comm 0): application called MPI_Abort(MPI_COMM_WORLD, 59) - process 5

[6]PETSC ERROR: ------------------------------------------------------------------------
[6]PETSC ERROR: Caught signal number 15 Terminate: Some process (or the batch system) has told this process to end
[6]PETSC ERROR: Try option -start_in_debugger or -on_error_attach_debugger
[6]PETSC ERROR: or see https://petsc.org/release/faq/#valgrind and https://petsc.org/release/faq/
[6]PETSC ERROR: configure using --with-debugging=yes, recompile, link, and run 
[6]PETSC ERROR: to get more information on the crash.
MPICH ERROR [Rank 6] [job id 17134572.0] [Wed Apr  1 01:27:01 2026] [nid001292] - Abort(59) (rank 6 in comm 0): application called MPI_Abort(MPI_COMM_WORLD, 59) - process 6

aborting job:
application called MPI_Abort(MPI_COMM_WORLD, 59) - process 6
[7]PETSC ERROR: ------------------------------------------------------------------------
[7]PETSC ERROR: Caught signal number 15 Terminate: Some process (or the batch system) has told this process to end
[7]PETSC ERROR: Try option -start_in_debugger or -on_error_attach_debugger
[7]PETSC ERROR: or see https://petsc.org/release/faq/#valgrind and https://petsc.org/release/faq/
[7]PETSC ERROR: configure using --with-debugging=yes, recompile, link, and run 
[7]PETSC ERROR: to get more information on the crash.
MPICH ERROR [Rank 7] [job id 17134572.0] [Wed Apr  1 01:26:49 2026] [nid001292] - Abort(59) (rank 7 in comm 0): application called MPI_Abort(MPI_COMM_WORLD, 59) - process 7

[8]PETSC ERROR: ------------------------------------------------------------------------
[8]PETSC ERROR: Caught signal number 15 Terminate: Some process (or the batch system) has told this process to end
[8]PETSC ERROR: Try option -start_in_debugger or -on_error_attach_debugger
[8]PETSC ERROR: or see https://petsc.org/release/faq/#valgrind and https://petsc.org/release/faq/
[8]PETSC ERROR: configure using --with-debugging=yes, recompile, link, and run 
[8]PETSC ERROR: to get more information on the crash.
MPICH ERROR [Rank 8] [job id 17134572.0] [Wed Apr  1 01:26:59 2026] [nid001292] - Abort(59) (rank 8 in comm 0): application called MPI_Abort(MPI_COMM_WORLD, 59) - process 8

aborting job:
application called MPI_Abort(MPI_COMM_WORLD, 59) - process 8
[9]PETSC ERROR: Caught signal number 15 Terminate: Some process (or the batch system) has told this process to end
[9]PETSC ERROR: Try option -start_in_debugger or -on_error_attach_debugger
[9]PETSC ERROR: or see https://petsc.org/release/faq/#valgrind and https://petsc.org/release/faq/
[9]PETSC ERROR: configure using --with-debugging=yes, recompile, link, and run 
[9]PETSC ERROR: to get more information on the crash.
MPICH ERROR [Rank 9] [job id 17134572.0] [Wed Apr  1 01:27:01 2026] [nid001292] - Abort(59) (rank 9 in comm 0): application called MPI_Abort(MPI_COMM_WORLD, 59) - process 9

aborting job:
application called MPI_Abort(MPI_COMM_WORLD, 59) - process 9
[10]PETSC ERROR: ------------------------------------------------------------------------
[10]PETSC ERROR: Caught signal number 15 Terminate: Some process (or the batch system) has told this process to end
[10]PETSC ERROR: Try option -start_in_debugger or -on_error_attach_debugger
[10]PETSC ERROR: or see https://petsc.org/release/faq/#valgrind and https://petsc.org/release/faq/
[10]PETSC ERROR: configure using --with-debugging=yes, recompile, link, and run 
[10]PETSC ERROR: to get more information on the crash.
MPICH ERROR [Rank 10] [job id 17134572.0] [Wed Apr  1 01:26:39 2026] [nid001292] - Abort(59) (rank 10 in comm 0): application called MPI_Abort(MPI_COMM_WORLD, 59) - process 10

aborting job:
application called MPI_Abort(MPI_COMM_WORLD, 59) - process 10
[11]PETSC ERROR: ------------------------------------------------------------------------
[11]PETSC ERROR: Caught signal number 15 Terminate: Some process (or the batch system) has told this process to end
[11]PETSC ERROR: Try option -start_in_debugger or -on_error_attach_debugger
[11]PETSC ERROR: or see https://petsc.org/release/faq/#valgrind and https://petsc.org/release/faq/
[11]PETSC ERROR: configure using --with-debugging=yes, recompile, link, and run 
[11]PETSC ERROR: to get more information on the crash.
MPICH ERROR [Rank 11] [job id 17134572.0] [Wed Apr  1 01:26:49 2026] [nid001292] - Abort(59) (rank 11 in comm 0): application called MPI_Abort(MPI_COMM_WORLD, 59) - process 11

MPICH ERROR [Rank 12] [job id 17134572.0] [Wed Apr  1 01:26:35 2026] [nid001292] - Abort(59) (rank 12 in comm 0): application called MPI_Abort(MPI_COMM_WORLD, 59) - process 12

[13]PETSC ERROR: ------------------------------------------------------------------------
[13]PETSC ERROR: Caught signal number 15 Terminate: Some process (or the batch system) has told this process to end
[13]PETSC ERROR: Try option -start_in_debugger or -on_error_attach_debugger
[13]PETSC ERROR: or see https://petsc.org/release/faq/#valgrind and https://petsc.org/release/faq/
[13]PETSC ERROR: configure using --with-debugging=yes, recompile, link, and run 
[13]PETSC ERROR: to get more information on the crash.
MPICH ERROR [Rank 13] [job id 17134572.0] [Wed Apr  1 01:27:01 2026] [nid001292] - Abort(59) (rank 13 in comm 0): application called MPI_Abort(MPI_COMM_WORLD, 59) - process 13

[14]PETSC ERROR: ------------------------------------------------------------------------
[14]PETSC ERROR: Caught signal number 15 Terminate: Some process (or the batch system) has told this process to end
[14]PETSC ERROR: Try option -start_in_debugger or -on_error_attach_debugger
[14]PETSC ERROR: or see https://petsc.org/release/faq/#valgrind and https://petsc.org/release/faq/
[14]PETSC ERROR: configure using --with-debugging=yes, recompile, link, and run 
[14]PETSC ERROR: to get more information on the crash.
MPICH ERROR [Rank 14] [job id 17134572.0] [Wed Apr  1 01:27:02 2026] [nid001292] - Abort(59) (rank 14 in comm 0): application called MPI_Abort(MPI_COMM_WORLD, 59) - process 14

[15]PETSC ERROR: ------------------------------------------------------------------------
[15]PETSC ERROR: Caught signal number 15 Terminate: Some process (or the batch system) has told this process to end
[15]PETSC ERROR: Try option -start_in_debugger or -on_error_attach_debugger
[15]PETSC ERROR: or see https://petsc.org/release/faq/#valgrind and https://petsc.org/release/faq/
[15]PETSC ERROR: configure using --with-debugging=yes, recompile, link, and run 
[15]PETSC ERROR: to get more information on the crash.
MPICH ERROR [Rank 15] [job id 17134572.0] [Wed Apr  1 01:26:36 2026] [nid001292] - Abort(59) (rank 15 in comm 0): application called MPI_Abort(MPI_COMM_WORLD, 59) - process 15

[16]PETSC ERROR: ------------------------------------------------------------------------
[16]PETSC ERROR: Caught signal number 15 Terminate: Some process (or the batch system) has told this process to end
[16]PETSC ERROR: Try option -start_in_debugger or -on_error_attach_debugger
[16]PETSC ERROR: or see https://petsc.org/release/faq/#valgrind and https://petsc.org/release/faq/
[16]PETSC ERROR: configure using --with-debugging=yes, recompile, link, and run 
[16]PETSC ERROR: to get more information on the crash.
MPICH ERROR [Rank 16] [job id 17134572.0] [Wed Apr  1 01:27:01 2026] [nid001292] - Abort(59) (rank 16 in comm 0): application called MPI_Abort(MPI_COMM_WORLD, 59) - process 16

[17]PETSC ERROR: ------------------------------------------------------------------------
[17]PETSC ERROR: Caught signal number 15 Terminate: Some process (or the batch system) has told this process to end
[17]PETSC ERROR: Try option -start_in_debugger or -on_error_attach_debugger
[17]PETSC ERROR: or see https://petsc.org/release/faq/#valgrind and https://petsc.org/release/faq/
[17]PETSC ERROR: configure using --with-debugging=yes, recompile, link, and run 
[17]PETSC ERROR: to get more information on the crash.
MPICH ERROR [Rank 17] [job id 17134572.0] [Wed Apr  1 01:27:09 2026] [nid001292] - Abort(59) (rank 17 in comm 0): application called MPI_Abort(MPI_COMM_WORLD, 59) - process 17

[18]PETSC ERROR: ------------------------------------------------------------------------
[18]PETSC ERROR: Caught signal number 15 Terminate: Some process (or the batch system) has told this process to end
[18]PETSC ERROR: Try option -start_in_debugger or -on_error_attach_debugger
[18]PETSC ERROR: or see https://petsc.org/release/faq/#valgrind and https://petsc.org/release/faq/
[18]PETSC ERROR: configure using --with-debugging=yes, recompile, link, and run 
[18]PETSC ERROR: to get more information on the crash.
MPICH ERROR [Rank 18] [job id 17134572.0] [Wed Apr  1 01:26:44 2026] [nid001292] - Abort(59) (rank 18 in comm 0): application called MPI_Abort(MPI_COMM_WORLD, 59) - process 18

aborting job:
application called MPI_Abort(MPI_COMM_WORLD, 59) - process 18
[19]PETSC ERROR: ------------------------------------------------------------------------
[19]PETSC ERROR: Caught signal number 15 Terminate: Some process (or the batch system) has told this process to end
[19]PETSC ERROR: Try option -start_in_debugger or -on_error_attach_debugger
[19]PETSC ERROR: or see https://petsc.org/release/faq/#valgrind and https://petsc.org/release/faq/
[19]PETSC ERROR: configure using --with-debugging=yes, recompile, link, and run 
[19]PETSC ERROR: to get more information on the crash.
MPICH ERROR [Rank 19] [job id 17134572.0] [Wed Apr  1 01:26:57 2026] [nid001292] - Abort(59) (rank 19 in comm 0): application called MPI_Abort(MPI_COMM_WORLD, 59) - process 19

[20]PETSC ERROR: ------------------------------------------------------------------------
[20]PETSC ERROR: Caught signal number 15 Terminate: Some process (or the batch system) has told this process to end
[20]PETSC ERROR: Try option -start_in_debugger or -on_error_attach_debugger
[20]PETSC ERROR: or see https://petsc.org/release/faq/#valgrind and https://petsc.org/release/faq/
[20]PETSC ERROR: configure using --with-debugging=yes, recompile, link, and run 
[20]PETSC ERROR: to get more information on the crash.
MPICH ERROR [Rank 20] [job id 17134572.0] [Wed Apr  1 01:26:43 2026] [nid001292] - Abort(59) (rank 20 in comm 0): application called MPI_Abort(MPI_COMM_WORLD, 59) - process 20

aborting job:
application called MPI_Abort(MPI_COMM_WORLD, 59) - process 20
[21]PETSC ERROR: ------------------------------------------------------------------------
[21]PETSC ERROR: Caught signal number 15 Terminate: Some process (or the batch system) has told this process to end
[21]PETSC ERROR: Try option -start_in_debugger or -on_error_attach_debugger
[21]PETSC ERROR: or see https://petsc.org/release/faq/#valgrind and https://petsc.org/release/faq/
[21]PETSC ERROR: configure using --with-debugging=yes, recompile, link, and run 
[21]PETSC ERROR: to get more information on the crash.
MPICH ERROR [Rank 21] [job id 17134572.0] [Wed Apr  1 01:27:11 2026] [nid001292] - Abort(59) (rank 21 in comm 0): application called MPI_Abort(MPI_COMM_WORLD, 59) - process 21

[22]PETSC ERROR: ------------------------------------------------------------------------
[22]PETSC ERROR: Caught signal number 15 Terminate: Some process (or the batch system) has told this process to end
[22]PETSC ERROR: Try option -start_in_debugger or -on_error_attach_debugger
[22]PETSC ERROR: or see https://petsc.org/release/faq/#valgrind and https://petsc.org/release/faq/
[22]PETSC ERROR: configure using --with-debugging=yes, recompile, link, and run 
[22]PETSC ERROR: to get more information on the crash.
MPICH ERROR [Rank 22] [job id 17134572.0] [Wed Apr  1 01:26:58 2026] [nid001292] - Abort(59) (rank 22 in comm 0): application called MPI_Abort(MPI_COMM_WORLD, 59) - process 22

aborting job:
application called MPI_Abort(MPI_COMM_WORLD, 59) - process 22
[23]PETSC ERROR: ------------------------------------------------------------------------
[23]PETSC ERROR: Caught signal number 15 Terminate: Some process (or the batch system) has told this process to end
[23]PETSC ERROR: Try option -start_in_debugger or -on_error_attach_debugger
[23]PETSC ERROR: or see https://petsc.org/release/faq/#valgrind and https://petsc.org/release/faq/
[23]PETSC ERROR: configure using --with-debugging=yes, recompile, link, and run 
[23]PETSC ERROR: to get more information on the crash.
MPICH ERROR [Rank 23] [job id 17134572.0] [Wed Apr  1 01:26:39 2026] [nid001292] - Abort(59) (rank 23 in comm 0): application called MPI_Abort(MPI_COMM_WORLD, 59) - process 23

aborting job:
application called MPI_Abort(MPI_COMM_WORLD, 59) - process 23
[24]PETSC ERROR: ------------------------------------------------------------------------
[24]PETSC ERROR: Caught signal number 15 Terminate: Some process (or the batch system) has told this process to end
[24]PETSC ERROR: Try option -start_in_debugger or -on_error_attach_debugger
[24]PETSC ERROR: or see https://petsc.org/release/faq/#valgrind and https://petsc.org/release/faq/
[24]PETSC ERROR: configure using --with-debugging=yes, recompile, link, and run 
[24]PETSC ERROR: to get more information on the crash.
[25]PETSC ERROR: ------------------------------------------------------------------------
[25]PETSC ERROR: Caught signal number 15 Terminate: Some process (or the batch system) has told this process to end
[25]PETSC ERROR: Try option -start_in_debugger or -on_error_attach_debugger
[25]PETSC ERROR: or see https://petsc.org/release/faq/#valgrind and https://petsc.org/release/faq/
[25]PETSC ERROR: configure using --with-debugging=yes, recompile, link, and run 
[25]PETSC ERROR: to get more information on the crash.
MPICH ERROR [Rank 25] [job id 17134572.0] [Wed Apr  1 01:26:59 2026] [nid001292] - Abort(59) (rank 25 in comm 0): application called MPI_Abort(MPI_COMM_WORLD, 59) - process 25

[26]PETSC ERROR: ------------------------------------------------------------------------
[26]PETSC ERROR: Caught signal number 15 Terminate: Some process (or the batch system) has told this process to end
[26]PETSC ERROR: Try option -start_in_debugger or -on_error_attach_debugger
[26]PETSC ERROR: or see https://petsc.org/release/faq/#valgrind and https://petsc.org/release/faq/
[26]PETSC ERROR: configure using --with-debugging=yes, recompile, link, and run 
[26]PETSC ERROR: to get more information on the crash.
[27]PETSC ERROR: ------------------------------------------------------------------------
[27]PETSC ERROR: Caught signal number 15 Terminate: Some process (or the batch system) has told this process to end
[27]PETSC ERROR: Try option -start_in_debugger or -on_error_attach_debugger
[27]PETSC ERROR: or see https://petsc.org/release/faq/#valgrind and https://petsc.org/release/faq/
[27]PETSC ERROR: configure using --with-debugging=yes, recompile, link, and run 
[27]PETSC ERROR: to get more information on the crash.
MPICH ERROR [Rank 27] [job id 17134572.0] [Wed Apr  1 01:26:38 2026] [nid001292] - Abort(59) (rank 27 in comm 0): application called MPI_Abort(MPI_COMM_WORLD, 59) - process 27

[28]PETSC ERROR: ------------------------------------------------------------------------
[28]PETSC ERROR: Caught signal number 15 Terminate: Some process (or the batch system) has told this process to end
[28]PETSC ERROR: Try option -start_in_debugger or -on_error_attach_debugger
[28]PETSC ERROR: or see https://petsc.org/release/faq/#valgrind and https://petsc.org/release/faq/
[28]PETSC ERROR: configure using --with-debugging=yes, recompile, link, and run 
[28]PETSC ERROR: to get more information on the crash.
MPICH ERROR [Rank 28] [job id 17134572.0] [Wed Apr  1 01:26:44 2026] [nid001292] - Abort(59) (rank 28 in comm 0): application called MPI_Abort(MPI_COMM_WORLD, 59) - process 28

[29]PETSC ERROR: ------------------------------------------------------------------------
[29]PETSC ERROR: Caught signal number 15 Terminate: Some process (or the batch system) has told this process to end
[29]PETSC ERROR: Try option -start_in_debugger or -on_error_attach_debugger
[29]PETSC ERROR: or see https://petsc.org/release/faq/#valgrind and https://petsc.org/release/faq/
[29]PETSC ERROR: configure using --with-debugging=yes, recompile, link, and run 
[29]PETSC ERROR: to get more information on the crash.
MPICH ERROR [Rank 29] [job id 17134572.0] [Wed Apr  1 01:26:49 2026] [nid001292] - Abort(59) (rank 29 in comm 0): application called MPI_Abort(MPI_COMM_WORLD, 59) - process 29

aborting job:
application called MPI_Abort(MPI_COMM_WORLD, 59) - process 29
[30]PETSC ERROR: ------------------------------------------------------------------------
[30]PETSC ERROR: Caught signal number 15 Terminate: Some process (or the batch system) has told this process to end
[30]PETSC ERROR: Try option -start_in_debugger or -on_error_attach_debugger
[30]PETSC ERROR: or see https://petsc.org/release/faq/#valgrind and https://petsc.org/release/faq/
[30]PETSC ERROR: configure using --with-debugging=yes, recompile, link, and run 
[30]PETSC ERROR: to get more information on the crash.
MPICH ERROR [Rank 30] [job id 17134572.0] [Wed Apr  1 01:27:02 2026] [nid001292] - Abort(59) (rank 30 in comm 0): application called MPI_Abort(MPI_COMM_WORLD, 59) - process 30

aborting job:
application called MPI_Abort(MPI_COMM_WORLD, 59) - process 30
MPICH ERROR [Rank 31] [job id 17134572.0] [Wed Apr  1 01:26:38 2026] [nid001292] - Abort(59) (rank 31 in comm 0): application called MPI_Abort(MPI_COMM_WORLD, 59) - process 31

aborting job:
application called MPI_Abort(MPI_COMM_WORLD, 59) - process 31
MPICH ERROR [Rank 32] [job id 17134572.0] [Wed Apr  1 01:26:38 2026] [nid001292] - Abort(59) (rank 32 in comm 0): application called MPI_Abort(MPI_COMM_WORLD, 59) - process 32

aborting job:
application called MPI_Abort(MPI_COMM_WORLD, 59) - process 32
[33]PETSC ERROR: ------------------------------------------------------------------------
[33]PETSC ERROR: Caught signal number 15 Terminate: Some process (or the batch system) has told this process to end
[33]PETSC ERROR: Try option -start_in_debugger or -on_error_attach_debugger
[33]PETSC ERROR: or see https://petsc.org/release/faq/#valgrind and https://petsc.org/release/faq/
[33]PETSC ERROR: configure using --with-debugging=yes, recompile, link, and run 
[33]PETSC ERROR: to get more information on the crash.
MPICH ERROR [Rank 33] [job id 17134572.0] [Wed Apr  1 01:26:51 2026] [nid001292] - Abort(59) (rank 33 in comm 0): application called MPI_Abort(MPI_COMM_WORLD, 59) - process 33

[34]PETSC ERROR: ------------------------------------------------------------------------
[34]PETSC ERROR: Caught signal number 15 Terminate: Some process (or the batch system) has told this process to end
[34]PETSC ERROR: Try option -start_in_debugger or -on_error_attach_debugger
[34]PETSC ERROR: or see https://petsc.org/release/faq/#valgrind and https://petsc.org/release/faq/
[34]PETSC ERROR: configure using --with-debugging=yes, recompile, link, and run 
[34]PETSC ERROR: to get more information on the crash.
MPICH ERROR [Rank 34] [job id 17134572.0] [Wed Apr  1 01:26:59 2026] [nid001292] - Abort(59) (rank 34 in comm 0): application called MPI_Abort(MPI_COMM_WORLD, 59) - process 34

[35]PETSC ERROR: ------------------------------------------------------------------------
[35]PETSC ERROR: Caught signal number 15 Terminate: Some process (or the batch system) has told this process to end
[35]PETSC ERROR: Try option -start_in_debugger or -on_error_attach_debugger
[35]PETSC ERROR: or see https://petsc.org/release/faq/#valgrind and https://petsc.org/release/faq/
[35]PETSC ERROR: configure using --with-debugging=yes, recompile, link, and run 
[35]PETSC ERROR: to get more information on the crash.
MPICH ERROR [Rank 35] [job id 17134572.0] [Wed Apr  1 01:27:01 2026] [nid001292] - Abort(59) (rank 35 in comm 0): application called MPI_Abort(MPI_COMM_WORLD, 59) - process 35

[36]PETSC ERROR: ------------------------------------------------------------------------
[36]PETSC ERROR: Caught signal number 15 Terminate: Some process (or the batch system) has told this process to end
[36]PETSC ERROR: Try option -start_in_debugger or -on_error_attach_debugger
[36]PETSC ERROR: or see https://petsc.org/release/faq/#valgrind and https://petsc.org/release/faq/
[36]PETSC ERROR: configure using --with-debugging=yes, recompile, link, and run 
[36]PETSC ERROR: to get more information on the crash.
MPICH ERROR [Rank 36] [job id 17134572.0] [Wed Apr  1 01:26:44 2026] [nid001292] - Abort(59) (rank 36 in comm 0): application called MPI_Abort(MPI_COMM_WORLD, 59) - process 36

[37]PETSC ERROR: ------------------------------------------------------------------------
[37]PETSC ERROR: Caught signal number 15 Terminate: Some process (or the batch system) has told this process to end
[37]PETSC ERROR: Try option -start_in_debugger or -on_error_attach_debugger
[37]PETSC ERROR: or see https://petsc.org/release/faq/#valgrind and https://petsc.org/release/faq/
[37]PETSC ERROR: configure using --with-debugging=yes, recompile, link, and run 
[37]PETSC ERROR: to get more information on the crash.
MPICH ERROR [Rank 37] [job id 17134572.0] [Wed Apr  1 01:27:00 2026] [nid001292] - Abort(59) (rank 37 in comm 0): application called MPI_Abort(MPI_COMM_WORLD, 59) - process 37

[38]PETSC ERROR: ------------------------------------------------------------------------
[38]PETSC ERROR: Caught signal number 15 Terminate: Some process (or the batch system) has told this process to end
[38]PETSC ERROR: Try option -start_in_debugger or -on_error_attach_debugger
[38]PETSC ERROR: or see https://petsc.org/release/faq/#valgrind and https://petsc.org/release/faq/
[38]PETSC ERROR: configure using --with-debugging=yes, recompile, link, and run 
[38]PETSC ERROR: to get more information on the crash.
MPICH ERROR [Rank 38] [job id 17134572.0] [Wed Apr  1 01:27:18 2026] [nid001292] - Abort(59) (rank 38 in comm 0): application called MPI_Abort(MPI_COMM_WORLD, 59) - process 38

aborting job:
application called MPI_Abort(MPI_COMM_WORLD, 59) - process 38
[39]PETSC ERROR: ------------------------------------------------------------------------
[39]PETSC ERROR: Caught signal number 15 Terminate: Some process (or the batch system) has told this process to end
[39]PETSC ERROR: Try option -start_in_debugger or -on_error_attach_debugger
[39]PETSC ERROR: or see https://petsc.org/release/faq/#valgrind and https://petsc.org/release/faq/
[39]PETSC ERROR: configure using --with-debugging=yes, recompile, link, and run 
[39]PETSC ERROR: to get more information on the crash.
MPICH ERROR [Rank 39] [job id 17134572.0] [Wed Apr  1 01:26:59 2026] [nid001292] - Abort(59) (rank 39 in comm 0): application called MPI_Abort(MPI_COMM_WORLD, 59) - process 39

[40]PETSC ERROR: ------------------------------------------------------------------------
[40]PETSC ERROR: Caught signal number 15 Terminate: Some process (or the batch system) has told this process to end
[40]PETSC ERROR: Try option -start_in_debugger or -on_error_attach_debugger
[40]PETSC ERROR: or see https://petsc.org/release/faq/#valgrind and https://petsc.org/release/faq/
[40]PETSC ERROR: configure using --with-debugging=yes, recompile, link, and run 
[40]PETSC ERROR: to get more information on the crash.
MPICH ERROR [Rank 40] [job id 17134572.0] [Wed Apr  1 01:26:49 2026] [nid001292] - Abort(59) (rank 40 in comm 0): application called MPI_Abort(MPI_COMM_WORLD, 59) - process 40

aborting job:
application called MPI_Abort(MPI_COMM_WORLD, 59) - process 40
[42]PETSC ERROR: ------------------------------------------------------------------------
[42]PETSC ERROR: Caught signal number 15 Terminate: Some process (or the batch system) has told this process to end
[42]PETSC ERROR: Try option -start_in_debugger or -on_error_attach_debugger
[42]PETSC ERROR: or see https://petsc.org/release/faq/#valgrind and https://petsc.org/release/faq/
[42]PETSC ERROR: configure using --with-debugging=yes, recompile, link, and run 
[42]PETSC ERROR: to get more information on the crash.
MPICH ERROR [Rank 42] [job id 17134572.0] [Wed Apr  1 01:26:58 2026] [nid001292] - Abort(59) (rank 42 in comm 0): application called MPI_Abort(MPI_COMM_WORLD, 59) - process 42

aborting job:
application called MPI_Abort(MPI_COMM_WORLD, 59) - process 42
MPICH ERROR [Rank 43] [job id 17134572.0] [Wed Apr  1 01:26:31 2026] [nid001292] - Abort(59) (rank 43 in comm 0): application called MPI_Abort(MPI_COMM_WORLD, 59) - process 43

aborting job:
application called MPI_Abort(MPI_COMM_WORLD, 59) - process 43
[44]PETSC ERROR: ------------------------------------------------------------------------
[44]PETSC ERROR: Caught signal number 15 Terminate: Some process (or the batch system) has told this process to end
[44]PETSC ERROR: Try option -start_in_debugger or -on_error_attach_debugger
[44]PETSC ERROR: or see https://petsc.org/release/faq/#valgrind and https://petsc.org/release/faq/
[44]PETSC ERROR: configure using --with-debugging=yes, recompile, link, and run 
[44]PETSC ERROR: to get more information on the crash.
MPICH ERROR [Rank 44] [job id 17134572.0] [Wed Apr  1 01:26:44 2026] [nid001292] - Abort(59) (rank 44 in comm 0): application called MPI_Abort(MPI_COMM_WORLD, 59) - process 44

aborting job:
application called MPI_Abort(MPI_COMM_WORLD, 59) - process 44
[45]PETSC ERROR: ------------------------------------------------------------------------
[45]PETSC ERROR: Caught signal number 15 Terminate: Some process (or the batch system) has told this process to end
[45]PETSC ERROR: Try option -start_in_debugger or -on_error_attach_debugger
[45]PETSC ERROR: or see https://petsc.org/release/faq/#valgrind and https://petsc.org/release/faq/
[45]PETSC ERROR: configure using --with-debugging=yes, recompile, link, and run 
[45]PETSC ERROR: to get more information on the crash.
MPICH ERROR [Rank 45] [job id 17134572.0] [Wed Apr  1 01:27:16 2026] [nid001292] - Abort(59) (rank 45 in comm 0): application called MPI_Abort(MPI_COMM_WORLD, 59) - process 45

aborting job:
application called MPI_Abort(MPI_COMM_WORLD, 59) - process 45
[46]PETSC ERROR: ------------------------------------------------------------------------
[46]PETSC ERROR: Caught signal number 15 Terminate: Some process (or the batch system) has told this process to end
[46]PETSC ERROR: Try option -start_in_debugger or -on_error_attach_debugger
[46]PETSC ERROR: or see https://petsc.org/release/faq/#valgrind and https://petsc.org/release/faq/
[46]PETSC ERROR: configure using --with-debugging=yes, recompile, link, and run 
[46]PETSC ERROR: to get more information on the crash.
MPICH ERROR [Rank 46] [job id 17134572.0] [Wed Apr  1 01:26:54 2026] [nid001292] - Abort(59) (rank 46 in comm 0): application called MPI_Abort(MPI_COMM_WORLD, 59) - process 46

[47]PETSC ERROR: ------------------------------------------------------------------------
[47]PETSC ERROR: Caught signal number 15 Terminate: Some process (or the batch system) has told this process to end
[47]PETSC ERROR: Try option -start_in_debugger or -on_error_attach_debugger
[47]PETSC ERROR: or see https://petsc.org/release/faq/#valgrind and https://petsc.org/release/faq/
[47]PETSC ERROR: configure using --with-debugging=yes, recompile, link, and run 
[47]PETSC ERROR: to get more information on the crash.
MPICH ERROR [Rank 47] [job id 17134572.0] [Wed Apr  1 01:27:15 2026] [nid001292] - Abort(59) (rank 47 in comm 0): application called MPI_Abort(MPI_COMM_WORLD, 59) - process 47

[48]PETSC ERROR: ------------------------------------------------------------------------
[48]PETSC ERROR: Caught signal number 15 Terminate: Some process (or the batch system) has told this process to end
[48]PETSC ERROR: Try option -start_in_debugger or -on_error_attach_debugger
[48]PETSC ERROR: or see https://petsc.org/release/faq/#valgrind and https://petsc.org/release/faq/
[48]PETSC ERROR: configure using --with-debugging=yes, recompile, link, and run 
[48]PETSC ERROR: to get more information on the crash.
MPICH ERROR [Rank 48] [job id 17134572.0] [Wed Apr  1 01:26:39 2026] [nid001292] - Abort(59) (rank 48 in comm 0): application called MPI_Abort(MPI_COMM_WORLD, 59) - process 48

aborting job:
application called MPI_Abort(MPI_COMM_WORLD, 59) - process 48
[49]PETSC ERROR: ------------------------------------------------------------------------
[49]PETSC ERROR: Caught signal number 15 Terminate: Some process (or the batch system) has told this process to end
[49]PETSC ERROR: Try option -start_in_debugger or -on_error_attach_debugger
[49]PETSC ERROR: or see https://petsc.org/release/faq/#valgrind and https://petsc.org/release/faq/
[49]PETSC ERROR: configure using --with-debugging=yes, recompile, link, and run 
[49]PETSC ERROR: to get more information on the crash.
MPICH ERROR [Rank 49] [job id 17134572.0] [Wed Apr  1 01:26:31 2026] [nid001292] - Abort(59) (rank 49 in comm 0): application called MPI_Abort(MPI_COMM_WORLD, 59) - process 49

aborting job:
application called MPI_Abort(MPI_COMM_WORLD, 59) - process 49
[50]PETSC ERROR: ------------------------------------------------------------------------
[50]PETSC ERROR: Caught signal number 15 Terminate: Some process (or the batch system) has told this process to end
[50]PETSC ERROR: Try option -start_in_debugger or -on_error_attach_debugger
[50]PETSC ERROR: or see https://petsc.org/release/faq/#valgrind and https://petsc.org/release/faq/
[50]PETSC ERROR: configure using --with-debugging=yes, recompile, link, and run 
[50]PETSC ERROR: to get more information on the crash.
MPICH ERROR [Rank 50] [job id 17134572.0] [Wed Apr  1 01:26:59 2026] [nid001292] - Abort(59) (rank 50 in comm 0): application called MPI_Abort(MPI_COMM_WORLD, 59) - process 50

aborting job:
application called MPI_Abort(MPI_COMM_WORLD, 59) - process 50
MPICH ERROR [Rank 51] [job id 17134572.0] [Wed Apr  1 01:26:39 2026] [nid001292] - Abort(59) (rank 51 in comm 0): application called MPI_Abort(MPI_COMM_WORLD, 59) - process 51

MPICH ERROR [Rank 52] [job id 17134572.0] [Wed Apr  1 01:26:53 2026] [nid001292] - Abort(59) (rank 52 in comm 0): application called MPI_Abort(MPI_COMM_WORLD, 59) - process 52

[53]PETSC ERROR: ------------------------------------------------------------------------
[53]PETSC ERROR: Caught signal number 15 Terminate: Some process (or the batch system) has told this process to end
[53]PETSC ERROR: Try option -start_in_debugger or -on_error_attach_debugger
[53]PETSC ERROR: or see https://petsc.org/release/faq/#valgrind and https://petsc.org/release/faq/
[53]PETSC ERROR: configure using --with-debugging=yes, recompile, link, and run 
[53]PETSC ERROR: to get more information on the crash.
MPICH ERROR [Rank 53] [job id 17134572.0] [Wed Apr  1 01:27:18 2026] [nid001292] - Abort(59) (rank 53 in comm 0): application called MPI_Abort(MPI_COMM_WORLD, 59) - process 53

aborting job:
application called MPI_Abort(MPI_COMM_WORLD, 59) - process 53
[54]PETSC ERROR: ------------------------------------------------------------------------
[54]PETSC ERROR: Caught signal number 15 Terminate: Some process (or the batch system) has told this process to end
[54]PETSC ERROR: Try option -start_in_debugger or -on_error_attach_debugger
[54]PETSC ERROR: or see https://petsc.org/release/faq/#valgrind and https://petsc.org/release/faq/
[54]PETSC ERROR: configure using --with-debugging=yes, recompile, link, and run 
[54]PETSC ERROR: to get more information on the crash.
MPICH ERROR [Rank 54] [job id 17134572.0] [Wed Apr  1 01:26:36 2026] [nid001292] - Abort(59) (rank 54 in comm 0): application called MPI_Abort(MPI_COMM_WORLD, 59) - process 54

[55]PETSC ERROR: ------------------------------------------------------------------------
[55]PETSC ERROR: Caught signal number 15 Terminate: Some process (or the batch system) has told this process to end
[55]PETSC ERROR: Try option -start_in_debugger or -on_error_attach_debugger
[55]PETSC ERROR: or see https://petsc.org/release/faq/#valgrind and https://petsc.org/release/faq/
[55]PETSC ERROR: configure using --with-debugging=yes, recompile, link, and run 
[55]PETSC ERROR: to get more information on the crash.
MPICH ERROR [Rank 55] [job id 17134572.0] [Wed Apr  1 01:27:02 2026] [nid001292] - Abort(59) (rank 55 in comm 0): application called MPI_Abort(MPI_COMM_WORLD, 59) - process 55

aborting job:
application called MPI_Abort(MPI_COMM_WORLD, 59) - process 55
[56]PETSC ERROR: ------------------------------------------------------------------------
[56]PETSC ERROR: Caught signal number 15 Terminate: Some process (or the batch system) has told this process to end
[56]PETSC ERROR: Try option -start_in_debugger or -on_error_attach_debugger
[56]PETSC ERROR: or see https://petsc.org/release/faq/#valgrind and https://petsc.org/release/faq/
[56]PETSC ERROR: configure using --with-debugging=yes, recompile, link, and run 
[56]PETSC ERROR: to get more information on the crash.
MPICH ERROR [Rank 56] [job id 17134572.0] [Wed Apr  1 01:26:46 2026] [nid001292] - Abort(59) (rank 56 in comm 0): application called MPI_Abort(MPI_COMM_WORLD, 59) - process 56

[57]PETSC ERROR: ------------------------------------------------------------------------
[57]PETSC ERROR: Caught signal number 15 Terminate: Some process (or the batch system) has told this process to end
[57]PETSC ERROR: Try option -start_in_debugger or -on_error_attach_debugger
[57]PETSC ERROR: or see https://petsc.org/release/faq/#valgrind and https://petsc.org/release/faq/
[57]PETSC ERROR: configure using --with-debugging=yes, recompile, link, and run 
[57]PETSC ERROR: to get more information on the crash.
MPICH ERROR [Rank 57] [job id 17134572.0] [Wed Apr  1 01:27:03 2026] [nid001292] - Abort(59) (rank 57 in comm 0): application called MPI_Abort(MPI_COMM_WORLD, 59) - process 57

[58]PETSC ERROR: ------------------------------------------------------------------------
[58]PETSC ERROR: Caught signal number 15 Terminate: Some process (or the batch system) has told this process to end
[58]PETSC ERROR: Try option -start_in_debugger or -on_error_attach_debugger
[58]PETSC ERROR: or see https://petsc.org/release/faq/#valgrind and https://petsc.org/release/faq/
[58]PETSC ERROR: configure using --with-debugging=yes, recompile, link, and run 
[58]PETSC ERROR: to get more information on the crash.
MPICH ERROR [Rank 58] [job id 17134572.0] [Wed Apr  1 01:27:12 2026] [nid001292] - Abort(59) (rank 58 in comm 0): application called MPI_Abort(MPI_COMM_WORLD, 59) - process 58

[59]PETSC ERROR: ------------------------------------------------------------------------
[59]PETSC ERROR: Caught signal number 15 Terminate: Some process (or the batch system) has told this process to end
[59]PETSC ERROR: Try option -start_in_debugger or -on_error_attach_debugger
[59]PETSC ERROR: or see https://petsc.org/release/faq/#valgrind and https://petsc.org/release/faq/
[59]PETSC ERROR: configure using --with-debugging=yes, recompile, link, and run 
[59]PETSC ERROR: to get more information on the crash.
[60]PETSC ERROR: ------------------------------------------------------------------------
[60]PETSC ERROR: Caught signal number 15 Terminate: Some process (or the batch system) has told this process to end
[60]PETSC ERROR: Try option -start_in_debugger or -on_error_attach_debugger
[60]PETSC ERROR: or see https://petsc.org/release/faq/#valgrind and https://petsc.org/release/faq/
[60]PETSC ERROR: configure using --with-debugging=yes, recompile, link, and run 
[60]PETSC ERROR: to get more information on the crash.
MPICH ERROR [Rank 60] [job id 17134572.0] [Wed Apr  1 01:26:51 2026] [nid001292] - Abort(59) (rank 60 in comm 0): application called MPI_Abort(MPI_COMM_WORLD, 59) - process 60

aborting job:
application called MPI_Abort(MPI_COMM_WORLD, 59) - process 60
[61]PETSC ERROR: ------------------------------------------------------------------------
[61]PETSC ERROR: Caught signal number 15 Terminate: Some process (or the batch system) has told this process to end
[61]PETSC ERROR: Try option -start_in_debugger or -on_error_attach_debugger
[61]PETSC ERROR: or see https://petsc.org/release/faq/#valgrind and https://petsc.org/release/faq/
[61]PETSC ERROR: configure using --with-debugging=yes, recompile, link, and run 
[61]PETSC ERROR: to get more information on the crash.
MPICH ERROR [Rank 61] [job id 17134572.0] [Wed Apr  1 01:26:57 2026] [nid001292] - Abort(59) (rank 61 in comm 0): application called MPI_Abort(MPI_COMM_WORLD, 59) - process 61

[62]PETSC ERROR: ------------------------------------------------------------------------
[62]PETSC ERROR: Caught signal number 15 Terminate: Some process (or the batch system) has told this process to end
[62]PETSC ERROR: Try option -start_in_debugger or -on_error_attach_debugger
[62]PETSC ERROR: or see https://petsc.org/release/faq/#valgrind and https://petsc.org/release/faq/
[62]PETSC ERROR: configure using --with-debugging=yes, recompile, link, and run 
[62]PETSC ERROR: to get more information on the crash.
MPICH ERROR [Rank 62] [job id 17134572.0] [Wed Apr  1 01:27:00 2026] [nid001292] - Abort(59) (rank 62 in comm 0): application called MPI_Abort(MPI_COMM_WORLD, 59) - process 62

aborting job:
application called MPI_Abort(MPI_COMM_WORLD, 59) - process 62
[63]PETSC ERROR: ------------------------------------------------------------------------
[63]PETSC ERROR: Caught signal number 15 Terminate: Some process (or the batch system) has told this process to end
[63]PETSC ERROR: Try option -start_in_debugger or -on_error_attach_debugger
[63]PETSC ERROR: or see https://petsc.org/release/faq/#valgrind and https://petsc.org/release/faq/
[63]PETSC ERROR: configure using --with-debugging=yes, recompile, link, and run 
[63]PETSC ERROR: to get more information on the crash.
MPICH ERROR [Rank 63] [job id 17134572.0] [Wed Apr  1 01:26:39 2026] [nid001292] - Abort(59) (rank 63 in comm 0): application called MPI_Abort(MPI_COMM_WORLD, 59) - process 63

aborting job:
application called MPI_Abort(MPI_COMM_WORLD, 59) - process 63
[64]PETSC ERROR: ------------------------------------------------------------------------
[64]PETSC ERROR: Caught signal number 15 Terminate: Some process (or the batch system) has told this process to end
[64]PETSC ERROR: Try option -start_in_debugger or -on_error_attach_debugger
[64]PETSC ERROR: or see https://petsc.org/release/faq/#valgrind and https://petsc.org/release/faq/
[64]PETSC ERROR: configure using --with-debugging=yes, recompile, link, and run 
[64]PETSC ERROR: to get more information on the crash.
MPICH ERROR [Rank 64] [job id 17134572.0] [Wed Apr  1 01:26:38 2026] [nid001292] - Abort(59) (rank 64 in comm 0): application called MPI_Abort(MPI_COMM_WORLD, 59) - process 64

aborting job:
application called MPI_Abort(MPI_COMM_WORLD, 59) - process 64
[65]PETSC ERROR: ------------------------------------------------------------------------
[65]PETSC ERROR: Caught signal number 15 Terminate: Some process (or the batch system) has told this process to end
[65]PETSC ERROR: Try option -start_in_debugger or -on_error_attach_debugger
[65]PETSC ERROR: or see https://petsc.org/release/faq/#valgrind and https://petsc.org/release/faq/
[65]PETSC ERROR: configure using --with-debugging=yes, recompile, link, and run 
[65]PETSC ERROR: to get more information on the crash.
MPICH ERROR [Rank 65] [job id 17134572.0] [Wed Apr  1 01:27:01 2026] [nid001292] - Abort(59) (rank 65 in comm 0): application called MPI_Abort(MPI_COMM_WORLD, 59) - process 65

[67]PETSC ERROR: ------------------------------------------------------------------------
[67]PETSC ERROR: Caught signal number 15 Terminate: Some process (or the batch system) has told this process to end
[67]PETSC ERROR: Try option -start_in_debugger or -on_error_attach_debugger
[67]PETSC ERROR: or see https://petsc.org/release/faq/#valgrind and https://petsc.org/release/faq/
[67]PETSC ERROR: configure using --with-debugging=yes, recompile, link, and run 
[67]PETSC ERROR: to get more information on the crash.
MPICH ERROR [Rank 67] [job id 17134572.0] [Wed Apr  1 01:26:54 2026] [nid001292] - Abort(59) (rank 67 in comm 0): application called MPI_Abort(MPI_COMM_WORLD, 59) - process 67

MPICH ERROR [Rank 68] [job id 17134572.0] [Wed Apr  1 01:26:35 2026] [nid001292] - Abort(59) (rank 68 in comm 0): application called MPI_Abort(MPI_COMM_WORLD, 59) - process 68

aborting job:
application called MPI_Abort(MPI_COMM_WORLD, 59) - process 68
[69]PETSC ERROR: ------------------------------------------------------------------------
[69]PETSC ERROR: Caught signal number 15 Terminate: Some process (or the batch system) has told this process to end
[69]PETSC ERROR: Try option -start_in_debugger or -on_error_attach_debugger
[69]PETSC ERROR: or see https://petsc.org/release/faq/#valgrind and https://petsc.org/release/faq/
[69]PETSC ERROR: configure using --with-debugging=yes, recompile, link, and run 
[69]PETSC ERROR: to get more information on the crash.
MPICH ERROR [Rank 69] [job id 17134572.0] [Wed Apr  1 01:27:00 2026] [nid001292] - Abort(59) (rank 69 in comm 0): application called MPI_Abort(MPI_COMM_WORLD, 59) - process 69

[70]PETSC ERROR: ------------------------------------------------------------------------
[70]PETSC ERROR: Caught signal number 15 Terminate: Some process (or the batch system) has told this process to end
[70]PETSC ERROR: Try option -start_in_debugger or -on_error_attach_debugger
[70]PETSC ERROR: or see https://petsc.org/release/faq/#valgrind and https://petsc.org/release/faq/
[70]PETSC ERROR: configure using --with-debugging=yes, recompile, link, and run 
[70]PETSC ERROR: to get more information on the crash.
MPICH ERROR [Rank 70] [job id 17134572.0] [Wed Apr  1 01:26:41 2026] [nid001292] - Abort(59) (rank 70 in comm 0): application called MPI_Abort(MPI_COMM_WORLD, 59) - process 70

[71]PETSC ERROR: ------------------------------------------------------------------------
[71]PETSC ERROR: Caught signal number 15 Terminate: Some process (or the batch system) has told this process to end
[71]PETSC ERROR: Try option -start_in_debugger or -on_error_attach_debugger
[71]PETSC ERROR: or see https://petsc.org/release/faq/#valgrind and https://petsc.org/release/faq/
[71]PETSC ERROR: configure using --with-debugging=yes, recompile, link, and run 
[71]PETSC ERROR: to get more information on the crash.
MPICH ERROR [Rank 71] [job id 17134572.0] [Wed Apr  1 01:26:59 2026] [nid001292] - Abort(59) (rank 71 in comm 0): application called MPI_Abort(MPI_COMM_WORLD, 59) - process 71

aborting job:
application called MPI_Abort(MPI_COMM_WORLD, 59) - process 71
[72]PETSC ERROR: ------------------------------------------------------------------------
[72]PETSC ERROR: Caught signal number 15 Terminate: Some process (or the batch system) has told this process to end
[72]PETSC ERROR: Try option -start_in_debugger or -on_error_attach_debugger
[72]PETSC ERROR: or see https://petsc.org/release/faq/#valgrind and https://petsc.org/release/faq/
[72]PETSC ERROR: configure using --with-debugging=yes, recompile, link, and run 
[72]PETSC ERROR: to get more information on the crash.
MPICH ERROR [Rank 72] [job id 17134572.0] [Wed Apr  1 01:27:20 2026] [nid001292] - Abort(59) (rank 72 in comm 0): application called MPI_Abort(MPI_COMM_WORLD, 59) - process 72
[73]PETSC ERROR: ------------------------------------------------------------------------
[73]PETSC ERROR: Caught signal number 15 Terminate: Some process (or the batch system) has told this process to end
[73]PETSC ERROR: Try option -start_in_debugger or -on_error_attach_debugger
[73]PETSC ERROR: or see https://petsc.org/release/faq/#valgrind and https://petsc.org/release/faq/
[73]PETSC ERROR: configure using --with-debugging=yes, recompile, link, and run 
[73]PETSC ERROR: to get more information on the crash.
MPICH ERROR [Rank 73] [job id 17134572.0] [Wed Apr  1 01:26:44 2026] [nid001292] - Abort(59) (rank 73 in comm 0): application called MPI_Abort(MPI_COMM_WORLD, 59) - process 73

aborting job:
application called MPI_Abort(MPI_COMM_WORLD, 59) - process 73
[75]PETSC ERROR: ------------------------------------------------------------------------
[75]PETSC ERROR: Caught signal number 15 Terminate: Some process (or the batch system) has told this process to end
[75]PETSC ERROR: Try option -start_in_debugger or -on_error_attach_debugger
[75]PETSC ERROR: or see https://petsc.org/release/faq/#valgrind and https://petsc.org/release/faq/
[75]PETSC ERROR: configure using --with-debugging=yes, recompile, link, and run 
[75]PETSC ERROR: to get more information on the crash.
MPICH ERROR [Rank 75] [job id 17134572.0] [Wed Apr  1 01:26:43 2026] [nid001292] - Abort(59) (rank 75 in comm 0): application called MPI_Abort(MPI_COMM_WORLD, 59) - process 75

aborting job:
application called MPI_Abort(MPI_COMM_WORLD, 59) - process 75
[76]PETSC ERROR: ------------------------------------------------------------------------
[76]PETSC ERROR: Caught signal number 15 Terminate: Some process (or the batch system) has told this process to end
[76]PETSC ERROR: Try option -start_in_debugger or -on_error_attach_debugger
[76]PETSC ERROR: or see https://petsc.org/release/faq/#valgrind and https://petsc.org/release/faq/
[76]PETSC ERROR: configure using --with-debugging=yes, recompile, link, and run 
[76]PETSC ERROR: to get more information on the crash.
MPICH ERROR [Rank 76] [job id 17134572.0] [Wed Apr  1 01:26:54 2026] [nid001292] - Abort(59) (rank 76 in comm 0): application called MPI_Abort(MPI_COMM_WORLD, 59) - process 76

[77]PETSC ERROR: Caught signal number 15 Terminate: Some process (or the batch system) has told this process to end
[77]PETSC ERROR: Try option -start_in_debugger or -on_error_attach_debugger
[77]PETSC ERROR: or see https://petsc.org/release/faq/#valgrind and https://petsc.org/release/faq/
[77]PETSC ERROR: configure using --with-debugging=yes, recompile, link, and run 
[77]PETSC ERROR: to get more information on the crash.
MPICH ERROR [Rank 77] [job id 17134572.0] [Wed Apr  1 01:26:43 2026] [nid001292] - Abort(59) (rank 77 in comm 0): application called MPI_Abort(MPI_COMM_WORLD, 59) - process 77

aborting job:
application called MPI_Abort(MPI_COMM_WORLD, 59) - process 77
[78]PETSC ERROR: ------------------------------------------------------------------------
[78]PETSC ERROR: Caught signal number 15 Terminate: Some process (or the batch system) has told this process to end
[78]PETSC ERROR: Try option -start_in_debugger or -on_error_attach_debugger
[78]PETSC ERROR: or see https://petsc.org/release/faq/#valgrind and https://petsc.org/release/faq/
[78]PETSC ERROR: configure using --with-debugging=yes, recompile, link, and run 
[78]PETSC ERROR: to get more information on the crash.
MPICH ERROR [Rank 78] [job id 17134572.0] [Wed Apr  1 01:26:36 2026] [nid001292] - Abort(59) (rank 78 in comm 0): application called MPI_Abort(MPI_COMM_WORLD, 59) - process 78

aborting job:
application called MPI_Abort(MPI_COMM_WORLD, 59) - process 78
[79]PETSC ERROR: ------------------------------------------------------------------------
[79]PETSC ERROR: Caught signal number 15 Terminate: Some process (or the batch system) has told this process to end
[79]PETSC ERROR: Try option -start_in_debugger or -on_error_attach_debugger
[79]PETSC ERROR: or see https://petsc.org/release/faq/#valgrind and https://petsc.org/release/faq/
[79]PETSC ERROR: configure using --with-debugging=yes, recompile, link, and run 
[79]PETSC ERROR: to get more information on the crash.
MPICH ERROR [Rank 79] [job id 17134572.0] [Wed Apr  1 01:27:02 2026] [nid001292] - Abort(59) (rank 79 in comm 0): application called MPI_Abort(MPI_COMM_WORLD, 59) - process 79

aborting job:
application called MPI_Abort(MPI_COMM_WORLD, 59) - process 79
MPICH ERROR [Rank 80] [job id 17134572.0] [Wed Apr  1 01:26:59 2026] [nid001292] - Abort(59) (rank 80 in comm 0): application called MPI_Abort(MPI_COMM_WORLD, 59) - process 80

[81]PETSC ERROR: ------------------------------------------------------------------------
[81]PETSC ERROR: Caught signal number 15 Terminate: Some process (or the batch system) has told this process to end
[81]PETSC ERROR: Try option -start_in_debugger or -on_error_attach_debugger
[81]PETSC ERROR: or see https://petsc.org/release/faq/#valgrind and https://petsc.org/release/faq/
[81]PETSC ERROR: configure using --with-debugging=yes, recompile, link, and run 
[81]PETSC ERROR: to get more information on the crash.
MPICH ERROR [Rank 81] [job id 17134572.0] [Wed Apr  1 01:26:36 2026] [nid001292] - Abort(59) (rank 81 in comm 0): application called MPI_Abort(MPI_COMM_WORLD, 59) - process 81

[84]PETSC ERROR: ------------------------------------------------------------------------
[84]PETSC ERROR: Caught signal number 15 Terminate: Some process (or the batch system) has told this process to end
[84]PETSC ERROR: Try option -start_in_debugger or -on_error_attach_debugger
[84]PETSC ERROR: or see https://petsc.org/release/faq/#valgrind and https://petsc.org/release/faq/
[84]PETSC ERROR: configure using --with-debugging=yes, recompile, link, and run 
[84]PETSC ERROR: to get more information on the crash.
MPICH ERROR [Rank 84] [job id 17134572.0] [Wed Apr  1 01:26:36 2026] [nid001292] - Abort(59) (rank 84 in comm 0): application called MPI_Abort(MPI_COMM_WORLD, 59) - process 84

[86]PETSC ERROR: ------------------------------------------------------------------------
[86]PETSC ERROR: Caught signal number 15 Terminate: Some process (or the batch system) has told this process to end
[86]PETSC ERROR: Try option -start_in_debugger or -on_error_attach_debugger
[86]PETSC ERROR: or see https://petsc.org/release/faq/#valgrind and https://petsc.org/release/faq/
[86]PETSC ERROR: configure using --with-debugging=yes, recompile, link, and run 
[86]PETSC ERROR: to get more information on the crash.
MPICH ERROR [Rank 86] [job id 17134572.0] [Wed Apr  1 01:27:24 2026] [nid001292] - Abort(59) (rank 86 in comm 0): application called MPI_Abort(MPI_COMM_WORLD, 59) - process 86

[87]PETSC ERROR: ------------------------------------------------------------------------
[87]PETSC ERROR: Caught signal number 15 Terminate: Some process (or the batch system) has told this process to end
[87]PETSC ERROR: Try option -start_in_debugger or -on_error_attach_debugger
[87]PETSC ERROR: or see https://petsc.org/release/faq/#valgrind and https://petsc.org/release/faq/
[87]PETSC ERROR: configure using --with-debugging=yes, recompile, link, and run 
[87]PETSC ERROR: to get more information on the crash.
MPICH ERROR [Rank 87] [job id 17134572.0] [Wed Apr  1 01:26:36 2026] [nid001292] - Abort(59) (rank 87 in comm 0): application called MPI_Abort(MPI_COMM_WORLD, 59) - process 87

aborting job:
application called MPI_Abort(MPI_COMM_WORLD, 59) - process 87
[89]PETSC ERROR: ------------------------------------------------------------------------
[89]PETSC ERROR: Caught signal number 15 Terminate: Some process (or the batch system) has told this process to end
[89]PETSC ERROR: Try option -start_in_debugger or -on_error_attach_debugger
[89]PETSC ERROR: or see https://petsc.org/release/faq/#valgrind and https://petsc.org/release/faq/
[89]PETSC ERROR: configure using --with-debugging=yes, recompile, link, and run 
[89]PETSC ERROR: to get more information on the crash.
MPICH ERROR [Rank 89] [job id 17134572.0] [Wed Apr  1 01:27:04 2026] [nid001292] - Abort(59) (rank 89 in comm 0): application called MPI_Abort(MPI_COMM_WORLD, 59) - process 89

[90]PETSC ERROR: ------------------------------------------------------------------------
[90]PETSC ERROR: Caught signal number 15 Terminate: Some process (or the batch system) has told this process to end
[90]PETSC ERROR: Try option -start_in_debugger or -on_error_attach_debugger
[90]PETSC ERROR: or see https://petsc.org/release/faq/#valgrind and https://petsc.org/release/faq/
[90]PETSC ERROR: configure using --with-debugging=yes, recompile, link, and run 
[90]PETSC ERROR: to get more information on the crash.
MPICH ERROR [Rank 90] [job id 17134572.0] [Wed Apr  1 01:26:54 2026] [nid001292] - Abort(59) (rank 90 in comm 0): application called MPI_Abort(MPI_COMM_WORLD, 59) - process 90

aborting job:
application called MPI_Abort(MPI_COMM_WORLD, 59) - process 90
[91]PETSC ERROR: ------------------------------------------------------------------------
[91]PETSC ERROR: Caught signal number 15 Terminate: Some process (or the batch system) has told this process to end
[91]PETSC ERROR: Try option -start_in_debugger or -on_error_attach_debugger
[91]PETSC ERROR: or see https://petsc.org/release/faq/#valgrind and https://petsc.org/release/faq/
[91]PETSC ERROR: configure using --with-debugging=yes, recompile, link, and run 
[91]PETSC ERROR: to get more information on the crash.
MPICH ERROR [Rank 91] [job id 17134572.0] [Wed Apr  1 01:26:39 2026] [nid001292] - Abort(59) (rank 91 in comm 0): application called MPI_Abort(MPI_COMM_WORLD, 59) - process 91

MPICH ERROR [Rank 92] [job id 17134572.0] [Wed Apr  1 01:27:01 2026] [nid001292] - Abort(59) (rank 92 in comm 0): application called MPI_Abort(MPI_COMM_WORLD, 59) - process 92

[94]PETSC ERROR: ------------------------------------------------------------------------
[94]PETSC ERROR: Caught signal number 15 Terminate: Some process (or the batch system) has told this process to end
[94]PETSC ERROR: Try option -start_in_debugger or -on_error_attach_debugger
[94]PETSC ERROR: or see https://petsc.org/release/faq/#valgrind and https://petsc.org/release/faq/
[94]PETSC ERROR: configure using --with-debugging=yes, recompile, link, and run 
[94]PETSC ERROR: to get more information on the crash.
MPICH ERROR [Rank 94] [job id 17134572.0] [Wed Apr  1 01:27:12 2026] [nid001292] - Abort(59) (rank 94 in comm 0): application called MPI_Abort(MPI_COMM_WORLD, 59) - process 94

[95]PETSC ERROR: ------------------------------------------------------------------------
[95]PETSC ERROR: Caught signal number 15 Terminate: Some process (or the batch system) has told this process to end
[95]PETSC ERROR: Try option -start_in_debugger or -on_error_attach_debugger
[95]PETSC ERROR: or see https://petsc.org/release/faq/#valgrind and https://petsc.org/release/faq/
[95]PETSC ERROR: configure using --with-debugging=yes, recompile, link, and run 
[95]PETSC ERROR: to get more information on the crash.
MPICH ERROR [Rank 95] [job id 17134572.0] [Wed Apr  1 01:27:01 2026] [nid001292] - Abort(59) (rank 95 in comm 0): application called MPI_Abort(MPI_COMM_WORLD, 59) - process 95

[96]PETSC ERROR: ------------------------------------------------------------------------
[96]PETSC ERROR: Caught signal number 15 Terminate: Some process (or the batch system) has told this process to end
[96]PETSC ERROR: Try option -start_in_debugger or -on_error_attach_debugger
[96]PETSC ERROR: or see https://petsc.org/release/faq/#valgrind and https://petsc.org/release/faq/
[96]PETSC ERROR: configure using --with-debugging=yes, recompile, link, and run 
[96]PETSC ERROR: to get more information on the crash.
MPICH ERROR [Rank 96] [job id 17134572.0] [Wed Apr  1 01:27:00 2026] [nid001292] - Abort(59) (rank 96 in comm 0): application called MPI_Abort(MPI_COMM_WORLD, 59) - process 96

aborting job:
application called MPI_Abort(MPI_COMM_WORLD, 59) - process 96
[99]PETSC ERROR: ------------------------------------------------------------------------
[99]PETSC ERROR: Caught signal number 15 Terminate: Some process (or the batch system) has told this process to end
[99]PETSC ERROR: Try option -start_in_debugger or -on_error_attach_debugger
[99]PETSC ERROR: or see https://petsc.org/release/faq/#valgrind and https://petsc.org/release/faq/
[99]PETSC ERROR: configure using --with-debugging=yes, recompile, link, and run 
[99]PETSC ERROR: to get more information on the crash.
MPICH ERROR [Rank 99] [job id 17134572.0] [Wed Apr  1 01:27:16 2026] [nid001292] - Abort(59) (rank 99 in comm 0): application called MPI_Abort(MPI_COMM_WORLD, 59) - process 99

[101]PETSC ERROR: ------------------------------------------------------------------------
[101]PETSC ERROR: Caught signal number 15 Terminate: Some process (or the batch system) has told this process to end
[101]PETSC ERROR: Try option -start_in_debugger or -on_error_attach_debugger
[101]PETSC ERROR: or see https://petsc.org/release/faq/#valgrind and https://petsc.org/release/faq/
[101]PETSC ERROR: configure using --with-debugging=yes, recompile, link, and run 
[101]PETSC ERROR: to get more information on the crash.
MPICH ERROR [Rank 101] [job id 17134572.0] [Wed Apr  1 01:27:01 2026] [nid001292] - Abort(59) (rank 101 in comm 0): application called MPI_Abort(MPI_COMM_WORLD, 59) - process 101

aborting job:
application called MPI_Abort(MPI_COMM_WORLD, 59) - process 101
MPICH ERROR [Rank 102] [job id 17134572.0] [Wed Apr  1 01:26:31 2026] [nid001292] - Abort(59) (rank 102 in comm 0): application called MPI_Abort(MPI_COMM_WORLD, 59) - process 102

aborting job:
application called MPI_Abort(MPI_COMM_WORLD, 59) - process 102
[103]PETSC ERROR: ------------------------------------------------------------------------
[103]PETSC ERROR: Caught signal number 15 Terminate: Some process (or the batch system) has told this process to end
[103]PETSC ERROR: Try option -start_in_debugger or -on_error_attach_debugger
[103]PETSC ERROR: or see https://petsc.org/release/faq/#valgrind and https://petsc.org/release/faq/
[103]PETSC ERROR: configure using --with-debugging=yes, recompile, link, and run 
[103]PETSC ERROR: to get more information on the crash.
MPICH ERROR [Rank 103] [job id 17134572.0] [Wed Apr  1 01:27:00 2026] [nid001292] - Abort(59) (rank 103 in comm 0): application called MPI_Abort(MPI_COMM_WORLD, 59) - process 103

[104]PETSC ERROR: ------------------------------------------------------------------------
[104]PETSC ERROR: Caught signal number 15 Terminate: Some process (or the batch system) has told this process to end
[104]PETSC ERROR: Try option -start_in_debugger or -on_error_attach_debugger
[104]PETSC ERROR: or see https://petsc.org/release/faq/#valgrind and https://petsc.org/release/faq/
[104]PETSC ERROR: configure using --with-debugging=yes, recompile, link, and run 
[104]PETSC ERROR: to get more information on the crash.
MPICH ERROR [Rank 104] [job id 17134572.0] [Wed Apr  1 01:27:18 2026] [nid001292] - Abort(59) (rank 104 in comm 0): application called MPI_Abort(MPI_COMM_WORLD, 59) - process 104

aborting job:
application called MPI_Abort(MPI_COMM_WORLD, 59) - process 104
[106]PETSC ERROR: ------------------------------------------------------------------------
[106]PETSC ERROR: Caught signal number 15 Terminate: Some process (or the batch system) has told this process to end
[106]PETSC ERROR: Try option -start_in_debugger or -on_error_attach_debugger
[106]PETSC ERROR: or see https://petsc.org/release/faq/#valgrind and https://petsc.org/release/faq/
[106]PETSC ERROR: configure using --with-debugging=yes, recompile, link, and run 
[106]PETSC ERROR: to get more information on the crash.
MPICH ERROR [Rank 106] [job id 17134572.0] [Wed Apr  1 01:26:44 2026] [nid001292] - Abort(59) (rank 106 in comm 0): application called MPI_Abort(MPI_COMM_WORLD, 59) - process 106

aborting job:
application called MPI_Abort(MPI_COMM_WORLD, 59) - process 106
[107]PETSC ERROR: ------------------------------------------------------------------------
[107]PETSC ERROR: Caught signal number 15 Terminate: Some process (or the batch system) has told this process to end
[107]PETSC ERROR: Try option -start_in_debugger or -on_error_attach_debugger
[107]PETSC ERROR: or see https://petsc.org/release/faq/#valgrind and https://petsc.org/release/faq/
[107]PETSC ERROR: configure using --with-debugging=yes, recompile, link, and run 
[107]PETSC ERROR: to get more information on the crash.
MPICH ERROR [Rank 107] [job id 17134572.0] [Wed Apr  1 01:26:46 2026] [nid001292] - Abort(59) (rank 107 in comm 0): application called MPI_Abort(MPI_COMM_WORLD, 59) - process 107

[108]PETSC ERROR: ------------------------------------------------------------------------
[108]PETSC ERROR: Caught signal number 15 Terminate: Some process (or the batch system) has told this process to end
[108]PETSC ERROR: Try option -start_in_debugger or -on_error_attach_debugger
[108]PETSC ERROR: or see https://petsc.org/release/faq/#valgrind and https://petsc.org/release/faq/
[108]PETSC ERROR: configure using --with-debugging=yes, recompile, link, and run 
[108]PETSC ERROR: to get more information on the crash.
MPICH ERROR [Rank 108] [job id 17134572.0] [Wed Apr  1 01:26:54 2026] [nid001292] - Abort(59) (rank 108 in comm 0): application called MPI_Abort(MPI_COMM_WORLD, 59) - process 108

aborting job:
application called MPI_Abort(MPI_COMM_WORLD, 59) - process 108
[109]PETSC ERROR: Caught signal number 15 Terminate: Some process (or the batch system) has told this process to end
[109]PETSC ERROR: Try option -start_in_debugger or -on_error_attach_debugger
[109]PETSC ERROR: or see https://petsc.org/release/faq/#valgrind and https://petsc.org/release/faq/
[109]PETSC ERROR: configure using --with-debugging=yes, recompile, link, and run 
[109]PETSC ERROR: to get more information on the crash.
MPICH ERROR [Rank 109] [job id 17134572.0] [Wed Apr  1 01:26:51 2026] [nid001292] - Abort(59) (rank 109 in comm 0): application called MPI_Abort(MPI_COMM_WORLD, 59) - process 109

aborting job:
application called MPI_Abort(MPI_COMM_WORLD, 59) - process 109
MPICH ERROR [Rank 110] [job id 17134572.0] [Wed Apr  1 01:26:58 2026] [nid001292] - Abort(59) (rank 110 in comm 0): application called MPI_Abort(MPI_COMM_WORLD, 59) - process 110

[111]PETSC ERROR: ------------------------------------------------------------------------
[111]PETSC ERROR: Caught signal number 15 Terminate: Some process (or the batch system) has told this process to end
[111]PETSC ERROR: Try option -start_in_debugger or -on_error_attach_debugger
[111]PETSC ERROR: or see https://petsc.org/release/faq/#valgrind and https://petsc.org/release/faq/
[111]PETSC ERROR: configure using --with-debugging=yes, recompile, link, and run 
[111]PETSC ERROR: to get more information on the crash.
MPICH ERROR [Rank 111] [job id 17134572.0] [Wed Apr  1 01:27:20 2026] [nid001292] - Abort(59) (rank 111 in comm 0): application called MPI_Abort(MPI_COMM_WORLD, 59) - process 111

aborting job:
application called MPI_Abort(MPI_COMM_WORLD, 59) - process 111
[112]PETSC ERROR: ------------------------------------------------------------------------
[112]PETSC ERROR: Caught signal number 15 Terminate: Some process (or the batch system) has told this process to end
[112]PETSC ERROR: Try option -start_in_debugger or -on_error_attach_debugger
[112]PETSC ERROR: or see https://petsc.org/release/faq/#valgrind and https://petsc.org/release/faq/
[112]PETSC ERROR: configure using --with-debugging=yes, recompile, link, and run 
[112]PETSC ERROR: to get more information on the crash.
MPICH ERROR [Rank 112] [job id 17134572.0] [Wed Apr  1 01:27:05 2026] [nid001292] - Abort(59) (rank 112 in comm 0): application called MPI_Abort(MPI_COMM_WORLD, 59) - process 112

[115]PETSC ERROR: ------------------------------------------------------------------------
[115]PETSC ERROR: Caught signal number 15 Terminate: Some process (or the batch system) has told this process to end
[115]PETSC ERROR: Try option -start_in_debugger or -on_error_attach_debugger
[115]PETSC ERROR: or see https://petsc.org/release/faq/#valgrind and https://petsc.org/release/faq/
[115]PETSC ERROR: configure using --with-debugging=yes, recompile, link, and run 
[115]PETSC ERROR: to get more information on the crash.
MPICH ERROR [Rank 115] [job id 17134572.0] [Wed Apr  1 01:27:08 2026] [nid001292] - Abort(59) (rank 115 in comm 0): application called MPI_Abort(MPI_COMM_WORLD, 59) - process 115

[116]PETSC ERROR: Caught signal number 15 Terminate: Some process (or the batch system) has told this process to end
[116]PETSC ERROR: Try option -start_in_debugger or -on_error_attach_debugger
[116]PETSC ERROR: or see https://petsc.org/release/faq/#valgrind and https://petsc.org/release/faq/
[116]PETSC ERROR: configure using --with-debugging=yes, recompile, link, and run 
[116]PETSC ERROR: to get more information on the crash.
MPICH ERROR [Rank 116] [job id 17134572.0] [Wed Apr  1 01:26:57 2026] [nid001292] - Abort(59) (rank 116 in comm 0): application called MPI_Abort(MPI_COMM_WORLD, 59) - process 116

[117]PETSC ERROR: ------------------------------------------------------------------------
[117]PETSC ERROR: Caught signal number 15 Terminate: Some process (or the batch system) has told this process to end
[117]PETSC ERROR: Try option -start_in_debugger or -on_error_attach_debugger
[117]PETSC ERROR: or see https://petsc.org/release/faq/#valgrind and https://petsc.org/release/faq/
[117]PETSC ERROR: configure using --with-debugging=yes, recompile, link, and run 
[117]PETSC ERROR: to get more information on the crash.
MPICH ERROR [Rank 117] [job id 17134572.0] [Wed Apr  1 01:27:10 2026] [nid001292] - Abort(59) (rank 117 in comm 0): application called MPI_Abort(MPI_COMM_WORLD, 59) - process 117

[121]PETSC ERROR: ------------------------------------------------------------------------
[121]PETSC ERROR: Caught signal number 15 Terminate: Some process (or the batch system) has told this process to end
[121]PETSC ERROR: Try option -start_in_debugger or -on_error_attach_debugger
[121]PETSC ERROR: or see https://petsc.org/release/faq/#valgrind and https://petsc.org/release/faq/
[121]PETSC ERROR: configure using --with-debugging=yes, recompile, link, and run 
[121]PETSC ERROR: to get more information on the crash.
MPICH ERROR [Rank 121] [job id 17134572.0] [Wed Apr  1 01:27:01 2026] [nid001292] - Abort(59) (rank 121 in comm 0): application called MPI_Abort(MPI_COMM_WORLD, 59) - process 121

aborting job:
application called MPI_Abort(MPI_COMM_WORLD, 59) - process 121
[122]PETSC ERROR: ------------------------------------------------------------------------
[122]PETSC ERROR: Caught signal number 15 Terminate: Some process (or the batch system) has told this process to end
[122]PETSC ERROR: Try option -start_in_debugger or -on_error_attach_debugger
[122]PETSC ERROR: or see https://petsc.org/release/faq/#valgrind and https://petsc.org/release/faq/
[122]PETSC ERROR: configure using --with-debugging=yes, recompile, link, and run 
[122]PETSC ERROR: to get more information on the crash.
MPICH ERROR [Rank 122] [job id 17134572.0] [Wed Apr  1 01:27:06 2026] [nid001292] - Abort(59) (rank 122 in comm 0): application called MPI_Abort(MPI_COMM_WORLD, 59) - process 122

[123]PETSC ERROR: ------------------------------------------------------------------------
[123]PETSC ERROR: Caught signal number 15 Terminate: Some process (or the batch system) has told this process to end
[123]PETSC ERROR: Try option -start_in_debugger or -on_error_attach_debugger
[123]PETSC ERROR: or see https://petsc.org/release/faq/#valgrind and https://petsc.org/release/faq/
[123]PETSC ERROR: configure using --with-debugging=yes, recompile, link, and run 
[123]PETSC ERROR: to get more information on the crash.
MPICH ERROR [Rank 123] [job id 17134572.0] [Wed Apr  1 01:27:15 2026] [nid001292] - Abort(59) (rank 123 in comm 0): application called MPI_Abort(MPI_COMM_WORLD, 59) - process 123

[125]PETSC ERROR: ------------------------------------------------------------------------
[125]PETSC ERROR: Caught signal number 15 Terminate: Some process (or the batch system) has told this process to end
[125]PETSC ERROR: Try option -start_in_debugger or -on_error_attach_debugger
[125]PETSC ERROR: or see https://petsc.org/release/faq/#valgrind and https://petsc.org/release/faq/
[125]PETSC ERROR: configure using --with-debugging=yes, recompile, link, and run 
[125]PETSC ERROR: to get more information on the crash.
MPICH ERROR [Rank 125] [job id 17134572.0] [Wed Apr  1 01:26:51 2026] [nid001292] - Abort(59) (rank 125 in comm 0): application called MPI_Abort(MPI_COMM_WORLD, 59) - process 125

aborting job:
application called MPI_Abort(MPI_COMM_WORLD, 59) - process 125
aborting job:
application called MPI_Abort(MPI_COMM_WORLD, 59) - process 27
MPICH ERROR [Rank 26] [job id 17134572.0] [Wed Apr  1 01:27:03 2026] [nid001292] - Abort(59) (rank 26 in comm 0): application called MPI_Abort(MPI_COMM_WORLD, 59) - process 26

MPICH ERROR [Rank 59] [job id 17134572.0] [Wed Apr  1 01:27:00 2026] [nid001292] - Abort(59) (rank 59 in comm 0): application called MPI_Abort(MPI_COMM_WORLD, 59) - process 59

aborting job:
application called MPI_Abort(MPI_COMM_WORLD, 59) - process 91
aborting job:
application called MPI_Abort(MPI_COMM_WORLD, 59) - process 12
aborting job:
application called MPI_Abort(MPI_COMM_WORLD, 59) - process 76
aborting job:
application called MPI_Abort(MPI_COMM_WORLD, 59) - process 33
MPICH ERROR [Rank 105] [job id 17134572.0] [Wed Apr  1 01:27:19 2026] [nid001292] - Abort(59) (rank 105 in comm 0): application called MPI_Abort(MPI_COMM_WORLD, 59) - process 105


aborting job:
application called MPI_Abort(MPI_COMM_WORLD, 59) - process 39
aborting job:
application called MPI_Abort(MPI_COMM_WORLD, 59) - process 81
aborting job:
application called MPI_Abort(MPI_COMM_WORLD, 59) - process 110
aborting job:
application called MPI_Abort(MPI_COMM_WORLD, 59) - process 0
aborting job:
application called MPI_Abort(MPI_COMM_WORLD, 59) - process 1
aborting job:
application called MPI_Abort(MPI_COMM_WORLD, 59) - process 3
aborting job:
application called MPI_Abort(MPI_COMM_WORLD, 59) - process 5
aborting job:
application called MPI_Abort(MPI_COMM_WORLD, 59) - process 7
aborting job:
application called MPI_Abort(MPI_COMM_WORLD, 59) - process 11
aborting job:
application called MPI_Abort(MPI_COMM_WORLD, 59) - process 13
aborting job:
application called MPI_Abort(MPI_COMM_WORLD, 59) - process 14
aborting job:
application called MPI_Abort(MPI_COMM_WORLD, 59) - process 15
aborting job:
application called MPI_Abort(MPI_COMM_WORLD, 59) - process 16
aborting job:
application called MPI_Abort(MPI_COMM_WORLD, 59) - process 17
aborting job:
application called MPI_Abort(MPI_COMM_WORLD, 59) - process 19
aborting job:
application called MPI_Abort(MPI_COMM_WORLD, 59) - process 21
MPICH ERROR [Rank 24] [job id 17134572.0] [Wed Apr  1 01:27:46 2026] [nid001292] - Abort(59) (rank 24 in comm 0): application called MPI_Abort(MPI_COMM_WORLD, 59) - process 24

aborting job:
application called MPI_Abort(MPI_COMM_WORLD, 59) - process 24
aborting job:
application called MPI_Abort(MPI_COMM_WORLD, 59) - process 25
aborting job:
application called MPI_Abort(MPI_COMM_WORLD, 59) - process 26
aborting job:
application called MPI_Abort(MPI_COMM_WORLD, 59) - process 28
aborting job:
application called MPI_Abort(MPI_COMM_WORLD, 59) - process 34
aborting job:
application called MPI_Abort(MPI_COMM_WORLD, 59) - process 35
aborting job:
application called MPI_Abort(MPI_COMM_WORLD, 59) - process 36
aborting job:
application called MPI_Abort(MPI_COMM_WORLD, 59) - process 37
aborting job:
application called MPI_Abort(MPI_COMM_WORLD, 59) - process 46
aborting job:
application called MPI_Abort(MPI_COMM_WORLD, 59) - process 47
aborting job:
application called MPI_Abort(MPI_COMM_WORLD, 59) - process 51
aborting job:
application called MPI_Abort(MPI_COMM_WORLD, 59) - process 52
aborting job:
application called MPI_Abort(MPI_COMM_WORLD, 59) - process 54
aborting job:
application called MPI_Abort(MPI_COMM_WORLD, 59) - process 56
aborting job:
application called MPI_Abort(MPI_COMM_WORLD, 59) - process 57
aborting job:
application called MPI_Abort(MPI_COMM_WORLD, 59) - process 58
aborting job:
application called MPI_Abort(MPI_COMM_WORLD, 59) - process 59
aborting job:
application called MPI_Abort(MPI_COMM_WORLD, 59) - process 65
aborting job:
application called MPI_Abort(MPI_COMM_WORLD, 59) - process 67
aborting job:
application called MPI_Abort(MPI_COMM_WORLD, 59) - process 70
aborting job:
application called MPI_Abort(MPI_COMM_WORLD, 59) - process 72
aborting job:
application called MPI_Abort(MPI_COMM_WORLD, 59) - process 80
aborting job:
application called MPI_Abort(MPI_COMM_WORLD, 59) - process 84
aborting job:
application called MPI_Abort(MPI_COMM_WORLD, 59) - process 86
aborting job:
application called MPI_Abort(MPI_COMM_WORLD, 59) - process 89
aborting job:
application called MPI_Abort(MPI_COMM_WORLD, 59) - process 92
aborting job:
application called MPI_Abort(MPI_COMM_WORLD, 59) - process 94
aborting job:
application called MPI_Abort(MPI_COMM_WORLD, 59) - process 95
aborting job:
application called MPI_Abort(MPI_COMM_WORLD, 59) - process 99
aborting job:
application called MPI_Abort(MPI_COMM_WORLD, 59) - process 103
aborting job:
application called MPI_Abort(MPI_COMM_WORLD, 59) - process 105
aborting job:
application called MPI_Abort(MPI_COMM_WORLD, 59) - process 107
aborting job:
application called MPI_Abort(MPI_COMM_WORLD, 59) - process 112
aborting job:
application called MPI_Abort(MPI_COMM_WORLD, 59) - process 115
aborting job:
application called MPI_Abort(MPI_COMM_WORLD, 59) - process 116
aborting job:
application called MPI_Abort(MPI_COMM_WORLD, 59) - process 117
aborting job:
application called MPI_Abort(MPI_COMM_WORLD, 59) - process 122
aborting job:
application called MPI_Abort(MPI_COMM_WORLD, 59) - process 123
aborting job:
application called MPI_Abort(MPI_COMM_WORLD, 59) - process 61
aborting job:
application called MPI_Abort(MPI_COMM_WORLD, 59) - process 2
