
Entering DMUMPS 5.8.1 from C interface with JOB, N =   1    16240000
      executing #MPI =     32, without OMP

Advanced settings:
   KEEP(370) Static mapping              =         1
   KEEP(371) Advanced optimizations      =         0

 =================================================
  MUMPS compiled with option -DAVOID_MPI_IN_PLACE
 MUMPS compiled with option -Dmetis
 MUMPS compiled with option -Dparmetis
 MUMPS compiled with option -Dpord
 MUMPS compiled with option -Dptscotch
 MUMPS compiled with option -Dscotch
 =================================================
L U Solver for unsymmetric matrices
Type of parallelism: Working host

 ****** ANALYSIS STEP ********

 ** Maximum transversal (ICNTL(6)) not allowed because matrix is distributed
 Processing a graph of size:  16240000 with     431985632 edges
 Ordering based on SCOTCH 
 ELAPSED TIME SPENT IN SCOTCH reordering =    672.6189
 A root of estimated size  94615  has been selected for Scalapack.

Leaving analysis phase with  ...
 INFOG(1)                                       =               0
 INFOG(2)                                       =               0
 -- (20) Number of entries in factors (estim.)  =    238038445700
 --  (3) Real space for factors    (estimated)  =    238060860426
 --  (4) Integer space for factors (estimated)  =       317990096
 --  (5) Maximum frontal size      (estimated)  =          160423
 --  (6) Number of nodes in the tree            =         1354681
 -- (32) Type of analysis effectively used      =               1
 --  (7) Ordering option effectively used       =               3
 ICNTL (6) Maximum transversal option           =               0
 ICNTL (7) Pivot order option                   =               3
 ICNTL(12) Ordering symmetric indef. matrices   =               1
 ICNTL(13) Parallelism/splitting of root node   =               0
 ICNTL(14) Percentage of memory relaxation      =             200
 ICNTL(15) Analysis by block effectively used   =               0
 ICNTL(18) Distributed input matrix (on if >0)  =               3
 ICNTL(32) Forward elimination during facto.    =               0
 ICNTL(35) BLR activation                       =               0
 ICNTL(48) Tree based multithreading (effective)=               0
 ICNTL(58) Symbolic factorization option        =               2
 Number of level 2 nodes                        =              61
 Number of split nodes                          =               8
 RINFOG(1) Operations during elimination (estim)= 1.635E+16
 Distributed matrix entry format (ICNTL(18))    =               3

 MEMORY ESTIMATIONS ... 
 Estimations with standard Full-Rank (FR) factorization:
    Maximum estim. space in Mbytes, IC facto.    (INFOG(16)):          332572
    Total space in MBytes, IC factorization      (INFOG(17)):         9010518
    Maximum estim. space in Mbytes, OOC facto.   (INFOG(26)):          226902
    Total space in MBytes,  OOC factorization    (INFOG(27)):         5056043

 Elapsed time in analysis driver=     688.9258

Entering DMUMPS 5.8.1 from C interface with JOB, N =   2    16240000
      executing #MPI =     32, without OMP

Advanced settings:
   KEEP(370) Static mapping              =         1
   KEEP(371) Advanced optimizations      =         0



****** FACTORIZATION STEP ********

 GLOBAL STATISTICS PRIOR NUMERICAL FACTORIZATION ...
 Number of working processes                =              32
 ICNTL(22) Out-of-core option               =               0
 ICNTL(35) BLR activation (eff. choice)     =               0
 ICNTL(37) BLR CB compression (eff. choice) =               0
 ICNTL(49) Compact workarray S (end facto.) =               0
 ICNTL(56) Effective value during facto.    =               0
 ICNTL(14) Memory relaxation                =             200
 INFOG(3) Real space for factors (estimated)=    238060860426
 INFOG(4) Integer space for factors (estim.)=       317990096
 Maximum frontal size (estimated)           =          160423
 Number of nodes in the tree                =         1354681
 ICNTL(23) Memory allowed (value on host)   =               0
           Sum over all procs               =               0
 Memory provided by user, sum of LWK_USER   =               0
 Effective threshold for pivoting, CNTL(1)  =      0.1000E-01

 Statistics on the scaling phase
 Elapsed time for scaling                   =      3.1306
 Max difference from 1 after scaling the entries for ONE-NORM (option 7/8)   = 0.82E+00

 Average Effective size of S     (based on INFO(39))=          34957838469

 Elapsed time in factorization driver               =      3.1980
 ** ERROR RETURN ** FROM DMUMPS INFO(1)=  -13
 ** INFO(2)=          -38036
 On return from DMUMPS, INFOG(1)=             -13
 On return from DMUMPS, INFOG(2)=          -38036

Entering DMUMPS 5.8.1 from C interface with JOB =  -2
      executing #MPI =     32, without OMP
||Ax - b||_2 = -nan
 ** ERROR RETURN ** FROM DMUMPS INFO(1)=  -13
 ** INFO(2)=          -34101
 ** ERROR RETURN ** FROM DMUMPS INFO(1)=   -1
 ** INFO(2)=               0
 ** ERROR RETURN ** FROM DMUMPS INFO(1)=  -13
 ** INFO(2)=          -33744
 ** ERROR RETURN ** FROM DMUMPS INFO(1)=   -1
 ** INFO(2)=               0
 ** ERROR RETURN ** FROM DMUMPS INFO(1)=  -13
 ** INFO(2)=          -36182
 ** ERROR RETURN ** FROM DMUMPS INFO(1)=  -13
 ** INFO(2)=          -37720
 ** ERROR RETURN ** FROM DMUMPS INFO(1)=  -13
 ** INFO(2)=          -36669
 ** ERROR RETURN ** FROM DMUMPS INFO(1)=   -1
 ** INFO(2)=               0
 ** ERROR RETURN ** FROM DMUMPS INFO(1)=  -13
 ** INFO(2)=          -38964
 ** ERROR RETURN ** FROM DMUMPS INFO(1)=   -1
 ** INFO(2)=               0
 ** ERROR RETURN ** FROM DMUMPS INFO(1)=   -1
 ** INFO(2)=               0
 ** ERROR RETURN ** FROM DMUMPS INFO(1)=  -13
 ** INFO(2)=          -36437
 ** ERROR RETURN ** FROM DMUMPS INFO(1)=  -13
 ** INFO(2)=          -35577
 ** ERROR RETURN ** FROM DMUMPS INFO(1)=   -1
 ** INFO(2)=               0
 ** ERROR RETURN ** FROM DMUMPS INFO(1)=  -13
 ** INFO(2)=          -41317
 ** ERROR RETURN ** FROM DMUMPS INFO(1)=  -13
 ** INFO(2)=          -38462
 ** ERROR RETURN ** FROM DMUMPS INFO(1)=   -1
 ** INFO(2)=               0
 ** ERROR RETURN ** FROM DMUMPS INFO(1)=   -1
 ** INFO(2)=               0
 ** ERROR RETURN ** FROM DMUMPS INFO(1)=  -13
 ** INFO(2)=          -35046
 ** ERROR RETURN ** FROM DMUMPS INFO(1)=   -1
 ** INFO(2)=               0
 ** ERROR RETURN ** FROM DMUMPS INFO(1)=  -13
 ** INFO(2)=          -38452
 ** ERROR RETURN ** FROM DMUMPS INFO(1)=  -13
 ** INFO(2)=          -39728
 ** ERROR RETURN ** FROM DMUMPS INFO(1)=  -13
 ** INFO(2)=          -35980
 ** ERROR RETURN ** FROM DMUMPS INFO(1)=   -1
 ** INFO(2)=               0
 ** ERROR RETURN ** FROM DMUMPS INFO(1)=  -13
 ** INFO(2)=          -34734
 ** ERROR RETURN ** FROM DMUMPS INFO(1)=  -13
 ** INFO(2)=          -38020
 ** ERROR RETURN ** FROM DMUMPS INFO(1)=  -13
 ** INFO(2)=          -35882
 ** ERROR RETURN ** FROM DMUMPS INFO(1)=  -13
 ** INFO(2)=          -34803
 ** ERROR RETURN ** FROM DMUMPS INFO(1)=  -13
 ** INFO(2)=          -36611
 ** ERROR RETURN ** FROM DMUMPS INFO(1)=  -13
 ** INFO(2)=          -34540
 ** ERROR RETURN ** FROM DMUMPS INFO(1)=  -13
 ** INFO(2)=          -35433
