
Entering DMUMPS 5.8.1 from C interface with JOB, N =   1      106437
      executing #MPI =     16, without OMP

Advanced settings:
   KEEP(370) Static mapping              =         1
   KEEP(371) Advanced optimizations      =         0

 =================================================
  MUMPS compiled with option -DAVOID_MPI_IN_PLACE
 MUMPS compiled with option -Dmetis
 MUMPS compiled with option -Dparmetis
 MUMPS compiled with option -Dpord
 MUMPS compiled with option -Dptscotch
 MUMPS compiled with option -Dscotch
 =================================================
L U Solver for unsymmetric matrices
Type of parallelism: Working host

 ****** ANALYSIS STEP ********

 ** Maximum transversal (ICNTL(6)) not allowed because matrix is distributed
 Processing a graph of size:    106437 with       2600742 edges
 Ordering based on AMD 
 A root of estimated size  1324  has been selected for Scalapack.

Leaving analysis phase with  ...
 INFOG(1)                                       =               0
 INFOG(2)                                       =               0
 -- (20) Number of entries in factors (estim.)  =        64036787
 --  (3) Real space for factors    (estimated)  =        64212900
 --  (4) Integer space for factors (estimated)  =         1228684
 --  (5) Maximum frontal size      (estimated)  =            1410
 --  (6) Number of nodes in the tree            =            4395
 -- (32) Type of analysis effectively used      =               1
 --  (7) Ordering option effectively used       =               0
 ICNTL (6) Maximum transversal option           =               0
 ICNTL (7) Pivot order option                   =               0
 ICNTL(12) Ordering symmetric indef. matrices   =               1
 ICNTL(13) Parallelism/splitting of root node   =               0
 ICNTL(14) Percentage of memory relaxation      =              30
 ICNTL(15) Analysis by block effectively used   =               0
 ICNTL(18) Distributed input matrix (on if >0)  =               3
 ICNTL(32) Forward elimination during facto.    =               0
 ICNTL(35) BLR activation                       =               0
 ICNTL(48) Tree based multithreading (effective)=               0
 ICNTL(58) Symbolic factorization option        =               2
 Number of level 2 nodes                        =              30
 Number of split nodes                          =               7
 RINFOG(1) Operations during elimination (estim)= 4.444E+10
 Distributed matrix entry format (ICNTL(18))    =               3

 MEMORY ESTIMATIONS ... 
 Estimations with standard Full-Rank (FR) factorization:
    Maximum estim. space in Mbytes, IC facto.    (INFOG(16)):             206
    Total space in MBytes, IC factorization      (INFOG(17)):            2232
    Maximum estim. space in Mbytes, OOC facto.   (INFOG(26)):             126
    Total space in MBytes,  OOC factorization    (INFOG(27)):            1835

 Elapsed time in analysis driver=       0.1576

Entering DMUMPS 5.8.1 from C interface with JOB, N =   2      106437
      executing #MPI =     16, without OMP

Advanced settings:
   KEEP(370) Static mapping              =         1
   KEEP(371) Advanced optimizations      =         0



****** FACTORIZATION STEP ********

 GLOBAL STATISTICS PRIOR NUMERICAL FACTORIZATION ...
 Number of working processes                =              16
 ICNTL(22) Out-of-core option               =               0
 ICNTL(35) BLR activation (eff. choice)     =               0
 ICNTL(37) BLR CB compression (eff. choice) =               0
 ICNTL(49) Compact workarray S (end facto.) =               0
 ICNTL(56) Effective value during facto.    =               0
 ICNTL(14) Memory relaxation                =              30
 INFOG(3) Real space for factors (estimated)=        64212900
 INFOG(4) Integer space for factors (estim.)=         1228684
 Maximum frontal size (estimated)           =            1410
 Number of nodes in the tree                =            4395
 ICNTL(23) Memory allowed (value on host)   =               0
           Sum over all procs               =               0
 Memory provided by user, sum of LWK_USER   =               0
 Effective threshold for pivoting, CNTL(1)  =      0.1000E-01

 Statistics on the scaling phase
 Elapsed time for scaling                   =      0.0165
 Max difference from 1 after scaling the entries for ONE-NORM (option 7/8)   = 0.11E+00

 Average Effective size of S     (based on INFO(39))=              6423693

 Redistrib: total data local/sent           =          154994         3426175
 Elapsed time to reformat/distribute matrix =      0.0325


 Allocated buffers
 ------------------
 Size of reception buffer in bytes ...... =      1520420
 Size of async. emission buffer (bytes).. =      4576462
 Small emission buffer (bytes) .......... =         6792
 ** Memory allocated, max in Mbytes             (INFOG(18)):         206

 ** Memory allocated, total in Mbytes           (INFOG(19)):        2232
 ** Memory effectively used, max in  Mbytes     (INFOG(21)):         182
 ** Memory effectively used, total in Mbytes    (INFOG(22)):        2024

 Elapsed time to process root node                  =      0.0190

 Elapsed time for factorization                     =      0.2445

Leaving factorization with ...
 RINFOG (2) Operations in node assembly             = 1.137E+08
 ------ (3) Operations in node elimination          = 4.444E+10
 ICNTL  (8) Scaling effectively used                =               7
 INFOG  (9) Real space for factors                  =        64036787
 INFOG (10) Integer space for factors               =         1230394
 INFOG (11) Maximum front size                      =            1410
 INFOG (29) Number of entries in factors            =        64036787
 INFOG (12) Number of off diagonal pivots           =               0
 INFOG (13) Number of delayed pivots                =               0
 RINFOG(19) Smallest pivot WITH perturbed pivots    = 4.939E-03
 RINFOG(20) Smallest pivot WITHOUT perturbed pivots = 4.939E-03
 RINFOG(21) Largest pivot in absolute value         = 7.384E-01
 INFOG (24) Effective value of ICNTL(12)            =               1
 INFOG (14) Number of memory compress               =               5

 Elapsed time in factorization driver               =      0.3034

Entering DMUMPS 5.8.1 from C interface with JOB, N =   3      106437
      executing #MPI =     16, without OMP

Advanced settings:
   KEEP(370) Static mapping              =         1
   KEEP(371) Advanced optimizations      =         0



 ****** SOLVE & CHECK STEP ********

 GLOBAL STATISTICS PRIOR SOLVE PHASE ...........
 Number of right-hand-sides                    =           1
 Blocking factor for multiple rhs              =           1
 ICNTL (9)                                     =           1
  --- (10)                                     =           0
  --- (11)                                     =           0
  --- (20)                                     =           0
  --- (21)                                     =           1
  --- (30)                                     =           0
  --- (35)                                     =           0
  --- (48) (effective)                         =           0
 ** Rank of processor needing largest memory in solve     :         0
 ** Space in MBYTES used by this processor for solve      :       121
 ** Avg. Space in MBYTES per working proc during solve    :        56
 
 Leaving solve with ...
 Time to build/scatter RHS        =       0.001782
 Time in solution step (fwd/bwd)  =       0.011897
  .. Time in forward (fwd) step   =          0.004914
  .. Time in ScaLAPACK root       =          0.001015
  .. Time in backward (bwd) step  =          0.005791
 Time to gather solution(cent.sol)=       0.000000
 Time for distributed solution    =       0.000119

 Elapsed time in solve driver=       0.0160

Entering DMUMPS 5.8.1 from C interface with JOB =  -2
      executing #MPI =     16, without OMP
||Ax - b||_2 = 2.240926e-16
