
=== CPARDISO: solving a real nonsymmetric system ===
Distributed Matrix Input Format is used for CPARDISO (iparm(40) = 2)
0-based array is turned ON
CPARDISO double precision computation is turned ON
METIS algorithm at reorder step is turned ON
Scaling is turned ON
Matching is turned ON


Summary: ( reordering phase )
================

Times:
======
Time spent in calculations of symmetric matrix portrait (fulladj): 0.181678 s
Time spent in reordering of the initial matrix (reorder)         : 6.988728 s
Time spent in symbolic factorization (symbfct)                   : 5.007665 s
Time spent in data preparations for factorization (parlist)      : 0.097796 s
Time spent in allocation of internal data structures (malloc)    : 0.244053 s
Time spent in matching/scaling                                   : 0.374010 s
Time spent in additional calculations                            : 1.035882 s
Total time spent                                                 : 13.929812 s

Statistics:
===========
Parallel Direct Factorization is running on 32 MPI and 1 OpenMP per MPI process

< Linear system Ax = b >
             number of equations:           1602111
             number of non-zeros in A:      23500731
             number of non-zeros in A (%): 0.000916

             number of right-hand sides:    1

< Factors L and U >
             number of columns for each panel: 128
             number of independent subgraphs:  0
< Preprocessing with state of the art partitioning metis>
             number of supernodes:                    573075
             size of largest supernode:               9963
             number of non-zeros in L:                1344189554
             number of non-zeros in U:                1285655087
             number of non-zeros in L+U:              2629844641

Percentage of computed non-zeros for LL^T factorization
 1 %  2 %  3 %  4 %  5 %  6 %  7 %  8 %  9 %  10 %  11 %  12 %  13 %  14 %  15 %  16 %  17 %  18 %  19 %  20 %  21 %  22 %  23 %  24 %  25 %  26 %  27 %  28 %  29 %  30 %  31 %  32 %  33 %  34 %  35 %  36 %  37 %  39 %  40 %  41 %  42 %  43 %  44 %  45 %  46 %  47 %  49 %  50 %  51 %  53 %  54 %  55 %  56 %  57 %  59 %  61 %  63 %  65 %  67 %  69 %  71 %  73 %  75 %  77 %  79 %  82 %  85 %  88 %  91 %  94 %  97 %  98 %  99 %  100 % 

=== CPARDISO: solving a real nonsymmetric system ===
Single-level factorization algorithm is turned ON


Summary: ( factorization phase )
================

Times:
======
Time spent in copying matrix to internal data structure (A to LU): 0.000007 s
Time spent in factorization step (numfct)                        : 28.996553 s
Time spent in allocation of internal data structures (malloc)    : 0.000060 s
Time spent in additional calculations                            : 0.000046 s
Total time spent                                                 : 28.996666 s

Statistics:
===========
Parallel Direct Factorization is running on 32 MPI and 1 OpenMP per MPI process

< Linear system Ax = b >
             number of equations:           1602111
             number of non-zeros in A:      23500731
             number of non-zeros in A (%): 0.000916

             number of right-hand sides:    1

< Factors L and U >
             number of columns for each panel: 128
             number of independent subgraphs:  0
< Preprocessing with state of the art partitioning metis>
             number of supernodes:                    573075
             size of largest supernode:               9963
             number of non-zeros in L:                1344189554
             number of non-zeros in U:                1285655087
             number of non-zeros in L+U:              2629844641
             gflop   for the numerical factorization: 11206.459573

             gflop/s for the numerical factorization: 386.475575

PARDISO memory: symbolic=1877014 KB, numeric=1283743 KB, total=3160757 KB (3086.68 MB)

=== CPARDISO: solving a real nonsymmetric system ===


Summary: ( solution phase )
================

Times:
======
Time spent in direct solver at solve step (solve)                : 0.459793 s
Time spent in additional calculations                            : 0.846848 s
Total time spent                                                 : 1.306641 s

Statistics:
===========
Parallel Direct Factorization is running on 32 MPI and 1 OpenMP per MPI process

< Linear system Ax = b >
             number of equations:           1602111
             number of non-zeros in A:      23500731
             number of non-zeros in A (%): 0.000916

             number of right-hand sides:    1

< Factors L and U >
             number of columns for each panel: 128
             number of independent subgraphs:  0
< Preprocessing with state of the art partitioning metis>
             number of supernodes:                    573075
             size of largest supernode:               9963
             number of non-zeros in L:                1344189554
             number of non-zeros in U:                1285655087
             number of non-zeros in L+U:              2629844641
             gflop   for the numerical factorization: 11206.459573

             gflop/s for the numerical factorization: 386.475575

Number of iterative refinement steps performed         4
Tolerance level in the iterative refinement process    0.000000e+00
Backward error after the iterative refinement process  0.000000e+00
||Ax - b||_2 = 2.987399e-14
