ischedInit: The thread number has been automatically set to 1
ischedInit: The thread number has been automatically set to 1
ischedInit: The thread number has been automatically set to 1
ischedInit: The thread number has been automatically set to 1
ischedInit: The thread number has been automatically set to 1
ischedInit: The thread number has been automatically set to 1
ischedInit: The thread number has been automatically set to 1
ischedInit: The thread number has been automatically set to 1
ischedInit: The thread number has been automatically set to 1
ischedInit: The thread number has been automatically set to 1
ischedInit: The thread number has been automatically set to 1
ischedInit: The thread number has been automatically set to 1
ischedInit: The thread number has been automatically set to 1
ischedInit: The thread number has been automatically set to 1
ischedInit: The thread number has been automatically set to 1
ischedInit: The thread number has been automatically set to 1
ischedInit: The thread number has been automatically set to 1
ischedInit: The thread number has been automatically set to 1
ischedInit: The thread number has been automatically set to 1
ischedInit: The thread number has been automatically set to 1
ischedInit: The thread number has been automatically set to 1
ischedInit: The thread number has been automatically set to 1
ischedInit: The thread number has been automatically set to 1
ischedInit: The thread number has been automatically set to 1
ischedInit: The thread number has been automatically set to 1
ischedInit: The thread number has been automatically set to 1
ischedInit: The thread number has been automatically set to 1
ischedInit: The thread number has been automatically set to 1
ischedInit: The thread number has been automatically set to 1
ischedInit: The thread number has been automatically set to 1
ischedInit: The thread number has been automatically set to 1
ischedInit: The thread number has been automatically set to 1
ischedInit: The thread number has been automatically set to 1
ischedInit: The thread number has been automatically set to 1
ischedInit: The thread number has been automatically set to 1
ischedInit: The thread number has been automatically set to 1
ischedInit: The thread number has been automatically set to 1
ischedInit: The thread number has been automatically set to 1
ischedInit: The thread number has been automatically set to 1
ischedInit: The thread number has been automatically set to 1
ischedInit: The thread number has been automatically set to 1
ischedInit: The thread number has been automatically set to 1
ischedInit: The thread number has been automatically set to 1
ischedInit: The thread number has been automatically set to 1
ischedInit: The thread number has been automatically set to 1
ischedInit: The thread number has been automatically set to 1
ischedInit: The thread number has been automatically set to 1
ischedInit: The thread number has been automatically set to 1
ischedInit: The thread number has been automatically set to 1
ischedInit: The thread number has been automatically set to 1
ischedInit: The thread number has been automatically set to 1
ischedInit: The thread number has been automatically set to 1
ischedInit: The thread number has been automatically set to 1
ischedInit: The thread number has been automatically set to 1
ischedInit: The thread number has been automatically set to 1
ischedInit: The thread number has been automatically set to 1
ischedInit: The thread number has been automatically set to 1
ischedInit: The thread number has been automatically set to 1
ischedInit: The thread number has been automatically set to 1
ischedInit: The thread number has been automatically set to 1
ischedInit: The thread number has been automatically set to 1
ischedInit: The thread number has been automatically set to 1
ischedInit: The thread number has been automatically set to 1
ischedInit: The thread number has been automatically set to 1
+-------------------------------------------------+
+     PaStiX : Parallel Sparse matriX package     +
+-------------------------------------------------+
  Version:                                   6.4.0
  Schedulers:
    sequential:                            Enabled
    thread static:                         Started
    thread dynamic:                        Started
    PaRSEC:                               Disabled
    StarPU:                               Disabled
  Number of MPI processes:                      64
  Number of threads per process:                 1
  Number of GPUs:                                0
  MPI communication support:              PastixMpiThreadFunneled
  Distribution level:                     2D( 160)
  Blocking size (min/max):              160 /  320
  Computational models
    CPU:              AMD Opteron 6180 - Intel MKL
    GPU:             Nvidia K40 GK1108L - CUDA 8.0
  Low rank parameters:
    Strategy                        No compression
+-------------------------------------------------+
  Ordering subtask :
    Prepare graph structure:
      Sort row indexes in each column
      Removing diagonal elements
    Ordering method is: Metis
    Time to compute ordering              2.662637e+01 s
+-------------------------------------------------+
  Symbolic factorization subtask:
    Symbol factorization using: Fax Direct
    Symbol Matrix statistics:
      Number of cblk                         19810
      Number of blok                       1300678
      Cblk width min                             9
      Cblk width max                          8892
      Cblk width avg                         78.99
      Cblk width stdev                      137.90
      Blok height min                            1
      Blok height max                         3498
      Blok height avg                         6.01
      Blok height stdev                      22.60
      Memory space                           50.98 Mo
    Number of nonzeroes in L structure    1527987087
    Fill-in of L                          13.014552
    Time to compute symbol matrix         7.186863e-01 s
+-------------------------------------------------+
  Reordering subtask:
    Split level                                  0
    Stoping criterion                           -1
    Time for reordering                   1.115720e+01 s
+-------------------------------------------------+
  Mapping/Scheduling subtask:
OUTPUTDIR: pastix-Q6w8Pz
    Number of cluster                           64
    Number of processor per cluster              1
    Number of thread per MPI process             1
    Symbol Matrix statistics:
      Number of cblk                         20465
      Number of blok                        191617
      Cblk width min                             9
      Cblk width max                           346
      Cblk width avg                         76.46
      Cblk width stdev                       57.45
      Blok height min                            1
      Blok height max                          346
      Blok height avg                        51.99
      Blok height stdev                      70.26
      Memory space                            8.71 Mo
    Symbol split done in                  1.431447e-02 s
    Elimination tree built in             4.898140e-04 s
    Cost matrix built in                  2.508850e-03 s
    Estimated total cost of the etree     1.768489e+02 s
    Estimated critical path of the etree  0.000000e+00 s
    Proportional mapping done in          3.108600e-04 s
    Simulation structures built in        1.295716e-02 s
    Number of tasks found                    20465
    Simulation done in                    7.472919e-02 s
    Solver built in                       1.222623e-01 s
    Number of non-zeroes in blocked L     3055974174
    Fill-in                               26.029104
    Number of operations in full-rank: LU        6.88 TFlops
    Prediction:
      Model                              AMD 6180  MKL
      Time to factorize                   3.319067e+01 s
    Time for mapping/scheduling           2.516759e-01 s
+-------------------------------------------------+
  Analyze task:
    Total time for analyze                3.891493e+01 s
+-------------------------------------------------+
  Factorization task:
    Factorization used: LU
    ||A||_2  =                            4.292754e+09
    Time to initialize internal csc       3.121660e-01 s
    Time to initialize coeftab            2.293985e-01 s
    Time to factorize                     1.846256e+01 s (381.70 GFlop/s)
    Number of operations                       -128550987965568.00  Flops
    Number of static pivots                      0
    Memory usage of coeftab                        303 Mo
    Time to solve                         1.442342e-01 s
    Time for refinement                   3.174269e-02 s
||Ax - b||_2 = 1.230722e-06
