
Entering DMUMPS 5.8.1 from C interface with JOB, N, NNZ =   1     2999349       23042677
      executing #MPI =      1, without OMP

Advanced settings:
   KEEP(370) Static mapping              =         1
   KEEP(371) Advanced optimizations      =         0

 =================================================
 MUMPS compiled with option -Dmetis
 MUMPS compiled with option -Dparmetis
 MUMPS compiled with option -Dpord
 MUMPS compiled with option -Dptscotch
 MUMPS compiled with option -Dscotch
 =================================================
L U Solver for unsymmetric matrices
Type of parallelism: Working host

 ****** ANALYSIS STEP ********

 Scaling will be computed during analysis
Compute maximum matching (Maximum Transversal):  5
 ... JOB =  5: MAXIMIZE PRODUCT DIAGONAL AND SCALE
 ... Apply column permutation
 Processing a graph of size:   2999349
 ... Structural symmetry (in percent)=   96
 Average density of rows/columns =    7
 Ordering based on METIS
 ELAPSED TIME SPENT IN METIS reordering  =     15.7961
 SYMBOLIC based on column counts 
 ELAPSED TIME IN symbolic factorization  =      0.4483

Leaving analysis phase with  ...
 INFOG(1)                                       =               0
 INFOG(2)                                       =               0
 -- (20) Number of entries in factors (estim.)  =       150402723
 --  (3) Real space for factors    (estimated)  =       150402723
 --  (4) Integer space for factors (estimated)  =        19338632
 --  (5) Maximum frontal size      (estimated)  =             661
 --  (6) Number of nodes in the tree            =          343141
 -- (32) Type of analysis effectively used      =               1
 --  (7) Ordering option effectively used       =               5
 ICNTL (6) Maximum transversal option           =               5
 ICNTL (7) Pivot order option                   =               5
 ICNTL(12) Ordering symmetric indef. matrices   =               1
 ICNTL(13) Parallelism/splitting of root node   =               0
 ICNTL(14) Percentage of memory relaxation      =              20
 ICNTL(15) Analysis by block effectively used   =               0
 ICNTL(18) Distributed input matrix (on if >0)  =               0
 ICNTL(32) Forward elimination during facto.    =               0
 ICNTL(35) BLR activation                       =               0
 ICNTL(48) Tree based multithreading (effective)=               0
 ICNTL(58) Symbolic factorization option        =               2
 Number of level 2 nodes                        =               0
 Number of split nodes                          =               0
 RINFOG(1) Operations during elimination (estim)= 7.060D+09

 MEMORY ESTIMATIONS ... 
 Estimations with standard Full-Rank (FR) factorization:
    Total space in MBytes, IC factorization      (INFOG(17)):            1965
    Total space in MBytes,  OOC factorization    (INFOG(27)):             588

 Elapsed time in analysis driver=      17.7219

Entering DMUMPS 5.8.1 from C interface with JOB, N, NNZ =   2     2999349       23042677
      executing #MPI =      1, without OMP

Advanced settings:
   KEEP(370) Static mapping              =         1
   KEEP(371) Advanced optimizations      =         0



****** FACTORIZATION STEP ********

 GLOBAL STATISTICS PRIOR NUMERICAL FACTORIZATION ...
 Number of working processes                =               1
 ICNTL(22) Out-of-core option               =               1
 ICNTL(35) BLR activation (eff. choice)     =               0
 ICNTL(37) BLR CB compression (eff. choice) =               0
 ICNTL(49) Compact workarray S (end facto.) =               0
 ICNTL(56) Effective value during facto.    =               0
 ICNTL(14) Memory relaxation                =              20
 INFOG(3) Real space for factors (estimated)=       150402723
 INFOG(4) Integer space for factors (estim.)=        19338632
 Maximum frontal size (estimated)           =             661
 Number of nodes in the tree                =          343141
 ICNTL(23) Memory allowed (value on host)   =               0
           Sum over all procs               =               0
 Memory provided by user, sum of LWK_USER   =               0
 Effective threshold for pivoting, CNTL(1)  =      0.1000D-01
 Effective size of S     (based on INFO(39))=               708039

 Redistrib: total data local/sent           =               0               0
 Elapsed time to reformat/distribute matrix =      0.4296


 Allocated buffers
 ------------------
 Size of reception buffer in bytes ...... =       220000
 Size of async. emission buffer (bytes).. =       220012
 Small emission buffer (bytes) .......... =           20

 ** Memory allocated, total in Mbytes           (INFOG(19)):         588
 ** Memory effectively used, total in Mbytes    (INFOG(22)):         587

 Elapsed time for (failed) factorization            =      1.6671

Leaving factorization with ...
 RINFOG (2) Operations in node assembly             = 8.801D+07
 ------ (3) Operations in node elimination          = 7.086D+09
 ICNTL  (8) Scaling effectively used                =              -2
 INFOG  (9) Real space for factors                  =       192548206
 INFOG (10) Integer space for factors               =        19977587
 INFOG (11) Maximum front size                      =             661
 INFOG (29) Number of entries in factors            =       150572741
 INFOG (12) Number of off diagonal pivots           =            1690
 INFOG (13) Number of delayed pivots                =            2255
 RINFOG(19) Smallest pivot WITH perturbed pivots    = 1.494D-12
 RINFOG(20) Smallest pivot WITHOUT perturbed pivots = 1.494D-12
 RINFOG(21) Largest pivot in absolute value         = 7.242D+02
 INFOG (24) Effective value of ICNTL(12)            =               1
 INFOG (14) Number of memory compress               =               0

 Elapsed time in factorization driver               =      2.0976
 ** ERROR RETURN ** FROM DMUMPS INFO(1)=  -10
 ** INFO(2)=         2999269
 On return from DMUMPS, INFOG(1)=             -10
 On return from DMUMPS, INFOG(2)=         2999269

Entering DMUMPS 5.8.1 from C interface with JOB =  -2
      executing #MPI =      1, without OMP
||Ax - b||_2 = -nan
