
Entering DMUMPS 5.7.3 from C interface with JOB, N =   1        3200
      executing #MPI =      4, without OMP

 =================================================
 MUMPS compiled with option -Dmetis
 MUMPS compiled with option -Dparmetis
 MUMPS compiled with option -Dpord
 MUMPS compiled with option -Dptscotch
 MUMPS compiled with option -Dscotch
 =================================================
L U Solver for unsymmetric matrices
Type of parallelism: Working host

 ****** ANALYSIS STEP ********

 ** Maximum transversal (ICNTL(6)) not allowed because matrix is distributed
 Processing a graph of size:      3200 with         82350 edges
 Ordering based on METIS
 ELAPSED TIME SPENT IN METIS reordering  =      0.0151
 SYMBOLIC based on column counts 
 ELAPSED TIME IN symbolic factorization  =      0.0008

Leaving analysis phase with  ...
 INFOG(1)                                       =               0
 INFOG(2)                                       =               0
 -- (20) Number of entries in factors (estim.)  =          220948
 --  (3) Real space for factors    (estimated)  =          220948
 --  (4) Integer space for factors (estimated)  =           20196
 --  (5) Maximum frontal size      (estimated)  =              51
 --  (6) Number of nodes in the tree            =             196
 -- (32) Type of analysis effectively used      =               1
 --  (7) Ordering option effectively used       =               5
 ICNTL (6) Maximum transversal option           =               0
 ICNTL (7) Pivot order option                   =               5
 ICNTL(12) Ordering symmetric indef. matrices   =               1
 ICNTL(13) Parallelism/splitting of root node   =               1
 ICNTL(14) Percentage of memory relaxation      =             120
 ICNTL(15) Analysis by block effectively used   =               0
 ICNTL(18) Distributed input matrix (on if >0)  =               3
 ICNTL(32) Forward elimination during facto.    =               0
 ICNTL(35) BLR activation                       =               0
 ICNTL(48) Tree based multithreading (effective)=               0
 ICNTL(58) Symbolic factorization option        =               2
 Number of level 2 nodes                        =               0
 Number of split nodes                          =               0
 RINFOG(1) Operations during elimination (estim)= 7.878D+06
 Distributed matrix entry format (ICNTL(18))    =               3

 MEMORY ESTIMATIONS ... 
 Estimations with standard Full-Rank (FR) factorization:
    Maximum estim. space in Mbytes, IC facto.    (INFOG(16)):              11
    Total space in MBytes, IC factorization      (INFOG(17)):              44
    Maximum estim. space in Mbytes, OOC facto.   (INFOG(26)):              10
    Total space in MBytes,  OOC factorization    (INFOG(27)):              40

 Elapsed time in analysis driver=       0.0233

Entering DMUMPS 5.7.3 from C interface with JOB, N =   2        3200
      executing #MPI =      4, without OMP



****** FACTORIZATION STEP ********

 GLOBAL STATISTICS PRIOR NUMERICAL FACTORIZATION ...
 Number of working processes                =               4
 ICNTL(22) Out-of-core option               =               0
 ICNTL(35) BLR activation (eff. choice)     =               0
 ICNTL(37) BLR CB compression (eff. choice) =               0
 ICNTL(49) Compact workarray S (end facto.) =               0
 ICNTL(14) Memory relaxation                =             120
 INFOG(3) Real space for factors (estimated)=          220948
 INFOG(4) Integer space for factors (estim.)=           20196
 Maximum frontal size (estimated)           =              51
 Number of nodes in the tree                =             196
 ICNTL(23) Memory allowed (value on host)   =               0
           Sum over all procs               =               0
 Memory provided by user, sum of LWK_USER   =               0
 Effective threshold for pivoting, CNTL(1)  =      0.1000D-01

 Statistics on the scaling phase
 Elapsed time for scaling                   =      0.0045
 Max difference from 1 after scaling the entries for ONE-NORM (option 7/8)   = 0.85D+00

 Average Effective size of S     (based on INFO(39))=               125997

 Redistrib: total data local/sent           =            8534           59492
 Elapsed time to reformat/distribute matrix =      0.0025

 ** Memory allocated, max in Mbytes             (INFOG(18)):          11

 ** Memory allocated, total in Mbytes           (INFOG(19)):          44
 ** Memory effectively used, max in  Mbytes     (INFOG(21)):          11
 ** Memory effectively used, total in Mbytes    (INFOG(22)):          42

 Elapsed time for (failed) factorization            =      0.0088

Leaving factorization with ...
 RINFOG (2) Operations in node assembly             = 2.371D+05
 ------ (3) Operations in node elimination          = 1.650D+07
 ICNTL  (8) Scaling effectively used                =               7
 INFOG  (9) Real space for factors                  =          279779
 INFOG (10) Integer space for factors               =           23984
 INFOG (11) Maximum front size                      =             341
 INFOG (29) Number of entries in factors            =          279779
 INFOG (12) Number of off diagonal pivots           =            2141
 INFOG (13) Number of delayed pivots                =            1894
 RINFOG(19) Smallest pivot WITH perturbed pivots    = 2.057D-17
 RINFOG(20) Smallest pivot WITHOUT perturbed pivots = 2.057D-17
 RINFOG(21) Largest pivot in absolute value         = 5.335D+03
 INFOG (24) Effective value of ICNTL(12)            =               1
 INFOG (14) Number of memory compress               =               1

 Elapsed time in factorization driver               =      0.0164
 ** ERROR RETURN ** FROM DMUMPS INFO(1)=   -1
 ** INFO(2)=               2
 On return from DMUMPS, INFOG(1)=              -9
 On return from DMUMPS, INFOG(2)=           72003
 ** ERROR RETURN ** FROM DMUMPS INFO(1)=   -1
 ** INFO(2)=               2
 ** ERROR RETURN ** FROM DMUMPS INFO(1)=   -9
 ** INFO(2)=           72003
 ** ERROR RETURN ** FROM DMUMPS INFO(1)=   -1
 ** INFO(2)=               2

Entering DMUMPS 5.7.3 from C interface with JOB =  -2
      executing #MPI =      4, without OMP
****************************************************************************************************************************************************************
***                                WIDEN YOUR WINDOW TO 160 CHARACTERS.  Use 'enscript -r -fCourier9' to print this document                                 ***
****************************************************************************************************************************************************************

------------------------------------------------------------------ PETSc Performance Summary: ------------------------------------------------------------------

../scripts/experiment on a arch-linux-c-opt named HP-Pavilion-Gaming-Laptop-15-ec0xxx with 4 processes, by alexandr on Sun Sep 28 21:43:29 2025
Using PETSc Release Version 3.23.6, unknown

                         Max       Max/Min     Avg       Total
Time (sec):           5.597e-02     1.000   5.596e-02
Objects:              0.000e+00     0.000   0.000e+00
Flops:                9.900e+04     1.147   9.248e+04  3.699e+05
Flops/sec:            1.769e+06     1.147   1.653e+06  6.610e+06
MPI Msg Count:        1.900e+01     1.727   1.650e+01  6.600e+01
MPI Msg Len (bytes):  3.122e+05     3.003   9.482e+03  6.258e+05
MPI Reductions:       4.700e+01     1.000

Flop counting convention: 1 flop = 1 real number operation of type (multiply/divide/add/subtract)
                            e.g., VecAXPY() for real vectors of length N --> 2N flops
                            and VecAXPY() for complex vectors of length N --> 8N flops

Summary of Stages:   ----- Time ------  ----- Flop ------  --- Messages ---  -- Message Lengths --  -- Reductions --
                        Avg     %Total     Avg     %Total    Count   %Total     Avg         %Total    Count   %Total
 0:      Main Stage: 6.6264e-03  11.8%  1.3285e+05  35.9%  3.600e+01  54.5%  1.736e+04       99.8%  2.500e+01  53.2%
 1:         Reorder: 5.2514e-03   9.4%  0.0000e+00   0.0%  3.000e+01  45.5%  3.400e+01        0.2%  5.000e+00  10.6%
 2:   Factorization: 4.4003e-02  78.6%  2.3706e+05  64.1%  0.000e+00   0.0%  0.000e+00        0.0%  0.000e+00   0.0%
 3:           Solve: 7.1359e-05   0.1%  0.0000e+00   0.0%  0.000e+00   0.0%  0.000e+00        0.0%  0.000e+00   0.0%

------------------------------------------------------------------------------------------------------------------------
See the 'Profiling' chapter of the users' manual for details on interpreting output.
Phase summary info:
   Count: number of times phase was executed
   Time and Flop: Max - maximum over all processors
                  Ratio - ratio of maximum to minimum over all processors
   Mess: number of messages sent
   AvgLen: average message length (bytes)
   Reduct: number of global reductions
   Global: entire computation
   Stage: stages of a computation. Set stages with PetscLogStagePush() and PetscLogStagePop().
      %T - percent time in this phase         %F - percent flop in this phase
      %M - percent messages in this phase     %L - percent message lengths in this phase
      %R - percent reductions in this phase
   Total Mflop/s: 1e-6 * (sum of flop over all processors)/(max time over all processors)
------------------------------------------------------------------------------------------------------------------------
Event                Count      Time (sec)     Flop                              --- Global ---  --- Stage ----  Total
                   Max Ratio  Max     Ratio   Max  Ratio  Mess   AvgLen  Reduct  %T %F %M %L %R  %T %F %M %L %R Mflop/s
------------------------------------------------------------------------------------------------------------------------

--- Event Stage 0: Main Stage

BuildTwoSided          2 1.0 6.4391e-05 1.4 0.00e+00 0.0 6.0e+00 4.0e+00 0.0e+00  0  0  9  0  0   1  0 17  0  0     0
BuildTwoSidedF         1 1.0 1.3615e-05 1.4 0.00e+00 0.0 0.0e+00 0.0e+00 0.0e+00  0  0  0  0  0   0  0  0  0  0     0
MatMult                1 1.0 1.0293e-04 1.1 3.34e+04 1.0 6.0e+00 1.1e+02 0.0e+00  0 36  9  0  0   1 100 17  0  0  1291
MatAssemblyBegin       1 1.0 4.3080e-06 10.5 0.00e+00 0.0 0.0e+00 0.0e+00 0.0e+00  0  0  0  0  0   0  0  0  0  0     0
MatAssemblyEnd         1 1.0 5.9855e-04 1.1 0.00e+00 0.0 1.2e+01 2.9e+01 1.0e+00  1  0 18  0  2   9  0 33  0  4     0
MatLoad                1 1.0 4.0732e-03 1.0 0.00e+00 0.0 3.0e+01 2.1e+04 1.7e+01  7  0 45 100 36  61  0 83 100 68     0
VecSet                 1 1.0 8.8160e-06 2.2 0.00e+00 0.0 0.0e+00 0.0e+00 0.0e+00  0  0  0  0  0   0  0  0  0  0     0
VecAssemblyBegin       1 1.0 2.2873e-05 1.4 0.00e+00 0.0 0.0e+00 0.0e+00 0.0e+00  0  0  0  0  0   0  0  0  0  0     0
VecAssemblyEnd         1 1.0 2.8050e-06 1.0 0.00e+00 0.0 0.0e+00 0.0e+00 0.0e+00  0  0  0  0  0   0  0  0  0  0     0
VecScatterBegin        1 1.0 5.4452e-05 1.5 0.00e+00 0.0 6.0e+00 1.1e+02 0.0e+00  0  0  9  0  0   1  0 17  0  0     0
VecScatterEnd          1 1.0 8.7270e-06 1.6 0.00e+00 0.0 0.0e+00 0.0e+00 0.0e+00  0  0  0  0  0   0  0  0  0  0     0
SFSetGraph             1 1.0 3.5770e-06 1.4 0.00e+00 0.0 0.0e+00 0.0e+00 0.0e+00  0  0  0  0  0   0  0  0  0  0     0
SFSetUp                1 1.0 1.0207e-04 1.5 0.00e+00 0.0 1.2e+01 2.9e+01 0.0e+00  0  0 18  0  0   1  0 33  0  0     0
SFPack                 1 1.0 3.5670e-06 14.8 0.00e+00 0.0 0.0e+00 0.0e+00 0.0e+00  0  0  0  0  0   0  0  0  0  0     0
SFUnpack               1 1.0 5.9100e-07 3.1 0.00e+00 0.0 0.0e+00 0.0e+00 0.0e+00  0  0  0  0  0   0  0  0  0  0     0

--- Event Stage 1: Reorder

BuildTwoSided          5 1.0 9.8847e-05 2.0 0.00e+00 0.0 1.2e+01 4.0e+00 0.0e+00  0  0 18  0  0   2  0 40  5  0     0
BuildTwoSidedF         1 1.0 5.7237e-05 3.2 0.00e+00 0.0 0.0e+00 0.0e+00 0.0e+00  0  0  0  0  0   1  0  0  0  0     0
MatAssemblyBegin       1 1.0 7.6073e-05 2.1 0.00e+00 0.0 0.0e+00 0.0e+00 0.0e+00  0  0  0  0  0   1  0  0  0  0     0
MatAssemblyEnd         1 1.0 1.5425e-04 1.0 0.00e+00 0.0 1.2e+01 2.9e+01 1.0e+00  0  0 18  0  2   3  0 40 34 20     0
MatSetValues         827 1.0 6.9279e-04 1.0 0.00e+00 0.0 0.0e+00 0.0e+00 0.0e+00  1  0  0  0  0  13  0  0  0  0     0
MatGetRowIJ            3 1.0 1.7640e-06 1.4 0.00e+00 0.0 0.0e+00 0.0e+00 0.0e+00  0  0  0  0  0   0  0  0  0  0     0
MatGetOrdering         1 1.0 6.5303e-05 1.2 0.00e+00 0.0 0.0e+00 0.0e+00 0.0e+00  0  0  0  0  0   1  0  0  0  0     0
VecCopy                1 1.0 2.8660e-06 1.1 0.00e+00 0.0 0.0e+00 0.0e+00 0.0e+00  0  0  0  0  0   0  0  0  0  0     0
SFSetGraph             4 1.0 2.3050e-06 1.2 0.00e+00 0.0 0.0e+00 0.0e+00 0.0e+00  0  0  0  0  0   0  0  0  0  0     0
SFSetUp                4 1.0 1.1844e-04 1.2 0.00e+00 0.0 2.4e+01 2.9e+01 0.0e+00  0  0 36  0  0   2  0 80 68  0     0
SFBcastBegin           3 1.0 3.4731e-03 455.5 0.00e+00 0.0 6.0e+00 5.4e+01 0.0e+00  3  0  9  0  0  33  0 20 32  0     0
SFBcastEnd             3 1.0 3.4693e-03 345.9 0.00e+00 0.0 0.0e+00 0.0e+00 0.0e+00  3  0  0  0  0  33  0  0  0  0     0
SFReduceBegin          2 1.0 1.9025e-05 1.6 0.00e+00 0.0 0.0e+00 0.0e+00 0.0e+00  0  0  0  0  0   0  0  0  0  0     0
SFReduceEnd            2 1.0 1.4620e-06 1.1 0.00e+00 0.0 0.0e+00 0.0e+00 0.0e+00  0  0  0  0  0   0  0  0  0  0     0
SFPack                 5 1.0 1.1930e-06 1.5 0.00e+00 0.0 0.0e+00 0.0e+00 0.0e+00  0  0  0  0  0   0  0  0  0  0     0
SFUnpack               5 1.0 1.6220e-06 1.9 0.00e+00 0.0 0.0e+00 0.0e+00 0.0e+00  0  0  0  0  0   0  0  0  0  0     0

--- Event Stage 2: Factorization

MatLUFactorSym         1 1.0 2.6891e-02 1.0 0.00e+00 0.0 0.0e+00 0.0e+00 0.0e+00 48  0  0  0  0  61  0  0  0  0     0
MatLUFactorNum         1 1.0 1.6953e-02 1.0 6.56e+04 1.2 0.0e+00 0.0e+00 0.0e+00 30 64  0  0  0  39 100  0  0  0    14
KSPSetUp               1 1.0 1.8830e-06 2.3 0.00e+00 0.0 0.0e+00 0.0e+00 0.0e+00  0  0  0  0  0   0  0  0  0  0     0
PCSetUp                1 1.0 4.3868e-02 1.0 6.56e+04 1.2 0.0e+00 0.0e+00 0.0e+00 78 64  0  0  0 100 100  0  0  0     5

--- Event Stage 3: Solve

MatSolve               1 1.0 5.7510e-06 1.5 0.00e+00 0.0 0.0e+00 0.0e+00 0.0e+00  0  0  0  0  0   7  0  0  0  0     0
KSPSolve               1 1.0 5.1677e-05 1.0 0.00e+00 0.0 0.0e+00 0.0e+00 0.0e+00  0  0  0  0  0  71  0  0  0  0     0
PCApply                1 1.0 7.7650e-06 1.5 0.00e+00 0.0 0.0e+00 0.0e+00 0.0e+00  0  0  0  0  0   9  0  0  0  0     0
------------------------------------------------------------------------------------------------------------------------

Object Type          Creations   Destructions. Reports information only for process 0.

--- Event Stage 0: Main Stage

              Viewer     1              1
              Matrix     4              7
              Vector     5              8
           Index Set     2              3
   Star Forest Graph     1              2
       Krylov Solver     1              1
      Preconditioner     1              1

--- Event Stage 1: Reorder

              Matrix     3              0
              Vector     3              1
           Index Set     8              7
   Star Forest Graph     4              3

--- Event Stage 2: Factorization

              Vector     1              0

--- Event Stage 3: Solve

========================================================================================================================
Average time to get PetscTime(): 4.01e-08
Average time for MPI_Barrier(): 2.5188e-06
Average time for zero size MPI_Send(): 1.6055e-06
#PETSc Option Table entries:
-log_view # (source: command line)
-mat_file ../matrices/bin/05_u_mhd3200a.bin # (source: command line)
-mat_mumps_icntl_1 6 # (source: command line)
-mat_mumps_icntl_13 1 # (source: command line)
-mat_mumps_icntl_14 120 # (source: command line)
-mat_mumps_icntl_2 3 # (source: command line)
-mat_mumps_icntl_4 2 # (source: command line)
-mat_mumps_icntl_7 5 # (source: command line)
-mat_solver_type mumps # (source: command line)
-matload_block_size 1 # (source: file)
-pc_type lu # (source: command line)
#End of PETSc Option Table entries
Compiled without FORTRAN kernels
Compiled with full precision matrices (default)
sizeof(short) 2 sizeof(int) 4 sizeof(long) 8 sizeof(void*) 8 sizeof(PetscScalar) 8 sizeof(PetscInt) 4
Configure options: --with-cc=gcc --with-cxx=g++ --with-fc=gfortran --with-debugging=0 --with-shared-libraries=1 --with-64-bit-indices=0 --download-mpich --download-netlib-lapack --with-netlib-lapack-c-bindings --download-scalapack --download-suitesparse --download-metis --download-parmetis --download-ptscotch --download-superlu --download-superlu_dist --download-mumps --download-pastix --download-hypre --download-hdf5 --download-zlib --download-hwloc --download-bison
-----------------------------------------
Libraries compiled on 2025-09-21 15:24:35 on HP-Pavilion-Gaming-Laptop-15-ec0xxx
Machine characteristics: Linux-6.8.0-83-generic-x86_64-with-glibc2.39
Using PETSc directory: /home/alexandr/Plocha/bsc_thesis/numerical_experiments/petsc
Using PETSc arch: arch-linux-c-opt
-----------------------------------------

Using C compiler: /home/alexandr/Plocha/bsc_thesis/numerical_experiments/petsc/arch-linux-c-opt/bin/mpicc  -Wall -Wwrite-strings -Wno-unknown-pragmas -Wno-lto-type-mismatch -Wno-stringop-overflow -fstack-protector -fvisibility=hidden -g -O 
Using Fortran compiler: /home/alexandr/Plocha/bsc_thesis/numerical_experiments/petsc/arch-linux-c-opt/bin/mpif90  -Wall -ffree-line-length-none -ffree-line-length-0 -Wno-lto-type-mismatch -Wno-unused-dummy-argument -g -O  
-----------------------------------------

Using include paths: -I/home/alexandr/Plocha/bsc_thesis/numerical_experiments/petsc/include -I/home/alexandr/Plocha/bsc_thesis/numerical_experiments/petsc/arch-linux-c-opt/include -I/home/alexandr/Plocha/bsc_thesis/numerical_experiments/petsc/arch-linux-c-opt/include/suitesparse
-----------------------------------------

Using C linker: /home/alexandr/Plocha/bsc_thesis/numerical_experiments/petsc/arch-linux-c-opt/bin/mpicc
Using Fortran linker: /home/alexandr/Plocha/bsc_thesis/numerical_experiments/petsc/arch-linux-c-opt/bin/mpif90
Using libraries: -Wl,-rpath,/home/alexandr/Plocha/bsc_thesis/numerical_experiments/petsc/arch-linux-c-opt/lib -L/home/alexandr/Plocha/bsc_thesis/numerical_experiments/petsc/arch-linux-c-opt/lib -lpetsc -Wl,-rpath,/home/alexandr/Plocha/bsc_thesis/numerical_experiments/petsc/arch-linux-c-opt/lib -L/home/alexandr/Plocha/bsc_thesis/numerical_experiments/petsc/arch-linux-c-opt/lib -Wl,-rpath,/usr/lib/gcc/x86_64-linux-gnu/13 -L/usr/lib/gcc/x86_64-linux-gnu/13 -lHYPRE -lspqr -lumfpack -lklu -lcholmod -lamd -lsuperlu_dist -ldmumps -lmumps_common -lpord -lpthread -lscalapack -lpastix -lsuperlu -llapacke -llapack -lcblas -lblas -lptesmumps -lptscotchparmetisv3 -lptscotch -lptscotcherr -lesmumps -lscotch -lscotcherr -llapacke -lcblas -llapack -lblas -lparmetis -lmetis -lhdf5_hl -lhdf5 -lm -lz -lhwloc -lX11 -lmpifort -lmpi -lgfortran -lm -lgfortran -lm -lgcc_s -lquadmath -lstdc++
-----------------------------------------

