
Entering DMUMPS 5.7.3 from C interface with JOB, N =   1       17361
      executing #MPI =      4, without OMP

 =================================================
 MUMPS compiled with option -Dmetis
 MUMPS compiled with option -Dparmetis
 MUMPS compiled with option -Dpord
 MUMPS compiled with option -Dptscotch
 MUMPS compiled with option -Dscotch
 =================================================
L U Solver for unsymmetric matrices
Type of parallelism: Working host

 ****** ANALYSIS STEP ********

 ** Maximum transversal (ICNTL(6)) not allowed because matrix is distributed
 Processing a graph of size:     17361 with       1003798 edges
 Ordering based on METIS
 ELAPSED TIME SPENT IN METIS reordering  =      0.0834
 SYMBOLIC based on column counts 
 ELAPSED TIME IN symbolic factorization  =      0.0112

Leaving analysis phase with  ...
 INFOG(1)                                       =               0
 INFOG(2)                                       =               0
 -- (20) Number of entries in factors (estim.)  =         3532887
 --  (3) Real space for factors    (estimated)  =         3532887
 --  (4) Integer space for factors (estimated)  =          123406
 --  (5) Maximum frontal size      (estimated)  =             330
 --  (6) Number of nodes in the tree            =             611
 -- (32) Type of analysis effectively used      =               1
 --  (7) Ordering option effectively used       =               5
 ICNTL (6) Maximum transversal option           =               0
 ICNTL (7) Pivot order option                   =               5
 ICNTL(12) Ordering symmetric indef. matrices   =               1
 ICNTL(13) Parallelism/splitting of root node   =               1
 ICNTL(14) Percentage of memory relaxation      =             120
 ICNTL(15) Analysis by block effectively used   =               0
 ICNTL(18) Distributed input matrix (on if >0)  =               3
 ICNTL(32) Forward elimination during facto.    =               0
 ICNTL(35) BLR activation                       =               0
 ICNTL(48) Tree based multithreading (effective)=               0
 ICNTL(58) Symbolic factorization option        =               2
 Number of level 2 nodes                        =               0
 Number of split nodes                          =               0
 RINFOG(1) Operations during elimination (estim)= 4.686D+08
 Distributed matrix entry format (ICNTL(18))    =               3

 MEMORY ESTIMATIONS ... 
 Estimations with standard Full-Rank (FR) factorization:
    Maximum estim. space in Mbytes, IC facto.    (INFOG(16)):              44
    Total space in MBytes, IC factorization      (INFOG(17)):             167
    Maximum estim. space in Mbytes, OOC facto.   (INFOG(26)):              31
    Total space in MBytes,  OOC factorization    (INFOG(27)):             119

 Elapsed time in analysis driver=       0.1367

Entering DMUMPS 5.7.3 from C interface with JOB, N =   2       17361
      executing #MPI =      4, without OMP



****** FACTORIZATION STEP ********

 GLOBAL STATISTICS PRIOR NUMERICAL FACTORIZATION ...
 Number of working processes                =               4
 ICNTL(22) Out-of-core option               =               0
 ICNTL(35) BLR activation (eff. choice)     =               0
 ICNTL(37) BLR CB compression (eff. choice) =               0
 ICNTL(49) Compact workarray S (end facto.) =               0
 ICNTL(14) Memory relaxation                =             120
 INFOG(3) Real space for factors (estimated)=         3532887
 INFOG(4) Integer space for factors (estim.)=          123406
 Maximum frontal size (estimated)           =             330
 Number of nodes in the tree                =             611
 ICNTL(23) Memory allowed (value on host)   =               0
           Sum over all procs               =               0
 Memory provided by user, sum of LWK_USER   =               0
 Effective threshold for pivoting, CNTL(1)  =      0.1000D-01

 Statistics on the scaling phase
 Elapsed time for scaling                   =      0.0133
 Max difference from 1 after scaling the entries for ONE-NORM (option 7/8)   = 0.11D+00

 Average Effective size of S     (based on INFO(39))=              2020446

 Redistrib: total data local/sent           =          240782          780377
 Elapsed time to reformat/distribute matrix =      0.0295

 ** Memory allocated, max in Mbytes             (INFOG(18)):          44

 ** Memory allocated, total in Mbytes           (INFOG(19)):         167
 ** Memory effectively used, max in  Mbytes     (INFOG(21)):          34
 ** Memory effectively used, total in Mbytes    (INFOG(22)):         133

 Elapsed time for factorization                     =      0.0731

Leaving factorization with ...
 RINFOG (2) Operations in node assembly             = 3.188D+06
 ------ (3) Operations in node elimination          = 4.686D+08
 ICNTL  (8) Scaling effectively used                =               7
 INFOG  (9) Real space for factors                  =         3532887
 INFOG (10) Integer space for factors               =          123406
 INFOG (11) Maximum front size                      =             330
 INFOG (29) Number of entries in factors            =         3532887
 INFOG (12) Number of off diagonal pivots           =               0
 INFOG (13) Number of delayed pivots                =               0
 RINFOG(19) Smallest pivot WITH perturbed pivots    = 2.223D-04
 RINFOG(20) Smallest pivot WITHOUT perturbed pivots = 2.223D-04
 RINFOG(21) Largest pivot in absolute value         = 7.579D-01
 INFOG (24) Effective value of ICNTL(12)            =               1
 INFOG (14) Number of memory compress               =               0

 Elapsed time in factorization driver               =      0.1189

Entering DMUMPS 5.7.3 from C interface with JOB, N =   3       17361
      executing #MPI =      4, without OMP



 ****** SOLVE & CHECK STEP ********

 GLOBAL STATISTICS PRIOR SOLVE PHASE ...........
 Number of right-hand-sides                    =           1
 Blocking factor for multiple rhs              =           1
 ICNTL (9)                                     =           1
  --- (10)                                     =           0
  --- (11)                                     =           0
  --- (20)                                     =          10
  --- (21)                                     =           1
  --- (30)                                     =           0
  --- (35)                                     =           0
  --- (48) (effective)                         =           0
 ** Rank of processor needing largest memory in solve     :         0
 ** Space in MBYTES used by this processor for solve      :        28
 ** Avg. Space in MBYTES per working proc during solve    :        25

 Leaving solve with ...
 Time to build/scatter RHS        =       0.000326
 Time in solution step (fwd/bwd)  =       0.003160
  .. Time in forward (fwd) step   =          0.001623
  .. Time in backward (bwd) step  =          0.001516
 Time to gather solution(cent.sol)=       0.000000
 Time for distributed solution    =       0.000030

 Elapsed time in solve driver=       0.0041

Entering DMUMPS 5.7.3 from C interface with JOB =  -2
      executing #MPI =      4, without OMP
****************************************************************************************************************************************************************
***                                WIDEN YOUR WINDOW TO 160 CHARACTERS.  Use 'enscript -r -fCourier9' to print this document                                 ***
****************************************************************************************************************************************************************

------------------------------------------------------------------ PETSc Performance Summary: ------------------------------------------------------------------

../scripts/experiment on a arch-linux-c-opt named HP-Pavilion-Gaming-Laptop-15-ec0xxx with 4 processes, by alexandr on Sun Sep 28 21:43:30 2025
Using PETSc Release Version 3.23.6, unknown

                         Max       Max/Min     Avg       Total
Time (sec):           3.644e-01     1.002   3.639e-01
Objects:              0.000e+00     0.000   0.000e+00
Flops:                3.313e+06     1.160   3.061e+06  1.224e+07
Flops/sec:            9.103e+06     1.161   8.411e+06  3.364e+07
MPI Msg Count:        4.000e+01     1.379   3.600e+01  1.440e+02
MPI Msg Len (bytes):  4.820e+06     3.284   6.813e+04  9.810e+06
MPI Reductions:       4.800e+01     1.000

Flop counting convention: 1 flop = 1 real number operation of type (multiply/divide/add/subtract)
                            e.g., VecAXPY() for real vectors of length N --> 2N flops
                            and VecAXPY() for complex vectors of length N --> 8N flops

Summary of Stages:   ----- Time ------  ----- Flop ------  --- Messages ---  -- Message Lengths --  -- Reductions --
                        Avg     %Total     Avg     %Total    Count   %Total     Avg         %Total    Count   %Total
 0:      Main Stage: 6.4303e-02  17.7%  2.0250e+06  16.5%  3.600e+01  25.0%  2.636e+05       96.7%  2.500e+01  52.1%
 1:         Reorder: 2.0693e-02   5.7%  0.0000e+00   0.0%  3.000e+01  20.8%  8.080e+02        0.2%  5.000e+00  10.4%
 2:   Factorization: 2.7352e-01  75.2%  3.1877e+06  26.0%  0.000e+00   0.0%  0.000e+00        0.0%  0.000e+00   0.0%
 3:           Solve: 5.4199e-03   1.5%  7.0311e+06  57.4%  7.800e+01  54.2%  3.786e+03        3.0%  1.000e+00   2.1%

------------------------------------------------------------------------------------------------------------------------
See the 'Profiling' chapter of the users' manual for details on interpreting output.
Phase summary info:
   Count: number of times phase was executed
   Time and Flop: Max - maximum over all processors
                  Ratio - ratio of maximum to minimum over all processors
   Mess: number of messages sent
   AvgLen: average message length (bytes)
   Reduct: number of global reductions
   Global: entire computation
   Stage: stages of a computation. Set stages with PetscLogStagePush() and PetscLogStagePop().
      %T - percent time in this phase         %F - percent flop in this phase
      %M - percent messages in this phase     %L - percent message lengths in this phase
      %R - percent reductions in this phase
   Total Mflop/s: 1e-6 * (sum of flop over all processors)/(max time over all processors)
------------------------------------------------------------------------------------------------------------------------
Event                Count      Time (sec)     Flop                              --- Global ---  --- Stage ----  Total
                   Max Ratio  Max     Ratio   Max  Ratio  Mess   AvgLen  Reduct  %T %F %M %L %R  %T %F %M %L %R Mflop/s
------------------------------------------------------------------------------------------------------------------------

--- Event Stage 0: Main Stage

BuildTwoSided          2 1.0 7.0281e-05 1.1 0.00e+00 0.0 6.0e+00 4.0e+00 0.0e+00  0  0  4  0  0   0  0 17  0  0     0
BuildTwoSidedF         1 1.0 3.3674e-05 1.2 0.00e+00 0.0 0.0e+00 0.0e+00 0.0e+00  0  0  0  0  0   0  0  0  0  0     0
MatMult                1 1.0 9.6879e-04 1.4 5.57e+05 1.2 6.0e+00 2.7e+03 0.0e+00  0 17  4  0  0   1 100 17  0  0  2090
MatAssemblyBegin       1 1.0 1.0570e-05 10.6 0.00e+00 0.0 0.0e+00 0.0e+00 0.0e+00  0  0  0  0  0   0  0  0  0  0     0
MatAssemblyEnd         1 1.0 9.2846e-03 8.1 0.00e+00 0.0 1.2e+01 6.7e+02 1.0e+00  1  0  8  0  2   8  0 33  0  4     0
MatLoad                1 1.0 5.8283e-02 1.0 0.00e+00 0.0 3.0e+01 3.2e+05 1.7e+01 16  0 21 97 35  90  0 83 100 68     0
VecSet                 1 1.0 8.2260e-06 1.2 0.00e+00 0.0 0.0e+00 0.0e+00 0.0e+00  0  0  0  0  0   0  0  0  0  0     0
VecAssemblyBegin       1 1.0 4.5275e-05 1.2 0.00e+00 0.0 0.0e+00 0.0e+00 0.0e+00  0  0  0  0  0   0  0  0  0  0     0
VecAssemblyEnd         1 1.0 3.0350e-06 1.6 0.00e+00 0.0 0.0e+00 0.0e+00 0.0e+00  0  0  0  0  0   0  0  0  0  0     0
VecScatterBegin        1 1.0 5.9873e-05 1.4 0.00e+00 0.0 6.0e+00 2.7e+03 0.0e+00  0  0  4  0  0   0  0 17  0  0     0
VecScatterEnd          1 1.0 2.6310e-05 1.9 0.00e+00 0.0 0.0e+00 0.0e+00 0.0e+00  0  0  0  0  0   0  0  0  0  0     0
SFSetGraph             1 1.0 1.8094e-05 1.8 0.00e+00 0.0 0.0e+00 0.0e+00 0.0e+00  0  0  0  0  0   0  0  0  0  0     0
SFSetUp                1 1.0 1.2025e-04 1.4 0.00e+00 0.0 1.2e+01 6.7e+02 0.0e+00  0  0  8  0  0   0  0 33  0  0     0
SFPack                 1 1.0 5.4000e-06 4.3 0.00e+00 0.0 0.0e+00 0.0e+00 0.0e+00  0  0  0  0  0   0  0  0  0  0     0
SFUnpack               1 1.0 9.7100e-07 5.1 0.00e+00 0.0 0.0e+00 0.0e+00 0.0e+00  0  0  0  0  0   0  0  0  0  0     0

--- Event Stage 1: Reorder

BuildTwoSided          5 1.0 1.6808e-03 19.7 0.00e+00 0.0 1.2e+01 4.0e+00 0.0e+00  0  0  8  0  0   5  0 40  0  0     0
BuildTwoSidedF         1 1.0 1.4823e-03 48.6 0.00e+00 0.0 0.0e+00 0.0e+00 0.0e+00  0  0  0  0  0   4  0  0  0  0     0
MatAssemblyBegin       1 1.0 1.5121e-03 25.8 0.00e+00 0.0 0.0e+00 0.0e+00 0.0e+00  0  0  0  0  0   4  0  0  0  0     0
MatAssemblyEnd         1 1.0 1.0935e-03 1.0 0.00e+00 0.0 1.2e+01 6.7e+02 1.0e+00  0  0  8  0  2   5  0 40 33 20     0
MatSetValues        5020 1.1 9.0707e-03 1.2 0.00e+00 0.0 0.0e+00 0.0e+00 0.0e+00  2  0  0  0  0  40  0  0  0  0     0
MatGetRowIJ            3 1.0 2.1140e-06 1.5 0.00e+00 0.0 0.0e+00 0.0e+00 0.0e+00  0  0  0  0  0   0  0  0  0  0     0
MatGetOrdering         1 1.0 2.1752e-04 1.6 0.00e+00 0.0 0.0e+00 0.0e+00 0.0e+00  0  0  0  0  0   1  0  0  0  0     0
VecCopy                1 1.0 8.2050e-06 1.1 0.00e+00 0.0 0.0e+00 0.0e+00 0.0e+00  0  0  0  0  0   0  0  0  0  0     0
SFSetGraph             4 1.0 1.5519e-05 2.0 0.00e+00 0.0 0.0e+00 0.0e+00 0.0e+00  0  0  0  0  0   0  0  0  0  0     0
SFSetUp                4 1.0 5.4344e-04 1.1 0.00e+00 0.0 2.4e+01 6.7e+02 0.0e+00  0  0 17  0  0   3  0 80 67  0     0
SFBcastBegin           3 1.0 3.6063e-03 235.3 0.00e+00 0.0 6.0e+00 1.3e+03 0.0e+00  0  0  4  0  0   8  0 20 33  0     0
SFBcastEnd             3 1.0 3.5958e-03 287.1 0.00e+00 0.0 0.0e+00 0.0e+00 0.0e+00  0  0  0  0  0   9  0  0  0  0     0
SFReduceBegin          2 1.0 2.4997e-05 1.7 0.00e+00 0.0 0.0e+00 0.0e+00 0.0e+00  0  0  0  0  0   0  0  0  0  0     0
SFReduceEnd            2 1.0 1.7240e-06 1.2 0.00e+00 0.0 0.0e+00 0.0e+00 0.0e+00  0  0  0  0  0   0  0  0  0  0     0
SFPack                 5 1.0 3.0770e-06 2.1 0.00e+00 0.0 0.0e+00 0.0e+00 0.0e+00  0  0  0  0  0   0  0  0  0  0     0
SFUnpack               5 1.0 2.0250e-06 2.1 0.00e+00 0.0 0.0e+00 0.0e+00 0.0e+00  0  0  0  0  0   0  0  0  0  0     0

--- Event Stage 2: Factorization

MatLUFactorSym         1 1.0 1.5276e-01 1.0 0.00e+00 0.0 0.0e+00 0.0e+00 0.0e+00 42  0  0  0  0  56  0  0  0  0     0
MatLUFactorNum         1 1.0 1.2098e-01 1.0 9.27e+05 1.4 0.0e+00 0.0e+00 0.0e+00 33 26  0  0  0  44 100  0  0  0    26
KSPSetUp               1 1.0 4.7890e-06 5.0 0.00e+00 0.0 0.0e+00 0.0e+00 0.0e+00  0  0  0  0  0   0  0  0  0  0     0
PCSetUp                1 1.0 2.7378e-01 1.0 9.27e+05 1.4 0.0e+00 0.0e+00 0.0e+00 75 26  0  0  0 100 100  0  0  0    12

--- Event Stage 3: Solve

BuildTwoSided          1 1.0 1.7881e-04 11.5 0.00e+00 0.0 1.1e+01 4.0e+00 0.0e+00  0  0  8  0  0   2  0 14  0  0     0
MatSolve               1 1.0 5.3600e-03 1.0 1.85e+06 1.1 7.8e+01 3.8e+03 1.0e+00  1 57 54  3  2  99 100 100 100 100  1312
VecScatterBegin        1 1.0 3.6980e-05 1.4 0.00e+00 0.0 1.1e+01 9.5e+03 0.0e+00  0  0  8  1  0   1  0 14 35  0     0
VecScatterEnd          1 1.0 1.3916e-05 2.5 0.00e+00 0.0 0.0e+00 0.0e+00 0.0e+00  0  0  0  0  0   0  0  0  0  0     0
SFSetGraph             1 1.0 2.7952e-04 1.5 0.00e+00 0.0 0.0e+00 0.0e+00 0.0e+00  0  0  0  0  0   4  0  0  0  0     0
SFSetUp                1 1.0 2.6558e-04 2.1 0.00e+00 0.0 2.2e+01 2.4e+03 0.0e+00  0  0 15  1  0   4  0 28 18  0     0
SFPack                 1 1.0 1.5229e-05 3.5 0.00e+00 0.0 0.0e+00 0.0e+00 0.0e+00  0  0  0  0  0   0  0  0  0  0     0
SFUnpack               1 1.0 6.2310e-06 3.8 0.00e+00 0.0 0.0e+00 0.0e+00 0.0e+00  0  0  0  0  0   0  0  0  0  0     0
KSPSolve               1 1.0 5.4045e-03 1.0 1.85e+06 1.1 7.8e+01 3.8e+03 1.0e+00  1 57 54  3  2 100 100 100 100 100  1301
PCApply                1 1.0 5.3635e-03 1.0 1.85e+06 1.1 7.8e+01 3.8e+03 1.0e+00  1 57 54  3  2  99 100 100 100 100  1311
------------------------------------------------------------------------------------------------------------------------

Object Type          Creations   Destructions. Reports information only for process 0.

--- Event Stage 0: Main Stage

              Viewer     1              1
              Matrix     4              7
              Vector     5              8
           Index Set     2              3
   Star Forest Graph     1              3
       Krylov Solver     1              1
      Preconditioner     1              1

--- Event Stage 1: Reorder

              Matrix     3              0
              Vector     3              1
           Index Set     8              7
   Star Forest Graph     4              3

--- Event Stage 2: Factorization

              Vector     1              0

--- Event Stage 3: Solve

              Vector     1              1
           Index Set     2              2
   Star Forest Graph     1              0
========================================================================================================================
Average time to get PetscTime(): 3.8e-08
Average time for MPI_Barrier(): 2.0738e-06
Average time for zero size MPI_Send(): 1.76575e-06
#PETSc Option Table entries:
-log_view # (source: command line)
-mat_file ../matrices/bin/08_s_gyro_k.bin # (source: command line)
-mat_mumps_icntl_1 6 # (source: command line)
-mat_mumps_icntl_13 1 # (source: command line)
-mat_mumps_icntl_14 120 # (source: command line)
-mat_mumps_icntl_2 3 # (source: command line)
-mat_mumps_icntl_4 2 # (source: command line)
-mat_mumps_icntl_7 5 # (source: command line)
-mat_solver_type mumps # (source: command line)
-matload_block_size 1 # (source: file)
-pc_type lu # (source: command line)
#End of PETSc Option Table entries
Compiled without FORTRAN kernels
Compiled with full precision matrices (default)
sizeof(short) 2 sizeof(int) 4 sizeof(long) 8 sizeof(void*) 8 sizeof(PetscScalar) 8 sizeof(PetscInt) 4
Configure options: --with-cc=gcc --with-cxx=g++ --with-fc=gfortran --with-debugging=0 --with-shared-libraries=1 --with-64-bit-indices=0 --download-mpich --download-netlib-lapack --with-netlib-lapack-c-bindings --download-scalapack --download-suitesparse --download-metis --download-parmetis --download-ptscotch --download-superlu --download-superlu_dist --download-mumps --download-pastix --download-hypre --download-hdf5 --download-zlib --download-hwloc --download-bison
-----------------------------------------
Libraries compiled on 2025-09-21 15:24:35 on HP-Pavilion-Gaming-Laptop-15-ec0xxx
Machine characteristics: Linux-6.8.0-83-generic-x86_64-with-glibc2.39
Using PETSc directory: /home/alexandr/Plocha/bsc_thesis/numerical_experiments/petsc
Using PETSc arch: arch-linux-c-opt
-----------------------------------------

Using C compiler: /home/alexandr/Plocha/bsc_thesis/numerical_experiments/petsc/arch-linux-c-opt/bin/mpicc  -Wall -Wwrite-strings -Wno-unknown-pragmas -Wno-lto-type-mismatch -Wno-stringop-overflow -fstack-protector -fvisibility=hidden -g -O 
Using Fortran compiler: /home/alexandr/Plocha/bsc_thesis/numerical_experiments/petsc/arch-linux-c-opt/bin/mpif90  -Wall -ffree-line-length-none -ffree-line-length-0 -Wno-lto-type-mismatch -Wno-unused-dummy-argument -g -O  
-----------------------------------------

Using include paths: -I/home/alexandr/Plocha/bsc_thesis/numerical_experiments/petsc/include -I/home/alexandr/Plocha/bsc_thesis/numerical_experiments/petsc/arch-linux-c-opt/include -I/home/alexandr/Plocha/bsc_thesis/numerical_experiments/petsc/arch-linux-c-opt/include/suitesparse
-----------------------------------------

Using C linker: /home/alexandr/Plocha/bsc_thesis/numerical_experiments/petsc/arch-linux-c-opt/bin/mpicc
Using Fortran linker: /home/alexandr/Plocha/bsc_thesis/numerical_experiments/petsc/arch-linux-c-opt/bin/mpif90
Using libraries: -Wl,-rpath,/home/alexandr/Plocha/bsc_thesis/numerical_experiments/petsc/arch-linux-c-opt/lib -L/home/alexandr/Plocha/bsc_thesis/numerical_experiments/petsc/arch-linux-c-opt/lib -lpetsc -Wl,-rpath,/home/alexandr/Plocha/bsc_thesis/numerical_experiments/petsc/arch-linux-c-opt/lib -L/home/alexandr/Plocha/bsc_thesis/numerical_experiments/petsc/arch-linux-c-opt/lib -Wl,-rpath,/usr/lib/gcc/x86_64-linux-gnu/13 -L/usr/lib/gcc/x86_64-linux-gnu/13 -lHYPRE -lspqr -lumfpack -lklu -lcholmod -lamd -lsuperlu_dist -ldmumps -lmumps_common -lpord -lpthread -lscalapack -lpastix -lsuperlu -llapacke -llapack -lcblas -lblas -lptesmumps -lptscotchparmetisv3 -lptscotch -lptscotcherr -lesmumps -lscotch -lscotcherr -llapacke -lcblas -llapack -lblas -lparmetis -lmetis -lhdf5_hl -lhdf5 -lm -lz -lhwloc -lX11 -lmpifort -lmpi -lgfortran -lm -lgfortran -lm -lgcc_s -lquadmath -lstdc++
-----------------------------------------

