
Entering DMUMPS 5.8.1 from C interface with JOB, N =   1      180895
      executing #MPI =      8, without OMP

Advanced settings:
   KEEP(370) Static mapping              =         1
   KEEP(371) Advanced optimizations      =         0

 =================================================
 MUMPS compiled with option -Dmetis
 MUMPS compiled with option -Dparmetis
 MUMPS compiled with option -Dpord
 MUMPS compiled with option -Dptscotch
 MUMPS compiled with option -Dscotch
 =================================================
L U Solver for unsymmetric matrices
Type of parallelism: Working host

 ****** ANALYSIS STEP ********

 ** Maximum transversal (ICNTL(6)) not allowed because matrix is distributed
 Processing a graph of size:    180895 with        897598 edges
 Ordering based on AMD 
 A root of estimated size         1053  has been selected for Scalapack.

Leaving analysis phase with  ...
 INFOG(1)                                       =               0
 INFOG(2)                                       =               0
 -- (20) Number of entries in factors (estim.)  =        25271817
 --  (3) Real space for factors    (estimated)  =        25271817
 --  (4) Integer space for factors (estimated)  =         1381048
 --  (5) Maximum frontal size      (estimated)  =            1071
 --  (6) Number of nodes in the tree            =           11160
 -- (32) Type of analysis effectively used      =               1
 --  (7) Ordering option effectively used       =               0
 ICNTL (6) Maximum transversal option           =               0
 ICNTL (7) Pivot order option                   =               0
 ICNTL(12) Ordering symmetric indef. matrices   =               1
 ICNTL(13) Parallelism/splitting of root node   =               0
 ICNTL(14) Percentage of memory relaxation      =              25
 ICNTL(15) Analysis by block effectively used   =               0
 ICNTL(18) Distributed input matrix (on if >0)  =               3
 ICNTL(32) Forward elimination during facto.    =               0
 ICNTL(35) BLR activation                       =               0
 ICNTL(48) Tree based multithreading (effective)=               0
 ICNTL(58) Symbolic factorization option        =               2
 Number of level 2 nodes                        =               1
 Number of split nodes                          =               0
 RINFOG(1) Operations during elimination (estim)= 6.974D+09
 Distributed matrix entry format (ICNTL(18))    =               3

 MEMORY ESTIMATIONS ... 
 Estimations with standard Full-Rank (FR) factorization:
    Maximum estim. space in Mbytes, IC facto.    (INFOG(16)):              99
    Total space in MBytes, IC factorization      (INFOG(17)):             726
    Maximum estim. space in Mbytes, OOC facto.   (INFOG(26)):              71
    Total space in MBytes,  OOC factorization    (INFOG(27)):             539

 Elapsed time in analysis driver=       0.1029

Entering DMUMPS 5.8.1 from C interface with JOB, N =   2      180895
      executing #MPI =      8, without OMP

Advanced settings:
   KEEP(370) Static mapping              =         1
   KEEP(371) Advanced optimizations      =         0



****** FACTORIZATION STEP ********

 GLOBAL STATISTICS PRIOR NUMERICAL FACTORIZATION ...
 Number of working processes                =               8
 ICNTL(22) Out-of-core option               =               0
 ICNTL(35) BLR activation (eff. choice)     =               0
 ICNTL(37) BLR CB compression (eff. choice) =               0
 ICNTL(49) Compact workarray S (end facto.) =               0
 ICNTL(56) Effective value during facto.    =               0
 ICNTL(14) Memory relaxation                =              25
 INFOG(3) Real space for factors (estimated)=        25271817
 INFOG(4) Integer space for factors (estim.)=         1381048
 Maximum frontal size (estimated)           =            1071
 Number of nodes in the tree                =           11160
 ICNTL(23) Memory allowed (value on host)   =               0
           Sum over all procs               =               0
 Memory provided by user, sum of LWK_USER   =               0
 Effective threshold for pivoting, CNTL(1)  =      0.1000D-01

 Statistics on the scaling phase
 Elapsed time for scaling                   =      0.0190
 Max difference from 1 after scaling the entries for ONE-NORM (option 7/8)   = 0.23D+00

 Average Effective size of S     (based on INFO(39))=              5332289

 Redistrib: total data local/sent           =          125587          862608
 Elapsed time to reformat/distribute matrix =      0.0099


 Allocated buffers
 ------------------
 Size of reception buffer in bytes ...... =      1258640
 Size of async. emission buffer (bytes).. =      3788499
 Small emission buffer (bytes) .......... =         1604
 ** Memory allocated, max in Mbytes             (INFOG(18)):          99

 ** Memory allocated, total in Mbytes           (INFOG(19)):         745
 ** Memory effectively used, max in  Mbytes     (INFOG(21)):          91
 ** Memory effectively used, total in Mbytes    (INFOG(22)):         678

 Elapsed time to process root node                  =      0.0000

 Elapsed time for (failed) factorization            =      0.1024

Leaving factorization with ...
 RINFOG (2) Operations in node assembly             = 3.469D+07
 ------ (3) Operations in node elimination          = 7.136D+09
 ICNTL  (8) Scaling effectively used                =               7
 INFOG  (9) Real space for factors                  =        27815847
 INFOG (10) Integer space for factors               =         1168574
 INFOG (11) Maximum front size                      =            1142
 INFOG (29) Number of entries in factors            =        27365606
 INFOG (12) Number of off diagonal pivots           =           29349
 INFOG (13) Number of delayed pivots                =          119172
 RINFOG(19) Smallest pivot WITH perturbed pivots    = 3.984D-03
 RINFOG(20) Smallest pivot WITHOUT perturbed pivots = 3.984D-03
 RINFOG(21) Largest pivot in absolute value         = 2.909D+05
 INFOG (24) Effective value of ICNTL(12)            =               1
 INFOG (14) Number of memory compress               =              41
 Extra copies due to In-Place stacking              =          703230

 Elapsed time in factorization driver               =      0.1319
 ** ERROR RETURN ** FROM DMUMPS INFO(1)=   -9
 ** INFO(2)=          533979
 ** ERROR RETURN ** FROM DMUMPS INFO(1)=   -1
 ** INFO(2)=               7
 ** ERROR RETURN ** FROM DMUMPS INFO(1)=   -1
 ** INFO(2)=               7
 ** ERROR RETURN ** FROM DMUMPS INFO(1)=   -1
 ** INFO(2)=               7
 ** ERROR RETURN ** FROM DMUMPS INFO(1)=   -1
 ** INFO(2)=               7
 ** ERROR RETURN ** FROM DMUMPS INFO(1)=   -9
 ** INFO(2)=          137776
 ** ERROR RETURN ** FROM DMUMPS INFO(1)=   -9
 ** INFO(2)=          400518
 ** ERROR RETURN ** FROM DMUMPS INFO(1)=   -1
 ** INFO(2)=               7
 On return from DMUMPS, INFOG(1)=              -9
 On return from DMUMPS, INFOG(2)=          400518

Entering DMUMPS 5.8.1 from C interface with JOB =  -2
      executing #MPI =      8, without OMP
||Ax - b||_2 = -nan
