
Entering DMUMPS 5.8.1 from C interface with JOB, N =   1      121192
      executing #MPI =      8, without OMP

Advanced settings:
   KEEP(370) Static mapping              =         1
   KEEP(371) Advanced optimizations      =         0

 =================================================
 MUMPS compiled with option -Dmetis
 MUMPS compiled with option -Dparmetis
 MUMPS compiled with option -Dpord
 MUMPS compiled with option -Dptscotch
 MUMPS compiled with option -Dscotch
 =================================================
L U Solver for unsymmetric matrices
Type of parallelism: Working host

 ****** ANALYSIS STEP ********

 ** Maximum transversal (ICNTL(6)) not allowed because matrix is distributed
 Processing a graph of size:    121192 with       2524488 edges
 Ordering based on METIS
 ELAPSED TIME SPENT IN METIS reordering  =      0.4917
 SYMBOLIC based on column counts 
 ELAPSED TIME IN symbolic factorization  =      0.0383
 A root of estimated size         1134  has been selected for Scalapack.

Leaving analysis phase with  ...
 INFOG(1)                                       =               0
 INFOG(2)                                       =               0
 -- (20) Number of entries in factors (estim.)  =        40566238
 --  (3) Real space for factors    (estimated)  =        40570390
 --  (4) Integer space for factors (estimated)  =         1495258
 --  (5) Maximum frontal size      (estimated)  =            1720
 --  (6) Number of nodes in the tree            =           25961
 -- (32) Type of analysis effectively used      =               1
 --  (7) Ordering option effectively used       =               5
 ICNTL (6) Maximum transversal option           =               0
 ICNTL (7) Pivot order option                   =               5
 ICNTL(12) Ordering symmetric indef. matrices   =               1
 ICNTL(13) Parallelism/splitting of root node   =               0
 ICNTL(14) Percentage of memory relaxation      =              25
 ICNTL(15) Analysis by block effectively used   =               0
 ICNTL(18) Distributed input matrix (on if >0)  =               3
 ICNTL(32) Forward elimination during facto.    =               0
 ICNTL(35) BLR activation                       =               0
 ICNTL(48) Tree based multithreading (effective)=               0
 ICNTL(58) Symbolic factorization option        =               2
 Number of level 2 nodes                        =               8
 Number of split nodes                          =               2
 RINFOG(1) Operations during elimination (estim)= 2.250D+10
 Distributed matrix entry format (ICNTL(18))    =               3

 MEMORY ESTIMATIONS ... 
 Estimations with standard Full-Rank (FR) factorization:
    Maximum estim. space in Mbytes, IC facto.    (INFOG(16)):             135
    Total space in MBytes, IC factorization      (INFOG(17)):             939
    Maximum estim. space in Mbytes, OOC facto.   (INFOG(26)):              90
    Total space in MBytes,  OOC factorization    (INFOG(27)):             665

 Elapsed time in analysis driver=       0.6339

Entering DMUMPS 5.8.1 from C interface with JOB, N =   2      121192
      executing #MPI =      8, without OMP

Advanced settings:
   KEEP(370) Static mapping              =         1
   KEEP(371) Advanced optimizations      =         0



****** FACTORIZATION STEP ********

 GLOBAL STATISTICS PRIOR NUMERICAL FACTORIZATION ...
 Number of working processes                =               8
 ICNTL(22) Out-of-core option               =               0
 ICNTL(35) BLR activation (eff. choice)     =               0
 ICNTL(37) BLR CB compression (eff. choice) =               0
 ICNTL(49) Compact workarray S (end facto.) =               0
 ICNTL(56) Effective value during facto.    =               0
 ICNTL(14) Memory relaxation                =              25
 INFOG(3) Real space for factors (estimated)=        40570390
 INFOG(4) Integer space for factors (estim.)=         1495258
 Maximum frontal size (estimated)           =            1720
 Number of nodes in the tree                =           25961
 ICNTL(23) Memory allowed (value on host)   =               0
           Sum over all procs               =               0
 Memory provided by user, sum of LWK_USER   =               0
 Effective threshold for pivoting, CNTL(1)  =      0.1000D-01

 Statistics on the scaling phase
 Elapsed time for scaling                   =      0.0315
 Max difference from 1 after scaling the entries for ONE-NORM (option 7/8)   = 0.10D+01

 Average Effective size of S     (based on INFO(39))=              8415790

 Redistrib: total data local/sent           =          306688         2381973
 Elapsed time to reformat/distribute matrix =      0.0298


 Allocated buffers
 ------------------
 Size of reception buffer in bytes ...... =      1483500
 Size of async. emission buffer (bytes).. =      4465329
 Small emission buffer (bytes) .......... =         2000
 ** Memory allocated, max in Mbytes             (INFOG(18)):         135

 ** Memory allocated, total in Mbytes           (INFOG(19)):         939
 ** Memory effectively used, max in  Mbytes     (INFOG(21)):          97
 ** Memory effectively used, total in Mbytes    (INFOG(22)):         697

 Elapsed time to process root node                  =      0.0000

 Elapsed time for (failed) factorization            =      0.1738

Leaving factorization with ...
 RINFOG (2) Operations in node assembly             = 4.368D+07
 ------ (3) Operations in node elimination          = 9.892D+09
 ICNTL  (8) Scaling effectively used                =               7
 INFOG  (9) Real space for factors                  =        27198308
 INFOG (10) Integer space for factors               =          885435
 INFOG (11) Maximum front size                      =            1452
 INFOG (29) Number of entries in factors            =        27198307
 INFOG (12) Number of off diagonal pivots           =               7
 INFOG (13) Number of delayed pivots                =               5
 RINFOG(19) Smallest pivot WITH perturbed pivots    = 2.366D-09
 RINFOG(20) Smallest pivot WITHOUT perturbed pivots = 2.366D-09
 RINFOG(21) Largest pivot in absolute value         = 4.989D-01
 INFOG (24) Effective value of ICNTL(12)            =               1
 INFOG (14) Number of memory compress               =               0

 Elapsed time in factorization driver               =      0.2358
 ** ERROR RETURN ** FROM DMUMPS INFO(1)=   -1
 ** INFO(2)=               3
 ** ERROR RETURN ** FROM DMUMPS INFO(1)=  -10
 ** INFO(2)=           85959
 ** ERROR RETURN ** FROM DMUMPS INFO(1)=   -1
 ** INFO(2)=               3
 ** ERROR RETURN ** FROM DMUMPS INFO(1)=   -1
 ** INFO(2)=               3
 ** ERROR RETURN ** FROM DMUMPS INFO(1)=   -1
 ** INFO(2)=               3
 ** ERROR RETURN ** FROM DMUMPS INFO(1)=   -1
 ** INFO(2)=               3
 ** ERROR RETURN ** FROM DMUMPS INFO(1)=   -1
 ** INFO(2)=               3
 ** ERROR RETURN ** FROM DMUMPS INFO(1)=   -1
 ** INFO(2)=               3
 On return from DMUMPS, INFOG(1)=             -10
 On return from DMUMPS, INFOG(2)=           85959

Entering DMUMPS 5.8.1 from C interface with JOB =  -2
      executing #MPI =      8, without OMP
||Ax - b||_2 = -nan
