
Entering DMUMPS 5.8.1 from C interface with JOB, N =   1      143437
      executing #MPI =      8, without OMP

Advanced settings:
   KEEP(370) Static mapping              =         1
   KEEP(371) Advanced optimizations      =         0

 =================================================
 MUMPS compiled with option -Dmetis
 MUMPS compiled with option -Dparmetis
 MUMPS compiled with option -Dpord
 MUMPS compiled with option -Dptscotch
 MUMPS compiled with option -Dscotch
 =================================================
L U Solver for unsymmetric matrices
Type of parallelism: Working host

 ****** ANALYSIS STEP ********

 ** Maximum transversal (ICNTL(6)) not allowed because matrix is distributed
 Processing a graph of size:    143437 with        819186 edges
 Ordering based on AMD 
 A root of estimated size         2518  has been selected for Scalapack.

Leaving analysis phase with  ...
 INFOG(1)                                       =               0
 INFOG(2)                                       =               0
 -- (20) Number of entries in factors (estim.)  =        74619923
 --  (3) Real space for factors    (estimated)  =        74627431
 --  (4) Integer space for factors (estimated)  =         1448922
 --  (5) Maximum frontal size      (estimated)  =            2558
 --  (6) Number of nodes in the tree            =            9300
 -- (32) Type of analysis effectively used      =               1
 --  (7) Ordering option effectively used       =               0
 ICNTL (6) Maximum transversal option           =               0
 ICNTL (7) Pivot order option                   =               0
 ICNTL(12) Ordering symmetric indef. matrices   =               1
 ICNTL(13) Parallelism/splitting of root node   =               0
 ICNTL(14) Percentage of memory relaxation      =              25
 ICNTL(15) Analysis by block effectively used   =               0
 ICNTL(18) Distributed input matrix (on if >0)  =               3
 ICNTL(32) Forward elimination during facto.    =               0
 ICNTL(35) BLR activation                       =               0
 ICNTL(48) Tree based multithreading (effective)=               0
 ICNTL(58) Symbolic factorization option        =               2
 Number of level 2 nodes                        =              15
 Number of split nodes                          =               0
 RINFOG(1) Operations during elimination (estim)= 7.363D+10
 Distributed matrix entry format (ICNTL(18))    =               3

 MEMORY ESTIMATIONS ... 
 Estimations with standard Full-Rank (FR) factorization:
    Maximum estim. space in Mbytes, IC facto.    (INFOG(16)):             200
    Total space in MBytes, IC factorization      (INFOG(17)):            1381
    Maximum estim. space in Mbytes, OOC facto.   (INFOG(26)):             129
    Total space in MBytes,  OOC factorization    (INFOG(27)):             840

 Elapsed time in analysis driver=       0.1595

Entering DMUMPS 5.8.1 from C interface with JOB, N =   2      143437
      executing #MPI =      8, without OMP

Advanced settings:
   KEEP(370) Static mapping              =         1
   KEEP(371) Advanced optimizations      =         0



****** FACTORIZATION STEP ********

 GLOBAL STATISTICS PRIOR NUMERICAL FACTORIZATION ...
 Number of working processes                =               8
 ICNTL(22) Out-of-core option               =               0
 ICNTL(35) BLR activation (eff. choice)     =               0
 ICNTL(37) BLR CB compression (eff. choice) =               0
 ICNTL(49) Compact workarray S (end facto.) =               0
 ICNTL(56) Effective value during facto.    =               0
 ICNTL(14) Memory relaxation                =              25
 INFOG(3) Real space for factors (estimated)=        74627431
 INFOG(4) Integer space for factors (estim.)=         1448922
 Maximum frontal size (estimated)           =            2558
 Number of nodes in the tree                =            9300
 ICNTL(23) Memory allowed (value on host)   =               0
           Sum over all procs               =               0
 Memory provided by user, sum of LWK_USER   =               0
 Effective threshold for pivoting, CNTL(1)  =      0.1000D-01

 Statistics on the scaling phase
 Elapsed time for scaling                   =      0.0118
 Max difference from 1 after scaling the entries for ONE-NORM (option 7/8)   = 0.48D+00

 Average Effective size of S     (based on INFO(39))=             15674928

 Redistrib: total data local/sent           =           99261          729690
 Elapsed time to reformat/distribute matrix =      0.0132


 Allocated buffers
 ------------------
 Size of reception buffer in bytes ...... =      1491008
 Size of async. emission buffer (bytes).. =      4487929
 Small emission buffer (bytes) .......... =         2140
 ** Memory allocated, max in Mbytes             (INFOG(18)):         209

 ** Memory allocated, total in Mbytes           (INFOG(19)):        1469
 ** Memory effectively used, max in  Mbytes     (INFOG(21)):         209
 ** Memory effectively used, total in Mbytes    (INFOG(22)):        1379

 Elapsed time to process root node                  =      0.0000

 Elapsed time for (failed) factorization            =      1.6671

Leaving factorization with ...
 RINFOG (2) Operations in node assembly             = 1.129D+08
 ------ (3) Operations in node elimination          = 6.952D+10
 ICNTL  (8) Scaling effectively used                =               7
 INFOG  (9) Real space for factors                  =        94613811
 INFOG (10) Integer space for factors               =         1442100
 INFOG (11) Maximum front size                      =            2444
 INFOG (29) Number of entries in factors            =        80764901
 INFOG (12) Number of off diagonal pivots           =           96214
 INFOG (13) Number of delayed pivots                =           97093
 RINFOG(19) Smallest pivot WITH perturbed pivots    = 1.749D-03
 RINFOG(20) Smallest pivot WITHOUT perturbed pivots = 1.749D-03
 RINFOG(21) Largest pivot in absolute value         = 2.140D+04
 INFOG (24) Effective value of ICNTL(12)            =               1
 INFOG (14) Number of memory compress               =              76
 Extra copies due to In-Place stacking              =        21313789

 Elapsed time in factorization driver               =      1.6927
 ** ERROR RETURN ** FROM DMUMPS INFO(1)=   -1
 ** INFO(2)=               7
 ** ERROR RETURN ** FROM DMUMPS INFO(1)=   -1
 ** INFO(2)=               7
 ** ERROR RETURN ** FROM DMUMPS INFO(1)=   -1
 ** INFO(2)=               7
 ** ERROR RETURN ** FROM DMUMPS INFO(1)=   -1
 ** INFO(2)=               7
 ** ERROR RETURN ** FROM DMUMPS INFO(1)=   -1
 ** INFO(2)=               7
 ** ERROR RETURN ** FROM DMUMPS INFO(1)=   -1
 ** INFO(2)=               7
 ** ERROR RETURN ** FROM DMUMPS INFO(1)=   -9
 ** INFO(2)=          232788
 ** ERROR RETURN ** FROM DMUMPS INFO(1)=   -1
 ** INFO(2)=               7
 On return from DMUMPS, INFOG(1)=              -9
 On return from DMUMPS, INFOG(2)=          232788

Entering DMUMPS 5.8.1 from C interface with JOB =  -2
      executing #MPI =      8, without OMP
||Ax - b||_2 = inf
