
Entering DMUMPS 5.8.1 from C interface with JOB, N =   1      147900
      executing #MPI =      8, without OMP

Advanced settings:
   KEEP(370) Static mapping              =         1
   KEEP(371) Advanced optimizations      =         0

 =================================================
 MUMPS compiled with option -Dmetis
 MUMPS compiled with option -Dparmetis
 MUMPS compiled with option -Dpord
 MUMPS compiled with option -Dptscotch
 MUMPS compiled with option -Dscotch
 =================================================
L U Solver for unsymmetric matrices
Type of parallelism: Working host

 ****** ANALYSIS STEP ********

 ** Maximum transversal (ICNTL(6)) not allowed because matrix is distributed
 Processing a graph of size:    147900 with       3341400 edges
 Ordering based on AMD 
 A root of estimated size         3138  has been selected for Scalapack.

Leaving analysis phase with  ...
 INFOG(1)                                       =               0
 INFOG(2)                                       =               0
 -- (20) Number of entries in factors (estim.)  =       104966944
 --  (3) Real space for factors    (estimated)  =       104972626
 --  (4) Integer space for factors (estimated)  =         1745823
 --  (5) Maximum frontal size      (estimated)  =            3244
 --  (6) Number of nodes in the tree            =            5499
 -- (32) Type of analysis effectively used      =               1
 --  (7) Ordering option effectively used       =               0
 ICNTL (6) Maximum transversal option           =               0
 ICNTL (7) Pivot order option                   =               0
 ICNTL(12) Ordering symmetric indef. matrices   =               1
 ICNTL(13) Parallelism/splitting of root node   =               0
 ICNTL(14) Percentage of memory relaxation      =              25
 ICNTL(15) Analysis by block effectively used   =               0
 ICNTL(18) Distributed input matrix (on if >0)  =               3
 ICNTL(32) Forward elimination during facto.    =               0
 ICNTL(35) BLR activation                       =               0
 ICNTL(48) Tree based multithreading (effective)=               0
 ICNTL(58) Symbolic factorization option        =               2
 Number of level 2 nodes                        =              10
 Number of split nodes                          =               0
 RINFOG(1) Operations during elimination (estim)= 1.169D+11
 Distributed matrix entry format (ICNTL(18))    =               3

 MEMORY ESTIMATIONS ... 
 Estimations with standard Full-Rank (FR) factorization:
    Maximum estim. space in Mbytes, IC facto.    (INFOG(16)):             337
    Total space in MBytes, IC factorization      (INFOG(17)):            1889
    Maximum estim. space in Mbytes, OOC facto.   (INFOG(26)):             190
    Total space in MBytes,  OOC factorization    (INFOG(27)):            1166

 Elapsed time in analysis driver=       0.1266

Entering DMUMPS 5.8.1 from C interface with JOB, N =   2      147900
      executing #MPI =      8, without OMP

Advanced settings:
   KEEP(370) Static mapping              =         1
   KEEP(371) Advanced optimizations      =         0



****** FACTORIZATION STEP ********

 GLOBAL STATISTICS PRIOR NUMERICAL FACTORIZATION ...
 Number of working processes                =               8
 ICNTL(22) Out-of-core option               =               0
 ICNTL(35) BLR activation (eff. choice)     =               0
 ICNTL(37) BLR CB compression (eff. choice) =               0
 ICNTL(49) Compact workarray S (end facto.) =               0
 ICNTL(56) Effective value during facto.    =               0
 ICNTL(14) Memory relaxation                =              25
 INFOG(3) Real space for factors (estimated)=       104972626
 INFOG(4) Integer space for factors (estim.)=         1745823
 Maximum frontal size (estimated)           =            3244
 Number of nodes in the tree                =            5499
 ICNTL(23) Memory allowed (value on host)   =               0
           Sum over all procs               =               0
 Memory provided by user, sum of LWK_USER   =               0
 Effective threshold for pivoting, CNTL(1)  =      0.1000D-01

 Statistics on the scaling phase
 Elapsed time for scaling                   =      0.0250
 Max difference from 1 after scaling the entries for ONE-NORM (option 7/8)   = 0.65D-01

 Average Effective size of S     (based on INFO(39))=             23134098

 Redistrib: total data local/sent           =          283989         3371841
 Elapsed time to reformat/distribute matrix =      0.0298


 Allocated buffers
 ------------------
 Size of reception buffer in bytes ...... =      1497156
 Size of async. emission buffer (bytes).. =      4506430
 Small emission buffer (bytes) .......... =         2040
 ** Memory allocated, max in Mbytes             (INFOG(18)):         337

 ** Memory allocated, total in Mbytes           (INFOG(19)):        1889
 ** Memory effectively used, max in  Mbytes     (INFOG(21)):         260
 ** Memory effectively used, total in Mbytes    (INFOG(22)):        1526

 Elapsed time to process root node                  =      0.2229

 Elapsed time for factorization                     =      2.1924

Leaving factorization with ...
 RINFOG (2) Operations in node assembly             = 1.993D+08
 ------ (3) Operations in node elimination          = 1.169D+11
 ICNTL  (8) Scaling effectively used                =               7
 INFOG  (9) Real space for factors                  =       104966944
 INFOG (10) Integer space for factors               =         1746073
 INFOG (11) Maximum front size                      =            3244
 INFOG (29) Number of entries in factors            =       104966944
 INFOG (12) Number of off diagonal pivots           =               0
 INFOG (13) Number of delayed pivots                =               0
 RINFOG(19) Smallest pivot WITH perturbed pivots    = 8.405D-02
 RINFOG(20) Smallest pivot WITHOUT perturbed pivots = 8.405D-02
 RINFOG(21) Largest pivot in absolute value         = 7.561D-01
 INFOG (24) Effective value of ICNTL(12)            =               1
 INFOG (14) Number of memory compress               =               2

 Elapsed time in factorization driver               =      2.2493

Entering DMUMPS 5.8.1 from C interface with JOB, N =   3      147900
      executing #MPI =      8, without OMP

Advanced settings:
   KEEP(370) Static mapping              =         1
   KEEP(371) Advanced optimizations      =         0



 ****** SOLVE & CHECK STEP ********

 GLOBAL STATISTICS PRIOR SOLVE PHASE ...........
 Number of right-hand-sides                    =           1
 Blocking factor for multiple rhs              =           1
 ICNTL (9)                                     =           1
  --- (10)                                     =           0
  --- (11)                                     =           0
  --- (20)                                     =          10
  --- (21)                                     =           1
  --- (30)                                     =           0
  --- (35)                                     =           0
  --- (48) (effective)                         =           0
 ** Rank of processor needing largest memory in solve     :         1
 ** Space in MBYTES used by this processor for solve      :       307
 ** Avg. Space in MBYTES per working proc during solve    :       209

 Leaving solve with ...
 Time to build/scatter RHS        =       0.000588
 Time in solution step (fwd/bwd)  =       0.029006
  .. Time in forward (fwd) step   =          0.010537
  .. Time in ScaLAPACK root       =          0.002382
  .. Time in backward (bwd) step  =          0.016073
 Time to gather solution(cent.sol)=       0.000000
 Time for distributed solution    =       0.000118

 Elapsed time in solve driver=       0.0313

Entering DMUMPS 5.8.1 from C interface with JOB =  -2
      executing #MPI =      8, without OMP
||Ax - b||_2 = 4.775476e-15
