
Entering DMUMPS 5.8.1 from C interface with JOB, N =   1     1585478
      executing #MPI =      8, without OMP

Advanced settings:
   KEEP(370) Static mapping              =         1
   KEEP(371) Advanced optimizations      =         0

 =================================================
 MUMPS compiled with option -Dmetis
 MUMPS compiled with option -Dparmetis
 MUMPS compiled with option -Dpord
 MUMPS compiled with option -Dptscotch
 MUMPS compiled with option -Dscotch
 =================================================
L U Solver for unsymmetric matrices
Type of parallelism: Working host

 ****** ANALYSIS STEP ********

 Processing a graph of size:   1585478 with       6075348 edges
 Ordering based on SCOTCH 
 ELAPSED TIME SPENT IN SCOTCH reordering =      7.4015
 A root of estimated size         2012  has been selected for Scalapack.

Leaving analysis phase with  ...
 INFOG(1)                                       =               0
 INFOG(2)                                       =               0
 -- (20) Number of entries in factors (estim.)  =       282740848
 --  (3) Real space for factors    (estimated)  =       282745807
 --  (4) Integer space for factors (estimated)  =        11200427
 --  (5) Maximum frontal size      (estimated)  =            2793
 --  (6) Number of nodes in the tree            =           80759
 -- (32) Type of analysis effectively used      =               1
 --  (7) Ordering option effectively used       =               3
 ICNTL (6) Maximum transversal option           =               0
 ICNTL (7) Pivot order option                   =               3
 ICNTL(12) Ordering symmetric indef. matrices   =               1
 ICNTL(13) Parallelism/splitting of root node   =               0
 ICNTL(14) Percentage of memory relaxation      =              25
 ICNTL(15) Analysis by block effectively used   =               0
 ICNTL(18) Distributed input matrix (on if >0)  =               3
 ICNTL(32) Forward elimination during facto.    =               0
 ICNTL(35) BLR activation                       =               0
 ICNTL(48) Tree based multithreading (effective)=               0
 ICNTL(58) Symbolic factorization option        =               2
 Number of level 2 nodes                        =               7
 Number of split nodes                          =               1
 RINFOG(1) Operations during elimination (estim)= 1.374D+11
 Distributed matrix entry format (ICNTL(18))    =               3

 MEMORY ESTIMATIONS ... 
 Estimations with standard Full-Rank (FR) factorization:
    Maximum estim. space in Mbytes, IC facto.    (INFOG(16)):             697
    Total space in MBytes, IC factorization      (INFOG(17)):            3911
    Maximum estim. space in Mbytes, OOC facto.   (INFOG(26)):             225
    Total space in MBytes,  OOC factorization    (INFOG(27)):            1391

 Elapsed time in analysis driver=       8.2316

Entering DMUMPS 5.8.1 from C interface with JOB, N =   2     1585478
      executing #MPI =      8, without OMP

Advanced settings:
   KEEP(370) Static mapping              =         1
   KEEP(371) Advanced optimizations      =         0



****** FACTORIZATION STEP ********

 GLOBAL STATISTICS PRIOR NUMERICAL FACTORIZATION ...
 Number of working processes                =               8
 ICNTL(22) Out-of-core option               =               0
 ICNTL(35) BLR activation (eff. choice)     =               0
 ICNTL(37) BLR CB compression (eff. choice) =               0
 ICNTL(49) Compact workarray S (end facto.) =               0
 ICNTL(56) Effective value during facto.    =               0
 ICNTL(14) Memory relaxation                =              25
 INFOG(3) Real space for factors (estimated)=       282745807
 INFOG(4) Integer space for factors (estim.)=        11200427
 Maximum frontal size (estimated)           =            2793
 Number of nodes in the tree                =           80759
 ICNTL(23) Memory allowed (value on host)   =               0
           Sum over all procs               =               0
 Memory provided by user, sum of LWK_USER   =               0
 Effective threshold for pivoting, CNTL(1)  =      0.1000D-01

 Statistics on the scaling phase
 Elapsed time for scaling                   =      0.2282
 Max difference from 1 after scaling the entries for ONE-NORM (option 7/8)   = 0.37D-01

 Average Effective size of S     (based on INFO(39))=             50392339

 Redistrib: total data local/sent           =          718559         6951878
 Elapsed time to reformat/distribute matrix =      0.0763


 Allocated buffers
 ------------------
 Size of reception buffer in bytes ...... =      1493112
 Size of async. emission buffer (bytes).. =      4494267
 Small emission buffer (bytes) .......... =         2412
 ** Memory allocated, max in Mbytes             (INFOG(18)):         697

 ** Memory allocated, total in Mbytes           (INFOG(19)):        3911
 ** Memory effectively used, max in  Mbytes     (INFOG(21)):         552
 ** Memory effectively used, total in Mbytes    (INFOG(22)):        3169

 Elapsed time to process root node                  =      0.0653

 Elapsed time for factorization                     =      2.6084

Leaving factorization with ...
 RINFOG (2) Operations in node assembly             = 3.677D+08
 ------ (3) Operations in node elimination          = 1.374D+11
 ICNTL  (8) Scaling effectively used                =               7
 INFOG  (9) Real space for factors                  =       282738644
 INFOG (10) Integer space for factors               =        11200573
 INFOG (11) Maximum front size                      =            2793
 INFOG (29) Number of entries in factors            =       282738644
 INFOG (12) Number of off diagonal pivots           =               0
 INFOG (13) Number of delayed pivots                =               0
 RINFOG(19) Smallest pivot WITH perturbed pivots    = 8.724D-03
 RINFOG(20) Smallest pivot WITHOUT perturbed pivots = 8.724D-03
 RINFOG(21) Largest pivot in absolute value         = 9.942D-01
 INFOG (24) Effective value of ICNTL(12)            =               1
 INFOG (14) Number of memory compress               =               0

 Elapsed time in factorization driver               =      2.9435

Entering DMUMPS 5.8.1 from C interface with JOB, N =   3     1585478
      executing #MPI =      8, without OMP

Advanced settings:
   KEEP(370) Static mapping              =         1
   KEEP(371) Advanced optimizations      =         0



 ****** SOLVE & CHECK STEP ********

 GLOBAL STATISTICS PRIOR SOLVE PHASE ...........
 Number of right-hand-sides                    =           1
 Blocking factor for multiple rhs              =           1
 ICNTL (9)                                     =           1
  --- (10)                                     =           0
  --- (11)                                     =           0
  --- (20)                                     =          10
  --- (21)                                     =           1
  --- (30)                                     =           0
  --- (35)                                     =           0
  --- (48) (effective)                         =           0
 ** Rank of processor needing largest memory in solve     :         4
 ** Space in MBYTES used by this processor for solve      :       710
 ** Avg. Space in MBYTES per working proc during solve    :       500

 Leaving solve with ...
 Time to build/scatter RHS        =       0.010752
 Time in solution step (fwd/bwd)  =       0.122433
  .. Time in forward (fwd) step   =          0.060631
  .. Time in ScaLAPACK root       =          0.001266
  .. Time in backward (bwd) step  =          0.059433
 Time to gather solution(cent.sol)=       0.000000
 Time for distributed solution    =       0.002099

 Elapsed time in solve driver=       0.1599

Entering DMUMPS 5.8.1 from C interface with JOB =  -2
      executing #MPI =      8, without OMP
||Ax - b||_2 = 1.204519e-09
