
Entering DMUMPS 5.8.1 from C interface with JOB, N =   1      153746
      executing #MPI =      8, without OMP

Advanced settings:
   KEEP(370) Static mapping              =         1
   KEEP(371) Advanced optimizations      =         0

 =================================================
 MUMPS compiled with option -Dmetis
 MUMPS compiled with option -Dparmetis
 MUMPS compiled with option -Dpord
 MUMPS compiled with option -Dptscotch
 MUMPS compiled with option -Dscotch
 =================================================
L U Solver for unsymmetric matrices
Type of parallelism: Working host

 ****** ANALYSIS STEP ********

 ** Maximum transversal (ICNTL(6)) not allowed because matrix is distributed
 Processing a graph of size:    153746 with       8926658 edges
 Ordering based on AMD 
 A root of estimated size         2805  has been selected for Scalapack.

Leaving analysis phase with  ...
 INFOG(1)                                       =               0
 INFOG(2)                                       =               0
 -- (20) Number of entries in factors (estim.)  =       104983512
 --  (3) Real space for factors    (estimated)  =       104997136
 --  (4) Integer space for factors (estimated)  =         1716226
 --  (5) Maximum frontal size      (estimated)  =            2805
 --  (6) Number of nodes in the tree            =            4999
 -- (32) Type of analysis effectively used      =               1
 --  (7) Ordering option effectively used       =               0
 ICNTL (6) Maximum transversal option           =               0
 ICNTL (7) Pivot order option                   =               0
 ICNTL(12) Ordering symmetric indef. matrices   =               1
 ICNTL(13) Parallelism/splitting of root node   =               0
 ICNTL(14) Percentage of memory relaxation      =              25
 ICNTL(15) Analysis by block effectively used   =               0
 ICNTL(18) Distributed input matrix (on if >0)  =               3
 ICNTL(32) Forward elimination during facto.    =               0
 ICNTL(35) BLR activation                       =               0
 ICNTL(48) Tree based multithreading (effective)=               0
 ICNTL(58) Symbolic factorization option        =               2
 Number of level 2 nodes                        =              10
 Number of split nodes                          =               1
 RINFOG(1) Operations during elimination (estim)= 9.812D+10
 Distributed matrix entry format (ICNTL(18))    =               3

 MEMORY ESTIMATIONS ... 
 Estimations with standard Full-Rank (FR) factorization:
    Maximum estim. space in Mbytes, IC facto.    (INFOG(16)):             381
    Total space in MBytes, IC factorization      (INFOG(17)):            1890
    Maximum estim. space in Mbytes, OOC facto.   (INFOG(26)):             169
    Total space in MBytes,  OOC factorization    (INFOG(27)):            1130

 Elapsed time in analysis driver=       0.1663

Entering DMUMPS 5.8.1 from C interface with JOB, N =   2      153746
      executing #MPI =      8, without OMP

Advanced settings:
   KEEP(370) Static mapping              =         1
   KEEP(371) Advanced optimizations      =         0



****** FACTORIZATION STEP ********

 GLOBAL STATISTICS PRIOR NUMERICAL FACTORIZATION ...
 Number of working processes                =               8
 ICNTL(22) Out-of-core option               =               0
 ICNTL(35) BLR activation (eff. choice)     =               0
 ICNTL(37) BLR CB compression (eff. choice) =               0
 ICNTL(49) Compact workarray S (end facto.) =               0
 ICNTL(56) Effective value during facto.    =               0
 ICNTL(14) Memory relaxation                =              25
 INFOG(3) Real space for factors (estimated)=       104997136
 INFOG(4) Integer space for factors (estim.)=         1716226
 Maximum frontal size (estimated)           =            2805
 Number of nodes in the tree                =            4999
 ICNTL(23) Memory allowed (value on host)   =               0
           Sum over all procs               =               0
 Memory provided by user, sum of LWK_USER   =               0
 Effective threshold for pivoting, CNTL(1)  =      0.1000D-01

 Statistics on the scaling phase
 Elapsed time for scaling                   =      0.0374
 Max difference from 1 after scaling the entries for ONE-NORM (option 7/8)   = 0.22D+00

 Average Effective size of S     (based on INFO(39))=             22069059

 Redistrib: total data local/sent           =          929280         8636063
 Elapsed time to reformat/distribute matrix =      0.0519


 Allocated buffers
 ------------------
 Size of reception buffer in bytes ...... =      1493220
 Size of async. emission buffer (bytes).. =      4494591
 Small emission buffer (bytes) .......... =         2040
 ** Memory allocated, max in Mbytes             (INFOG(18)):         381

 ** Memory allocated, total in Mbytes           (INFOG(19)):        1890
 ** Memory effectively used, max in  Mbytes     (INFOG(21)):         103
 ** Memory effectively used, total in Mbytes    (INFOG(22)):         723

 Elapsed time to process root node                  =      0.0000

 Elapsed time for (failed) factorization            =      0.1241

Leaving factorization with ...
 RINFOG (2) Operations in node assembly             = 2.242D+07
 ------ (3) Operations in node elimination          = 2.990D+09
 ICNTL  (8) Scaling effectively used                =               7
 INFOG  (9) Real space for factors                  =         8600415
 INFOG (10) Integer space for factors               =          199114
 INFOG (11) Maximum front size                      =            1996
 INFOG (29) Number of entries in factors            =         4007759
 INFOG (12) Number of off diagonal pivots           =            3339
 INFOG (13) Number of delayed pivots                =           30853
 RINFOG(19) Smallest pivot WITH perturbed pivots    = 3.084D-84
 RINFOG(20) Smallest pivot WITHOUT perturbed pivots = 3.084D-84
 RINFOG(21) Largest pivot in absolute value         = 1.363D+02
 INFOG (24) Effective value of ICNTL(12)            =               1
 INFOG (14) Number of memory compress               =               0

 Elapsed time in factorization driver               =      0.2138
 ** ERROR RETURN ** FROM DMUMPS INFO(1)=   -1
 ** INFO(2)=               1
 ** ERROR RETURN ** FROM DMUMPS INFO(1)=  -10
 ** INFO(2)=            6148
 ** ERROR RETURN ** FROM DMUMPS INFO(1)=   -1
 ** INFO(2)=               1
 ** ERROR RETURN ** FROM DMUMPS INFO(1)=   -1
 ** INFO(2)=               1
 ** ERROR RETURN ** FROM DMUMPS INFO(1)=   -1
 ** INFO(2)=               1
 ** ERROR RETURN ** FROM DMUMPS INFO(1)=   -1
 ** INFO(2)=               1
 ** ERROR RETURN ** FROM DMUMPS INFO(1)=   -1
 ** INFO(2)=               1
 ** ERROR RETURN ** FROM DMUMPS INFO(1)=   -1
 ** INFO(2)=               1
 On return from DMUMPS, INFOG(1)=             -10
 On return from DMUMPS, INFOG(2)=            6148

Entering DMUMPS 5.8.1 from C interface with JOB =  -2
      executing #MPI =      8, without OMP
||Ax - b||_2 = inf
