
Entering DMUMPS 5.8.1 from C interface with JOB, N =   1       96307
      executing #MPI =      8, without OMP

Advanced settings:
   KEEP(370) Static mapping              =         1
   KEEP(371) Advanced optimizations      =         0

 =================================================
 MUMPS compiled with option -Dmetis
 MUMPS compiled with option -Dparmetis
 MUMPS compiled with option -Dpord
 MUMPS compiled with option -Dptscotch
 MUMPS compiled with option -Dscotch
 =================================================
L U Solver for unsymmetric matrices
Type of parallelism: Working host

 ****** ANALYSIS STEP ********

 ** Maximum transversal (ICNTL(6)) not allowed because matrix is distributed
 Processing a graph of size:     96307 with       3514490 edges
 Ordering based on SCOTCH 
 ELAPSED TIME SPENT IN SCOTCH reordering =      1.8533
 WARNING: Largest root node of size       509 not selected for parallel execution

Leaving analysis phase with  ...
 INFOG(1)                                       =               0
 INFOG(2)                                       =               0
 -- (20) Number of entries in factors (estim.)  =        20626387
 --  (3) Real space for factors    (estimated)  =        20626387
 --  (4) Integer space for factors (estimated)  =          830840
 --  (5) Maximum frontal size      (estimated)  =             509
 --  (6) Number of nodes in the tree            =            3847
 -- (32) Type of analysis effectively used      =               1
 --  (7) Ordering option effectively used       =               3
 ICNTL (6) Maximum transversal option           =               0
 ICNTL (7) Pivot order option                   =               3
 ICNTL(12) Ordering symmetric indef. matrices   =               1
 ICNTL(13) Parallelism/splitting of root node   =               0
 ICNTL(14) Percentage of memory relaxation      =              25
 ICNTL(15) Analysis by block effectively used   =               0
 ICNTL(18) Distributed input matrix (on if >0)  =               3
 ICNTL(32) Forward elimination during facto.    =               0
 ICNTL(35) BLR activation                       =               0
 ICNTL(48) Tree based multithreading (effective)=               0
 ICNTL(58) Symbolic factorization option        =               2
 Number of level 2 nodes                        =               0
 Number of split nodes                          =               0
 RINFOG(1) Operations during elimination (estim)= 3.452D+09
 Distributed matrix entry format (ICNTL(18))    =               3

 MEMORY ESTIMATIONS ... 
 Estimations with standard Full-Rank (FR) factorization:
    Maximum estim. space in Mbytes, IC facto.    (INFOG(16)):              80
    Total space in MBytes, IC factorization      (INFOG(17)):             627
    Maximum estim. space in Mbytes, OOC facto.   (INFOG(26)):              57
    Total space in MBytes,  OOC factorization    (INFOG(27)):             448

 Elapsed time in analysis driver=       1.9332

Entering DMUMPS 5.8.1 from C interface with JOB, N =   2       96307
      executing #MPI =      8, without OMP

Advanced settings:
   KEEP(370) Static mapping              =         1
   KEEP(371) Advanced optimizations      =         0



****** FACTORIZATION STEP ********

 GLOBAL STATISTICS PRIOR NUMERICAL FACTORIZATION ...
 Number of working processes                =               8
 ICNTL(22) Out-of-core option               =               0
 ICNTL(35) BLR activation (eff. choice)     =               0
 ICNTL(37) BLR CB compression (eff. choice) =               0
 ICNTL(49) Compact workarray S (end facto.) =               0
 ICNTL(56) Effective value during facto.    =               0
 ICNTL(14) Memory relaxation                =              25
 INFOG(3) Real space for factors (estimated)=        20626387
 INFOG(4) Integer space for factors (estim.)=          830840
 Maximum frontal size (estimated)           =             509
 Number of nodes in the tree                =            3847
 ICNTL(23) Memory allowed (value on host)   =               0
           Sum over all procs               =               0
 Memory provided by user, sum of LWK_USER   =               0
 Effective threshold for pivoting, CNTL(1)  =      0.1000D-01

 Statistics on the scaling phase
 Elapsed time for scaling                   =      0.0229
 Max difference from 1 after scaling the entries for ONE-NORM (option 7/8)   = 0.68D+00

 Average Effective size of S     (based on INFO(39))=              3598823

 Redistrib: total data local/sent           =          454365         3145567
 Elapsed time to reformat/distribute matrix =      0.0288


 Allocated buffers
 ------------------
 Size of reception buffer in bytes ...... =       910040
 Size of async. emission buffer (bytes).. =      2739220
 Small emission buffer (bytes) .......... =         1280
 ** Memory allocated, max in Mbytes             (INFOG(18)):          80

 ** Memory allocated, total in Mbytes           (INFOG(19)):         627
 ** Memory effectively used, max in  Mbytes     (INFOG(21)):          73
 ** Memory effectively used, total in Mbytes    (INFOG(22)):         578

 Elapsed time for factorization                     =      0.0862

Leaving factorization with ...
 RINFOG (2) Operations in node assembly             = 2.743D+07
 ------ (3) Operations in node elimination          = 3.453D+09
 ICNTL  (8) Scaling effectively used                =               7
 INFOG  (9) Real space for factors                  =        20627533
 INFOG (10) Integer space for factors               =          830898
 INFOG (11) Maximum front size                      =             509
 INFOG (29) Number of entries in factors            =        20627533
 INFOG (12) Number of off diagonal pivots           =            1752
 INFOG (13) Number of delayed pivots                =              29
 RINFOG(19) Smallest pivot WITH perturbed pivots    = 7.846D-03
 RINFOG(20) Smallest pivot WITHOUT perturbed pivots = 7.846D-03
 RINFOG(21) Largest pivot in absolute value         = 1.313D+02
 INFOG (24) Effective value of ICNTL(12)            =               1
 INFOG (14) Number of memory compress               =               0

 Elapsed time in factorization driver               =      0.1392

Entering DMUMPS 5.8.1 from C interface with JOB, N =   3       96307
      executing #MPI =      8, without OMP

Advanced settings:
   KEEP(370) Static mapping              =         1
   KEEP(371) Advanced optimizations      =         0



 ****** SOLVE & CHECK STEP ********

 GLOBAL STATISTICS PRIOR SOLVE PHASE ...........
 Number of right-hand-sides                    =           1
 Blocking factor for multiple rhs              =           1
 ICNTL (9)                                     =           1
  --- (10)                                     =           0
  --- (11)                                     =           0
  --- (20)                                     =          10
  --- (21)                                     =           1
  --- (30)                                     =           0
  --- (35)                                     =           0
  --- (48) (effective)                         =           0
 ** Rank of processor needing largest memory in solve     :         0
 ** Space in MBYTES used by this processor for solve      :        50
 ** Avg. Space in MBYTES per working proc during solve    :        49

 Leaving solve with ...
 Time to build/scatter RHS        =       0.000572
 Time in solution step (fwd/bwd)  =       0.007000
  .. Time in forward (fwd) step   =          0.004014
  .. Time in backward (bwd) step  =          0.002970
 Time to gather solution(cent.sol)=       0.000000
 Time for distributed solution    =       0.000075

 Elapsed time in solve driver=       0.0084

Entering DMUMPS 5.8.1 from C interface with JOB =  -2
      executing #MPI =      8, without OMP
||Ax - b||_2 = 1.061878e-13
