
Entering DMUMPS 5.7.3 from C interface with JOB, N =   1        3200
      executing #MPI =      4, without OMP

 =================================================
 MUMPS compiled with option -Dmetis
 MUMPS compiled with option -Dparmetis
 MUMPS compiled with option -Dpord
 MUMPS compiled with option -Dptscotch
 MUMPS compiled with option -Dscotch
 =================================================
L U Solver for unsymmetric matrices
Type of parallelism: Working host

 ****** ANALYSIS STEP ********

 ** Maximum transversal (ICNTL(6)) not allowed because matrix is distributed
 Parallel analysis, processing a graph of size:      3200
 Using ParMETIS for parallel ordering
 ELAPSED time in parallel ordering       =      0.0417
 WARNING: Largest root node of size        33 not selected for parallel execution

Leaving analysis phase with  ...
 INFOG(1)                                       =               0
 INFOG(2)                                       =               0
 -- (20) Number of entries in factors (estim.)  =          211958
 --  (3) Real space for factors    (estimated)  =          211958
 --  (4) Integer space for factors (estimated)  =           19958
 --  (5) Maximum frontal size      (estimated)  =              49
 --  (6) Number of nodes in the tree            =             199
 -- (32) Type of analysis effectively used      =               2
 --  (7) Ordering option effectively used       =               2
 ICNTL (6) Maximum transversal option           =               0
 ICNTL (7) Pivot order option                   =               5
 ICNTL(12) Ordering symmetric indef. matrices   =               1
 ICNTL(13) Parallelism/splitting of root node   =               0
 ICNTL(14) Percentage of memory relaxation      =              20
 ICNTL(15) Analysis by block effectively used   =               0
 ICNTL(18) Distributed input matrix (on if >0)  =               3
 ICNTL(32) Forward elimination during facto.    =               0
 ICNTL(35) BLR activation                       =               0
 ICNTL(48) Tree based multithreading (effective)=               0
 ICNTL(58) Symbolic factorization option        =               2
 Number of level 2 nodes                        =               0
 Number of split nodes                          =               0
 RINFOG(1) Operations during elimination (estim)= 7.303D+06
 Distributed matrix entry format (ICNTL(18))    =               3

 MEMORY ESTIMATIONS ... 
 Estimations with standard Full-Rank (FR) factorization:
    Maximum estim. space in Mbytes, IC facto.    (INFOG(16)):              10
    Total space in MBytes, IC factorization      (INFOG(17)):              40
    Maximum estim. space in Mbytes, OOC facto.   (INFOG(26)):              10
    Total space in MBytes,  OOC factorization    (INFOG(27)):              40

 Elapsed time in analysis driver=       0.0484

Entering DMUMPS 5.7.3 from C interface with JOB, N =   2        3200
      executing #MPI =      4, without OMP



****** FACTORIZATION STEP ********

 GLOBAL STATISTICS PRIOR NUMERICAL FACTORIZATION ...
 Number of working processes                =               4
 ICNTL(22) Out-of-core option               =               0
 ICNTL(35) BLR activation (eff. choice)     =               0
 ICNTL(37) BLR CB compression (eff. choice) =               0
 ICNTL(49) Compact workarray S (end facto.) =               0
 ICNTL(14) Memory relaxation                =              20
 INFOG(3) Real space for factors (estimated)=          211958
 INFOG(4) Integer space for factors (estim.)=           19958
 Maximum frontal size (estimated)           =              49
 Number of nodes in the tree                =             199
 ICNTL(23) Memory allowed (value on host)   =               0
           Sum over all procs               =               0
 Memory provided by user, sum of LWK_USER   =               0
 Effective threshold for pivoting, CNTL(1)  =      0.1000D-01

 Statistics on the scaling phase
 Elapsed time for scaling                   =      0.0009
 Max difference from 1 after scaling the entries for ONE-NORM (option 7/8)   = 0.85D+00

 Average Effective size of S     (based on INFO(39))=                65999

 Redistrib: total data local/sent           =           24066           43960
 Elapsed time to reformat/distribute matrix =      0.0014

 ** Memory allocated, max in Mbytes             (INFOG(18)):          10

 ** Memory allocated, total in Mbytes           (INFOG(19)):          40
 ** Memory effectively used, max in  Mbytes     (INFOG(21)):          10
 ** Memory effectively used, total in Mbytes    (INFOG(22)):          40

 Elapsed time for (failed) factorization            =      0.0025

Leaving factorization with ...
 RINFOG (2) Operations in node assembly             = 1.806D+05
 ------ (3) Operations in node elimination          = 1.000D+07
 ICNTL  (8) Scaling effectively used                =               7
 INFOG  (9) Real space for factors                  =          213724
 INFOG (10) Integer space for factors               =           19476
 INFOG (11) Maximum front size                      =             104
 INFOG (29) Number of entries in factors            =          213724
 INFOG (12) Number of off diagonal pivots           =            1810
 INFOG (13) Number of delayed pivots                =            1461
 RINFOG(19) Smallest pivot WITH perturbed pivots    = 1.160D-16
 RINFOG(20) Smallest pivot WITHOUT perturbed pivots = 1.160D-16
 RINFOG(21) Largest pivot in absolute value         = 1.343D+03
 INFOG (24) Effective value of ICNTL(12)            =               1
 INFOG (14) Number of memory compress               =               4
 Extra copies due to In-Place stacking              =             371

 Elapsed time in factorization driver               =      0.0053
 ** ERROR RETURN ** FROM DMUMPS INFO(1)=   -1
 ** INFO(2)=               1
 ** ERROR RETURN ** FROM DMUMPS INFO(1)=   -9
 ** INFO(2)=            1139
 ** ERROR RETURN ** FROM DMUMPS INFO(1)=   -1
 ** INFO(2)=               1
 ** ERROR RETURN ** FROM DMUMPS INFO(1)=   -1
 ** INFO(2)=               1
 On return from DMUMPS, INFOG(1)=              -9
 On return from DMUMPS, INFOG(2)=            1139

Entering DMUMPS 5.7.3 from C interface with JOB =  -2
      executing #MPI =      4, without OMP
****************************************************************************************************************************************************************
***                                WIDEN YOUR WINDOW TO 160 CHARACTERS.  Use 'enscript -r -fCourier9' to print this document                                 ***
****************************************************************************************************************************************************************

------------------------------------------------------------------ PETSc Performance Summary: ------------------------------------------------------------------

../scripts/experiment on a arch-linux-c-opt named HP-Pavilion-Gaming-Laptop-15-ec0xxx with 4 processes, by alexandr on Mon Sep 29 23:57:32 2025
Using PETSc Release Version 3.23.6, unknown

                         Max       Max/Min     Avg       Total
Time (sec):           6.910e-02     1.000   6.909e-02
Objects:              0.000e+00     0.000   0.000e+00
Flops:                9.165e+04     1.377   7.836e+04  3.135e+05
Flops/sec:            1.327e+06     1.378   1.134e+06  4.537e+06
MPI Msg Count:        1.200e+01     2.000   9.000e+00  3.600e+01
MPI Msg Len (bytes):  3.121e+05     3.007   1.736e+04  6.248e+05
MPI Reductions:       4.200e+01     1.000

Flop counting convention: 1 flop = 1 real number operation of type (multiply/divide/add/subtract)
                            e.g., VecAXPY() for real vectors of length N --> 2N flops
                            and VecAXPY() for complex vectors of length N --> 8N flops

Summary of Stages:   ----- Time ------  ----- Flop ------  --- Messages ---  -- Message Lengths --  -- Reductions --
                        Avg     %Total     Avg     %Total    Count   %Total     Avg         %Total    Count   %Total
 0:      Main Stage: 9.8279e-03  14.2%  1.3285e+05  42.4%  3.600e+01 100.0%  1.736e+04      100.0%  2.500e+01  59.5%
 2:   Factorization: 5.9170e-02  85.6%  1.8060e+05  57.6%  0.000e+00   0.0%  0.000e+00        0.0%  0.000e+00   0.0%
 3:           Solve: 7.6895e-05   0.1%  0.0000e+00   0.0%  0.000e+00   0.0%  0.000e+00        0.0%  0.000e+00   0.0%

------------------------------------------------------------------------------------------------------------------------
See the 'Profiling' chapter of the users' manual for details on interpreting output.
Phase summary info:
   Count: number of times phase was executed
   Time and Flop: Max - maximum over all processors
                  Ratio - ratio of maximum to minimum over all processors
   Mess: number of messages sent
   AvgLen: average message length (bytes)
   Reduct: number of global reductions
   Global: entire computation
   Stage: stages of a computation. Set stages with PetscLogStagePush() and PetscLogStagePop().
      %T - percent time in this phase         %F - percent flop in this phase
      %M - percent messages in this phase     %L - percent message lengths in this phase
      %R - percent reductions in this phase
   Total Mflop/s: 1e-6 * (sum of flop over all processors)/(max time over all processors)
------------------------------------------------------------------------------------------------------------------------
Event                Count      Time (sec)     Flop                              --- Global ---  --- Stage ----  Total
                   Max Ratio  Max     Ratio   Max  Ratio  Mess   AvgLen  Reduct  %T %F %M %L %R  %T %F %M %L %R Mflop/s
------------------------------------------------------------------------------------------------------------------------

--- Event Stage 0: Main Stage

BuildTwoSided          2 1.0 2.7853e-04 3.5 0.00e+00 0.0 6.0e+00 4.0e+00 0.0e+00  0  0 17  0  0   2  0 17  0  0     0
BuildTwoSidedF         1 1.0 5.0845e-05 1.8 0.00e+00 0.0 0.0e+00 0.0e+00 0.0e+00  0  0  0  0  0   0  0  0  0  0     0
MatMult                1 1.0 1.5316e-04 1.7 3.34e+04 1.0 6.0e+00 1.1e+02 0.0e+00  0 42 17  0  0   1 100 17  0  0   867
MatAssemblyBegin       1 1.0 4.8190e-06 2.1 0.00e+00 0.0 0.0e+00 0.0e+00 0.0e+00  0  0  0  0  0   0  0  0  0  0     0
MatAssemblyEnd         1 1.0 2.0457e-03 2.0 0.00e+00 0.0 1.2e+01 2.9e+01 1.0e+00  2  0 33  0  2  16  0 33  0  4     0
MatLoad                1 1.0 5.6579e-03 1.1 0.00e+00 0.0 3.0e+01 2.1e+04 1.7e+01  8  0 83 100 40  56  0 83 100 68     0
VecSet                 1 1.0 9.3590e-06 2.2 0.00e+00 0.0 0.0e+00 0.0e+00 0.0e+00  0  0  0  0  0   0  0  0  0  0     0
VecAssemblyBegin       1 1.0 6.3137e-05 1.4 0.00e+00 0.0 0.0e+00 0.0e+00 0.0e+00  0  0  0  0  0   1  0  0  0  0     0
VecAssemblyEnd         1 1.0 7.1240e-06 2.1 0.00e+00 0.0 0.0e+00 0.0e+00 0.0e+00  0  0  0  0  0   0  0  0  0  0     0
VecScatterBegin        1 1.0 5.0565e-05 1.5 0.00e+00 0.0 6.0e+00 1.1e+02 0.0e+00  0  0 17  0  0   0  0 17  0  0     0
VecScatterEnd          1 1.0 2.0883e-05 1.8 0.00e+00 0.0 0.0e+00 0.0e+00 0.0e+00  0  0  0  0  0   0  0  0  0  0     0
SFSetGraph             1 1.0 9.5680e-06 2.5 0.00e+00 0.0 0.0e+00 0.0e+00 0.0e+00  0  0  0  0  0   0  0  0  0  0     0
SFSetUp                1 1.0 3.0758e-04 2.2 0.00e+00 0.0 1.2e+01 2.9e+01 0.0e+00  0  0 33  0  0   2  0 33  0  0     0
SFPack                 1 1.0 3.2820e-06 1.8 0.00e+00 0.0 0.0e+00 0.0e+00 0.0e+00  0  0  0  0  0   0  0  0  0  0     0
SFUnpack               1 1.0 2.4450e-06 1.7 0.00e+00 0.0 0.0e+00 0.0e+00 0.0e+00  0  0  0  0  0   0  0  0  0  0     0

--- Event Stage 2: Factorization

MatLUFactorSym         1 1.0 5.3439e-02 1.0 0.00e+00 0.0 0.0e+00 0.0e+00 0.0e+00 77  0  0  0  0  90  0  0  0  0     0
MatLUFactorNum         1 1.0 5.5965e-03 1.0 5.88e+04 1.8 0.0e+00 0.0e+00 0.0e+00  8 58  0  0  0   9 100  0  0  0    32
KSPSetUp               1 1.0 4.8190e-06 3.3 0.00e+00 0.0 0.0e+00 0.0e+00 0.0e+00  0  0  0  0  0   0  0  0  0  0     0
PCSetUp                1 1.0 5.9070e-02 1.0 5.88e+04 1.8 0.0e+00 0.0e+00 0.0e+00 85 58  0  0  0 100 100  0  0  0     3

--- Event Stage 3: Solve

MatSolve               1 1.0 7.4740e-06 1.6 0.00e+00 0.0 0.0e+00 0.0e+00 0.0e+00  0  0  0  0  0   7  0  0  0  0     0
KSPSolve               1 1.0 5.5873e-05 1.0 0.00e+00 0.0 0.0e+00 0.0e+00 0.0e+00  0  0  0  0  0  71  0  0  0  0     0
PCApply                1 1.0 1.1244e-05 1.4 0.00e+00 0.0 0.0e+00 0.0e+00 0.0e+00  0  0  0  0  0  12  0  0  0  0     0
------------------------------------------------------------------------------------------------------------------------

Object Type          Creations   Destructions. Reports information only for process 0.

--- Event Stage 0: Main Stage

              Viewer     1              1
              Matrix     4              4
              Vector     5              6
           Index Set     2              2
   Star Forest Graph     1              1
       Krylov Solver     1              1
      Preconditioner     1              1

--- Event Stage 1: Reorder


--- Event Stage 2: Factorization

              Vector     1              0

--- Event Stage 3: Solve

========================================================================================================================
Average time to get PetscTime(): 1.4666e-06
Average time for MPI_Barrier(): 1.8018e-06
Average time for zero size MPI_Send(): 1.92075e-06
#PETSc Option Table entries:
-log_view # (source: command line)
-mat_file ../matrices/bin/05_u_mhd3200a.bin # (source: command line)
-mat_mumps_icntl_2 3 # (source: command line)
-mat_mumps_icntl_28 2 # (source: command line)
-mat_mumps_icntl_29 2 # (source: command line)
-mat_mumps_icntl_4 2 # (source: command line)
-mat_mumps_icntl_7 5 # (source: command line)
-mat_solver_type mumps # (source: command line)
-matload_block_size 1 # (source: file)
-pc_type lu # (source: command line)
#End of PETSc Option Table entries
Compiled without FORTRAN kernels
Compiled with full precision matrices (default)
sizeof(short) 2 sizeof(int) 4 sizeof(long) 8 sizeof(void*) 8 sizeof(PetscScalar) 8 sizeof(PetscInt) 4
Configure options: --with-cc=gcc --with-cxx=g++ --with-fc=gfortran --with-debugging=0 --with-shared-libraries=1 --with-64-bit-indices=0 --download-mpich --download-netlib-lapack --with-netlib-lapack-c-bindings --download-scalapack --download-suitesparse --download-metis --download-parmetis --download-ptscotch --download-superlu --download-superlu_dist --download-mumps --download-pastix --download-hypre --download-hdf5 --download-zlib --download-hwloc --download-bison
-----------------------------------------
Libraries compiled on 2025-09-21 15:24:35 on HP-Pavilion-Gaming-Laptop-15-ec0xxx
Machine characteristics: Linux-6.8.0-83-generic-x86_64-with-glibc2.39
Using PETSc directory: /home/alexandr/Plocha/bsc_thesis/numerical_experiments/petsc
Using PETSc arch: arch-linux-c-opt
-----------------------------------------

Using C compiler: /home/alexandr/Plocha/bsc_thesis/numerical_experiments/petsc/arch-linux-c-opt/bin/mpicc  -Wall -Wwrite-strings -Wno-unknown-pragmas -Wno-lto-type-mismatch -Wno-stringop-overflow -fstack-protector -fvisibility=hidden -g -O 
Using Fortran compiler: /home/alexandr/Plocha/bsc_thesis/numerical_experiments/petsc/arch-linux-c-opt/bin/mpif90  -Wall -ffree-line-length-none -ffree-line-length-0 -Wno-lto-type-mismatch -Wno-unused-dummy-argument -g -O  
-----------------------------------------

Using include paths: -I/home/alexandr/Plocha/bsc_thesis/numerical_experiments/petsc/include -I/home/alexandr/Plocha/bsc_thesis/numerical_experiments/petsc/arch-linux-c-opt/include -I/home/alexandr/Plocha/bsc_thesis/numerical_experiments/petsc/arch-linux-c-opt/include/suitesparse
-----------------------------------------

Using C linker: /home/alexandr/Plocha/bsc_thesis/numerical_experiments/petsc/arch-linux-c-opt/bin/mpicc
Using Fortran linker: /home/alexandr/Plocha/bsc_thesis/numerical_experiments/petsc/arch-linux-c-opt/bin/mpif90
Using libraries: -Wl,-rpath,/home/alexandr/Plocha/bsc_thesis/numerical_experiments/petsc/arch-linux-c-opt/lib -L/home/alexandr/Plocha/bsc_thesis/numerical_experiments/petsc/arch-linux-c-opt/lib -lpetsc -Wl,-rpath,/home/alexandr/Plocha/bsc_thesis/numerical_experiments/petsc/arch-linux-c-opt/lib -L/home/alexandr/Plocha/bsc_thesis/numerical_experiments/petsc/arch-linux-c-opt/lib -Wl,-rpath,/usr/lib/gcc/x86_64-linux-gnu/13 -L/usr/lib/gcc/x86_64-linux-gnu/13 -lHYPRE -lspqr -lumfpack -lklu -lcholmod -lamd -lsuperlu_dist -ldmumps -lmumps_common -lpord -lpthread -lscalapack -lpastix -lsuperlu -llapacke -llapack -lcblas -lblas -lptesmumps -lptscotchparmetisv3 -lptscotch -lptscotcherr -lesmumps -lscotch -lscotcherr -llapacke -lcblas -llapack -lblas -lparmetis -lmetis -lhdf5_hl -lhdf5 -lm -lz -lhwloc -lX11 -lmpifort -lmpi -lgfortran -lm -lgfortran -lm -lgcc_s -lquadmath -lstdc++
-----------------------------------------

