
Entering DMUMPS 5.7.3 from C interface with JOB, N =   1       10581
      executing #MPI =      4, without OMP

 =================================================
 MUMPS compiled with option -Dmetis
 MUMPS compiled with option -Dparmetis
 MUMPS compiled with option -Dpord
 MUMPS compiled with option -Dptscotch
 MUMPS compiled with option -Dscotch
 =================================================
L U Solver for unsymmetric matrices
Type of parallelism: Working host

 ****** ANALYSIS STEP ********

 ** Maximum transversal (ICNTL(6)) not allowed because matrix is distributed
 Processing a graph of size:     10581 with        760320 edges
 Ordering based on METIS
 ELAPSED TIME SPENT IN METIS reordering  =      0.0245
 SYMBOLIC based on column counts 
 ELAPSED TIME IN symbolic factorization  =      0.0040

Leaving analysis phase with  ...
 INFOG(1)                                       =               0
 INFOG(2)                                       =               0
 -- (20) Number of entries in factors (estim.)  =         1696029
 --  (3) Real space for factors    (estimated)  =         1696029
 --  (4) Integer space for factors (estimated)  =          214260
 --  (5) Maximum frontal size      (estimated)  =             471
 --  (6) Number of nodes in the tree            =            2548
 -- (32) Type of analysis effectively used      =               1
 --  (7) Ordering option effectively used       =               5
 ICNTL (6) Maximum transversal option           =               0
 ICNTL (7) Pivot order option                   =               7
 ICNTL(12) Ordering symmetric indef. matrices   =               1
 ICNTL(13) Parallelism/splitting of root node   =               1
 ICNTL(14) Percentage of memory relaxation      =             120
 ICNTL(15) Analysis by block effectively used   =               0
 ICNTL(18) Distributed input matrix (on if >0)  =               3
 ICNTL(32) Forward elimination during facto.    =               0
 ICNTL(35) BLR activation                       =               0
 ICNTL(48) Tree based multithreading (effective)=               0
 ICNTL(58) Symbolic factorization option        =               2
 Number of level 2 nodes                        =               0
 Number of split nodes                          =               0
 RINFOG(1) Operations during elimination (estim)= 3.210D+08
 Distributed matrix entry format (ICNTL(18))    =               3

 MEMORY ESTIMATIONS ... 
 Estimations with standard Full-Rank (FR) factorization:
    Maximum estim. space in Mbytes, IC facto.    (INFOG(16)):              36
    Total space in MBytes, IC factorization      (INFOG(17)):             141
    Maximum estim. space in Mbytes, OOC facto.   (INFOG(26)):              38
    Total space in MBytes,  OOC factorization    (INFOG(27)):             140

 Elapsed time in analysis driver=       0.0858

Entering DMUMPS 5.7.3 from C interface with JOB, N =   2       10581
      executing #MPI =      4, without OMP



****** FACTORIZATION STEP ********

 GLOBAL STATISTICS PRIOR NUMERICAL FACTORIZATION ...
 Number of working processes                =               4
 ICNTL(22) Out-of-core option               =               0
 ICNTL(35) BLR activation (eff. choice)     =               0
 ICNTL(37) BLR CB compression (eff. choice) =               0
 ICNTL(49) Compact workarray S (end facto.) =               0
 ICNTL(14) Memory relaxation                =             120
 INFOG(3) Real space for factors (estimated)=         1696029
 INFOG(4) Integer space for factors (estim.)=          214260
 Maximum frontal size (estimated)           =             471
 Number of nodes in the tree                =            2548
 ICNTL(23) Memory allowed (value on host)   =               0
           Sum over all procs               =               0
 Memory provided by user, sum of LWK_USER   =               0
 Effective threshold for pivoting, CNTL(1)  =      0.1000D-01

 Statistics on the scaling phase
 Elapsed time for scaling                   =      0.0143
 Max difference from 1 after scaling the entries for ONE-NORM (option 7/8)   = 0.81D+00

 Average Effective size of S     (based on INFO(39))=              1308280

 Redistrib: total data local/sent           =          148964          621937
 Elapsed time to reformat/distribute matrix =      0.0255

 ** Memory allocated, max in Mbytes             (INFOG(18)):          36

 ** Memory allocated, total in Mbytes           (INFOG(19)):         141
 ** Memory effectively used, max in  Mbytes     (INFOG(21)):          32
 ** Memory effectively used, total in Mbytes    (INFOG(22)):         123

 Elapsed time for factorization                     =      0.1158

Leaving factorization with ...
 RINFOG (2) Operations in node assembly             = 2.500D+06
 ------ (3) Operations in node elimination          = 3.210D+08
 ICNTL  (8) Scaling effectively used                =               7
 INFOG  (9) Real space for factors                  =         1696029
 INFOG (10) Integer space for factors               =          214260
 INFOG (11) Maximum front size                      =             471
 INFOG (29) Number of entries in factors            =         1696029
 INFOG (12) Number of off diagonal pivots           =               0
 INFOG (13) Number of delayed pivots                =               0
 RINFOG(19) Smallest pivot WITH perturbed pivots    = 6.033D-03
 RINFOG(20) Smallest pivot WITHOUT perturbed pivots = 6.033D-03
 RINFOG(21) Largest pivot in absolute value         = 9.870D-01
 INFOG (24) Effective value of ICNTL(12)            =               1
 INFOG (14) Number of memory compress               =               0

 Elapsed time in factorization driver               =      0.1563

Entering DMUMPS 5.7.3 from C interface with JOB, N =   3       10581
      executing #MPI =      4, without OMP



 ****** SOLVE & CHECK STEP ********

 GLOBAL STATISTICS PRIOR SOLVE PHASE ...........
 Number of right-hand-sides                    =           1
 Blocking factor for multiple rhs              =           1
 ICNTL (9)                                     =           1
  --- (10)                                     =           0
  --- (11)                                     =           0
  --- (20)                                     =          10
  --- (21)                                     =           1
  --- (30)                                     =           0
  --- (35)                                     =           0
  --- (48) (effective)                         =           0
 ** Rank of processor needing largest memory in solve     :         1
 ** Space in MBYTES used by this processor for solve      :        22
 ** Avg. Space in MBYTES per working proc during solve    :        20

 Leaving solve with ...
 Time to build/scatter RHS        =       0.000181
 Time in solution step (fwd/bwd)  =       0.004629
  .. Time in forward (fwd) step   =          0.002771
  .. Time in backward (bwd) step  =          0.001847
 Time to gather solution(cent.sol)=       0.000000
 Time for distributed solution    =       0.000046

 Elapsed time in solve driver=       0.0053

Entering DMUMPS 5.7.3 from C interface with JOB =  -2
      executing #MPI =      4, without OMP
****************************************************************************************************************************************************************
***                                WIDEN YOUR WINDOW TO 160 CHARACTERS.  Use 'enscript -r -fCourier9' to print this document                                 ***
****************************************************************************************************************************************************************

------------------------------------------------------------------ PETSc Performance Summary: ------------------------------------------------------------------

../scripts/experiment on a arch-linux-c-opt named HP-Pavilion-Gaming-Laptop-15-ec0xxx with 4 processes, by alexandr on Sun Sep 28 22:05:25 2025
Using PETSc Release Version 3.23.6, unknown

                         Max       Max/Min     Avg       Total
Time (sec):           3.443e-01     1.000   3.443e-01
Objects:              0.000e+00     0.000   0.000e+00
Flops:                2.546e+06     1.864   1.851e+06  7.402e+06
Flops/sec:            7.396e+06     1.864   5.375e+06  2.150e+07
MPI Msg Count:        5.400e+01     1.459   4.475e+01  1.790e+02
MPI Msg Len (bytes):  2.058e+06     2.955   2.350e+04  4.206e+06
MPI Reductions:       4.800e+01     1.000

Flop counting convention: 1 flop = 1 real number operation of type (multiply/divide/add/subtract)
                            e.g., VecAXPY() for real vectors of length N --> 2N flops
                            and VecAXPY() for complex vectors of length N --> 8N flops

Summary of Stages:   ----- Time ------  ----- Flop ------  --- Messages ---  -- Message Lengths --  -- Reductions --
                        Avg     %Total     Avg     %Total    Count   %Total     Avg         %Total    Count   %Total
 0:      Main Stage: 5.3211e-02  15.5%  1.5312e+06  20.7%  4.800e+01  26.8%  8.150e+04       93.0%  2.500e+01  52.1%
 1:         Reorder: 3.1948e-02   9.3%  0.0000e+00   0.0%  5.000e+01  27.9%  2.091e+03        2.5%  5.000e+00  10.4%
 2:   Factorization: 2.5288e-01  73.4%  2.5001e+06  33.8%  0.000e+00   0.0%  0.000e+00        0.0%  0.000e+00   0.0%
 3:           Solve: 6.2422e-03   1.8%  3.3709e+06  45.5%  8.100e+01  45.3%  2.345e+03        4.5%  1.000e+00   2.1%

------------------------------------------------------------------------------------------------------------------------
See the 'Profiling' chapter of the users' manual for details on interpreting output.
Phase summary info:
   Count: number of times phase was executed
   Time and Flop: Max - maximum over all processors
                  Ratio - ratio of maximum to minimum over all processors
   Mess: number of messages sent
   AvgLen: average message length (bytes)
   Reduct: number of global reductions
   Global: entire computation
   Stage: stages of a computation. Set stages with PetscLogStagePush() and PetscLogStagePop().
      %T - percent time in this phase         %F - percent flop in this phase
      %M - percent messages in this phase     %L - percent message lengths in this phase
      %R - percent reductions in this phase
   Total Mflop/s: 1e-6 * (sum of flop over all processors)/(max time over all processors)
------------------------------------------------------------------------------------------------------------------------
Event                Count      Time (sec)     Flop                              --- Global ---  --- Stage ----  Total
                   Max Ratio  Max     Ratio   Max  Ratio  Mess   AvgLen  Reduct  %T %F %M %L %R  %T %F %M %L %R Mflop/s
------------------------------------------------------------------------------------------------------------------------

--- Event Stage 0: Main Stage

BuildTwoSided          2 1.0 6.5238e-04 9.3 0.00e+00 0.0 1.0e+01 4.0e+00 0.0e+00  0  0  6  0  0   1  0 21  0  0     0
BuildTwoSidedF         1 1.0 2.5858e-05 1.9 0.00e+00 0.0 0.0e+00 0.0e+00 0.0e+00  0  0  0  0  0   0  0  0  0  0     0
MatMult                1 1.0 3.9645e-03 1.2 9.10e+05 4.6 1.0e+01 7.0e+03 0.0e+00  1 21  6  2  0   7 100 21  2  0   386
MatAssemblyBegin       1 1.0 9.7280e-06 16.5 0.00e+00 0.0 0.0e+00 0.0e+00 0.0e+00  0  0  0  0  0   0  0  0  0  0     0
MatAssemblyEnd         1 1.0 1.9591e-02 2.2 0.00e+00 0.0 2.0e+01 1.7e+03 1.0e+00  5  0 11  1  2  31  0 42  1  4     0
MatLoad                1 1.0 4.4589e-02 1.0 0.00e+00 0.0 3.8e+01 1.0e+05 1.7e+01 13  0 21 91 35  83  0 79 98 68     0
VecSet                 1 1.0 5.9110e-06 1.7 0.00e+00 0.0 0.0e+00 0.0e+00 0.0e+00  0  0  0  0  0   0  0  0  0  0     0
VecAssemblyBegin       1 1.0 3.7480e-05 1.8 0.00e+00 0.0 0.0e+00 0.0e+00 0.0e+00  0  0  0  0  0   0  0  0  0  0     0
VecAssemblyEnd         1 1.0 2.5950e-06 1.4 0.00e+00 0.0 0.0e+00 0.0e+00 0.0e+00  0  0  0  0  0   0  0  0  0  0     0
VecScatterBegin        1 1.0 3.1606e-03 39.6 0.00e+00 0.0 1.0e+01 7.0e+03 0.0e+00  0  0  6  2  0   3  0 21  2  0     0
VecScatterEnd          1 1.0 3.0571e-03 71.4 0.00e+00 0.0 0.0e+00 0.0e+00 0.0e+00  0  0  0  0  0   3  0  0  0  0     0
SFSetGraph             1 1.0 1.4452e-04 24.1 0.00e+00 0.0 0.0e+00 0.0e+00 0.0e+00  0  0  0  0  0   0  0  0  0  0     0
SFSetUp                1 1.0 6.9400e-04 2.4 0.00e+00 0.0 2.0e+01 1.7e+03 0.0e+00  0  0 11  1  0   1  0 42  1  0     0
SFPack                 1 1.0 1.8695e-05 10.7 0.00e+00 0.0 0.0e+00 0.0e+00 0.0e+00  0  0  0  0  0   0  0  0  0  0     0
SFUnpack               1 1.0 1.1920e-06 2.4 0.00e+00 0.0 0.0e+00 0.0e+00 0.0e+00  0  0  0  0  0   0  0  0  0  0     0

--- Event Stage 1: Reorder

BuildTwoSided          5 1.0 1.0721e-02 92.8 0.00e+00 0.0 2.0e+01 4.0e+00 0.0e+00  2  0 11  0  0  24  0 40  0  0     0
BuildTwoSidedF         1 1.0 9.9978e-03 201.7 0.00e+00 0.0 0.0e+00 0.0e+00 0.0e+00  2  0  0  0  0  22  0  0  0  0     0
MatAssemblyBegin       1 1.0 1.0035e-02 126.9 0.00e+00 0.0 0.0e+00 0.0e+00 0.0e+00  2  0  0  0  0  23  0  0  0  0     0
MatAssemblyEnd         1 1.0 8.6540e-03 1.0 0.00e+00 0.0 2.0e+01 1.7e+03 1.0e+00  3  0 11  1  2  27  0 40 33 20     0
MatSetValues        5290 1.8 1.3118e-02 3.5 0.00e+00 0.0 0.0e+00 0.0e+00 0.0e+00  2  0  0  0  0  20  0  0  0  0     0
MatGetRowIJ            3 1.0 2.3740e-06 1.6 0.00e+00 0.0 0.0e+00 0.0e+00 0.0e+00  0  0  0  0  0   0  0  0  0  0     0
MatGetOrdering         1 1.0 1.2556e-04 1.3 0.00e+00 0.0 0.0e+00 0.0e+00 0.0e+00  0  0  0  0  0   0  0  0  0  0     0
VecCopy                1 1.0 5.9910e-06 1.2 0.00e+00 0.0 0.0e+00 0.0e+00 0.0e+00  0  0  0  0  0   0  0  0  0  0     0
SFSetGraph             4 1.0 1.4556e-04 29.7 0.00e+00 0.0 0.0e+00 0.0e+00 0.0e+00  0  0  0  0  0   0  0  0  0  0     0
SFSetUp                4 1.0 9.3265e-04 1.5 0.00e+00 0.0 4.0e+01 1.7e+03 0.0e+00  0  0 22  2  0   3  0 80 67  0     0
SFBcastBegin           3 1.0 3.1408e-03 187.7 0.00e+00 0.0 1.0e+01 3.5e+03 0.0e+00  0  0  6  1  0   5  0 20 33  0     0
SFBcastEnd             3 1.0 3.1380e-03 442.4 0.00e+00 0.0 0.0e+00 0.0e+00 0.0e+00  0  0  0  0  0   5  0  0  0  0     0
SFReduceBegin          2 1.0 1.0580e-05 1.1 0.00e+00 0.0 0.0e+00 0.0e+00 0.0e+00  0  0  0  0  0   0  0  0  0  0     0
SFReduceEnd            2 1.0 4.1280e-06 2.3 0.00e+00 0.0 0.0e+00 0.0e+00 0.0e+00  0  0  0  0  0   0  0  0  0  0     0
SFPack                 5 1.0 2.0050e-06 1.1 0.00e+00 0.0 0.0e+00 0.0e+00 0.0e+00  0  0  0  0  0   0  0  0  0  0     0
SFUnpack               5 1.0 2.3930e-06 3.4 0.00e+00 0.0 0.0e+00 0.0e+00 0.0e+00  0  0  0  0  0   0  0  0  0  0     0

--- Event Stage 2: Factorization

MatLUFactorSym         1 1.0 9.5330e-02 1.0 0.00e+00 0.0 0.0e+00 0.0e+00 0.0e+00 28  0  0  0  0  38  0  0  0  0     0
MatLUFactorNum         1 1.0 1.5744e-01 1.0 8.16e+05 1.8 0.0e+00 0.0e+00 0.0e+00 46 34  0  0  0  62 100  0  0  0    16
KSPSetUp               1 1.0 1.9930e-06 2.8 0.00e+00 0.0 0.0e+00 0.0e+00 0.0e+00  0  0  0  0  0   0  0  0  0  0     0
PCSetUp                1 1.0 2.5279e-01 1.0 8.16e+05 1.8 0.0e+00 0.0e+00 0.0e+00 73 34  0  0  0 100 100  0  0  0    10

--- Event Stage 3: Solve

BuildTwoSided          1 1.0 6.3630e-05 6.2 0.00e+00 0.0 1.2e+01 4.0e+00 0.0e+00  0  0  7  0  0   1  0 15  0  0     0
MatSolve               1 1.0 6.1849e-03 1.0 9.97e+05 1.4 8.1e+01 2.3e+03 1.0e+00  2 46 45  5  2  99 100 100 100 100   545
VecScatterBegin        1 1.0 2.3474e-05 1.2 0.00e+00 0.0 1.2e+01 5.8e+03 0.0e+00  0  0  7  2  0   0  0 15 37  0     0
VecScatterEnd          1 1.0 1.1732e-05 2.0 0.00e+00 0.0 0.0e+00 0.0e+00 0.0e+00  0  0  0  0  0   0  0  0  0  0     0
SFSetGraph             1 1.0 1.8990e-04 1.5 0.00e+00 0.0 0.0e+00 0.0e+00 0.0e+00  0  0  0  0  0   3  0  0  0  0     0
SFSetUp                1 1.0 1.2756e-04 1.8 0.00e+00 0.0 2.4e+01 1.5e+03 0.0e+00  0  0 13  1  0   2  0 30 18  0     0
SFPack                 1 1.0 8.4160e-06 1.6 0.00e+00 0.0 0.0e+00 0.0e+00 0.0e+00  0  0  0  0  0   0  0  0  0  0     0
SFUnpack               1 1.0 4.6490e-06 2.2 0.00e+00 0.0 0.0e+00 0.0e+00 0.0e+00  0  0  0  0  0   0  0  0  0  0     0
KSPSolve               1 1.0 6.2253e-03 1.0 9.97e+05 1.4 8.1e+01 2.3e+03 1.0e+00  2 46 45  5  2 100 100 100 100 100   541
PCApply                1 1.0 6.1876e-03 1.0 9.97e+05 1.4 8.1e+01 2.3e+03 1.0e+00  2 46 45  5  2  99 100 100 100 100   545
------------------------------------------------------------------------------------------------------------------------

Object Type          Creations   Destructions. Reports information only for process 0.

--- Event Stage 0: Main Stage

              Viewer     1              1
              Matrix     4              7
              Vector     5              8
           Index Set     2              3
   Star Forest Graph     1              3
       Krylov Solver     1              1
      Preconditioner     1              1

--- Event Stage 1: Reorder

              Matrix     3              0
              Vector     3              1
           Index Set     8              7
   Star Forest Graph     4              3

--- Event Stage 2: Factorization

              Vector     1              0

--- Event Stage 3: Solve

              Vector     1              1
           Index Set     2              2
   Star Forest Graph     1              0
========================================================================================================================
Average time to get PetscTime(): 3.3e-08
Average time for MPI_Barrier(): 1.9758e-06
Average time for zero size MPI_Send(): 1.66575e-06
#PETSc Option Table entries:
-log_view # (source: command line)
-mat_file ../matrices/bin/07_s_bundle1.bin # (source: command line)
-mat_mumps_icntl_1 6 # (source: command line)
-mat_mumps_icntl_13 1 # (source: command line)
-mat_mumps_icntl_14 120 # (source: command line)
-mat_mumps_icntl_2 3 # (source: command line)
-mat_mumps_icntl_4 2 # (source: command line)
-mat_mumps_icntl_7 7 # (source: command line)
-mat_ordering_type natural # (source: command line)
-mat_solver_type mumps # (source: command line)
-matload_block_size 1 # (source: file)
-n 4 # (source: command line)
-own_reordering true # (source: command line)
-pc_type lu # (source: command line)
#End of PETSc Option Table entries
Compiled without FORTRAN kernels
Compiled with full precision matrices (default)
sizeof(short) 2 sizeof(int) 4 sizeof(long) 8 sizeof(void*) 8 sizeof(PetscScalar) 8 sizeof(PetscInt) 4
Configure options: --with-cc=gcc --with-cxx=g++ --with-fc=gfortran --with-debugging=0 --with-shared-libraries=1 --with-64-bit-indices=0 --download-mpich --download-netlib-lapack --with-netlib-lapack-c-bindings --download-scalapack --download-suitesparse --download-metis --download-parmetis --download-ptscotch --download-superlu --download-superlu_dist --download-mumps --download-pastix --download-hypre --download-hdf5 --download-zlib --download-hwloc --download-bison
-----------------------------------------
Libraries compiled on 2025-09-21 15:24:35 on HP-Pavilion-Gaming-Laptop-15-ec0xxx
Machine characteristics: Linux-6.8.0-83-generic-x86_64-with-glibc2.39
Using PETSc directory: /home/alexandr/Plocha/bsc_thesis/numerical_experiments/petsc
Using PETSc arch: arch-linux-c-opt
-----------------------------------------

Using C compiler: /home/alexandr/Plocha/bsc_thesis/numerical_experiments/petsc/arch-linux-c-opt/bin/mpicc  -Wall -Wwrite-strings -Wno-unknown-pragmas -Wno-lto-type-mismatch -Wno-stringop-overflow -fstack-protector -fvisibility=hidden -g -O 
Using Fortran compiler: /home/alexandr/Plocha/bsc_thesis/numerical_experiments/petsc/arch-linux-c-opt/bin/mpif90  -Wall -ffree-line-length-none -ffree-line-length-0 -Wno-lto-type-mismatch -Wno-unused-dummy-argument -g -O  
-----------------------------------------

Using include paths: -I/home/alexandr/Plocha/bsc_thesis/numerical_experiments/petsc/include -I/home/alexandr/Plocha/bsc_thesis/numerical_experiments/petsc/arch-linux-c-opt/include -I/home/alexandr/Plocha/bsc_thesis/numerical_experiments/petsc/arch-linux-c-opt/include/suitesparse
-----------------------------------------

Using C linker: /home/alexandr/Plocha/bsc_thesis/numerical_experiments/petsc/arch-linux-c-opt/bin/mpicc
Using Fortran linker: /home/alexandr/Plocha/bsc_thesis/numerical_experiments/petsc/arch-linux-c-opt/bin/mpif90
Using libraries: -Wl,-rpath,/home/alexandr/Plocha/bsc_thesis/numerical_experiments/petsc/arch-linux-c-opt/lib -L/home/alexandr/Plocha/bsc_thesis/numerical_experiments/petsc/arch-linux-c-opt/lib -lpetsc -Wl,-rpath,/home/alexandr/Plocha/bsc_thesis/numerical_experiments/petsc/arch-linux-c-opt/lib -L/home/alexandr/Plocha/bsc_thesis/numerical_experiments/petsc/arch-linux-c-opt/lib -Wl,-rpath,/usr/lib/gcc/x86_64-linux-gnu/13 -L/usr/lib/gcc/x86_64-linux-gnu/13 -lHYPRE -lspqr -lumfpack -lklu -lcholmod -lamd -lsuperlu_dist -ldmumps -lmumps_common -lpord -lpthread -lscalapack -lpastix -lsuperlu -llapacke -llapack -lcblas -lblas -lptesmumps -lptscotchparmetisv3 -lptscotch -lptscotcherr -lesmumps -lscotch -lscotcherr -llapacke -lcblas -llapack -lblas -lparmetis -lmetis -lhdf5_hl -lhdf5 -lm -lz -lhwloc -lX11 -lmpifort -lmpi -lgfortran -lm -lgfortran -lm -lgcc_s -lquadmath -lstdc++
-----------------------------------------

WARNING! There are options you set that were not used!
WARNING! could be spelling mistake, etc!
There is one unused database option. It is:
Option left: name:-n value: 4 source: command line
