
Entering DMUMPS 5.7.3 from C interface with JOB, N =   1       15838
      executing #MPI =      4, without OMP

 =================================================
 MUMPS compiled with option -Dmetis
 MUMPS compiled with option -Dparmetis
 MUMPS compiled with option -Dpord
 MUMPS compiled with option -Dptscotch
 MUMPS compiled with option -Dscotch
 =================================================
L U Solver for unsymmetric matrices
Type of parallelism: Working host

 ****** ANALYSIS STEP ********

 ** Maximum transversal (ICNTL(6)) not allowed because matrix is distributed
 Processing a graph of size:     15838 with         72860 edges
 Ordering based on METIS
 ELAPSED TIME SPENT IN METIS reordering  =      0.0426
 SYMBOLIC based on column counts 
 ELAPSED TIME IN symbolic factorization  =      0.0019

Leaving analysis phase with  ...
 INFOG(1)                                       =               0
 INFOG(2)                                       =               0
 -- (20) Number of entries in factors (estim.)  =          343250
 --  (3) Real space for factors    (estimated)  =          343250
 --  (4) Integer space for factors (estimated)  =           63582
 --  (5) Maximum frontal size      (estimated)  =              42
 --  (6) Number of nodes in the tree            =            1227
 -- (32) Type of analysis effectively used      =               1
 --  (7) Ordering option effectively used       =               5
 ICNTL (6) Maximum transversal option           =               0
 ICNTL (7) Pivot order option                   =               7
 ICNTL(12) Ordering symmetric indef. matrices   =               1
 ICNTL(13) Parallelism/splitting of root node   =               1
 ICNTL(14) Percentage of memory relaxation      =             120
 ICNTL(15) Analysis by block effectively used   =               0
 ICNTL(18) Distributed input matrix (on if >0)  =               3
 ICNTL(32) Forward elimination during facto.    =               0
 ICNTL(35) BLR activation                       =               0
 ICNTL(48) Tree based multithreading (effective)=               0
 ICNTL(58) Symbolic factorization option        =               2
 Number of level 2 nodes                        =               0
 Number of split nodes                          =               0
 RINFOG(1) Operations during elimination (estim)= 4.633D+06
 Distributed matrix entry format (ICNTL(18))    =               3

 MEMORY ESTIMATIONS ... 
 Estimations with standard Full-Rank (FR) factorization:
    Maximum estim. space in Mbytes, IC facto.    (INFOG(16)):              13
    Total space in MBytes, IC factorization      (INFOG(17)):              46
    Maximum estim. space in Mbytes, OOC facto.   (INFOG(26)):              10
    Total space in MBytes,  OOC factorization    (INFOG(27)):              40

 Elapsed time in analysis driver=       0.0569

Entering DMUMPS 5.7.3 from C interface with JOB, N =   2       15838
      executing #MPI =      4, without OMP



****** FACTORIZATION STEP ********

 GLOBAL STATISTICS PRIOR NUMERICAL FACTORIZATION ...
 Number of working processes                =               4
 ICNTL(22) Out-of-core option               =               0
 ICNTL(35) BLR activation (eff. choice)     =               0
 ICNTL(37) BLR CB compression (eff. choice) =               0
 ICNTL(49) Compact workarray S (end facto.) =               0
 ICNTL(14) Memory relaxation                =             120
 INFOG(3) Real space for factors (estimated)=          343250
 INFOG(4) Integer space for factors (estim.)=           63582
 Maximum frontal size (estimated)           =              42
 Number of nodes in the tree                =            1227
 ICNTL(23) Memory allowed (value on host)   =               0
           Sum over all procs               =               0
 Memory provided by user, sum of LWK_USER   =               0
 Effective threshold for pivoting, CNTL(1)  =      0.1000D-01

 Statistics on the scaling phase
 Elapsed time for scaling                   =      0.0038
 Max difference from 1 after scaling the entries for ONE-NORM (option 7/8)   = 0.64D+00

 Average Effective size of S     (based on INFO(39))=               193262

 Redistrib: total data local/sent           =           23431           44131
 Elapsed time to reformat/distribute matrix =      0.0029

 ** Memory allocated, max in Mbytes             (INFOG(18)):          13

 ** Memory allocated, total in Mbytes           (INFOG(19)):          46
 ** Memory effectively used, max in  Mbytes     (INFOG(21)):          11
 ** Memory effectively used, total in Mbytes    (INFOG(22)):          42

 Elapsed time for factorization                     =      0.0053

Leaving factorization with ...
 RINFOG (2) Operations in node assembly             = 1.811D+04
 ------ (3) Operations in node elimination          = 4.633D+06
 ICNTL  (8) Scaling effectively used                =               7
 INFOG  (9) Real space for factors                  =          343280
 INFOG (10) Integer space for factors               =           63584
 INFOG (11) Maximum front size                      =              42
 INFOG (29) Number of entries in factors            =          343280
 INFOG (12) Number of off diagonal pivots           =              31
 INFOG (13) Number of delayed pivots                =               1
 RINFOG(19) Smallest pivot WITH perturbed pivots    = 1.617D-04
 RINFOG(20) Smallest pivot WITHOUT perturbed pivots = 1.617D-04
 RINFOG(21) Largest pivot in absolute value         = 1.670D+02
 INFOG (24) Effective value of ICNTL(12)            =               1
 INFOG (14) Number of memory compress               =               0

 Elapsed time in factorization driver               =      0.0129

Entering DMUMPS 5.7.3 from C interface with JOB, N =   3       15838
      executing #MPI =      4, without OMP



 ****** SOLVE & CHECK STEP ********

 GLOBAL STATISTICS PRIOR SOLVE PHASE ...........
 Number of right-hand-sides                    =           1
 Blocking factor for multiple rhs              =           1
 ICNTL (9)                                     =           1
  --- (10)                                     =           0
  --- (11)                                     =           0
  --- (20)                                     =          10
  --- (21)                                     =           1
  --- (30)                                     =           0
  --- (35)                                     =           0
  --- (48) (effective)                         =           0
 ** Rank of processor needing largest memory in solve     :         2
 ** Space in MBYTES used by this processor for solve      :        12
 ** Avg. Space in MBYTES per working proc during solve    :        11

 Leaving solve with ...
 Time to build/scatter RHS        =       0.000304
 Time in solution step (fwd/bwd)  =       0.001479
  .. Time in forward (fwd) step   =          0.000764
  .. Time in backward (bwd) step  =          0.000702
 Time to gather solution(cent.sol)=       0.000000
 Time for distributed solution    =       0.000024

 Elapsed time in solve driver=       0.0023

Entering DMUMPS 5.7.3 from C interface with JOB =  -2
      executing #MPI =      4, without OMP
****************************************************************************************************************************************************************
***                                WIDEN YOUR WINDOW TO 160 CHARACTERS.  Use 'enscript -r -fCourier9' to print this document                                 ***
****************************************************************************************************************************************************************

------------------------------------------------------------------ PETSc Performance Summary: ------------------------------------------------------------------

../scripts/experiment on a arch-linux-c-opt named HP-Pavilion-Gaming-Laptop-15-ec0xxx with 4 processes, by alexandr on Sun Sep 28 22:05:34 2025
Using PETSc Release Version 3.23.6, unknown

                         Max       Max/Min     Avg       Total
Time (sec):           9.415e-02     1.000   9.415e-02
Objects:              0.000e+00     0.000   0.000e+00
Flops:                3.405e+05     4.559   1.981e+05  7.923e+05
Flops/sec:            3.616e+06     4.559   2.104e+06  8.415e+06
MPI Msg Count:        5.100e+01     1.133   4.800e+01  1.920e+02
MPI Msg Len (bytes):  4.222e+05     2.948   5.759e+03  1.106e+06
MPI Reductions:       4.800e+01     1.000

Flop counting convention: 1 flop = 1 real number operation of type (multiply/divide/add/subtract)
                            e.g., VecAXPY() for real vectors of length N --> 2N flops
                            and VecAXPY() for complex vectors of length N --> 8N flops

Summary of Stages:   ----- Time ------  ----- Flop ------  --- Messages ---  -- Message Lengths --  -- Reductions --
                        Avg     %Total     Avg     %Total    Count   %Total     Avg         %Total    Count   %Total
 0:      Main Stage: 1.1584e-02  12.3%  1.1929e+05  15.1%  5.400e+01  28.1%  1.441e+04       70.4%  2.500e+01  52.1%
 1:         Reorder: 4.4418e-03   4.7%  0.0000e+00   0.0%  6.000e+01  31.2%  1.190e+03        6.5%  5.000e+00  10.4%
 2:   Factorization: 7.4620e-02  79.3%  1.8110e+04   2.3%  0.000e+00   0.0%  0.000e+00        0.0%  0.000e+00   0.0%
 3:           Solve: 3.4991e-03   3.7%  6.5488e+05  82.7%  7.800e+01  40.6%  3.283e+03       23.2%  1.000e+00   2.1%

------------------------------------------------------------------------------------------------------------------------
See the 'Profiling' chapter of the users' manual for details on interpreting output.
Phase summary info:
   Count: number of times phase was executed
   Time and Flop: Max - maximum over all processors
                  Ratio - ratio of maximum to minimum over all processors
   Mess: number of messages sent
   AvgLen: average message length (bytes)
   Reduct: number of global reductions
   Global: entire computation
   Stage: stages of a computation. Set stages with PetscLogStagePush() and PetscLogStagePop().
      %T - percent time in this phase         %F - percent flop in this phase
      %M - percent messages in this phase     %L - percent message lengths in this phase
      %R - percent reductions in this phase
   Total Mflop/s: 1e-6 * (sum of flop over all processors)/(max time over all processors)
------------------------------------------------------------------------------------------------------------------------
Event                Count      Time (sec)     Flop                              --- Global ---  --- Stage ----  Total
                   Max Ratio  Max     Ratio   Max  Ratio  Mess   AvgLen  Reduct  %T %F %M %L %R  %T %F %M %L %R Mflop/s
------------------------------------------------------------------------------------------------------------------------

--- Event Stage 0: Main Stage

BuildTwoSided          2 1.0 5.4937e-04 8.2 0.00e+00 0.0 1.2e+01 4.0e+00 0.0e+00  0  0  6  0  0   3  0 22  0  0     0
BuildTwoSidedF         1 1.0 1.1601e-05 1.0 0.00e+00 0.0 0.0e+00 0.0e+00 0.0e+00  0  0  0  0  0   0  0  0  0  0     0
MatMult                1 1.0 3.5670e-03 1.0 5.42e+04 2.5 1.2e+01 4.0e+03 0.0e+00  4 15  6  4  0  30 100 22  6  0    33
MatAssemblyBegin       1 1.0 6.8830e-06 11.6 0.00e+00 0.0 0.0e+00 0.0e+00 0.0e+00  0  0  0  0  0   0  0  0  0  0     0
MatAssemblyEnd         1 1.0 1.8503e-03 1.4 0.00e+00 0.0 2.4e+01 9.9e+02 1.0e+00  2  0 12  2  2  14  0 44  3  4     0
MatLoad                1 1.0 5.6592e-03 1.0 0.00e+00 0.0 4.2e+01 1.7e+04 1.7e+01  6  0 22 66 35  49  0 78 94 68     0
VecSet                 1 1.0 7.6640e-06 1.2 0.00e+00 0.0 0.0e+00 0.0e+00 0.0e+00  0  0  0  0  0   0  0  0  0  0     0
VecAssemblyBegin       1 1.0 2.3874e-05 1.2 0.00e+00 0.0 0.0e+00 0.0e+00 0.0e+00  0  0  0  0  0   0  0  0  0  0     0
VecAssemblyEnd         1 1.0 3.1660e-06 1.1 0.00e+00 0.0 0.0e+00 0.0e+00 0.0e+00  0  0  0  0  0   0  0  0  0  0     0
VecScatterBegin        1 1.0 3.4663e-03 1.1 0.00e+00 0.0 1.2e+01 4.0e+03 0.0e+00  4  0  6  4  0  29  0 22  6  0     0
VecScatterEnd          1 1.0 2.6673e-04 11.6 0.00e+00 0.0 0.0e+00 0.0e+00 0.0e+00  0  0  0  0  0   1  0  0  0  0     0
SFSetGraph             1 1.0 6.0944e-05 6.1 0.00e+00 0.0 0.0e+00 0.0e+00 0.0e+00  0  0  0  0  0   0  0  0  0  0     0
SFSetUp                1 1.0 6.1034e-04 4.2 0.00e+00 0.0 2.4e+01 9.9e+02 0.0e+00  0  0 12  2  0   4  0 44  3  0     0
SFPack                 1 1.0 2.0419e-05 15.4 0.00e+00 0.0 0.0e+00 0.0e+00 0.0e+00  0  0  0  0  0   0  0  0  0  0     0
SFUnpack               1 1.0 8.4200e-07 4.2 0.00e+00 0.0 0.0e+00 0.0e+00 0.0e+00  0  0  0  0  0   0  0  0  0  0     0

--- Event Stage 1: Reorder

BuildTwoSided          5 1.0 1.3608e-03 19.2 0.00e+00 0.0 2.4e+01 4.0e+00 0.0e+00  1  0 12  0  0  18  0 40  0  0     0
BuildTwoSidedF         1 1.0 1.0520e-03 48.1 0.00e+00 0.0 0.0e+00 0.0e+00 0.0e+00  1  0  0  0  0  14  0  0  0  0     0
MatAssemblyBegin       1 1.0 1.0891e-03 29.6 0.00e+00 0.0 0.0e+00 0.0e+00 0.0e+00  1  0  0  0  0  14  0  0  0  0     0
MatAssemblyEnd         1 1.0 8.8498e-04 1.0 0.00e+00 0.0 2.4e+01 9.9e+02 1.0e+00  1  0 12  2  2  20  0 40 33 20     0
MatSetValues        6487 1.4 1.4788e-03 1.8 0.00e+00 0.0 0.0e+00 0.0e+00 0.0e+00  1  0  0  0  0  26  0  0  0  0     0
MatGetRowIJ            3 1.0 1.8430e-06 1.8 0.00e+00 0.0 0.0e+00 0.0e+00 0.0e+00  0  0  0  0  0   0  0  0  0  0     0
MatGetOrdering         1 1.0 1.3437e-04 3.0 0.00e+00 0.0 0.0e+00 0.0e+00 0.0e+00  0  0  0  0  0   2  0  0  0  0     0
VecCopy                1 1.0 6.4520e-06 1.4 0.00e+00 0.0 0.0e+00 0.0e+00 0.0e+00  0  0  0  0  0   0  0  0  0  0     0
SFSetGraph             4 1.0 6.3919e-05 7.6 0.00e+00 0.0 0.0e+00 0.0e+00 0.0e+00  0  0  0  0  0   1  0  0  0  0     0
SFSetUp                4 1.0 5.4640e-04 1.2 0.00e+00 0.0 4.8e+01 9.9e+02 0.0e+00  1  0 25  4  0  11  0 80 67  0     0
SFBcastBegin           3 1.0 1.2454e-05 1.3 0.00e+00 0.0 1.2e+01 2.0e+03 0.0e+00  0  0  6  2  0   0  0 20 33  0     0
SFBcastEnd             3 1.0 7.5450e-06 1.6 0.00e+00 0.0 0.0e+00 0.0e+00 0.0e+00  0  0  0  0  0   0  0  0  0  0     0
SFReduceBegin          2 1.0 3.3973e-05 2.5 0.00e+00 0.0 0.0e+00 0.0e+00 0.0e+00  0  0  0  0  0   1  0  0  0  0     0
SFReduceEnd            2 1.0 3.7070e-06 4.4 0.00e+00 0.0 0.0e+00 0.0e+00 0.0e+00  0  0  0  0  0   0  0  0  0  0     0
SFPack                 5 1.0 2.7960e-06 2.4 0.00e+00 0.0 0.0e+00 0.0e+00 0.0e+00  0  0  0  0  0   0  0  0  0  0     0
SFUnpack               5 1.0 7.8200e-07 1.8 0.00e+00 0.0 0.0e+00 0.0e+00 0.0e+00  0  0  0  0  0   0  0  0  0  0     0

--- Event Stage 2: Factorization

MatLUFactorSym         1 1.0 6.1149e-02 1.0 0.00e+00 0.0 0.0e+00 0.0e+00 0.0e+00 65  0  0  0  0  82  0  0  0  0     0
MatLUFactorNum         1 1.0 1.3329e-02 1.0 8.32e+03 8.0 0.0e+00 0.0e+00 0.0e+00 14  2  0  0  0  18 100  0  0  0     1
KSPSetUp               1 1.0 1.5030e-06 1.8 0.00e+00 0.0 0.0e+00 0.0e+00 0.0e+00  0  0  0  0  0   0  0  0  0  0     0
PCSetUp                1 1.0 7.4502e-02 1.0 8.32e+03 8.0 0.0e+00 0.0e+00 0.0e+00 79  2  0  0  0 100 100  0  0  0     0

--- Event Stage 3: Solve

BuildTwoSided          1 1.0 7.6824e-05 7.4 0.00e+00 0.0 1.1e+01 4.0e+00 0.0e+00  0  0  6  0  0   1  0 14  0  0     0
MatSolve               1 1.0 3.4448e-03 1.0 2.79e+05 5.3 7.8e+01 3.3e+03 1.0e+00  4 83 41 23  2  98 100 100 100 100   190
VecScatterBegin        1 1.0 6.8408e-05 2.4 0.00e+00 0.0 1.1e+01 7.8e+03 0.0e+00  0  0  6  8  0   1  0 14 34  0     0
VecScatterEnd          1 1.0 4.6367e-05 5.1 0.00e+00 0.0 0.0e+00 0.0e+00 0.0e+00  0  0  0  0  0   1  0  0  0  0     0
SFSetGraph             1 1.0 1.5277e-04 1.4 0.00e+00 0.0 0.0e+00 0.0e+00 0.0e+00  0  0  0  0  0   4  0  0  0  0     0
SFSetUp                1 1.0 1.7795e-04 1.4 0.00e+00 0.0 2.2e+01 2.0e+03 0.0e+00  0  0 11  4  0   4  0 28 17  0     0
SFPack                 1 1.0 2.3253e-05 2.8 0.00e+00 0.0 0.0e+00 0.0e+00 0.0e+00  0  0  0  0  0   0  0  0  0  0     0
SFUnpack               1 1.0 6.0510e-06 1.6 0.00e+00 0.0 0.0e+00 0.0e+00 0.0e+00  0  0  0  0  0   0  0  0  0  0     0
KSPSolve               1 1.0 3.4814e-03 1.0 2.79e+05 5.3 7.8e+01 3.3e+03 1.0e+00  4 83 41 23  2  99 100 100 100 100   188
PCApply                1 1.0 3.4482e-03 1.0 2.79e+05 5.3 7.8e+01 3.3e+03 1.0e+00  4 83 41 23  2  98 100 100 100 100   190
------------------------------------------------------------------------------------------------------------------------

Object Type          Creations   Destructions. Reports information only for process 0.

--- Event Stage 0: Main Stage

              Viewer     1              1
              Matrix     4              7
              Vector     5              8
           Index Set     2              3
   Star Forest Graph     1              3
       Krylov Solver     1              1
      Preconditioner     1              1

--- Event Stage 1: Reorder

              Matrix     3              0
              Vector     3              1
           Index Set     6              5
   Star Forest Graph     4              3

--- Event Stage 2: Factorization

              Vector     1              0

--- Event Stage 3: Solve

              Vector     1              1
           Index Set     2              2
   Star Forest Graph     1              0
========================================================================================================================
Average time to get PetscTime(): 3.81e-08
Average time for MPI_Barrier(): 2.156e-06
Average time for zero size MPI_Send(): 1.71825e-06
#PETSc Option Table entries:
-log_view # (source: command line)
-mat_file ../matrices/bin/09_u_powersim.bin # (source: command line)
-mat_mumps_icntl_1 6 # (source: command line)
-mat_mumps_icntl_13 1 # (source: command line)
-mat_mumps_icntl_14 120 # (source: command line)
-mat_mumps_icntl_2 3 # (source: command line)
-mat_mumps_icntl_4 2 # (source: command line)
-mat_mumps_icntl_7 7 # (source: command line)
-mat_ordering_type natural # (source: command line)
-mat_solver_type mumps # (source: command line)
-matload_block_size 1 # (source: file)
-n 4 # (source: command line)
-own_reordering true # (source: command line)
-pc_type lu # (source: command line)
#End of PETSc Option Table entries
Compiled without FORTRAN kernels
Compiled with full precision matrices (default)
sizeof(short) 2 sizeof(int) 4 sizeof(long) 8 sizeof(void*) 8 sizeof(PetscScalar) 8 sizeof(PetscInt) 4
Configure options: --with-cc=gcc --with-cxx=g++ --with-fc=gfortran --with-debugging=0 --with-shared-libraries=1 --with-64-bit-indices=0 --download-mpich --download-netlib-lapack --with-netlib-lapack-c-bindings --download-scalapack --download-suitesparse --download-metis --download-parmetis --download-ptscotch --download-superlu --download-superlu_dist --download-mumps --download-pastix --download-hypre --download-hdf5 --download-zlib --download-hwloc --download-bison
-----------------------------------------
Libraries compiled on 2025-09-21 15:24:35 on HP-Pavilion-Gaming-Laptop-15-ec0xxx
Machine characteristics: Linux-6.8.0-83-generic-x86_64-with-glibc2.39
Using PETSc directory: /home/alexandr/Plocha/bsc_thesis/numerical_experiments/petsc
Using PETSc arch: arch-linux-c-opt
-----------------------------------------

Using C compiler: /home/alexandr/Plocha/bsc_thesis/numerical_experiments/petsc/arch-linux-c-opt/bin/mpicc  -Wall -Wwrite-strings -Wno-unknown-pragmas -Wno-lto-type-mismatch -Wno-stringop-overflow -fstack-protector -fvisibility=hidden -g -O 
Using Fortran compiler: /home/alexandr/Plocha/bsc_thesis/numerical_experiments/petsc/arch-linux-c-opt/bin/mpif90  -Wall -ffree-line-length-none -ffree-line-length-0 -Wno-lto-type-mismatch -Wno-unused-dummy-argument -g -O  
-----------------------------------------

Using include paths: -I/home/alexandr/Plocha/bsc_thesis/numerical_experiments/petsc/include -I/home/alexandr/Plocha/bsc_thesis/numerical_experiments/petsc/arch-linux-c-opt/include -I/home/alexandr/Plocha/bsc_thesis/numerical_experiments/petsc/arch-linux-c-opt/include/suitesparse
-----------------------------------------

Using C linker: /home/alexandr/Plocha/bsc_thesis/numerical_experiments/petsc/arch-linux-c-opt/bin/mpicc
Using Fortran linker: /home/alexandr/Plocha/bsc_thesis/numerical_experiments/petsc/arch-linux-c-opt/bin/mpif90
Using libraries: -Wl,-rpath,/home/alexandr/Plocha/bsc_thesis/numerical_experiments/petsc/arch-linux-c-opt/lib -L/home/alexandr/Plocha/bsc_thesis/numerical_experiments/petsc/arch-linux-c-opt/lib -lpetsc -Wl,-rpath,/home/alexandr/Plocha/bsc_thesis/numerical_experiments/petsc/arch-linux-c-opt/lib -L/home/alexandr/Plocha/bsc_thesis/numerical_experiments/petsc/arch-linux-c-opt/lib -Wl,-rpath,/usr/lib/gcc/x86_64-linux-gnu/13 -L/usr/lib/gcc/x86_64-linux-gnu/13 -lHYPRE -lspqr -lumfpack -lklu -lcholmod -lamd -lsuperlu_dist -ldmumps -lmumps_common -lpord -lpthread -lscalapack -lpastix -lsuperlu -llapacke -llapack -lcblas -lblas -lptesmumps -lptscotchparmetisv3 -lptscotch -lptscotcherr -lesmumps -lscotch -lscotcherr -llapacke -lcblas -llapack -lblas -lparmetis -lmetis -lhdf5_hl -lhdf5 -lm -lz -lhwloc -lX11 -lmpifort -lmpi -lgfortran -lm -lgfortran -lm -lgcc_s -lquadmath -lstdc++
-----------------------------------------

WARNING! There are options you set that were not used!
WARNING! could be spelling mistake, etc!
There is one unused database option. It is:
Option left: name:-n value: 4 source: command line
