
Entering DMUMPS 5.7.3 from C interface with JOB, N =   1       14214
      executing #MPI =      4, without OMP

 =================================================
 MUMPS compiled with option -Dmetis
 MUMPS compiled with option -Dparmetis
 MUMPS compiled with option -Dpord
 MUMPS compiled with option -Dptscotch
 MUMPS compiled with option -Dscotch
 =================================================
L U Solver for unsymmetric matrices
Type of parallelism: Working host

 ****** ANALYSIS STEP ********

 ** Maximum transversal (ICNTL(6)) not allowed because matrix is distributed
 Parallel analysis, processing a graph of size:     14214
 Using ParMETIS for parallel ordering
 ELAPSED time in parallel ordering       =      0.1290
 WARNING: Largest root node of size       257 not selected for parallel execution

Leaving analysis phase with  ...
 INFOG(1)                                       =               0
 INFOG(2)                                       =               0
 -- (20) Number of entries in factors (estim.)  =         2468294
 --  (3) Real space for factors    (estimated)  =         2468294
 --  (4) Integer space for factors (estimated)  =          121792
 --  (5) Maximum frontal size      (estimated)  =             315
 --  (6) Number of nodes in the tree            =             699
 -- (32) Type of analysis effectively used      =               2
 --  (7) Ordering option effectively used       =               2
 ICNTL (6) Maximum transversal option           =               0
 ICNTL (7) Pivot order option                   =               5
 ICNTL(12) Ordering symmetric indef. matrices   =               1
 ICNTL(13) Parallelism/splitting of root node   =               0
 ICNTL(14) Percentage of memory relaxation      =              20
 ICNTL(15) Analysis by block effectively used   =               0
 ICNTL(18) Distributed input matrix (on if >0)  =               3
 ICNTL(32) Forward elimination during facto.    =               0
 ICNTL(35) BLR activation                       =               0
 ICNTL(48) Tree based multithreading (effective)=               0
 ICNTL(58) Symbolic factorization option        =               2
 Number of level 2 nodes                        =               0
 Number of split nodes                          =               0
 RINFOG(1) Operations during elimination (estim)= 2.990D+08
 Distributed matrix entry format (ICNTL(18))    =               3

 MEMORY ESTIMATIONS ... 
 Estimations with standard Full-Rank (FR) factorization:
    Maximum estim. space in Mbytes, IC facto.    (INFOG(16)):              31
    Total space in MBytes, IC factorization      (INFOG(17)):             121
    Maximum estim. space in Mbytes, OOC facto.   (INFOG(26)):              26
    Total space in MBytes,  OOC factorization    (INFOG(27)):             103

 Elapsed time in analysis driver=       0.1538

Entering DMUMPS 5.7.3 from C interface with JOB, N =   2       14214
      executing #MPI =      4, without OMP



****** FACTORIZATION STEP ********

 GLOBAL STATISTICS PRIOR NUMERICAL FACTORIZATION ...
 Number of working processes                =               4
 ICNTL(22) Out-of-core option               =               0
 ICNTL(35) BLR activation (eff. choice)     =               0
 ICNTL(37) BLR CB compression (eff. choice) =               0
 ICNTL(49) Compact workarray S (end facto.) =               0
 ICNTL(14) Memory relaxation                =              20
 INFOG(3) Real space for factors (estimated)=         2468294
 INFOG(4) Integer space for factors (estim.)=          121792
 Maximum frontal size (estimated)           =             315
 Number of nodes in the tree                =             699
 ICNTL(23) Memory allowed (value on host)   =               0
           Sum over all procs               =               0
 Memory provided by user, sum of LWK_USER   =               0
 Effective threshold for pivoting, CNTL(1)  =      0.1000D-01

 Statistics on the scaling phase
 Elapsed time for scaling                   =      0.0043
 Max difference from 1 after scaling the entries for ONE-NORM (option 7/8)   = 0.74D+00

 Average Effective size of S     (based on INFO(39))=               821073

 Redistrib: total data local/sent           =           53050          206638
 Elapsed time to reformat/distribute matrix =      0.0081

 ** Memory allocated, max in Mbytes             (INFOG(18)):          31

 ** Memory allocated, total in Mbytes           (INFOG(19)):         121
 ** Memory effectively used, max in  Mbytes     (INFOG(21)):          29
 ** Memory effectively used, total in Mbytes    (INFOG(22)):         115

 Elapsed time for factorization                     =      0.0693

Leaving factorization with ...
 RINFOG (2) Operations in node assembly             = 2.927D+06
 ------ (3) Operations in node elimination          = 2.990D+08
 ICNTL  (8) Scaling effectively used                =               7
 INFOG  (9) Real space for factors                  =         2468294
 INFOG (10) Integer space for factors               =          121792
 INFOG (11) Maximum front size                      =             315
 INFOG (29) Number of entries in factors            =         2468294
 INFOG (12) Number of off diagonal pivots           =               0
 INFOG (13) Number of delayed pivots                =               0
 RINFOG(19) Smallest pivot WITH perturbed pivots    = 1.684D-01
 RINFOG(20) Smallest pivot WITHOUT perturbed pivots = 1.684D-01
 RINFOG(21) Largest pivot in absolute value         = 9.040D-01
 INFOG (24) Effective value of ICNTL(12)            =               1
 INFOG (14) Number of memory compress               =               0

 Elapsed time in factorization driver               =      0.0825

Entering DMUMPS 5.7.3 from C interface with JOB, N =   3       14214
      executing #MPI =      4, without OMP



 ****** SOLVE & CHECK STEP ********

 GLOBAL STATISTICS PRIOR SOLVE PHASE ...........
 Number of right-hand-sides                    =           1
 Blocking factor for multiple rhs              =           1
 ICNTL (9)                                     =           1
  --- (10)                                     =           0
  --- (11)                                     =           0
  --- (20)                                     =          10
  --- (21)                                     =           1
  --- (30)                                     =           0
  --- (35)                                     =           0
  --- (48) (effective)                         =           0
 ** Rank of processor needing largest memory in solve     :         1
 ** Space in MBYTES used by this processor for solve      :        17
 ** Avg. Space in MBYTES per working proc during solve    :        16

 Leaving solve with ...
 Time to build/scatter RHS        =       0.000239
 Time in solution step (fwd/bwd)  =       0.003334
  .. Time in forward (fwd) step   =          0.001472
  .. Time in backward (bwd) step  =          0.001838
 Time to gather solution(cent.sol)=       0.000000
 Time for distributed solution    =       0.000045

 Elapsed time in solve driver=       0.0042

Entering DMUMPS 5.7.3 from C interface with JOB =  -2
      executing #MPI =      4, without OMP
****************************************************************************************************************************************************************
***                                WIDEN YOUR WINDOW TO 160 CHARACTERS.  Use 'enscript -r -fCourier9' to print this document                                 ***
****************************************************************************************************************************************************************

------------------------------------------------------------------ PETSc Performance Summary: ------------------------------------------------------------------

../scripts/experiment on a arch-linux-c-opt named HP-Pavilion-Gaming-Laptop-15-ec0xxx with 4 processes, by alexandr on Mon Sep 29 23:57:32 2025
Using PETSc Release Version 3.23.6, unknown

                         Max       Max/Min     Avg       Total
Time (sec):           2.612e-01     1.000   2.612e-01
Objects:              0.000e+00     0.000   0.000e+00
Flops:                2.367e+06     1.224   2.085e+06  8.340e+06
Flops/sec:            9.061e+06     1.223   7.983e+06  3.193e+07
MPI Msg Count:        3.300e+01     1.222   2.925e+01  1.170e+02
MPI Msg Len (bytes):  1.245e+06     2.750   2.254e+04  2.638e+06
MPI Reductions:       4.300e+01     1.000

Flop counting convention: 1 flop = 1 real number operation of type (multiply/divide/add/subtract)
                            e.g., VecAXPY() for real vectors of length N --> 2N flops
                            and VecAXPY() for complex vectors of length N --> 8N flops

Summary of Stages:   ----- Time ------  ----- Flop ------  --- Messages ---  -- Message Lengths --  -- Reductions --
                        Avg     %Total     Avg     %Total    Count   %Total     Avg         %Total    Count   %Total
 0:      Main Stage: 1.3921e-02   5.3%  5.0516e+05   6.1%  3.600e+01  30.8%  6.637e+04       90.6%  2.500e+01  58.1%
 2:   Factorization: 2.4159e-01  92.5%  2.9268e+06  35.1%  0.000e+00   0.0%  0.000e+00        0.0%  0.000e+00   0.0%
 3:           Solve: 5.6511e-03   2.2%  4.9082e+06  58.8%  8.100e+01  69.2%  3.065e+03        9.4%  1.000e+00   2.3%

------------------------------------------------------------------------------------------------------------------------
See the 'Profiling' chapter of the users' manual for details on interpreting output.
Phase summary info:
   Count: number of times phase was executed
   Time and Flop: Max - maximum over all processors
                  Ratio - ratio of maximum to minimum over all processors
   Mess: number of messages sent
   AvgLen: average message length (bytes)
   Reduct: number of global reductions
   Global: entire computation
   Stage: stages of a computation. Set stages with PetscLogStagePush() and PetscLogStagePop().
      %T - percent time in this phase         %F - percent flop in this phase
      %M - percent messages in this phase     %L - percent message lengths in this phase
      %R - percent reductions in this phase
   Total Mflop/s: 1e-6 * (sum of flop over all processors)/(max time over all processors)
------------------------------------------------------------------------------------------------------------------------
Event                Count      Time (sec)     Flop                              --- Global ---  --- Stage ----  Total
                   Max Ratio  Max     Ratio   Max  Ratio  Mess   AvgLen  Reduct  %T %F %M %L %R  %T %F %M %L %R Mflop/s
------------------------------------------------------------------------------------------------------------------------

--- Event Stage 0: Main Stage

BuildTwoSided          2 1.0 5.8667e-05 1.3 0.00e+00 0.0 6.0e+00 4.0e+00 0.0e+00  0  0  5  0  0   0  0 17  0  0     0
BuildTwoSidedF         1 1.0 1.8648e-05 1.5 0.00e+00 0.0 0.0e+00 0.0e+00 0.0e+00  0  0  0  0  0   0  0  0  0  0     0
MatMult                1 1.0 2.4207e-04 1.3 1.30e+05 1.1 6.0e+00 1.5e+03 0.0e+00  0  6  5  0  0   2 100 17  0  0  2087
MatAssemblyBegin       1 1.0 7.1240e-06 2.1 0.00e+00 0.0 0.0e+00 0.0e+00 0.0e+00  0  0  0  0  0   0  0  0  0  0     0
MatAssemblyEnd         1 1.0 1.6001e-03 2.3 0.00e+00 0.0 1.2e+01 3.8e+02 1.0e+00  0  0 10  0  2   7  0 33  0  4     0
MatLoad                1 1.0 1.1338e-02 1.0 0.00e+00 0.0 3.0e+01 7.9e+04 1.7e+01  4  0 26 90 40  81  0 83 100 68     0
VecSet                 1 1.0 6.1460e-06 1.1 0.00e+00 0.0 0.0e+00 0.0e+00 0.0e+00  0  0  0  0  0   0  0  0  0  0     0
VecAssemblyBegin       1 1.0 2.9612e-05 1.4 0.00e+00 0.0 0.0e+00 0.0e+00 0.0e+00  0  0  0  0  0   0  0  0  0  0     0
VecAssemblyEnd         1 1.0 2.8640e-06 1.0 0.00e+00 0.0 0.0e+00 0.0e+00 0.0e+00  0  0  0  0  0   0  0  0  0  0     0
VecScatterBegin        1 1.0 4.5816e-05 1.3 0.00e+00 0.0 6.0e+00 1.5e+03 0.0e+00  0  0  5  0  0   0  0 17  0  0     0
VecScatterEnd          1 1.0 1.5854e-05 1.2 0.00e+00 0.0 0.0e+00 0.0e+00 0.0e+00  0  0  0  0  0   0  0  0  0  0     0
SFSetGraph             1 1.0 7.7530e-06 1.6 0.00e+00 0.0 0.0e+00 0.0e+00 0.0e+00  0  0  0  0  0   0  0  0  0  0     0
SFSetUp                1 1.0 1.0434e-04 1.1 0.00e+00 0.0 1.2e+01 3.8e+02 0.0e+00  0  0 10  0  0   1  0 33  0  0     0
SFPack                 1 1.0 4.8190e-06 3.3 0.00e+00 0.0 0.0e+00 0.0e+00 0.0e+00  0  0  0  0  0   0  0  0  0  0     0
SFUnpack               1 1.0 3.2830e-06 2.2 0.00e+00 0.0 0.0e+00 0.0e+00 0.0e+00  0  0  0  0  0   0  0  0  0  0     0

--- Event Stage 2: Factorization

MatLUFactorSym         1 1.0 1.5805e-01 1.0 0.00e+00 0.0 0.0e+00 0.0e+00 0.0e+00 61  0  0  0  0  65  0  0  0  0     0
MatLUFactorNum         1 1.0 8.3373e-02 1.0 8.66e+05 1.4 0.0e+00 0.0e+00 0.0e+00 32 35  0  0  0  35 100  0  0  0    35
KSPSetUp               1 1.0 3.3520e-06 1.0 0.00e+00 0.0 0.0e+00 0.0e+00 0.0e+00  0  0  0  0  0   0  0  0  0  0     0
PCSetUp                1 1.0 2.4146e-01 1.0 8.66e+05 1.4 0.0e+00 0.0e+00 0.0e+00 92 35  0  0  0 100 100  0  0  0    12

--- Event Stage 3: Solve

BuildTwoSided          1 1.0 2.3474e-04 10.3 0.00e+00 0.0 1.2e+01 4.0e+00 0.0e+00  0  0 10  0  0   3  0 15  0  0     0
MatSolve               1 1.0 5.5764e-03 1.0 1.38e+06 1.2 8.1e+01 3.1e+03 1.0e+00  2 59 69  9  2  98 100 100 100 100   880
VecScatterBegin        1 1.0 4.0997e-05 1.3 0.00e+00 0.0 1.2e+01 7.5e+03 0.0e+00  0  0 10  3  0   1  0 15 36  0     0
VecScatterEnd          1 1.0 3.1009e-05 3.1 0.00e+00 0.0 0.0e+00 0.0e+00 0.0e+00  0  0  0  0  0   0  0  0  0  0     0
SFSetGraph             1 1.0 3.3049e-04 1.9 0.00e+00 0.0 0.0e+00 0.0e+00 0.0e+00  0  0  0  0  0   4  0  0  0  0     0
SFSetUp                1 1.0 3.2735e-04 2.0 0.00e+00 0.0 2.4e+01 1.9e+03 0.0e+00  0  0 21  2  0   5  0 30 18  0     0
SFPack                 1 1.0 2.0044e-05 2.6 0.00e+00 0.0 0.0e+00 0.0e+00 0.0e+00  0  0  0  0  0   0  0  0  0  0     0
SFUnpack               1 1.0 2.0883e-05 6.4 0.00e+00 0.0 0.0e+00 0.0e+00 0.0e+00  0  0  0  0  0   0  0  0  0  0     0
KSPSolve               1 1.0 5.6255e-03 1.0 1.38e+06 1.2 8.1e+01 3.1e+03 1.0e+00  2 59 69  9  2 100 100 100 100 100   872
PCApply                1 1.0 5.5812e-03 1.0 1.38e+06 1.2 8.1e+01 3.1e+03 1.0e+00  2 59 69  9  2  99 100 100 100 100   879
------------------------------------------------------------------------------------------------------------------------

Object Type          Creations   Destructions. Reports information only for process 0.

--- Event Stage 0: Main Stage

              Viewer     1              1
              Matrix     4              4
              Vector     5              6
           Index Set     2              2
   Star Forest Graph     1              2
       Krylov Solver     1              1
      Preconditioner     1              1

--- Event Stage 1: Reorder


--- Event Stage 2: Factorization

              Vector     1              0

--- Event Stage 3: Solve

              Vector     1              1
           Index Set     2              2
   Star Forest Graph     1              0
========================================================================================================================
Average time to get PetscTime(): 1.7251e-06
Average time for MPI_Barrier(): 2.7518e-06
Average time for zero size MPI_Send(): 1.92075e-06
#PETSc Option Table entries:
-log_view # (source: command line)
-mat_file ../matrices/bin/10_u_airfoil_2d.bin # (source: command line)
-mat_mumps_icntl_2 3 # (source: command line)
-mat_mumps_icntl_28 2 # (source: command line)
-mat_mumps_icntl_29 2 # (source: command line)
-mat_mumps_icntl_4 2 # (source: command line)
-mat_mumps_icntl_7 5 # (source: command line)
-mat_solver_type mumps # (source: command line)
-matload_block_size 1 # (source: file)
-pc_type lu # (source: command line)
#End of PETSc Option Table entries
Compiled without FORTRAN kernels
Compiled with full precision matrices (default)
sizeof(short) 2 sizeof(int) 4 sizeof(long) 8 sizeof(void*) 8 sizeof(PetscScalar) 8 sizeof(PetscInt) 4
Configure options: --with-cc=gcc --with-cxx=g++ --with-fc=gfortran --with-debugging=0 --with-shared-libraries=1 --with-64-bit-indices=0 --download-mpich --download-netlib-lapack --with-netlib-lapack-c-bindings --download-scalapack --download-suitesparse --download-metis --download-parmetis --download-ptscotch --download-superlu --download-superlu_dist --download-mumps --download-pastix --download-hypre --download-hdf5 --download-zlib --download-hwloc --download-bison
-----------------------------------------
Libraries compiled on 2025-09-21 15:24:35 on HP-Pavilion-Gaming-Laptop-15-ec0xxx
Machine characteristics: Linux-6.8.0-83-generic-x86_64-with-glibc2.39
Using PETSc directory: /home/alexandr/Plocha/bsc_thesis/numerical_experiments/petsc
Using PETSc arch: arch-linux-c-opt
-----------------------------------------

Using C compiler: /home/alexandr/Plocha/bsc_thesis/numerical_experiments/petsc/arch-linux-c-opt/bin/mpicc  -Wall -Wwrite-strings -Wno-unknown-pragmas -Wno-lto-type-mismatch -Wno-stringop-overflow -fstack-protector -fvisibility=hidden -g -O 
Using Fortran compiler: /home/alexandr/Plocha/bsc_thesis/numerical_experiments/petsc/arch-linux-c-opt/bin/mpif90  -Wall -ffree-line-length-none -ffree-line-length-0 -Wno-lto-type-mismatch -Wno-unused-dummy-argument -g -O  
-----------------------------------------

Using include paths: -I/home/alexandr/Plocha/bsc_thesis/numerical_experiments/petsc/include -I/home/alexandr/Plocha/bsc_thesis/numerical_experiments/petsc/arch-linux-c-opt/include -I/home/alexandr/Plocha/bsc_thesis/numerical_experiments/petsc/arch-linux-c-opt/include/suitesparse
-----------------------------------------

Using C linker: /home/alexandr/Plocha/bsc_thesis/numerical_experiments/petsc/arch-linux-c-opt/bin/mpicc
Using Fortran linker: /home/alexandr/Plocha/bsc_thesis/numerical_experiments/petsc/arch-linux-c-opt/bin/mpif90
Using libraries: -Wl,-rpath,/home/alexandr/Plocha/bsc_thesis/numerical_experiments/petsc/arch-linux-c-opt/lib -L/home/alexandr/Plocha/bsc_thesis/numerical_experiments/petsc/arch-linux-c-opt/lib -lpetsc -Wl,-rpath,/home/alexandr/Plocha/bsc_thesis/numerical_experiments/petsc/arch-linux-c-opt/lib -L/home/alexandr/Plocha/bsc_thesis/numerical_experiments/petsc/arch-linux-c-opt/lib -Wl,-rpath,/usr/lib/gcc/x86_64-linux-gnu/13 -L/usr/lib/gcc/x86_64-linux-gnu/13 -lHYPRE -lspqr -lumfpack -lklu -lcholmod -lamd -lsuperlu_dist -ldmumps -lmumps_common -lpord -lpthread -lscalapack -lpastix -lsuperlu -llapacke -llapack -lcblas -lblas -lptesmumps -lptscotchparmetisv3 -lptscotch -lptscotcherr -lesmumps -lscotch -lscotcherr -llapacke -lcblas -llapack -lblas -lparmetis -lmetis -lhdf5_hl -lhdf5 -lm -lz -lhwloc -lX11 -lmpifort -lmpi -lgfortran -lm -lgfortran -lm -lgcc_s -lquadmath -lstdc++
-----------------------------------------

