
Entering DMUMPS 5.8.1 from C interface with JOB, N =   1      411676
      executing #MPI =      8, without OMP

Advanced settings:
   KEEP(370) Static mapping              =         1
   KEEP(371) Advanced optimizations      =         0

 =================================================
 MUMPS compiled with option -DGEMMT_AVAILABLE
 MUMPS compiled with option -Dmetis
 MUMPS compiled with option -Dparmetis
 MUMPS compiled with option -Dpord
 MUMPS compiled with option -Dptscotch
 MUMPS compiled with option -Dscotch
 =================================================
L U Solver for unsymmetric matrices
Type of parallelism: Working host

 ****** ANALYSIS STEP ********

 ** Maximum transversal (ICNTL(6)) not allowed because matrix is distributed
 Processing a graph of size:    411676 with       1833398 edges

Entering ordering phase with graph dimensions ...
              |V|        |E|      INFO(1)
              411676      1833398         0
  Graph adjacency 
  .... node/column:         1
            90780    90783   409084    90029    90737    90738
  .... node/column:         2
            89928    89952   409085    88498    88499
  .... node/column:         3
            87007    87031   409086    85577    85578
  .... node/column:         4
           150107   150111   150112   150118   150122   150125   150126   150130   409087   150325
  .... node/column:         5
           150135   150138   150139   150144   150148   150151   150152   150156   409088   149602
  .... node/column:         6
           164685   402605   402617   402620   409089
  .... node/column:         7
           403137   409090
  .... node/column:         8
           403156   409091
  .... node/column:         9
           403308   409092
  .... node/column:        10
           403194   409093
 Ordering based on QAMD 
NFSIZ(.)  =        0        0        0        0        0        0        0        0        0        0

FILS (.)  =   409084   409085   409086   409087   409088   409089   409090   409091   409092   409093

FRERE(.)  =   411677   411677   411677   411677   411677   411677   411677   411677   411677   411677

 WARNING: Largest root node of size        24 not selected for parallel execution

Leaving analysis phase with  ...
 INFOG(1)                                       =               0
 INFOG(2)                                       =               0
 -- (20) Number of entries in factors (estim.)  =        12906226
 --  (3) Real space for factors    (estimated)  =        12906226
 --  (4) Integer space for factors (estimated)  =         2027806
 --  (5) Maximum frontal size      (estimated)  =             877
 --  (6) Number of nodes in the tree            =           40336
 -- (32) Type of analysis effectively used      =               1
 --  (7) Ordering option effectively used       =               6
 ICNTL (6) Maximum transversal option           =               0
 ICNTL (7) Pivot order option                   =               6
 ICNTL(12) Ordering symmetric indef. matrices   =               1
 ICNTL(13) Parallelism/splitting of root node   =               0
 ICNTL(14) Percentage of memory relaxation      =              25
 ICNTL(15) Analysis by block effectively used   =               0
 ICNTL(18) Distributed input matrix (on if >0)  =               3
 ICNTL(32) Forward elimination during facto.    =               0
 ICNTL(35) BLR activation                       =               0
 ICNTL(48) Tree based multithreading (effective)=               0
 ICNTL(58) Symbolic factorization option        =               2
 Number of level 2 nodes                        =               0
 Number of split nodes                          =               0
 RINFOG(1) Operations during elimination (estim)= 1.119D+09
 Distributed matrix entry format (ICNTL(18))    =               3

 MEMORY ESTIMATIONS ... 
 Estimations with standard Full-Rank (FR) factorization:
    Maximum estim. space in Mbytes, IC facto.    (INFOG(16)):              79
    Total space in MBytes, IC factorization      (INFOG(17)):             582
    Maximum estim. space in Mbytes, OOC facto.   (INFOG(26)):              74
    Total space in MBytes,  OOC factorization    (INFOG(27)):             503

 Elapsed time in analysis driver=       1.3711

Entering DMUMPS 5.8.1 from C interface with JOB, N =   2      411676
      executing #MPI =      8, without OMP

Advanced settings:
   KEEP(370) Static mapping              =         1
   KEEP(371) Advanced optimizations      =         0



****** FACTORIZATION STEP ********

 GLOBAL STATISTICS PRIOR NUMERICAL FACTORIZATION ...
 Number of working processes                =               8
 ICNTL(22) Out-of-core option               =               0
 ICNTL(35) BLR activation (eff. choice)     =               0
 ICNTL(37) BLR CB compression (eff. choice) =               0
 ICNTL(49) Compact workarray S (end facto.) =               0
 ICNTL(56) Effective value during facto.    =               0
 ICNTL(14) Memory relaxation                =              25
 INFOG(3) Real space for factors (estimated)=        12906226
 INFOG(4) Integer space for factors (estim.)=         2027806
 Maximum frontal size (estimated)           =             877
 Number of nodes in the tree                =           40336
 ICNTL(23) Memory allowed (value on host)   =               0
           Sum over all procs               =               0
 Memory provided by user, sum of LWK_USER   =               0
 Effective threshold for pivoting, CNTL(1)  =      0.1000D-01

 Statistics on the scaling phase
 Elapsed time for scaling                   =      0.2208
 Max difference from 1 after scaling the entries for ONE-NORM (option 7/8)   = 0.27D+01

 Average Effective size of S     (based on INFO(39))=              2492376

 Redistrib: total data local/sent           =          136837         1756533
 Elapsed time to reformat/distribute matrix =      0.0385

 ** Memory allocated, max in Mbytes             (INFOG(18)):          79

 ** Memory allocated, total in Mbytes           (INFOG(19)):         582
 ** Memory effectively used, max in  Mbytes     (INFOG(21)):          74
 ** Memory effectively used, total in Mbytes    (INFOG(22)):         548

 Elapsed time for factorization                     =      0.2302

Leaving factorization with ...
 RINFOG (2) Operations in node assembly             = 4.042D+06
 ------ (3) Operations in node elimination          = 1.241D+09
 ICNTL  (8) Scaling effectively used                =               7
 INFOG  (9) Real space for factors                  =        13048200
 INFOG (10) Integer space for factors               =         2028308
 INFOG (11) Maximum front size                      =             925
 INFOG (29) Number of entries in factors            =        13048200
 INFOG (12) Number of off diagonal pivots           =            2989
 INFOG (13) Number of delayed pivots                =             251
 RINFOG(19) Smallest pivot WITH perturbed pivots    = 4.986D-11
 RINFOG(20) Smallest pivot WITHOUT perturbed pivots = 4.986D-11
 RINFOG(21) Largest pivot in absolute value         = 9.778D+01
 INFOG (24) Effective value of ICNTL(12)            =               1
 INFOG (14) Number of memory compress               =               0

 Elapsed time in factorization driver               =      0.5281

Entering DMUMPS 5.8.1 from C interface with JOB, N =   3      411676
      executing #MPI =      8, without OMP

Advanced settings:
   KEEP(370) Static mapping              =         1
   KEEP(371) Advanced optimizations      =         0



 ****** SOLVE & CHECK STEP ********

 GLOBAL STATISTICS PRIOR SOLVE PHASE ...........
 Number of right-hand-sides                    =           1
 Blocking factor for multiple rhs              =           1
 ICNTL (9)                                     =           1
  --- (10)                                     =           0
  --- (11)                                     =           0
  --- (20)                                     =          10
  --- (21)                                     =           1
  --- (30)                                     =           0
  --- (35)                                     =           0
  --- (48) (effective)                         =           0
 ** Rank of processor needing largest memory in solve     :         7
 ** Space in MBYTES used by this processor for solve      :        64
 ** Avg. Space in MBYTES per working proc during solve    :        56

 Leaving solve with ...
 Time to build/scatter RHS        =       0.006112
 Time in solution step (fwd/bwd)  =       0.060073
  .. Time in forward (fwd) step   =          0.033210
  .. Time in backward (bwd) step  =          0.026773
 Time to gather solution(cent.sol)=       0.000000
 Time for distributed solution    =       0.005985

 Elapsed time in solve driver=       0.1120

Entering DMUMPS 5.8.1 from C interface with JOB =  -2
      executing #MPI =      8, without OMP
||Ax - b||_2 = 1.492303e-08
