
Entering DMUMPS 5.7.3 from C interface with JOB, N =   1       52804
      executing #MPI =      4, without OMP

 =================================================
 MUMPS compiled with option -Dmetis
 MUMPS compiled with option -Dparmetis
 MUMPS compiled with option -Dpord
 MUMPS compiled with option -Dptscotch
 MUMPS compiled with option -Dscotch
 =================================================
L U Solver for unsymmetric matrices
Type of parallelism: Working host

 ****** ANALYSIS STEP ********

 ** Maximum transversal (ICNTL(6)) not allowed because matrix is distributed
 Parallel analysis, processing a graph of size:     52804
 Using ParMETIS for parallel ordering
 ELAPSED time in parallel ordering       =      1.6319
 A root of estimated size         1373  has been selected for Scalapack.

Leaving analysis phase with  ...
 INFOG(1)                                       =               0
 INFOG(2)                                       =               0
 -- (20) Number of entries in factors (estim.)  =        74403490
 --  (3) Real space for factors    (estimated)  =        74411214
 --  (4) Integer space for factors (estimated)  =          566318
 --  (5) Maximum frontal size      (estimated)  =            2150
 --  (6) Number of nodes in the tree            =             682
 -- (32) Type of analysis effectively used      =               2
 --  (7) Ordering option effectively used       =               2
 ICNTL (6) Maximum transversal option           =               0
 ICNTL (7) Pivot order option                   =               7
 ICNTL(12) Ordering symmetric indef. matrices   =               1
 ICNTL(13) Parallelism/splitting of root node   =               0
 ICNTL(14) Percentage of memory relaxation      =              20
 ICNTL(15) Analysis by block effectively used   =               0
 ICNTL(18) Distributed input matrix (on if >0)  =               3
 ICNTL(32) Forward elimination during facto.    =               0
 ICNTL(35) BLR activation                       =               0
 ICNTL(48) Tree based multithreading (effective)=               0
 ICNTL(58) Symbolic factorization option        =               2
 Number of level 2 nodes                        =               5
 Number of split nodes                          =               2
 RINFOG(1) Operations during elimination (estim)= 7.478D+10
 Distributed matrix entry format (ICNTL(18))    =               3

 MEMORY ESTIMATIONS ... 
 Estimations with standard Full-Rank (FR) factorization:
    Maximum estim. space in Mbytes, IC facto.    (INFOG(16)):             298
    Total space in MBytes, IC factorization      (INFOG(17)):            1072
    Maximum estim. space in Mbytes, OOC facto.   (INFOG(26)):             140
    Total space in MBytes,  OOC factorization    (INFOG(27)):             510

 Elapsed time in analysis driver=       2.1408

Entering DMUMPS 5.7.3 from C interface with JOB, N =   2       52804
      executing #MPI =      4, without OMP



****** FACTORIZATION STEP ********

 GLOBAL STATISTICS PRIOR NUMERICAL FACTORIZATION ...
 Number of working processes                =               4
 ICNTL(22) Out-of-core option               =               0
 ICNTL(35) BLR activation (eff. choice)     =               0
 ICNTL(37) BLR CB compression (eff. choice) =               0
 ICNTL(49) Compact workarray S (end facto.) =               0
 ICNTL(14) Memory relaxation                =              20
 INFOG(3) Real space for factors (estimated)=        74411214
 INFOG(4) Integer space for factors (estim.)=          566318
 Maximum frontal size (estimated)           =            2150
 Number of nodes in the tree                =             682
 ICNTL(23) Memory allowed (value on host)   =               0
           Sum over all procs               =               0
 Memory provided by user, sum of LWK_USER   =               0
 Effective threshold for pivoting, CNTL(1)  =      0.1000D-01

 Statistics on the scaling phase
 Elapsed time for scaling                   =      0.1239
 Max difference from 1 after scaling the entries for ONE-NORM (option 7/8)   = 0.10D+01

 Average Effective size of S     (based on INFO(39))=             26458576

 Redistrib: total data local/sent           =         2420623         8607308
 Elapsed time to reformat/distribute matrix =      0.2155

 ** Memory allocated, max in Mbytes             (INFOG(18)):         298

 ** Memory allocated, total in Mbytes           (INFOG(19)):        1072
 ** Memory effectively used, max in  Mbytes     (INFOG(21)):         265
 ** Memory effectively used, total in Mbytes    (INFOG(22)):         910

 Elapsed time to process root node                  =      0.2304

 Elapsed time for factorization                     =     13.6252

Leaving factorization with ...
 RINFOG (2) Operations in node assembly             = 1.169D+08
 ------ (3) Operations in node elimination          = 7.478D+10
 ICNTL  (8) Scaling effectively used                =               7
 INFOG  (9) Real space for factors                  =        74403490
 INFOG (10) Integer space for factors               =          563141
 INFOG (11) Maximum front size                      =            2150
 INFOG (29) Number of entries in factors            =        74403490
 INFOG (12) Number of off diagonal pivots           =               0
 INFOG (13) Number of delayed pivots                =               0
 RINFOG(19) Smallest pivot WITH perturbed pivots    = 2.290D-04
 RINFOG(20) Smallest pivot WITHOUT perturbed pivots = 2.290D-04
 RINFOG(21) Largest pivot in absolute value         = 8.432D-01
 INFOG (24) Effective value of ICNTL(12)            =               1
 INFOG (14) Number of memory compress               =               1

 Elapsed time in factorization driver               =     13.9658

Entering DMUMPS 5.7.3 from C interface with JOB, N =   3       52804
      executing #MPI =      4, without OMP



 ****** SOLVE & CHECK STEP ********

 GLOBAL STATISTICS PRIOR SOLVE PHASE ...........
 Number of right-hand-sides                    =           1
 Blocking factor for multiple rhs              =           1
 ICNTL (9)                                     =           1
  --- (10)                                     =           0
  --- (11)                                     =           0
  --- (20)                                     =          10
  --- (21)                                     =           1
  --- (30)                                     =           0
  --- (35)                                     =           0
  --- (48) (effective)                         =           0
 ** Rank of processor needing largest memory in solve     :         1
 ** Space in MBYTES used by this processor for solve      :       249
 ** Avg. Space in MBYTES per working proc during solve    :       224

 Leaving solve with ...
 Time to build/scatter RHS        =       0.000810
 Time in solution step (fwd/bwd)  =       0.043892
  .. Time in forward (fwd) step   =          0.022542
  .. Time in ScaLAPACK root       =          0.001823
  .. Time in backward (bwd) step  =          0.019501
 Time to gather solution(cent.sol)=       0.000000
 Time for distributed solution    =       0.000063

 Elapsed time in solve driver=       0.0459

Entering DMUMPS 5.7.3 from C interface with JOB =  -2
      executing #MPI =      4, without OMP
****************************************************************************************************************************************************************
***                                WIDEN YOUR WINDOW TO 160 CHARACTERS.  Use 'enscript -r -fCourier9' to print this document                                 ***
****************************************************************************************************************************************************************

------------------------------------------------------------------ PETSc Performance Summary: ------------------------------------------------------------------

../scripts/experiment on a arch-linux-c-opt named HP-Pavilion-Gaming-Laptop-15-ec0xxx with 4 processes, by alexandr on Tue Sep 30 10:59:41 2025
Using PETSc Release Version 3.23.6, unknown

                         Max       Max/Min     Avg       Total
Time (sec):           1.668e+01     1.000   1.668e+01
Objects:              0.000e+00     0.000   0.000e+00
Flops:                7.946e+07     1.235   7.168e+07  2.867e+08
Flops/sec:            4.764e+06     1.235   4.298e+06  1.719e+07
MPI Msg Count:        3.900e+01     1.182   3.450e+01  1.380e+02
MPI Msg Len (bytes):  4.471e+07     3.545   6.545e+05  9.032e+07
MPI Reductions:       4.300e+01     1.000

Flop counting convention: 1 flop = 1 real number operation of type (multiply/divide/add/subtract)
                            e.g., VecAXPY() for real vectors of length N --> 2N flops
                            and VecAXPY() for complex vectors of length N --> 8N flops

Summary of Stages:   ----- Time ------  ----- Flop ------  --- Messages ---  -- Message Lengths --  -- Reductions --
                        Avg     %Total     Avg     %Total    Count   %Total     Avg         %Total    Count   %Total
 0:      Main Stage: 4.6119e-01   2.8%  2.1176e+07   7.4%  5.400e+01  39.1%  1.656e+06       99.0%  2.500e+01  58.1%
 2:   Factorization: 1.6168e+01  96.9%  1.1686e+08  40.8%  0.000e+00   0.0%  0.000e+00        0.0%  0.000e+00   0.0%
 3:           Solve: 4.9933e-02   0.3%  1.4870e+08  51.9%  8.400e+01  60.9%  1.081e+04        1.0%  1.000e+00   2.3%

------------------------------------------------------------------------------------------------------------------------
See the 'Profiling' chapter of the users' manual for details on interpreting output.
Phase summary info:
   Count: number of times phase was executed
   Time and Flop: Max - maximum over all processors
                  Ratio - ratio of maximum to minimum over all processors
   Mess: number of messages sent
   AvgLen: average message length (bytes)
   Reduct: number of global reductions
   Global: entire computation
   Stage: stages of a computation. Set stages with PetscLogStagePush() and PetscLogStagePop().
      %T - percent time in this phase         %F - percent flop in this phase
      %M - percent messages in this phase     %L - percent message lengths in this phase
      %R - percent reductions in this phase
   Total Mflop/s: 1e-6 * (sum of flop over all processors)/(max time over all processors)
------------------------------------------------------------------------------------------------------------------------
Event                Count      Time (sec)     Flop                              --- Global ---  --- Stage ----  Total
                   Max Ratio  Max     Ratio   Max  Ratio  Mess   AvgLen  Reduct  %T %F %M %L %R  %T %F %M %L %R Mflop/s
------------------------------------------------------------------------------------------------------------------------

--- Event Stage 0: Main Stage

BuildTwoSided          2 1.0 2.2241e-03 13.5 0.00e+00 0.0 1.2e+01 4.0e+00 0.0e+00  0  0  9  0  0   0  0 22  0  0     0
BuildTwoSidedF         1 1.0 8.4019e-05 4.0 0.00e+00 0.0 0.0e+00 0.0e+00 0.0e+00  0  0  0  0  0   0  0  0  0  0     0
MatMult                1 1.0 1.0832e-02 1.2 6.54e+06 1.6 1.2e+01 6.7e+04 0.0e+00  0  7  9  1  0   2 100 22  1  0  1955
MatAssemblyBegin       1 1.0 9.5680e-06 3.4 0.00e+00 0.0 0.0e+00 0.0e+00 0.0e+00  0  0  0  0  0   0  0  0  0  0     0
MatAssemblyEnd         1 1.0 6.8553e-02 1.7 0.00e+00 0.0 2.4e+01 1.7e+04 1.0e+00  0  0 17  0  2  12  0 44  0  4     0
MatLoad                1 1.0 4.0670e-01 1.0 0.00e+00 0.0 4.2e+01 2.1e+06 1.7e+01  2  0 30 98 40  88  0 78 99 68     0
VecSet                 1 1.0 1.9486e-05 1.9 0.00e+00 0.0 0.0e+00 0.0e+00 0.0e+00  0  0  0  0  0   0  0  0  0  0     0
VecAssemblyBegin       1 1.0 1.0218e-04 3.2 0.00e+00 0.0 0.0e+00 0.0e+00 0.0e+00  0  0  0  0  0   0  0  0  0  0     0
VecAssemblyEnd         1 1.0 4.6800e-06 1.0 0.00e+00 0.0 0.0e+00 0.0e+00 0.0e+00  0  0  0  0  0   0  0  0  0  0     0
VecScatterBegin        1 1.0 3.7177e-03 1.3 0.00e+00 0.0 1.2e+01 6.7e+04 0.0e+00  0  0  9  1  0   1  0 22  1  0     0
VecScatterEnd          1 1.0 2.9780e-03 6.5 0.00e+00 0.0 0.0e+00 0.0e+00 0.0e+00  0  0  0  0  0   0  0  0  0  0     0
SFSetGraph             1 1.0 7.5066e-04 2.7 0.00e+00 0.0 0.0e+00 0.0e+00 0.0e+00  0  0  0  0  0   0  0  0  0  0     0
SFSetUp                1 1.0 2.7587e-03 2.5 0.00e+00 0.0 2.4e+01 1.7e+04 0.0e+00  0  0 17  0  0   0  0 44  0  0     0
SFPack                 1 1.0 1.7914e-04 1.4 0.00e+00 0.0 0.0e+00 0.0e+00 0.0e+00  0  0  0  0  0   0  0  0  0  0     0
SFUnpack               1 1.0 4.1905e-05 23.1 0.00e+00 0.0 0.0e+00 0.0e+00 0.0e+00  0  0  0  0  0   0  0  0  0  0     0

--- Event Stage 2: Factorization

MatLUFactorSym         1 1.0 2.1899e+00 1.0 0.00e+00 0.0 0.0e+00 0.0e+00 0.0e+00 13  0  0  0  0  14  0  0  0  0     0
MatLUFactorNum         1 1.0 1.3978e+01 1.0 3.12e+07 1.1 0.0e+00 0.0e+00 0.0e+00 84 41  0  0  0  86 100  0  0  0     8
KSPSetUp               1 1.0 1.0616e-05 11.7 0.00e+00 0.0 0.0e+00 0.0e+00 0.0e+00  0  0  0  0  0   0  0  0  0  0     0
PCSetUp                1 1.0 1.6168e+01 1.0 3.12e+07 1.1 0.0e+00 0.0e+00 0.0e+00 97 41  0  0  0 100 100  0  0  0     7

--- Event Stage 3: Solve

BuildTwoSided          1 1.0 1.1481e-03 3.5 0.00e+00 0.0 1.2e+01 4.0e+00 0.0e+00  0  0  9  0  0   2  0 14  0  0     0
MatSolve               1 1.0 4.9766e-02 1.0 4.29e+07 1.3 8.4e+01 1.1e+04 1.0e+00  0 52 61  1  2  99 100 100 100 100  2988
VecScatterBegin        1 1.0 3.6709e-04 4.9 0.00e+00 0.0 1.2e+01 2.7e+04 0.0e+00  0  0  9  0  0   0  0 14 36  0     0
VecScatterEnd          1 1.0 2.9829e-04 2.6 0.00e+00 0.0 0.0e+00 0.0e+00 0.0e+00  0  0  0  0  0   0  0  0  0  0     0
SFSetGraph             1 1.0 7.0798e-04 1.3 0.00e+00 0.0 0.0e+00 0.0e+00 0.0e+00  0  0  0  0  0   1  0  0  0  0     0
SFSetUp                1 1.0 1.4028e-03 1.6 0.00e+00 0.0 2.4e+01 6.7e+03 0.0e+00  0  0 17  0  0   2  0 29 18  0     0
SFPack                 1 1.0 4.6515e-05 1.2 0.00e+00 0.0 0.0e+00 0.0e+00 0.0e+00  0  0  0  0  0   0  0  0  0  0     0
SFUnpack               1 1.0 1.3060e-04 3.5 0.00e+00 0.0 0.0e+00 0.0e+00 0.0e+00  0  0  0  0  0   0  0  0  0  0     0
KSPSolve               1 1.0 4.9920e-02 1.0 4.29e+07 1.3 8.4e+01 1.1e+04 1.0e+00  0 52 61  1  2 100 100 100 100 100  2979
PCApply                1 1.0 4.9771e-02 1.0 4.29e+07 1.3 8.4e+01 1.1e+04 1.0e+00  0 52 61  1  2  99 100 100 100 100  2988
------------------------------------------------------------------------------------------------------------------------

Object Type          Creations   Destructions. Reports information only for process 0.

--- Event Stage 0: Main Stage

              Viewer     1              1
              Matrix     4              4
              Vector     5              6
           Index Set     2              2
   Star Forest Graph     1              2
       Krylov Solver     1              1
      Preconditioner     1              1

--- Event Stage 1: Reorder


--- Event Stage 2: Factorization

              Vector     1              0

--- Event Stage 3: Solve

              Vector     1              1
           Index Set     2              2
   Star Forest Graph     1              0
========================================================================================================================
Average time to get PetscTime(): 1.5645e-06
Average time for MPI_Barrier(): 3.7994e-06
Average time for zero size MPI_Send(): 2.4095e-06
#PETSc Option Table entries:
-log_view # (source: command line)
-mat_file ../matrices/bin/crankseg_1.bin # (source: command line)
-mat_mumps_icntl_2 3 # (source: command line)
-mat_mumps_icntl_28 2 # (source: command line)
-mat_mumps_icntl_29 2 # (source: command line)
-mat_mumps_icntl_4 2 # (source: command line)
-mat_mumps_icntl_7 7 # (source: command line)
-mat_solver_type mumps # (source: command line)
-matload_block_size 1 # (source: file)
-pc_type lu # (source: command line)
#End of PETSc Option Table entries
Compiled without FORTRAN kernels
Compiled with full precision matrices (default)
sizeof(short) 2 sizeof(int) 4 sizeof(long) 8 sizeof(void*) 8 sizeof(PetscScalar) 8 sizeof(PetscInt) 4
Configure options: --with-cc=gcc --with-cxx=g++ --with-fc=gfortran --with-debugging=0 --with-shared-libraries=1 --with-64-bit-indices=0 --download-mpich --download-netlib-lapack --with-netlib-lapack-c-bindings --download-scalapack --download-suitesparse --download-metis --download-parmetis --download-ptscotch --download-superlu --download-superlu_dist --download-mumps --download-pastix --download-hypre --download-hdf5 --download-zlib --download-hwloc --download-bison
-----------------------------------------
Libraries compiled on 2025-09-21 15:24:35 on HP-Pavilion-Gaming-Laptop-15-ec0xxx
Machine characteristics: Linux-6.8.0-83-generic-x86_64-with-glibc2.39
Using PETSc directory: /home/alexandr/Plocha/bsc_thesis/numerical_experiments/petsc
Using PETSc arch: arch-linux-c-opt
-----------------------------------------

Using C compiler: /home/alexandr/Plocha/bsc_thesis/numerical_experiments/petsc/arch-linux-c-opt/bin/mpicc  -Wall -Wwrite-strings -Wno-unknown-pragmas -Wno-lto-type-mismatch -Wno-stringop-overflow -fstack-protector -fvisibility=hidden -g -O 
Using Fortran compiler: /home/alexandr/Plocha/bsc_thesis/numerical_experiments/petsc/arch-linux-c-opt/bin/mpif90  -Wall -ffree-line-length-none -ffree-line-length-0 -Wno-lto-type-mismatch -Wno-unused-dummy-argument -g -O  
-----------------------------------------

Using include paths: -I/home/alexandr/Plocha/bsc_thesis/numerical_experiments/petsc/include -I/home/alexandr/Plocha/bsc_thesis/numerical_experiments/petsc/arch-linux-c-opt/include -I/home/alexandr/Plocha/bsc_thesis/numerical_experiments/petsc/arch-linux-c-opt/include/suitesparse
-----------------------------------------

Using C linker: /home/alexandr/Plocha/bsc_thesis/numerical_experiments/petsc/arch-linux-c-opt/bin/mpicc
Using Fortran linker: /home/alexandr/Plocha/bsc_thesis/numerical_experiments/petsc/arch-linux-c-opt/bin/mpif90
Using libraries: -Wl,-rpath,/home/alexandr/Plocha/bsc_thesis/numerical_experiments/petsc/arch-linux-c-opt/lib -L/home/alexandr/Plocha/bsc_thesis/numerical_experiments/petsc/arch-linux-c-opt/lib -lpetsc -Wl,-rpath,/home/alexandr/Plocha/bsc_thesis/numerical_experiments/petsc/arch-linux-c-opt/lib -L/home/alexandr/Plocha/bsc_thesis/numerical_experiments/petsc/arch-linux-c-opt/lib -Wl,-rpath,/usr/lib/gcc/x86_64-linux-gnu/13 -L/usr/lib/gcc/x86_64-linux-gnu/13 -lHYPRE -lspqr -lumfpack -lklu -lcholmod -lamd -lsuperlu_dist -ldmumps -lmumps_common -lpord -lpthread -lscalapack -lpastix -lsuperlu -llapacke -llapack -lcblas -lblas -lptesmumps -lptscotchparmetisv3 -lptscotch -lptscotcherr -lesmumps -lscotch -lscotcherr -llapacke -lcblas -llapack -lblas -lparmetis -lmetis -lhdf5_hl -lhdf5 -lm -lz -lhwloc -lX11 -lmpifort -lmpi -lgfortran -lm -lgfortran -lm -lgcc_s -lquadmath -lstdc++
-----------------------------------------

