
Entering DMUMPS 5.8.1 from C interface with JOB, N =   1      155331
      executing #MPI =      8, without OMP

Advanced settings:
   KEEP(370) Static mapping              =         1
   KEEP(371) Advanced optimizations      =         0

 =================================================
 MUMPS compiled with option -Dmetis
 MUMPS compiled with option -Dparmetis
 MUMPS compiled with option -Dpord
 MUMPS compiled with option -Dptscotch
 MUMPS compiled with option -Dscotch
 =================================================
L U Solver for unsymmetric matrices
Type of parallelism: Working host

 ****** ANALYSIS STEP ********

 ** Maximum transversal (ICNTL(6)) not allowed because matrix is distributed
 Processing a graph of size:    155331 with      11128172 edges
 Ordering based on AMD 
 A root of estimated size        40710  has been selected for Scalapack.

Leaving analysis phase with  ...
 INFOG(1)                                       =               0
 INFOG(2)                                       =               0
 -- (20) Number of entries in factors (estim.)  =      5599320459
 --  (3) Real space for factors    (estimated)  =      5599543608
 --  (4) Integer space for factors (estimated)  =         4354626
 --  (5) Maximum frontal size      (estimated)  =           46461
 --  (6) Number of nodes in the tree            =            1346
 -- (32) Type of analysis effectively used      =               1
 --  (7) Ordering option effectively used       =               0
 ICNTL (6) Maximum transversal option           =               0
 ICNTL (7) Pivot order option                   =               0
 ICNTL(12) Ordering symmetric indef. matrices   =               1
 ICNTL(13) Parallelism/splitting of root node   =               0
 ICNTL(14) Percentage of memory relaxation      =              25
 ICNTL(15) Analysis by block effectively used   =               0
 ICNTL(18) Distributed input matrix (on if >0)  =               3
 ICNTL(32) Forward elimination during facto.    =               0
 ICNTL(35) BLR activation                       =               0
 ICNTL(48) Tree based multithreading (effective)=               0
 ICNTL(58) Symbolic factorization option        =               2
 Number of level 2 nodes                        =              13
 Number of split nodes                          =               1
 RINFOG(1) Operations during elimination (estim)= 1.594D+14
 Distributed matrix entry format (ICNTL(18))    =               3

 MEMORY ESTIMATIONS ... 
 Estimations with standard Full-Rank (FR) factorization:
    Maximum estim. space in Mbytes, IC facto.    (INFOG(16)):           20967
    Total space in MBytes, IC factorization      (INFOG(17)):          135182
    Maximum estim. space in Mbytes, OOC facto.   (INFOG(26)):           17313
    Total space in MBytes,  OOC factorization    (INFOG(27)):          115830

 Elapsed time in analysis driver=       1.1385

Entering DMUMPS 5.8.1 from C interface with JOB, N =   2      155331
      executing #MPI =      8, without OMP

Advanced settings:
   KEEP(370) Static mapping              =         1
   KEEP(371) Advanced optimizations      =         0



****** FACTORIZATION STEP ********

 GLOBAL STATISTICS PRIOR NUMERICAL FACTORIZATION ...
 Number of working processes                =               8
 ICNTL(22) Out-of-core option               =               0
 ICNTL(35) BLR activation (eff. choice)     =               0
 ICNTL(37) BLR CB compression (eff. choice) =               0
 ICNTL(49) Compact workarray S (end facto.) =               0
 ICNTL(56) Effective value during facto.    =               0
 ICNTL(14) Memory relaxation                =              25
 INFOG(3) Real space for factors (estimated)=      5599543608
 INFOG(4) Integer space for factors (estim.)=         4354626
 Maximum frontal size (estimated)           =           46461
 Number of nodes in the tree                =            1346
 ICNTL(23) Memory allowed (value on host)   =               0
           Sum over all procs               =               0
 Memory provided by user, sum of LWK_USER   =               0
 Effective threshold for pivoting, CNTL(1)  =      0.1000D-01

 Statistics on the scaling phase
 Elapsed time for scaling                   =      0.0998
 Max difference from 1 after scaling the entries for ONE-NORM (option 7/8)   = 0.17D-01

 Average Effective size of S     (based on INFO(39))=           2086416683

 Redistrib: total data local/sent           =         3380520        19360492
 Elapsed time to reformat/distribute matrix =      0.9314


 Allocated buffers
 ------------------
 Size of reception buffer in bytes ...... =     43711756
 Size of async. emission buffer (bytes).. =    131572379
 Small emission buffer (bytes) .......... =         2100
[0]PETSC ERROR: ------------------------------------------------------------------------
[0]PETSC ERROR: Caught signal number 15 Terminate: Some process (or the batch system) has told this process to end
[0]PETSC ERROR: Try option -start_in_debugger or -on_error_attach_debugger
[0]PETSC ERROR: or see https://petsc.org/release/faq/#valgrind and https://petsc.org/release/faq/
[0]PETSC ERROR: configure using --with-debugging=yes, recompile, link, and run 
[0]PETSC ERROR: to get more information on the crash.
[4]PETSC ERROR: ------------------------------------------------------------------------
[4]PETSC ERROR: Caught signal number 15 Terminate: Some process (or the batch system) has told this process to end
[4]PETSC ERROR: Try option -start_in_debugger or -on_error_attach_debugger
[4]PETSC ERROR: or see https://petsc.org/release/faq/#valgrind and https://petsc.org/release/faq/
[4]PETSC ERROR: configure using --with-debugging=yes, recompile, link, and run 
[4]PETSC ERROR: to get more information on the crash.
application called MPI_Abort(MPI_COMM_WORLD, 59) - process 0
application called MPI_Abort(MPI_COMM_WORLD, 59) - process 4
