
Entering DMUMPS 5.8.1 from C interface with JOB, N =   1       94069
      executing #MPI =      8, without OMP

Advanced settings:
   KEEP(370) Static mapping              =         1
   KEEP(371) Advanced optimizations      =         0

 =================================================
 MUMPS compiled with option -Dmetis
 MUMPS compiled with option -Dparmetis
 MUMPS compiled with option -Dpord
 MUMPS compiled with option -Dptscotch
 MUMPS compiled with option -Dscotch
 =================================================
L U Solver for unsymmetric matrices
Type of parallelism: Working host

 ****** ANALYSIS STEP ********

 ** Maximum transversal (ICNTL(6)) not allowed because matrix is distributed
 Processing a graph of size:     94069 with        366424 edges
 Ordering based on AMD 
 A root of estimated size         1714  has been selected for Scalapack.

Leaving analysis phase with  ...
 INFOG(1)                                       =               0
 INFOG(2)                                       =               0
 -- (20) Number of entries in factors (estim.)  =        28101089
 --  (3) Real space for factors    (estimated)  =        28106032
 --  (4) Integer space for factors (estimated)  =          809400
 --  (5) Maximum frontal size      (estimated)  =            1735
 --  (6) Number of nodes in the tree            =            6209
 -- (32) Type of analysis effectively used      =               1
 --  (7) Ordering option effectively used       =               0
 ICNTL (6) Maximum transversal option           =               0
 ICNTL (7) Pivot order option                   =               0
 ICNTL(12) Ordering symmetric indef. matrices   =               1
 ICNTL(13) Parallelism/splitting of root node   =               0
 ICNTL(14) Percentage of memory relaxation      =              25
 ICNTL(15) Analysis by block effectively used   =               0
 ICNTL(18) Distributed input matrix (on if >0)  =               3
 ICNTL(32) Forward elimination during facto.    =               0
 ICNTL(35) BLR activation                       =               0
 ICNTL(48) Tree based multithreading (effective)=               0
 ICNTL(58) Symbolic factorization option        =               2
 Number of level 2 nodes                        =              10
 Number of split nodes                          =               0
 RINFOG(1) Operations during elimination (estim)= 1.927D+10
 Distributed matrix entry format (ICNTL(18))    =               3

 MEMORY ESTIMATIONS ... 
 Estimations with standard Full-Rank (FR) factorization:
    Maximum estim. space in Mbytes, IC facto.    (INFOG(16)):             107
    Total space in MBytes, IC factorization      (INFOG(17)):             773
    Maximum estim. space in Mbytes, OOC facto.   (INFOG(26)):              83
    Total space in MBytes,  OOC factorization    (INFOG(27)):             605

 Elapsed time in analysis driver=       0.0727

Entering DMUMPS 5.8.1 from C interface with JOB, N =   2       94069
      executing #MPI =      8, without OMP

Advanced settings:
   KEEP(370) Static mapping              =         1
   KEEP(371) Advanced optimizations      =         0



****** FACTORIZATION STEP ********

 GLOBAL STATISTICS PRIOR NUMERICAL FACTORIZATION ...
 Number of working processes                =               8
 ICNTL(22) Out-of-core option               =               0
 ICNTL(35) BLR activation (eff. choice)     =               0
 ICNTL(37) BLR CB compression (eff. choice) =               0
 ICNTL(49) Compact workarray S (end facto.) =               0
 ICNTL(56) Effective value during facto.    =               0
 ICNTL(14) Memory relaxation                =              25
 INFOG(3) Real space for factors (estimated)=        28106032
 INFOG(4) Integer space for factors (estim.)=          809400
 Maximum frontal size (estimated)           =            1735
 Number of nodes in the tree                =            6209
 ICNTL(23) Memory allowed (value on host)   =               0
           Sum over all procs               =               0
 Memory provided by user, sum of LWK_USER   =               0
 Effective threshold for pivoting, CNTL(1)  =      0.1000D-01

 Statistics on the scaling phase
 Elapsed time for scaling                   =      0.0077
 Max difference from 1 after scaling the entries for ONE-NORM (option 7/8)   = 0.11D+00

 Average Effective size of S     (based on INFO(39))=              6374185

 Redistrib: total data local/sent           =           39928          422035
 Elapsed time to reformat/distribute matrix =      0.0068


 Allocated buffers
 ------------------
 Size of reception buffer in bytes ...... =      1483632
 Size of async. emission buffer (bytes).. =      4465733
 Small emission buffer (bytes) .......... =         2040
 ** Memory allocated, max in Mbytes             (INFOG(18)):         107

 ** Memory allocated, total in Mbytes           (INFOG(19)):         773
 ** Memory effectively used, max in  Mbytes     (INFOG(21)):          92
 ** Memory effectively used, total in Mbytes    (INFOG(22)):         671

 Elapsed time to process root node                  =      0.0447

 Elapsed time for factorization                     =      0.3076

Leaving factorization with ...
 RINFOG (2) Operations in node assembly             = 4.475D+07
 ------ (3) Operations in node elimination          = 1.933D+10
 ICNTL  (8) Scaling effectively used                =               7
 INFOG  (9) Real space for factors                  =        28315097
 INFOG (10) Integer space for factors               =          812667
 INFOG (11) Maximum front size                      =            1736
 INFOG (29) Number of entries in factors            =        28315097
 INFOG (12) Number of off diagonal pivots           =            9605
 INFOG (13) Number of delayed pivots                =            1479
 RINFOG(19) Smallest pivot WITH perturbed pivots    = 2.326D-03
 RINFOG(20) Smallest pivot WITHOUT perturbed pivots = 2.326D-03
 RINFOG(21) Largest pivot in absolute value         = 2.063D+02
 INFOG (24) Effective value of ICNTL(12)            =               1
 INFOG (14) Number of memory compress               =               2

 Elapsed time in factorization driver               =      0.3233

Entering DMUMPS 5.8.1 from C interface with JOB, N =   3       94069
      executing #MPI =      8, without OMP

Advanced settings:
   KEEP(370) Static mapping              =         1
   KEEP(371) Advanced optimizations      =         0



 ****** SOLVE & CHECK STEP ********

 GLOBAL STATISTICS PRIOR SOLVE PHASE ...........
 Number of right-hand-sides                    =           1
 Blocking factor for multiple rhs              =           1
 ICNTL (9)                                     =           1
  --- (10)                                     =           0
  --- (11)                                     =           0
  --- (20)                                     =          10
  --- (21)                                     =           1
  --- (30)                                     =           0
  --- (35)                                     =           0
  --- (48) (effective)                         =           0
 ** Rank of processor needing largest memory in solve     :         2
 ** Space in MBYTES used by this processor for solve      :        81
 ** Avg. Space in MBYTES per working proc during solve    :        71

 Leaving solve with ...
 Time to build/scatter RHS        =       0.000390
 Time in solution step (fwd/bwd)  =       0.011088
  .. Time in forward (fwd) step   =          0.005090
  .. Time in ScaLAPACK root       =          0.001514
  .. Time in backward (bwd) step  =          0.004473
 Time to gather solution(cent.sol)=       0.000000
 Time for distributed solution    =       0.000077

 Elapsed time in solve driver=       0.0123

Entering DMUMPS 5.8.1 from C interface with JOB =  -2
      executing #MPI =      8, without OMP
||Ax - b||_2 = 9.443243e-10
