
Entering DMUMPS 5.8.1 from C interface with JOB, N =   1      115967
      executing #MPI =      8, without OMP

Advanced settings:
   KEEP(370) Static mapping              =         1
   KEEP(371) Advanced optimizations      =         0

 =================================================
 MUMPS compiled with option -Dmetis
 MUMPS compiled with option -Dparmetis
 MUMPS compiled with option -Dpord
 MUMPS compiled with option -Dptscotch
 MUMPS compiled with option -Dscotch
 =================================================
L U Solver for unsymmetric matrices
Type of parallelism: Working host

 ****** ANALYSIS STEP ********

 ** Maximum transversal (ICNTL(6)) not allowed because matrix is distributed
 Processing a graph of size:    115967 with        925180 edges
 Ordering based on SCOTCH 
 ELAPSED TIME SPENT IN SCOTCH reordering =      0.4051
 WARNING: Largest root node of size       503 not selected for parallel execution

Leaving analysis phase with  ...
 INFOG(1)                                       =               0
 INFOG(2)                                       =               0
 -- (20) Number of entries in factors (estim.)  =        13837377
 --  (3) Real space for factors    (estimated)  =        13837377
 --  (4) Integer space for factors (estimated)  =          824980
 --  (5) Maximum frontal size      (estimated)  =             521
 --  (6) Number of nodes in the tree            =            5943
 -- (32) Type of analysis effectively used      =               1
 --  (7) Ordering option effectively used       =               3
 ICNTL (6) Maximum transversal option           =               0
 ICNTL (7) Pivot order option                   =               3
 ICNTL(12) Ordering symmetric indef. matrices   =               1
 ICNTL(13) Parallelism/splitting of root node   =               0
 ICNTL(14) Percentage of memory relaxation      =              25
 ICNTL(15) Analysis by block effectively used   =               0
 ICNTL(18) Distributed input matrix (on if >0)  =               3
 ICNTL(32) Forward elimination during facto.    =               0
 ICNTL(35) BLR activation                       =               0
 ICNTL(48) Tree based multithreading (effective)=               0
 ICNTL(58) Symbolic factorization option        =               2
 Number of level 2 nodes                        =               0
 Number of split nodes                          =               0
 RINFOG(1) Operations during elimination (estim)= 1.521D+09
 Distributed matrix entry format (ICNTL(18))    =               3

 MEMORY ESTIMATIONS ... 
 Estimations with standard Full-Rank (FR) factorization:
    Maximum estim. space in Mbytes, IC facto.    (INFOG(16)):              68
    Total space in MBytes, IC factorization      (INFOG(17)):             524
    Maximum estim. space in Mbytes, OOC facto.   (INFOG(26)):              54
    Total space in MBytes,  OOC factorization    (INFOG(27)):             416

 Elapsed time in analysis driver=       0.4512

Entering DMUMPS 5.8.1 from C interface with JOB, N =   2      115967
      executing #MPI =      8, without OMP

Advanced settings:
   KEEP(370) Static mapping              =         1
   KEEP(371) Advanced optimizations      =         0



****** FACTORIZATION STEP ********

 GLOBAL STATISTICS PRIOR NUMERICAL FACTORIZATION ...
 Number of working processes                =               8
 ICNTL(22) Out-of-core option               =               0
 ICNTL(35) BLR activation (eff. choice)     =               0
 ICNTL(37) BLR CB compression (eff. choice) =               0
 ICNTL(49) Compact workarray S (end facto.) =               0
 ICNTL(56) Effective value during facto.    =               0
 ICNTL(14) Memory relaxation                =              25
 INFOG(3) Real space for factors (estimated)=        13837377
 INFOG(4) Integer space for factors (estim.)=          824980
 Maximum frontal size (estimated)           =             521
 Number of nodes in the tree                =            5943
 ICNTL(23) Memory allowed (value on host)   =               0
           Sum over all procs               =               0
 Memory provided by user, sum of LWK_USER   =               0
 Effective threshold for pivoting, CNTL(1)  =      0.1000D-01

 Statistics on the scaling phase
 Elapsed time for scaling                   =      0.0118
 Max difference from 1 after scaling the entries for ONE-NORM (option 7/8)   = 0.18D+00

 Average Effective size of S     (based on INFO(39))=              2381987

 Redistrib: total data local/sent           =          163178          870295
 Elapsed time to reformat/distribute matrix =      0.0065


 Allocated buffers
 ------------------
 Size of reception buffer in bytes ...... =       910364
 Size of async. emission buffer (bytes).. =      2740192
 Small emission buffer (bytes) .......... =         1280
 ** Memory allocated, max in Mbytes             (INFOG(18)):          68

 ** Memory allocated, total in Mbytes           (INFOG(19)):         524
 ** Memory effectively used, max in  Mbytes     (INFOG(21)):          64
 ** Memory effectively used, total in Mbytes    (INFOG(22)):         493

 Elapsed time for factorization                     =      0.0462

Leaving factorization with ...
 RINFOG (2) Operations in node assembly             = 1.436D+07
 ------ (3) Operations in node elimination          = 1.521D+09
 ICNTL  (8) Scaling effectively used                =               7
 INFOG  (9) Real space for factors                  =        13837377
 INFOG (10) Integer space for factors               =          824980
 INFOG (11) Maximum front size                      =             521
 INFOG (29) Number of entries in factors            =        13837377
 INFOG (12) Number of off diagonal pivots           =               0
 INFOG (13) Number of delayed pivots                =               0
 RINFOG(19) Smallest pivot WITH perturbed pivots    = 2.120D-01
 RINFOG(20) Smallest pivot WITHOUT perturbed pivots = 2.120D-01
 RINFOG(21) Largest pivot in absolute value         = 8.198D-01
 INFOG (24) Effective value of ICNTL(12)            =               1
 INFOG (14) Number of memory compress               =               0

 Elapsed time in factorization driver               =      0.0658

Entering DMUMPS 5.8.1 from C interface with JOB, N =   3      115967
      executing #MPI =      8, without OMP

Advanced settings:
   KEEP(370) Static mapping              =         1
   KEEP(371) Advanced optimizations      =         0



 ****** SOLVE & CHECK STEP ********

 GLOBAL STATISTICS PRIOR SOLVE PHASE ...........
 Number of right-hand-sides                    =           1
 Blocking factor for multiple rhs              =           1
 ICNTL (9)                                     =           1
  --- (10)                                     =           0
  --- (11)                                     =           0
  --- (20)                                     =          10
  --- (21)                                     =           1
  --- (30)                                     =           0
  --- (35)                                     =           0
  --- (48) (effective)                         =           0
 ** Rank of processor needing largest memory in solve     :         0
 ** Space in MBYTES used by this processor for solve      :        43
 ** Avg. Space in MBYTES per working proc during solve    :        40

 Leaving solve with ...
 Time to build/scatter RHS        =       0.000476
 Time in solution step (fwd/bwd)  =       0.006030
  .. Time in forward (fwd) step   =          0.002728
  .. Time in backward (bwd) step  =          0.003289
 Time to gather solution(cent.sol)=       0.000000
 Time for distributed solution    =       0.000084

 Elapsed time in solve driver=       0.0075

Entering DMUMPS 5.8.1 from C interface with JOB =  -2
      executing #MPI =      8, without OMP
||Ax - b||_2 = 2.149860e-13
