
Entering DMUMPS 5.8.1 from C interface with JOB, N =   1      116835
      executing #MPI =      8, without OMP

Advanced settings:
   KEEP(370) Static mapping              =         1
   KEEP(371) Advanced optimizations      =         0

 =================================================
 MUMPS compiled with option -Dmetis
 MUMPS compiled with option -Dparmetis
 MUMPS compiled with option -Dpord
 MUMPS compiled with option -Dptscotch
 MUMPS compiled with option -Dscotch
 =================================================
L U Solver for unsymmetric matrices
Type of parallelism: Working host

 ****** ANALYSIS STEP ********

 Processing a graph of size:    116835 with        744236 edges
 Ordering based on SCOTCH 
 ELAPSED TIME SPENT IN SCOTCH reordering =      0.3505
 WARNING: Largest root node of size       453 not selected for parallel execution

Leaving analysis phase with  ...
 INFOG(1)                                       =               0
 INFOG(2)                                       =               0
 -- (20) Number of entries in factors (estim.)  =         4026089
 --  (3) Real space for factors    (estimated)  =         4026089
 --  (4) Integer space for factors (estimated)  =          474836
 --  (5) Maximum frontal size      (estimated)  =             453
 --  (6) Number of nodes in the tree            =            7294
 -- (32) Type of analysis effectively used      =               1
 --  (7) Ordering option effectively used       =               3
 ICNTL (6) Maximum transversal option           =               0
 ICNTL (7) Pivot order option                   =               3
 ICNTL(12) Ordering symmetric indef. matrices   =               1
 ICNTL(13) Parallelism/splitting of root node   =               0
 ICNTL(14) Percentage of memory relaxation      =              25
 ICNTL(15) Analysis by block effectively used   =               0
 ICNTL(18) Distributed input matrix (on if >0)  =               3
 ICNTL(32) Forward elimination during facto.    =               0
 ICNTL(35) BLR activation                       =               0
 ICNTL(48) Tree based multithreading (effective)=               0
 ICNTL(58) Symbolic factorization option        =               2
 Number of level 2 nodes                        =               0
 Number of split nodes                          =               0
 RINFOG(1) Operations during elimination (estim)= 1.723D+08
 Distributed matrix entry format (ICNTL(18))    =               3

 MEMORY ESTIMATIONS ... 
 Estimations with standard Full-Rank (FR) factorization:
    Maximum estim. space in Mbytes, IC facto.    (INFOG(16)):              70
    Total space in MBytes, IC factorization      (INFOG(17)):             412
    Maximum estim. space in Mbytes, OOC facto.   (INFOG(26)):              53
    Total space in MBytes,  OOC factorization    (INFOG(27)):             386

 Elapsed time in analysis driver=       0.4062

Entering DMUMPS 5.8.1 from C interface with JOB, N =   2      116835
      executing #MPI =      8, without OMP

Advanced settings:
   KEEP(370) Static mapping              =         1
   KEEP(371) Advanced optimizations      =         0



****** FACTORIZATION STEP ********

 GLOBAL STATISTICS PRIOR NUMERICAL FACTORIZATION ...
 Number of working processes                =               8
 ICNTL(22) Out-of-core option               =               0
 ICNTL(35) BLR activation (eff. choice)     =               0
 ICNTL(37) BLR CB compression (eff. choice) =               0
 ICNTL(49) Compact workarray S (end facto.) =               0
 ICNTL(56) Effective value during facto.    =               0
 ICNTL(14) Memory relaxation                =              25
 INFOG(3) Real space for factors (estimated)=         4026089
 INFOG(4) Integer space for factors (estim.)=          474836
 Maximum frontal size (estimated)           =             453
 Number of nodes in the tree                =            7294
 ICNTL(23) Memory allowed (value on host)   =               0
           Sum over all procs               =               0
 Memory provided by user, sum of LWK_USER   =               0
 Effective threshold for pivoting, CNTL(1)  =      0.1000D-01

 Statistics on the scaling phase
 Elapsed time for scaling                   =      0.0125
 Max difference from 1 after scaling the entries for ONE-NORM (option 7/8)   = 0.15D+01

 Average Effective size of S     (based on INFO(39))=               693354

 Redistrib: total data local/sent           =           58796          707600
 Elapsed time to reformat/distribute matrix =      0.0099


 Allocated buffers
 ------------------
 Size of reception buffer in bytes ...... =       771348
 Size of async. emission buffer (bytes).. =      2321758
 Small emission buffer (bytes) .......... =         1280
 ** Memory allocated, max in Mbytes             (INFOG(18)):          70

 ** Memory allocated, total in Mbytes           (INFOG(19)):         412
 ** Memory effectively used, max in  Mbytes     (INFOG(21)):          66
 ** Memory effectively used, total in Mbytes    (INFOG(22)):         403

 Elapsed time for factorization                     =      0.1211

Leaving factorization with ...
 RINFOG (2) Operations in node assembly             = 9.353D+05
 ------ (3) Operations in node elimination          = 1.723D+08
 ICNTL  (8) Scaling effectively used                =               7
 INFOG  (9) Real space for factors                  =         4026089
 INFOG (10) Integer space for factors               =          474836
 INFOG (11) Maximum front size                      =             453
 INFOG (29) Number of entries in factors            =         4026089
 INFOG (12) Number of off diagonal pivots           =               0
 INFOG (13) Number of delayed pivots                =               0
 RINFOG(19) Smallest pivot WITH perturbed pivots    = 1.095D-03
 RINFOG(20) Smallest pivot WITHOUT perturbed pivots = 1.095D-03
 RINFOG(21) Largest pivot in absolute value         = 1.000D+00
 INFOG (24) Effective value of ICNTL(12)            =               1
 INFOG (14) Number of memory compress               =               0

 Elapsed time in factorization driver               =      0.1450

Entering DMUMPS 5.8.1 from C interface with JOB, N =   3      116835
      executing #MPI =      8, without OMP

Advanced settings:
   KEEP(370) Static mapping              =         1
   KEEP(371) Advanced optimizations      =         0



 ****** SOLVE & CHECK STEP ********

 GLOBAL STATISTICS PRIOR SOLVE PHASE ...........
 Number of right-hand-sides                    =           1
 Blocking factor for multiple rhs              =           1
 ICNTL (9)                                     =           1
  --- (10)                                     =           0
  --- (11)                                     =           0
  --- (20)                                     =          10
  --- (21)                                     =           1
  --- (30)                                     =           0
  --- (35)                                     =           0
  --- (48) (effective)                         =           0
 ** Rank of processor needing largest memory in solve     :         2
 ** Space in MBYTES used by this processor for solve      :        44
 ** Avg. Space in MBYTES per working proc during solve    :        26

 Leaving solve with ...
 Time to build/scatter RHS        =       0.001255
 Time in solution step (fwd/bwd)  =       0.011378
  .. Time in forward (fwd) step   =          0.006033
  .. Time in backward (bwd) step  =          0.005325
 Time to gather solution(cent.sol)=       0.000000
 Time for distributed solution    =       0.000139

 Elapsed time in solve driver=       0.0138

Entering DMUMPS 5.8.1 from C interface with JOB =  -2
      executing #MPI =      8, without OMP
||Ax - b||_2 = 1.184481e-10
