
Entering DMUMPS 5.8.1 from C interface with JOB, N =   1      120216
      executing #MPI =      8, without OMP

Advanced settings:
   KEEP(370) Static mapping              =         1
   KEEP(371) Advanced optimizations      =         0

 =================================================
 MUMPS compiled with option -Dmetis
 MUMPS compiled with option -Dparmetis
 MUMPS compiled with option -Dpord
 MUMPS compiled with option -Dptscotch
 MUMPS compiled with option -Dscotch
 =================================================
L U Solver for unsymmetric matrices
Type of parallelism: Working host

 ****** ANALYSIS STEP ********

 ** Maximum transversal (ICNTL(6)) not allowed because matrix is distributed
 Processing a graph of size:    120216 with       3091042 edges
 Ordering based on AMD 
 WARNING: Largest root node of size       208 not selected for parallel execution

Leaving analysis phase with  ...
 INFOG(1)                                       =               0
 INFOG(2)                                       =               0
 -- (20) Number of entries in factors (estim.)  =        28481778
 --  (3) Real space for factors    (estimated)  =        28481778
 --  (4) Integer space for factors (estimated)  =          545280
 --  (5) Maximum frontal size      (estimated)  =             380
 --  (6) Number of nodes in the tree            =            4124
 -- (32) Type of analysis effectively used      =               1
 --  (7) Ordering option effectively used       =               0
 ICNTL (6) Maximum transversal option           =               0
 ICNTL (7) Pivot order option                   =               0
 ICNTL(12) Ordering symmetric indef. matrices   =               1
 ICNTL(13) Parallelism/splitting of root node   =               0
 ICNTL(14) Percentage of memory relaxation      =              25
 ICNTL(15) Analysis by block effectively used   =               0
 ICNTL(18) Distributed input matrix (on if >0)  =               3
 ICNTL(32) Forward elimination during facto.    =               0
 ICNTL(35) BLR activation                       =               0
 ICNTL(48) Tree based multithreading (effective)=               0
 ICNTL(58) Symbolic factorization option        =               2
 Number of level 2 nodes                        =               0
 Number of split nodes                          =               0
 RINFOG(1) Operations during elimination (estim)= 6.148D+09
 Distributed matrix entry format (ICNTL(18))    =               3

 MEMORY ESTIMATIONS ... 
 Estimations with standard Full-Rank (FR) factorization:
    Maximum estim. space in Mbytes, IC facto.    (INFOG(16)):             238
    Total space in MBytes, IC factorization      (INFOG(17)):             686
    Maximum estim. space in Mbytes, OOC facto.   (INFOG(26)):              71
    Total space in MBytes,  OOC factorization    (INFOG(27)):             419

 Elapsed time in analysis driver=       0.2939

Entering DMUMPS 5.8.1 from C interface with JOB, N =   2      120216
      executing #MPI =      8, without OMP

Advanced settings:
   KEEP(370) Static mapping              =         1
   KEEP(371) Advanced optimizations      =         0



****** FACTORIZATION STEP ********

 GLOBAL STATISTICS PRIOR NUMERICAL FACTORIZATION ...
 Number of working processes                =               8
 ICNTL(22) Out-of-core option               =               0
 ICNTL(35) BLR activation (eff. choice)     =               0
 ICNTL(37) BLR CB compression (eff. choice) =               0
 ICNTL(49) Compact workarray S (end facto.) =               0
 ICNTL(56) Effective value during facto.    =               0
 ICNTL(14) Memory relaxation                =              25
 INFOG(3) Real space for factors (estimated)=        28481778
 INFOG(4) Integer space for factors (estim.)=          545280
 Maximum frontal size (estimated)           =             380
 Number of nodes in the tree                =            4124
 ICNTL(23) Memory allowed (value on host)   =               0
           Sum over all procs               =               0
 Memory provided by user, sum of LWK_USER   =               0
 Effective threshold for pivoting, CNTL(1)  =      0.1000D-01

 Statistics on the scaling phase
 Elapsed time for scaling                   =      0.0333
 Max difference from 1 after scaling the entries for ONE-NORM (option 7/8)   = 0.16D+01

 Average Effective size of S     (based on INFO(39))=              4525501

 Redistrib: total data local/sent           =          572222         2548938
 Elapsed time to reformat/distribute matrix =      0.0484


 Allocated buffers
 ------------------
 Size of reception buffer in bytes ...... =       257548
 Size of async. emission buffer (bytes).. =       775213
 Small emission buffer (bytes) .......... =         1280
 ** Memory allocated, max in Mbytes             (INFOG(18)):         238

 ** Memory allocated, total in Mbytes           (INFOG(19)):         687
 ** Memory effectively used, max in  Mbytes     (INFOG(21)):         110
 ** Memory effectively used, total in Mbytes    (INFOG(22)):         548

 Elapsed time for (failed) factorization            =      0.1026

Leaving factorization with ...
 RINFOG (2) Operations in node assembly             = 2.982D+06
 ------ (3) Operations in node elimination          = 4.314D+09
 ICNTL  (8) Scaling effectively used                =               7
 INFOG  (9) Real space for factors                  =        16879233
 INFOG (10) Integer space for factors               =          294540
 INFOG (11) Maximum front size                      =             509
 INFOG (29) Number of entries in factors            =        16819208
 INFOG (12) Number of off diagonal pivots           =           31373
 INFOG (13) Number of delayed pivots                =           11070
 RINFOG(19) Smallest pivot WITH perturbed pivots    = 1.927D-05
 RINFOG(20) Smallest pivot WITHOUT perturbed pivots = 1.927D-05
 RINFOG(21) Largest pivot in absolute value         = 2.661D+04
 INFOG (24) Effective value of ICNTL(12)            =               1
 INFOG (14) Number of memory compress               =              11
 Extra copies due to In-Place stacking              =           23452

 Elapsed time in factorization driver               =      0.1847
 ** ERROR RETURN ** FROM DMUMPS INFO(1)=   -1
 ** INFO(2)=               3
 ** ERROR RETURN ** FROM DMUMPS INFO(1)=   -1
 ** INFO(2)=               3
 ** ERROR RETURN ** FROM DMUMPS INFO(1)=   -1
 ** INFO(2)=               3
 ** ERROR RETURN ** FROM DMUMPS INFO(1)=   -1
 ** INFO(2)=               3
 ** ERROR RETURN ** FROM DMUMPS INFO(1)=   -1
 ** INFO(2)=               3
 ** ERROR RETURN ** FROM DMUMPS INFO(1)=   -1
 ** INFO(2)=               3
 ** ERROR RETURN ** FROM DMUMPS INFO(1)=   -9
 ** INFO(2)=          116506
 ** ERROR RETURN ** FROM DMUMPS INFO(1)=   -1
 ** INFO(2)=               3
 On return from DMUMPS, INFOG(1)=              -9
 On return from DMUMPS, INFOG(2)=          116506

Entering DMUMPS 5.8.1 from C interface with JOB =  -2
      executing #MPI =      8, without OMP
||Ax - b||_2 = -nan
