
=== CPARDISO: solving a real nonsymmetric system ===
Distributed Matrix Input Format is used for CPARDISO (iparm(40) = 2)
0-based array is turned ON
CPARDISO double precision computation is turned ON
METIS algorithm at reorder step is turned ON
Scaling is turned ON
Matching is turned ON


Summary: ( reordering phase )
================

Times:
======
Time spent in calculations of symmetric matrix portrait (fulladj): 0.027675 s
Time spent in reordering of the initial matrix (reorder)         : 0.514807 s
Time spent in symbolic factorization (symbfct)                   : 0.142438 s
Time spent in data preparations for factorization (parlist)      : 0.006045 s
Time spent in allocation of internal data structures (malloc)    : 0.010017 s
Time spent in matching/scaling                                   : 0.054010 s
Time spent in additional calculations                            : 0.106894 s
Total time spent                                                 : 0.861886 s

Statistics:
===========
Parallel Direct Factorization is running on 8 MPI and 1 OpenMP per MPI process

< Linear system Ax = b >
             number of equations:           123440
             number of non-zeros in A:      3087898
             number of non-zeros in A (%): 0.020265

             number of right-hand sides:    1

< Factors L and U >
             number of columns for each panel: 128
             number of independent subgraphs:  0
< Preprocessing with state of the art partitioning metis>
             number of supernodes:                    36803
             size of largest supernode:               1922
             number of non-zeros in L:                40371255
             number of non-zeros in U:                35884107
             number of non-zeros in L+U:              76255362

Percentage of computed non-zeros for LL^T factorization
 1 %  2 %  3 %  4 %  5 %  6 %  7 %  8 %  9 %  10 %  11 %  12 %  14 %  15 %  16 %  17 %  18 %  20 %  22 %  23 %  24 %  25 %  26 %  27 %  28 %  29 %  30 %  31 %  32 %  33 %  36 %  37 %  38 %  39 %  41 %  42 %  43 %  44 %  45 %  46 %  48 %  49 %  52 %  54 %  57 %  59 %  62 %  66 %  70 %  73 %  75 %  80 %  84 %  88 %  92 %  95 %  97 %  99 %  100 % 

=== CPARDISO: solving a real nonsymmetric system ===
Single-level factorization algorithm is turned ON


Summary: ( factorization phase )
================

Times:
======
Time spent in copying matrix to internal data structure (A to LU): 0.000003 s
Time spent in factorization step (numfct)                        : 0.689861 s
Time spent in allocation of internal data structures (malloc)    : 0.000051 s
Time spent in additional calculations                            : 0.000004 s
Total time spent                                                 : 0.689919 s

Statistics:
===========
Parallel Direct Factorization is running on 8 MPI and 1 OpenMP per MPI process

< Linear system Ax = b >
             number of equations:           123440
             number of non-zeros in A:      3087898
             number of non-zeros in A (%): 0.020265

             number of right-hand sides:    1

< Factors L and U >
             number of columns for each panel: 128
             number of independent subgraphs:  0
< Preprocessing with state of the art partitioning metis>
             number of supernodes:                    36803
             size of largest supernode:               1922
             number of non-zeros in L:                40371255
             number of non-zeros in U:                35884107
             number of non-zeros in L+U:              76255362
             gflop   for the numerical factorization: 64.535115

             gflop/s for the numerical factorization: 93.547990


=== CPARDISO: solving a real nonsymmetric system ===


Summary: ( solution phase )
================

Times:
======
Time spent in direct solver at solve step (solve)                : 0.027450 s
Time spent in additional calculations                            : 0.110163 s
Total time spent                                                 : 0.137613 s

Statistics:
===========
Parallel Direct Factorization is running on 8 MPI and 1 OpenMP per MPI process

< Linear system Ax = b >
             number of equations:           123440
             number of non-zeros in A:      3087898
             number of non-zeros in A (%): 0.020265

             number of right-hand sides:    1

< Factors L and U >
             number of columns for each panel: 128
             number of independent subgraphs:  0
< Preprocessing with state of the art partitioning metis>
             number of supernodes:                    36803
             size of largest supernode:               1922
             number of non-zeros in L:                40371255
             number of non-zeros in U:                35884107
             number of non-zeros in L+U:              76255362
             gflop   for the numerical factorization: 64.535115

             gflop/s for the numerical factorization: 93.547990

Number of iterative refinement steps performed         4
Tolerance level in the iterative refinement process    0.000000e+00
Backward error after the iterative refinement process  0.000000e+00
||Ax - b||_2 = 7.417986e-14
