
=== CPARDISO: solving a real nonsymmetric system ===
Distributed Matrix Input Format is used for CPARDISO (iparm(40) = 2)
0-based array is turned ON
CPARDISO double precision computation is turned ON
Parallel METIS algorithm at reorder step is turned ON
Scaling is turned ON
Matching is turned ON


Summary: ( reordering phase )
================

Times:
======
Time spent in calculations of symmetric matrix portrait (fulladj): 0.028291 s
Time spent in reordering of the initial matrix (reorder)         : 0.358132 s
Time spent in symbolic factorization (symbfct)                   : 0.092607 s
Time spent in data preparations for factorization (parlist)      : 0.002117 s
Time spent in allocation of internal data structures (malloc)    : 0.003958 s
Time spent in matching/scaling                                   : 0.060314 s
Time spent in additional calculations                            : 0.099216 s
Total time spent                                                 : 0.644634 s

Statistics:
===========
Parallel Direct Factorization is running on 8 MPI and 1 OpenMP per MPI process

< Linear system Ax = b >
             number of equations:           121192
             number of non-zeros in A:      2624331
             number of non-zeros in A (%): 0.017868

             number of right-hand sides:    1

< Factors L and U >
             number of columns for each panel: 128
             number of independent subgraphs:  0
             number of supernodes:                    42187
             size of largest supernode:               1568
             number of non-zeros in L:                19929365
             number of non-zeros in U:                17265059
             number of non-zeros in L+U:              37194424

Percentage of computed non-zeros for LL^T factorization
 1 %  2 %  3 %  4 %  5 %  6 %  7 %  8 %  9 %  10 %  14 %  15 %  16 %  17 %  18 %  19 %  20 %  21 %  22 %  23 %  25 %  26 %  27 %  28 %  29 %  30 %  31 %  32 %  33 %  34 %  36 %  38 %  39 %  40 %  41 %  42 %  43 %  44 %  45 %  46 %  47 %  48 %  49 %  50 %  52 %  55 %  58 %  63 %  69 %  74 %  75 %  83 %  90 %  96 %  99 %  100 % 

=== CPARDISO: solving a real nonsymmetric system ===
Single-level factorization algorithm is turned ON


Summary: ( factorization phase )
================

Times:
======
Time spent in copying matrix to internal data structure (A to LU): 0.000002 s
Time spent in factorization step (numfct)                        : 0.295894 s
Time spent in allocation of internal data structures (malloc)    : 0.000049 s
Time spent in additional calculations                            : 0.000005 s
Total time spent                                                 : 0.295950 s

Statistics:
===========
Parallel Direct Factorization is running on 8 MPI and 1 OpenMP per MPI process

< Linear system Ax = b >
             number of equations:           121192
             number of non-zeros in A:      2624331
             number of non-zeros in A (%): 0.017868

             number of right-hand sides:    1

< Factors L and U >
             number of columns for each panel: 128
             number of independent subgraphs:  0
             number of supernodes:                    42187
             size of largest supernode:               1568
             number of non-zeros in L:                19929365
             number of non-zeros in U:                17265059
             number of non-zeros in L+U:              37194424
             gflop   for the numerical factorization: 20.981909

             gflop/s for the numerical factorization: 70.910186


=== CPARDISO: solving a real nonsymmetric system ===


Summary: ( solution phase )
================

Times:
======
Time spent in direct solver at solve step (solve)                : 0.014700 s
Time spent in additional calculations                            : 0.064723 s
Total time spent                                                 : 0.079423 s

Statistics:
===========
Parallel Direct Factorization is running on 8 MPI and 1 OpenMP per MPI process

< Linear system Ax = b >
             number of equations:           121192
             number of non-zeros in A:      2624331
             number of non-zeros in A (%): 0.017868

             number of right-hand sides:    1

< Factors L and U >
             number of columns for each panel: 128
             number of independent subgraphs:  0
             number of supernodes:                    42187
             size of largest supernode:               1568
             number of non-zeros in L:                19929365
             number of non-zeros in U:                17265059
             number of non-zeros in L+U:              37194424
             gflop   for the numerical factorization: 20.981909

             gflop/s for the numerical factorization: 70.910186

Number of iterative refinement steps performed         4
Tolerance level in the iterative refinement process    0.000000e+00
Backward error after the iterative refinement process  0.000000e+00
||Ax - b||_2 = 2.360220e-12
