
=== CPARDISO: solving a real nonsymmetric system ===
Distributed Matrix Input Format is used for CPARDISO (iparm(40) = 2)
0-based array is turned ON
CPARDISO double precision computation is turned ON
METIS algorithm at reorder step is turned ON
Scaling is turned ON
Matching is turned ON


Summary: ( reordering phase )
================

Times:
======
Time spent in calculations of symmetric matrix portrait (fulladj): 0.052039 s
Time spent in reordering of the initial matrix (reorder)         : 0.453957 s
Time spent in symbolic factorization (symbfct)                   : 0.067750 s
Time spent in data preparations for factorization (parlist)      : 0.001680 s
Time spent in allocation of internal data structures (malloc)    : 0.003593 s
Time spent in matching/scaling                                   : 0.082607 s
Time spent in additional calculations                            : 0.083057 s
Total time spent                                                 : 0.744683 s

Statistics:
===========
Parallel Direct Factorization is running on 8 MPI and 1 OpenMP per MPI process

< Linear system Ax = b >
             number of equations:           146689
             number of non-zeros in A:      3636649
             number of non-zeros in A (%): 0.016901

             number of right-hand sides:    1

< Factors L and U >
             number of columns for each panel: 128
             number of independent subgraphs:  0
< Preprocessing with state of the art partitioning metis>
             number of supernodes:                    32712
             size of largest supernode:               595
             number of non-zeros in L:                8178463
             number of non-zeros in U:                6605898
             number of non-zeros in L+U:              14784361

Percentage of computed non-zeros for LL^T factorization
 1 %  2 %  3 %  4 %  5 %  6 %  7 %  8 %  9 %  10 %  11 %  12 %  13 %  14 %  15 %  17 %  18 %  19 %  20 %  21 %  22 %  23 %  24 %  25 %  26 %  27 %  28 %  29 %  30 %  31 %  32 %  33 %  34 %  35 %  36 %  37 %  38 %  39 %  40 %  41 %  42 %  43 %  44 %  45 %  46 %  47 %  48 %  50 %  51 %  52 %  53 %  54 %  55 %  56 %  57 %  58 %  59 %  60 %  61 %  62 %  63 %  64 %  65 %  66 %  67 %  68 %  73 %  77 %  82 %  88 %  95 %  99 %  100 % 

=== CPARDISO: solving a real nonsymmetric system ===
Single-level factorization algorithm is turned ON


Summary: ( factorization phase )
================

Times:
======
Time spent in copying matrix to internal data structure (A to LU): 0.000004 s
Time spent in factorization step (numfct)                        : 0.158028 s
Time spent in allocation of internal data structures (malloc)    : 0.000056 s
Time spent in additional calculations                            : 0.000005 s
Total time spent                                                 : 0.158093 s

Statistics:
===========
Parallel Direct Factorization is running on 8 MPI and 1 OpenMP per MPI process

< Linear system Ax = b >
             number of equations:           146689
             number of non-zeros in A:      3636649
             number of non-zeros in A (%): 0.016901

             number of right-hand sides:    1

< Factors L and U >
             number of columns for each panel: 128
             number of independent subgraphs:  0
< Preprocessing with state of the art partitioning metis>
             number of supernodes:                    32712
             size of largest supernode:               595
             number of non-zeros in L:                8178463
             number of non-zeros in U:                6605898
             number of non-zeros in L+U:              14784361
             gflop   for the numerical factorization: 2.414330

             gflop/s for the numerical factorization: 15.277874


=== CPARDISO: solving a real nonsymmetric system ===


Summary: ( solution phase )
================

Times:
======
Time spent in direct solver at solve step (solve)                : 0.010718 s
Time spent in additional calculations                            : 0.052044 s
Total time spent                                                 : 0.062762 s

Statistics:
===========
Parallel Direct Factorization is running on 8 MPI and 1 OpenMP per MPI process

< Linear system Ax = b >
             number of equations:           146689
             number of non-zeros in A:      3636649
             number of non-zeros in A (%): 0.016901

             number of right-hand sides:    1

< Factors L and U >
             number of columns for each panel: 128
             number of independent subgraphs:  0
< Preprocessing with state of the art partitioning metis>
             number of supernodes:                    32712
             size of largest supernode:               595
             number of non-zeros in L:                8178463
             number of non-zeros in U:                6605898
             number of non-zeros in L+U:              14784361
             gflop   for the numerical factorization: 2.414330

             gflop/s for the numerical factorization: 15.277874

Number of iterative refinement steps performed         4
Tolerance level in the iterative refinement process    0.000000e+00
Backward error after the iterative refinement process  0.000000e+00
||Ax - b||_2 = 1.019740e-13
