
=== CPARDISO: solving a real nonsymmetric system ===
Distributed Matrix Input Format is used for CPARDISO (iparm(40) = 2)
0-based array is turned ON
CPARDISO double precision computation is turned ON
METIS algorithm at reorder step is turned ON
Scaling is turned ON
Matching is turned ON


Summary: ( reordering phase )
================

Times:
======
Time spent in calculations of symmetric matrix portrait (fulladj): 0.010835 s
Time spent in reordering of the initial matrix (reorder)         : 0.483974 s
Time spent in symbolic factorization (symbfct)                   : 0.103271 s
Time spent in data preparations for factorization (parlist)      : 0.008412 s
Time spent in allocation of internal data structures (malloc)    : 0.012540 s
Time spent in matching/scaling                                   : 0.498707 s
Time spent in additional calculations                            : 0.048859 s
Total time spent                                                 : 1.166598 s

Statistics:
===========
Parallel Direct Factorization is running on 8 MPI and 1 OpenMP per MPI process

< Linear system Ax = b >
             number of equations:           143437
             number of non-zeros in A:      819186
             number of non-zeros in A (%): 0.003982

             number of right-hand sides:    1

< Factors L and U >
             number of columns for each panel: 128
             number of independent subgraphs:  0
< Preprocessing with state of the art partitioning metis>
             number of supernodes:                    80391
             size of largest supernode:               451
             number of non-zeros in L:                18416983
             number of non-zeros in U:                15562274
             number of non-zeros in L+U:              33979257

Percentage of computed non-zeros for LL^T factorization
 1 %  2 %  3 %  4 %  5 %  6 %  7 %  8 %  9 %  10 %  11 %  12 %  13 %  14 %  16 %  18 %  19 %  20 %  21 %  22 %  23 %  24 %  25 %  26 %  27 %  28 %  29 %  30 %  31 %  32 %  35 %  36 %  37 %  38 %  39 %  40 %  41 %  42 %  43 %  45 %  46 %  47 %  48 %  49 %  50 %  51 %  52 %  54 %  57 %  58 %  59 %  60 %  61 %  62 %  63 %  65 %  66 %  67 %  68 %  69 %  70 %  71 %  74 %  77 %  78 %  82 %  86 %  90 %  93 %  96 %  98 %  99 %  100 % 

=== CPARDISO: solving a real nonsymmetric system ===
Single-level factorization algorithm is turned ON


Summary: ( factorization phase )
================

Times:
======
Time spent in copying matrix to internal data structure (A to LU): 0.000003 s
Time spent in factorization step (numfct)                        : 0.184304 s
Time spent in allocation of internal data structures (malloc)    : 0.000043 s
Time spent in additional calculations                            : 0.000003 s
Total time spent                                                 : 0.184353 s

Statistics:
===========
Parallel Direct Factorization is running on 8 MPI and 1 OpenMP per MPI process

< Linear system Ax = b >
             number of equations:           143437
             number of non-zeros in A:      819186
             number of non-zeros in A (%): 0.003982

             number of right-hand sides:    1

< Factors L and U >
             number of columns for each panel: 128
             number of independent subgraphs:  0
< Preprocessing with state of the art partitioning metis>
             number of supernodes:                    80391
             size of largest supernode:               451
             number of non-zeros in L:                18416983
             number of non-zeros in U:                15562274
             number of non-zeros in L+U:              33979257
             gflop   for the numerical factorization: 11.311445

             gflop/s for the numerical factorization: 61.373845

*** error PARDISO: iterative refinement
 contraction rate is greater than 0.9, interrupt

=== CPARDISO: solving a real nonsymmetric system ===


Summary: ( solution phase )
================

Times:
======
Time spent in direct solver at solve step (solve)                : 0.018937 s
Time spent in additional calculations                            : 0.062354 s
Total time spent                                                 : 0.081291 s

Statistics:
===========
Parallel Direct Factorization is running on 8 MPI and 1 OpenMP per MPI process

< Linear system Ax = b >
             number of equations:           143437
             number of non-zeros in A:      819186
             number of non-zeros in A (%): 0.003982

             number of right-hand sides:    1

< Factors L and U >
             number of columns for each panel: 128
             number of independent subgraphs:  0
< Preprocessing with state of the art partitioning metis>
             number of supernodes:                    80391
             size of largest supernode:               451
             number of non-zeros in L:                18416983
             number of non-zeros in U:                15562274
             number of non-zeros in L+U:              33979257
             gflop   for the numerical factorization: 11.311445

             gflop/s for the numerical factorization: 61.373845

Number of iterative refinement steps performed         4
Tolerance level in the iterative refinement process    0.000000e+00
Backward error after the iterative refinement process  0.000000e+00
||Ax - b||_2 = inf
