
=== CPARDISO: solving a real nonsymmetric system ===
Distributed Matrix Input Format is used for CPARDISO (iparm(40) = 2)
0-based array is turned ON
CPARDISO double precision computation is turned ON
METIS algorithm at reorder step is turned ON
Scaling is turned ON
Matching is turned ON


Summary: ( reordering phase )
================

Times:
======
Time spent in calculations of symmetric matrix portrait (fulladj): 0.043888 s
Time spent in reordering of the initial matrix (reorder)         : 0.623547 s
Time spent in symbolic factorization (symbfct)                   : 0.116577 s
Time spent in data preparations for factorization (parlist)      : 0.003064 s
Time spent in allocation of internal data structures (malloc)    : 0.006089 s
Time spent in matching/scaling                                   : 0.081238 s
Time spent in additional calculations                            : 0.103429 s
Total time spent                                                 : 0.977832 s

Statistics:
===========
Parallel Direct Factorization is running on 8 MPI and 1 OpenMP per MPI process

< Linear system Ax = b >
             number of equations:           147900
             number of non-zeros in A:      3489300
             number of non-zeros in A (%): 0.015952

             number of right-hand sides:    1

< Factors L and U >
             number of columns for each panel: 128
             number of independent subgraphs:  0
< Preprocessing with state of the art partitioning metis>
             number of supernodes:                    46134
             size of largest supernode:               1479
             number of non-zeros in L:                30842731
             number of non-zeros in U:                26317351
             number of non-zeros in L+U:              57160082

Percentage of computed non-zeros for LL^T factorization
 1 %  2 %  3 %  4 %  5 %  6 %  7 %  8 %  9 %  10 %  11 %  12 %  13 %  14 %  16 %  17 %  18 %  19 %  20 %  21 %  22 %  23 %  24 %  25 %  26 %  27 %  28 %  29 %  30 %  31 %  33 %  34 %  35 %  36 %  37 %  38 %  39 %  40 %  41 %  42 %  43 %  44 %  45 %  46 %  47 %  49 %  50 %  51 %  52 %  53 %  54 %  55 %  56 %  57 %  58 %  59 %  60 %  61 %  62 %  63 %  64 %  65 %  67 %  70 %  73 %  74 %  78 %  80 %  85 %  88 %  93 %  96 %  99 %  100 % 

=== CPARDISO: solving a real nonsymmetric system ===
Single-level factorization algorithm is turned ON


Summary: ( factorization phase )
================

Times:
======
Time spent in copying matrix to internal data structure (A to LU): 0.000003 s
Time spent in factorization step (numfct)                        : 0.449962 s
Time spent in allocation of internal data structures (malloc)    : 0.000050 s
Time spent in additional calculations                            : 0.000006 s
Total time spent                                                 : 0.450021 s

Statistics:
===========
Parallel Direct Factorization is running on 8 MPI and 1 OpenMP per MPI process

< Linear system Ax = b >
             number of equations:           147900
             number of non-zeros in A:      3489300
             number of non-zeros in A (%): 0.015952

             number of right-hand sides:    1

< Factors L and U >
             number of columns for each panel: 128
             number of independent subgraphs:  0
< Preprocessing with state of the art partitioning metis>
             number of supernodes:                    46134
             size of largest supernode:               1479
             number of non-zeros in L:                30842731
             number of non-zeros in U:                26317351
             number of non-zeros in L+U:              57160082
             gflop   for the numerical factorization: 26.656342

             gflop/s for the numerical factorization: 59.241300


=== CPARDISO: solving a real nonsymmetric system ===


Summary: ( solution phase )
================

Times:
======
Time spent in direct solver at solve step (solve)                : 0.021329 s
Time spent in additional calculations                            : 0.089108 s
Total time spent                                                 : 0.110437 s

Statistics:
===========
Parallel Direct Factorization is running on 8 MPI and 1 OpenMP per MPI process

< Linear system Ax = b >
             number of equations:           147900
             number of non-zeros in A:      3489300
             number of non-zeros in A (%): 0.015952

             number of right-hand sides:    1

< Factors L and U >
             number of columns for each panel: 128
             number of independent subgraphs:  0
< Preprocessing with state of the art partitioning metis>
             number of supernodes:                    46134
             size of largest supernode:               1479
             number of non-zeros in L:                30842731
             number of non-zeros in U:                26317351
             number of non-zeros in L+U:              57160082
             gflop   for the numerical factorization: 26.656342

             gflop/s for the numerical factorization: 59.241300

Number of iterative refinement steps performed         4
Tolerance level in the iterative refinement process    0.000000e+00
Backward error after the iterative refinement process  0.000000e+00
||Ax - b||_2 = 1.945958e-15
