
=== CPARDISO: solving a real nonsymmetric system ===
Distributed Matrix Input Format is used for CPARDISO (iparm(40) = 2)
0-based array is turned ON
CPARDISO double precision computation is turned ON
METIS algorithm at reorder step is turned ON
Scaling is turned ON
Matching is turned ON


Summary: ( reordering phase )
================

Times:
======
Time spent in calculations of symmetric matrix portrait (fulladj): 0.029296 s
Time spent in reordering of the initial matrix (reorder)         : 0.649601 s
Time spent in symbolic factorization (symbfct)                   : 0.106457 s
Time spent in data preparations for factorization (parlist)      : 0.004000 s
Time spent in allocation of internal data structures (malloc)    : 0.007521 s
Time spent in matching/scaling                                   : 0.051224 s
Time spent in additional calculations                            : 0.105796 s
Total time spent                                                 : 0.953895 s

Statistics:
===========
Parallel Direct Factorization is running on 8 MPI and 1 OpenMP per MPI process

< Linear system Ax = b >
             number of equations:           106437
             number of non-zeros in A:      2707179
             number of non-zeros in A (%): 0.023896

             number of right-hand sides:    1

< Factors L and U >
             number of columns for each panel: 128
             number of independent subgraphs:  0
< Preprocessing with state of the art partitioning metis>
             number of supernodes:                    39920
             size of largest supernode:               802
             number of non-zeros in L:                20092414
             number of non-zeros in U:                17226605
             number of non-zeros in L+U:              37319019

Percentage of computed non-zeros for LL^T factorization
 1 %  2 %  3 %  4 %  5 %  6 %  7 %  8 %  9 %  10 %  11 %  12 %  15 %  16 %  17 %  18 %  19 %  21 %  22 %  23 %  24 %  25 %  26 %  28 %  31 %  32 %  33 %  34 %  35 %  36 %  37 %  38 %  39 %  40 %  41 %  42 %  43 %  44 %  45 %  47 %  50 %  51 %  52 %  53 %  54 %  55 %  56 %  57 %  58 %  59 %  60 %  61 %  62 %  63 %  64 %  66 %  68 %  69 %  73 %  75 %  76 %  79 %  81 %  84 %  87 %  91 %  93 %  97 %  99 %  100 % 

=== CPARDISO: solving a real nonsymmetric system ===
Single-level factorization algorithm is turned ON


Summary: ( factorization phase )
================

Times:
======
Time spent in copying matrix to internal data structure (A to LU): 0.000005 s
Time spent in factorization step (numfct)                        : 0.242378 s
Time spent in allocation of internal data structures (malloc)    : 0.000105 s
Time spent in additional calculations                            : 0.000007 s
Total time spent                                                 : 0.242495 s

Statistics:
===========
Parallel Direct Factorization is running on 8 MPI and 1 OpenMP per MPI process

< Linear system Ax = b >
             number of equations:           106437
             number of non-zeros in A:      2707179
             number of non-zeros in A (%): 0.023896

             number of right-hand sides:    1

< Factors L and U >
             number of columns for each panel: 128
             number of independent subgraphs:  0
< Preprocessing with state of the art partitioning metis>
             number of supernodes:                    39920
             size of largest supernode:               802
             number of non-zeros in L:                20092414
             number of non-zeros in U:                17226605
             number of non-zeros in L+U:              37319019
             gflop   for the numerical factorization: 14.916265

             gflop/s for the numerical factorization: 61.541335


=== CPARDISO: solving a real nonsymmetric system ===


Summary: ( solution phase )
================

Times:
======
Time spent in direct solver at solve step (solve)                : 0.014404 s
Time spent in additional calculations                            : 0.064634 s
Total time spent                                                 : 0.079038 s

Statistics:
===========
Parallel Direct Factorization is running on 8 MPI and 1 OpenMP per MPI process

< Linear system Ax = b >
             number of equations:           106437
             number of non-zeros in A:      2707179
             number of non-zeros in A (%): 0.023896

             number of right-hand sides:    1

< Factors L and U >
             number of columns for each panel: 128
             number of independent subgraphs:  0
< Preprocessing with state of the art partitioning metis>
             number of supernodes:                    39920
             size of largest supernode:               802
             number of non-zeros in L:                20092414
             number of non-zeros in U:                17226605
             number of non-zeros in L+U:              37319019
             gflop   for the numerical factorization: 14.916265

             gflop/s for the numerical factorization: 61.541335

Number of iterative refinement steps performed         4
Tolerance level in the iterative refinement process    0.000000e+00
Backward error after the iterative refinement process  0.000000e+00
||Ax - b||_2 = 1.160783e-16
