
=== CPARDISO: solving a real nonsymmetric system ===
Distributed Matrix Input Format is used for CPARDISO (iparm(40) = 2)
0-based array is turned ON
CPARDISO double precision computation is turned ON
METIS algorithm at reorder step is turned ON
Scaling is turned ON
Matching is turned ON


Summary: ( reordering phase )
================

Times:
======
Time spent in calculations of symmetric matrix portrait (fulladj): 0.089675 s
Time spent in reordering of the initial matrix (reorder)         : 2.990731 s
Time spent in symbolic factorization (symbfct)                   : 0.665978 s
Time spent in data preparations for factorization (parlist)      : 0.059944 s
Time spent in allocation of internal data structures (malloc)    : 0.118405 s
Time spent in matching/scaling                                   : 0.200404 s
Time spent in additional calculations                            : 0.208689 s
Total time spent                                                 : 4.333826 s

Statistics:
===========
Parallel Direct Factorization is running on 8 MPI and 1 OpenMP per MPI process

< Linear system Ax = b >
             number of equations:           1585478
             number of non-zeros in A:      7660826
             number of non-zeros in A (%): 0.000305

             number of right-hand sides:    1

< Factors L and U >
             number of columns for each panel: 128
             number of independent subgraphs:  0
< Preprocessing with state of the art partitioning metis>
             number of supernodes:                    1216909
             size of largest supernode:               1910
             number of non-zeros in L:                114698480
             number of non-zeros in U:                102132522
             number of non-zeros in L+U:              216831002

Percentage of computed non-zeros for LL^T factorization
 1 %  2 %  3 %  4 %  5 %  6 %  7 %  8 %  9 %  10 %  11 %  12 %  13 %  14 %  15 %  16 %  17 %  18 %  19 %  20 %  21 %  22 %  23 %  24 %  25 %  26 %  27 %  28 %  29 %  30 %  31 %  32 %  33 %  34 %  35 %  36 %  37 %  38 %  39 %  40 %  41 %  42 %  43 %  44 %  45 %  46 %  47 %  48 %  49 %  50 %  51 %  52 %  53 %  54 %  55 %  56 %  57 %  58 %  59 %  60 %  61 %  62 %  63 %  64 %  65 %  66 %  67 %  68 %  69 %  70 %  71 %  72 %  73 %  74 %  75 %  76 %  77 %  79 %  80 %  81 %  82 %  85 %  88 %  90 %  93 %  95 %  97 %  98 %  99 %  100 % 

=== CPARDISO: solving a real nonsymmetric system ===
Single-level factorization algorithm is turned ON


Summary: ( factorization phase )
================

Times:
======
Time spent in copying matrix to internal data structure (A to LU): 0.000003 s
Time spent in factorization step (numfct)                        : 1.940410 s
Time spent in allocation of internal data structures (malloc)    : 0.000049 s
Time spent in additional calculations                            : 0.000004 s
Total time spent                                                 : 1.940466 s

Statistics:
===========
Parallel Direct Factorization is running on 8 MPI and 1 OpenMP per MPI process

< Linear system Ax = b >
             number of equations:           1585478
             number of non-zeros in A:      7660826
             number of non-zeros in A (%): 0.000305

             number of right-hand sides:    1

< Factors L and U >
             number of columns for each panel: 128
             number of independent subgraphs:  0
< Preprocessing with state of the art partitioning metis>
             number of supernodes:                    1216909
             size of largest supernode:               1910
             number of non-zeros in L:                114698480
             number of non-zeros in U:                102132522
             number of non-zeros in L+U:              216831002
             gflop   for the numerical factorization: 172.695299

             gflop/s for the numerical factorization: 88.999380

PARDISO factorization memory: 716893 KB (700.09 MB)

=== CPARDISO: solving a real nonsymmetric system ===


Summary: ( solution phase )
================

Times:
======
Time spent in direct solver at solve step (solve)                : 0.187136 s
Time spent in additional calculations                            : 0.400188 s
Total time spent                                                 : 0.587324 s

Statistics:
===========
Parallel Direct Factorization is running on 8 MPI and 1 OpenMP per MPI process

< Linear system Ax = b >
             number of equations:           1585478
             number of non-zeros in A:      7660826
             number of non-zeros in A (%): 0.000305

             number of right-hand sides:    1

< Factors L and U >
             number of columns for each panel: 128
             number of independent subgraphs:  0
< Preprocessing with state of the art partitioning metis>
             number of supernodes:                    1216909
             size of largest supernode:               1910
             number of non-zeros in L:                114698480
             number of non-zeros in U:                102132522
             number of non-zeros in L+U:              216831002
             gflop   for the numerical factorization: 172.695299

             gflop/s for the numerical factorization: 88.999380

Number of iterative refinement steps performed         2
Tolerance level in the iterative refinement process    0.000000e+00
Backward error after the iterative refinement process  0.000000e+00
||Ax - b||_2 = 6.030723e-10
WARNING! There are options you set that were not used!
WARNING! could be spelling mistake, etc!
There is one unused database option. It is:
Option left: name:-mat_mkl_cpardiso_17 value: -1 source: command line
