----------------------------------------
Matrix info:
- size:               400320 x 400320
- type:               mpiaij
- nnz (used):         6226538
- nnz (allocated):    6226538
- sparsity (nnz/n2):  0.00004
----------------------------------------

=== CPARDISO: solving a real nonsymmetric system ===
Distributed Matrix Input Format is used for CPARDISO (iparm(40) = 2)
0-based array is turned ON
CPARDISO double precision computation is turned ON
Parallel METIS algorithm at reorder step is turned ON
Scaling is turned ON
Matching is turned ON


Summary: ( reordering phase )
================

Times:
======
Time spent in calculations of symmetric matrix portrait (fulladj): 0.071910 s
Time spent in reordering of the initial matrix (reorder)         : 2.009052 s
Time spent in symbolic factorization (symbfct)                   : 0.745126 s
Time spent in data preparations for factorization (parlist)      : 0.024925 s
Time spent in allocation of internal data structures (malloc)    : 0.051726 s
Time spent in matching/scaling                                   : 0.507378 s
Time spent in additional calculations                            : 0.343541 s
Total time spent                                                 : 3.753658 s

Statistics:
===========
Parallel Direct Factorization is running on 8 MPI and 1 OpenMP per MPI process

< Linear system Ax = b >
             number of equations:           400320
             number of non-zeros in A:      6226538
             number of non-zeros in A (%): 0.003885

             number of right-hand sides:    1

< Factors L and U >
             number of columns for each panel: 128
             number of independent subgraphs:  0
             number of supernodes:                    169914
             size of largest supernode:               2125
             number of non-zeros in L:                202787959
             number of non-zeros in U:                187704293
             number of non-zeros in L+U:              390492252

Percentage of computed non-zeros for LL^T factorization
 1 %  2 %  3 %  4 %  5 %  6 %  7 %  8 %  9 %  10 %  11 %  12 %  13 %  14 %  15 %  16 %  17 %  18 %  19 %  20 %  21 %  22 %  23 %  24 %  25 %  26 %  27 %  28 %  29 %  30 %  31 %  32 %  33 %  34 %  35 %  36 %  37 %  38 %  39 %  40 %  41 %  42 %  43 %  44 %  45 %  46 %  47 %  48 %  49 %  50 %  51 %  52 %  53 %  54 %  55 %  56 %  57 %  58 %  59 %  60 %  61 %  62 %  63 %  64 %  65 %  66 %  67 %  68 %  69 %  70 %  71 %  72 %  73 %  74 %  75 %  76 %  77 %  79 %  80 %  81 %  83 %  85 %  86 %  88 %  89 %  90 %  92 %  93 %  95 %  96 %  98 %  99 %  100 % 

=== CPARDISO: solving a real nonsymmetric system ===
Single-level factorization algorithm is turned ON


Summary: ( factorization phase )
================

Times:
======
Time spent in copying matrix to internal data structure (A to LU): 0.000003 s
Time spent in factorization step (numfct)                        : 6.133357 s
Time spent in allocation of internal data structures (malloc)    : 0.000056 s
Time spent in additional calculations                            : 0.000004 s
Total time spent                                                 : 6.133420 s

Statistics:
===========
Parallel Direct Factorization is running on 8 MPI and 1 OpenMP per MPI process

< Linear system Ax = b >
             number of equations:           400320
             number of non-zeros in A:      6226538
             number of non-zeros in A (%): 0.003885

             number of right-hand sides:    1

< Factors L and U >
             number of columns for each panel: 128
             number of independent subgraphs:  0
             number of supernodes:                    169914
             size of largest supernode:               2125
             number of non-zeros in L:                202787959
             number of non-zeros in U:                187704293
             number of non-zeros in L+U:              390492252
             gflop   for the numerical factorization: 597.536768

             gflop/s for the numerical factorization: 97.424100


=== CPARDISO: solving a real nonsymmetric system ===


Summary: ( solution phase )
================

Times:
======
Time spent in direct solver at solve step (solve)                : 0.101131 s
Time spent in additional calculations                            : 0.437907 s
Total time spent                                                 : 0.539038 s

Statistics:
===========
Parallel Direct Factorization is running on 8 MPI and 1 OpenMP per MPI process

< Linear system Ax = b >
             number of equations:           400320
             number of non-zeros in A:      6226538
             number of non-zeros in A (%): 0.003885

             number of right-hand sides:    1

< Factors L and U >
             number of columns for each panel: 128
             number of independent subgraphs:  0
             number of supernodes:                    169914
             size of largest supernode:               2125
             number of non-zeros in L:                202787959
             number of non-zeros in U:                187704293
             number of non-zeros in L+U:              390492252
             gflop   for the numerical factorization: 597.536768

             gflop/s for the numerical factorization: 97.424100

Number of iterative refinement steps performed         4
Tolerance level in the iterative refinement process    0.000000e+00
Backward error after the iterative refinement process  0.000000e+00
||Ax - b||_2 = 3.384125e-10
