
=== CPARDISO: solving a real nonsymmetric system ===
Distributed Matrix Input Format is used for CPARDISO (iparm(40) = 2)
0-based array is turned ON
CPARDISO double precision computation is turned ON
METIS algorithm at reorder step is turned ON
Scaling is turned ON
Matching is turned ON


Summary: ( reordering phase )
================

Times:
======
Time spent in calculations of symmetric matrix portrait (fulladj): 0.207206 s
Time spent in reordering of the initial matrix (reorder)         : 0.396955 s
Time spent in symbolic factorization (symbfct)                   : 0.227814 s
Time spent in data preparations for factorization (parlist)      : 0.004357 s
Time spent in allocation of internal data structures (malloc)    : 0.010748 s
Time spent in matching/scaling                                   : 0.346326 s
Time spent in additional calculations                            : 0.130862 s
Total time spent                                                 : 1.324268 s

Statistics:
===========
Parallel Direct Factorization is running on 4 MPI and 8 OpenMP per MPI process

< Linear system Ax = b >
             number of equations:           415863
             number of non-zeros in A:      20240935
             number of non-zeros in A (%): 0.011704

             number of right-hand sides:    1

< Factors L and U >
             number of columns for each panel: 128
             number of independent subgraphs:  0
< Preprocessing with state of the art partitioning metis>
             number of supernodes:                    44724
             size of largest supernode:               1309
             number of non-zeros in L:                58107252
             number of non-zeros in U:                48748357
             number of non-zeros in L+U:              106855609

Percentage of computed non-zeros for LL^T factorization
 1 %  3 %  4 %  5 %  6 %  7 %  8 %  9 %  15 %  18 %  19 %  21 %  45 %  89 %  90 %  96 %  97 %  98 %  99 %  100 % 

=== CPARDISO: solving a real nonsymmetric system ===
Single-level factorization algorithm is turned ON


Summary: ( factorization phase )
================

Times:
======
Time spent in copying matrix to internal data structure (A to LU): 0.000003 s
Time spent in factorization step (numfct)                        : 3.455296 s
Time spent in allocation of internal data structures (malloc)    : 0.000657 s
Time spent in additional calculations                            : 0.000005 s
Total time spent                                                 : 3.455961 s

Statistics:
===========
Parallel Direct Factorization is running on 4 MPI and 8 OpenMP per MPI process

< Linear system Ax = b >
             number of equations:           415863
             number of non-zeros in A:      20240935
             number of non-zeros in A (%): 0.011704

             number of right-hand sides:    1

< Factors L and U >
             number of columns for each panel: 128
             number of independent subgraphs:  0
< Preprocessing with state of the art partitioning metis>
             number of supernodes:                    44724
             size of largest supernode:               1309
             number of non-zeros in L:                58107252
             number of non-zeros in U:                48748357
             number of non-zeros in L+U:              106855609
             gflop   for the numerical factorization: 36.963091

             gflop/s for the numerical factorization: 10.697518


=== CPARDISO: solving a real nonsymmetric system ===


Summary: ( solution phase )
================

Times:
======
Time spent in direct solver at solve step (solve)                : 1.607031 s
Time spent in additional calculations                            : 2.503020 s
Total time spent                                                 : 4.110051 s

Statistics:
===========
Parallel Direct Factorization is running on 4 MPI and 8 OpenMP per MPI process

< Linear system Ax = b >
             number of equations:           415863
             number of non-zeros in A:      20240935
             number of non-zeros in A (%): 0.011704

             number of right-hand sides:    1

< Factors L and U >
             number of columns for each panel: 128
             number of independent subgraphs:  0
< Preprocessing with state of the art partitioning metis>
             number of supernodes:                    44724
             size of largest supernode:               1309
             number of non-zeros in L:                58107252
             number of non-zeros in U:                48748357
             number of non-zeros in L+U:              106855609
             gflop   for the numerical factorization: 36.963091

             gflop/s for the numerical factorization: 10.697518

Number of iterative refinement steps performed         2
Tolerance level in the iterative refinement process    0.000000e+00
Backward error after the iterative refinement process  0.000000e+00
||Ax - b||_2 = 1.570328e-06
WARNING! There are options you set that were not used!
WARNING! could be spelling mistake, etc!
There are 4 unused database options. They are:
Option left: name:-mat_mkl_cpardiso_2 value: 0 source: command line
Option left: name:-mat_mkl_cpardiso_40 value: 1 source: command line
Option left: name:-mat_mkl_cpardiso_60 value: 0 source: command line
Option left: name:-mat_mkl_cpardiso_8 value: 10 source: command line
