
=== CPARDISO: solving a real nonsymmetric system ===
Distributed Matrix Input Format is used for CPARDISO (iparm(40) = 2)
0-based array is turned ON
CPARDISO double precision computation is turned ON
METIS algorithm at reorder step is turned ON
Scaling is turned ON
Matching is turned ON


Summary: ( reordering phase )
================

Times:
======
Time spent in calculations of symmetric matrix portrait (fulladj): 0.099137 s
Time spent in reordering of the initial matrix (reorder)         : 0.614940 s
Time spent in symbolic factorization (symbfct)                   : 0.172725 s
Time spent in data preparations for factorization (parlist)      : 0.002776 s
Time spent in allocation of internal data structures (malloc)    : 0.008327 s
Time spent in matching/scaling                                   : 0.270786 s
Time spent in additional calculations                            : 0.341939 s
Total time spent                                                 : 1.510630 s

Statistics:
===========
Parallel Direct Factorization is running on 8 MPI and 1 OpenMP per MPI process

< Linear system Ax = b >
             number of equations:           94653
             number of non-zeros in A:      7512317
             number of non-zeros in A (%): 0.083850

             number of right-hand sides:    1

< Factors L and U >
             number of columns for each panel: 128
             number of independent subgraphs:  0
< Preprocessing with state of the art partitioning metis>
             number of supernodes:                    9729
             size of largest supernode:               1452
             number of non-zeros in L:                25312341
             number of non-zeros in U:                22476758
             number of non-zeros in L+U:              47789099

Percentage of computed non-zeros for LL^T factorization
 1 %  2 %  3 %  4 %  5 %  6 %  7 %  8 %  9 %  10 %  11 %  12 %  13 %  14 %  15 %  16 %  17 %  18 %  20 %  21 %  22 %  23 %  24 %  25 %  26 %  27 %  28 %  29 %  30 %  31 %  32 %  33 %  34 %  35 %  36 %  37 %  38 %  39 %  40 %  41 %  43 %  44 %  45 %  51 %  53 %  54 %  63 %  71 %  78 %  84 %  91 %  97 %  99 %  100 % 

=== CPARDISO: solving a real nonsymmetric system ===
Single-level factorization algorithm is turned ON


Summary: ( factorization phase )
================

Times:
======
Time spent in copying matrix to internal data structure (A to LU): 0.000003 s
Time spent in factorization step (numfct)                        : 0.784944 s
Time spent in allocation of internal data structures (malloc)    : 0.000048 s
Time spent in additional calculations                            : 0.000005 s
Total time spent                                                 : 0.785000 s

Statistics:
===========
Parallel Direct Factorization is running on 8 MPI and 1 OpenMP per MPI process

< Linear system Ax = b >
             number of equations:           94653
             number of non-zeros in A:      7512317
             number of non-zeros in A (%): 0.083850

             number of right-hand sides:    1

< Factors L and U >
             number of columns for each panel: 128
             number of independent subgraphs:  0
< Preprocessing with state of the art partitioning metis>
             number of supernodes:                    9729
             size of largest supernode:               1452
             number of non-zeros in L:                25312341
             number of non-zeros in U:                22476758
             number of non-zeros in L+U:              47789099
             gflop   for the numerical factorization: 41.010326

             gflop/s for the numerical factorization: 52.246177


=== CPARDISO: solving a real nonsymmetric system ===


Summary: ( solution phase )
================

Times:
======
Time spent in direct solver at solve step (solve)                : 0.013631 s
Time spent in additional calculations                            : 0.067708 s
Total time spent                                                 : 0.081339 s

Statistics:
===========
Parallel Direct Factorization is running on 8 MPI and 1 OpenMP per MPI process

< Linear system Ax = b >
             number of equations:           94653
             number of non-zeros in A:      7512317
             number of non-zeros in A (%): 0.083850

             number of right-hand sides:    1

< Factors L and U >
             number of columns for each panel: 128
             number of independent subgraphs:  0
< Preprocessing with state of the art partitioning metis>
             number of supernodes:                    9729
             size of largest supernode:               1452
             number of non-zeros in L:                25312341
             number of non-zeros in U:                22476758
             number of non-zeros in L+U:              47789099
             gflop   for the numerical factorization: 41.010326

             gflop/s for the numerical factorization: 52.246177

Number of iterative refinement steps performed         4
Tolerance level in the iterative refinement process    0.000000e+00
Backward error after the iterative refinement process  0.000000e+00
||Ax - b||_2 = -nan
