
=== CPARDISO: solving a real nonsymmetric system ===
Distributed Matrix Input Format is used for CPARDISO (iparm(40) = 2)
0-based array is turned ON
CPARDISO double precision computation is turned ON
METIS algorithm at reorder step is turned ON
Scaling is turned ON
Matching is turned ON


Summary: ( reordering phase )
================

Times:
======
Time spent in calculations of symmetric matrix portrait (fulladj): 0.115976 s
Time spent in reordering of the initial matrix (reorder)         : 1.225810 s
Time spent in symbolic factorization (symbfct)                   : 0.371171 s
Time spent in data preparations for factorization (parlist)      : 0.008236 s
Time spent in allocation of internal data structures (malloc)    : 0.015823 s
Time spent in matching/scaling                                   : 9.142593 s
Time spent in additional calculations                            : 0.385205 s
Total time spent                                                 : 11.264814 s

Statistics:
===========
Parallel Direct Factorization is running on 8 MPI and 1 OpenMP per MPI process

< Linear system Ax = b >
             number of equations:           161070
             number of non-zeros in A:      8185136
             number of non-zeros in A (%): 0.031550

             number of right-hand sides:    1

< Factors L and U >
             number of columns for each panel: 128
             number of independent subgraphs:  0
< Preprocessing with state of the art partitioning metis>
             number of supernodes:                    38775
             size of largest supernode:               2653
             number of non-zeros in L:                88981063
             number of non-zeros in U:                82186453
             number of non-zeros in L+U:              171167516

Percentage of computed non-zeros for LL^T factorization
 1 %  2 %  3 %  4 %  5 %  6 %  7 %  8 %  9 %  10 %  11 %  12 %  13 %  14 %  15 %  16 %  17 %  18 %  19 %  20 %  21 %  22 %  23 %  24 %  25 %  26 %  27 %  28 %  29 %  30 %  31 %  32 %  33 %  34 %  35 %  36 %  37 %  38 %  39 %  40 %  41 %  42 %  44 %  45 %  46 %  47 %  48 %  49 %  50 %  51 %  52 %  53 %  54 %  55 %  56 %  57 %  58 %  60 %  61 %  62 %  63 %  64 %  66 %  67 %  68 %  70 %  72 %  74 %  76 %  78 %  80 %  82 %  84 %  86 %  89 %  91 %  93 %  96 %  98 %  99 %  100 % 

=== CPARDISO: solving a real nonsymmetric system ===
Single-level factorization algorithm is turned ON


Summary: ( factorization phase )
================

Times:
======
Time spent in copying matrix to internal data structure (A to LU): 0.000003 s
Time spent in factorization step (numfct)                        : 1.922940 s
Time spent in allocation of internal data structures (malloc)    : 0.000057 s
Time spent in additional calculations                            : 0.000005 s
Total time spent                                                 : 1.923005 s

Statistics:
===========
Parallel Direct Factorization is running on 8 MPI and 1 OpenMP per MPI process

< Linear system Ax = b >
             number of equations:           161070
             number of non-zeros in A:      8185136
             number of non-zeros in A (%): 0.031550

             number of right-hand sides:    1

< Factors L and U >
             number of columns for each panel: 128
             number of independent subgraphs:  0
< Preprocessing with state of the art partitioning metis>
             number of supernodes:                    38775
             size of largest supernode:               2653
             number of non-zeros in L:                88981063
             number of non-zeros in U:                82186453
             number of non-zeros in L+U:              171167516
             gflop   for the numerical factorization: 194.357152

             gflop/s for the numerical factorization: 101.072915

*** error PARDISO: iterative refinement
 contraction rate is greater than 0.9, interrupt

=== CPARDISO: solving a real nonsymmetric system ===


Summary: ( solution phase )
================

Times:
======
Time spent in direct solver at solve step (solve)                : 0.036740 s
Time spent in additional calculations                            : 0.157606 s
Total time spent                                                 : 0.194346 s

Statistics:
===========
Parallel Direct Factorization is running on 8 MPI and 1 OpenMP per MPI process

< Linear system Ax = b >
             number of equations:           161070
             number of non-zeros in A:      8185136
             number of non-zeros in A (%): 0.031550

             number of right-hand sides:    1

< Factors L and U >
             number of columns for each panel: 128
             number of independent subgraphs:  0
< Preprocessing with state of the art partitioning metis>
             number of supernodes:                    38775
             size of largest supernode:               2653
             number of non-zeros in L:                88981063
             number of non-zeros in U:                82186453
             number of non-zeros in L+U:              171167516
             gflop   for the numerical factorization: 194.357152

             gflop/s for the numerical factorization: 101.072915

Number of iterative refinement steps performed         4
Tolerance level in the iterative refinement process    0.000000e+00
Backward error after the iterative refinement process  0.000000e+00
||Ax - b||_2 = 1.199765e+25
