
=== CPARDISO: solving a real nonsymmetric system ===
Distributed Matrix Input Format is used for CPARDISO (iparm(40) = 2)
0-based array is turned ON
CPARDISO double precision computation is turned ON
METIS algorithm at reorder step is turned ON
Scaling is turned ON
Matching is turned ON


Summary: ( reordering phase )
================

Times:
======
Time spent in calculations of symmetric matrix portrait (fulladj): 0.041059 s
Time spent in reordering of the initial matrix (reorder)         : 0.326245 s
Time spent in symbolic factorization (symbfct)                   : 0.129728 s
Time spent in data preparations for factorization (parlist)      : 0.002040 s
Time spent in allocation of internal data structures (malloc)    : 0.005576 s
Time spent in matching/scaling                                   : 0.244251 s
Time spent in additional calculations                            : 0.163894 s
Total time spent                                                 : 0.912793 s

Statistics:
===========
Parallel Direct Factorization is running on 8 MPI and 1 OpenMP per MPI process

< Linear system Ax = b >
             number of equations:           90449
             number of non-zeros in A:      3753461
             number of non-zeros in A (%): 0.045880

             number of right-hand sides:    1

< Factors L and U >
             number of columns for each panel: 128
             number of independent subgraphs:  0
< Preprocessing with state of the art partitioning metis>
             number of supernodes:                    13873
             size of largest supernode:               1694
             number of non-zeros in L:                28022074
             number of non-zeros in U:                24174463
             number of non-zeros in L+U:              52196537

Percentage of computed non-zeros for LL^T factorization
 1 %  2 %  3 %  4 %  5 %  6 %  7 %  8 %  9 %  10 %  11 %  12 %  13 %  14 %  15 %  17 %  19 %  20 %  21 %  22 %  23 %  24 %  25 %  26 %  27 %  28 %  29 %  30 %  31 %  32 %  33 %  35 %  36 %  37 %  38 %  39 %  40 %  41 %  42 %  43 %  44 %  45 %  46 %  47 %  48 %  50 %  51 %  52 %  53 %  54 %  55 %  56 %  57 %  58 %  59 %  60 %  61 %  62 %  63 %  65 %  68 %  70 %  73 %  74 %  78 %  82 %  84 %  89 %  93 %  97 %  99 %  100 % 

=== CPARDISO: solving a real nonsymmetric system ===
Single-level factorization algorithm is turned ON


Summary: ( factorization phase )
================

Times:
======
Time spent in copying matrix to internal data structure (A to LU): 0.000003 s
Time spent in factorization step (numfct)                        : 0.467426 s
Time spent in allocation of internal data structures (malloc)    : 0.000048 s
Time spent in additional calculations                            : 0.000004 s
Total time spent                                                 : 0.467481 s

Statistics:
===========
Parallel Direct Factorization is running on 8 MPI and 1 OpenMP per MPI process

< Linear system Ax = b >
             number of equations:           90449
             number of non-zeros in A:      3753461
             number of non-zeros in A (%): 0.045880

             number of right-hand sides:    1

< Factors L and U >
             number of columns for each panel: 128
             number of independent subgraphs:  0
< Preprocessing with state of the art partitioning metis>
             number of supernodes:                    13873
             size of largest supernode:               1694
             number of non-zeros in L:                28022074
             number of non-zeros in U:                24174463
             number of non-zeros in L+U:              52196537
             gflop   for the numerical factorization: 29.609731

             gflop/s for the numerical factorization: 63.346341

*** error PARDISO: iterative refinement
 contraction rate is greater than 0.9, interrupt

=== CPARDISO: solving a real nonsymmetric system ===


Summary: ( solution phase )
================

Times:
======
Time spent in direct solver at solve step (solve)                : 0.015807 s
Time spent in additional calculations                            : 0.069886 s
Total time spent                                                 : 0.085693 s

Statistics:
===========
Parallel Direct Factorization is running on 8 MPI and 1 OpenMP per MPI process

< Linear system Ax = b >
             number of equations:           90449
             number of non-zeros in A:      3753461
             number of non-zeros in A (%): 0.045880

             number of right-hand sides:    1

< Factors L and U >
             number of columns for each panel: 128
             number of independent subgraphs:  0
< Preprocessing with state of the art partitioning metis>
             number of supernodes:                    13873
             size of largest supernode:               1694
             number of non-zeros in L:                28022074
             number of non-zeros in U:                24174463
             number of non-zeros in L+U:              52196537
             gflop   for the numerical factorization: 29.609731

             gflop/s for the numerical factorization: 63.346341

Number of iterative refinement steps performed         4
Tolerance level in the iterative refinement process    0.000000e+00
Backward error after the iterative refinement process  0.000000e+00
||Ax - b||_2 = inf
