
=== CPARDISO: solving a real nonsymmetric system ===
Distributed Matrix Input Format is used for CPARDISO (iparm(40) = 2)
0-based array is turned ON
CPARDISO double precision computation is turned ON
METIS algorithm at reorder step is turned ON
Scaling is turned ON
Matching is turned ON


Summary: ( reordering phase )
================

Times:
======
Time spent in calculations of symmetric matrix portrait (fulladj): 0.016311 s
Time spent in reordering of the initial matrix (reorder)         : 0.411199 s
Time spent in symbolic factorization (symbfct)                   : 0.049857 s
Time spent in data preparations for factorization (parlist)      : 0.005362 s
Time spent in allocation of internal data structures (malloc)    : 0.012169 s
Time spent in matching/scaling                                   : 0.036512 s
Time spent in additional calculations                            : 0.040377 s
Total time spent                                                 : 0.571787 s

Statistics:
===========
Parallel Direct Factorization is running on 8 MPI and 1 OpenMP per MPI process

< Linear system Ax = b >
             number of equations:           170998
             number of non-zeros in A:      958936
             number of non-zeros in A (%): 0.003279

             number of right-hand sides:    1

< Factors L and U >
             number of columns for each panel: 128
             number of independent subgraphs:  0
< Preprocessing with state of the art partitioning metis>
             number of supernodes:                    132708
             size of largest supernode:               102
             number of non-zeros in L:                1543100
             number of non-zeros in U:                1151962
             number of non-zeros in L+U:              2695062

Percentage of computed non-zeros for LL^T factorization
 1 %  2 %  3 %  4 %  5 %  6 %  7 %  8 %  9 %  10 %  11 %  12 %  13 %  14 %  15 %  16 %  17 %  18 %  19 %  20 %  21 %  22 %  23 %  24 %  25 %  26 %  27 %  28 %  29 %  30 %  31 %  32 %  33 %  34 %  35 %  36 %  37 %  38 %  39 %  40 %  41 %  42 %  43 %  44 %  45 %  46 %  47 %  48 %  49 %  50 %  51 %  52 %  53 %  54 %  55 %  56 %  57 %  58 %  59 %  60 %  61 %  62 %  63 %  64 %  65 %  66 %  67 %  68 %  69 %  70 %  71 %  72 %  73 %  74 %  75 %  76 %  77 %  78 %  79 %  80 %  81 %  82 %  83 %  84 %  85 %  86 %  87 %  93 %  99 %  100 % 

=== CPARDISO: solving a real nonsymmetric system ===
Single-level factorization algorithm is turned ON


Summary: ( factorization phase )
================

Times:
======
Time spent in copying matrix to internal data structure (A to LU): 0.000003 s
Time spent in factorization step (numfct)                        : 0.062898 s
Time spent in allocation of internal data structures (malloc)    : 0.000042 s
Time spent in additional calculations                            : 0.000004 s
Total time spent                                                 : 0.062947 s

Statistics:
===========
Parallel Direct Factorization is running on 8 MPI and 1 OpenMP per MPI process

< Linear system Ax = b >
             number of equations:           170998
             number of non-zeros in A:      958936
             number of non-zeros in A (%): 0.003279

             number of right-hand sides:    1

< Factors L and U >
             number of columns for each panel: 128
             number of independent subgraphs:  0
< Preprocessing with state of the art partitioning metis>
             number of supernodes:                    132708
             size of largest supernode:               102
             number of non-zeros in L:                1543100
             number of non-zeros in U:                1151962
             number of non-zeros in L+U:              2695062
             gflop   for the numerical factorization: 0.074940

             gflop/s for the numerical factorization: 1.191447


=== CPARDISO: solving a real nonsymmetric system ===


Summary: ( solution phase )
================

Times:
======
Time spent in direct solver at solve step (solve)                : 0.012538 s
Time spent in additional calculations                            : 0.059923 s
Total time spent                                                 : 0.072461 s

Statistics:
===========
Parallel Direct Factorization is running on 8 MPI and 1 OpenMP per MPI process

< Linear system Ax = b >
             number of equations:           170998
             number of non-zeros in A:      958936
             number of non-zeros in A (%): 0.003279

             number of right-hand sides:    1

< Factors L and U >
             number of columns for each panel: 128
             number of independent subgraphs:  0
< Preprocessing with state of the art partitioning metis>
             number of supernodes:                    132708
             size of largest supernode:               102
             number of non-zeros in L:                1543100
             number of non-zeros in U:                1151962
             number of non-zeros in L+U:              2695062
             gflop   for the numerical factorization: 0.074940

             gflop/s for the numerical factorization: 1.191447

Number of iterative refinement steps performed         4
Tolerance level in the iterative refinement process    0.000000e+00
Backward error after the iterative refinement process  0.000000e+00
||Ax - b||_2 = 1.889283e-11
