
=== CPARDISO: solving a real nonsymmetric system ===
Distributed Matrix Input Format is used for CPARDISO (iparm(40) = 2)
0-based array is turned ON
CPARDISO double precision computation is turned ON
Parallel METIS algorithm at reorder step is turned ON
Scaling is turned ON
Matching is turned ON


Summary: ( reordering phase )
================

Times:
======
Time spent in calculations of symmetric matrix portrait (fulladj): 0.015029 s
Time spent in reordering of the initial matrix (reorder)         : 0.284128 s
Time spent in symbolic factorization (symbfct)                   : 0.047774 s
Time spent in data preparations for factorization (parlist)      : 0.003740 s
Time spent in allocation of internal data structures (malloc)    : 0.007274 s
Time spent in matching/scaling                                   : 0.034215 s
Time spent in additional calculations                            : 0.023724 s
Total time spent                                                 : 0.415884 s

Statistics:
===========
Parallel Direct Factorization is running on 16 MPI and 1 OpenMP per MPI process

< Linear system Ax = b >
             number of equations:           102158
             number of non-zeros in A:      711558
             number of non-zeros in A (%): 0.006818

             number of right-hand sides:    1

< Factors L and U >
             number of columns for each panel: 128
             number of independent subgraphs:  0
             number of supernodes:                    63787
             size of largest supernode:               428
             number of non-zeros in L:                3604276
             number of non-zeros in U:                2912796
             number of non-zeros in L+U:              6517072

Percentage of computed non-zeros for LL^T factorization
 1 %  2 %  3 %  4 %  5 %  6 %  7 %  8 %  9 %  10 %  12 %  13 %  14 %  15 %  16 %  17 %  18 %  19 %  20 %  21 %  22 %  23 %  24 %  25 %  26 %  27 %  28 %  29 %  30 %  31 %  32 %  33 %  34 %  35 %  37 %  38 %  39 %  40 %  41 %  42 %  43 %  44 %  45 %  46 %  47 %  48 %  51 %  53 %  59 %  66 %  82 %  93 %  99 %  100 % 

=== CPARDISO: solving a real nonsymmetric system ===
Single-level factorization algorithm is turned ON


Summary: ( factorization phase )
================

Times:
======
Time spent in copying matrix to internal data structure (A to LU): 0.000004 s
Time spent in factorization step (numfct)                        : 0.140721 s
Time spent in allocation of internal data structures (malloc)    : 0.000235 s
Time spent in additional calculations                            : 0.000004 s
Total time spent                                                 : 0.140964 s

Statistics:
===========
Parallel Direct Factorization is running on 16 MPI and 1 OpenMP per MPI process

< Linear system Ax = b >
             number of equations:           102158
             number of non-zeros in A:      711558
             number of non-zeros in A (%): 0.006818

             number of right-hand sides:    1

< Factors L and U >
             number of columns for each panel: 128
             number of independent subgraphs:  0
             number of supernodes:                    63787
             size of largest supernode:               428
             number of non-zeros in L:                3604276
             number of non-zeros in U:                2912796
             number of non-zeros in L+U:              6517072
             gflop   for the numerical factorization: 0.680447

             gflop/s for the numerical factorization: 4.835441

PARDISO factorization memory: 50719 KB (49.53 MB)
*** error PARDISO: iterative refinement
 contraction rate is greater than 0.9, interrupt

=== CPARDISO: solving a real nonsymmetric system ===


Summary: ( solution phase )
================

Times:
======
Time spent in direct solver at solve step (solve)                : 0.019088 s
Time spent in additional calculations                            : 0.067803 s
Total time spent                                                 : 0.086891 s

Statistics:
===========
Parallel Direct Factorization is running on 16 MPI and 1 OpenMP per MPI process

< Linear system Ax = b >
             number of equations:           102158
             number of non-zeros in A:      711558
             number of non-zeros in A (%): 0.006818

             number of right-hand sides:    1

< Factors L and U >
             number of columns for each panel: 128
             number of independent subgraphs:  0
             number of supernodes:                    63787
             size of largest supernode:               428
             number of non-zeros in L:                3604276
             number of non-zeros in U:                2912796
             number of non-zeros in L+U:              6517072
             gflop   for the numerical factorization: 0.680447

             gflop/s for the numerical factorization: 4.835441

Number of iterative refinement steps performed         4
Tolerance level in the iterative refinement process    0.000000e+00
Backward error after the iterative refinement process  0.000000e+00
||Ax - b||_2 = 2.111752e-12
