
=== CPARDISO: solving a real nonsymmetric system ===
Distributed Matrix Input Format is used for CPARDISO (iparm(40) = 2)
0-based array is turned ON
CPARDISO double precision computation is turned ON
METIS algorithm at reorder step is turned ON
Scaling is turned ON
Matching is turned ON


Summary: ( reordering phase )
================

Times:
======
Time spent in calculations of symmetric matrix portrait (fulladj): 0.008312 s
Time spent in reordering of the initial matrix (reorder)         : 0.165526 s
Time spent in symbolic factorization (symbfct)                   : 0.033716 s
Time spent in data preparations for factorization (parlist)      : 0.002094 s
Time spent in allocation of internal data structures (malloc)    : 0.004511 s
Time spent in matching/scaling                                   : 0.019857 s
Time spent in additional calculations                            : 0.026023 s
Total time spent                                                 : 0.260039 s

Statistics:
===========
Parallel Direct Factorization is running on 8 MPI and 1 OpenMP per MPI process

< Linear system Ax = b >
             number of equations:           115967
             number of non-zeros in A:      1033473
             number of non-zeros in A (%): 0.007685

             number of right-hand sides:    1

< Factors L and U >
             number of columns for each panel: 128
             number of independent subgraphs:  0
< Preprocessing with state of the art partitioning metis>
             number of supernodes:                    60704
             size of largest supernode:               388
             number of non-zeros in L:                5127594
             number of non-zeros in U:                4130527
             number of non-zeros in L+U:              9258121

Percentage of computed non-zeros for LL^T factorization
 1 %  2 %  3 %  4 %  5 %  6 %  7 %  8 %  9 %  10 %  11 %  12 %  13 %  14 %  15 %  16 %  17 %  18 %  19 %  20 %  21 %  22 %  23 %  24 %  25 %  26 %  27 %  28 %  29 %  30 %  31 %  32 %  33 %  34 %  35 %  36 %  37 %  39 %  40 %  41 %  42 %  43 %  44 %  45 %  46 %  47 %  48 %  49 %  50 %  51 %  52 %  53 %  54 %  55 %  56 %  58 %  59 %  60 %  61 %  62 %  63 %  64 %  65 %  66 %  67 %  68 %  69 %  70 %  71 %  72 %  73 %  74 %  75 %  76 %  78 %  80 %  82 %  84 %  87 %  94 %  99 %  100 % 

=== CPARDISO: solving a real nonsymmetric system ===
Single-level factorization algorithm is turned ON


Summary: ( factorization phase )
================

Times:
======
Time spent in copying matrix to internal data structure (A to LU): 0.000003 s
Time spent in factorization step (numfct)                        : 0.075140 s
Time spent in allocation of internal data structures (malloc)    : 0.000041 s
Time spent in additional calculations                            : 0.000002 s
Total time spent                                                 : 0.075186 s

Statistics:
===========
Parallel Direct Factorization is running on 8 MPI and 1 OpenMP per MPI process

< Linear system Ax = b >
             number of equations:           115967
             number of non-zeros in A:      1033473
             number of non-zeros in A (%): 0.007685

             number of right-hand sides:    1

< Factors L and U >
             number of columns for each panel: 128
             number of independent subgraphs:  0
< Preprocessing with state of the art partitioning metis>
             number of supernodes:                    60704
             size of largest supernode:               388
             number of non-zeros in L:                5127594
             number of non-zeros in U:                4130527
             number of non-zeros in L+U:              9258121
             gflop   for the numerical factorization: 0.984596

             gflop/s for the numerical factorization: 13.103483


=== CPARDISO: solving a real nonsymmetric system ===


Summary: ( solution phase )
================

Times:
======
Time spent in direct solver at solve step (solve)                : 0.007373 s
Time spent in additional calculations                            : 0.032657 s
Total time spent                                                 : 0.040030 s

Statistics:
===========
Parallel Direct Factorization is running on 8 MPI and 1 OpenMP per MPI process

< Linear system Ax = b >
             number of equations:           115967
             number of non-zeros in A:      1033473
             number of non-zeros in A (%): 0.007685

             number of right-hand sides:    1

< Factors L and U >
             number of columns for each panel: 128
             number of independent subgraphs:  0
< Preprocessing with state of the art partitioning metis>
             number of supernodes:                    60704
             size of largest supernode:               388
             number of non-zeros in L:                5127594
             number of non-zeros in U:                4130527
             number of non-zeros in L+U:              9258121
             gflop   for the numerical factorization: 0.984596

             gflop/s for the numerical factorization: 13.103483

Number of iterative refinement steps performed         4
Tolerance level in the iterative refinement process    0.000000e+00
Backward error after the iterative refinement process  0.000000e+00
||Ax - b||_2 = 9.522037e-14
