
=== CPARDISO: solving a real nonsymmetric system ===
Distributed Matrix Input Format is used for CPARDISO (iparm(40) = 2)
0-based array is turned ON
CPARDISO double precision computation is turned ON
METIS algorithm at reorder step is turned ON
Scaling is turned ON
Matching is turned ON


Summary: ( reordering phase )
================

Times:
======
Time spent in calculations of symmetric matrix portrait (fulladj): 0.006926 s
Time spent in reordering of the initial matrix (reorder)         : 0.166160 s
Time spent in symbolic factorization (symbfct)                   : 0.018109 s
Time spent in data preparations for factorization (parlist)      : 0.002430 s
Time spent in allocation of internal data structures (malloc)    : 0.004993 s
Time spent in matching/scaling                                   : 0.020094 s
Time spent in additional calculations                            : 0.017322 s
Total time spent                                                 : 0.236034 s

Statistics:
===========
Parallel Direct Factorization is running on 8 MPI and 1 OpenMP per MPI process

< Linear system Ax = b >
             number of equations:           116835
             number of non-zeros in A:      766396
             number of non-zeros in A (%): 0.005614

             number of right-hand sides:    1

< Factors L and U >
             number of columns for each panel: 128
             number of independent subgraphs:  0
< Preprocessing with state of the art partitioning metis>
             number of supernodes:                    113441
             size of largest supernode:               289
             number of non-zeros in L:                748080
             number of non-zeros in U:                575631
             number of non-zeros in L+U:              1323711

Percentage of computed non-zeros for LL^T factorization
 1 %  2 %  3 %  4 %  5 %  6 %  7 %  8 %  9 %  10 %  11 %  12 %  13 %  14 %  15 %  16 %  17 %  18 %  19 %  20 %  21 %  22 %  23 %  24 %  25 %  26 %  27 %  28 %  29 %  30 %  31 %  32 %  33 %  34 %  35 %  36 %  37 %  38 %  39 %  40 %  41 %  42 %  43 %  44 %  45 %  46 %  47 %  48 %  49 %  50 %  51 %  52 %  53 %  54 %  55 %  56 %  73 %  99 %  100 % 

=== CPARDISO: solving a real nonsymmetric system ===
Single-level factorization algorithm is turned ON


Summary: ( factorization phase )
================

Times:
======
Time spent in copying matrix to internal data structure (A to LU): 0.000002 s
Time spent in factorization step (numfct)                        : 0.053592 s
Time spent in allocation of internal data structures (malloc)    : 0.000037 s
Time spent in additional calculations                            : 0.000003 s
Total time spent                                                 : 0.053634 s

Statistics:
===========
Parallel Direct Factorization is running on 8 MPI and 1 OpenMP per MPI process

< Linear system Ax = b >
             number of equations:           116835
             number of non-zeros in A:      766396
             number of non-zeros in A (%): 0.005614

             number of right-hand sides:    1

< Factors L and U >
             number of columns for each panel: 128
             number of independent subgraphs:  0
< Preprocessing with state of the art partitioning metis>
             number of supernodes:                    113441
             size of largest supernode:               289
             number of non-zeros in L:                748080
             number of non-zeros in U:                575631
             number of non-zeros in L+U:              1323711
             gflop   for the numerical factorization: 0.064778

             gflop/s for the numerical factorization: 1.208722


=== CPARDISO: solving a real nonsymmetric system ===


Summary: ( solution phase )
================

Times:
======
Time spent in direct solver at solve step (solve)                : 0.008911 s
Time spent in additional calculations                            : 0.048069 s
Total time spent                                                 : 0.056980 s

Statistics:
===========
Parallel Direct Factorization is running on 8 MPI and 1 OpenMP per MPI process

< Linear system Ax = b >
             number of equations:           116835
             number of non-zeros in A:      766396
             number of non-zeros in A (%): 0.005614

             number of right-hand sides:    1

< Factors L and U >
             number of columns for each panel: 128
             number of independent subgraphs:  0
< Preprocessing with state of the art partitioning metis>
             number of supernodes:                    113441
             size of largest supernode:               289
             number of non-zeros in L:                748080
             number of non-zeros in U:                575631
             number of non-zeros in L+U:              1323711
             gflop   for the numerical factorization: 0.064778

             gflop/s for the numerical factorization: 1.208722

Number of iterative refinement steps performed         5
Tolerance level in the iterative refinement process    0.000000e+00
Backward error after the iterative refinement process  0.000000e+00
||Ax - b||_2 = 1.622997e-08
