
=== PARDISO: solving a real nonsymmetric system ===
Matrix checker is turned ON
0-based array is turned ON
PARDISO double precision computation is turned ON
Minimum degree algorithm at reorder step is turned ON
Scaling is turned ON
Matching is turned ON


Summary: ( reordering phase )
================

Times:
======
Time spent in calculations of symmetric matrix portrait (fulladj): 0.007179 s
Time spent in reordering of the initial matrix (reorder)         : 5.943040 s
Time spent in symbolic factorization (symbfct)                   : 0.010513 s
Time spent in data preparations for factorization (parlist)      : 0.002181 s
Time spent in allocation of internal data structures (malloc)    : 0.005540 s
Time spent in matching/scaling                                   : 0.017299 s
Time spent in additional calculations                            : 0.014559 s
Total time spent                                                 : 6.000311 s

Statistics:
===========
Parallel Direct Factorization is running on 1 OpenMP

< Linear system Ax = b >
             number of equations:           116835
             number of non-zeros in A:      766396
             number of non-zeros in A (%): 0.005614

             number of right-hand sides:    1

< Factors L and U >
< Preprocessing with multiple minimum degree, tree height >
< Reduction for efficient parallel factorization >
             number of columns for each panel: 128
             number of independent subgraphs:  0
             number of supernodes:                    114369
             size of largest supernode:               238
             number of non-zeros in L:                697062
             number of non-zeros in U:                532531
             number of non-zeros in L+U:              1229593
=== PARDISO is running in In-Core mode, because iparam(60)=0 ===

Percentage of computed non-zeros for LL^T factorization
 1 %  2 %  3 %  4 %  5 %  6 %  7 %  8 %  9 %  10 %  11 %  12 %  13 %  14 %  15 %  16 %  17 %  18 %  19 %  20 %  21 %  22 %  23 %  24 %  25 %  26 %  27 %  28 %  29 %  30 %  31 %  32 %  33 %  34 %  35 %  36 %  37 %  38 %  39 %  40 %  41 %  42 %  43 %  44 %  45 %  46 %  47 %  48 %  49 %  50 %  51 %  52 %  53 %  54 %  55 %  56 %  57 %  58 %  59 %  60 %  61 %  62 %  63 %  64 %  65 %  66 %  67 %  68 %  69 %  70 %  71 %  72 %  73 %  74 %  75 %  76 %  77 %  78 %  79 %  80 %  81 %  82 %  83 %  84 %  85 %  86 %  87 %  88 %  90 %  91 %  92 %  93 %  98 %  100 % 

=== PARDISO: solving a real nonsymmetric system ===
Single-level factorization algorithm is turned ON


Summary: ( factorization phase )
================

Times:
======
Time spent in copying matrix to internal data structure (A to LU): 0.000000 s
Time spent in factorization step (numfct)                        : 0.058691 s
Time spent in allocation of internal data structures (malloc)    : 0.000704 s
Time spent in additional calculations                            : 0.000002 s
Total time spent                                                 : 0.059397 s

Statistics:
===========
Parallel Direct Factorization is running on 1 OpenMP

< Linear system Ax = b >
             number of equations:           116835
             number of non-zeros in A:      766396
             number of non-zeros in A (%): 0.005614

             number of right-hand sides:    1

< Factors L and U >
< Preprocessing with multiple minimum degree, tree height >
< Reduction for efficient parallel factorization >
             number of columns for each panel: 128
             number of independent subgraphs:  0
             number of supernodes:                    114369
             size of largest supernode:               238
             number of non-zeros in L:                697062
             number of non-zeros in U:                532531
             number of non-zeros in L+U:              1229593
             gflop   for the numerical factorization: 0.042508

             gflop/s for the numerical factorization: 0.724267

PARDISO factorization memory: 58088 KB (56.73 MB)

=== PARDISO: solving a real nonsymmetric system ===


Summary: ( solution phase )
================

Times:
======
Time spent in direct solver at solve step (solve)                : 0.003805 s
Time spent in additional calculations                            : 0.009126 s
Total time spent                                                 : 0.012931 s

Statistics:
===========
Parallel Direct Factorization is running on 1 OpenMP

< Linear system Ax = b >
             number of equations:           116835
             number of non-zeros in A:      766396
             number of non-zeros in A (%): 0.005614

             number of right-hand sides:    1

< Factors L and U >
< Preprocessing with multiple minimum degree, tree height >
< Reduction for efficient parallel factorization >
             number of columns for each panel: 128
             number of independent subgraphs:  0
             number of supernodes:                    114369
             size of largest supernode:               238
             number of non-zeros in L:                697062
             number of non-zeros in U:                532531
             number of non-zeros in L+U:              1229593
             gflop   for the numerical factorization: 0.042508

             gflop/s for the numerical factorization: 0.724267

Number of iterative refinement steps performed         2
Tolerance level in the iterative refinement process    0.000000e+00
Backward error after the iterative refinement process  3.252492e-15
||Ax - b||_2 = 4.238994e-10
