
=== CPARDISO: solving a real nonsymmetric system ===
Distributed Matrix Input Format is used for CPARDISO (iparm(40) = 2)
0-based array is turned ON
CPARDISO double precision computation is turned ON
METIS algorithm at reorder step is turned ON
Scaling is turned ON
Matching is turned ON


Summary: ( reordering phase )
================

Times:
======
Time spent in calculations of symmetric matrix portrait (fulladj): 0.031031 s
Time spent in reordering of the initial matrix (reorder)         : 0.998459 s
Time spent in symbolic factorization (symbfct)                   : 0.386245 s
Time spent in data preparations for factorization (parlist)      : 0.015057 s
Time spent in allocation of internal data structures (malloc)    : 0.039960 s
Time spent in matching/scaling                                   : 11.860904 s
Time spent in additional calculations                            : 0.196089 s
Total time spent                                                 : 13.527745 s

Statistics:
===========
Parallel Direct Factorization is running on 8 MPI and 1 OpenMP per MPI process

< Linear system Ax = b >
             number of equations:           156317
             number of non-zeros in A:      2118662
             number of non-zeros in A (%): 0.008671

             number of right-hand sides:    1

< Factors L and U >
             number of columns for each panel: 128
             number of independent subgraphs:  0
< Preprocessing with state of the art partitioning metis>
             number of supernodes:                    55930
             size of largest supernode:               5057
             number of non-zeros in L:                122409925
             number of non-zeros in U:                117381514
             number of non-zeros in L+U:              239791439

Percentage of computed non-zeros for LL^T factorization
 1 %  2 %  3 %  4 %  5 %  6 %  7 %  8 %  9 %  11 %  12 %  13 %  14 %  15 %  16 %  17 %  18 %  19 %  20 %  21 %  22 %  23 %  24 %  26 %  28 %  31 %  34 %  36 %  37 %  41 %  44 %  47 %  50 %  51 %  52 %  58 %  62 %  67 %  68 %  74 %  75 %  81 %  85 %  89 %  93 %  96 %  99 %  100 % 

=== CPARDISO: solving a real nonsymmetric system ===
Single-level factorization algorithm is turned ON


Summary: ( factorization phase )
================

Times:
======
Time spent in copying matrix to internal data structure (A to LU): 0.000002 s
Time spent in factorization step (numfct)                        : 5.515543 s
Time spent in allocation of internal data structures (malloc)    : 0.000049 s
Time spent in additional calculations                            : 0.000004 s
Total time spent                                                 : 5.515598 s

Statistics:
===========
Parallel Direct Factorization is running on 8 MPI and 1 OpenMP per MPI process

< Linear system Ax = b >
             number of equations:           156317
             number of non-zeros in A:      2118662
             number of non-zeros in A (%): 0.008671

             number of right-hand sides:    1

< Factors L and U >
             number of columns for each panel: 128
             number of independent subgraphs:  0
< Preprocessing with state of the art partitioning metis>
             number of supernodes:                    55930
             size of largest supernode:               5057
             number of non-zeros in L:                122409925
             number of non-zeros in U:                117381514
             number of non-zeros in L+U:              239791439
             gflop   for the numerical factorization: 604.898867

             gflop/s for the numerical factorization: 109.671680


=== CPARDISO: solving a real nonsymmetric system ===


Summary: ( solution phase )
================

Times:
======
Time spent in direct solver at solve step (solve)                : 0.049448 s
Time spent in additional calculations                            : 0.196355 s
Total time spent                                                 : 0.245803 s

Statistics:
===========
Parallel Direct Factorization is running on 8 MPI and 1 OpenMP per MPI process

< Linear system Ax = b >
             number of equations:           156317
             number of non-zeros in A:      2118662
             number of non-zeros in A (%): 0.008671

             number of right-hand sides:    1

< Factors L and U >
             number of columns for each panel: 128
             number of independent subgraphs:  0
< Preprocessing with state of the art partitioning metis>
             number of supernodes:                    55930
             size of largest supernode:               5057
             number of non-zeros in L:                122409925
             number of non-zeros in U:                117381514
             number of non-zeros in L+U:              239791439
             gflop   for the numerical factorization: 604.898867

             gflop/s for the numerical factorization: 109.671680

Number of iterative refinement steps performed         4
Tolerance level in the iterative refinement process    0.000000e+00
Backward error after the iterative refinement process  0.000000e+00
||Ax - b||_2 = -nan
