.. equilibrated? *equed = R
.. RowPerm 1	 time: 0.06
.. anorm 4.474515e+00
.. Use parMETIS ordering on A'+A with 16 sub-domains. sizeof(int_t) 4
.. symbfact(): relax 30, maxsuper 256, fill 5
	matrix dimension    146689
	nonzeros in A      3636649
	nonzeros in L      9463572
	nonzeros in U      9463572
	nonzeros in L+U   18780455
	fill ratio             5.2
	nonzeros in LSUB   3677180
	No of supers    12759
	Size of G(L)   617868
	Size of G(U)   471179
	int 4, short 2, float 4, double 8
	SYMBfact (MB):	L\U 19.53	total 24.81	expansions 0
.. # L blocks     5945	# U blocks     2755
MPI tag upper bound = 536870911
.. Starting with 1 OpenMP threads 
 === using DAG ===
.. thresh = s_eps 5.960464e-08 * anorm 4.474515e+00 = 2.667019e-07
.. Buffer size: Lsub 430	Lval 100064	Usub 586	Uval 91392	LDA 424
max_ncols 288,  max_ldu 256, bigu_size    73728
	.. SUPERLU_MAX_BUFFER_SIZE 256000000 set for GPU
	.. SUPERLU_N_GEMM: 5000 flops of GEMM done on CPU (1st block always on CPU)
	.. GEMM buffer size: max_row_size X max_ncols = 337 x      288
[0].. BIG U size    73728 (on CPU)
[0].. BIG V size   102120 (on CPU)
  Max row size is 337 
  Threads per process 1 

Initialization time	  0.0108 seconds
	 Serial: compute static schedule, allocate storage

==== Time breakdown in factorization (rank 0) ====
Panel factorization 	   0.0212 seconds
.. L-panel pxgstrf2 	   0.0171 seconds
.. U-panel pxgstrs2 	   0.0041 seconds
Time in Look-ahead update 	   0.0060 seconds
Time in Schur update 		   0.0187 seconds
.. Time to Gather L buffer	   0.0014  (Separate L panel by Lookahead/Remain)
.. Time to Gather U buffer	   0.0027 
.. Time in GEMM   0.0060 
	* Look-ahead	   0.0000 
	* Remain	   0.0060	Flops 1.5060e+09	Gflops 251.9245
.. Time to Scatter   0.0059 
	* Look-ahead	   0.0000 
	* Remain	   0.0059 
Total factorization time            	:   0.1193 seconds, 
--------
GEMM maximum block: 288-256-288

** Memory Usage **********************************
.. dQuerySpace: peak_buffer 26.66 (MB)
	(P0) serial symbolic::stage[0]: symb_memory 24.81, GA_mem_use 44.23
	(P0) serial distribution::stage[1]:symb_LU 19.53, dist_mem_use 89.36, num_mem_usage.for_lu 12.90
** Total highmark (MB):
    Sum-of-all :  1868.88 | Avg :   116.80  | Max :   123.11
    Max at rank 10, different stages (MB):
	. symbfact           69.03
	. distribution      121.78
	. numfact            39.56
** NUMfact space (MB): (sum-of-all-processes)
    L\U :          161.83 |  Total :   590.11
	. max at rank 10, max L+U memory (MB):    14.06
	. max at rank 6, peak buffer (MB):       27.25
**************************************************

** number of Tiny Pivots:        0

.. DiagScale = 3
**************************************************
**** Time (seconds) ****
	EQUIL time            0.010
	ROWPERM time          0.056
	COLPERM time          0.504
	SYMBFACT time         0.050
	DISTRIBUTE time       0.126
	FACTOR time           0.136
	Factor flops	3.299562e+09	Mflops 	24319.89
	SOLVE time            0.000
	REFINEMENT time       0.000	Steps       0

**************************************************
.. anorm 4.474515e+00
num_thread:     1
( 0) .. Step        0: berr[j] = 4.569472e-16
num_thread:     1
( 0) .. Step        1: berr[j] = 2.531396e-16
.. DiagScale = 3
	SOLVE time            0.020
	Solve flops	3.756091e+07	Mflops 	 1920.23
	REFINEMENT time       0.025	Steps       1

**************************************************
||Ax - b||_2 = 1.433024e-13
