
Entering DMUMPS 5.8.1 from C interface with JOB, N =   1     2686802
      executing #MPI =     32, without OMP

Advanced settings:
   KEEP(370) Static mapping              =         1
   KEEP(371) Advanced optimizations      =         0

 =================================================
  MUMPS compiled with option -DAVOID_MPI_IN_PLACE
 MUMPS compiled with option -Dmetis
 MUMPS compiled with option -Dparmetis
 MUMPS compiled with option -Dpord
 MUMPS compiled with option -Dptscotch
 MUMPS compiled with option -Dscotch
 =================================================
L U Solver for unsymmetric matrices
Type of parallelism: Working host

 ****** ANALYSIS STEP ********

 ** Maximum transversal (ICNTL(6)) not allowed because matrix is distributed
 Processing a graph of size:   2686802 with       5414002 edges
 Ordering based on SCOTCH 
 ELAPSED TIME SPENT IN SCOTCH reordering =     11.5964

Leaving analysis phase with  ...
 INFOG(1)                                       =               0
 INFOG(2)                                       =               0
 -- (20) Number of entries in factors (estim.)  =     38315100322
 --  (3) Real space for factors    (estimated)  =     38338072279
 --  (4) Integer space for factors (estimated)  =        21452204
 --  (5) Maximum frontal size      (estimated)  =          135123
 --  (6) Number of nodes in the tree            =          160025
 -- (32) Type of analysis effectively used      =               1
 --  (7) Ordering option effectively used       =               3
 ICNTL (6) Maximum transversal option           =               0
 ICNTL (7) Pivot order option                   =               3
 ICNTL(12) Ordering symmetric indef. matrices   =               1
 ICNTL(13) Parallelism/splitting of root node   =               0
 ICNTL(14) Percentage of memory relaxation      =             500
 ICNTL(15) Analysis by block effectively used   =               0
 ICNTL(18) Distributed input matrix (on if >0)  =               3
 ICNTL(32) Forward elimination during facto.    =               0
 ICNTL(35) BLR activation                       =               0
 ICNTL(48) Tree based multithreading (effective)=               0
 ICNTL(58) Symbolic factorization option        =               2
 Number of level 2 nodes                        =              94
 Number of split nodes                          =              87
 RINFOG(1) Operations during elimination (estim)= 2.763E+15
 Distributed matrix entry format (ICNTL(18))    =               3

 MEMORY ESTIMATIONS ... 
 Estimations with standard Full-Rank (FR) factorization:
    Maximum estim. space in Mbytes, IC facto.    (INFOG(16)):          499501
    Total space in MBytes, IC factorization      (INFOG(17)):         5260131
    Maximum estim. space in Mbytes, OOC facto.   (INFOG(26)):          402653
    Total space in MBytes,  OOC factorization    (INFOG(27)):         4816161

 Elapsed time in analysis driver=      18.5390

Entering DMUMPS 5.8.1 from C interface with JOB, N =   2     2686802
      executing #MPI =     32, without OMP

Advanced settings:
   KEEP(370) Static mapping              =         1
   KEEP(371) Advanced optimizations      =         0



****** FACTORIZATION STEP ********

 GLOBAL STATISTICS PRIOR NUMERICAL FACTORIZATION ...
 Number of working processes                =              32
 ICNTL(22) Out-of-core option               =               0
 ICNTL(35) BLR activation (eff. choice)     =               0
 ICNTL(37) BLR CB compression (eff. choice) =               0
 ICNTL(49) Compact workarray S (end facto.) =               0
 ICNTL(56) Effective value during facto.    =               0
 ICNTL(14) Memory relaxation                =             500
 INFOG(3) Real space for factors (estimated)=     38338072279
 INFOG(4) Integer space for factors (estim.)=        21452204
 Maximum frontal size (estimated)           =          135123
 Number of nodes in the tree                =          160025
 ICNTL(23) Memory allowed (value on host)   =               0
           Sum over all procs               =               0
 Memory provided by user, sum of LWK_USER   =               0
 Effective threshold for pivoting, CNTL(1)  =      0.1000E-01

 Statistics on the scaling phase
 Elapsed time for scaling                   =      0.4261
 Max difference from 1 after scaling the entries for ONE-NORM (option 7/8)   = 0.76E+00

 Average Effective size of S     (based on INFO(39))=          20335263387

 Elapsed time in factorization driver               =      0.4653
 ** ERROR RETURN ** FROM DMUMPS INFO(1)=   -1
 ** INFO(2)=              19
 On return from DMUMPS, INFOG(1)=             -13
 On return from DMUMPS, INFOG(2)=          -45994

Entering DMUMPS 5.8.1 from C interface with JOB =  -2
      executing #MPI =     32, without OMP
||Ax - b||_2 = -nan
 ** ERROR RETURN ** FROM DMUMPS INFO(1)=   -1
 ** INFO(2)=              19
 ** ERROR RETURN ** FROM DMUMPS INFO(1)=   -1
 ** INFO(2)=              19
 ** ERROR RETURN ** FROM DMUMPS INFO(1)=   -1
 ** INFO(2)=              19
 ** ERROR RETURN ** FROM DMUMPS INFO(1)=   -1
 ** INFO(2)=              19
 ** ERROR RETURN ** FROM DMUMPS INFO(1)=   -1
 ** INFO(2)=              19
 ** ERROR RETURN ** FROM DMUMPS INFO(1)=   -1
 ** INFO(2)=              19
 ** ERROR RETURN ** FROM DMUMPS INFO(1)=   -1
 ** INFO(2)=              19
 ** ERROR RETURN ** FROM DMUMPS INFO(1)=   -1
 ** INFO(2)=              19
 ** ERROR RETURN ** FROM DMUMPS INFO(1)=   -1
 ** INFO(2)=              19
 ** ERROR RETURN ** FROM DMUMPS INFO(1)=   -1
 ** INFO(2)=              19
 ** ERROR RETURN ** FROM DMUMPS INFO(1)=   -1
 ** INFO(2)=              19
 ** ERROR RETURN ** FROM DMUMPS INFO(1)=   -1
 ** INFO(2)=              19
 ** ERROR RETURN ** FROM DMUMPS INFO(1)=   -1
 ** INFO(2)=              19
 ** ERROR RETURN ** FROM DMUMPS INFO(1)=   -1
 ** INFO(2)=              19
 ** ERROR RETURN ** FROM DMUMPS INFO(1)=   -1
 ** INFO(2)=              19
 ** ERROR RETURN ** FROM DMUMPS INFO(1)=   -1
 ** INFO(2)=              19
 ** ERROR RETURN ** FROM DMUMPS INFO(1)=   -1
 ** INFO(2)=              19
 ** ERROR RETURN ** FROM DMUMPS INFO(1)=   -1
 ** INFO(2)=              19
 ** ERROR RETURN ** FROM DMUMPS INFO(1)=   -1
 ** INFO(2)=              19
 ** ERROR RETURN ** FROM DMUMPS INFO(1)=   -1
 ** INFO(2)=              19
 ** ERROR RETURN ** FROM DMUMPS INFO(1)=   -1
 ** INFO(2)=              19
 ** ERROR RETURN ** FROM DMUMPS INFO(1)=   -1
 ** INFO(2)=              19
 ** ERROR RETURN ** FROM DMUMPS INFO(1)=   -1
 ** INFO(2)=              19
 ** ERROR RETURN ** FROM DMUMPS INFO(1)=   -1
 ** INFO(2)=              19
 ** ERROR RETURN ** FROM DMUMPS INFO(1)=   -1
 ** INFO(2)=              19
 ** ERROR RETURN ** FROM DMUMPS INFO(1)=   -1
 ** INFO(2)=              19
 ** ERROR RETURN ** FROM DMUMPS INFO(1)=   -1
 ** INFO(2)=              19
 ** ERROR RETURN ** FROM DMUMPS INFO(1)=  -13
 ** INFO(2)=          -45994
 ** ERROR RETURN ** FROM DMUMPS INFO(1)=  -13
 ** INFO(2)=          -36238
 ** ERROR RETURN ** FROM DMUMPS INFO(1)=   -1
 ** INFO(2)=              19
 ** ERROR RETURN ** FROM DMUMPS INFO(1)=  -13
 ** INFO(2)=          -62214
