	matrix dimension    100196
	nonzeros in A       544688
	nonzeros in L      5024374
	nonzeros in U      5035069
	nonzeros in L+U    9959247
	fill ratio            18.3
	nonzeros in LSUB   1796662

** Memory Usage **********************************
** Total highmark (MB):
    Sum-of-all :  1074.89 | Avg :   134.36  | Max :   141.46
    Max at rank 0, different stages (MB):
	. symbfact           21.32
	. distribution      141.46
	. numfact            37.70
** NUMfact space (MB): (sum-of-all-processes)
    L\U :           90.73 |  Total :   258.83
	. max at rank 0, max L+U memory (MB):    15.97
	. max at rank 0, peak buffer (MB):       21.73
**************************************************

** number of Tiny Pivots:    10398

**************************************************
**** Time (seconds) ****
	EQUIL time            0.041
	ROWPERM time          0.433
	COLPERM time          1.055
	SYMBFACT time         0.069
	DISTRIBUTE time       0.696
	FACTOR time           1.856
	Factor flops	1.120741e+09	Mflops 	  603.75
	SOLVE time            0.000
	REFINEMENT time       0.000	Steps       0

**************************************************
	SOLVE time            0.091
	Solve flops	1.991849e+07	Mflops 	  219.47
	REFINEMENT time       0.114	Steps       1

**************************************************
||Ax - b||_2 = 1.287477e+29
