	matrix dimension    100196
	nonzeros in A       544688
	nonzeros in L      7108471
	nonzeros in U      9339255
	nonzeros in L+U   16347530
	fill ratio            30.0
	nonzeros in LSUB   1879524

** Memory Usage **********************************
** Total highmark (MB):
    Sum-of-all :  1157.69 | Avg :   144.71  | Max :   156.05
    Max at rank 7, different stages (MB):
	. symbfact           22.56
	. distribution      141.90
	. numfact            51.20
** NUMfact space (MB): (sum-of-all-processes)
    L\U :          145.97 |  Total :   428.94
	. max at rank 7, max L+U memory (MB):    26.61
	. max at rank 5, peak buffer (MB):       37.02
**************************************************

** number of Tiny Pivots:     9723

**************************************************
**** Time (seconds) ****
	EQUIL time            0.026
	ROWPERM time          0.360
	COLPERM time          0.560
	SYMBFACT time         0.170
	DISTRIBUTE time       0.825
	FACTOR time           1.995
	Factor flops	4.061236e+09	Mflops 	 2035.54
	SOLVE time            0.000
	REFINEMENT time       0.000	Steps       0

**************************************************
	SOLVE time            0.115
	Solve flops	3.269506e+07	Mflops 	  283.11
	REFINEMENT time       0.127	Steps       1

**************************************************
||Ax - b||_2 = 2.128288e+32
