	matrix dimension    100196
	nonzeros in A       544688
	nonzeros in L     38534523
	nonzeros in U     38534523
	nonzeros in L+U   76968850
	fill ratio           141.3
	nonzeros in LSUB  14652201

** Memory Usage **********************************
** Total highmark (MB):
    Sum-of-all :  2525.26 | Avg :   315.66  | Max :   347.92
    Max at rank 0, different stages (MB):
	. symbfact          103.56
	. distribution      347.92
	. numfact           271.96
** NUMfact space (MB): (sum-of-all-processes)
    L\U :          799.78 |  Total :  1902.96
	. max at rank 0, max L+U memory (MB):   127.02
	. max at rank 0, peak buffer (MB):      144.93
**************************************************

** number of Tiny Pivots:     6547

**************************************************
**** Time (seconds) ****
	EQUIL time            0.020
	SYMBFACT time         1.379
	DISTRIBUTE time       1.322
	FACTOR time          50.909
	Factor flops	1.722405e+11	Mflops 	 3383.31
	SOLVE time            0.000
	REFINEMENT time       0.000	Steps       0

**************************************************
	SOLVE time            0.868
	Solve flops	1.539377e+08	Mflops 	  177.28
	REFINEMENT time       5.703	Steps       6

**************************************************
||Ax - b||_2 = 2.002267e-13
