ischedInit: The thread number has been automatically set to 1
ischedInit: The thread number has been automatically set to 1
ischedInit: The thread number has been automatically set to 1
ischedInit: The thread number has been automatically set to 1
ischedInit: The thread number has been automatically set to 1
ischedInit: The thread number has been automatically set to 1
ischedInit: The thread number has been automatically set to 1
ischedInit: The thread number has been automatically set to 1
ischedInit: The thread number has been automatically set to 1
ischedInit: The thread number has been automatically set to 1
ischedInit: The thread number has been automatically set to 1
ischedInit: The thread number has been automatically set to 1
ischedInit: The thread number has been automatically set to 1
ischedInit: The thread number has been automatically set to 1
ischedInit: The thread number has been automatically set to 1
ischedInit: The thread number has been automatically set to 1
+-------------------------------------------------+
+     PaStiX : Parallel Sparse matriX package     +
+-------------------------------------------------+
  Version:                                   6.4.0
  Schedulers:
    sequential:                            Enabled
    thread static:                         Started
    thread dynamic:                        Started
    PaRSEC:                               Disabled
    StarPU:                               Disabled
  Number of MPI processes:                      16
  Number of threads per process:                 1
  Number of GPUs:                                0
  MPI communication support:              PastixMpiThreadFunneled
  Distribution level:                     2D( 160)
  Blocking size (min/max):              160 /  320
  Computational models
    CPU:              AMD Opteron 6180 - Intel MKL
    GPU:             Nvidia K40 GK1108L - CUDA 8.0
  Low rank parameters:
    Strategy                        No compression
+-------------------------------------------------+
  Ordering subtask :
    Prepare graph structure:
      Sort row indexes in each column
      Removing diagonal elements
    Ordering method is: Scotch
      Scotch direct strategy
    Time to compute ordering              5.815698e-01 s
+-------------------------------------------------+
  Symbolic factorization subtask:
    Symbol factorization using: Fax Direct
    Symbol Matrix statistics:
      Number of cblk                          5596
      Number of blok                         31746
      Cblk width min                             1
      Cblk width max                           174
      Cblk width avg                         18.26
      Cblk width stdev                        8.38
      Blok height min                            1
      Blok height max                          174
      Blok height avg                         5.99
      Blok height stdev                       7.92
      Memory space                          816.86 Ko
    Number of nonzeroes in L structure     4929198
    Fill-in of L                          6.927331
    Time to compute symbol matrix         7.969935e-03 s
+-------------------------------------------------+
  Reordering subtask:
    Split level                                  0
    Stoping criterion                           -1
    Time for reordering                   3.041149e-02 s
+-------------------------------------------------+
  Mapping/Scheduling subtask:
OUTPUTDIR: pastix-fCW64y
    Number of cluster                           16
    Number of processor per cluster              1
    Number of thread per MPI process             1
    Symbol Matrix statistics:
      Number of cblk                          5596
      Number of blok                         23032
      Cblk width min                             1
      Cblk width max                           174
      Cblk width avg                         18.26
      Cblk width stdev                        8.38
      Blok height min                            1
      Blok height max                          174
      Blok height avg                         8.25
      Blok height stdev                       8.47
      Memory space                          646.66 Ko
    Symbol split done in                  8.837200e-05 s
    Elimination tree built in             3.877600e-05 s
    Cost matrix built in                  2.997620e-04 s
    Estimated total cost of the etree     2.961334e-01 s
    Estimated critical path of the etree  0.000000e+00 s
    Proportional mapping done in          7.440400e-05 s
    Simulation structures built in        4.459960e-04 s
    Number of tasks found                     5596
    Simulation done in                    3.312342e-03 s
    Solver built in                       4.213342e-03 s
    Number of non-zeroes in blocked L      9858396
    Fill-in                               13.854663
    Number of operations in full-rank: LU       830.65 MFlops
    Prediction:
      Model                              AMD 6180  MKL
      Time to factorize                   5.976433e-02 s
    Time for mapping/scheduling           1.284688e-02 s
+-------------------------------------------------+
  Analyze task:
    Total time for analyze                6.375445e-01 s
+-------------------------------------------------+
  Factorization task:
    Factorization used: LU
    ||A||_2  =                            4.193645e+04
    Time to initialize internal csc       7.955638e-03 s
    Time to initialize coeftab            1.368026e-03 s
    Time to factorize                     1.216356e-02 s (66.69 GFlop/s)
    Number of operations                       473.91 MFlops
    Number of static pivots                      0
    Memory usage of coeftab                       6.06 Mo
    Time to solve                         2.066713e-03 s
    Time to solve                         1.700551e-03 s
    - iteration 1 :
         total iteration time                   0.00344 s
         error                                  0.28353
    Time to solve                         1.633231e-03 s
    - iteration 2 :
         total iteration time                   0.00326 s
         error                                  0.080914
    Time to solve                         1.630997e-03 s
    - iteration 3 :
         total iteration time                   0.00332 s
         error                                  0.0058629
    Time to solve                         1.624845e-03 s
    - iteration 4 :
         total iteration time                   0.00331 s
         error                                  0.0016416
    Time to solve                         1.676084e-03 s
    - iteration 5 :
         total iteration time                   0.0034 s
         error                                  0.00019892
    Time to solve                         1.669412e-03 s
    - iteration 6 :
         total iteration time                   0.00335 s
         error                                  2.2386e-05
    Time to solve                         1.655364e-03 s
    - iteration 7 :
         total iteration time                   0.00335 s
         error                                  3.3728e-06
    Time to solve                         1.648891e-03 s
    - iteration 8 :
         total iteration time                   0.00339 s
         error                                  5.336e-07
    Time to solve                         1.648742e-03 s
    - iteration 9 :
         total iteration time                   0.00365 s
         error                                  1.099e-07
    Time to solve                         1.792130e-03 s
    - iteration 10 :
         total iteration time                   0.00361 s
         error                                  3.4255e-08
    Time to solve                         1.774465e-03 s
    - iteration 11 :
         total iteration time                   0.0036 s
         error                                  3.2032e-09
    Time to solve                         1.747643e-03 s
    - iteration 12 :
         total iteration time                   0.0036 s
         error                                  3.9699e-10
    Time to solve                         1.687637e-03 s
    - iteration 13 :
         total iteration time                   0.00357 s
         error                                  1.1462e-10
    Time to solve                         1.657288e-03 s
    - iteration 14 :
         total iteration time                   0.00354 s
         error                                  1.195e-12
    Time to solve                         1.645686e-03 s
    - iteration 15 :
         total iteration time                   0.00349 s
         error                                  6.2595e-14
    Time to solve                         1.699670e-03 s
    - iteration 16 :
         total iteration time                   0.00236 s
         error                                  0.088961
    Time to solve                         1.768895e-03 s
    - iteration 17 :
         total iteration time                   0.00243 s
         error                                  0.038775
    Time to solve                         1.701173e-03 s
    - iteration 18 :
         total iteration time                   0.00238 s
         error                                  0.011302
    Time to solve                         1.785367e-03 s
    - iteration 19 :
         total iteration time                   0.00246 s
         error                                  0.0014064
    Time to solve                         1.780468e-03 s
    - iteration 20 :
         total iteration time                   0.00249 s
         error                                  5.481e-07
    Time for refinement                   6.756603e-02 s
||Ax - b||_2 = 4.630458e-12
