
=== CPARDISO: solving a real nonsymmetric system ===
Distributed Matrix Input Format is used for CPARDISO (iparm(40) = 2)
0-based array is turned ON
CPARDISO double precision computation is turned ON
METIS algorithm at reorder step is turned ON
Scaling is turned ON
Matching is turned ON


Summary: ( reordering phase )
================

Times:
======
Time spent in calculations of symmetric matrix portrait (fulladj): 1.030635 s
Time spent in reordering of the initial matrix (reorder)         : 40.868103 s
Time spent in symbolic factorization (symbfct)                   : 4.520747 s
Time spent in data preparations for factorization (parlist)      : 0.331801 s
Time spent in allocation of internal data structures (malloc)    : 1.708725 s
Time spent in matching/scaling                                   : 2.693443 s
Time spent in additional calculations                            : 2.099917 s
Total time spent                                                 : 53.253371 s

Statistics:
===========
Parallel Direct Factorization is running on 8 MPI and 1 OpenMP per MPI process

< Linear system Ax = b >
             number of equations:           41792002
             number of non-zeros in A:      125627004
             number of non-zeros in A (%): 0.000007

             number of right-hand sides:    1

< Factors L and U >
             number of columns for each panel: 128
             number of independent subgraphs:  0
< Preprocessing with state of the art partitioning metis>
             number of supernodes:                    41791799
             size of largest supernode:               6
             number of non-zeros in L:                125377959
             number of non-zeros in U:                83585271
             number of non-zeros in L+U:              208963230

Percentage of computed non-zeros for LL^T factorization
 1 %  2 %  3 %  4 %  5 %  6 %  7 %  8 %  9 %  10 %  11 %  12 %  13 %  14 %  15 %  16 %  17 %  18 %  19 %  20 %  21 %  22 %  23 %  24 %  25 %  26 %  27 %  28 %  29 %  30 %  31 %  32 %  33 %  34 %  35 %  36 %  37 %  38 %  39 %  40 %  41 %  42 %  43 %  44 %  45 %  46 %  47 %  48 %  49 %  50 %  51 %  52 %  53 %  54 %  55 %  56 %  57 %  58 %  59 %  60 %  61 %  62 %  63 %  64 %  65 %  66 %  67 %  68 %  69 %  70 %  71 %  72 %  73 %  74 %  75 %  76 %  77 %  78 %  79 %  80 %  81 %  82 %  83 %  84 %  85 %  86 %  87 %  88 %  89 %  90 %  91 %  92 %  93 %  94 %  95 %  96 %  97 %  98 %  99 %  100 % 

=== CPARDISO: solving a real nonsymmetric system ===
Single-level factorization algorithm is turned ON


Summary: ( factorization phase )
================

Times:
======
Time spent in copying matrix to internal data structure (A to LU): 0.000006 s
Time spent in factorization step (numfct)                        : 23.272915 s
Time spent in allocation of internal data structures (malloc)    : 0.000084 s
Time spent in additional calculations                            : 0.000018 s
Total time spent                                                 : 23.273023 s

Statistics:
===========
Parallel Direct Factorization is running on 8 MPI and 1 OpenMP per MPI process

< Linear system Ax = b >
             number of equations:           41792002
             number of non-zeros in A:      125627004
             number of non-zeros in A (%): 0.000007

             number of right-hand sides:    1

< Factors L and U >
             number of columns for each panel: 128
             number of independent subgraphs:  0
< Preprocessing with state of the art partitioning metis>
             number of supernodes:                    41791799
             size of largest supernode:               6
             number of non-zeros in L:                125377959
             number of non-zeros in U:                83585271
             number of non-zeros in L+U:              208963230
             gflop   for the numerical factorization: 0.501532

             gflop/s for the numerical factorization: 0.021550

PARDISO memory: symbolic=16989965 KB, numeric=14863491 KB, total=31853456 KB (31106.89 MB)
*** error PARDISO: iterative refinement
 contraction rate is greater than 0.9, interrupt

=== CPARDISO: solving a real nonsymmetric system ===


Summary: ( solution phase )
================

Times:
======
Time spent in direct solver at solve step (solve)                : 5.271342 s
Time spent in additional calculations                            : 19.294642 s
Total time spent                                                 : 24.565984 s

Statistics:
===========
Parallel Direct Factorization is running on 8 MPI and 1 OpenMP per MPI process

< Linear system Ax = b >
             number of equations:           41792002
             number of non-zeros in A:      125627004
             number of non-zeros in A (%): 0.000007

             number of right-hand sides:    1

< Factors L and U >
             number of columns for each panel: 128
             number of independent subgraphs:  0
< Preprocessing with state of the art partitioning metis>
             number of supernodes:                    41791799
             size of largest supernode:               6
             number of non-zeros in L:                125377959
             number of non-zeros in U:                83585271
             number of non-zeros in L+U:              208963230
             gflop   for the numerical factorization: 0.501532

             gflop/s for the numerical factorization: 0.021550

Number of iterative refinement steps performed         4
Tolerance level in the iterative refinement process    0.000000e+00
Backward error after the iterative refinement process  0.000000e+00
||Ax - b||_2 = 2.475261e-13
