
Entering DMUMPS 5.8.1 from C interface with JOB, N =   1      112211
      executing #MPI =     16, without OMP

Advanced settings:
   KEEP(370) Static mapping              =         1
   KEEP(371) Advanced optimizations      =         0

 =================================================
  MUMPS compiled with option -DAVOID_MPI_IN_PLACE
 MUMPS compiled with option -Dmetis
 MUMPS compiled with option -Dparmetis
 MUMPS compiled with option -Dpord
 MUMPS compiled with option -Dptscotch
 MUMPS compiled with option -Dscotch
 =================================================
L U Solver for unsymmetric matrices
Type of parallelism: Working host

 ****** ANALYSIS STEP ********

 ** Maximum transversal (ICNTL(6)) not allowed because matrix is distributed
 Parallel analysis, processing a graph of size:    112211
 Using PT-SCOTCH for parallel ordering
 ELAPSED time in parallel ordering       =      0.1050
 A root of estimated size  1632  has been selected for Scalapack.

Leaving analysis phase with  ...
 INFOG(1)                                       =               0
 INFOG(2)                                       =               0
 -- (20) Number of entries in factors (estim.)  =        50855603
 --  (3) Real space for factors    (estimated)  =        50870863
 --  (4) Integer space for factors (estimated)  =         1047928
 --  (5) Maximum frontal size      (estimated)  =            1858
 --  (6) Number of nodes in the tree            =            9330
 -- (32) Type of analysis effectively used      =               2
 --  (7) Ordering option effectively used       =               1
 ICNTL (6) Maximum transversal option           =               0
 ICNTL (7) Pivot order option                   =               6
 ICNTL(12) Ordering symmetric indef. matrices   =               1
 ICNTL(13) Parallelism/splitting of root node   =               0
 ICNTL(14) Percentage of memory relaxation      =              30
 ICNTL(15) Analysis by block effectively used   =               0
 ICNTL(18) Distributed input matrix (on if >0)  =               3
 ICNTL(32) Forward elimination during facto.    =               0
 ICNTL(35) BLR activation                       =               0
 ICNTL(48) Tree based multithreading (effective)=               0
 ICNTL(58) Symbolic factorization option        =               2
 Number of level 2 nodes                        =              16
 Number of split nodes                          =               2
 RINFOG(1) Operations during elimination (estim)= 3.175E+10
 Distributed matrix entry format (ICNTL(18))    =               3

 MEMORY ESTIMATIONS ... 
 Estimations with standard Full-Rank (FR) factorization:
    Maximum estim. space in Mbytes, IC facto.    (INFOG(16)):             146
    Total space in MBytes, IC factorization      (INFOG(17)):            2124
    Maximum estim. space in Mbytes, OOC facto.   (INFOG(26)):             120
    Total space in MBytes,  OOC factorization    (INFOG(27)):            1809

 Elapsed time in analysis driver=       0.2052

Entering DMUMPS 5.8.1 from C interface with JOB, N =   2      112211
      executing #MPI =     16, without OMP

Advanced settings:
   KEEP(370) Static mapping              =         1
   KEEP(371) Advanced optimizations      =         0



****** FACTORIZATION STEP ********

 GLOBAL STATISTICS PRIOR NUMERICAL FACTORIZATION ...
 Number of working processes                =              16
 ICNTL(22) Out-of-core option               =               0
 ICNTL(35) BLR activation (eff. choice)     =               0
 ICNTL(37) BLR CB compression (eff. choice) =               0
 ICNTL(49) Compact workarray S (end facto.) =               0
 ICNTL(56) Effective value during facto.    =               0
 ICNTL(14) Memory relaxation                =              30
 INFOG(3) Real space for factors (estimated)=        50870863
 INFOG(4) Integer space for factors (estim.)=         1047928
 Maximum frontal size (estimated)           =            1858
 Number of nodes in the tree                =            9330
 ICNTL(23) Memory allowed (value on host)   =               0
           Sum over all procs               =               0
 Memory provided by user, sum of LWK_USER   =               0
 Effective threshold for pivoting, CNTL(1)  =      0.1000E-01

 Statistics on the scaling phase
 Elapsed time for scaling                   =      0.0142
 Max difference from 1 after scaling the entries for ONE-NORM (option 7/8)   = 0.39E+00

 Average Effective size of S     (based on INFO(39))=              5776574

 Redistrib: total data local/sent           =           19668          758798
 Elapsed time to reformat/distribute matrix =      0.0082


 Allocated buffers
 ------------------
 Size of reception buffer in bytes ...... =      1524544
 Size of async. emission buffer (bytes).. =      4588868
 Small emission buffer (bytes) .......... =         6512
 ** Memory allocated, max in Mbytes             (INFOG(18)):         146

 ** Memory allocated, total in Mbytes           (INFOG(19)):        2124
 ** Memory effectively used, max in  Mbytes     (INFOG(21)):         129
 ** Memory effectively used, total in Mbytes    (INFOG(22)):        1914

 Elapsed time to process root node                  =      0.0255

 Elapsed time for factorization                     =      0.1345

Leaving factorization with ...
 RINFOG (2) Operations in node assembly             = 6.540E+07
 ------ (3) Operations in node elimination          = 3.175E+10
 ICNTL  (8) Scaling effectively used                =               7
 INFOG  (9) Real space for factors                  =        50854931
 INFOG (10) Integer space for factors               =         1048427
 INFOG (11) Maximum front size                      =            1857
 INFOG (29) Number of entries in factors            =        50854931
 INFOG (12) Number of off diagonal pivots           =               7
 INFOG (13) Number of delayed pivots                =               0
 RINFOG(19) Smallest pivot WITH perturbed pivots    = 1.036E-04
 RINFOG(20) Smallest pivot WITHOUT perturbed pivots = 1.036E-04
 RINFOG(21) Largest pivot in absolute value         = 4.446E+01
 INFOG (24) Effective value of ICNTL(12)            =               1
 INFOG (14) Number of memory compress               =               4

 Elapsed time in factorization driver               =      0.1636

Entering DMUMPS 5.8.1 from C interface with JOB, N =   3      112211
      executing #MPI =     16, without OMP

Advanced settings:
   KEEP(370) Static mapping              =         1
   KEEP(371) Advanced optimizations      =         0



 ****** SOLVE & CHECK STEP ********

 GLOBAL STATISTICS PRIOR SOLVE PHASE ...........
 Number of right-hand-sides                    =           1
 Blocking factor for multiple rhs              =           1
 ICNTL (9)                                     =           1
  --- (10)                                     =           0
  --- (11)                                     =           0
  --- (20)                                     =           0
  --- (21)                                     =           1
  --- (30)                                     =           0
  --- (35)                                     =           0
  --- (48) (effective)                         =           0
 ** Rank of processor needing largest memory in solve     :         0
 ** Space in MBYTES used by this processor for solve      :        66
 ** Avg. Space in MBYTES per working proc during solve    :        51
 
 Leaving solve with ...
 Time to build/scatter RHS        =       0.001771
 Time in solution step (fwd/bwd)  =       0.008302
  .. Time in forward (fwd) step   =          0.003277
  .. Time in ScaLAPACK root       =          0.001142
  .. Time in backward (bwd) step  =          0.003659
 Time to gather solution(cent.sol)=       0.000000
 Time for distributed solution    =       0.000069

 Elapsed time in solve driver=       0.0123

Entering DMUMPS 5.8.1 from C interface with JOB =  -2
      executing #MPI =     16, without OMP
||Ax - b||_2 = 6.854674e-10
