
Entering DMUMPS 5.8.1 from C interface with JOB, N =   1     1602111
      executing #MPI =     32, without OMP

Advanced settings:
   KEEP(370) Static mapping              =         1
   KEEP(371) Advanced optimizations      =         0

 =================================================
  MUMPS compiled with option -DAVOID_MPI_IN_PLACE
 MUMPS compiled with option -Dmetis
 MUMPS compiled with option -Dparmetis
 MUMPS compiled with option -Dpord
 MUMPS compiled with option -Dptscotch
 MUMPS compiled with option -Dscotch
 =================================================
L U Solver for unsymmetric matrices
Type of parallelism: Working host

 ****** ANALYSIS STEP ********

 ** Maximum transversal (ICNTL(6)) not allowed because matrix is distributed
 Processing a graph of size:   1602111 with      21898620 edges
 Ordering based on METIS
 ELAPSED TIME SPENT IN METIS reordering  =     15.7637
 SYMBOLIC based on column counts 
 ELAPSED TIME IN symbolic factorization  =      0.5007
 A root of estimated size  4991  has been selected for Scalapack.

Leaving analysis phase with  ...
 INFOG(1)                                       =               0
 INFOG(2)                                       =               0
 -- (20) Number of entries in factors (estim.)  =      2628533197
 --  (3) Real space for factors    (estimated)  =      2630188728
 --  (4) Integer space for factors (estimated)  =        21330660
 --  (5) Maximum frontal size      (estimated)  =           12556
 --  (6) Number of nodes in the tree            =           57885
 -- (32) Type of analysis effectively used      =               1
 --  (7) Ordering option effectively used       =               5
 ICNTL (6) Maximum transversal option           =               0
 ICNTL (7) Pivot order option                   =               5
 ICNTL(12) Ordering symmetric indef. matrices   =               1
 ICNTL(13) Parallelism/splitting of root node   =               0
 ICNTL(14) Percentage of memory relaxation      =             500
 ICNTL(15) Analysis by block effectively used   =               0
 ICNTL(18) Distributed input matrix (on if >0)  =               3
 ICNTL(32) Forward elimination during facto.    =               0
 ICNTL(35) BLR activation                       =               0
 ICNTL(48) Tree based multithreading (effective)=               0
 ICNTL(58) Symbolic factorization option        =               2
 Number of level 2 nodes                        =              69
 Number of split nodes                          =              12
 RINFOG(1) Operations during elimination (estim)= 1.057E+13
 Distributed matrix entry format (ICNTL(18))    =               3

 MEMORY ESTIMATIONS ... 
 Estimations with standard Full-Rank (FR) factorization:
    Maximum estim. space in Mbytes, IC facto.    (INFOG(16)):            6629
    Total space in MBytes, IC factorization      (INFOG(17)):          172352
    Maximum estim. space in Mbytes, OOC facto.   (INFOG(26)):            2975
    Total space in MBytes,  OOC factorization    (INFOG(27)):           75000

 Elapsed time in analysis driver=      17.2385

Entering DMUMPS 5.8.1 from C interface with JOB, N =   2     1602111
      executing #MPI =     32, without OMP

Advanced settings:
   KEEP(370) Static mapping              =         1
   KEEP(371) Advanced optimizations      =         0



****** FACTORIZATION STEP ********

 GLOBAL STATISTICS PRIOR NUMERICAL FACTORIZATION ...
 Number of working processes                =              32
 ICNTL(22) Out-of-core option               =               0
 ICNTL(35) BLR activation (eff. choice)     =               0
 ICNTL(37) BLR CB compression (eff. choice) =               0
 ICNTL(49) Compact workarray S (end facto.) =               0
 ICNTL(56) Effective value during facto.    =               0
 ICNTL(14) Memory relaxation                =             500
 INFOG(3) Real space for factors (estimated)=      2630188728
 INFOG(4) Integer space for factors (estim.)=        21330660
 Maximum frontal size (estimated)           =           12556
 Number of nodes in the tree                =           57885
 ICNTL(23) Memory allowed (value on host)   =               0
           Sum over all procs               =               0
 Memory provided by user, sum of LWK_USER   =               0
 Effective threshold for pivoting, CNTL(1)  =      0.1000E-01

 Statistics on the scaling phase
 Elapsed time for scaling                   =      0.2868
 Max difference from 1 after scaling the entries for ONE-NORM (option 7/8)   = 0.29E-01

 Average Effective size of S     (based on INFO(39))=            655049403

 Redistrib: total data local/sent           =         1018042        30858052
 Elapsed time to reformat/distribute matrix =      0.1648


 Allocated buffers
 ------------------
 Size of reception buffer in bytes ...... =     16840180
 Size of async. emission buffer (bytes).. =     50688939
 Small emission buffer (bytes) .......... =        23428
 ** Memory allocated, max in Mbytes             (INFOG(18)):        6629

 ** Memory allocated, total in Mbytes           (INFOG(19)):      172352
 ** Memory effectively used, max in  Mbytes     (INFOG(21)):        1201
 ** Memory effectively used, total in Mbytes    (INFOG(22)):       30736

 Elapsed time to process root node                  =      0.2418

 Elapsed time for factorization                     =     11.5002

Leaving factorization with ...
 RINFOG (2) Operations in node assembly             = 6.290E+09
 ------ (3) Operations in node elimination          = 1.057E+13
 ICNTL  (8) Scaling effectively used                =               7
 INFOG  (9) Real space for factors                  =      2628533197
 INFOG (10) Integer space for factors               =        21333603
 INFOG (11) Maximum front size                      =           12556
 INFOG (29) Number of entries in factors            =      2628533197
 INFOG (12) Number of off diagonal pivots           =               0
 INFOG (13) Number of delayed pivots                =               0
 RINFOG(19) Smallest pivot WITH perturbed pivots    = 8.531E-02
 RINFOG(20) Smallest pivot WITHOUT perturbed pivots = 8.531E-02
 RINFOG(21) Largest pivot in absolute value         = 1.000E+00
 INFOG (24) Effective value of ICNTL(12)            =               1
 INFOG (14) Number of memory compress               =               0

 Elapsed time in factorization driver               =     12.0556

Entering DMUMPS 5.8.1 from C interface with JOB, N =   3     1602111
      executing #MPI =     32, without OMP

Advanced settings:
   KEEP(370) Static mapping              =         1
   KEEP(371) Advanced optimizations      =         0



 ****** SOLVE & CHECK STEP ********

 GLOBAL STATISTICS PRIOR SOLVE PHASE ...........
 Number of right-hand-sides                    =           1
 Blocking factor for multiple rhs              =           1
 ICNTL (9)                                     =           1
  --- (10)                                     =           2
  --- (11)                                     =           0
  --- (20)                                     =           0
  --- (21)                                     =           1
  --- (30)                                     =           0
  --- (35)                                     =           0
  --- (48) (effective)                         =           0
 WARNING:  Incompatible features: nrhs>1 or distrib sol and Iter. Ref and/or Err. Anal.
 WARNING: ICNTL(10) treated as if set to 0 
 ** Rank of processor needing largest memory in solve     :        18
 ** Space in MBYTES used by this processor for solve      :      6596
 ** Avg. Space in MBYTES per working proc during solve    :      5350
 
 Leaving solve with ...
 Time to build/scatter RHS        =       0.017152
 Time in solution step (fwd/bwd)  =       0.158305
  .. Time in forward (fwd) step   =          0.066033
  .. Time in ScaLAPACK root       =          0.003739
  .. Time in backward (bwd) step  =          0.087842
 Time to gather solution(cent.sol)=       0.000000
 Time for distributed solution    =       0.000410

 Elapsed time in solve driver=       0.1832

Entering DMUMPS 5.8.1 from C interface with JOB =  -2
      executing #MPI =     32, without OMP
||Ax - b||_2 = 5.852888e-14
