
Entering DMUMPS 5.8.1 from C interface with JOB, N =   1     1602111
      executing #MPI =     64, without OMP

Advanced settings:
   KEEP(370) Static mapping              =         1
   KEEP(371) Advanced optimizations      =         0

 =================================================
  MUMPS compiled with option -DAVOID_MPI_IN_PLACE
 MUMPS compiled with option -Dmetis
 MUMPS compiled with option -Dparmetis
 MUMPS compiled with option -Dpord
 MUMPS compiled with option -Dptscotch
 MUMPS compiled with option -Dscotch
 =================================================
L U Solver for unsymmetric matrices
Type of parallelism: Working host

 ****** ANALYSIS STEP ********

 ** Maximum transversal (ICNTL(6)) not allowed because matrix is distributed
 Processing a graph of size:   1602111 with      21898620 edges
 Ordering based on QAMD 
 A root of estimated size  17307  has been selected for Scalapack.

Leaving analysis phase with  ...
 INFOG(1)                                       =               0
 INFOG(2)                                       =               0
 -- (20) Number of entries in factors (estim.)  =      6569774177
 --  (3) Real space for factors    (estimated)  =      6608776461
 --  (4) Integer space for factors (estimated)  =        26164123
 --  (5) Maximum frontal size      (estimated)  =           20336
 --  (6) Number of nodes in the tree            =           40412
 -- (32) Type of analysis effectively used      =               1
 --  (7) Ordering option effectively used       =               6
 ICNTL (6) Maximum transversal option           =               0
 ICNTL (7) Pivot order option                   =               6
 ICNTL(12) Ordering symmetric indef. matrices   =               1
 ICNTL(13) Parallelism/splitting of root node   =               0
 ICNTL(14) Percentage of memory relaxation      =             500
 ICNTL(15) Analysis by block effectively used   =               0
 ICNTL(18) Distributed input matrix (on if >0)  =               3
 ICNTL(32) Forward elimination during facto.    =               0
 ICNTL(35) BLR activation                       =               0
 ICNTL(48) Tree based multithreading (effective)=               0
 ICNTL(58) Symbolic factorization option        =               2
 Number of level 2 nodes                        =             152
 Number of split nodes                          =              55
 RINFOG(1) Operations during elimination (estim)= 6.585E+13
 Distributed matrix entry format (ICNTL(18))    =               3

 MEMORY ESTIMATIONS ... 
 Estimations with standard Full-Rank (FR) factorization:
    Maximum estim. space in Mbytes, IC facto.    (INFOG(16)):           28168
    Total space in MBytes, IC factorization      (INFOG(17)):          524688
    Maximum estim. space in Mbytes, OOC facto.   (INFOG(26)):           19723
    Total space in MBytes,  OOC factorization    (INFOG(27)):          347435

 Elapsed time in analysis driver=       2.0445

Entering DMUMPS 5.8.1 from C interface with JOB, N =   2     1602111
      executing #MPI =     64, without OMP

Advanced settings:
   KEEP(370) Static mapping              =         1
   KEEP(371) Advanced optimizations      =         0



****** FACTORIZATION STEP ********

 GLOBAL STATISTICS PRIOR NUMERICAL FACTORIZATION ...
 Number of working processes                =              64
 ICNTL(22) Out-of-core option               =               0
 ICNTL(35) BLR activation (eff. choice)     =               0
 ICNTL(37) BLR CB compression (eff. choice) =               0
 ICNTL(49) Compact workarray S (end facto.) =               0
 ICNTL(56) Effective value during facto.    =               0
 ICNTL(14) Memory relaxation                =             500
 INFOG(3) Real space for factors (estimated)=      6608776461
 INFOG(4) Integer space for factors (estim.)=        26164123
 Maximum frontal size (estimated)           =           20336
 Number of nodes in the tree                =           40412
 ICNTL(23) Memory allowed (value on host)   =               0
           Sum over all procs               =               0
 Memory provided by user, sum of LWK_USER   =               0
 Effective threshold for pivoting, CNTL(1)  =      0.1000E-01

 Statistics on the scaling phase
 Elapsed time for scaling                   =      0.3963
 Max difference from 1 after scaling the entries for ONE-NORM (option 7/8)   = 0.29E-01

 Average Effective size of S     (based on INFO(39))=            986877531

 Redistrib: total data local/sent           =         1056246        62111553
 Elapsed time to reformat/distribute matrix =      0.1869


 Allocated buffers
 ------------------
 Size of reception buffer in bytes ...... =     59793776
 Size of async. emission buffer (bytes).. =    179979264
 Small emission buffer (bytes) .......... =        89104
 ** Memory allocated, max in Mbytes             (INFOG(18)):       28168

 ** Memory allocated, total in Mbytes           (INFOG(19)):      524687
 ** Memory effectively used, max in  Mbytes     (INFOG(21)):        4124
 ** Memory effectively used, total in Mbytes    (INFOG(22)):       93173

 Elapsed time to process root node                  =      3.1355

 Elapsed time for factorization                     =     78.6266

Leaving factorization with ...
 RINFOG (2) Operations in node assembly             = 2.655E+10
 ------ (3) Operations in node elimination          = 6.585E+13
 ICNTL  (8) Scaling effectively used                =               7
 INFOG  (9) Real space for factors                  =      6569774177
 INFOG (10) Integer space for factors               =        26149420
 INFOG (11) Maximum front size                      =           20336
 INFOG (29) Number of entries in factors            =      6569774177
 INFOG (12) Number of off diagonal pivots           =               0
 INFOG (13) Number of delayed pivots                =               0
 RINFOG(19) Smallest pivot WITH perturbed pivots    = 1.120E-01
 RINFOG(20) Smallest pivot WITHOUT perturbed pivots = 1.120E-01
 RINFOG(21) Largest pivot in absolute value         = 1.000E+00
 INFOG (24) Effective value of ICNTL(12)            =               1
 INFOG (14) Number of memory compress               =               0

 Elapsed time in factorization driver               =     79.3513

Entering DMUMPS 5.8.1 from C interface with JOB, N =   3     1602111
      executing #MPI =     64, without OMP

Advanced settings:
   KEEP(370) Static mapping              =         1
   KEEP(371) Advanced optimizations      =         0



 ****** SOLVE & CHECK STEP ********

 GLOBAL STATISTICS PRIOR SOLVE PHASE ...........
 Number of right-hand-sides                    =           1
 Blocking factor for multiple rhs              =           1
 ICNTL (9)                                     =           1
  --- (10)                                     =           2
  --- (11)                                     =           0
  --- (20)                                     =           0
  --- (21)                                     =           1
  --- (30)                                     =           0
  --- (35)                                     =           0
  --- (48) (effective)                         =           0
 WARNING:  Incompatible features: nrhs>1 or distrib sol and Iter. Ref and/or Err. Anal.
 WARNING: ICNTL(10) treated as if set to 0 
 ** Rank of processor needing largest memory in solve     :         0
 ** Space in MBYTES used by this processor for solve      :     27974
 ** Avg. Space in MBYTES per working proc during solve    :      7988
 
 Leaving solve with ...
 Time to build/scatter RHS        =       0.025049
 Time in solution step (fwd/bwd)  =       0.666433
  .. Time in forward (fwd) step   =          0.165646
  .. Time in ScaLAPACK root       =          0.023326
  .. Time in backward (bwd) step  =          0.476616
 Time to gather solution(cent.sol)=       0.000000
 Time for distributed solution    =       0.000538

 Elapsed time in solve driver=       0.7092

Entering DMUMPS 5.8.1 from C interface with JOB =  -2
      executing #MPI =     64, without OMP
||Ax - b||_2 = 6.004228e-14
