ischedInit: The thread number has been automatically set to 1
ischedInit: The thread number has been automatically set to 1
ischedInit: The thread number has been automatically set to 1
ischedInit: The thread number has been automatically set to 1
ischedInit: The thread number has been automatically set to 1
ischedInit: The thread number has been automatically set to 1
ischedInit: The thread number has been automatically set to 1
ischedInit: The thread number has been automatically set to 1
ischedInit: The thread number has been automatically set to 1
ischedInit: The thread number has been automatically set to 1
ischedInit: The thread number has been automatically set to 1
ischedInit: The thread number has been automatically set to 1
ischedInit: The thread number has been automatically set to 1
ischedInit: The thread number has been automatically set to 1
ischedInit: The thread number has been automatically set to 1
ischedInit: The thread number has been automatically set to 1
ischedInit: The thread number has been automatically set to 1
ischedInit: The thread number has been automatically set to 1
ischedInit: The thread number has been automatically set to 1
ischedInit: The thread number has been automatically set to 1
ischedInit: The thread number has been automatically set to 1
ischedInit: The thread number has been automatically set to 1
ischedInit: The thread number has been automatically set to 1
ischedInit: The thread number has been automatically set to 1
ischedInit: The thread number has been automatically set to 1
ischedInit: The thread number has been automatically set to 1
ischedInit: The thread number has been automatically set to 1
ischedInit: The thread number has been automatically set to 1
ischedInit: The thread number has been automatically set to 1
ischedInit: The thread number has been automatically set to 1
ischedInit: The thread number has been automatically set to 1
ischedInit: The thread number has been automatically set to 1
+-------------------------------------------------+
+     PaStiX : Parallel Sparse matriX package     +
+-------------------------------------------------+
  Version:                                   6.4.0
  Schedulers:
    sequential:                            Enabled
    thread static:                         Started
    thread dynamic:                        Started
    PaRSEC:                               Disabled
    StarPU:                               Disabled
  Number of MPI processes:                      32
  Number of threads per process:                 1
  Number of GPUs:                                0
  MPI communication support:              PastixMpiThreadFunneled
  Distribution level:                     2D( 160)
  Blocking size (min/max):              160 /  320
  Computational models
    CPU:              AMD Opteron 6180 - Intel MKL
    GPU:             Nvidia K40 GK1108L - CUDA 8.0
  Low rank parameters:
    Strategy                        No compression
+-------------------------------------------------+
  Ordering subtask :
    Prepare graph structure:
      Sort row indexes in each column
      Removing diagonal elements
    Ordering method is: Metis
    Time to compute ordering              1.807409e+02 s
+-------------------------------------------------+
  Symbolic factorization subtask:
    Symbol factorization using: Fax Direct
    Symbol Matrix statistics:
      Number of cblk                      16061537
      Number of blok                      35705711
      Cblk width min                             1
      Cblk width max                           315
      Cblk width avg                          1.49
      Cblk width stdev                        0.93
      Blok height min                            1
      Blok height max                          266
      Blok height avg                         1.21
      Blok height stdev                       0.75
      Memory space                            2.41 Go
    Number of nonzeroes in L structure    93481329
    Fill-in of L                          1.619885
    Time to compute symbol matrix         8.000012e+00 s
+-------------------------------------------------+
  Reordering subtask:
    Split level                                  0
    Stoping criterion                           -1
    Time for reordering                   2.191478e+01 s
+-------------------------------------------------+
  Mapping/Scheduling subtask:
OUTPUTDIR: pastix-thPzjA
    Number of cluster                           32
    Number of processor per cluster              1
    Number of thread per MPI process             1
    Symbol Matrix statistics:
      Number of cblk                      16061537
      Number of blok                      32846268
      Cblk width min                             1
      Cblk width max                           315
      Cblk width avg                          1.49
      Cblk width stdev                        0.93
      Blok height min                            1
      Blok height max                          266
      Blok height avg                         1.32
      Blok height stdev                       1.01
      Memory space                            2.30 Go
    Symbol split done in                  1.561879e-01 s
    Elimination tree built in             3.576657e-01 s
    Cost matrix built in                  5.066279e-01 s
    Estimated total cost of the etree     1.782869e+02 s
    Estimated critical path of the etree  0.000000e+00 s
    Proportional mapping done in          2.583778e-01 s
    Simulation structures built in        9.330120e-01 s
    Number of tasks found                 16061537
    Simulation done in                    2.022533e+01 s
    Solver built in                       3.491407e+00 s
    Number of non-zeroes in blocked L     186962658
    Fill-in                               3.239770
    Number of operations in full-rank: LU        5.26 GFlops
    Prediction:
      Model                              AMD 6180  MKL
      Time to factorize                   1.513662e+01 s
    Time for mapping/scheduling           3.024405e+01 s
+-------------------------------------------------+
  Analyze task:
    Total time for analyze                2.430820e+02 s
+-------------------------------------------------+
  Factorization task:
    Factorization used: LU
    ||A||_2  =                            7.596619e+03
    Time to initialize internal csc       1.368241e+00 s
    Time to initialize coeftab            3.607029e-01 s
    Time to factorize                     1.441106e+00 s ( 3.65 GFlop/s)
    Number of operations                       -71764863840.00  Flops
    Number of static pivots               10508071
    Memory usage of coeftab                       58.3 Mo
    Time to solve                         1.235298e+00 s
    Time to solve                         1.238687e+00 s
    - iteration 1 :
         total iteration time                   1.78 s
         error                                  0
    Time to solve                         1.240706e+00 s
    - iteration 2 :
         total iteration time                   1.58 s
         error                                  0
    Time to solve                         1.236174e+00 s
    - iteration 3 :
         total iteration time                   1.58 s
         error                                  0
    Time to solve                         1.231534e+00 s
    - iteration 4 :
         total iteration time                   1.58 s
         error                                  0
    Time to solve                         1.237975e+00 s
    - iteration 5 :
         total iteration time                   1.58 s
         error                                  0
    Time to solve                         1.236620e+00 s
    - iteration 6 :
         total iteration time                   1.58 s
         error                                  0
    Time to solve                         1.232017e+00 s
    - iteration 7 :
         total iteration time                   1.58 s
         error                                  0
    Time to solve                         1.239914e+00 s
    - iteration 8 :
         total iteration time                   1.59 s
         error                                  0
    Time to solve                         1.238576e+00 s
    - iteration 9 :
         total iteration time                   1.58 s
         error                                  0
    Time to solve                         1.206716e+00 s
    - iteration 10 :
         total iteration time                   1.54 s
         error                                  0
    Time to solve                         1.195177e+00 s
    - iteration 11 :
         total iteration time                   1.53 s
         error                                  0
    Time to solve                         1.204984e+00 s
    - iteration 12 :
         total iteration time                   1.54 s
         error                                  0
    Time to solve                         1.199613e+00 s
    - iteration 13 :
         total iteration time                   1.53 s
         error                                  0
    Time to solve                         1.228937e+00 s
    - iteration 14 :
         total iteration time                   1.56 s
         error                                  0
    Time to solve                         1.194999e+00 s
    - iteration 15 :
         total iteration time                   1.53 s
         error                                  0
    Time to solve                         1.202352e+00 s
    - iteration 16 :
         total iteration time                   1.54 s
         error                                  0
    Time to solve                         1.202570e+00 s
    - iteration 17 :
         total iteration time                   1.54 s
         error                                  0
    Time to solve                         1.196346e+00 s
    - iteration 18 :
         total iteration time                   1.53 s
         error                                  0
    Time to solve                         1.196671e+00 s
    - iteration 19 :
         total iteration time                   1.54 s
         error                                  0
    Time to solve                         1.199470e+00 s
    - iteration 20 :
         total iteration time                   1.53 s
         error                                  0
    Time for refinement                   3.141535e+01 s
||Ax - b||_2 = -nan
