ischedInit: The thread number has been automatically set to 1
ischedInit: The thread number has been automatically set to 1
ischedInit: The thread number has been automatically set to 1
ischedInit: The thread number has been automatically set to 1
ischedInit: The thread number has been automatically set to 1
ischedInit: The thread number has been automatically set to 1
ischedInit: The thread number has been automatically set to 1
ischedInit: The thread number has been automatically set to 1
ischedInit: The thread number has been automatically set to 1
ischedInit: The thread number has been automatically set to 1
ischedInit: The thread number has been automatically set to 1
ischedInit: The thread number has been automatically set to 1
ischedInit: The thread number has been automatically set to 1
ischedInit: The thread number has been automatically set to 1
ischedInit: The thread number has been automatically set to 1
ischedInit: The thread number has been automatically set to 1
ischedInit: The thread number has been automatically set to 1
ischedInit: The thread number has been automatically set to 1
ischedInit: The thread number has been automatically set to 1
ischedInit: The thread number has been automatically set to 1
ischedInit: The thread number has been automatically set to 1
ischedInit: The thread number has been automatically set to 1
ischedInit: The thread number has been automatically set to 1
ischedInit: The thread number has been automatically set to 1
ischedInit: The thread number has been automatically set to 1
ischedInit: The thread number has been automatically set to 1
ischedInit: The thread number has been automatically set to 1
ischedInit: The thread number has been automatically set to 1
ischedInit: The thread number has been automatically set to 1
ischedInit: The thread number has been automatically set to 1
ischedInit: The thread number has been automatically set to 1
ischedInit: The thread number has been automatically set to 1
+-------------------------------------------------+
+     PaStiX : Parallel Sparse matriX package     +
+-------------------------------------------------+
  Version:                                   6.4.0
  Schedulers:
    sequential:                            Enabled
    thread static:                         Started
    thread dynamic:                        Started
    PaRSEC:                               Disabled
    StarPU:                               Disabled
  Number of MPI processes:                      32
  Number of threads per process:                 1
  Number of GPUs:                                0
  MPI communication support:              PastixMpiThreadFunneled
  Distribution level:                     2D( 160)
  Blocking size (min/max):              160 /  320
  Computational models
    CPU:              AMD Opteron 6180 - Intel MKL
    GPU:             Nvidia K40 GK1108L - CUDA 8.0
  Low rank parameters:
    Strategy                        No compression
+-------------------------------------------------+
  Ordering subtask :
    Prepare graph structure:
      Sort row indexes in each column
      Removing diagonal elements
    Ordering method is: Metis
    Time to compute ordering              7.005763e+00 s
+-------------------------------------------------+
  Symbolic factorization subtask:
    Symbol factorization using: Fax Direct
    Symbol Matrix statistics:
      Number of cblk                         65494
      Number of blok                        654607
      Cblk width min                             5
      Cblk width max                          5475
      Cblk width avg                         23.03
      Cblk width stdev                       33.90
      Blok height min                            5
      Blok height max                         1445
      Blok height avg                         9.24
      Blok height stdev                      14.80
      Memory space                           29.47 Mo
    Number of nonzeroes in L structure    360471105
    Fill-in of L                          6.843653
    Time to compute symbol matrix         3.075041e-01 s
+-------------------------------------------------+
  Reordering subtask:
    Split level                                  0
    Stoping criterion                           -1
    Time for reordering                   2.263600e+00 s
+-------------------------------------------------+
  Mapping/Scheduling subtask:
OUTPUTDIR: pastix-NxDo2r
    Number of cluster                           32
    Number of processor per cluster              1
    Number of thread per MPI process             1
    Symbol Matrix statistics:
      Number of cblk                         65619
      Number of blok                        270824
      Cblk width min                             5
      Cblk width max                           340
      Cblk width avg                         22.98
      Cblk width stdev                       22.06
      Blok height min                            1
      Blok height max                          340
      Blok height avg                        23.39
      Blok height stdev                      28.75
      Memory space                           14.84 Mo
    Symbol split done in                  9.173383e-03 s
    Elimination tree built in             1.418858e-03 s
    Cost matrix built in                  3.899425e-03 s
    Estimated total cost of the etree     2.885660e+01 s
    Estimated critical path of the etree  0.000000e+00 s
    Proportional mapping done in          9.171500e-04 s
    Simulation structures built in        9.025226e-03 s
    Number of tasks found                    65619
    Simulation done in                    8.337366e-02 s
    Solver built in                       3.794423e-02 s
    Number of non-zeroes in blocked L     720942210
    Fill-in                               13.687306
    Number of operations in full-rank: LU       729.93 GFlops
    Prediction:
      Model                              AMD 6180  MKL
      Time to factorize                   9.248282e+00 s
    Time for mapping/scheduling           2.326642e-01 s
+-------------------------------------------------+
  Analyze task:
    Total time for analyze                9.953739e+00 s
+-------------------------------------------------+
  Factorization task:
    Factorization used: LU
    ||A||_2  =                            3.989159e+08
    Time to initialize internal csc       2.724230e-01 s
    Time to initialize coeftab            1.044924e-01 s
    Time to factorize                     3.725278e+00 s (195.94 GFlop/s)
    Number of operations                       -6036985127068.00  Flops
    Number of static pivots                      0
    Memory usage of coeftab                        179 Mo
    Time to solve                         5.438559e-02 s
    Time for refinement                   2.787968e-02 s
||Ax - b||_2 = 8.315130e-08
