
Entering DMUMPS 5.8.1 from C interface with JOB, N =   1     1564794
      executing #MPI =     32, without OMP

Advanced settings:
   KEEP(370) Static mapping              =         1
   KEEP(371) Advanced optimizations      =         0

 =================================================
  MUMPS compiled with option -DAVOID_MPI_IN_PLACE
 MUMPS compiled with option -Dmetis
 MUMPS compiled with option -Dparmetis
 MUMPS compiled with option -Dpord
 MUMPS compiled with option -Dptscotch
 MUMPS compiled with option -Dscotch
 =================================================
L U Solver for unsymmetric matrices
Type of parallelism: Working host

 ****** ANALYSIS STEP ********

 ** Maximum transversal (ICNTL(6)) not allowed because matrix is distributed
 Processing a graph of size:   1564794 with     115841250 edges
 Ordering based on SCOTCH 
 ELAPSED TIME SPENT IN SCOTCH reordering =     13.1206
 A root of estimated size  2934  has been selected for Scalapack.

Leaving analysis phase with  ...
 INFOG(1)                                       =               0
 INFOG(2)                                       =               0
 -- (20) Number of entries in factors (estim.)  =      3377953908
 --  (3) Real space for factors    (estimated)  =      3378935978
 --  (4) Integer space for factors (estimated)  =        19178632
 --  (5) Maximum frontal size      (estimated)  =           10101
 --  (6) Number of nodes in the tree            =           26875
 -- (32) Type of analysis effectively used      =               1
 --  (7) Ordering option effectively used       =               3
 ICNTL (6) Maximum transversal option           =               0
 ICNTL (7) Pivot order option                   =               3
 ICNTL(12) Ordering symmetric indef. matrices   =               1
 ICNTL(13) Parallelism/splitting of root node   =               0
 ICNTL(14) Percentage of memory relaxation      =             500
 ICNTL(15) Analysis by block effectively used   =               0
 ICNTL(18) Distributed input matrix (on if >0)  =               3
 ICNTL(32) Forward elimination during facto.    =               0
 ICNTL(35) BLR activation                       =               0
 ICNTL(48) Tree based multithreading (effective)=               0
 ICNTL(58) Symbolic factorization option        =               2
 Number of level 2 nodes                        =              58
 Number of split nodes                          =              11
 RINFOG(1) Operations during elimination (estim)= 9.231E+12
 Distributed matrix entry format (ICNTL(18))    =               3

 MEMORY ESTIMATIONS ... 
 Estimations with standard Full-Rank (FR) factorization:
    Maximum estim. space in Mbytes, IC facto.    (INFOG(16)):            8483
    Total space in MBytes, IC factorization      (INFOG(17)):          199326
    Maximum estim. space in Mbytes, OOC facto.   (INFOG(26)):            2788
    Total space in MBytes,  OOC factorization    (INFOG(27)):           66815

 Elapsed time in analysis driver=      14.4176

Entering DMUMPS 5.8.1 from C interface with JOB, N =   2     1564794
      executing #MPI =     32, without OMP

Advanced settings:
   KEEP(370) Static mapping              =         1
   KEEP(371) Advanced optimizations      =         0



****** FACTORIZATION STEP ********

 GLOBAL STATISTICS PRIOR NUMERICAL FACTORIZATION ...
 Number of working processes                =              32
 ICNTL(22) Out-of-core option               =               0
 ICNTL(35) BLR activation (eff. choice)     =               0
 ICNTL(37) BLR CB compression (eff. choice) =               0
 ICNTL(49) Compact workarray S (end facto.) =               0
 ICNTL(56) Effective value during facto.    =               0
 ICNTL(14) Memory relaxation                =             500
 INFOG(3) Real space for factors (estimated)=      3378935978
 INFOG(4) Integer space for factors (estim.)=        19178632
 Maximum frontal size (estimated)           =           10101
 Number of nodes in the tree                =           26875
 ICNTL(23) Memory allowed (value on host)   =               0
           Sum over all procs               =               0
 Memory provided by user, sum of LWK_USER   =               0
 Effective threshold for pivoting, CNTL(1)  =      0.1000E-01

 Statistics on the scaling phase
 Elapsed time for scaling                   =      0.3525
 Max difference from 1 after scaling the entries for ONE-NORM (option 7/8)   = 0.70E-01

 Average Effective size of S     (based on INFO(39))=            757390590

 Redistrib: total data local/sent           =         3895618       148696139
 Elapsed time to reformat/distribute matrix =      0.2239


 Allocated buffers
 ------------------
 Size of reception buffer in bytes ...... =     15167348
 Size of async. emission buffer (bytes).. =     45653716
 Small emission buffer (bytes) .......... =        23736
 ** Memory allocated, max in Mbytes             (INFOG(18)):        8483

 ** Memory allocated, total in Mbytes           (INFOG(19)):      199326
 ** Memory effectively used, max in  Mbytes     (INFOG(21)):        1542
 ** Memory effectively used, total in Mbytes    (INFOG(22)):       36650

 Elapsed time to process root node                  =      0.1367

 Elapsed time for factorization                     =     11.3472

Leaving factorization with ...
 RINFOG (2) Operations in node assembly             = 6.541E+09
 ------ (3) Operations in node elimination          = 9.231E+12
 ICNTL  (8) Scaling effectively used                =               7
 INFOG  (9) Real space for factors                  =      3377953908
 INFOG (10) Integer space for factors               =        19181927
 INFOG (11) Maximum front size                      =           10101
 INFOG (29) Number of entries in factors            =      3377953908
 INFOG (12) Number of off diagonal pivots           =               0
 INFOG (13) Number of delayed pivots                =               0
 RINFOG(19) Smallest pivot WITH perturbed pivots    = 9.026E-03
 RINFOG(20) Smallest pivot WITHOUT perturbed pivots = 9.026E-03
 RINFOG(21) Largest pivot in absolute value         = 5.823E-01
 INFOG (24) Effective value of ICNTL(12)            =               1
 INFOG (14) Number of memory compress               =               0

 Elapsed time in factorization driver               =     12.0286

Entering DMUMPS 5.8.1 from C interface with JOB, N =   3     1564794
      executing #MPI =     32, without OMP

Advanced settings:
   KEEP(370) Static mapping              =         1
   KEEP(371) Advanced optimizations      =         0



 ****** SOLVE & CHECK STEP ********

 GLOBAL STATISTICS PRIOR SOLVE PHASE ...........
 Number of right-hand-sides                    =           1
 Blocking factor for multiple rhs              =           1
 ICNTL (9)                                     =           1
  --- (10)                                     =           2
  --- (11)                                     =           0
  --- (20)                                     =           0
  --- (21)                                     =           1
  --- (30)                                     =           0
  --- (35)                                     =           0
  --- (48) (effective)                         =           0
 WARNING:  Incompatible features: nrhs>1 or distrib sol and Iter. Ref and/or Err. Anal.
 WARNING: ICNTL(10) treated as if set to 0 
 ** Rank of processor needing largest memory in solve     :        17
 ** Space in MBYTES used by this processor for solve      :      8404
 ** Avg. Space in MBYTES per working proc during solve    :      6161
 
 Leaving solve with ...
 Time to build/scatter RHS        =       0.021119
 Time in solution step (fwd/bwd)  =       0.156841
  .. Time in forward (fwd) step   =          0.075845
  .. Time in ScaLAPACK root       =          0.002453
  .. Time in backward (bwd) step  =          0.078021
 Time to gather solution(cent.sol)=       0.000000
 Time for distributed solution    =       0.000483

 Elapsed time in solve driver=       0.1857

Entering DMUMPS 5.8.1 from C interface with JOB =  -2
      executing #MPI =     32, without OMP
||Ax - b||_2 = 1.245055e-06
