
=== CPARDISO: solving a real nonsymmetric system ===
Distributed Matrix Input Format is used for CPARDISO (iparm(40) = 2)
0-based array is turned ON
CPARDISO double precision computation is turned ON
Parallel METIS algorithm at reorder step is turned ON
Scaling is turned ON
Matching is turned ON


Summary: ( reordering phase )
================

Times:
======
Time spent in calculations of symmetric matrix portrait (fulladj): 0.026945 s
Time spent in reordering of the initial matrix (reorder)         : 0.821549 s
Time spent in symbolic factorization (symbfct)                   : 0.349098 s
Time spent in data preparations for factorization (parlist)      : 0.017259 s
Time spent in allocation of internal data structures (malloc)    : 0.050856 s
Time spent in matching/scaling                                   : 0.141672 s
Time spent in additional calculations                            : 0.117264 s
Total time spent                                                 : 1.524643 s

Statistics:
===========
Parallel Direct Factorization is running on 16 MPI and 1 OpenMP per MPI process

< Linear system Ax = b >
             number of equations:           146689
             number of non-zeros in A:      3636649
             number of non-zeros in A (%): 0.016901

             number of right-hand sides:    1

< Factors L and U >
             number of columns for each panel: 128
             number of independent subgraphs:  0
             number of supernodes:                    32712
             size of largest supernode:               595
             number of non-zeros in L:                8178463
             number of non-zeros in U:                6605898
             number of non-zeros in L+U:              14784361

Percentage of computed non-zeros for LL^T factorization
 1 %  2 %  3 %  4 %  5 %  6 %  7 %  8 %  9 %  10 %  11 %  13 %  14 %  15 %  16 %  17 %  18 %  19 %  20 %  21 %  22 %  23 %  24 %  26 %  27 %  28 %  29 %  30 %  31 %  32 %  33 %  34 %  35 %  36 %  37 %  38 %  39 %  41 %  42 %  43 %  44 %  45 %  46 %  47 %  48 %  49 %  50 %  51 %  52 %  53 %  56 %  58 %  64 %  71 %  81 %  92 %  99 %  100 % 

=== CPARDISO: solving a real nonsymmetric system ===
Single-level factorization algorithm is turned ON


Summary: ( factorization phase )
================

Times:
======
Time spent in copying matrix to internal data structure (A to LU): 0.000008 s
Time spent in factorization step (numfct)                        : 1.316636 s
Time spent in allocation of internal data structures (malloc)    : 0.000162 s
Time spent in additional calculations                            : 0.000008 s
Total time spent                                                 : 1.316814 s

Statistics:
===========
Parallel Direct Factorization is running on 16 MPI and 1 OpenMP per MPI process

< Linear system Ax = b >
             number of equations:           146689
             number of non-zeros in A:      3636649
             number of non-zeros in A (%): 0.016901

             number of right-hand sides:    1

< Factors L and U >
             number of columns for each panel: 128
             number of independent subgraphs:  0
             number of supernodes:                    32712
             size of largest supernode:               595
             number of non-zeros in L:                8178463
             number of non-zeros in U:                6605898
             number of non-zeros in L+U:              14784361
             gflop   for the numerical factorization: 2.414330

             gflop/s for the numerical factorization: 1.833711


=== CPARDISO: solving a real nonsymmetric system ===


Summary: ( solution phase )
================

Times:
======
Time spent in direct solver at solve step (solve)                : 0.190733 s
Time spent in additional calculations                            : 0.330716 s
Total time spent                                                 : 0.521449 s

Statistics:
===========
Parallel Direct Factorization is running on 16 MPI and 1 OpenMP per MPI process

< Linear system Ax = b >
             number of equations:           146689
             number of non-zeros in A:      3636649
             number of non-zeros in A (%): 0.016901

             number of right-hand sides:    1

< Factors L and U >
             number of columns for each panel: 128
             number of independent subgraphs:  0
             number of supernodes:                    32712
             size of largest supernode:               595
             number of non-zeros in L:                8178463
             number of non-zeros in U:                6605898
             number of non-zeros in L+U:              14784361
             gflop   for the numerical factorization: 2.414330

             gflop/s for the numerical factorization: 1.833711

Number of iterative refinement steps performed         4
Tolerance level in the iterative refinement process    0.000000e+00
Backward error after the iterative refinement process  0.000000e+00
||Ax - b||_2 = 1.241605e-13
