.. equilibrated? *equed = R
.. RowPerm 1	 time: 1.46
.. anorm 8.285108e+00
slurmstepd: error: Detected 2 oom_kill events in StepId=17134604.0. Some of the step tasks have been OOM Killed.
srun: error: nid001900: tasks 81-82,84,86-87,89-92,94,112-114,119: Out Of Memory
srun: Terminating StepId=17134604.0
slurmstepd: error: *** STEP 17134604.0 ON nid001900 CANCELLED AT 2026-04-01T01:25:57 ***
Fatal glibc error: malloc.c:2594 (sysmalloc): assertion failed: (old_top == initial_top (av) && old_size == 0) || ((unsigned long) (old_size) >= MINSIZE && prev_inuse (old_top) && ((unsigned long) old_end & (pagesize - 1)) == 0)
malloc(): mismatching next->prev_size (unsorted)
[60]PETSC ERROR: ------------------------------------------------------------------------
[60]PETSC ERROR: Caught signal number 11 SEGV: Segmentation Violation, probably memory access out of range
[60]PETSC ERROR: Try option -start_in_debugger or -on_error_attach_debugger
[60]PETSC ERROR: or see https://petsc.org/release/faq/#valgrind and https://petsc.org/release/faq/
[60]PETSC ERROR: configure using --with-debugging=yes, recompile, link, and run 
[60]PETSC ERROR: to get more information on the crash.
[4]PETSC ERROR: ------------------------------------------------------------------------
[4]PETSC ERROR: Caught signal number 11 SEGV: Segmentation Violation, probably memory access out of range
[4]PETSC ERROR: Try option -start_in_debugger or -on_error_attach_debugger
[4]PETSC ERROR: or see https://petsc.org/release/faq/#valgrind and https://petsc.org/release/faq/
[4]PETSC ERROR: configure using --with-debugging=yes, recompile, link, and run 
[4]PETSC ERROR: to get more information on the crash.
malloc(): mismatching next->prev_size (unsorted)
[4]PETSC ERROR: Run with -malloc_debug to check if memory corruption is causing the crash.
[60]PETSC ERROR: Run with -malloc_debug to check if memory corruption is causing the crash.
Fatal glibc error: malloc.c:2594 (sysmalloc): assertion failed: (old_top == initial_top (av) && old_size == 0) || ((unsigned long) (old_size) >= MINSIZE && prev_inuse (old_top) && ((unsigned long) old_end & (pagesize - 1)) == 0)
Fatal glibc error: malloc.c:2594 (sysmalloc): assertion failed: (old_top == initial_top (av) && old_size == 0) || ((unsigned long) (old_size) >= MINSIZE && prev_inuse (old_top) && ((unsigned long) old_end & (pagesize - 1)) == 0)
malloc(): mismatching next->prev_size (unsorted)
malloc(): invalid next->prev_inuse (unsorted)
MPICH ERROR [Rank 4] [job id 17134604.0] [Wed Apr  1 01:25:58 2026] [nid001900] - Abort(59) (rank 4 in comm 0): application called MPI_Abort(MPI_COMM_WORLD, 59) - process 4

MPICH ERROR [Rank 60] [job id 17134604.0] [Wed Apr  1 01:25:58 2026] [nid001900] - Abort(59) (rank 60 in comm 0): application called MPI_Abort(MPI_COMM_WORLD, 59) - process 60

malloc(): invalid next->prev_inuse (unsorted)
aborting job:
application called MPI_Abort(MPI_COMM_WORLD, 59) - process 60
aborting job:
application called MPI_Abort(MPI_COMM_WORLD, 59) - process 4
[1]PETSC ERROR: ------------------------------------------------------------------------
[1]PETSC ERROR: Caught signal number 11 SEGV: Segmentation Violation, probably memory access out of range
[1]PETSC ERROR: Try option -start_in_debugger or -on_error_attach_debugger
[1]PETSC ERROR: or see https://petsc.org/release/faq/#valgrind and https://petsc.org/release/faq/
[1]PETSC ERROR: configure using --with-debugging=yes, recompile, link, and run 
[1]PETSC ERROR: to get more information on the crash.
[1]PETSC ERROR: Run with -malloc_debug to check if memory corruption is causing the crash.
[117]PETSC ERROR: ------------------------------------------------------------------------
[117]PETSC ERROR: Caught signal number 11 SEGV: Segmentation Violation, probably memory access out of range
[117]PETSC ERROR: Try option -start_in_debugger or -on_error_attach_debugger
[117]PETSC ERROR: or see https://petsc.org/release/faq/#valgrind and https://petsc.org/release/faq/
[117]PETSC ERROR: configure using --with-debugging=yes, recompile, link, and run 
[117]PETSC ERROR: to get more information on the crash.
[117]PETSC ERROR: Run with -malloc_debug to check if memory corruption is causing the crash.
MPICH ERROR [Rank 117] [job id 17134604.0] [Wed Apr  1 01:25:58 2026] [nid001900] - Abort(59) (rank 117 in comm 0): application called MPI_Abort(MPI_COMM_WORLD, 59) - process 117

MPICH ERROR [Rank 1] [job id 17134604.0] [Wed Apr  1 01:25:58 2026] [nid001900] - Abort(59) (rank 1 in comm 0): application called MPI_Abort(MPI_COMM_WORLD, 59) - process 1

aborting job:
application called MPI_Abort(MPI_COMM_WORLD, 59) - process 1
[29]PETSC ERROR: ------------------------------------------------------------------------
[29]PETSC ERROR: Caught signal number 11 SEGV: Segmentation Violation, probably memory access out of range
[29]PETSC ERROR: Try option -start_in_debugger or -on_error_attach_debugger
[29]PETSC ERROR: or see https://petsc.org/release/faq/#valgrind and https://petsc.org/release/faq/
[29]PETSC ERROR: configure using --with-debugging=yes, recompile, link, and run 
[29]PETSC ERROR: to get more information on the crash.
[29]PETSC ERROR: Run with -malloc_debug to check if memory corruption is causing the crash.
aborting job:
application called MPI_Abort(MPI_COMM_WORLD, 59) - process 117
MPICH ERROR [Rank 29] [job id 17134604.0] [Wed Apr  1 01:25:58 2026] [nid001900] - Abort(59) (rank 29 in comm 0): application called MPI_Abort(MPI_COMM_WORLD, 59) - process 29

aborting job:
application called MPI_Abort(MPI_COMM_WORLD, 59) - process 29
[69]PETSC ERROR: ------------------------------------------------------------------------
[69]PETSC ERROR: Caught signal number 11 SEGV: Segmentation Violation, probably memory access out of range
[69]PETSC ERROR: Try option -start_in_debugger or -on_error_attach_debugger
[69]PETSC ERROR: or see https://petsc.org/release/faq/#valgrind and https://petsc.org/release/faq/
[69]PETSC ERROR: configure using --with-debugging=yes, recompile, link, and run 
[69]PETSC ERROR: to get more information on the crash.
[69]PETSC ERROR: Run with -malloc_debug to check if memory corruption is causing the crash.
MPICH ERROR [Rank 69] [job id 17134604.0] [Wed Apr  1 01:25:59 2026] [nid001900] - Abort(59) (rank 69 in comm 0): application called MPI_Abort(MPI_COMM_WORLD, 59) - process 69

aborting job:
application called MPI_Abort(MPI_COMM_WORLD, 59) - process 69
[116]PETSC ERROR: ------------------------------------------------------------------------
[116]PETSC ERROR: Caught signal number 11 SEGV: Segmentation Violation, probably memory access out of range
[116]PETSC ERROR: Try option -start_in_debugger or -on_error_attach_debugger
[116]PETSC ERROR: or see https://petsc.org/release/faq/#valgrind and https://petsc.org/release/faq/
[116]PETSC ERROR: configure using --with-debugging=yes, recompile, link, and run 
[116]PETSC ERROR: to get more information on the crash.
[116]PETSC ERROR: Run with -malloc_debug to check if memory corruption is causing the crash.
MPICH ERROR [Rank 116] [job id 17134604.0] [Wed Apr  1 01:25:59 2026] [nid001900] - Abort(59) (rank 116 in comm 0): application called MPI_Abort(MPI_COMM_WORLD, 59) - process 116

aborting job:
application called MPI_Abort(MPI_COMM_WORLD, 59) - process 116
[76]PETSC ERROR: ------------------------------------------------------------------------
[76]PETSC ERROR: Caught signal number 11 SEGV: Segmentation Violation, probably memory access out of range
[76]PETSC ERROR: Try option -start_in_debugger or -on_error_attach_debugger
[76]PETSC ERROR: or see https://petsc.org/release/faq/#valgrind and https://petsc.org/release/faq/
[76]PETSC ERROR: configure using --with-debugging=yes, recompile, link, and run 
[76]PETSC ERROR: to get more information on the crash.
[76]PETSC ERROR: Run with -malloc_debug to check if memory corruption is causing the crash.
MPICH ERROR [Rank 76] [job id 17134604.0] [Wed Apr  1 01:25:59 2026] [nid001900] - Abort(59) (rank 76 in comm 0): application called MPI_Abort(MPI_COMM_WORLD, 59) - process 76

aborting job:
application called MPI_Abort(MPI_COMM_WORLD, 59) - process 76
[72]PETSC ERROR: ------------------------------------------------------------------------
[72]PETSC ERROR: Caught signal number 11 SEGV: Segmentation Violation, probably memory access out of range
[72]PETSC ERROR: Try option -start_in_debugger or -on_error_attach_debugger
[72]PETSC ERROR: or see https://petsc.org/release/faq/#valgrind and https://petsc.org/release/faq/
[72]PETSC ERROR: configure using --with-debugging=yes, recompile, link, and run 
[72]PETSC ERROR: to get more information on the crash.
[72]PETSC ERROR: Run with -malloc_debug to check if memory corruption is causing the crash.
MPICH ERROR [Rank 72] [job id 17134604.0] [Wed Apr  1 01:25:59 2026] [nid001900] - Abort(59) (rank 72 in comm 0): application called MPI_Abort(MPI_COMM_WORLD, 59) - process 72

aborting job:
application called MPI_Abort(MPI_COMM_WORLD, 59) - process 72
[120]PETSC ERROR: ------------------------------------------------------------------------
[120]PETSC ERROR: Caught signal number 11 SEGV: Segmentation Violation, probably memory access out of range
[120]PETSC ERROR: Try option -start_in_debugger or -on_error_attach_debugger
[120]PETSC ERROR: or see https://petsc.org/release/faq/#valgrind and https://petsc.org/release/faq/
[120]PETSC ERROR: configure using --with-debugging=yes, recompile, link, and run 
[120]PETSC ERROR: to get more information on the crash.
[120]PETSC ERROR: Run with -malloc_debug to check if memory corruption is causing the crash.
MPICH ERROR [Rank 120] [job id 17134604.0] [Wed Apr  1 01:25:59 2026] [nid001900] - Abort(59) (rank 120 in comm 0): application called MPI_Abort(MPI_COMM_WORLD, 59) - process 120

aborting job:
application called MPI_Abort(MPI_COMM_WORLD, 59) - process 120
[88]PETSC ERROR: ------------------------------------------------------------------------
[88]PETSC ERROR: Caught signal number 11 SEGV: Segmentation Violation, probably memory access out of range
[88]PETSC ERROR: Try option -start_in_debugger or -on_error_attach_debugger
[88]PETSC ERROR: or see https://petsc.org/release/faq/#valgrind and https://petsc.org/release/faq/
[88]PETSC ERROR: configure using --with-debugging=yes, recompile, link, and run 
[88]PETSC ERROR: to get more information on the crash.
[88]PETSC ERROR: Run with -malloc_debug to check if memory corruption is causing the crash.
MPICH ERROR [Rank 88] [job id 17134604.0] [Wed Apr  1 01:25:59 2026] [nid001900] - Abort(59) (rank 88 in comm 0): application called MPI_Abort(MPI_COMM_WORLD, 59) - process 88

aborting job:
application called MPI_Abort(MPI_COMM_WORLD, 59) - process 88
[20]PETSC ERROR: ------------------------------------------------------------------------
[20]PETSC ERROR: Caught signal number 11 SEGV: Segmentation Violation, probably memory access out of range
[20]PETSC ERROR: Try option -start_in_debugger or -on_error_attach_debugger
[20]PETSC ERROR: or see https://petsc.org/release/faq/#valgrind and https://petsc.org/release/faq/
[20]PETSC ERROR: configure using --with-debugging=yes, recompile, link, and run 
[20]PETSC ERROR: to get more information on the crash.
[20]PETSC ERROR: Run with -malloc_debug to check if memory corruption is causing the crash.
MPICH ERROR [Rank 20] [job id 17134604.0] [Wed Apr  1 01:25:59 2026] [nid001900] - Abort(59) (rank 20 in comm 0): application called MPI_Abort(MPI_COMM_WORLD, 59) - process 20

aborting job:
application called MPI_Abort(MPI_COMM_WORLD, 59) - process 20
[65]PETSC ERROR: ------------------------------------------------------------------------
[65]PETSC ERROR: Caught signal number 11 SEGV: Segmentation Violation, probably memory access out of range
[65]PETSC ERROR: Try option -start_in_debugger or -on_error_attach_debugger
[65]PETSC ERROR: or see https://petsc.org/release/faq/#valgrind and https://petsc.org/release/faq/
[65]PETSC ERROR: configure using --with-debugging=yes, recompile, link, and run 
[65]PETSC ERROR: to get more information on the crash.
[65]PETSC ERROR: Run with -malloc_debug to check if memory corruption is causing the crash.
MPICH ERROR [Rank 65] [job id 17134604.0] [Wed Apr  1 01:25:59 2026] [nid001900] - Abort(59) (rank 65 in comm 0): application called MPI_Abort(MPI_COMM_WORLD, 59) - process 65

aborting job:
application called MPI_Abort(MPI_COMM_WORLD, 59) - process 65
[121]PETSC ERROR: ------------------------------------------------------------------------
[121]PETSC ERROR: Caught signal number 11 SEGV: Segmentation Violation, probably memory access out of range
[121]PETSC ERROR: Try option -start_in_debugger or -on_error_attach_debugger
[121]PETSC ERROR: or see https://petsc.org/release/faq/#valgrind and https://petsc.org/release/faq/
[121]PETSC ERROR: configure using --with-debugging=yes, recompile, link, and run 
[121]PETSC ERROR: to get more information on the crash.
[121]PETSC ERROR: Run with -malloc_debug to check if memory corruption is causing the crash.
MPICH ERROR [Rank 121] [job id 17134604.0] [Wed Apr  1 01:25:59 2026] [nid001900] - Abort(59) (rank 121 in comm 0): application called MPI_Abort(MPI_COMM_WORLD, 59) - process 121

aborting job:
application called MPI_Abort(MPI_COMM_WORLD, 59) - process 121
[125]PETSC ERROR: ------------------------------------------------------------------------
[125]PETSC ERROR: Caught signal number 11 SEGV: Segmentation Violation, probably memory access out of range
[125]PETSC ERROR: Try option -start_in_debugger or -on_error_attach_debugger
[125]PETSC ERROR: or see https://petsc.org/release/faq/#valgrind and https://petsc.org/release/faq/
[125]PETSC ERROR: configure using --with-debugging=yes, recompile, link, and run 
[125]PETSC ERROR: to get more information on the crash.
[125]PETSC ERROR: Run with -malloc_debug to check if memory corruption is causing the crash.
MPICH ERROR [Rank 125] [job id 17134604.0] [Wed Apr  1 01:25:59 2026] [nid001900] - Abort(59) (rank 125 in comm 0): application called MPI_Abort(MPI_COMM_WORLD, 59) - process 125

aborting job:
application called MPI_Abort(MPI_COMM_WORLD, 59) - process 125
[80]PETSC ERROR: ------------------------------------------------------------------------
[80]PETSC ERROR: Caught signal number 11 SEGV: Segmentation Violation, probably memory access out of range
[80]PETSC ERROR: Try option -start_in_debugger or -on_error_attach_debugger
[80]PETSC ERROR: or see https://petsc.org/release/faq/#valgrind and https://petsc.org/release/faq/
[80]PETSC ERROR: configure using --with-debugging=yes, recompile, link, and run 
[80]PETSC ERROR: to get more information on the crash.
[80]PETSC ERROR: Run with -malloc_debug to check if memory corruption is causing the crash.
MPICH ERROR [Rank 80] [job id 17134604.0] [Wed Apr  1 01:25:59 2026] [nid001900] - Abort(59) (rank 80 in comm 0): application called MPI_Abort(MPI_COMM_WORLD, 59) - process 80

aborting job:
application called MPI_Abort(MPI_COMM_WORLD, 59) - process 80
[70]PETSC ERROR: ------------------------------------------------------------------------
[70]PETSC ERROR: Caught signal number 11 SEGV: Segmentation Violation, probably memory access out of range
[70]PETSC ERROR: Try option -start_in_debugger or -on_error_attach_debugger
[70]PETSC ERROR: or see https://petsc.org/release/faq/#valgrind and https://petsc.org/release/faq/
[70]PETSC ERROR: configure using --with-debugging=yes, recompile, link, and run 
[70]PETSC ERROR: to get more information on the crash.
[70]PETSC ERROR: Run with -malloc_debug to check if memory corruption is causing the crash.
[126]PETSC ERROR: ------------------------------------------------------------------------
[126]PETSC ERROR: Caught signal number 11 SEGV: Segmentation Violation, probably memory access out of range
[126]PETSC ERROR: Try option -start_in_debugger or -on_error_attach_debugger
[126]PETSC ERROR: or see https://petsc.org/release/faq/#valgrind and https://petsc.org/release/faq/
[126]PETSC ERROR: configure using --with-debugging=yes, recompile, link, and run 
[126]PETSC ERROR: to get more information on the crash.
[126]PETSC ERROR: Run with -malloc_debug to check if memory corruption is causing the crash.
MPICH ERROR [Rank 126] [job id 17134604.0] [Wed Apr  1 01:25:59 2026] [nid001900] - Abort(59) (rank 126 in comm 0): application called MPI_Abort(MPI_COMM_WORLD, 59) - process 126

MPICH ERROR [Rank 70] [job id 17134604.0] [Wed Apr  1 01:25:59 2026] [nid001900] - Abort(59) (rank 70 in comm 0): application called MPI_Abort(MPI_COMM_WORLD, 59) - process 70

aborting job:
application called MPI_Abort(MPI_COMM_WORLD, 59) - process 70
aborting job:
application called MPI_Abort(MPI_COMM_WORLD, 59) - process 126
[68]PETSC ERROR: ------------------------------------------------------------------------
[68]PETSC ERROR: Caught signal number 11 SEGV: Segmentation Violation, probably memory access out of range
[68]PETSC ERROR: Try option -start_in_debugger or -on_error_attach_debugger
[68]PETSC ERROR: or see https://petsc.org/release/faq/#valgrind and https://petsc.org/release/faq/
[68]PETSC ERROR: configure using --with-debugging=yes, recompile, link, and run 
[68]PETSC ERROR: to get more information on the crash.
[68]PETSC ERROR: Run with -malloc_debug to check if memory corruption is causing the crash.
MPICH ERROR [Rank 68] [job id 17134604.0] [Wed Apr  1 01:25:59 2026] [nid001900] - Abort(59) (rank 68 in comm 0): application called MPI_Abort(MPI_COMM_WORLD, 59) - process 68

aborting job:
application called MPI_Abort(MPI_COMM_WORLD, 59) - process 68
[64]PETSC ERROR: ------------------------------------------------------------------------
[64]PETSC ERROR: Caught signal number 11 SEGV: Segmentation Violation, probably memory access out of range
[64]PETSC ERROR: Try option -start_in_debugger or -on_error_attach_debugger
[64]PETSC ERROR: or see https://petsc.org/release/faq/#valgrind and https://petsc.org/release/faq/
[64]PETSC ERROR: configure using --with-debugging=yes, recompile, link, and run 
[64]PETSC ERROR: to get more information on the crash.
[64]PETSC ERROR: Run with -malloc_debug to check if memory corruption is causing the crash.
MPICH ERROR [Rank 64] [job id 17134604.0] [Wed Apr  1 01:26:00 2026] [nid001900] - Abort(59) (rank 64 in comm 0): application called MPI_Abort(MPI_COMM_WORLD, 59) - process 64

aborting job:
application called MPI_Abort(MPI_COMM_WORLD, 59) - process 64
[6]PETSC ERROR: ------------------------------------------------------------------------
[6]PETSC ERROR: Caught signal number 11 SEGV: Segmentation Violation, probably memory access out of range
[6]PETSC ERROR: Try option -start_in_debugger or -on_error_attach_debugger
[6]PETSC ERROR: or see https://petsc.org/release/faq/#valgrind and https://petsc.org/release/faq/
[6]PETSC ERROR: configure using --with-debugging=yes, recompile, link, and run 
[6]PETSC ERROR: to get more information on the crash.
[6]PETSC ERROR: Run with -malloc_debug to check if memory corruption is causing the crash.
MPICH ERROR [Rank 6] [job id 17134604.0] [Wed Apr  1 01:26:00 2026] [nid001900] - Abort(59) (rank 6 in comm 0): application called MPI_Abort(MPI_COMM_WORLD, 59) - process 6

aborting job:
application called MPI_Abort(MPI_COMM_WORLD, 59) - process 6
[118]PETSC ERROR: ------------------------------------------------------------------------
[118]PETSC ERROR: Caught signal number 11 SEGV: Segmentation Violation, probably memory access out of range
[118]PETSC ERROR: Try option -start_in_debugger or -on_error_attach_debugger
[118]PETSC ERROR: or see https://petsc.org/release/faq/#valgrind and https://petsc.org/release/faq/
[118]PETSC ERROR: configure using --with-debugging=yes, recompile, link, and run 
[118]PETSC ERROR: to get more information on the crash.
[118]PETSC ERROR: Run with -malloc_debug to check if memory corruption is causing the crash.
MPICH ERROR [Rank 118] [job id 17134604.0] [Wed Apr  1 01:26:00 2026] [nid001900] - Abort(59) (rank 118 in comm 0): application called MPI_Abort(MPI_COMM_WORLD, 59) - process 118

aborting job:
application called MPI_Abort(MPI_COMM_WORLD, 59) - process 118
[73]PETSC ERROR: ------------------------------------------------------------------------
[73]PETSC ERROR: Caught signal number 11 SEGV: Segmentation Violation, probably memory access out of range
[73]PETSC ERROR: Try option -start_in_debugger or -on_error_attach_debugger
[73]PETSC ERROR: or see https://petsc.org/release/faq/#valgrind and https://petsc.org/release/faq/
[73]PETSC ERROR: configure using --with-debugging=yes, recompile, link, and run 
[73]PETSC ERROR: to get more information on the crash.
[73]PETSC ERROR: Run with -malloc_debug to check if memory corruption is causing the crash.
MPICH ERROR [Rank 73] [job id 17134604.0] [Wed Apr  1 01:26:00 2026] [nid001900] - Abort(59) (rank 73 in comm 0): application called MPI_Abort(MPI_COMM_WORLD, 59) - process 73

aborting job:
application called MPI_Abort(MPI_COMM_WORLD, 59) - process 73
[0]PETSC ERROR: ------------------------------------------------------------------------
[0]PETSC ERROR: Caught signal number 11 SEGV: Segmentation Violation, probably memory access out of range
[0]PETSC ERROR: Try option -start_in_debugger or -on_error_attach_debugger
[0]PETSC ERROR: or see https://petsc.org/release/faq/#valgrind and https://petsc.org/release/faq/
[0]PETSC ERROR: configure using --with-debugging=yes, recompile, link, and run 
[0]PETSC ERROR: to get more information on the crash.
[0]PETSC ERROR: Run with -malloc_debug to check if memory corruption is causing the crash.
MPICH ERROR [Rank 0] [job id 17134604.0] [Wed Apr  1 01:26:00 2026] [nid001900] - Abort(59) (rank 0 in comm 0): application called MPI_Abort(MPI_COMM_WORLD, 59) - process 0

.. Use METIS ordering on A'+A
aborting job:
application called MPI_Abort(MPI_COMM_WORLD, 59) - process 0
[85]PETSC ERROR: ------------------------------------------------------------------------
[85]PETSC ERROR: Caught signal number 11 SEGV: Segmentation Violation, probably memory access out of range
[85]PETSC ERROR: Try option -start_in_debugger or -on_error_attach_debugger
[85]PETSC ERROR: or see https://petsc.org/release/faq/#valgrind and https://petsc.org/release/faq/
[85]PETSC ERROR: configure using --with-debugging=yes, recompile, link, and run 
[85]PETSC ERROR: to get more information on the crash.
[85]PETSC ERROR: Run with -malloc_debug to check if memory corruption is causing the crash.
MPICH ERROR [Rank 85] [job id 17134604.0] [Wed Apr  1 01:26:00 2026] [nid001900] - Abort(59) (rank 85 in comm 0): application called MPI_Abort(MPI_COMM_WORLD, 59) - process 85

aborting job:
application called MPI_Abort(MPI_COMM_WORLD, 59) - process 85
[93]PETSC ERROR: ------------------------------------------------------------------------
[93]PETSC ERROR: Caught signal number 11 SEGV: Segmentation Violation, probably memory access out of range
[93]PETSC ERROR: Try option -start_in_debugger or -on_error_attach_debugger
[93]PETSC ERROR: or see https://petsc.org/release/faq/#valgrind and https://petsc.org/release/faq/
[93]PETSC ERROR: configure using --with-debugging=yes, recompile, link, and run 
[93]PETSC ERROR: to get more information on the crash.
[93]PETSC ERROR: Run with -malloc_debug to check if memory corruption is causing the crash.
MPICH ERROR [Rank 93] [job id 17134604.0] [Wed Apr  1 01:26:00 2026] [nid001900] - Abort(59) (rank 93 in comm 0): application called MPI_Abort(MPI_COMM_WORLD, 59) - process 93

aborting job:
application called MPI_Abort(MPI_COMM_WORLD, 59) - process 93
[122]PETSC ERROR: ------------------------------------------------------------------------
[122]PETSC ERROR: Caught signal number 11 SEGV: Segmentation Violation, probably memory access out of range
[122]PETSC ERROR: Try option -start_in_debugger or -on_error_attach_debugger
[122]PETSC ERROR: or see https://petsc.org/release/faq/#valgrind and https://petsc.org/release/faq/
[122]PETSC ERROR: configure using --with-debugging=yes, recompile, link, and run 
[122]PETSC ERROR: to get more information on the crash.
[122]PETSC ERROR: Run with -malloc_debug to check if memory corruption is causing the crash.
MPICH ERROR [Rank 122] [job id 17134604.0] [Wed Apr  1 01:26:00 2026] [nid001900] - Abort(59) (rank 122 in comm 0): application called MPI_Abort(MPI_COMM_WORLD, 59) - process 122

aborting job:
application called MPI_Abort(MPI_COMM_WORLD, 59) - process 122
[71]PETSC ERROR: ------------------------------------------------------------------------
[71]PETSC ERROR: Caught signal number 11 SEGV: Segmentation Violation, probably memory access out of range
[71]PETSC ERROR: Try option -start_in_debugger or -on_error_attach_debugger
[71]PETSC ERROR: or see https://petsc.org/release/faq/#valgrind and https://petsc.org/release/faq/
[71]PETSC ERROR: configure using --with-debugging=yes, recompile, link, and run 
[71]PETSC ERROR: to get more information on the crash.
[71]PETSC ERROR: Run with -malloc_debug to check if memory corruption is causing the crash.
MPICH ERROR [Rank 71] [job id 17134604.0] [Wed Apr  1 01:26:00 2026] [nid001900] - Abort(59) (rank 71 in comm 0): application called MPI_Abort(MPI_COMM_WORLD, 59) - process 71

aborting job:
application called MPI_Abort(MPI_COMM_WORLD, 59) - process 71
[12]PETSC ERROR: ------------------------------------------------------------------------
[12]PETSC ERROR: Caught signal number 11 SEGV: Segmentation Violation, probably memory access out of range
[12]PETSC ERROR: Try option -start_in_debugger or -on_error_attach_debugger
[12]PETSC ERROR: or see https://petsc.org/release/faq/#valgrind and https://petsc.org/release/faq/
[12]PETSC ERROR: configure using --with-debugging=yes, recompile, link, and run 
[12]PETSC ERROR: to get more information on the crash.
[12]PETSC ERROR: Run with -malloc_debug to check if memory corruption is causing the crash.
MPICH ERROR [Rank 12] [job id 17134604.0] [Wed Apr  1 01:26:01 2026] [nid001900] - Abort(59) (rank 12 in comm 0): application called MPI_Abort(MPI_COMM_WORLD, 59) - process 12

aborting job:
application called MPI_Abort(MPI_COMM_WORLD, 59) - process 12
[67]PETSC ERROR: ------------------------------------------------------------------------
[67]PETSC ERROR: Caught signal number 11 SEGV: Segmentation Violation, probably memory access out of range
[67]PETSC ERROR: Try option -start_in_debugger or -on_error_attach_debugger
[67]PETSC ERROR: or see https://petsc.org/release/faq/#valgrind and https://petsc.org/release/faq/
[67]PETSC ERROR: configure using --with-debugging=yes, recompile, link, and run 
[67]PETSC ERROR: to get more information on the crash.
[67]PETSC ERROR: Run with -malloc_debug to check if memory corruption is causing the crash.
MPICH ERROR [Rank 67] [job id 17134604.0] [Wed Apr  1 01:26:01 2026] [nid001900] - Abort(59) (rank 67 in comm 0): application called MPI_Abort(MPI_COMM_WORLD, 59) - process 67

aborting job:
application called MPI_Abort(MPI_COMM_WORLD, 59) - process 67
[8]PETSC ERROR: ------------------------------------------------------------------------
[8]PETSC ERROR: Caught signal number 11 SEGV: Segmentation Violation, probably memory access out of range
[8]PETSC ERROR: Try option -start_in_debugger or -on_error_attach_debugger
[8]PETSC ERROR: or see https://petsc.org/release/faq/#valgrind and https://petsc.org/release/faq/
[8]PETSC ERROR: configure using --with-debugging=yes, recompile, link, and run 
[8]PETSC ERROR: to get more information on the crash.
[8]PETSC ERROR: Run with -malloc_debug to check if memory corruption is causing the crash.
MPICH ERROR [Rank 8] [job id 17134604.0] [Wed Apr  1 01:26:01 2026] [nid001900] - Abort(59) (rank 8 in comm 0): application called MPI_Abort(MPI_COMM_WORLD, 59) - process 8

aborting job:
application called MPI_Abort(MPI_COMM_WORLD, 59) - process 8
[115]PETSC ERROR: ------------------------------------------------------------------------
[115]PETSC ERROR: Caught signal number 11 SEGV: Segmentation Violation, probably memory access out of range
[115]PETSC ERROR: Try option -start_in_debugger or -on_error_attach_debugger
[115]PETSC ERROR: or see https://petsc.org/release/faq/#valgrind and https://petsc.org/release/faq/
[115]PETSC ERROR: configure using --with-debugging=yes, recompile, link, and run 
[115]PETSC ERROR: to get more information on the crash.
[115]PETSC ERROR: Run with -malloc_debug to check if memory corruption is causing the crash.
MPICH ERROR [Rank 115] [job id 17134604.0] [Wed Apr  1 01:26:01 2026] [nid001900] - Abort(59) (rank 115 in comm 0): application called MPI_Abort(MPI_COMM_WORLD, 59) - process 115

aborting job:
application called MPI_Abort(MPI_COMM_WORLD, 59) - process 115
[56]PETSC ERROR: ------------------------------------------------------------------------
[56]PETSC ERROR: Caught signal number 11 SEGV: Segmentation Violation, probably memory access out of range
[56]PETSC ERROR: Try option -start_in_debugger or -on_error_attach_debugger
[56]PETSC ERROR: or see https://petsc.org/release/faq/#valgrind and https://petsc.org/release/faq/
[56]PETSC ERROR: configure using --with-debugging=yes, recompile, link, and run 
[56]PETSC ERROR: to get more information on the crash.
[56]PETSC ERROR: Run with -malloc_debug to check if memory corruption is causing the crash.
MPICH ERROR [Rank 56] [job id 17134604.0] [Wed Apr  1 01:26:01 2026] [nid001900] - Abort(59) (rank 56 in comm 0): application called MPI_Abort(MPI_COMM_WORLD, 59) - process 56

aborting job:
application called MPI_Abort(MPI_COMM_WORLD, 59) - process 56
[48]PETSC ERROR: ------------------------------------------------------------------------
[48]PETSC ERROR: Caught signal number 11 SEGV: Segmentation Violation, probably memory access out of range
[48]PETSC ERROR: Try option -start_in_debugger or -on_error_attach_debugger
[48]PETSC ERROR: or see https://petsc.org/release/faq/#valgrind and https://petsc.org/release/faq/
[48]PETSC ERROR: configure using --with-debugging=yes, recompile, link, and run 
[48]PETSC ERROR: to get more information on the crash.
[48]PETSC ERROR: Run with -malloc_debug to check if memory corruption is causing the crash.
MPICH ERROR [Rank 48] [job id 17134604.0] [Wed Apr  1 01:26:01 2026] [nid001900] - Abort(59) (rank 48 in comm 0): application called MPI_Abort(MPI_COMM_WORLD, 59) - process 48

aborting job:
application called MPI_Abort(MPI_COMM_WORLD, 59) - process 48
[108]PETSC ERROR: ------------------------------------------------------------------------
[108]PETSC ERROR: Caught signal number 11 SEGV: Segmentation Violation, probably memory access out of range
[108]PETSC ERROR: Try option -start_in_debugger or -on_error_attach_debugger
[108]PETSC ERROR: or see https://petsc.org/release/faq/#valgrind and https://petsc.org/release/faq/
[108]PETSC ERROR: configure using --with-debugging=yes, recompile, link, and run 
[108]PETSC ERROR: to get more information on the crash.
[108]PETSC ERROR: Run with -malloc_debug to check if memory corruption is causing the crash.
MPICH ERROR [Rank 108] [job id 17134604.0] [Wed Apr  1 01:26:01 2026] [nid001900] - Abort(59) (rank 108 in comm 0): application called MPI_Abort(MPI_COMM_WORLD, 59) - process 108

aborting job:
application called MPI_Abort(MPI_COMM_WORLD, 59) - process 108
[104]PETSC ERROR: ------------------------------------------------------------------------
[104]PETSC ERROR: Caught signal number 11 SEGV: Segmentation Violation, probably memory access out of range
[104]PETSC ERROR: Try option -start_in_debugger or -on_error_attach_debugger
[104]PETSC ERROR: or see https://petsc.org/release/faq/#valgrind and https://petsc.org/release/faq/
[104]PETSC ERROR: configure using --with-debugging=yes, recompile, link, and run 
[104]PETSC ERROR: to get more information on the crash.
[104]PETSC ERROR: Run with -malloc_debug to check if memory corruption is causing the crash.
MPICH ERROR [Rank 104] [job id 17134604.0] [Wed Apr  1 01:26:01 2026] [nid001900] - Abort(59) (rank 104 in comm 0): application called MPI_Abort(MPI_COMM_WORLD, 59) - process 104

aborting job:
application called MPI_Abort(MPI_COMM_WORLD, 59) - process 104
[77]PETSC ERROR: ------------------------------------------------------------------------
[77]PETSC ERROR: Caught signal number 11 SEGV: Segmentation Violation, probably memory access out of range
[77]PETSC ERROR: Try option -start_in_debugger or -on_error_attach_debugger
[77]PETSC ERROR: or see https://petsc.org/release/faq/#valgrind and https://petsc.org/release/faq/
[77]PETSC ERROR: configure using --with-debugging=yes, recompile, link, and run 
[77]PETSC ERROR: to get more information on the crash.
[77]PETSC ERROR: Run with -malloc_debug to check if memory corruption is causing the crash.
MPICH ERROR [Rank 77] [job id 17134604.0] [Wed Apr  1 01:26:01 2026] [nid001900] - Abort(59) (rank 77 in comm 0): application called MPI_Abort(MPI_COMM_WORLD, 59) - process 77

aborting job:
application called MPI_Abort(MPI_COMM_WORLD, 59) - process 77
[96]PETSC ERROR: ------------------------------------------------------------------------
[96]PETSC ERROR: Caught signal number 11 SEGV: Segmentation Violation, probably memory access out of range
[96]PETSC ERROR: Try option -start_in_debugger or -on_error_attach_debugger
[96]PETSC ERROR: or see https://petsc.org/release/faq/#valgrind and https://petsc.org/release/faq/
[96]PETSC ERROR: configure using --with-debugging=yes, recompile, link, and run 
[96]PETSC ERROR: to get more information on the crash.
[96]PETSC ERROR: Run with -malloc_debug to check if memory corruption is causing the crash.
MPICH ERROR [Rank 96] [job id 17134604.0] [Wed Apr  1 01:26:01 2026] [nid001900] - Abort(59) (rank 96 in comm 0): application called MPI_Abort(MPI_COMM_WORLD, 59) - process 96

aborting job:
application called MPI_Abort(MPI_COMM_WORLD, 59) - process 96
[24]PETSC ERROR: ------------------------------------------------------------------------
[24]PETSC ERROR: Caught signal number 11 SEGV: Segmentation Violation, probably memory access out of range
[24]PETSC ERROR: Try option -start_in_debugger or -on_error_attach_debugger
[24]PETSC ERROR: or see https://petsc.org/release/faq/#valgrind and https://petsc.org/release/faq/
[24]PETSC ERROR: configure using --with-debugging=yes, recompile, link, and run 
[24]PETSC ERROR: to get more information on the crash.
[24]PETSC ERROR: Run with -malloc_debug to check if memory corruption is causing the crash.
MPICH ERROR [Rank 24] [job id 17134604.0] [Wed Apr  1 01:26:01 2026] [nid001900] - Abort(59) (rank 24 in comm 0): application called MPI_Abort(MPI_COMM_WORLD, 59) - process 24

aborting job:
application called MPI_Abort(MPI_COMM_WORLD, 59) - process 24
[52]PETSC ERROR: ------------------------------------------------------------------------
[52]PETSC ERROR: Caught signal number 11 SEGV: Segmentation Violation, probably memory access out of range
[52]PETSC ERROR: Try option -start_in_debugger or -on_error_attach_debugger
[52]PETSC ERROR: or see https://petsc.org/release/faq/#valgrind and https://petsc.org/release/faq/
[52]PETSC ERROR: configure using --with-debugging=yes, recompile, link, and run 
[52]PETSC ERROR: to get more information on the crash.
[52]PETSC ERROR: Run with -malloc_debug to check if memory corruption is causing the crash.
MPICH ERROR [Rank 52] [job id 17134604.0] [Wed Apr  1 01:26:01 2026] [nid001900] - Abort(59) (rank 52 in comm 0): application called MPI_Abort(MPI_COMM_WORLD, 59) - process 52

aborting job:
application called MPI_Abort(MPI_COMM_WORLD, 59) - process 52
[28]PETSC ERROR: ------------------------------------------------------------------------
[28]PETSC ERROR: Caught signal number 11 SEGV: Segmentation Violation, probably memory access out of range
[28]PETSC ERROR: Try option -start_in_debugger or -on_error_attach_debugger
[28]PETSC ERROR: or see https://petsc.org/release/faq/#valgrind and https://petsc.org/release/faq/
[28]PETSC ERROR: configure using --with-debugging=yes, recompile, link, and run 
[28]PETSC ERROR: to get more information on the crash.
[28]PETSC ERROR: Run with -malloc_debug to check if memory corruption is causing the crash.
MPICH ERROR [Rank 28] [job id 17134604.0] [Wed Apr  1 01:26:01 2026] [nid001900] - Abort(59) (rank 28 in comm 0): application called MPI_Abort(MPI_COMM_WORLD, 59) - process 28

aborting job:
application called MPI_Abort(MPI_COMM_WORLD, 59) - process 28
[5]PETSC ERROR: ------------------------------------------------------------------------
[5]PETSC ERROR: Caught signal number 11 SEGV: Segmentation Violation, probably memory access out of range
[5]PETSC ERROR: Try option -start_in_debugger or -on_error_attach_debugger
[5]PETSC ERROR: or see https://petsc.org/release/faq/#valgrind and https://petsc.org/release/faq/
[5]PETSC ERROR: configure using --with-debugging=yes, recompile, link, and run 
[5]PETSC ERROR: to get more information on the crash.
[5]PETSC ERROR: Run with -malloc_debug to check if memory corruption is causing the crash.
MPICH ERROR [Rank 5] [job id 17134604.0] [Wed Apr  1 01:26:01 2026] [nid001900] - Abort(59) (rank 5 in comm 0): application called MPI_Abort(MPI_COMM_WORLD, 59) - process 5

aborting job:
application called MPI_Abort(MPI_COMM_WORLD, 59) - process 5
[74]PETSC ERROR: ------------------------------------------------------------------------
[74]PETSC ERROR: Caught signal number 11 SEGV: Segmentation Violation, probably memory access out of range
[74]PETSC ERROR: Try option -start_in_debugger or -on_error_attach_debugger
[74]PETSC ERROR: or see https://petsc.org/release/faq/#valgrind and https://petsc.org/release/faq/
[74]PETSC ERROR: configure using --with-debugging=yes, recompile, link, and run 
[74]PETSC ERROR: to get more information on the crash.
[74]PETSC ERROR: Run with -malloc_debug to check if memory corruption is causing the crash.
MPICH ERROR [Rank 74] [job id 17134604.0] [Wed Apr  1 01:26:01 2026] [nid001900] - Abort(59) (rank 74 in comm 0): application called MPI_Abort(MPI_COMM_WORLD, 59) - process 74

aborting job:
application called MPI_Abort(MPI_COMM_WORLD, 59) - process 74
[16]PETSC ERROR: ------------------------------------------------------------------------
[16]PETSC ERROR: Caught signal number 11 SEGV: Segmentation Violation, probably memory access out of range
[16]PETSC ERROR: Try option -start_in_debugger or -on_error_attach_debugger
[16]PETSC ERROR: or see https://petsc.org/release/faq/#valgrind and https://petsc.org/release/faq/
[16]PETSC ERROR: configure using --with-debugging=yes, recompile, link, and run 
[16]PETSC ERROR: to get more information on the crash.
[16]PETSC ERROR: Run with -malloc_debug to check if memory corruption is causing the crash.
MPICH ERROR [Rank 16] [job id 17134604.0] [Wed Apr  1 01:26:01 2026] [nid001900] - Abort(59) (rank 16 in comm 0): application called MPI_Abort(MPI_COMM_WORLD, 59) - process 16

aborting job:
application called MPI_Abort(MPI_COMM_WORLD, 59) - process 16
[127]PETSC ERROR: ------------------------------------------------------------------------
[127]PETSC ERROR: Caught signal number 11 SEGV: Segmentation Violation, probably memory access out of range
[127]PETSC ERROR: Try option -start_in_debugger or -on_error_attach_debugger
[127]PETSC ERROR: or see https://petsc.org/release/faq/#valgrind and https://petsc.org/release/faq/
[127]PETSC ERROR: configure using --with-debugging=yes, recompile, link, and run 
[127]PETSC ERROR: to get more information on the crash.
[127]PETSC ERROR: Run with -malloc_debug to check if memory corruption is causing the crash.
MPICH ERROR [Rank 127] [job id 17134604.0] [Wed Apr  1 01:26:01 2026] [nid001900] - Abort(59) (rank 127 in comm 0): application called MPI_Abort(MPI_COMM_WORLD, 59) - process 127

aborting job:
application called MPI_Abort(MPI_COMM_WORLD, 59) - process 127
[66]PETSC ERROR: ------------------------------------------------------------------------
[66]PETSC ERROR: Caught signal number 11 SEGV: Segmentation Violation, probably memory access out of range
[66]PETSC ERROR: Try option -start_in_debugger or -on_error_attach_debugger
[66]PETSC ERROR: or see https://petsc.org/release/faq/#valgrind and https://petsc.org/release/faq/
[66]PETSC ERROR: configure using --with-debugging=yes, recompile, link, and run 
[66]PETSC ERROR: to get more information on the crash.
[66]PETSC ERROR: Run with -malloc_debug to check if memory corruption is causing the crash.
MPICH ERROR [Rank 66] [job id 17134604.0] [Wed Apr  1 01:26:01 2026] [nid001900] - Abort(59) (rank 66 in comm 0): application called MPI_Abort(MPI_COMM_WORLD, 59) - process 66

aborting job:
application called MPI_Abort(MPI_COMM_WORLD, 59) - process 66
[32]PETSC ERROR: ------------------------------------------------------------------------
[32]PETSC ERROR: Caught signal number 11 SEGV: Segmentation Violation, probably memory access out of range
[32]PETSC ERROR: Try option -start_in_debugger or -on_error_attach_debugger
[32]PETSC ERROR: or see https://petsc.org/release/faq/#valgrind and https://petsc.org/release/faq/
[32]PETSC ERROR: configure using --with-debugging=yes, recompile, link, and run 
[32]PETSC ERROR: to get more information on the crash.
[32]PETSC ERROR: Run with -malloc_debug to check if memory corruption is causing the crash.
MPICH ERROR [Rank 32] [job id 17134604.0] [Wed Apr  1 01:26:02 2026] [nid001900] - Abort(59) (rank 32 in comm 0): application called MPI_Abort(MPI_COMM_WORLD, 59) - process 32

aborting job:
application called MPI_Abort(MPI_COMM_WORLD, 59) - process 32
[36]PETSC ERROR: ------------------------------------------------------------------------
[36]PETSC ERROR: Caught signal number 11 SEGV: Segmentation Violation, probably memory access out of range
[36]PETSC ERROR: Try option -start_in_debugger or -on_error_attach_debugger
[36]PETSC ERROR: or see https://petsc.org/release/faq/#valgrind and https://petsc.org/release/faq/
[36]PETSC ERROR: configure using --with-debugging=yes, recompile, link, and run 
[36]PETSC ERROR: to get more information on the crash.
[36]PETSC ERROR: Run with -malloc_debug to check if memory corruption is causing the crash.
MPICH ERROR [Rank 36] [job id 17134604.0] [Wed Apr  1 01:26:02 2026] [nid001900] - Abort(59) (rank 36 in comm 0): application called MPI_Abort(MPI_COMM_WORLD, 59) - process 36

aborting job:
application called MPI_Abort(MPI_COMM_WORLD, 59) - process 36
[40]PETSC ERROR: ------------------------------------------------------------------------
[40]PETSC ERROR: Caught signal number 11 SEGV: Segmentation Violation, probably memory access out of range
[40]PETSC ERROR: Try option -start_in_debugger or -on_error_attach_debugger
[40]PETSC ERROR: or see https://petsc.org/release/faq/#valgrind and https://petsc.org/release/faq/
[40]PETSC ERROR: configure using --with-debugging=yes, recompile, link, and run 
[40]PETSC ERROR: to get more information on the crash.
[40]PETSC ERROR: Run with -malloc_debug to check if memory corruption is causing the crash.
MPICH ERROR [Rank 40] [job id 17134604.0] [Wed Apr  1 01:26:02 2026] [nid001900] - Abort(59) (rank 40 in comm 0): application called MPI_Abort(MPI_COMM_WORLD, 59) - process 40

aborting job:
application called MPI_Abort(MPI_COMM_WORLD, 59) - process 40
[44]PETSC ERROR: ------------------------------------------------------------------------
[44]PETSC ERROR: Caught signal number 11 SEGV: Segmentation Violation, probably memory access out of range
[44]PETSC ERROR: Try option -start_in_debugger or -on_error_attach_debugger
[44]PETSC ERROR: or see https://petsc.org/release/faq/#valgrind and https://petsc.org/release/faq/
[44]PETSC ERROR: configure using --with-debugging=yes, recompile, link, and run 
[44]PETSC ERROR: to get more information on the crash.
[44]PETSC ERROR: Run with -malloc_debug to check if memory corruption is causing the crash.
MPICH ERROR [Rank 44] [job id 17134604.0] [Wed Apr  1 01:26:02 2026] [nid001900] - Abort(59) (rank 44 in comm 0): application called MPI_Abort(MPI_COMM_WORLD, 59) - process 44

aborting job:
application called MPI_Abort(MPI_COMM_WORLD, 59) - process 44
[9]PETSC ERROR: ------------------------------------------------------------------------
[9]PETSC ERROR: Caught signal number 11 SEGV: Segmentation Violation, probably memory access out of range
[9]PETSC ERROR: Try option -start_in_debugger or -on_error_attach_debugger
[9]PETSC ERROR: or see https://petsc.org/release/faq/#valgrind and https://petsc.org/release/faq/
[9]PETSC ERROR: configure using --with-debugging=yes, recompile, link, and run 
[9]PETSC ERROR: to get more information on the crash.
[9]PETSC ERROR: Run with -malloc_debug to check if memory corruption is causing the crash.
MPICH ERROR [Rank 9] [job id 17134604.0] [Wed Apr  1 01:26:02 2026] [nid001900] - Abort(59) (rank 9 in comm 0): application called MPI_Abort(MPI_COMM_WORLD, 59) - process 9

aborting job:
application called MPI_Abort(MPI_COMM_WORLD, 59) - process 9
[13]PETSC ERROR: ------------------------------------------------------------------------
[13]PETSC ERROR: Caught signal number 11 SEGV: Segmentation Violation, probably memory access out of range
[13]PETSC ERROR: Try option -start_in_debugger or -on_error_attach_debugger
[13]PETSC ERROR: or see https://petsc.org/release/faq/#valgrind and https://petsc.org/release/faq/
[13]PETSC ERROR: configure using --with-debugging=yes, recompile, link, and run 
[13]PETSC ERROR: to get more information on the crash.
[13]PETSC ERROR: Run with -malloc_debug to check if memory corruption is causing the crash.
MPICH ERROR [Rank 13] [job id 17134604.0] [Wed Apr  1 01:26:02 2026] [nid001900] - Abort(59) (rank 13 in comm 0): application called MPI_Abort(MPI_COMM_WORLD, 59) - process 13

aborting job:
application called MPI_Abort(MPI_COMM_WORLD, 59) - process 13
[97]PETSC ERROR: ------------------------------------------------------------------------
[97]PETSC ERROR: Caught signal number 11 SEGV: Segmentation Violation, probably memory access out of range
[97]PETSC ERROR: Try option -start_in_debugger or -on_error_attach_debugger
[97]PETSC ERROR: or see https://petsc.org/release/faq/#valgrind and https://petsc.org/release/faq/
[97]PETSC ERROR: configure using --with-debugging=yes, recompile, link, and run 
[97]PETSC ERROR: to get more information on the crash.
[97]PETSC ERROR: Run with -malloc_debug to check if memory corruption is causing the crash.
MPICH ERROR [Rank 97] [job id 17134604.0] [Wed Apr  1 01:26:02 2026] [nid001900] - Abort(59) (rank 97 in comm 0): application called MPI_Abort(MPI_COMM_WORLD, 59) - process 97

aborting job:
application called MPI_Abort(MPI_COMM_WORLD, 59) - process 97
[61]PETSC ERROR: ------------------------------------------------------------------------
[61]PETSC ERROR: Caught signal number 11 SEGV: Segmentation Violation, probably memory access out of range
[61]PETSC ERROR: Try option -start_in_debugger or -on_error_attach_debugger
[61]PETSC ERROR: or see https://petsc.org/release/faq/#valgrind and https://petsc.org/release/faq/
[61]PETSC ERROR: configure using --with-debugging=yes, recompile, link, and run 
[61]PETSC ERROR: to get more information on the crash.
[61]PETSC ERROR: Run with -malloc_debug to check if memory corruption is causing the crash.
MPICH ERROR [Rank 61] [job id 17134604.0] [Wed Apr  1 01:26:02 2026] [nid001900] - Abort(59) (rank 61 in comm 0): application called MPI_Abort(MPI_COMM_WORLD, 59) - process 61

aborting job:
application called MPI_Abort(MPI_COMM_WORLD, 59) - process 61
[57]PETSC ERROR: ------------------------------------------------------------------------
[57]PETSC ERROR: Caught signal number 11 SEGV: Segmentation Violation, probably memory access out of range
[57]PETSC ERROR: Try option -start_in_debugger or -on_error_attach_debugger
[57]PETSC ERROR: or see https://petsc.org/release/faq/#valgrind and https://petsc.org/release/faq/
[57]PETSC ERROR: configure using --with-debugging=yes, recompile, link, and run 
[57]PETSC ERROR: to get more information on the crash.
[57]PETSC ERROR: Run with -malloc_debug to check if memory corruption is causing the crash.
MPICH ERROR [Rank 57] [job id 17134604.0] [Wed Apr  1 01:26:02 2026] [nid001900] - Abort(59) (rank 57 in comm 0): application called MPI_Abort(MPI_COMM_WORLD, 59) - process 57

aborting job:
application called MPI_Abort(MPI_COMM_WORLD, 59) - process 57
[101]PETSC ERROR: ------------------------------------------------------------------------
[101]PETSC ERROR: Caught signal number 11 SEGV: Segmentation Violation, probably memory access out of range
[101]PETSC ERROR: Try option -start_in_debugger or -on_error_attach_debugger
[101]PETSC ERROR: or see https://petsc.org/release/faq/#valgrind and https://petsc.org/release/faq/
[101]PETSC ERROR: configure using --with-debugging=yes, recompile, link, and run 
[101]PETSC ERROR: to get more information on the crash.
[101]PETSC ERROR: Run with -malloc_debug to check if memory corruption is causing the crash.
MPICH ERROR [Rank 101] [job id 17134604.0] [Wed Apr  1 01:26:02 2026] [nid001900] - Abort(59) (rank 101 in comm 0): application called MPI_Abort(MPI_COMM_WORLD, 59) - process 101

aborting job:
application called MPI_Abort(MPI_COMM_WORLD, 59) - process 101
[105]PETSC ERROR: ------------------------------------------------------------------------
[105]PETSC ERROR: Caught signal number 11 SEGV: Segmentation Violation, probably memory access out of range
[105]PETSC ERROR: Try option -start_in_debugger or -on_error_attach_debugger
[105]PETSC ERROR: or see https://petsc.org/release/faq/#valgrind and https://petsc.org/release/faq/
[105]PETSC ERROR: configure using --with-debugging=yes, recompile, link, and run 
[105]PETSC ERROR: to get more information on the crash.
[105]PETSC ERROR: Run with -malloc_debug to check if memory corruption is causing the crash.
MPICH ERROR [Rank 105] [job id 17134604.0] [Wed Apr  1 01:26:02 2026] [nid001900] - Abort(59) (rank 105 in comm 0): application called MPI_Abort(MPI_COMM_WORLD, 59) - process 105

aborting job:
application called MPI_Abort(MPI_COMM_WORLD, 59) - process 105
[109]PETSC ERROR: ------------------------------------------------------------------------
[109]PETSC ERROR: Caught signal number 11 SEGV: Segmentation Violation, probably memory access out of range
[109]PETSC ERROR: Try option -start_in_debugger or -on_error_attach_debugger
[109]PETSC ERROR: or see https://petsc.org/release/faq/#valgrind and https://petsc.org/release/faq/
[109]PETSC ERROR: configure using --with-debugging=yes, recompile, link, and run 
[109]PETSC ERROR: to get more information on the crash.
[109]PETSC ERROR: Run with -malloc_debug to check if memory corruption is causing the crash.
MPICH ERROR [Rank 109] [job id 17134604.0] [Wed Apr  1 01:26:02 2026] [nid001900] - Abort(59) (rank 109 in comm 0): application called MPI_Abort(MPI_COMM_WORLD, 59) - process 109

aborting job:
application called MPI_Abort(MPI_COMM_WORLD, 59) - process 109
[2]PETSC ERROR: ------------------------------------------------------------------------
[2]PETSC ERROR: Caught signal number 11 SEGV: Segmentation Violation, probably memory access out of range
[2]PETSC ERROR: Try option -start_in_debugger or -on_error_attach_debugger
[2]PETSC ERROR: or see https://petsc.org/release/faq/#valgrind and https://petsc.org/release/faq/
[2]PETSC ERROR: configure using --with-debugging=yes, recompile, link, and run 
[2]PETSC ERROR: to get more information on the crash.
[2]PETSC ERROR: Run with -malloc_debug to check if memory corruption is causing the crash.
MPICH ERROR [Rank 2] [job id 17134604.0] [Wed Apr  1 01:26:02 2026] [nid001900] - Abort(59) (rank 2 in comm 0): application called MPI_Abort(MPI_COMM_WORLD, 59) - process 2

aborting job:
application called MPI_Abort(MPI_COMM_WORLD, 59) - process 2
[75]PETSC ERROR: ------------------------------------------------------------------------
[75]PETSC ERROR: Caught signal number 11 SEGV: Segmentation Violation, probably memory access out of range
[75]PETSC ERROR: Try option -start_in_debugger or -on_error_attach_debugger
[75]PETSC ERROR: or see https://petsc.org/release/faq/#valgrind and https://petsc.org/release/faq/
[75]PETSC ERROR: configure using --with-debugging=yes, recompile, link, and run 
[75]PETSC ERROR: to get more information on the crash.
[75]PETSC ERROR: Run with -malloc_debug to check if memory corruption is causing the crash.
MPICH ERROR [Rank 75] [job id 17134604.0] [Wed Apr  1 01:26:02 2026] [nid001900] - Abort(59) (rank 75 in comm 0): application called MPI_Abort(MPI_COMM_WORLD, 59) - process 75

aborting job:
application called MPI_Abort(MPI_COMM_WORLD, 59) - process 75
[79]PETSC ERROR: ------------------------------------------------------------------------
[79]PETSC ERROR: Caught signal number 11 SEGV: Segmentation Violation, probably memory access out of range
[79]PETSC ERROR: Try option -start_in_debugger or -on_error_attach_debugger
[79]PETSC ERROR: or see https://petsc.org/release/faq/#valgrind and https://petsc.org/release/faq/
[79]PETSC ERROR: configure using --with-debugging=yes, recompile, link, and run 
[79]PETSC ERROR: to get more information on the crash.
[79]PETSC ERROR: Run with -malloc_debug to check if memory corruption is causing the crash.
MPICH ERROR [Rank 79] [job id 17134604.0] [Wed Apr  1 01:26:02 2026] [nid001900] - Abort(59) (rank 79 in comm 0): application called MPI_Abort(MPI_COMM_WORLD, 59) - process 79

aborting job:
application called MPI_Abort(MPI_COMM_WORLD, 59) - process 79
[49]PETSC ERROR: ------------------------------------------------------------------------
[49]PETSC ERROR: Caught signal number 11 SEGV: Segmentation Violation, probably memory access out of range
[49]PETSC ERROR: Try option -start_in_debugger or -on_error_attach_debugger
[49]PETSC ERROR: or see https://petsc.org/release/faq/#valgrind and https://petsc.org/release/faq/
[49]PETSC ERROR: configure using --with-debugging=yes, recompile, link, and run 
[49]PETSC ERROR: to get more information on the crash.
[49]PETSC ERROR: Run with -malloc_debug to check if memory corruption is causing the crash.
MPICH ERROR [Rank 49] [job id 17134604.0] [Wed Apr  1 01:26:02 2026] [nid001900] - Abort(59) (rank 49 in comm 0): application called MPI_Abort(MPI_COMM_WORLD, 59) - process 49

aborting job:
application called MPI_Abort(MPI_COMM_WORLD, 59) - process 49
[53]PETSC ERROR: ------------------------------------------------------------------------
[53]PETSC ERROR: Caught signal number 11 SEGV: Segmentation Violation, probably memory access out of range
[53]PETSC ERROR: Try option -start_in_debugger or -on_error_attach_debugger
[53]PETSC ERROR: or see https://petsc.org/release/faq/#valgrind and https://petsc.org/release/faq/
[53]PETSC ERROR: configure using --with-debugging=yes, recompile, link, and run 
[53]PETSC ERROR: to get more information on the crash.
[53]PETSC ERROR: Run with -malloc_debug to check if memory corruption is causing the crash.
MPICH ERROR [Rank 53] [job id 17134604.0] [Wed Apr  1 01:26:02 2026] [nid001900] - Abort(59) (rank 53 in comm 0): application called MPI_Abort(MPI_COMM_WORLD, 59) - process 53

aborting job:
application called MPI_Abort(MPI_COMM_WORLD, 59) - process 53
[17]PETSC ERROR: ------------------------------------------------------------------------
[17]PETSC ERROR: Caught signal number 11 SEGV: Segmentation Violation, probably memory access out of range
[17]PETSC ERROR: Try option -start_in_debugger or -on_error_attach_debugger
[17]PETSC ERROR: or see https://petsc.org/release/faq/#valgrind and https://petsc.org/release/faq/
[17]PETSC ERROR: configure using --with-debugging=yes, recompile, link, and run 
[17]PETSC ERROR: to get more information on the crash.
[17]PETSC ERROR: Run with -malloc_debug to check if memory corruption is causing the crash.
MPICH ERROR [Rank 17] [job id 17134604.0] [Wed Apr  1 01:26:02 2026] [nid001900] - Abort(59) (rank 17 in comm 0): application called MPI_Abort(MPI_COMM_WORLD, 59) - process 17

aborting job:
application called MPI_Abort(MPI_COMM_WORLD, 59) - process 17
[21]PETSC ERROR: ------------------------------------------------------------------------
[21]PETSC ERROR: Caught signal number 11 SEGV: Segmentation Violation, probably memory access out of range
[21]PETSC ERROR: Try option -start_in_debugger or -on_error_attach_debugger
[21]PETSC ERROR: or see https://petsc.org/release/faq/#valgrind and https://petsc.org/release/faq/
[21]PETSC ERROR: configure using --with-debugging=yes, recompile, link, and run 
[21]PETSC ERROR: to get more information on the crash.
[21]PETSC ERROR: Run with -malloc_debug to check if memory corruption is causing the crash.
MPICH ERROR [Rank 21] [job id 17134604.0] [Wed Apr  1 01:26:02 2026] [nid001900] - Abort(59) (rank 21 in comm 0): application called MPI_Abort(MPI_COMM_WORLD, 59) - process 21

aborting job:
application called MPI_Abort(MPI_COMM_WORLD, 59) - process 21
[63]PETSC ERROR: ------------------------------------------------------------------------
[63]PETSC ERROR: Caught signal number 11 SEGV: Segmentation Violation, probably memory access out of range
[63]PETSC ERROR: Try option -start_in_debugger or -on_error_attach_debugger
[63]PETSC ERROR: or see https://petsc.org/release/faq/#valgrind and https://petsc.org/release/faq/
[63]PETSC ERROR: configure using --with-debugging=yes, recompile, link, and run 
[63]PETSC ERROR: to get more information on the crash.
[63]PETSC ERROR: Run with -malloc_debug to check if memory corruption is causing the crash.
MPICH ERROR [Rank 63] [job id 17134604.0] [Wed Apr  1 01:26:02 2026] [nid001900] - Abort(59) (rank 63 in comm 0): application called MPI_Abort(MPI_COMM_WORLD, 59) - process 63

aborting job:
application called MPI_Abort(MPI_COMM_WORLD, 59) - process 63
[95]PETSC ERROR: ------------------------------------------------------------------------
[95]PETSC ERROR: Caught signal number 11 SEGV: Segmentation Violation, probably memory access out of range
[95]PETSC ERROR: Try option -start_in_debugger or -on_error_attach_debugger
[95]PETSC ERROR: or see https://petsc.org/release/faq/#valgrind and https://petsc.org/release/faq/
[95]PETSC ERROR: configure using --with-debugging=yes, recompile, link, and run 
[95]PETSC ERROR: to get more information on the crash.
[95]PETSC ERROR: Run with -malloc_debug to check if memory corruption is causing the crash.
MPICH ERROR [Rank 95] [job id 17134604.0] [Wed Apr  1 01:26:02 2026] [nid001900] - Abort(59) (rank 95 in comm 0): application called MPI_Abort(MPI_COMM_WORLD, 59) - process 95

aborting job:
application called MPI_Abort(MPI_COMM_WORLD, 59) - process 95
[41]PETSC ERROR: ------------------------------------------------------------------------
[41]PETSC ERROR: Caught signal number 11 SEGV: Segmentation Violation, probably memory access out of range
[41]PETSC ERROR: Try option -start_in_debugger or -on_error_attach_debugger
[41]PETSC ERROR: or see https://petsc.org/release/faq/#valgrind and https://petsc.org/release/faq/
[41]PETSC ERROR: configure using --with-debugging=yes, recompile, link, and run 
[41]PETSC ERROR: to get more information on the crash.
[41]PETSC ERROR: Run with -malloc_debug to check if memory corruption is causing the crash.
MPICH ERROR [Rank 41] [job id 17134604.0] [Wed Apr  1 01:26:02 2026] [nid001900] - Abort(59) (rank 41 in comm 0): application called MPI_Abort(MPI_COMM_WORLD, 59) - process 41

aborting job:
application called MPI_Abort(MPI_COMM_WORLD, 59) - process 41
[33]PETSC ERROR: ------------------------------------------------------------------------
[33]PETSC ERROR: Caught signal number 11 SEGV: Segmentation Violation, probably memory access out of range
[33]PETSC ERROR: Try option -start_in_debugger or -on_error_attach_debugger
[33]PETSC ERROR: or see https://petsc.org/release/faq/#valgrind and https://petsc.org/release/faq/
[33]PETSC ERROR: configure using --with-debugging=yes, recompile, link, and run 
[33]PETSC ERROR: to get more information on the crash.
[33]PETSC ERROR: Run with -malloc_debug to check if memory corruption is causing the crash.
MPICH ERROR [Rank 33] [job id 17134604.0] [Wed Apr  1 01:26:02 2026] [nid001900] - Abort(59) (rank 33 in comm 0): application called MPI_Abort(MPI_COMM_WORLD, 59) - process 33

aborting job:
application called MPI_Abort(MPI_COMM_WORLD, 59) - process 33
[83]PETSC ERROR: ------------------------------------------------------------------------
[83]PETSC ERROR: Caught signal number 11 SEGV: Segmentation Violation, probably memory access out of range
[83]PETSC ERROR: Try option -start_in_debugger or -on_error_attach_debugger
[83]PETSC ERROR: or see https://petsc.org/release/faq/#valgrind and https://petsc.org/release/faq/
[83]PETSC ERROR: configure using --with-debugging=yes, recompile, link, and run 
[83]PETSC ERROR: to get more information on the crash.
[83]PETSC ERROR: Run with -malloc_debug to check if memory corruption is causing the crash.
MPICH ERROR [Rank 83] [job id 17134604.0] [Wed Apr  1 01:26:03 2026] [nid001900] - Abort(59) (rank 83 in comm 0): application called MPI_Abort(MPI_COMM_WORLD, 59) - process 83

aborting job:
application called MPI_Abort(MPI_COMM_WORLD, 59) - process 83
[45]PETSC ERROR: ------------------------------------------------------------------------
[45]PETSC ERROR: Caught signal number 11 SEGV: Segmentation Violation, probably memory access out of range
[45]PETSC ERROR: Try option -start_in_debugger or -on_error_attach_debugger
[45]PETSC ERROR: or see https://petsc.org/release/faq/#valgrind and https://petsc.org/release/faq/
[45]PETSC ERROR: configure using --with-debugging=yes, recompile, link, and run 
[45]PETSC ERROR: to get more information on the crash.
[45]PETSC ERROR: Run with -malloc_debug to check if memory corruption is causing the crash.
MPICH ERROR [Rank 45] [job id 17134604.0] [Wed Apr  1 01:26:03 2026] [nid001900] - Abort(59) (rank 45 in comm 0): application called MPI_Abort(MPI_COMM_WORLD, 59) - process 45

aborting job:
application called MPI_Abort(MPI_COMM_WORLD, 59) - process 45
[37]PETSC ERROR: ------------------------------------------------------------------------
[37]PETSC ERROR: Caught signal number 11 SEGV: Segmentation Violation, probably memory access out of range
[37]PETSC ERROR: Try option -start_in_debugger or -on_error_attach_debugger
[37]PETSC ERROR: or see https://petsc.org/release/faq/#valgrind and https://petsc.org/release/faq/
[37]PETSC ERROR: configure using --with-debugging=yes, recompile, link, and run 
[37]PETSC ERROR: to get more information on the crash.
[37]PETSC ERROR: Run with -malloc_debug to check if memory corruption is causing the crash.
MPICH ERROR [Rank 37] [job id 17134604.0] [Wed Apr  1 01:26:03 2026] [nid001900] - Abort(59) (rank 37 in comm 0): application called MPI_Abort(MPI_COMM_WORLD, 59) - process 37

aborting job:
application called MPI_Abort(MPI_COMM_WORLD, 59) - process 37
[14]PETSC ERROR: ------------------------------------------------------------------------
[14]PETSC ERROR: Caught signal number 11 SEGV: Segmentation Violation, probably memory access out of range
[14]PETSC ERROR: Try option -start_in_debugger or -on_error_attach_debugger
[14]PETSC ERROR: or see https://petsc.org/release/faq/#valgrind and https://petsc.org/release/faq/
[14]PETSC ERROR: configure using --with-debugging=yes, recompile, link, and run 
[14]PETSC ERROR: to get more information on the crash.
[14]PETSC ERROR: Run with -malloc_debug to check if memory corruption is causing the crash.
MPICH ERROR [Rank 14] [job id 17134604.0] [Wed Apr  1 01:26:03 2026] [nid001900] - Abort(59) (rank 14 in comm 0): application called MPI_Abort(MPI_COMM_WORLD, 59) - process 14

aborting job:
application called MPI_Abort(MPI_COMM_WORLD, 59) - process 14
[10]PETSC ERROR: ------------------------------------------------------------------------
[10]PETSC ERROR: Caught signal number 11 SEGV: Segmentation Violation, probably memory access out of range
[10]PETSC ERROR: Try option -start_in_debugger or -on_error_attach_debugger
[10]PETSC ERROR: or see https://petsc.org/release/faq/#valgrind and https://petsc.org/release/faq/
[10]PETSC ERROR: configure using --with-debugging=yes, recompile, link, and run 
[10]PETSC ERROR: to get more information on the crash.
[10]PETSC ERROR: Run with -malloc_debug to check if memory corruption is causing the crash.
MPICH ERROR [Rank 10] [job id 17134604.0] [Wed Apr  1 01:26:03 2026] [nid001900] - Abort(59) (rank 10 in comm 0): application called MPI_Abort(MPI_COMM_WORLD, 59) - process 10

aborting job:
application called MPI_Abort(MPI_COMM_WORLD, 59) - process 10
[58]PETSC ERROR: ------------------------------------------------------------------------
[58]PETSC ERROR: Caught signal number 11 SEGV: Segmentation Violation, probably memory access out of range
[58]PETSC ERROR: Try option -start_in_debugger or -on_error_attach_debugger
[58]PETSC ERROR: or see https://petsc.org/release/faq/#valgrind and https://petsc.org/release/faq/
[58]PETSC ERROR: configure using --with-debugging=yes, recompile, link, and run 
[58]PETSC ERROR: to get more information on the crash.
[58]PETSC ERROR: Run with -malloc_debug to check if memory corruption is causing the crash.
MPICH ERROR [Rank 58] [job id 17134604.0] [Wed Apr  1 01:26:03 2026] [nid001900] - Abort(59) (rank 58 in comm 0): application called MPI_Abort(MPI_COMM_WORLD, 59) - process 58

aborting job:
application called MPI_Abort(MPI_COMM_WORLD, 59) - process 58
[62]PETSC ERROR: ------------------------------------------------------------------------
[62]PETSC ERROR: Caught signal number 11 SEGV: Segmentation Violation, probably memory access out of range
[62]PETSC ERROR: Try option -start_in_debugger or -on_error_attach_debugger
[62]PETSC ERROR: or see https://petsc.org/release/faq/#valgrind and https://petsc.org/release/faq/
[62]PETSC ERROR: configure using --with-debugging=yes, recompile, link, and run 
[62]PETSC ERROR: to get more information on the crash.
[62]PETSC ERROR: Run with -malloc_debug to check if memory corruption is causing the crash.
MPICH ERROR [Rank 62] [job id 17134604.0] [Wed Apr  1 01:26:03 2026] [nid001900] - Abort(59) (rank 62 in comm 0): application called MPI_Abort(MPI_COMM_WORLD, 59) - process 62

aborting job:
application called MPI_Abort(MPI_COMM_WORLD, 59) - process 62
[98]PETSC ERROR: ------------------------------------------------------------------------
[98]PETSC ERROR: Caught signal number 11 SEGV: Segmentation Violation, probably memory access out of range
[98]PETSC ERROR: Try option -start_in_debugger or -on_error_attach_debugger
[98]PETSC ERROR: or see https://petsc.org/release/faq/#valgrind and https://petsc.org/release/faq/
[98]PETSC ERROR: configure using --with-debugging=yes, recompile, link, and run 
[98]PETSC ERROR: to get more information on the crash.
[98]PETSC ERROR: Run with -malloc_debug to check if memory corruption is causing the crash.
MPICH ERROR [Rank 98] [job id 17134604.0] [Wed Apr  1 01:26:03 2026] [nid001900] - Abort(59) (rank 98 in comm 0): application called MPI_Abort(MPI_COMM_WORLD, 59) - process 98

aborting job:
application called MPI_Abort(MPI_COMM_WORLD, 59) - process 98
[110]PETSC ERROR: ------------------------------------------------------------------------
[110]PETSC ERROR: Caught signal number 11 SEGV: Segmentation Violation, probably memory access out of range
[110]PETSC ERROR: Try option -start_in_debugger or -on_error_attach_debugger
[110]PETSC ERROR: or see https://petsc.org/release/faq/#valgrind and https://petsc.org/release/faq/
[110]PETSC ERROR: configure using --with-debugging=yes, recompile, link, and run 
[110]PETSC ERROR: to get more information on the crash.
[110]PETSC ERROR: Run with -malloc_debug to check if memory corruption is causing the crash.
MPICH ERROR [Rank 110] [job id 17134604.0] [Wed Apr  1 01:26:03 2026] [nid001900] - Abort(59) (rank 110 in comm 0): application called MPI_Abort(MPI_COMM_WORLD, 59) - process 110

aborting job:
application called MPI_Abort(MPI_COMM_WORLD, 59) - process 110
[102]PETSC ERROR: ------------------------------------------------------------------------
[102]PETSC ERROR: Caught signal number 11 SEGV: Segmentation Violation, probably memory access out of range
[102]PETSC ERROR: Try option -start_in_debugger or -on_error_attach_debugger
[102]PETSC ERROR: or see https://petsc.org/release/faq/#valgrind and https://petsc.org/release/faq/
[102]PETSC ERROR: configure using --with-debugging=yes, recompile, link, and run 
[102]PETSC ERROR: to get more information on the crash.
[102]PETSC ERROR: Run with -malloc_debug to check if memory corruption is causing the crash.
MPICH ERROR [Rank 102] [job id 17134604.0] [Wed Apr  1 01:26:03 2026] [nid001900] - Abort(59) (rank 102 in comm 0): application called MPI_Abort(MPI_COMM_WORLD, 59) - process 102

aborting job:
application called MPI_Abort(MPI_COMM_WORLD, 59) - process 102
[30]PETSC ERROR: ------------------------------------------------------------------------
[30]PETSC ERROR: Caught signal number 11 SEGV: Segmentation Violation, probably memory access out of range
[30]PETSC ERROR: Try option -start_in_debugger or -on_error_attach_debugger
[30]PETSC ERROR: or see https://petsc.org/release/faq/#valgrind and https://petsc.org/release/faq/
[30]PETSC ERROR: configure using --with-debugging=yes, recompile, link, and run 
[30]PETSC ERROR: to get more information on the crash.
[30]PETSC ERROR: Run with -malloc_debug to check if memory corruption is causing the crash.
MPICH ERROR [Rank 30] [job id 17134604.0] [Wed Apr  1 01:26:03 2026] [nid001900] - Abort(59) (rank 30 in comm 0): application called MPI_Abort(MPI_COMM_WORLD, 59) - process 30

aborting job:
application called MPI_Abort(MPI_COMM_WORLD, 59) - process 30
[26]PETSC ERROR: ------------------------------------------------------------------------
[26]PETSC ERROR: Caught signal number 11 SEGV: Segmentation Violation, probably memory access out of range
[26]PETSC ERROR: Try option -start_in_debugger or -on_error_attach_debugger
[26]PETSC ERROR: or see https://petsc.org/release/faq/#valgrind and https://petsc.org/release/faq/
[26]PETSC ERROR: configure using --with-debugging=yes, recompile, link, and run 
[26]PETSC ERROR: to get more information on the crash.
[26]PETSC ERROR: Run with -malloc_debug to check if memory corruption is causing the crash.
MPICH ERROR [Rank 26] [job id 17134604.0] [Wed Apr  1 01:26:03 2026] [nid001900] - Abort(59) (rank 26 in comm 0): application called MPI_Abort(MPI_COMM_WORLD, 59) - process 26

aborting job:
application called MPI_Abort(MPI_COMM_WORLD, 59) - process 26
[106]PETSC ERROR: ------------------------------------------------------------------------
[106]PETSC ERROR: Caught signal number 11 SEGV: Segmentation Violation, probably memory access out of range
[106]PETSC ERROR: Try option -start_in_debugger or -on_error_attach_debugger
[106]PETSC ERROR: or see https://petsc.org/release/faq/#valgrind and https://petsc.org/release/faq/
[106]PETSC ERROR: configure using --with-debugging=yes, recompile, link, and run 
[106]PETSC ERROR: to get more information on the crash.
[106]PETSC ERROR: Run with -malloc_debug to check if memory corruption is causing the crash.
MPICH ERROR [Rank 106] [job id 17134604.0] [Wed Apr  1 01:26:03 2026] [nid001900] - Abort(59) (rank 106 in comm 0): application called MPI_Abort(MPI_COMM_WORLD, 59) - process 106

aborting job:
application called MPI_Abort(MPI_COMM_WORLD, 59) - process 106
[54]PETSC ERROR: ------------------------------------------------------------------------
[54]PETSC ERROR: Caught signal number 11 SEGV: Segmentation Violation, probably memory access out of range
[54]PETSC ERROR: Try option -start_in_debugger or -on_error_attach_debugger
[54]PETSC ERROR: or see https://petsc.org/release/faq/#valgrind and https://petsc.org/release/faq/
[54]PETSC ERROR: configure using --with-debugging=yes, recompile, link, and run 
[54]PETSC ERROR: to get more information on the crash.
[54]PETSC ERROR: Run with -malloc_debug to check if memory corruption is causing the crash.
MPICH ERROR [Rank 54] [job id 17134604.0] [Wed Apr  1 01:26:03 2026] [nid001900] - Abort(59) (rank 54 in comm 0): application called MPI_Abort(MPI_COMM_WORLD, 59) - process 54

aborting job:
application called MPI_Abort(MPI_COMM_WORLD, 59) - process 54
[50]PETSC ERROR: ------------------------------------------------------------------------
[50]PETSC ERROR: Caught signal number 11 SEGV: Segmentation Violation, probably memory access out of range
[50]PETSC ERROR: Try option -start_in_debugger or -on_error_attach_debugger
[50]PETSC ERROR: or see https://petsc.org/release/faq/#valgrind and https://petsc.org/release/faq/
[50]PETSC ERROR: configure using --with-debugging=yes, recompile, link, and run 
[50]PETSC ERROR: to get more information on the crash.
[50]PETSC ERROR: Run with -malloc_debug to check if memory corruption is causing the crash.
MPICH ERROR [Rank 50] [job id 17134604.0] [Wed Apr  1 01:26:03 2026] [nid001900] - Abort(59) (rank 50 in comm 0): application called MPI_Abort(MPI_COMM_WORLD, 59) - process 50

aborting job:
application called MPI_Abort(MPI_COMM_WORLD, 59) - process 50
[18]PETSC ERROR: ------------------------------------------------------------------------
[18]PETSC ERROR: Caught signal number 11 SEGV: Segmentation Violation, probably memory access out of range
[18]PETSC ERROR: Try option -start_in_debugger or -on_error_attach_debugger
[18]PETSC ERROR: or see https://petsc.org/release/faq/#valgrind and https://petsc.org/release/faq/
[18]PETSC ERROR: configure using --with-debugging=yes, recompile, link, and run 
[18]PETSC ERROR: to get more information on the crash.
[18]PETSC ERROR: Run with -malloc_debug to check if memory corruption is causing the crash.
MPICH ERROR [Rank 18] [job id 17134604.0] [Wed Apr  1 01:26:03 2026] [nid001900] - Abort(59) (rank 18 in comm 0): application called MPI_Abort(MPI_COMM_WORLD, 59) - process 18

aborting job:
application called MPI_Abort(MPI_COMM_WORLD, 59) - process 18
[22]PETSC ERROR: ------------------------------------------------------------------------
[22]PETSC ERROR: Caught signal number 11 SEGV: Segmentation Violation, probably memory access out of range
[22]PETSC ERROR: Try option -start_in_debugger or -on_error_attach_debugger
[22]PETSC ERROR: or see https://petsc.org/release/faq/#valgrind and https://petsc.org/release/faq/
[22]PETSC ERROR: configure using --with-debugging=yes, recompile, link, and run 
[22]PETSC ERROR: to get more information on the crash.
[22]PETSC ERROR: Run with -malloc_debug to check if memory corruption is causing the crash.
MPICH ERROR [Rank 22] [job id 17134604.0] [Wed Apr  1 01:26:03 2026] [nid001900] - Abort(59) (rank 22 in comm 0): application called MPI_Abort(MPI_COMM_WORLD, 59) - process 22

aborting job:
application called MPI_Abort(MPI_COMM_WORLD, 59) - process 22
[34]PETSC ERROR: ------------------------------------------------------------------------
[34]PETSC ERROR: Caught signal number 11 SEGV: Segmentation Violation, probably memory access out of range
[34]PETSC ERROR: Try option -start_in_debugger or -on_error_attach_debugger
[34]PETSC ERROR: or see https://petsc.org/release/faq/#valgrind and https://petsc.org/release/faq/
[34]PETSC ERROR: configure using --with-debugging=yes, recompile, link, and run 
[34]PETSC ERROR: to get more information on the crash.
[34]PETSC ERROR: Run with -malloc_debug to check if memory corruption is causing the crash.
MPICH ERROR [Rank 34] [job id 17134604.0] [Wed Apr  1 01:26:03 2026] [nid001900] - Abort(59) (rank 34 in comm 0): application called MPI_Abort(MPI_COMM_WORLD, 59) - process 34

aborting job:
application called MPI_Abort(MPI_COMM_WORLD, 59) - process 34
[38]PETSC ERROR: ------------------------------------------------------------------------
[38]PETSC ERROR: Caught signal number 11 SEGV: Segmentation Violation, probably memory access out of range
[38]PETSC ERROR: Try option -start_in_debugger or -on_error_attach_debugger
[38]PETSC ERROR: or see https://petsc.org/release/faq/#valgrind and https://petsc.org/release/faq/
[38]PETSC ERROR: configure using --with-debugging=yes, recompile, link, and run 
[38]PETSC ERROR: to get more information on the crash.
[38]PETSC ERROR: Run with -malloc_debug to check if memory corruption is causing the crash.
MPICH ERROR [Rank 38] [job id 17134604.0] [Wed Apr  1 01:26:04 2026] [nid001900] - Abort(59) (rank 38 in comm 0): application called MPI_Abort(MPI_COMM_WORLD, 59) - process 38

aborting job:
application called MPI_Abort(MPI_COMM_WORLD, 59) - process 38
[42]PETSC ERROR: ------------------------------------------------------------------------
[42]PETSC ERROR: Caught signal number 11 SEGV: Segmentation Violation, probably memory access out of range
[42]PETSC ERROR: Try option -start_in_debugger or -on_error_attach_debugger
[42]PETSC ERROR: or see https://petsc.org/release/faq/#valgrind and https://petsc.org/release/faq/
[42]PETSC ERROR: configure using --with-debugging=yes, recompile, link, and run 
[42]PETSC ERROR: to get more information on the crash.
[42]PETSC ERROR: Run with -malloc_debug to check if memory corruption is causing the crash.
MPICH ERROR [Rank 42] [job id 17134604.0] [Wed Apr  1 01:26:04 2026] [nid001900] - Abort(59) (rank 42 in comm 0): application called MPI_Abort(MPI_COMM_WORLD, 59) - process 42

aborting job:
application called MPI_Abort(MPI_COMM_WORLD, 59) - process 42
[46]PETSC ERROR: ------------------------------------------------------------------------
[46]PETSC ERROR: Caught signal number 11 SEGV: Segmentation Violation, probably memory access out of range
[46]PETSC ERROR: Try option -start_in_debugger or -on_error_attach_debugger
[46]PETSC ERROR: or see https://petsc.org/release/faq/#valgrind and https://petsc.org/release/faq/
[46]PETSC ERROR: configure using --with-debugging=yes, recompile, link, and run 
[46]PETSC ERROR: to get more information on the crash.
[46]PETSC ERROR: Run with -malloc_debug to check if memory corruption is causing the crash.
MPICH ERROR [Rank 46] [job id 17134604.0] [Wed Apr  1 01:26:04 2026] [nid001900] - Abort(59) (rank 46 in comm 0): application called MPI_Abort(MPI_COMM_WORLD, 59) - process 46

aborting job:
application called MPI_Abort(MPI_COMM_WORLD, 59) - process 46
[11]PETSC ERROR: ------------------------------------------------------------------------
[11]PETSC ERROR: Caught signal number 11 SEGV: Segmentation Violation, probably memory access out of range
[11]PETSC ERROR: Try option -start_in_debugger or -on_error_attach_debugger
[11]PETSC ERROR: or see https://petsc.org/release/faq/#valgrind and https://petsc.org/release/faq/
[11]PETSC ERROR: configure using --with-debugging=yes, recompile, link, and run 
[11]PETSC ERROR: to get more information on the crash.
[11]PETSC ERROR: Run with -malloc_debug to check if memory corruption is causing the crash.
MPICH ERROR [Rank 11] [job id 17134604.0] [Wed Apr  1 01:26:04 2026] [nid001900] - Abort(59) (rank 11 in comm 0): application called MPI_Abort(MPI_COMM_WORLD, 59) - process 11

aborting job:
application called MPI_Abort(MPI_COMM_WORLD, 59) - process 11
[15]PETSC ERROR: ------------------------------------------------------------------------
[15]PETSC ERROR: Caught signal number 11 SEGV: Segmentation Violation, probably memory access out of range
[15]PETSC ERROR: Try option -start_in_debugger or -on_error_attach_debugger
[15]PETSC ERROR: or see https://petsc.org/release/faq/#valgrind and https://petsc.org/release/faq/
[15]PETSC ERROR: configure using --with-debugging=yes, recompile, link, and run 
[15]PETSC ERROR: to get more information on the crash.
[15]PETSC ERROR: Run with -malloc_debug to check if memory corruption is causing the crash.
MPICH ERROR [Rank 15] [job id 17134604.0] [Wed Apr  1 01:26:04 2026] [nid001900] - Abort(59) (rank 15 in comm 0): application called MPI_Abort(MPI_COMM_WORLD, 59) - process 15

aborting job:
application called MPI_Abort(MPI_COMM_WORLD, 59) - process 15
[59]PETSC ERROR: ------------------------------------------------------------------------
[59]PETSC ERROR: Caught signal number 11 SEGV: Segmentation Violation, probably memory access out of range
[59]PETSC ERROR: Try option -start_in_debugger or -on_error_attach_debugger
[59]PETSC ERROR: or see https://petsc.org/release/faq/#valgrind and https://petsc.org/release/faq/
[59]PETSC ERROR: configure using --with-debugging=yes, recompile, link, and run 
[59]PETSC ERROR: to get more information on the crash.
[59]PETSC ERROR: Run with -malloc_debug to check if memory corruption is causing the crash.
MPICH ERROR [Rank 59] [job id 17134604.0] [Wed Apr  1 01:26:04 2026] [nid001900] - Abort(59) (rank 59 in comm 0): application called MPI_Abort(MPI_COMM_WORLD, 59) - process 59

aborting job:
application called MPI_Abort(MPI_COMM_WORLD, 59) - process 59
[27]PETSC ERROR: ------------------------------------------------------------------------
[27]PETSC ERROR: Caught signal number 11 SEGV: Segmentation Violation, probably memory access out of range
[27]PETSC ERROR: Try option -start_in_debugger or -on_error_attach_debugger
[27]PETSC ERROR: or see https://petsc.org/release/faq/#valgrind and https://petsc.org/release/faq/
[27]PETSC ERROR: configure using --with-debugging=yes, recompile, link, and run 
[27]PETSC ERROR: to get more information on the crash.
[27]PETSC ERROR: Run with -malloc_debug to check if memory corruption is causing the crash.
MPICH ERROR [Rank 27] [job id 17134604.0] [Wed Apr  1 01:26:04 2026] [nid001900] - Abort(59) (rank 27 in comm 0): application called MPI_Abort(MPI_COMM_WORLD, 59) - process 27

aborting job:
application called MPI_Abort(MPI_COMM_WORLD, 59) - process 27
[103]PETSC ERROR: ------------------------------------------------------------------------
[103]PETSC ERROR: Caught signal number 11 SEGV: Segmentation Violation, probably memory access out of range
[103]PETSC ERROR: Try option -start_in_debugger or -on_error_attach_debugger
[103]PETSC ERROR: or see https://petsc.org/release/faq/#valgrind and https://petsc.org/release/faq/
[103]PETSC ERROR: configure using --with-debugging=yes, recompile, link, and run 
[103]PETSC ERROR: to get more information on the crash.
[103]PETSC ERROR: Run with -malloc_debug to check if memory corruption is causing the crash.
MPICH ERROR [Rank 103] [job id 17134604.0] [Wed Apr  1 01:26:04 2026] [nid001900] - Abort(59) (rank 103 in comm 0): application called MPI_Abort(MPI_COMM_WORLD, 59) - process 103

aborting job:
application called MPI_Abort(MPI_COMM_WORLD, 59) - process 103
[99]PETSC ERROR: ------------------------------------------------------------------------
[99]PETSC ERROR: Caught signal number 11 SEGV: Segmentation Violation, probably memory access out of range
[99]PETSC ERROR: Try option -start_in_debugger or -on_error_attach_debugger
[99]PETSC ERROR: or see https://petsc.org/release/faq/#valgrind and https://petsc.org/release/faq/
[99]PETSC ERROR: configure using --with-debugging=yes, recompile, link, and run 
[99]PETSC ERROR: to get more information on the crash.
[99]PETSC ERROR: Run with -malloc_debug to check if memory corruption is causing the crash.
MPICH ERROR [Rank 99] [job id 17134604.0] [Wed Apr  1 01:26:04 2026] [nid001900] - Abort(59) (rank 99 in comm 0): application called MPI_Abort(MPI_COMM_WORLD, 59) - process 99

aborting job:
application called MPI_Abort(MPI_COMM_WORLD, 59) - process 99
[107]PETSC ERROR: ------------------------------------------------------------------------
[107]PETSC ERROR: Caught signal number 11 SEGV: Segmentation Violation, probably memory access out of range
[107]PETSC ERROR: Try option -start_in_debugger or -on_error_attach_debugger
[107]PETSC ERROR: or see https://petsc.org/release/faq/#valgrind and https://petsc.org/release/faq/
[107]PETSC ERROR: configure using --with-debugging=yes, recompile, link, and run 
[107]PETSC ERROR: to get more information on the crash.
[107]PETSC ERROR: Run with -malloc_debug to check if memory corruption is causing the crash.
MPICH ERROR [Rank 107] [job id 17134604.0] [Wed Apr  1 01:26:04 2026] [nid001900] - Abort(59) (rank 107 in comm 0): application called MPI_Abort(MPI_COMM_WORLD, 59) - process 107

aborting job:
application called MPI_Abort(MPI_COMM_WORLD, 59) - process 107
[31]PETSC ERROR: ------------------------------------------------------------------------
[31]PETSC ERROR: Caught signal number 11 SEGV: Segmentation Violation, probably memory access out of range
[31]PETSC ERROR: Try option -start_in_debugger or -on_error_attach_debugger
[31]PETSC ERROR: or see https://petsc.org/release/faq/#valgrind and https://petsc.org/release/faq/
[31]PETSC ERROR: configure using --with-debugging=yes, recompile, link, and run 
[31]PETSC ERROR: to get more information on the crash.
[31]PETSC ERROR: Run with -malloc_debug to check if memory corruption is causing the crash.
MPICH ERROR [Rank 31] [job id 17134604.0] [Wed Apr  1 01:26:04 2026] [nid001900] - Abort(59) (rank 31 in comm 0): application called MPI_Abort(MPI_COMM_WORLD, 59) - process 31

aborting job:
application called MPI_Abort(MPI_COMM_WORLD, 59) - process 31
[23]PETSC ERROR: ------------------------------------------------------------------------
[23]PETSC ERROR: Caught signal number 11 SEGV: Segmentation Violation, probably memory access out of range
[23]PETSC ERROR: Try option -start_in_debugger or -on_error_attach_debugger
[23]PETSC ERROR: or see https://petsc.org/release/faq/#valgrind and https://petsc.org/release/faq/
[23]PETSC ERROR: configure using --with-debugging=yes, recompile, link, and run 
[23]PETSC ERROR: to get more information on the crash.
[23]PETSC ERROR: Run with -malloc_debug to check if memory corruption is causing the crash.
MPICH ERROR [Rank 23] [job id 17134604.0] [Wed Apr  1 01:26:04 2026] [nid001900] - Abort(59) (rank 23 in comm 0): application called MPI_Abort(MPI_COMM_WORLD, 59) - process 23

aborting job:
application called MPI_Abort(MPI_COMM_WORLD, 59) - process 23
[55]PETSC ERROR: ------------------------------------------------------------------------
[55]PETSC ERROR: Caught signal number 11 SEGV: Segmentation Violation, probably memory access out of range
[55]PETSC ERROR: Try option -start_in_debugger or -on_error_attach_debugger
[55]PETSC ERROR: or see https://petsc.org/release/faq/#valgrind and https://petsc.org/release/faq/
[55]PETSC ERROR: configure using --with-debugging=yes, recompile, link, and run 
[55]PETSC ERROR: to get more information on the crash.
[55]PETSC ERROR: Run with -malloc_debug to check if memory corruption is causing the crash.
MPICH ERROR [Rank 55] [job id 17134604.0] [Wed Apr  1 01:26:04 2026] [nid001900] - Abort(59) (rank 55 in comm 0): application called MPI_Abort(MPI_COMM_WORLD, 59) - process 55

aborting job:
application called MPI_Abort(MPI_COMM_WORLD, 59) - process 55
[51]PETSC ERROR: ------------------------------------------------------------------------
[51]PETSC ERROR: Caught signal number 11 SEGV: Segmentation Violation, probably memory access out of range
[51]PETSC ERROR: Try option -start_in_debugger or -on_error_attach_debugger
[51]PETSC ERROR: or see https://petsc.org/release/faq/#valgrind and https://petsc.org/release/faq/
[51]PETSC ERROR: configure using --with-debugging=yes, recompile, link, and run 
[51]PETSC ERROR: to get more information on the crash.
[51]PETSC ERROR: Run with -malloc_debug to check if memory corruption is causing the crash.
MPICH ERROR [Rank 51] [job id 17134604.0] [Wed Apr  1 01:26:04 2026] [nid001900] - Abort(59) (rank 51 in comm 0): application called MPI_Abort(MPI_COMM_WORLD, 59) - process 51

aborting job:
application called MPI_Abort(MPI_COMM_WORLD, 59) - process 51
[19]PETSC ERROR: ------------------------------------------------------------------------
[19]PETSC ERROR: Caught signal number 11 SEGV: Segmentation Violation, probably memory access out of range
[19]PETSC ERROR: Try option -start_in_debugger or -on_error_attach_debugger
[19]PETSC ERROR: or see https://petsc.org/release/faq/#valgrind and https://petsc.org/release/faq/
[19]PETSC ERROR: configure using --with-debugging=yes, recompile, link, and run 
[19]PETSC ERROR: to get more information on the crash.
[19]PETSC ERROR: Run with -malloc_debug to check if memory corruption is causing the crash.
MPICH ERROR [Rank 19] [job id 17134604.0] [Wed Apr  1 01:26:04 2026] [nid001900] - Abort(59) (rank 19 in comm 0): application called MPI_Abort(MPI_COMM_WORLD, 59) - process 19

aborting job:
application called MPI_Abort(MPI_COMM_WORLD, 59) - process 19
[35]PETSC ERROR: ------------------------------------------------------------------------
[35]PETSC ERROR: Caught signal number 11 SEGV: Segmentation Violation, probably memory access out of range
[35]PETSC ERROR: Try option -start_in_debugger or -on_error_attach_debugger
[35]PETSC ERROR: or see https://petsc.org/release/faq/#valgrind and https://petsc.org/release/faq/
[35]PETSC ERROR: configure using --with-debugging=yes, recompile, link, and run 
[35]PETSC ERROR: to get more information on the crash.
[35]PETSC ERROR: Run with -malloc_debug to check if memory corruption is causing the crash.
MPICH ERROR [Rank 35] [job id 17134604.0] [Wed Apr  1 01:26:04 2026] [nid001900] - Abort(59) (rank 35 in comm 0): application called MPI_Abort(MPI_COMM_WORLD, 59) - process 35

aborting job:
application called MPI_Abort(MPI_COMM_WORLD, 59) - process 35
[47]PETSC ERROR: ------------------------------------------------------------------------
[47]PETSC ERROR: Caught signal number 11 SEGV: Segmentation Violation, probably memory access out of range
[47]PETSC ERROR: Try option -start_in_debugger or -on_error_attach_debugger
[47]PETSC ERROR: or see https://petsc.org/release/faq/#valgrind and https://petsc.org/release/faq/
[47]PETSC ERROR: configure using --with-debugging=yes, recompile, link, and run 
[47]PETSC ERROR: to get more information on the crash.
[47]PETSC ERROR: Run with -malloc_debug to check if memory corruption is causing the crash.
MPICH ERROR [Rank 47] [job id 17134604.0] [Wed Apr  1 01:26:05 2026] [nid001900] - Abort(59) (rank 47 in comm 0): application called MPI_Abort(MPI_COMM_WORLD, 59) - process 47

aborting job:
application called MPI_Abort(MPI_COMM_WORLD, 59) - process 47
[39]PETSC ERROR: ------------------------------------------------------------------------
[39]PETSC ERROR: Caught signal number 11 SEGV: Segmentation Violation, probably memory access out of range
[39]PETSC ERROR: Try option -start_in_debugger or -on_error_attach_debugger
[39]PETSC ERROR: or see https://petsc.org/release/faq/#valgrind and https://petsc.org/release/faq/
[39]PETSC ERROR: configure using --with-debugging=yes, recompile, link, and run 
[39]PETSC ERROR: to get more information on the crash.
[39]PETSC ERROR: Run with -malloc_debug to check if memory corruption is causing the crash.
MPICH ERROR [Rank 39] [job id 17134604.0] [Wed Apr  1 01:26:05 2026] [nid001900] - Abort(59) (rank 39 in comm 0): application called MPI_Abort(MPI_COMM_WORLD, 59) - process 39

aborting job:
application called MPI_Abort(MPI_COMM_WORLD, 59) - process 39
[43]PETSC ERROR: ------------------------------------------------------------------------
[43]PETSC ERROR: Caught signal number 11 SEGV: Segmentation Violation, probably memory access out of range
[43]PETSC ERROR: Try option -start_in_debugger or -on_error_attach_debugger
[43]PETSC ERROR: or see https://petsc.org/release/faq/#valgrind and https://petsc.org/release/faq/
[43]PETSC ERROR: configure using --with-debugging=yes, recompile, link, and run 
[43]PETSC ERROR: to get more information on the crash.
[43]PETSC ERROR: Run with -malloc_debug to check if memory corruption is causing the crash.
MPICH ERROR [Rank 43] [job id 17134604.0] [Wed Apr  1 01:26:05 2026] [nid001900] - Abort(59) (rank 43 in comm 0): application called MPI_Abort(MPI_COMM_WORLD, 59) - process 43

aborting job:
application called MPI_Abort(MPI_COMM_WORLD, 59) - process 43
