
=== CPARDISO: solving a real nonsymmetric system ===
Distributed Matrix Input Format is used for CPARDISO (iparm(40) = 2)
0-based array is turned ON
CPARDISO double precision computation is turned ON
Parallel METIS algorithm at reorder step is turned ON
Scaling is turned ON
Matching is turned ON


Summary: ( reordering phase )
================

Times:
======
Time spent in calculations of symmetric matrix portrait (fulladj): 0.193174 s
Time spent in reordering of the initial matrix (reorder)         : 8.055522 s
Time spent in symbolic factorization (symbfct)                   : 1.189900 s
Time spent in data preparations for factorization (parlist)      : 0.054822 s
Time spent in allocation of internal data structures (malloc)    : 0.249532 s
Time spent in matching/scaling                                   : 0.336591 s
Time spent in additional calculations                            : 0.666708 s
Total time spent                                                 : 10.746249 s

Statistics:
===========
Parallel Direct Factorization is running on 32 MPI and 1 OpenMP per MPI process

< Linear system Ax = b >
             number of equations:           3523317
             number of non-zeros in A:      19194193
             number of non-zeros in A (%): 0.000155

             number of right-hand sides:    1

< Factors L and U >
             number of columns for each panel: 128
             number of independent subgraphs:  0
             number of supernodes:                    2176848
             size of largest supernode:               543
             number of non-zeros in L:                33158765
             number of non-zeros in U:                23483760
             number of non-zeros in L+U:              56642525

Percentage of computed non-zeros for LL^T factorization
 1 %  2 %  3 %  4 %  5 %  6 %  7 %  8 %  9 %  10 %  11 %  12 %  13 %  14 %  15 %  16 %  17 %  18 %  19 %  20 %  21 %  22 %  23 %  24 %  25 %  26 %  27 %  28 %  29 %  30 %  31 %  32 %  33 %  34 %  35 %  36 %  37 %  38 %  39 %  40 %  41 %  42 %  43 %  44 %  45 %  46 %  47 %  48 %  49 %  50 %  51 %  52 %  53 %  54 %  55 %  56 %  57 %  58 %  59 %  60 %  61 %  62 %  63 %  64 %  65 %  66 %  67 %  68 %  69 %  70 %  72 %  75 %  76 %  80 %  81 %  86 %  95 %  99 %  100 % 

=== CPARDISO: solving a real nonsymmetric system ===
Single-level factorization algorithm is turned ON


Summary: ( factorization phase )
================

Times:
======
Time spent in copying matrix to internal data structure (A to LU): 0.000008 s
Time spent in factorization step (numfct)                        : 4.551431 s
Time spent in allocation of internal data structures (malloc)    : 0.000185 s
Time spent in additional calculations                            : 0.000009 s
Total time spent                                                 : 4.551633 s

Statistics:
===========
Parallel Direct Factorization is running on 32 MPI and 1 OpenMP per MPI process

< Linear system Ax = b >
             number of equations:           3523317
             number of non-zeros in A:      19194193
             number of non-zeros in A (%): 0.000155

             number of right-hand sides:    1

< Factors L and U >
             number of columns for each panel: 128
             number of independent subgraphs:  0
             number of supernodes:                    2176848
             size of largest supernode:               543
             number of non-zeros in L:                33158765
             number of non-zeros in U:                23483760
             number of non-zeros in L+U:              56642525
             gflop   for the numerical factorization: 8.610197

             gflop/s for the numerical factorization: 1.891756

PARDISO memory: symbolic=1801038 KB, numeric=1457844 KB, total=3258882 KB (3182.50 MB)

=== CPARDISO: solving a real nonsymmetric system ===


Summary: ( solution phase )
================

Times:
======
Time spent in direct solver at solve step (solve)                : 0.505572 s
Time spent in additional calculations                            : 1.308236 s
Total time spent                                                 : 1.813808 s

Statistics:
===========
Parallel Direct Factorization is running on 32 MPI and 1 OpenMP per MPI process

< Linear system Ax = b >
             number of equations:           3523317
             number of non-zeros in A:      19194193
             number of non-zeros in A (%): 0.000155

             number of right-hand sides:    1

< Factors L and U >
             number of columns for each panel: 128
             number of independent subgraphs:  0
             number of supernodes:                    2176848
             size of largest supernode:               543
             number of non-zeros in L:                33158765
             number of non-zeros in U:                23483760
             number of non-zeros in L+U:              56642525
             gflop   for the numerical factorization: 8.610197

             gflop/s for the numerical factorization: 1.891756

Number of iterative refinement steps performed         4
Tolerance level in the iterative refinement process    0.000000e+00
Backward error after the iterative refinement process  0.000000e+00
||Ax - b||_2 = 2.062812e-13
