
=== CPARDISO: solving a real nonsymmetric system ===
Distributed Matrix Input Format is used for CPARDISO (iparm(40) = 2)
0-based array is turned ON
CPARDISO double precision computation is turned ON
METIS algorithm at reorder step is turned ON
Scaling is turned ON
Matching is turned ON


Summary: ( reordering phase )
================

Times:
======
Time spent in calculations of symmetric matrix portrait (fulladj): 0.536974 s
Time spent in reordering of the initial matrix (reorder)         : 20.125212 s
Time spent in symbolic factorization (symbfct)                   : 4.187188 s
Time spent in data preparations for factorization (parlist)      : 0.161302 s
Time spent in allocation of internal data structures (malloc)    : 0.840909 s
Time spent in matching/scaling                                   : 1.410010 s
Time spent in additional calculations                            : 1.023631 s
Total time spent                                                 : 28.285226 s

Statistics:
===========
Parallel Direct Factorization is running on 32 MPI and 1 OpenMP per MPI process

< Linear system Ax = b >
             number of equations:           21413602
             number of non-zeros in A:      64401604
             number of non-zeros in A (%): 0.000014

             number of right-hand sides:    1

< Factors L and U >
             number of columns for each panel: 128
             number of independent subgraphs:  0
< Preprocessing with state of the art partitioning metis>
             number of supernodes:                    21413430
             size of largest supernode:               8
             number of non-zeros in L:                64242467
             number of non-zeros in U:                42828173
             number of non-zeros in L+U:              107070640

Percentage of computed non-zeros for LL^T factorization
 1 %  2 %  3 %  4 %  5 %  6 %  7 %  8 %  9 %  10 %  11 %  12 %  13 %  14 %  15 %  16 %  17 %  18 %  19 %  20 %  21 %  22 %  23 %  24 %  25 %  26 %  27 %  28 %  29 %  30 %  31 %  32 %  33 %  34 %  35 %  36 %  37 %  38 %  39 %  40 %  41 %  42 %  43 %  44 %  45 %  46 %  47 %  48 %  49 %  50 %  51 %  52 %  53 %  54 %  55 %  56 %  57 %  58 %  59 %  60 %  61 %  62 %  63 %  64 %  65 %  66 %  67 %  68 %  69 %  70 %  71 %  72 %  73 %  74 %  75 %  76 %  77 %  78 %  79 %  80 %  81 %  82 %  83 %  84 %  85 %  86 %  87 %  88 %  89 %  90 %  91 %  92 %  93 %  94 %  95 %  96 %  97 %  98 %  99 %  100 % 

=== CPARDISO: solving a real nonsymmetric system ===
Single-level factorization algorithm is turned ON


Summary: ( factorization phase )
================

Times:
======
Time spent in copying matrix to internal data structure (A to LU): 0.000012 s
Time spent in factorization step (numfct)                        : 11.914693 s
Time spent in allocation of internal data structures (malloc)    : 0.000186 s
Time spent in additional calculations                            : 0.000008 s
Total time spent                                                 : 11.914899 s

Statistics:
===========
Parallel Direct Factorization is running on 32 MPI and 1 OpenMP per MPI process

< Linear system Ax = b >
             number of equations:           21413602
             number of non-zeros in A:      64401604
             number of non-zeros in A (%): 0.000014

             number of right-hand sides:    1

< Factors L and U >
             number of columns for each panel: 128
             number of independent subgraphs:  0
< Preprocessing with state of the art partitioning metis>
             number of supernodes:                    21413430
             size of largest supernode:               8
             number of non-zeros in L:                64242467
             number of non-zeros in U:                42828173
             number of non-zeros in L+U:              107070640
             gflop   for the numerical factorization: 0.256987

             gflop/s for the numerical factorization: 0.021569

PARDISO memory: symbolic=8707025 KB, numeric=7616843 KB, total=16323868 KB (15941.28 MB)

=== CPARDISO: solving a real nonsymmetric system ===


Summary: ( solution phase )
================

Times:
======
Time spent in direct solver at solve step (solve)                : 2.228109 s
Time spent in additional calculations                            : 6.018481 s
Total time spent                                                 : 8.246590 s

Statistics:
===========
Parallel Direct Factorization is running on 32 MPI and 1 OpenMP per MPI process

< Linear system Ax = b >
             number of equations:           21413602
             number of non-zeros in A:      64401604
             number of non-zeros in A (%): 0.000014

             number of right-hand sides:    1

< Factors L and U >
             number of columns for each panel: 128
             number of independent subgraphs:  0
< Preprocessing with state of the art partitioning metis>
             number of supernodes:                    21413430
             size of largest supernode:               8
             number of non-zeros in L:                64242467
             number of non-zeros in U:                42828173
             number of non-zeros in L+U:              107070640
             gflop   for the numerical factorization: 0.256987

             gflop/s for the numerical factorization: 0.021569

Number of iterative refinement steps performed         4
Tolerance level in the iterative refinement process    0.000000e+00
Backward error after the iterative refinement process  0.000000e+00
||Ax - b||_2 = 7.165592e-14
