
Entering DMUMPS 5.8.1 from C interface with JOB, N =   1     6815744
      executing #MPI =     32, without OMP

Advanced settings:
   KEEP(370) Static mapping              =         1
   KEEP(371) Advanced optimizations      =         0

 =================================================
  MUMPS compiled with option -DAVOID_MPI_IN_PLACE
 MUMPS compiled with option -Dmetis
 MUMPS compiled with option -Dparmetis
 MUMPS compiled with option -Dpord
 MUMPS compiled with option -Dptscotch
 MUMPS compiled with option -Dscotch
 =================================================
L U Solver for unsymmetric matrices
Type of parallelism: Working host

 ****** ANALYSIS STEP ********

 ** Maximum transversal (ICNTL(6)) not allowed because matrix is distributed
 Processing a graph of size:   6815744 with      27248640 edges
 Ordering based on QAMD 
 A root of estimated size  3864  has been selected for Scalapack.

Leaving analysis phase with  ...
 INFOG(1)                                       =               0
 INFOG(2)                                       =               0
 -- (20) Number of entries in factors (estim.)  =       940176506
 --  (3) Real space for factors    (estimated)  =       941359411
 --  (4) Integer space for factors (estimated)  =        47165641
 --  (5) Maximum frontal size      (estimated)  =            4106
 --  (6) Number of nodes in the tree            =          468887
 -- (32) Type of analysis effectively used      =               1
 --  (7) Ordering option effectively used       =               6
 ICNTL (6) Maximum transversal option           =               0
 ICNTL (7) Pivot order option                   =               6
 ICNTL(12) Ordering symmetric indef. matrices   =               1
 ICNTL(13) Parallelism/splitting of root node   =               0
 ICNTL(14) Percentage of memory relaxation      =             500
 ICNTL(15) Analysis by block effectively used   =               0
 ICNTL(18) Distributed input matrix (on if >0)  =               3
 ICNTL(32) Forward elimination during facto.    =               0
 ICNTL(35) BLR activation                       =               0
 ICNTL(48) Tree based multithreading (effective)=               0
 ICNTL(58) Symbolic factorization option        =               2
 Number of level 2 nodes                        =              73
 Number of split nodes                          =              24
 RINFOG(1) Operations during elimination (estim)= 8.043E+11
 Distributed matrix entry format (ICNTL(18))    =               3

 MEMORY ESTIMATIONS ... 
 Estimations with standard Full-Rank (FR) factorization:
    Maximum estim. space in Mbytes, IC facto.    (INFOG(16)):            4536
    Total space in MBytes, IC factorization      (INFOG(17)):           61888
    Maximum estim. space in Mbytes, OOC facto.   (INFOG(26)):            1308
    Total space in MBytes,  OOC factorization    (INFOG(27)):           25223

 Elapsed time in analysis driver=       9.0003

Entering DMUMPS 5.8.1 from C interface with JOB, N =   2     6815744
      executing #MPI =     32, without OMP

Advanced settings:
   KEEP(370) Static mapping              =         1
   KEEP(371) Advanced optimizations      =         0



****** FACTORIZATION STEP ********

 GLOBAL STATISTICS PRIOR NUMERICAL FACTORIZATION ...
 Number of working processes                =              32
 ICNTL(22) Out-of-core option               =               0
 ICNTL(35) BLR activation (eff. choice)     =               0
 ICNTL(37) BLR CB compression (eff. choice) =               0
 ICNTL(49) Compact workarray S (end facto.) =               0
 ICNTL(56) Effective value during facto.    =               0
 ICNTL(14) Memory relaxation                =             500
 INFOG(3) Real space for factors (estimated)=       941359411
 INFOG(4) Integer space for factors (estim.)=        47165641
 Maximum frontal size (estimated)           =            4106
 Number of nodes in the tree                =          468887
 ICNTL(23) Memory allowed (value on host)   =               0
           Sum over all procs               =               0
 Memory provided by user, sum of LWK_USER   =               0
 Effective threshold for pivoting, CNTL(1)  =      0.1000E-01

 Statistics on the scaling phase
 Elapsed time for scaling                   =      1.2531
 Max difference from 1 after scaling the entries for ONE-NORM (option 7/8)   = 0.11E+00

 Average Effective size of S     (based on INFO(39))=            206428835

 Redistrib: total data local/sent           =          844028        26404829
 Elapsed time to reformat/distribute matrix =      0.2162


 Allocated buffers
 ------------------
 Size of reception buffer in bytes ...... =      6564796
 Size of async. emission buffer (bytes).. =     19760034
 Small emission buffer (bytes) .......... =        24036
 ** Memory allocated, max in Mbytes             (INFOG(18)):        4536

 ** Memory allocated, total in Mbytes           (INFOG(19)):       61888
 ** Memory effectively used, max in  Mbytes     (INFOG(21)):        2199
 ** Memory effectively used, total in Mbytes    (INFOG(22)):       31311

 Elapsed time to process root node                  =      0.5909

 Elapsed time for factorization                     =     20.2933

Leaving factorization with ...
 RINFOG (2) Operations in node assembly             = 3.545E+09
 ------ (3) Operations in node elimination          = 4.070E+12
 ICNTL  (8) Scaling effectively used                =               7
 INFOG  (9) Real space for factors                  =      2419054460
 INFOG (10) Integer space for factors               =        58361303
 INFOG (11) Maximum front size                      =            7728
 INFOG (29) Number of entries in factors            =      2419054460
 INFOG (12) Number of off diagonal pivots           =         4341960
 INFOG (13) Number of delayed pivots                =         5463220
 RINFOG(19) Smallest pivot WITH perturbed pivots    = 5.561E-03
 RINFOG(20) Smallest pivot WITHOUT perturbed pivots = 5.561E-03
 RINFOG(21) Largest pivot in absolute value         = 2.700E+00
 INFOG (24) Effective value of ICNTL(12)            =               1
 INFOG (14) Number of memory compress               =               0

 Elapsed time in factorization driver               =     22.2098

Entering DMUMPS 5.8.1 from C interface with JOB, N =   3     6815744
      executing #MPI =     32, without OMP

Advanced settings:
   KEEP(370) Static mapping              =         1
   KEEP(371) Advanced optimizations      =         0



 ****** SOLVE & CHECK STEP ********

 GLOBAL STATISTICS PRIOR SOLVE PHASE ...........
 Number of right-hand-sides                    =           1
 Blocking factor for multiple rhs              =           1
 ICNTL (9)                                     =           1
  --- (10)                                     =           2
  --- (11)                                     =           0
  --- (20)                                     =           0
  --- (21)                                     =           1
  --- (30)                                     =           0
  --- (35)                                     =           0
  --- (48) (effective)                         =           0
 WARNING:  Incompatible features: nrhs>1 or distrib sol and Iter. Ref and/or Err. Anal.
 WARNING: ICNTL(10) treated as if set to 0 
 ** Rank of processor needing largest memory in solve     :         0
 ** Space in MBYTES used by this processor for solve      :      4689
 ** Avg. Space in MBYTES per working proc during solve    :      2030
 
 Leaving solve with ...
 Time to build/scatter RHS        =       0.045856
 Time in solution step (fwd/bwd)  =       0.270663
  .. Time in forward (fwd) step   =          0.127375
  .. Time in ScaLAPACK root       =          0.015475
  .. Time in backward (bwd) step  =          0.127290
 Time to gather solution(cent.sol)=       0.000000
 Time for distributed solution    =       0.004128

 Elapsed time in solve driver=       0.3452

Entering DMUMPS 5.8.1 from C interface with JOB =  -2
      executing #MPI =     32, without OMP
||Ax - b||_2 = 1.611944e-11
