
Entering DMUMPS 5.8.1 from C interface with JOB, N =   1      100196
      executing #MPI =      8, without OMP

Advanced settings:
   KEEP(370) Static mapping              =         1
   KEEP(371) Advanced optimizations      =         0

 =================================================
 MUMPS compiled with option -DGEMMT_AVAILABLE
 MUMPS compiled with option -Dmetis
 MUMPS compiled with option -Dparmetis
 MUMPS compiled with option -Dpord
 MUMPS compiled with option -Dptscotch
 MUMPS compiled with option -Dscotch
 =================================================
L U Solver for unsymmetric matrices
Type of parallelism: Working host

 ****** ANALYSIS STEP ********

 ** Maximum transversal (ICNTL(6)) not allowed because matrix is distributed
 Processing a graph of size:    100196 with        444492 edges

Entering ordering phase with graph dimensions ...
              |V|        |E|      INFO(1)
              100196       444492         0
  Graph adjacency 
  .... node/column:         1
               69      116      184
  .... node/column:         2
               37       60       74
  .... node/column:         3
              110      154      181
  .... node/column:         4
              114      184      186
  .... node/column:         5
               71       79       85
  .... node/column:         6
               92       93
  .... node/column:         7
               93       95      193
  .... node/column:         8
               66      103      107
  .... node/column:         9
               59      112      114    95360
  .... node/column:        10
              115      116      185    95361
 Ordering based on AMF 
NFSIZ(.)  =        0        0        0        0        0        0        0        0        0        0

FILS (.)  =        0       34      153        1      -37        3       17      100       84     -184

FRERE(.)  =   100197   100197   100197   100197   100197   100197   100197   100197   100197   100197

 WARNING: Largest root node of size       419 not selected for parallel execution

Leaving analysis phase with  ...
 INFOG(1)                                       =               0
 INFOG(2)                                       =               0
 -- (20) Number of entries in factors (estim.)  =         6944276
 --  (3) Real space for factors    (estimated)  =         6944276
 --  (4) Integer space for factors (estimated)  =          613342
 --  (5) Maximum frontal size      (estimated)  =             419
 --  (6) Number of nodes in the tree            =            6897
 -- (32) Type of analysis effectively used      =               1
 --  (7) Ordering option effectively used       =               2
 ICNTL (6) Maximum transversal option           =               0
 ICNTL (7) Pivot order option                   =               2
 ICNTL(12) Ordering symmetric indef. matrices   =               1
 ICNTL(13) Parallelism/splitting of root node   =               0
 ICNTL(14) Percentage of memory relaxation      =              25
 ICNTL(15) Analysis by block effectively used   =               0
 ICNTL(18) Distributed input matrix (on if >0)  =               3
 ICNTL(32) Forward elimination during facto.    =               0
 ICNTL(35) BLR activation                       =               0
 ICNTL(48) Tree based multithreading (effective)=               0
 ICNTL(58) Symbolic factorization option        =               2
 Number of level 2 nodes                        =               0
 Number of split nodes                          =               0
 RINFOG(1) Operations during elimination (estim)= 5.564D+08
 Distributed matrix entry format (ICNTL(18))    =               3

 MEMORY ESTIMATIONS ... 
 Estimations with standard Full-Rank (FR) factorization:
    Maximum estim. space in Mbytes, IC facto.    (INFOG(16)):              61
    Total space in MBytes, IC factorization      (INFOG(17)):             441
    Maximum estim. space in Mbytes, OOC facto.   (INFOG(26)):              50
    Total space in MBytes,  OOC factorization    (INFOG(27)):             391

 Elapsed time in analysis driver=       0.4232

Entering DMUMPS 5.8.1 from C interface with JOB, N =   2      100196
      executing #MPI =      8, without OMP

Advanced settings:
   KEEP(370) Static mapping              =         1
   KEEP(371) Advanced optimizations      =         0



****** FACTORIZATION STEP ********

 GLOBAL STATISTICS PRIOR NUMERICAL FACTORIZATION ...
 Number of working processes                =               8
 ICNTL(22) Out-of-core option               =               0
 ICNTL(35) BLR activation (eff. choice)     =               0
 ICNTL(37) BLR CB compression (eff. choice) =               0
 ICNTL(49) Compact workarray S (end facto.) =               0
 ICNTL(56) Effective value during facto.    =               0
 ICNTL(14) Memory relaxation                =              25
 INFOG(3) Real space for factors (estimated)=         6944276
 INFOG(4) Integer space for factors (estim.)=          613342
 Maximum frontal size (estimated)           =             419
 Number of nodes in the tree                =            6897
 ICNTL(23) Memory allowed (value on host)   =               0
           Sum over all procs               =               0
 Memory provided by user, sum of LWK_USER   =               0
 Effective threshold for pivoting, CNTL(1)  =      0.1000D-01

 Statistics on the scaling phase
 Elapsed time for scaling                   =      0.1797
 Max difference from 1 after scaling the entries for ONE-NORM (option 7/8)   = 0.29D+00

 Average Effective size of S     (based on INFO(39))=              1238932

 Redistrib: total data local/sent           =           34184          510504
 Elapsed time to reformat/distribute matrix =      0.0460

 ** Memory allocated, max in Mbytes             (INFOG(18)):          61

 ** Memory allocated, total in Mbytes           (INFOG(19)):         442
 ** Memory effectively used, max in  Mbytes     (INFOG(21)):          53
 ** Memory effectively used, total in Mbytes    (INFOG(22)):         409

 Elapsed time for (failed) factorization            =      0.1221

Leaving factorization with ...
 RINFOG (2) Operations in node assembly             = 4.475D+06
 ------ (3) Operations in node elimination          = 3.807D+08
 ICNTL  (8) Scaling effectively used                =               7
 INFOG  (9) Real space for factors                  =         4571657
 INFOG (10) Integer space for factors               =          430144
 INFOG (11) Maximum front size                      =             698
 INFOG (29) Number of entries in factors            =         4571657
 INFOG (12) Number of off diagonal pivots           =            7282
 INFOG (13) Number of delayed pivots                =           12110
 RINFOG(19) Smallest pivot WITH perturbed pivots    = 6.842D-49
 RINFOG(20) Smallest pivot WITHOUT perturbed pivots = 6.842D-49
 RINFOG(21) Largest pivot in absolute value         = 1.279D+02
 INFOG (24) Effective value of ICNTL(12)            =               1
 INFOG (14) Number of memory compress               =               3
 Extra copies due to In-Place stacking              =           47108

 Elapsed time in factorization driver               =      0.5101
 ** ERROR RETURN ** FROM DMUMPS INFO(1)=   -1
 ** INFO(2)=               4
 ** ERROR RETURN ** FROM DMUMPS INFO(1)=   -1
 ** INFO(2)=               4
 ** ERROR RETURN ** FROM DMUMPS INFO(1)=   -1
 ** INFO(2)=               4
 ** ERROR RETURN ** FROM DMUMPS INFO(1)=   -1
 ** INFO(2)=               4
 ** ERROR RETURN ** FROM DMUMPS INFO(1)=   -1
 ** INFO(2)=               4
 ** ERROR RETURN ** FROM DMUMPS INFO(1)=   -1
 ** INFO(2)=               4
 ** ERROR RETURN ** FROM DMUMPS INFO(1)=   -1
 ** INFO(2)=               4
 On return from DMUMPS, INFOG(1)=              -9
 On return from DMUMPS, INFOG(2)=           47710
 ** ERROR RETURN ** FROM DMUMPS INFO(1)=   -9
 ** INFO(2)=           47710

Entering DMUMPS 5.8.1 from C interface with JOB =  -2
      executing #MPI =      8, without OMP
||Ax - b||_2 = inf
