
Entering DMUMPS 5.8.1 from C interface with JOB, N =   1      100196
      executing #MPI =      8, without OMP

Advanced settings:
   KEEP(370) Static mapping              =         1
   KEEP(371) Advanced optimizations      =         0

 =================================================
 MUMPS compiled with option -DGEMMT_AVAILABLE
 MUMPS compiled with option -Dmetis
 MUMPS compiled with option -Dparmetis
 MUMPS compiled with option -Dpord
 MUMPS compiled with option -Dptscotch
 MUMPS compiled with option -Dscotch
 =================================================
L U Solver for unsymmetric matrices
Type of parallelism: Working host

 ****** ANALYSIS STEP ********

 ** Maximum transversal (ICNTL(6)) not allowed because matrix is distributed
 Parallel analysis, processing a graph of size:    100196
 Using ParMETIS for parallel ordering
 ELAPSED time in parallel ordering       =      0.8378
 WARNING: Largest root node of size       374 not selected for parallel execution

Leaving analysis phase with  ...
 INFOG(1)                                       =               0
 INFOG(2)                                       =               0
 -- (20) Number of entries in factors (estim.)  =         7161404
 --  (3) Real space for factors    (estimated)  =         7161404
 --  (4) Integer space for factors (estimated)  =          632698
 --  (5) Maximum frontal size      (estimated)  =             451
 --  (6) Number of nodes in the tree            =            6926
 -- (32) Type of analysis effectively used      =               2
 --  (7) Ordering option effectively used       =               2
 ICNTL (6) Maximum transversal option           =               0
 ICNTL (7) Pivot order option                   =               0
 ICNTL(12) Ordering symmetric indef. matrices   =               1
 ICNTL(13) Parallelism/splitting of root node   =               0
 ICNTL(14) Percentage of memory relaxation      =              25
 ICNTL(15) Analysis by block effectively used   =               0
 ICNTL(18) Distributed input matrix (on if >0)  =               3
 ICNTL(32) Forward elimination during facto.    =               0
 ICNTL(35) BLR activation                       =               0
 ICNTL(48) Tree based multithreading (effective)=               0
 ICNTL(58) Symbolic factorization option        =               2
 Number of level 2 nodes                        =               0
 Number of split nodes                          =               0
 RINFOG(1) Operations during elimination (estim)= 5.580D+08
 Distributed matrix entry format (ICNTL(18))    =               3

 MEMORY ESTIMATIONS ... 
 Estimations with standard Full-Rank (FR) factorization:
    Maximum estim. space in Mbytes, IC facto.    (INFOG(16)):              57
    Total space in MBytes, IC factorization      (INFOG(17)):             446
    Maximum estim. space in Mbytes, OOC facto.   (INFOG(26)):              50
    Total space in MBytes,  OOC factorization    (INFOG(27)):             391

 Elapsed time in analysis driver=       1.1125

Entering DMUMPS 5.8.1 from C interface with JOB, N =   2      100196
      executing #MPI =      8, without OMP

Advanced settings:
   KEEP(370) Static mapping              =         1
   KEEP(371) Advanced optimizations      =         0



****** FACTORIZATION STEP ********

 GLOBAL STATISTICS PRIOR NUMERICAL FACTORIZATION ...
 Number of working processes                =               8
 ICNTL(22) Out-of-core option               =               0
 ICNTL(35) BLR activation (eff. choice)     =               0
 ICNTL(37) BLR CB compression (eff. choice) =               0
 ICNTL(49) Compact workarray S (end facto.) =               0
 ICNTL(56) Effective value during facto.    =               0
 ICNTL(14) Memory relaxation                =              25
 INFOG(3) Real space for factors (estimated)=         7161404
 INFOG(4) Integer space for factors (estim.)=          632698
 Maximum frontal size (estimated)           =             451
 Number of nodes in the tree                =            6926
 ICNTL(23) Memory allowed (value on host)   =               0
           Sum over all procs               =               0
 Memory provided by user, sum of LWK_USER   =               0
 Effective threshold for pivoting, CNTL(1)  =      0.1000D-01

 Statistics on the scaling phase
 Elapsed time for scaling                   =      0.0840
 Max difference from 1 after scaling the entries for ONE-NORM (option 7/8)   = 0.29D+00

 Average Effective size of S     (based on INFO(39))=              1303108

 Redistrib: total data local/sent           =           53540          491148
 Elapsed time to reformat/distribute matrix =      0.0286

 ** Memory allocated, max in Mbytes             (INFOG(18)):          57

 ** Memory allocated, total in Mbytes           (INFOG(19)):         447
 ** Memory effectively used, max in  Mbytes     (INFOG(21)):          55
 ** Memory effectively used, total in Mbytes    (INFOG(22)):         423

 Elapsed time for (failed) factorization            =      0.0707

Leaving factorization with ...
 RINFOG (2) Operations in node assembly             = 6.017D+06
 ------ (3) Operations in node elimination          = 5.045D+08
 ICNTL  (8) Scaling effectively used                =               7
 INFOG  (9) Real space for factors                  =         6556389
 INFOG (10) Integer space for factors               =          584636
 INFOG (11) Maximum front size                      =             612
 INFOG (29) Number of entries in factors            =         6366293
 INFOG (12) Number of off diagonal pivots           =           10104
 INFOG (13) Number of delayed pivots                =           10635
 RINFOG(19) Smallest pivot WITH perturbed pivots    = 1.934D-46
 RINFOG(20) Smallest pivot WITHOUT perturbed pivots = 1.934D-46
 RINFOG(21) Largest pivot in absolute value         = 3.293D+02
 INFOG (24) Effective value of ICNTL(12)            =               1
 INFOG (14) Number of memory compress               =               1

 Elapsed time in factorization driver               =      0.1886
 ** ERROR RETURN ** FROM DMUMPS INFO(1)=   -1
 ** INFO(2)=               3
 ** ERROR RETURN ** FROM DMUMPS INFO(1)=   -1
 ** INFO(2)=               3
 ** ERROR RETURN ** FROM DMUMPS INFO(1)=   -1
 ** INFO(2)=               3
 ** ERROR RETURN ** FROM DMUMPS INFO(1)=   -9
 ** INFO(2)=           16834
 ** ERROR RETURN ** FROM DMUMPS INFO(1)=   -1
 ** INFO(2)=               3
 ** ERROR RETURN ** FROM DMUMPS INFO(1)=   -1
 ** INFO(2)=               3
 ** ERROR RETURN ** FROM DMUMPS INFO(1)=   -1
 ** INFO(2)=               3
 ** ERROR RETURN ** FROM DMUMPS INFO(1)=   -1
 ** INFO(2)=               3
 On return from DMUMPS, INFOG(1)=              -9
 On return from DMUMPS, INFOG(2)=           16834

Entering DMUMPS 5.8.1 from C interface with JOB =  -2
      executing #MPI =      8, without OMP
||Ax - b||_2 = inf
