
Entering DMUMPS 5.8.1 from C interface with JOB, N =   1      100196
      executing #MPI =      8, without OMP

Advanced settings:
   KEEP(370) Static mapping              =         1
   KEEP(371) Advanced optimizations      =         0

 =================================================
 MUMPS compiled with option -DGEMMT_AVAILABLE
 MUMPS compiled with option -Dmetis
 MUMPS compiled with option -Dparmetis
 MUMPS compiled with option -Dpord
 MUMPS compiled with option -Dptscotch
 MUMPS compiled with option -Dscotch
 =================================================
L U Solver for unsymmetric matrices
Type of parallelism: Working host

 ****** ANALYSIS STEP ********

 ** Maximum transversal (ICNTL(6)) not allowed because matrix is distributed
 Parallel analysis, processing a graph of size:    100196
 Using PT-SCOTCH for parallel ordering
 ELAPSED time in parallel ordering       =      0.4415
 WARNING: Largest root node of size       693 not selected for parallel execution

Leaving analysis phase with  ...
 INFOG(1)                                       =               0
 INFOG(2)                                       =               0
 -- (20) Number of entries in factors (estim.)  =         9185862
 --  (3) Real space for factors    (estimated)  =         9185862
 --  (4) Integer space for factors (estimated)  =          634914
 --  (5) Maximum frontal size      (estimated)  =             758
 --  (6) Number of nodes in the tree            =            6813
 -- (32) Type of analysis effectively used      =               2
 --  (7) Ordering option effectively used       =               1
 ICNTL (6) Maximum transversal option           =               0
 ICNTL (7) Pivot order option                   =               0
 ICNTL(12) Ordering symmetric indef. matrices   =               1
 ICNTL(13) Parallelism/splitting of root node   =               0
 ICNTL(14) Percentage of memory relaxation      =              25
 ICNTL(15) Analysis by block effectively used   =               0
 ICNTL(18) Distributed input matrix (on if >0)  =               3
 ICNTL(32) Forward elimination during facto.    =               0
 ICNTL(35) BLR activation                       =               0
 ICNTL(48) Tree based multithreading (effective)=               0
 ICNTL(58) Symbolic factorization option        =               2
 Number of level 2 nodes                        =               0
 Number of split nodes                          =               0
 RINFOG(1) Operations during elimination (estim)= 1.536D+09
 Distributed matrix entry format (ICNTL(18))    =               3

 MEMORY ESTIMATIONS ... 
 Estimations with standard Full-Rank (FR) factorization:
    Maximum estim. space in Mbytes, IC facto.    (INFOG(16)):              65
    Total space in MBytes, IC factorization      (INFOG(17)):             490
    Maximum estim. space in Mbytes, OOC facto.   (INFOG(26)):              58
    Total space in MBytes,  OOC factorization    (INFOG(27)):             435

 Elapsed time in analysis driver=       0.9550

Entering DMUMPS 5.8.1 from C interface with JOB, N =   2      100196
      executing #MPI =      8, without OMP

Advanced settings:
   KEEP(370) Static mapping              =         1
   KEEP(371) Advanced optimizations      =         0



****** FACTORIZATION STEP ********

 GLOBAL STATISTICS PRIOR NUMERICAL FACTORIZATION ...
 Number of working processes                =               8
 ICNTL(22) Out-of-core option               =               0
 ICNTL(35) BLR activation (eff. choice)     =               0
 ICNTL(37) BLR CB compression (eff. choice) =               0
 ICNTL(49) Compact workarray S (end facto.) =               0
 ICNTL(56) Effective value during facto.    =               0
 ICNTL(14) Memory relaxation                =              25
 INFOG(3) Real space for factors (estimated)=         9185862
 INFOG(4) Integer space for factors (estim.)=          634914
 Maximum frontal size (estimated)           =             758
 Number of nodes in the tree                =            6813
 ICNTL(23) Memory allowed (value on host)   =               0
           Sum over all procs               =               0
 Memory provided by user, sum of LWK_USER   =               0
 Effective threshold for pivoting, CNTL(1)  =      0.1000D-01

 Statistics on the scaling phase
 Elapsed time for scaling                   =      0.0908
 Max difference from 1 after scaling the entries for ONE-NORM (option 7/8)   = 0.29D+00

 Average Effective size of S     (based on INFO(39))=              1994649

 Redistrib: total data local/sent           =           34953          509735
 Elapsed time to reformat/distribute matrix =      0.0366

 ** Memory allocated, max in Mbytes             (INFOG(18)):          67

 ** Memory allocated, total in Mbytes           (INFOG(19)):         499
 ** Memory effectively used, max in  Mbytes     (INFOG(21)):          67
 ** Memory effectively used, total in Mbytes    (INFOG(22)):         462

 Elapsed time for (failed) factorization            =      0.1418

Leaving factorization with ...
 RINFOG (2) Operations in node assembly             = 8.369D+06
 ------ (3) Operations in node elimination          = 1.442D+09
 ICNTL  (8) Scaling effectively used                =               7
 INFOG  (9) Real space for factors                  =         8751575
 INFOG (10) Integer space for factors               =          622734
 INFOG (11) Maximum front size                      =            1209
 INFOG (29) Number of entries in factors            =         8285086
 INFOG (12) Number of off diagonal pivots           =            7435
 INFOG (13) Number of delayed pivots                =           16853
 RINFOG(19) Smallest pivot WITH perturbed pivots    = 4.815D-35
 RINFOG(20) Smallest pivot WITHOUT perturbed pivots = 4.815D-35
 RINFOG(21) Largest pivot in absolute value         = 5.228D+02
 INFOG (24) Effective value of ICNTL(12)            =               1
 INFOG (14) Number of memory compress               =               7
 Extra copies due to In-Place stacking              =        12514720

 Elapsed time in factorization driver               =      0.2810
 ** ERROR RETURN ** FROM DMUMPS INFO(1)=   -1
 ** ERROR RETURN ** FROM DMUMPS INFO(1)=   -1
 ** INFO(2)=               2
 ** ERROR RETURN ** FROM DMUMPS INFO(1)=   -9
 ** INFO(2)=          721382
 ** ERROR RETURN ** FROM DMUMPS INFO(1)=   -1
 ** INFO(2)=               2
 ** ERROR RETURN ** FROM DMUMPS INFO(1)=   -1
 ** INFO(2)=               2
 ** ERROR RETURN ** FROM DMUMPS INFO(1)=   -1
 ** INFO(2)=               2
 ** ERROR RETURN ** FROM DMUMPS INFO(1)=   -1
 ** INFO(2)=               2
 ** INFO(2)=               2
 ** ERROR RETURN ** FROM DMUMPS INFO(1)=   -1
 ** INFO(2)=               2
 On return from DMUMPS, INFOG(1)=              -9
 On return from DMUMPS, INFOG(2)=          721382

Entering DMUMPS 5.8.1 from C interface with JOB =  -2
      executing #MPI =      8, without OMP
||Ax - b||_2 = inf
