
Entering DMUMPS 5.8.1 from C interface with JOB, N =   1      466316
      executing #MPI =      8, without OMP

Advanced settings:
   KEEP(370) Static mapping              =         1
   KEEP(371) Advanced optimizations      =         0

 =================================================
 MUMPS compiled with option -DGEMMT_AVAILABLE
 MUMPS compiled with option -Dmetis
 MUMPS compiled with option -Dparmetis
 MUMPS compiled with option -Dpord
 MUMPS compiled with option -Dptscotch
 MUMPS compiled with option -Dscotch
 =================================================
L U Solver for unsymmetric matrices
Type of parallelism: Working host

 ****** ANALYSIS STEP ********

 ** Maximum transversal (ICNTL(6)) not allowed because matrix is distributed
 Parallel analysis, processing a graph of size:    466316
 Using PT-SCOTCH for parallel ordering
 ELAPSED time in parallel ordering       =   1366.6861
[mpiexec@HP-Pavilion-Gaming-Laptop-15-ec0xxx] Sending Ctrl-C to processes as requested
[mpiexec@HP-Pavilion-Gaming-Laptop-15-ec0xxx] Press Ctrl-C again to force abort

===================================================================================
=   BAD TERMINATION OF ONE OF YOUR APPLICATION PROCESSES
=   PID 258236 RUNNING AT HP-Pavilion-Gaming-Laptop-15-ec0xxx
=   EXIT CODE: 2
=   CLEANING UP REMAINING PROCESSES
=   YOU CAN IGNORE THE BELOW CLEANUP MESSAGES
===================================================================================
YOUR APPLICATION TERMINATED WITH THE EXIT STRING: Interrupt (signal 2)
This typically refers to a problem with your application.
Please see the FAQ page for debugging suggestions
