
Entering DMUMPS 5.8.1 from C interface with JOB, N =   1      466316
      executing #MPI =      8, without OMP

Advanced settings:
   KEEP(370) Static mapping              =         1
   KEEP(371) Advanced optimizations      =         0

 =================================================
 MUMPS compiled with option -DGEMMT_AVAILABLE
 MUMPS compiled with option -Dmetis
 MUMPS compiled with option -Dparmetis
 MUMPS compiled with option -Dpord
 MUMPS compiled with option -Dptscotch
 MUMPS compiled with option -Dscotch
 =================================================
L U Solver for unsymmetric matrices
Type of parallelism: Working host

 ****** ANALYSIS STEP ********

 ** Maximum transversal (ICNTL(6)) not allowed because matrix is distributed
 Processing a graph of size:    466316 with       1220612 edges

Entering ordering phase with graph dimensions ...
              |V|        |E|      INFO(1)
              466316      1220612         0
  Graph adjacency 
  .... node/column:         1
           279786   279795   373056
  .... node/column:         2
           279786   279796   373057
  .... node/column:         3
           279786   279797   373058
  .... node/column:         4
           279786   279798   373059
  .... node/column:         5
           279786   279799   373060
  .... node/column:         6
           279786   279800   373061
  .... node/column:         7
           279786   279801   373062
  .... node/column:         8
           279786   279802   373063
  .... node/column:         9
           279786   279803   373064
  .... node/column:        10
           279786   279804   373065
 Ordering based on SCOTCH 
 ELAPSED TIME SPENT IN SCOTCH reordering =     20.0678
NFSIZ(.)  =        0        0        0        0        0        0        0        0        0        0

FILS (.)  =        0        0        0        0        0        0        0        0        0        0

FRERE(.)  =   466317   466317   466317   466317   466317   466317   466317   466317   466317   466317

 WARNING: Largest root node of size        22 not selected for parallel execution

Leaving analysis phase with  ...
 INFOG(1)                                       =               0
 INFOG(2)                                       =               0
 -- (20) Number of entries in factors (estim.)  =        85723518
 --  (3) Real space for factors    (estimated)  =        85841616
 --  (4) Integer space for factors (estimated)  =         1972236
 --  (5) Maximum frontal size      (estimated)  =            8761
 --  (6) Number of nodes in the tree            =           33328
 -- (32) Type of analysis effectively used      =               1
 --  (7) Ordering option effectively used       =               3
 ICNTL (6) Maximum transversal option           =               0
 ICNTL (7) Pivot order option                   =               3
 ICNTL(12) Ordering symmetric indef. matrices   =               1
 ICNTL(13) Parallelism/splitting of root node   =               0
 ICNTL(14) Percentage of memory relaxation      =              25
 ICNTL(15) Analysis by block effectively used   =               0
 ICNTL(18) Distributed input matrix (on if >0)  =               3
 ICNTL(32) Forward elimination during facto.    =               0
 ICNTL(35) BLR activation                       =               0
 ICNTL(48) Tree based multithreading (effective)=               0
 ICNTL(58) Symbolic factorization option        =               2
 Number of level 2 nodes                        =              12
 Number of split nodes                          =              11
 RINFOG(1) Operations during elimination (estim)= 4.484D+11
 Distributed matrix entry format (ICNTL(18))    =               3

 MEMORY ESTIMATIONS ... 
 Estimations with standard Full-Rank (FR) factorization:
    Maximum estim. space in Mbytes, IC facto.    (INFOG(16)):             351
    Total space in MBytes, IC factorization      (INFOG(17)):            2601
    Maximum estim. space in Mbytes, OOC facto.   (INFOG(26)):             361
    Total space in MBytes,  OOC factorization    (INFOG(27)):            2624

 Elapsed time in analysis driver=      21.0534

Entering DMUMPS 5.8.1 from C interface with JOB, N =   2      466316
      executing #MPI =      8, without OMP

Advanced settings:
   KEEP(370) Static mapping              =         1
   KEEP(371) Advanced optimizations      =         0



****** FACTORIZATION STEP ********

 GLOBAL STATISTICS PRIOR NUMERICAL FACTORIZATION ...
 Number of working processes                =               8
 ICNTL(22) Out-of-core option               =               0
 ICNTL(35) BLR activation (eff. choice)     =               0
 ICNTL(37) BLR CB compression (eff. choice) =               0
 ICNTL(49) Compact workarray S (end facto.) =               0
 ICNTL(56) Effective value during facto.    =               0
 ICNTL(14) Memory relaxation                =              25
 INFOG(3) Real space for factors (estimated)=        85841616
 INFOG(4) Integer space for factors (estim.)=         1972236
 Maximum frontal size (estimated)           =            8761
 Number of nodes in the tree                =           33328
 ICNTL(23) Memory allowed (value on host)   =               0
           Sum over all procs               =               0
 Memory provided by user, sum of LWK_USER   =               0
 Effective threshold for pivoting, CNTL(1)  =      0.1000D-01

 Statistics on the scaling phase
 Elapsed time for scaling                   =      0.2611
 Max difference from 1 after scaling the entries for ONE-NORM (option 7/8)   = 0.67D+02

 Average Effective size of S     (based on INFO(39))=             33979066

 Redistrib: total data local/sent           =          225592         1353744
 Elapsed time to reformat/distribute matrix =      0.0819

 ** Memory allocated, max in Mbytes             (INFOG(18)):         546

 ** Memory allocated, total in Mbytes           (INFOG(19)):        2943
 ** Memory effectively used, max in  Mbytes     (INFOG(21)):         506
 ** Memory effectively used, total in Mbytes    (INFOG(22)):        1879

 Elapsed time for (failed) factorization            =      3.7627

Leaving factorization with ...
 RINFOG (2) Operations in node assembly             = 4.703D+07
 ------ (3) Operations in node elimination          = 3.515D+10
 ICNTL  (8) Scaling effectively used                =               7
 INFOG  (9) Real space for factors                  =        25656578
 INFOG (10) Integer space for factors               =         1824288
 INFOG (11) Maximum front size                      =            8478
 INFOG (29) Number of entries in factors            =        25656578
 INFOG (12) Number of off diagonal pivots           =          180445
 INFOG (13) Number of delayed pivots                =           15113
 RINFOG(19) Smallest pivot WITH perturbed pivots    = 6.635D-06
 RINFOG(20) Smallest pivot WITHOUT perturbed pivots = 6.635D-06
 RINFOG(21) Largest pivot in absolute value         = 3.519D+03
 INFOG (24) Effective value of ICNTL(12)            =               1
 INFOG (14) Number of memory compress               =               2

 Elapsed time in factorization driver               =      4.1274
 ** ERROR RETURN ** FROM DMUMPS INFO(1)=   -1
 ** ERROR RETURN ** FROM DMUMPS INFO(1)=   -1
 ** INFO(2)=               5
 ** INFO(2)=               5
 ** ERROR RETURN ** FROM DMUMPS INFO(1)=   -1
 ** INFO(2)=               5
 ** ERROR RETURN ** FROM DMUMPS INFO(1)=   -1
 ** INFO(2)=               5
 ** ERROR RETURN ** FROM DMUMPS INFO(1)=   -1
 ** INFO(2)=               5
 ** ERROR RETURN ** FROM DMUMPS INFO(1)=   -9
 ** INFO(2)=           18760
 ** ERROR RETURN ** FROM DMUMPS INFO(1)=   -1
 ** INFO(2)=               5
 ** ERROR RETURN ** FROM DMUMPS INFO(1)=   -1
 ** INFO(2)=               5
 On return from DMUMPS, INFOG(1)=              -9
 On return from DMUMPS, INFOG(2)=           18760

Entering DMUMPS 5.8.1 from C interface with JOB =  -2
      executing #MPI =      8, without OMP
||Ax - b||_2 = -nan
