
=== CPARDISO: solving a real nonsymmetric system ===
Distributed Matrix Input Format is used for CPARDISO (iparm(40) = 2)
0-based array is turned ON
CPARDISO double precision computation is turned ON
Parallel METIS algorithm at reorder step is turned ON
Scaling is turned ON
Matching is turned ON


Summary: ( reordering phase )
================

Times:
======
Time spent in calculations of symmetric matrix portrait (fulladj): 0.498911 s
Time spent in reordering of the initial matrix (reorder)         : 6.559129 s
Time spent in symbolic factorization (symbfct)                   : 5.857657 s
Time spent in data preparations for factorization (parlist)      : 0.062602 s
Time spent in allocation of internal data structures (malloc)    : 0.150813 s
Time spent in matching/scaling                                   : 0.808627 s
Time spent in additional calculations                            : 1.866609 s
Total time spent                                                 : 15.804348 s

Statistics:
===========
Parallel Direct Factorization is running on 32 MPI and 1 OpenMP per MPI process

< Linear system Ax = b >
             number of equations:           1498023
             number of non-zeros in A:      60917445
             number of non-zeros in A (%): 0.002715

             number of right-hand sides:    1

< Factors L and U >
             number of columns for each panel: 128
             number of independent subgraphs:  0
             number of supernodes:                    281832
             size of largest supernode:               8181
             number of non-zeros in L:                1643884013
             number of non-zeros in U:                1590965470
             number of non-zeros in L+U:              3234849483

Percentage of computed non-zeros for LL^T factorization
 1 %  2 %  3 %  4 %  5 %  6 %  7 %  8 %  9 %  10 %  11 %  12 %  13 %  14 %  15 %  16 %  17 %  18 %  19 %  20 %  21 %  22 %  23 %  24 %  25 %  26 %  27 %  28 %  29 %  30 %  31 %  32 %  33 %  34 %  35 %  36 %  37 %  38 %  39 %  40 %  41 %  42 %  43 %  44 %  45 %  46 %  47 %  48 %  49 %  50 %  51 %  52 %  53 %  54 %  55 %  56 %  57 %  58 %  59 %  60 %  61 %  62 %  63 %  64 %  65 %  66 %  67 %  68 %  69 %  70 %  71 %  72 %  73 %  74 %  75 %  76 %  77 %  78 %  79 %  80 %  81 %  82 %  84 %  85 %  88 %  91 %  93 %  96 %  98 %  99 %  100 % 

=== CPARDISO: solving a real nonsymmetric system ===
Single-level factorization algorithm is turned ON


Summary: ( factorization phase )
================

Times:
======
Time spent in copying matrix to internal data structure (A to LU): 0.000008 s
Time spent in factorization step (numfct)                        : 64.611327 s
Time spent in allocation of internal data structures (malloc)    : 0.000183 s
Time spent in additional calculations                            : 0.000013 s
Total time spent                                                 : 64.611531 s

Statistics:
===========
Parallel Direct Factorization is running on 32 MPI and 1 OpenMP per MPI process

< Linear system Ax = b >
             number of equations:           1498023
             number of non-zeros in A:      60917445
             number of non-zeros in A (%): 0.002715

             number of right-hand sides:    1

< Factors L and U >
             number of columns for each panel: 128
             number of independent subgraphs:  0
             number of supernodes:                    281832
             size of largest supernode:               8181
             number of non-zeros in L:                1643884013
             number of non-zeros in U:                1590965470
             number of non-zeros in L+U:              3234849483
             gflop   for the numerical factorization: 20297.125909

             gflop/s for the numerical factorization: 314.141913

PARDISO memory: symbolic=3587040 KB, numeric=2370569 KB, total=5957609 KB (5817.98 MB)

=== CPARDISO: solving a real nonsymmetric system ===


Summary: ( solution phase )
================

Times:
======
Time spent in direct solver at solve step (solve)                : 0.365595 s
Time spent in additional calculations                            : 0.973737 s
Total time spent                                                 : 1.339332 s

Statistics:
===========
Parallel Direct Factorization is running on 32 MPI and 1 OpenMP per MPI process

< Linear system Ax = b >
             number of equations:           1498023
             number of non-zeros in A:      60917445
             number of non-zeros in A (%): 0.002715

             number of right-hand sides:    1

< Factors L and U >
             number of columns for each panel: 128
             number of independent subgraphs:  0
             number of supernodes:                    281832
             size of largest supernode:               8181
             number of non-zeros in L:                1643884013
             number of non-zeros in U:                1590965470
             number of non-zeros in L+U:              3234849483
             gflop   for the numerical factorization: 20297.125909

             gflop/s for the numerical factorization: 314.141913

Number of iterative refinement steps performed         4
Tolerance level in the iterative refinement process    0.000000e+00
Backward error after the iterative refinement process  0.000000e+00
||Ax - b||_2 = 7.633551e-09
