
=== CPARDISO: solving a real nonsymmetric system ===
Distributed Matrix Input Format is used for CPARDISO (iparm(40) = 2)
0-based array is turned ON
CPARDISO double precision computation is turned ON
METIS algorithm at reorder step is turned ON
Scaling is turned ON
Matching is turned ON


Summary: ( reordering phase )
================

Times:
======
Time spent in calculations of symmetric matrix portrait (fulladj): 1.518807 s
Time spent in reordering of the initial matrix (reorder)         : 94.506541 s
Time spent in symbolic factorization (symbfct)                   : 9.706822 s
Time spent in data preparations for factorization (parlist)      : 0.475279 s
Time spent in allocation of internal data structures (malloc)    : 1.478321 s
Time spent in matching/scaling                                   : 4.856462 s
Time spent in additional calculations                            : 3.912996 s
Total time spent                                                 : 116.455228 s

Statistics:
===========
Parallel Direct Factorization is running on 32 MPI and 1 OpenMP per MPI process

< Linear system Ax = b >
             number of equations:           23947347
             number of non-zeros in A:      57708624
             number of non-zeros in A (%): 0.000010

             number of right-hand sides:    1

< Factors L and U >
             number of columns for each panel: 128
             number of independent subgraphs:  0
< Preprocessing with state of the art partitioning metis>
             number of supernodes:                    21450868
             size of largest supernode:               936
             number of non-zeros in L:                231243516
             number of non-zeros in U:                181834297
             number of non-zeros in L+U:              413077813

Percentage of computed non-zeros for LL^T factorization
 1 %  2 %  3 %  4 %  5 %  6 %  7 %  8 %  9 %  10 %  11 %  12 %  13 %  14 %  15 %  16 %  17 %  18 %  19 %  20 %  21 %  22 %  23 %  24 %  25 %  26 %  27 %  28 %  29 %  30 %  31 %  32 %  33 %  34 %  35 %  36 %  37 %  38 %  39 %  40 %  41 %  42 %  43 %  44 %  45 %  46 %  47 %  48 %  49 %  50 %  51 %  52 %  53 %  54 %  55 %  56 %  57 %  58 %  59 %  60 %  61 %  62 %  63 %  64 %  65 %  66 %  67 %  68 %  69 %  70 %  71 %  72 %  73 %  74 %  75 %  76 %  77 %  78 %  79 %  80 %  81 %  82 %  83 %  84 %  85 %  86 %  87 %  88 %  89 %  90 %  91 %  92 %  93 %  95 %  97 %  98 %  99 %  100 % 

=== CPARDISO: solving a real nonsymmetric system ===
Single-level factorization algorithm is turned ON


Summary: ( factorization phase )
================

Times:
======
Time spent in copying matrix to internal data structure (A to LU): 0.000010 s
Time spent in factorization step (numfct)                        : 13.797788 s
Time spent in allocation of internal data structures (malloc)    : 0.000056 s
Time spent in additional calculations                            : 0.000011 s
Total time spent                                                 : 13.797865 s

Statistics:
===========
Parallel Direct Factorization is running on 32 MPI and 1 OpenMP per MPI process

< Linear system Ax = b >
             number of equations:           23947347
             number of non-zeros in A:      57708624
             number of non-zeros in A (%): 0.000010

             number of right-hand sides:    1

< Factors L and U >
             number of columns for each panel: 128
             number of independent subgraphs:  0
< Preprocessing with state of the art partitioning metis>
             number of supernodes:                    21450868
             size of largest supernode:               936
             number of non-zeros in L:                231243516
             number of non-zeros in U:                181834297
             number of non-zeros in L+U:              413077813
             gflop   for the numerical factorization: 58.169396

             gflop/s for the numerical factorization: 4.215849

PARDISO memory: symbolic=9396527 KB, numeric=8263736 KB, total=17660263 KB (17246.35 MB)

=== CPARDISO: solving a real nonsymmetric system ===


Summary: ( solution phase )
================

Times:
======
Time spent in direct solver at solve step (solve)                : 2.973365 s
Time spent in additional calculations                            : 8.753417 s
Total time spent                                                 : 11.726782 s

Statistics:
===========
Parallel Direct Factorization is running on 32 MPI and 1 OpenMP per MPI process

< Linear system Ax = b >
             number of equations:           23947347
             number of non-zeros in A:      57708624
             number of non-zeros in A (%): 0.000010

             number of right-hand sides:    1

< Factors L and U >
             number of columns for each panel: 128
             number of independent subgraphs:  0
< Preprocessing with state of the art partitioning metis>
             number of supernodes:                    21450868
             size of largest supernode:               936
             number of non-zeros in L:                231243516
             number of non-zeros in U:                181834297
             number of non-zeros in L+U:              413077813
             gflop   for the numerical factorization: 58.169396

             gflop/s for the numerical factorization: 4.215849

Number of iterative refinement steps performed         4
Tolerance level in the iterative refinement process    0.000000e+00
Backward error after the iterative refinement process  0.000000e+00
||Ax - b||_2 = -nan
