.. equilibrated? *equed = N
.. RowPerm 1	 time: 0.03
.. anorm 2.132244e+00
.. Use METIS ordering on A'+A
.. symbfact(): relax 30, maxsuper 256, fill 5
	matrix dimension    102158
	nonzeros in A       711558
	nonzeros in L      4593657
	nonzeros in U      4593657
	nonzeros in L+U    9085156
	fill ratio            12.8
	nonzeros in LSUB   1680591
	No of supers     9038
	Size of G(L)   346614
	Size of G(U)   244456
	int 4, short 2, float 4, double 8
	SYMBfact (MB):	L\U 9.74	total 13.42	expansions 0
.. # L blocks     4120	# U blocks     1860
MPI tag upper bound = 536870911
.. Starting with 1 OpenMP threads 
 === using DAG ===
.. thresh = s_eps 5.960464e-08 * anorm 2.132244e+00 = 1.270917e-07
.. Buffer size: Lsub 394	Lval 59049	Usub 395	Uval 35235	LDA 388
max_ncols 147,  max_ldu 133, bigu_size    19551
	.. SUPERLU_MAX_BUFFER_SIZE 256000000 set for GPU
	.. SUPERLU_N_GEMM: 5000 flops of GEMM done on CPU (1st block always on CPU)
	.. GEMM buffer size: max_row_size X max_ncols = 175 x      147
[0].. BIG U size    19551 (on CPU)
[0].. BIG V size    67608 (on CPU)
  Max row size is 175 
  Threads per process 1 

Initialization time	  0.0083 seconds
	 Serial: compute static schedule, allocate storage

==== Time breakdown in factorization (rank 0) ====
Panel factorization 	   0.0131 seconds
.. L-panel pxgstrf2 	   0.0112 seconds
.. U-panel pxgstrs2 	   0.0019 seconds
Time in Look-ahead update 	   0.0015 seconds
Time in Schur update 		   0.0103 seconds
.. Time to Gather L buffer	   0.0009  (Separate L panel by Lookahead/Remain)
.. Time to Gather U buffer	   0.0018 
.. Time in GEMM   0.0029 
	* Look-ahead	   0.0000 
	* Remain	   0.0029	Flops 3.5293e+08	Gflops 121.4055
.. Time to Scatter   0.0029 
	* Look-ahead	   0.0000 
	* Remain	   0.0029 
Total factorization time            	:   0.0665 seconds, 
--------
GEMM maximum block: 147-77-147

** Memory Usage **********************************
.. dQuerySpace: peak_buffer 16.92 (MB)
	(P0) serial symbolic::stage[0]: symb_memory 13.42, GA_mem_use 8.95
	(P0) serial distribution::stage[1]:symb_LU 9.74, dist_mem_use 61.15, num_mem_usage.for_lu 7.43
** Total highmark (MB):
    Sum-of-all :  1195.03 | Avg :    74.69  | Max :    82.43
    Max at rank 5, different stages (MB):
	. symbfact           22.37
	. distribution       78.32
	. numfact            24.35
** NUMfact space (MB): (sum-of-all-processes)
    L\U :           78.65 |  Total :   349.92
	. max at rank 5, max L+U memory (MB):     9.36
	. max at rank 5, peak buffer (MB):       17.43
**************************************************

** number of Tiny Pivots:        1

.. DiagScale = 3
**************************************************
**** Time (seconds) ****
	EQUIL time            0.007
	ROWPERM time          0.026
	COLPERM time          0.494
	SYMBFACT time         0.028
	DISTRIBUTE time       0.079
	FACTOR time           0.077
	Factor flops	7.524324e+08	Mflops 	 9806.24
	SOLVE time            0.000
	REFINEMENT time       0.000	Steps       0

**************************************************
.. anorm 2.132244e+00
num_thread:     1
( 0) .. Step        0: berr[j] = 6.354551e-08
num_thread:     1
( 0) .. Step        1: berr[j] = 3.177272e-08
num_thread:     1
( 0) .. Step        2: berr[j] = 2.118180e-08
.. DiagScale = 3
	SOLVE time            0.013
	Solve flops	1.817031e+07	Mflops 	 1421.74
	REFINEMENT time       0.028	Steps       2

**************************************************
||Ax - b||_2 = 8.808242e-12
