.. equilibrated? *equed = R
.. RowPerm 1	 time: 0.46
.. anorm 3.067944e+00
.. Use METIS ordering on A'+A
.. symbfact(): relax 30, maxsuper 256, fill 5
	matrix dimension    1602111
	nonzeros in A       23500731
	nonzeros in L       1293369339
	nonzeros in U       1293369339
	nonzeros in L+U     2585136567
	fill ratio           110.0
	nonzeros in LSUB    207177475
	No of supers   96026
	Size of G(L)   20005509
	Size of G(U)   18403398
	int 8, short 2, float 4, double 8
	SYMBfact (MB):	L\U 1868.73	total 1984.08	expansions 2
.. # L blocks   51382	# U blocks   39732
MPI tag upper bound = 536870911
.. Starting with 1 OpenMP threads 
 === using DAG ===
.. thresh = s_eps 5.960464e-08 * anorm 3.067944e+00 = 1.828637e-07
.. Buffer size: Lsub 3279	Lval 832256	Usub 2506	Uval 443136	LDA 3251
max_ncols 1536,  max_ldu 256, bigu_size   393216
	.. SUPERLU_MAX_BUFFER_SIZE 256000000 set for GPU
	.. SUPERLU_N_GEMM: 5000 flops of GEMM done on CPU (1st block always on CPU)
	.. GEMM buffer size: max_row_size X max_ncols = 3072 x   1536
[0].. BIG U size   393216 (on CPU)
[0].. BIG V size   4755520 (on CPU)
  Max row size is 3072 
  Threads per process 1 

Initialization time	  0.0645 seconds
	 Serial: compute static schedule, allocate storage

==== Time breakdown in factorization (rank 0) ====
Panel factorization 	   1.4356 seconds
.. L-panel pxgstrf2 	   0.6173 seconds
.. U-panel pxgstrs2 	   0.8183 seconds
Time in Look-ahead update 	   0.5385 seconds
Time in Schur update 		   9.1120 seconds
.. Time to Gather L buffer	   0.2731  (Separate L panel by Lookahead/Remain)
.. Time to Gather U buffer	   0.1536 
.. Time in GEMM   6.6240 
	* Look-ahead	   0.2886 
	* Remain	   6.3354	Flops 9.1813e+12	Gflops 1449.2113
.. Time to Scatter   2.0374 
	* Look-ahead	   0.0249 
	* Remain	   2.0124 
Total factorization time            	:  16.5695 seconds, 
--------
GEMM maximum block: 3072-256-1536

** Memory Usage **********************************
.. dQuerySpace: peak_buffer 167.67 (MB)
	(P0) serial symbolic::stage[0]: symb_memory 1984.08, GA_mem_use 388.83
	(P0) serial distribution::stage[1]:symb_LU 1868.73, dist_mem_use 1035.30, num_mem_usage.for_lu 728.72
** Total highmark (MB):
    Sum-of-all : 114897.50 | Avg :  3590.55  | Max :  3652.69
    Max at rank 9, different stages (MB):
	. symbfact         2372.91
	. distribution     3632.76
	. numfact           896.39
** NUMfact space (MB): (sum-of-all-processes)
    L\U :        22327.29 |  Total : 27765.41
	. max at rank 9, max L+U memory (MB):   758.43
	. max at rank 10, peak buffer (MB):      175.37
**************************************************

** number of Tiny Pivots:        0

.. DiagScale = 3
**************************************************
**** Time (seconds) ****
	EQUIL time            0.107
	ROWPERM time          0.458
	COLPERM time         16.855
	SYMBFACT time         4.134
	DISTRIBUTE time       1.806
	FACTOR time          16.637
	Factor flops	1.050567e+13	Mflops 	631481.38
	SOLVE time            0.000
	REFINEMENT time       0.000	Steps       0

**************************************************
.. anorm 3.067944e+00
num_thread:     1
( 0) .. Step   0: berr[j] = 2.866307e-15
num_thread:     1
( 0) .. Step   1: berr[j] = 3.336099e-16
num_thread:     1
( 0) .. Step   2: berr[j] = 2.739801e-16
.. DiagScale = 3
	SOLVE time            0.248
	Solve flops	5.165157e+09	Mflops 	20786.24
	REFINEMENT time       0.534	Steps       2

**************************************************
||Ax - b||_2 = 2.359587e-14
