ischedInit: The thread number has been automatically set to 1
ischedInit: The thread number has been automatically set to 1
ischedInit: The thread number has been automatically set to 1
ischedInit: The thread number has been automatically set to 1
ischedInit: The thread number has been automatically set to 1
ischedInit: The thread number has been automatically set to 1
ischedInit: The thread number has been automatically set to 1
ischedInit: The thread number has been automatically set to 1
ischedInit: The thread number has been automatically set to 1
ischedInit: The thread number has been automatically set to 1
ischedInit: The thread number has been automatically set to 1
ischedInit: The thread number has been automatically set to 1
ischedInit: The thread number has been automatically set to 1
ischedInit: The thread number has been automatically set to 1
ischedInit: The thread number has been automatically set to 1
ischedInit: The thread number has been automatically set to 1
+-------------------------------------------------+
+     PaStiX : Parallel Sparse matriX package     +
+-------------------------------------------------+
  Version:                                   6.4.0
  Schedulers:
    sequential:                            Enabled
    thread static:                         Started
    thread dynamic:                        Started
    PaRSEC:                               Disabled
    StarPU:                               Disabled
  Number of MPI processes:                      16
  Number of threads per process:                 1
  Number of GPUs:                                0
  MPI communication support:              PastixMpiThreadFunneled
  Distribution level:                     2D( 160)
  Blocking size (min/max):              160 /  320
  Computational models
    CPU:              AMD Opteron 6180 - Intel MKL
    GPU:             Nvidia K40 GK1108L - CUDA 8.0
  Low rank parameters:
    Strategy                        No compression
+-------------------------------------------------+
  Ordering subtask :
    Prepare graph structure:
      Sort row indexes in each column
      Removing diagonal elements
    Ordering method is: Metis
    Time to compute ordering              1.058202e+00 s
+-------------------------------------------------+
  Symbolic factorization subtask:
    Symbol factorization using: Fax Direct
    Symbol Matrix statistics:
      Number of cblk                         61474
      Number of blok                        521439
      Cblk width min                             1
      Cblk width max                           886
      Cblk width avg                          2.94
      Cblk width stdev                        6.17
      Blok height min                            1
      Blok height max                          598
      Blok height avg                         1.62
      Blok height stdev                       2.84
      Memory space                           12.06 Mo
    Number of nonzeroes in L structure     9690699
    Fill-in of L                          9.806464
    Time to compute symbol matrix         3.962081e-02 s
+-------------------------------------------------+
  Reordering subtask:
    Split level                                  0
    Stoping criterion                           -1
    Time for reordering                   2.147543e-01 s
+-------------------------------------------------+
  Mapping/Scheduling subtask:
OUTPUTDIR: pastix-sI5wMr
    Number of cluster                           16
    Number of processor per cluster              1
    Number of thread per MPI process             1
    Symbol Matrix statistics:
      Number of cblk                         61476
      Number of blok                        246195
      Cblk width min                             1
      Cblk width max                           308
      Cblk width avg                          2.94
      Cblk width stdev                        5.44
      Blok height min                            1
      Blok height max                          308
      Blok height avg                         3.45
      Blok height stdev                       6.23
      Memory space                            6.81 Mo
    Symbol split done in                  4.076527e-03 s
    Elimination tree built in             4.972900e-04 s
    Cost matrix built in                  3.053923e-03 s
    Estimated total cost of the etree     1.330930e+00 s
    Estimated critical path of the etree  0.000000e+00 s
    Proportional mapping done in          5.664430e-04 s
    Simulation structures built in        5.446110e-03 s
    Number of tasks found                    61476
    Simulation done in                    4.544522e-02 s
    Solver built in                       1.452785e-02 s
    Number of non-zeroes in blocked L     19381398
    Fill-in                               19.612929
    Number of operations in full-rank: LU        5.12 GFlops
    Prediction:
      Model                              AMD 6180  MKL
      Time to factorize                   4.060554e-01 s
    Time for mapping/scheduling           8.707674e-02 s
+-------------------------------------------------+
  Analyze task:
    Total time for analyze                1.412103e+00 s
+-------------------------------------------------+
  Factorization task:
    Factorization used: LU
    ||A||_2  =                            1.892946e+03
    Time to initialize internal csc       1.203619e-02 s
    Time to initialize coeftab            3.737322e-03 s
    Time to factorize                     1.391210e-01 s (36.79 GFlop/s)
    Number of operations                       -42888702076.00  Flops
    Number of static pivots                  50450
    Memory usage of coeftab                       8.88 Mo
    Time to solve                         1.116930e-02 s
    Time to solve                         1.067631e-02 s
    - iteration 1 :
         total iteration time                   0.014 s
         error                                  462.29
    Time to solve                         1.059664e-02 s
    - iteration 2 :
         total iteration time                   0.0138 s
         error                                  269.22
    Time to solve                         1.077475e-02 s
    - iteration 3 :
         total iteration time                   0.0139 s
         error                                  200.18
    Time to solve                         1.049314e-02 s
    - iteration 4 :
         total iteration time                   0.0136 s
         error                                  28.071
    Time to solve                         1.048545e-02 s
    - iteration 5 :
         total iteration time                   0.0136 s
         error                                  9.3851
    Time to solve                         1.046992e-02 s
    - iteration 6 :
         total iteration time                   0.0136 s
         error                                  0.87381
    Time to solve                         1.045815e-02 s
    - iteration 7 :
         total iteration time                   0.0136 s
         error                                  0.019949
    Time to solve                         1.044948e-02 s
    - iteration 8 :
         total iteration time                   0.0136 s
         error                                  7.8923e-05
    Time to solve                         1.044138e-02 s
    - iteration 9 :
         total iteration time                   0.0137 s
         error                                  4.6242e-06
    Time to solve                         1.043612e-02 s
    - iteration 10 :
         total iteration time                   0.0137 s
         error                                  1.9743e-07
    Time to solve                         1.043253e-02 s
    - iteration 11 :
         total iteration time                   0.0137 s
         error                                  3.7109e-09
    Time to solve                         1.044062e-02 s
    - iteration 12 :
         total iteration time                   0.0137 s
         error                                  2.114e-09
    Time to solve                         1.044303e-02 s
    - iteration 13 :
         total iteration time                   0.0137 s
         error                                  2.1124e-09
    Time to solve                         1.046297e-02 s
    - iteration 14 :
         total iteration time                   0.0138 s
         error                                  2.1123e-09
    Time to solve                         1.044317e-02 s
    - iteration 15 :
         total iteration time                   0.0138 s
         error                                  2.1122e-09
    Time to solve                         1.043024e-02 s
    - iteration 16 :
         total iteration time                   0.0137 s
         error                                  2.1122e-09
    Time to solve                         1.052006e-02 s
    - iteration 17 :
         total iteration time                   0.0139 s
         error                                  2.1122e-09
    Time to solve                         1.043496e-02 s
    - iteration 18 :
         total iteration time                   0.0139 s
         error                                  2.1122e-09
    Time to solve                         1.046676e-02 s
    - iteration 19 :
         total iteration time                   0.0139 s
         error                                  2.0909e-09
    Time to solve                         1.043860e-02 s
    - iteration 20 :
         total iteration time                   0.0139 s
         error                                  1.2892e-09
    Time for refinement                   2.800541e-01 s
||Ax - b||_2 = 1.507547e-07
