ischedInit: The thread number has been automatically set to 1
ischedInit: The thread number has been automatically set to 1
ischedInit: The thread number has been automatically set to 1
ischedInit: The thread number has been automatically set to 1
ischedInit: The thread number has been automatically set to 1
ischedInit: The thread number has been automatically set to 1
ischedInit: The thread number has been automatically set to 1
ischedInit: The thread number has been automatically set to 1
ischedInit: The thread number has been automatically set to 1
ischedInit: The thread number has been automatically set to 1
ischedInit: The thread number has been automatically set to 1
ischedInit: The thread number has been automatically set to 1
ischedInit: The thread number has been automatically set to 1
ischedInit: The thread number has been automatically set to 1
ischedInit: The thread number has been automatically set to 1
ischedInit: The thread number has been automatically set to 1
ischedInit: The thread number has been automatically set to 1
ischedInit: The thread number has been automatically set to 1
ischedInit: The thread number has been automatically set to 1
ischedInit: The thread number has been automatically set to 1
ischedInit: The thread number has been automatically set to 1
ischedInit: The thread number has been automatically set to 1
ischedInit: The thread number has been automatically set to 1
ischedInit: The thread number has been automatically set to 1
ischedInit: The thread number has been automatically set to 1
ischedInit: The thread number has been automatically set to 1
ischedInit: The thread number has been automatically set to 1
ischedInit: The thread number has been automatically set to 1
ischedInit: The thread number has been automatically set to 1
ischedInit: The thread number has been automatically set to 1
ischedInit: The thread number has been automatically set to 1
ischedInit: The thread number has been automatically set to 1
ischedInit: The thread number has been automatically set to 1
ischedInit: The thread number has been automatically set to 1
ischedInit: The thread number has been automatically set to 1
ischedInit: The thread number has been automatically set to 1
ischedInit: The thread number has been automatically set to 1
ischedInit: The thread number has been automatically set to 1
ischedInit: The thread number has been automatically set to 1
ischedInit: The thread number has been automatically set to 1
ischedInit: The thread number has been automatically set to 1
ischedInit: The thread number has been automatically set to 1
ischedInit: The thread number has been automatically set to 1
ischedInit: The thread number has been automatically set to 1
ischedInit: The thread number has been automatically set to 1
ischedInit: The thread number has been automatically set to 1
ischedInit: The thread number has been automatically set to 1
ischedInit: The thread number has been automatically set to 1
ischedInit: The thread number has been automatically set to 1
ischedInit: The thread number has been automatically set to 1
ischedInit: The thread number has been automatically set to 1
ischedInit: The thread number has been automatically set to 1
ischedInit: The thread number has been automatically set to 1
ischedInit: The thread number has been automatically set to 1
ischedInit: The thread number has been automatically set to 1
ischedInit: The thread number has been automatically set to 1
ischedInit: The thread number has been automatically set to 1
ischedInit: The thread number has been automatically set to 1
ischedInit: The thread number has been automatically set to 1
ischedInit: The thread number has been automatically set to 1
ischedInit: The thread number has been automatically set to 1
ischedInit: The thread number has been automatically set to 1
ischedInit: The thread number has been automatically set to 1
ischedInit: The thread number has been automatically set to 1
+-------------------------------------------------+
+     PaStiX : Parallel Sparse matriX package     +
+-------------------------------------------------+
  Version:                                   6.4.0
  Schedulers:
    sequential:                            Enabled
    thread static:                         Started
    thread dynamic:                        Started
    PaRSEC:                               Disabled
    StarPU:                               Disabled
  Number of MPI processes:                      64
  Number of threads per process:                 1
  Number of GPUs:                                0
  MPI communication support:              PastixMpiThreadFunneled
  Distribution level:                     2D( 160)
  Blocking size (min/max):              160 /  320
  Computational models
    CPU:              AMD Opteron 6180 - Intel MKL
    GPU:             Nvidia K40 GK1108L - CUDA 8.0
  Low rank parameters:
    Strategy                        No compression
+-------------------------------------------------+
  Ordering subtask :
    Prepare graph structure:
      Sort row indexes in each column
      Removing diagonal elements
    Ordering method is: Metis
    Time to compute ordering              2.462703e+01 s
+-------------------------------------------------+
  Symbolic factorization subtask:
    Symbol factorization using: Fax Direct
    Symbol Matrix statistics:
      Number of cblk                         31334
      Number of blok                       1438579
      Cblk width min                             3
      Cblk width max                         10857
      Cblk width avg                         47.81
      Cblk width stdev                      115.97
      Blok height min                            1
      Blok height max                         7233
      Blok height avg                         5.24
      Blok height stdev                      23.82
      Memory space                           57.03 Mo
    Number of nonzeroes in L structure    1568692320
    Fill-in of L                          25.751118
    Time to compute symbol matrix         5.900678e-01 s
+-------------------------------------------------+
  Reordering subtask:
    Split level                                  0
    Stoping criterion                           -1
    Time for reordering                   1.659306e+01 s
+-------------------------------------------------+
  Mapping/Scheduling subtask:
OUTPUTDIR: pastix-74UAhW
    Number of cluster                           64
    Number of processor per cluster              1
    Number of thread per MPI process             1
    Symbol Matrix statistics:
      Number of cblk                         31880
      Number of blok                        348892
      Cblk width min                             3
      Cblk width max                           348
      Cblk width avg                         46.99
      Cblk width stdev                       44.92
      Blok height min                            1
      Blok height max                          348
      Blok height avg                        29.98
      Blok height stdev                      57.29
      Memory space                           15.50 Mo
    Symbol split done in                  1.477918e-02 s
    Elimination tree built in             7.045530e-04 s
    Cost matrix built in                  4.522070e-03 s
    Estimated total cost of the etree     1.937800e+02 s
    Estimated critical path of the etree  0.000000e+00 s
    Proportional mapping done in          7.205240e-04 s
    Simulation structures built in        1.400778e-02 s
    Number of tasks found                    31880
    Simulation done in                    1.940146e-01 s
    Solver built in                       1.230223e-01 s
    Number of non-zeroes in blocked L     3137384640
    Fill-in                               51.502236
    Number of operations in full-rank: LU       15.21 TFlops
    Prediction:
      Model                              AMD 6180  MKL
      Time to factorize                   7.160606e+01 s
    Time for mapping/scheduling           3.880042e-01 s
+-------------------------------------------------+
  Analyze task:
    Total time for analyze                4.233647e+01 s
+-------------------------------------------------+
  Factorization task:
    Factorization used: LU
    ||A||_2  =                            4.820480e+07
    Time to initialize internal csc       2.178897e-01 s
    Time to initialize coeftab            1.947907e-01 s
    Time to factorize                     1.123463e+02 s (138.60 GFlop/s)
    Number of operations                       -1463898191220735.00  Flops
    Number of static pivots                      0
    Memory usage of coeftab                        153 Mo
    Time to solve                         2.673804e-01 s
    Time for refinement                   2.866757e-02 s
||Ax - b||_2 = 1.239619e-08
