****************************************************************************************************************************************************************
***                                WIDEN YOUR WINDOW TO 160 CHARACTERS.  Use 'enscript -r -fCourier9' to print this document                                 ***
****************************************************************************************************************************************************************

------------------------------------------------------------------ PETSc Performance Summary: ------------------------------------------------------------------

../scripts/experiment on a arch-linux-c-opt named HP-Pavilion-Gaming-Laptop-15-ec0xxx with 4 processes, by alexandr on Sun Sep 28 23:04:54 2025
Using PETSc Release Version 3.23.6, unknown

                         Max       Max/Min     Avg       Total
Time (sec):           1.894e-02     1.000   1.894e-02
Objects:              0.000e+00     0.000   0.000e+00
Flops:                5.532e+04     1.849   4.333e+04  1.733e+05
Flops/sec:            2.920e+06     1.849   2.287e+06  9.150e+06
MPI Msg Count:        3.000e+01     1.667   2.550e+01  1.020e+02
MPI Msg Len (bytes):  1.275e+05     2.841   2.573e+03  2.624e+05
MPI Reductions:       4.300e+01     1.000

Flop counting convention: 1 flop = 1 real number operation of type (multiply/divide/add/subtract)
                            e.g., VecAXPY() for real vectors of length N --> 2N flops
                            and VecAXPY() for complex vectors of length N --> 8N flops

Summary of Stages:   ----- Time ------  ----- Flop ------  --- Messages ---  -- Message Lengths --  -- Reductions --
                        Avg     %Total     Avg     %Total    Count   %Total     Avg         %Total    Count   %Total
 0:      Main Stage: 7.0702e-03  37.3%  5.3237e+04  30.7%  4.200e+01  41.2%  6.083e+03       97.4%  2.500e+01  58.1%
 2:   Factorization: 1.0976e-02  57.9%  3.2064e+04  18.5%  0.000e+00   0.0%  0.000e+00        0.0%  0.000e+00   0.0%
 3:           Solve: 8.8985e-04   4.7%  8.8032e+04  50.8%  6.000e+01  58.8%  1.151e+02        2.6%  1.000e+00   2.3%

------------------------------------------------------------------------------------------------------------------------
See the 'Profiling' chapter of the users' manual for details on interpreting output.
Phase summary info:
   Count: number of times phase was executed
   Time and Flop: Max - maximum over all processors
                  Ratio - ratio of maximum to minimum over all processors
   Mess: number of messages sent
   AvgLen: average message length (bytes)
   Reduct: number of global reductions
   Global: entire computation
   Stage: stages of a computation. Set stages with PetscLogStagePush() and PetscLogStagePop().
      %T - percent time in this phase         %F - percent flop in this phase
      %M - percent messages in this phase     %L - percent message lengths in this phase
      %R - percent reductions in this phase
   Total Mflop/s: 1e-6 * (sum of flop over all processors)/(max time over all processors)
------------------------------------------------------------------------------------------------------------------------
Event                Count      Time (sec)     Flop                              --- Global ---  --- Stage ----  Total
                   Max Ratio  Max     Ratio   Max  Ratio  Mess   AvgLen  Reduct  %T %F %M %L %R  %T %F %M %L %R Mflop/s
------------------------------------------------------------------------------------------------------------------------

--- Event Stage 0: Main Stage

BuildTwoSided          2 1.0 5.3751e-05 1.8 0.00e+00 0.0 8.0e+00 4.0e+00 0.0e+00  0  0  8  0  0   1  0 19  0  0     0
BuildTwoSidedF         1 1.0 8.0250e-06 1.2 0.00e+00 0.0 0.0e+00 0.0e+00 0.0e+00  0  0  0  0  0   0  0  0  0  0     0
MatMult                1 1.0 3.3809e-03 1.0 1.40e+04 1.2 8.0e+00 4.6e+02 0.0e+00 18 31  8  1  0  47 100 19  1  0    16
MatAssemblyBegin       1 1.0 3.6670e-06 10.2 0.00e+00 0.0 0.0e+00 0.0e+00 0.0e+00  0  0  0  0  0   0  0  0  0  0     0
MatAssemblyEnd         1 1.0 5.3134e-04 1.2 0.00e+00 0.0 1.6e+01 1.2e+02 1.0e+00  3  0 16  1  2   7  0 38  1  4     0
MatLoad                1 1.0 1.7600e-03 1.0 0.00e+00 0.0 3.4e+01 7.4e+03 1.7e+01  9  0 33 96 40  25  0 81 99 68     0
VecSet                 1 1.0 2.8150e-06 1.0 0.00e+00 0.0 0.0e+00 0.0e+00 0.0e+00  0  0  0  0  0   0  0  0  0  0     0
VecAssemblyBegin       1 1.0 1.6631e-05 1.2 0.00e+00 0.0 0.0e+00 0.0e+00 0.0e+00  0  0  0  0  0   0  0  0  0  0     0
VecAssemblyEnd         1 1.0 1.9430e-06 1.0 0.00e+00 0.0 0.0e+00 0.0e+00 0.0e+00  0  0  0  0  0   0  0  0  0  0     0
VecScatterBegin        1 1.0 3.3187e-03 100.4 0.00e+00 0.0 8.0e+00 4.6e+02 0.0e+00  5  0  8  1  0  12  0 19  1  0     0
VecScatterEnd          1 1.0 3.2900e-03 225.1 0.00e+00 0.0 0.0e+00 0.0e+00 0.0e+00 13  0  0  0  0  35  0  0  0  0     0
SFSetGraph             1 1.0 3.8670e-06 1.7 0.00e+00 0.0 0.0e+00 0.0e+00 0.0e+00  0  0  0  0  0   0  0  0  0  0     0
SFSetUp                1 1.0 1.0742e-04 1.4 0.00e+00 0.0 1.6e+01 1.2e+02 0.0e+00  0  0 16  1  0   1  0 38  1  0     0
SFPack                 1 1.0 2.5850e-06 5.1 0.00e+00 0.0 0.0e+00 0.0e+00 0.0e+00  0  0  0  0  0   0  0  0  0  0     0
SFUnpack               1 1.0 1.3330e-06 7.8 0.00e+00 0.0 0.0e+00 0.0e+00 0.0e+00  0  0  0  0  0   0  0  0  0  0     0

--- Event Stage 2: Factorization

MatLUFactorSym         1 1.0 4.1791e-03 1.0 0.00e+00 0.0 0.0e+00 0.0e+00 0.0e+00 22  0  0  0  0  38  0  0  0  0     0
MatLUFactorNum         1 1.0 6.6539e-03 1.0 1.14e+04 2.7 0.0e+00 0.0e+00 0.0e+00 35 18  0  0  0  61 100  0  0  0     5
KSPSetUp               1 1.0 1.6130e-06 2.1 0.00e+00 0.0 0.0e+00 0.0e+00 0.0e+00  0  0  0  0  0   0  0  0  0  0     0
PCSetUp                1 1.0 1.0858e-02 1.0 1.14e+04 2.7 0.0e+00 0.0e+00 0.0e+00 57 18  0  0  0  99 100  0  0  0     3

--- Event Stage 3: Solve

BuildTwoSided          1 1.0 1.3225e-05 1.4 0.00e+00 0.0 8.0e+00 4.0e+00 0.0e+00  0  0  8  0  0   1  0 13  0  0     0
MatSolve               1 1.0 8.0859e-04 1.0 3.07e+04 2.3 6.0e+01 1.2e+02 1.0e+00  4 51 59  3  2  89 100 100 100 100   109
VecScatterBegin        1 1.0 1.7172e-05 2.1 0.00e+00 0.0 8.0e+00 2.8e+02 0.0e+00  0  0  8  1  0   2  0 13 32  0     0
VecScatterEnd          1 1.0 8.1350e-06 2.4 0.00e+00 0.0 0.0e+00 0.0e+00 0.0e+00  0  0  0  0  0   1  0  0  0  0     0
SFSetGraph             1 1.0 6.8830e-06 1.3 0.00e+00 0.0 0.0e+00 0.0e+00 0.0e+00  0  0  0  0  0   1  0  0  0  0     0
SFSetUp                1 1.0 3.6709e-05 1.9 0.00e+00 0.0 1.6e+01 7.1e+01 0.0e+00  0  0 16  0  0   3  0 27 16  0     0
SFPack                 1 1.0 7.4200e-07 2.0 0.00e+00 0.0 0.0e+00 0.0e+00 0.0e+00  0  0  0  0  0   0  0  0  0  0     0
SFUnpack               1 1.0 8.7100e-07 2.9 0.00e+00 0.0 0.0e+00 0.0e+00 0.0e+00  0  0  0  0  0   0  0  0  0  0     0
KSPSolve               1 1.0 8.7615e-04 1.0 3.07e+04 2.3 6.0e+01 1.2e+02 1.0e+00  5 51 59  3  2  98 100 100 100 100   100
PCApply                1 1.0 8.1114e-04 1.0 3.07e+04 2.3 6.0e+01 1.2e+02 1.0e+00  4 51 59  3  2  90 100 100 100 100   109
------------------------------------------------------------------------------------------------------------------------

Object Type          Creations   Destructions. Reports information only for process 0.

--- Event Stage 0: Main Stage

              Viewer     1              1
              Matrix     4              4
              Vector     5              6
           Index Set     2              2
   Star Forest Graph     1              2
       Krylov Solver     1              1
      Preconditioner     1              1

--- Event Stage 1: Reorder


--- Event Stage 2: Factorization

              Vector     1              0

--- Event Stage 3: Solve

              Vector     1              1
           Index Set     2              2
   Star Forest Graph     1              0
========================================================================================================================
Average time to get PetscTime(): 3.81e-08
Average time for MPI_Barrier(): 2.4546e-06
Average time for zero size MPI_Send(): 1.8935e-06
#PETSc Option Table entries:
-log_view # (source: command line)
-mat_file ../matrices/bin/01_s_ex2.bin # (source: command line)
-mat_ordering_type natural # (source: command line)
-mat_solver_type mumps # (source: command line)
-matload_block_size 1 # (source: file)
-pc_type lu # (source: command line)
#End of PETSc Option Table entries
Compiled without FORTRAN kernels
Compiled with full precision matrices (default)
sizeof(short) 2 sizeof(int) 4 sizeof(long) 8 sizeof(void*) 8 sizeof(PetscScalar) 8 sizeof(PetscInt) 4
Configure options: --with-cc=gcc --with-cxx=g++ --with-fc=gfortran --with-debugging=0 --with-shared-libraries=1 --with-64-bit-indices=0 --download-mpich --download-netlib-lapack --with-netlib-lapack-c-bindings --download-scalapack --download-suitesparse --download-metis --download-parmetis --download-ptscotch --download-superlu --download-superlu_dist --download-mumps --download-pastix --download-hypre --download-hdf5 --download-zlib --download-hwloc --download-bison
-----------------------------------------
Libraries compiled on 2025-09-21 15:24:35 on HP-Pavilion-Gaming-Laptop-15-ec0xxx
Machine characteristics: Linux-6.8.0-83-generic-x86_64-with-glibc2.39
Using PETSc directory: /home/alexandr/Plocha/bsc_thesis/numerical_experiments/petsc
Using PETSc arch: arch-linux-c-opt
-----------------------------------------

Using C compiler: /home/alexandr/Plocha/bsc_thesis/numerical_experiments/petsc/arch-linux-c-opt/bin/mpicc  -Wall -Wwrite-strings -Wno-unknown-pragmas -Wno-lto-type-mismatch -Wno-stringop-overflow -fstack-protector -fvisibility=hidden -g -O 
Using Fortran compiler: /home/alexandr/Plocha/bsc_thesis/numerical_experiments/petsc/arch-linux-c-opt/bin/mpif90  -Wall -ffree-line-length-none -ffree-line-length-0 -Wno-lto-type-mismatch -Wno-unused-dummy-argument -g -O  
-----------------------------------------

Using include paths: -I/home/alexandr/Plocha/bsc_thesis/numerical_experiments/petsc/include -I/home/alexandr/Plocha/bsc_thesis/numerical_experiments/petsc/arch-linux-c-opt/include -I/home/alexandr/Plocha/bsc_thesis/numerical_experiments/petsc/arch-linux-c-opt/include/suitesparse
-----------------------------------------

Using C linker: /home/alexandr/Plocha/bsc_thesis/numerical_experiments/petsc/arch-linux-c-opt/bin/mpicc
Using Fortran linker: /home/alexandr/Plocha/bsc_thesis/numerical_experiments/petsc/arch-linux-c-opt/bin/mpif90
Using libraries: -Wl,-rpath,/home/alexandr/Plocha/bsc_thesis/numerical_experiments/petsc/arch-linux-c-opt/lib -L/home/alexandr/Plocha/bsc_thesis/numerical_experiments/petsc/arch-linux-c-opt/lib -lpetsc -Wl,-rpath,/home/alexandr/Plocha/bsc_thesis/numerical_experiments/petsc/arch-linux-c-opt/lib -L/home/alexandr/Plocha/bsc_thesis/numerical_experiments/petsc/arch-linux-c-opt/lib -Wl,-rpath,/usr/lib/gcc/x86_64-linux-gnu/13 -L/usr/lib/gcc/x86_64-linux-gnu/13 -lHYPRE -lspqr -lumfpack -lklu -lcholmod -lamd -lsuperlu_dist -ldmumps -lmumps_common -lpord -lpthread -lscalapack -lpastix -lsuperlu -llapacke -llapack -lcblas -lblas -lptesmumps -lptscotchparmetisv3 -lptscotch -lptscotcherr -lesmumps -lscotch -lscotcherr -llapacke -lcblas -llapack -lblas -lparmetis -lmetis -lhdf5_hl -lhdf5 -lm -lz -lhwloc -lX11 -lmpifort -lmpi -lgfortran -lm -lgfortran -lm -lgcc_s -lquadmath -lstdc++
-----------------------------------------

