****************************************************************************************************************************************************************
***                                WIDEN YOUR WINDOW TO 160 CHARACTERS.  Use 'enscript -r -fCourier9' to print this document                                 ***
****************************************************************************************************************************************************************

------------------------------------------------------------------ PETSc Performance Summary: ------------------------------------------------------------------

../scripts/experiment on a arch-linux-c-opt named HP-Pavilion-Gaming-Laptop-15-ec0xxx with 4 processes, by alexandr on Sun Sep 28 23:04:54 2025
Using PETSc Release Version 3.23.6, unknown

                         Max       Max/Min     Avg       Total
Time (sec):           2.382e-02     1.000   2.382e-02
Objects:              0.000e+00     0.000   0.000e+00
Flops:                1.545e+05     1.762   1.241e+05  4.964e+05
Flops/sec:            6.484e+06     1.762   5.210e+06  2.084e+07
MPI Msg Count:        2.400e+01     1.143   2.175e+01  8.700e+01
MPI Msg Len (bytes):  2.757e+05     2.866   6.665e+03  5.799e+05
MPI Reductions:       4.300e+01     1.000

Flop counting convention: 1 flop = 1 real number operation of type (multiply/divide/add/subtract)
                            e.g., VecAXPY() for real vectors of length N --> 2N flops
                            and VecAXPY() for complex vectors of length N --> 8N flops

Summary of Stages:   ----- Time ------  ----- Flop ------  --- Messages ---  -- Message Lengths --  -- Reductions --
                        Avg     %Total     Avg     %Total    Count   %Total     Avg         %Total    Count   %Total
 0:      Main Stage: 6.3638e-03  26.7%  1.1207e+05  22.6%  3.600e+01  41.4%  1.491e+04       92.6%  2.500e+01  58.1%
 2:   Factorization: 1.6167e-02  67.9%  7.9972e+04  16.1%  0.000e+00   0.0%  0.000e+00        0.0%  0.000e+00   0.0%
 3:           Solve: 1.2800e-03   5.4%  3.0436e+05  61.3%  5.100e+01  58.6%  8.431e+02        7.4%  1.000e+00   2.3%

------------------------------------------------------------------------------------------------------------------------
See the 'Profiling' chapter of the users' manual for details on interpreting output.
Phase summary info:
   Count: number of times phase was executed
   Time and Flop: Max - maximum over all processors
                  Ratio - ratio of maximum to minimum over all processors
   Mess: number of messages sent
   AvgLen: average message length (bytes)
   Reduct: number of global reductions
   Global: entire computation
   Stage: stages of a computation. Set stages with PetscLogStagePush() and PetscLogStagePop().
      %T - percent time in this phase         %F - percent flop in this phase
      %M - percent messages in this phase     %L - percent message lengths in this phase
      %R - percent reductions in this phase
   Total Mflop/s: 1e-6 * (sum of flop over all processors)/(max time over all processors)
------------------------------------------------------------------------------------------------------------------------
Event                Count      Time (sec)     Flop                              --- Global ---  --- Stage ----  Total
                   Max Ratio  Max     Ratio   Max  Ratio  Mess   AvgLen  Reduct  %T %F %M %L %R  %T %F %M %L %R Mflop/s
------------------------------------------------------------------------------------------------------------------------

--- Event Stage 0: Main Stage

BuildTwoSided          2 1.0 6.3169e-05 1.2 0.00e+00 0.0 6.0e+00 4.0e+00 0.0e+00  0  0  7  0  0   1  0 17  0  0     0
BuildTwoSidedF         1 1.0 1.0419e-05 1.1 0.00e+00 0.0 0.0e+00 0.0e+00 0.0e+00  0  0  0  0  0   0  0  0  0  0     0
MatMult                1 1.0 1.1160e-04 1.0 2.95e+04 1.1 6.0e+00 6.2e+02 0.0e+00  0 23  7  1  0   2 100 17  1  0  1004
MatAssemblyBegin       1 1.0 6.1720e-06 8.1 0.00e+00 0.0 0.0e+00 0.0e+00 0.0e+00  0  0  0  0  0   0  0  0  0  0     0
MatAssemblyEnd         1 1.0 6.7823e-04 1.2 0.00e+00 0.0 1.2e+01 1.6e+02 1.0e+00  3  0 14  0  2  10  0 33  0  4     0
MatLoad                1 1.0 4.2845e-03 1.0 0.00e+00 0.0 3.0e+01 1.8e+04 1.7e+01 18  0 34 92 40  67  0 83 99 68     0
VecSet                 1 1.0 3.8770e-06 1.4 0.00e+00 0.0 0.0e+00 0.0e+00 0.0e+00  0  0  0  0  0   0  0  0  0  0     0
VecAssemblyBegin       1 1.0 2.1260e-05 1.2 0.00e+00 0.0 0.0e+00 0.0e+00 0.0e+00  0  0  0  0  0   0  0  0  0  0     0
VecAssemblyEnd         1 1.0 3.5660e-06 1.4 0.00e+00 0.0 0.0e+00 0.0e+00 0.0e+00  0  0  0  0  0   0  0  0  0  0     0
VecScatterBegin        1 1.0 4.4284e-05 1.1 0.00e+00 0.0 6.0e+00 6.2e+02 0.0e+00  0  0  7  1  0   1  0 17  1  0     0
VecScatterEnd          1 1.0 1.0039e-05 1.8 0.00e+00 0.0 0.0e+00 0.0e+00 0.0e+00  0  0  0  0  0   0  0  0  0  0     0
SFSetGraph             1 1.0 5.8010e-06 1.4 0.00e+00 0.0 0.0e+00 0.0e+00 0.0e+00  0  0  0  0  0   0  0  0  0  0     0
SFSetUp                1 1.0 1.1073e-04 1.1 0.00e+00 0.0 1.2e+01 1.6e+02 0.0e+00  0  0 14  0  0   2  0 33  0  0     0
SFPack                 1 1.0 1.6940e-06 2.7 0.00e+00 0.0 0.0e+00 0.0e+00 0.0e+00  0  0  0  0  0   0  0  0  0  0     0
SFUnpack               1 1.0 6.7100e-07 3.5 0.00e+00 0.0 0.0e+00 0.0e+00 0.0e+00  0  0  0  0  0   0  0  0  0  0     0

--- Event Stage 2: Factorization

MatLUFactorSym         1 1.0 6.8789e-03 1.0 0.00e+00 0.0 0.0e+00 0.0e+00 0.0e+00 29  0  0  0  0  43  0  0  0  0     0
MatLUFactorNum         1 1.0 9.1445e-03 1.0 2.43e+04 1.4 0.0e+00 0.0e+00 0.0e+00 38 16  0  0  0  56 100  0  0  0     9
KSPSetUp               1 1.0 2.3750e-06 3.5 0.00e+00 0.0 0.0e+00 0.0e+00 0.0e+00  0  0  0  0  0   0  0  0  0  0     0
PCSetUp                1 1.0 1.6044e-02 1.0 2.43e+04 1.4 0.0e+00 0.0e+00 0.0e+00 67 16  0  0  0  99 100  0  0  0     5

--- Event Stage 3: Solve

BuildTwoSided          1 1.0 1.4918e-05 1.6 0.00e+00 0.0 7.0e+00 4.0e+00 0.0e+00  0  0  8  0  0   1  0 14  0  0     0
MatSolve               1 1.0 1.2211e-03 1.1 1.04e+05 2.4 5.1e+01 8.4e+02 1.0e+00  5 61 59  7  2  94 100 100 100 100   249
VecScatterBegin        1 1.0 2.2151e-05 2.3 0.00e+00 0.0 7.0e+00 2.1e+03 0.0e+00  0  0  8  3  0   1  0 14 35  0     0
VecScatterEnd          1 1.0 4.7590e-06 1.5 0.00e+00 0.0 0.0e+00 0.0e+00 0.0e+00  0  0  0  0  0   0  0  0  0  0     0
SFSetGraph             1 1.0 4.4954e-05 1.2 0.00e+00 0.0 0.0e+00 0.0e+00 0.0e+00  0  0  0  0  0   3  0  0  0  0     0
SFSetUp                1 1.0 4.3592e-05 1.3 0.00e+00 0.0 1.4e+01 5.4e+02 0.0e+00  0  0 16  1  0   3  0 27 18  0     0
SFPack                 1 1.0 1.6630e-06 1.9 0.00e+00 0.0 0.0e+00 0.0e+00 0.0e+00  0  0  0  0  0   0  0  0  0  0     0
SFUnpack               1 1.0 1.3430e-06 1.9 0.00e+00 0.0 0.0e+00 0.0e+00 0.0e+00  0  0  0  0  0   0  0  0  0  0     0
KSPSolve               1 1.0 1.2610e-03 1.0 1.04e+05 2.4 5.1e+01 8.4e+02 1.0e+00  5 61 59  7  2  98 100 100 100 100   241
PCApply                1 1.0 1.2239e-03 1.1 1.04e+05 2.4 5.1e+01 8.4e+02 1.0e+00  5 61 59  7  2  94 100 100 100 100   249
------------------------------------------------------------------------------------------------------------------------

Object Type          Creations   Destructions. Reports information only for process 0.

--- Event Stage 0: Main Stage

              Viewer     1              1
              Matrix     4              4
              Vector     5              6
           Index Set     2              2
   Star Forest Graph     1              2
       Krylov Solver     1              1
      Preconditioner     1              1

--- Event Stage 1: Reorder


--- Event Stage 2: Factorization

              Vector     1              0

--- Event Stage 3: Solve

              Vector     1              1
           Index Set     2              2
   Star Forest Graph     1              0
========================================================================================================================
Average time to get PetscTime(): 3.61e-08
Average time for MPI_Barrier(): 2.0118e-06
Average time for zero size MPI_Send(): 1.48525e-06
#PETSc Option Table entries:
-log_view # (source: command line)
-mat_file ../matrices/bin/03_s_ex10hs.bin # (source: command line)
-mat_ordering_type natural # (source: command line)
-mat_solver_type mumps # (source: command line)
-matload_block_size 1 # (source: file)
-pc_type lu # (source: command line)
#End of PETSc Option Table entries
Compiled without FORTRAN kernels
Compiled with full precision matrices (default)
sizeof(short) 2 sizeof(int) 4 sizeof(long) 8 sizeof(void*) 8 sizeof(PetscScalar) 8 sizeof(PetscInt) 4
Configure options: --with-cc=gcc --with-cxx=g++ --with-fc=gfortran --with-debugging=0 --with-shared-libraries=1 --with-64-bit-indices=0 --download-mpich --download-netlib-lapack --with-netlib-lapack-c-bindings --download-scalapack --download-suitesparse --download-metis --download-parmetis --download-ptscotch --download-superlu --download-superlu_dist --download-mumps --download-pastix --download-hypre --download-hdf5 --download-zlib --download-hwloc --download-bison
-----------------------------------------
Libraries compiled on 2025-09-21 15:24:35 on HP-Pavilion-Gaming-Laptop-15-ec0xxx
Machine characteristics: Linux-6.8.0-83-generic-x86_64-with-glibc2.39
Using PETSc directory: /home/alexandr/Plocha/bsc_thesis/numerical_experiments/petsc
Using PETSc arch: arch-linux-c-opt
-----------------------------------------

Using C compiler: /home/alexandr/Plocha/bsc_thesis/numerical_experiments/petsc/arch-linux-c-opt/bin/mpicc  -Wall -Wwrite-strings -Wno-unknown-pragmas -Wno-lto-type-mismatch -Wno-stringop-overflow -fstack-protector -fvisibility=hidden -g -O 
Using Fortran compiler: /home/alexandr/Plocha/bsc_thesis/numerical_experiments/petsc/arch-linux-c-opt/bin/mpif90  -Wall -ffree-line-length-none -ffree-line-length-0 -Wno-lto-type-mismatch -Wno-unused-dummy-argument -g -O  
-----------------------------------------

Using include paths: -I/home/alexandr/Plocha/bsc_thesis/numerical_experiments/petsc/include -I/home/alexandr/Plocha/bsc_thesis/numerical_experiments/petsc/arch-linux-c-opt/include -I/home/alexandr/Plocha/bsc_thesis/numerical_experiments/petsc/arch-linux-c-opt/include/suitesparse
-----------------------------------------

Using C linker: /home/alexandr/Plocha/bsc_thesis/numerical_experiments/petsc/arch-linux-c-opt/bin/mpicc
Using Fortran linker: /home/alexandr/Plocha/bsc_thesis/numerical_experiments/petsc/arch-linux-c-opt/bin/mpif90
Using libraries: -Wl,-rpath,/home/alexandr/Plocha/bsc_thesis/numerical_experiments/petsc/arch-linux-c-opt/lib -L/home/alexandr/Plocha/bsc_thesis/numerical_experiments/petsc/arch-linux-c-opt/lib -lpetsc -Wl,-rpath,/home/alexandr/Plocha/bsc_thesis/numerical_experiments/petsc/arch-linux-c-opt/lib -L/home/alexandr/Plocha/bsc_thesis/numerical_experiments/petsc/arch-linux-c-opt/lib -Wl,-rpath,/usr/lib/gcc/x86_64-linux-gnu/13 -L/usr/lib/gcc/x86_64-linux-gnu/13 -lHYPRE -lspqr -lumfpack -lklu -lcholmod -lamd -lsuperlu_dist -ldmumps -lmumps_common -lpord -lpthread -lscalapack -lpastix -lsuperlu -llapacke -llapack -lcblas -lblas -lptesmumps -lptscotchparmetisv3 -lptscotch -lptscotcherr -lesmumps -lscotch -lscotcherr -llapacke -lcblas -llapack -lblas -lparmetis -lmetis -lhdf5_hl -lhdf5 -lm -lz -lhwloc -lX11 -lmpifort -lmpi -lgfortran -lm -lgfortran -lm -lgcc_s -lquadmath -lstdc++
-----------------------------------------

