****************************************************************************************************************************************************************
***                                WIDEN YOUR WINDOW TO 160 CHARACTERS.  Use 'enscript -r -fCourier9' to print this document                                 ***
****************************************************************************************************************************************************************

------------------------------------------------------------------ PETSc Performance Summary: ------------------------------------------------------------------

../scripts/experiment on a arch-linux-c-opt named HP-Pavilion-Gaming-Laptop-15-ec0xxx with 4 processes, by alexandr on Sun Sep 28 23:04:57 2025
Using PETSc Release Version 3.23.6, unknown

                         Max       Max/Min     Avg       Total
Time (sec):           6.250e-02     1.000   6.249e-02
Objects:              0.000e+00     0.000   0.000e+00
Flops:                6.456e+05     1.333   5.511e+05  2.204e+06
Flops/sec:            1.033e+07     1.333   8.820e+06  3.528e+07
MPI Msg Count:        3.300e+01     1.222   3.000e+01  1.200e+02
MPI Msg Len (bytes):  5.111e+05     2.800   8.913e+03  1.070e+06
MPI Reductions:       4.300e+01     1.000

Flop counting convention: 1 flop = 1 real number operation of type (multiply/divide/add/subtract)
                            e.g., VecAXPY() for real vectors of length N --> 2N flops
                            and VecAXPY() for complex vectors of length N --> 8N flops

Summary of Stages:   ----- Time ------  ----- Flop ------  --- Messages ---  -- Message Lengths --  -- Reductions --
                        Avg     %Total     Avg     %Total    Count   %Total     Avg         %Total    Count   %Total
 0:      Main Stage: 7.8348e-03  12.5%  2.0481e+05   9.3%  3.600e+01  30.0%  2.741e+04       92.3%  2.500e+01  58.1%
 2:   Factorization: 5.2490e-02  84.0%  6.9762e+05  31.6%  0.000e+00   0.0%  0.000e+00        0.0%  0.000e+00   0.0%
 3:           Solve: 2.1539e-03   3.4%  1.3020e+06  59.1%  8.400e+01  70.0%  9.863e+02        7.7%  1.000e+00   2.3%

------------------------------------------------------------------------------------------------------------------------
See the 'Profiling' chapter of the users' manual for details on interpreting output.
Phase summary info:
   Count: number of times phase was executed
   Time and Flop: Max - maximum over all processors
                  Ratio - ratio of maximum to minimum over all processors
   Mess: number of messages sent
   AvgLen: average message length (bytes)
   Reduct: number of global reductions
   Global: entire computation
   Stage: stages of a computation. Set stages with PetscLogStagePush() and PetscLogStagePop().
      %T - percent time in this phase         %F - percent flop in this phase
      %M - percent messages in this phase     %L - percent message lengths in this phase
      %R - percent reductions in this phase
   Total Mflop/s: 1e-6 * (sum of flop over all processors)/(max time over all processors)
------------------------------------------------------------------------------------------------------------------------
Event                Count      Time (sec)     Flop                              --- Global ---  --- Stage ----  Total
                   Max Ratio  Max     Ratio   Max  Ratio  Mess   AvgLen  Reduct  %T %F %M %L %R  %T %F %M %L %R Mflop/s
------------------------------------------------------------------------------------------------------------------------

--- Event Stage 0: Main Stage

BuildTwoSided          2 1.0 6.7667e-05 1.6 0.00e+00 0.0 6.0e+00 4.0e+00 0.0e+00  0  0  5  0  0   1  0 17  0  0     0
BuildTwoSidedF         1 1.0 8.5860e-06 1.0 0.00e+00 0.0 0.0e+00 0.0e+00 0.0e+00  0  0  0  0  0   0  0  0  0  0     0
MatMult                1 1.0 1.3882e-04 1.3 5.39e+04 1.1 6.0e+00 2.0e+03 0.0e+00  0  9  5  1  0   2 100 17  1  0  1475
MatAssemblyBegin       1 1.0 4.4590e-06 7.5 0.00e+00 0.0 0.0e+00 0.0e+00 0.0e+00  0  0  0  0  0   0  0  0  0  0     0
MatAssemblyEnd         1 1.0 7.3998e-04 1.2 0.00e+00 0.0 1.2e+01 5.0e+02 1.0e+00  1  0 10  1  2   9  0 33  1  4     0
MatLoad                1 1.0 5.2609e-03 1.0 0.00e+00 0.0 3.0e+01 3.2e+04 1.7e+01  8  0 25 91 40  67  0 83 99 68     0
VecSet                 1 1.0 4.2980e-06 1.0 0.00e+00 0.0 0.0e+00 0.0e+00 0.0e+00  0  0  0  0  0   0  0  0  0  0     0
VecAssemblyBegin       1 1.0 1.6891e-05 1.2 0.00e+00 0.0 0.0e+00 0.0e+00 0.0e+00  0  0  0  0  0   0  0  0  0  0     0
VecAssemblyEnd         1 1.0 2.7050e-06 1.0 0.00e+00 0.0 0.0e+00 0.0e+00 0.0e+00  0  0  0  0  0   0  0  0  0  0     0
VecScatterBegin        1 1.0 3.6869e-05 1.0 0.00e+00 0.0 6.0e+00 2.0e+03 0.0e+00  0  0  5  1  0   0  0 17  1  0     0
VecScatterEnd          1 1.0 1.1672e-05 2.2 0.00e+00 0.0 0.0e+00 0.0e+00 0.0e+00  0  0  0  0  0   0  0  0  0  0     0
SFSetGraph             1 1.0 1.4898e-05 3.5 0.00e+00 0.0 0.0e+00 0.0e+00 0.0e+00  0  0  0  0  0   0  0  0  0  0     0
SFSetUp                1 1.0 1.0528e-04 1.2 0.00e+00 0.0 1.2e+01 5.0e+02 0.0e+00  0  0 10  1  0   1  0 33  1  0     0
SFPack                 1 1.0 1.0720e-06 4.5 0.00e+00 0.0 0.0e+00 0.0e+00 0.0e+00  0  0  0  0  0   0  0  0  0  0     0
SFUnpack               1 1.0 6.5100e-07 2.7 0.00e+00 0.0 0.0e+00 0.0e+00 0.0e+00  0  0  0  0  0   0  0  0  0  0     0

--- Event Stage 2: Factorization

MatLUFactorSym         1 1.0 1.4437e-02 1.0 0.00e+00 0.0 0.0e+00 0.0e+00 0.0e+00 23  0  0  0  0  27  0  0  0  0     0
MatLUFactorNum         1 1.0 3.7906e-02 1.0 2.10e+05 1.3 0.0e+00 0.0e+00 0.0e+00 61 32  0  0  0  72 100  0  0  0    18
KSPSetUp               1 1.0 1.3330e-06 1.7 0.00e+00 0.0 0.0e+00 0.0e+00 0.0e+00  0  0  0  0  0   0  0  0  0  0     0
PCSetUp                1 1.0 5.2371e-02 1.0 2.10e+05 1.3 0.0e+00 0.0e+00 0.0e+00 84 32  0  0  0 100 100  0  0  0    13

--- Event Stage 3: Solve

BuildTwoSided          1 1.0 1.7422e-05 1.7 0.00e+00 0.0 1.2e+01 4.0e+00 0.0e+00  0  0 10  0  0   1  0 14  0  0     0
MatSolve               1 1.0 2.0926e-03 1.0 3.84e+05 1.4 8.4e+01 9.9e+02 1.0e+00  3 59 70  8  2  97 100 100 100 100   622
VecScatterBegin        1 1.0 2.3945e-05 1.9 0.00e+00 0.0 1.2e+01 2.5e+03 0.0e+00  0  0 10  3  0   1  0 14 36  0     0
VecScatterEnd          1 1.0 6.7130e-06 1.1 0.00e+00 0.0 0.0e+00 0.0e+00 0.0e+00  0  0  0  0  0   0  0  0  0  0     0
SFSetGraph             1 1.0 8.2435e-05 1.2 0.00e+00 0.0 0.0e+00 0.0e+00 0.0e+00  0  0  0  0  0   4  0  0  0  0     0
SFSetUp                1 1.0 6.5103e-05 1.4 0.00e+00 0.0 2.4e+01 6.3e+02 0.0e+00  0  0 20  1  0   2  0 29 18  0     0
SFPack                 1 1.0 3.6970e-06 3.1 0.00e+00 0.0 0.0e+00 0.0e+00 0.0e+00  0  0  0  0  0   0  0  0  0  0     0
SFUnpack               1 1.0 2.4750e-06 2.5 0.00e+00 0.0 0.0e+00 0.0e+00 0.0e+00  0  0  0  0  0   0  0  0  0  0     0
KSPSolve               1 1.0 2.1347e-03 1.0 3.84e+05 1.4 8.4e+01 9.9e+02 1.0e+00  3 59 70  8  2  99 100 100 100 100   610
PCApply                1 1.0 2.0953e-03 1.0 3.84e+05 1.4 8.4e+01 9.9e+02 1.0e+00  3 59 70  8  2  97 100 100 100 100   621
------------------------------------------------------------------------------------------------------------------------

Object Type          Creations   Destructions. Reports information only for process 0.

--- Event Stage 0: Main Stage

              Viewer     1              1
              Matrix     4              4
              Vector     5              6
           Index Set     2              2
   Star Forest Graph     1              2
       Krylov Solver     1              1
      Preconditioner     1              1

--- Event Stage 1: Reorder


--- Event Stage 2: Factorization

              Vector     1              0

--- Event Stage 3: Solve

              Vector     1              1
           Index Set     2              2
   Star Forest Graph     1              0
========================================================================================================================
Average time to get PetscTime(): 3.61e-08
Average time for MPI_Barrier(): 1.9338e-06
Average time for zero size MPI_Send(): 1.7735e-06
#PETSc Option Table entries:
-log_view # (source: command line)
-mat_file ../matrices/bin/04_s_nasa4704.bin # (source: command line)
-mat_ordering_type natural # (source: command line)
-mat_solver_type mumps # (source: command line)
-matload_block_size 1 # (source: file)
-pc_type lu # (source: command line)
#End of PETSc Option Table entries
Compiled without FORTRAN kernels
Compiled with full precision matrices (default)
sizeof(short) 2 sizeof(int) 4 sizeof(long) 8 sizeof(void*) 8 sizeof(PetscScalar) 8 sizeof(PetscInt) 4
Configure options: --with-cc=gcc --with-cxx=g++ --with-fc=gfortran --with-debugging=0 --with-shared-libraries=1 --with-64-bit-indices=0 --download-mpich --download-netlib-lapack --with-netlib-lapack-c-bindings --download-scalapack --download-suitesparse --download-metis --download-parmetis --download-ptscotch --download-superlu --download-superlu_dist --download-mumps --download-pastix --download-hypre --download-hdf5 --download-zlib --download-hwloc --download-bison
-----------------------------------------
Libraries compiled on 2025-09-21 15:24:35 on HP-Pavilion-Gaming-Laptop-15-ec0xxx
Machine characteristics: Linux-6.8.0-83-generic-x86_64-with-glibc2.39
Using PETSc directory: /home/alexandr/Plocha/bsc_thesis/numerical_experiments/petsc
Using PETSc arch: arch-linux-c-opt
-----------------------------------------

Using C compiler: /home/alexandr/Plocha/bsc_thesis/numerical_experiments/petsc/arch-linux-c-opt/bin/mpicc  -Wall -Wwrite-strings -Wno-unknown-pragmas -Wno-lto-type-mismatch -Wno-stringop-overflow -fstack-protector -fvisibility=hidden -g -O 
Using Fortran compiler: /home/alexandr/Plocha/bsc_thesis/numerical_experiments/petsc/arch-linux-c-opt/bin/mpif90  -Wall -ffree-line-length-none -ffree-line-length-0 -Wno-lto-type-mismatch -Wno-unused-dummy-argument -g -O  
-----------------------------------------

Using include paths: -I/home/alexandr/Plocha/bsc_thesis/numerical_experiments/petsc/include -I/home/alexandr/Plocha/bsc_thesis/numerical_experiments/petsc/arch-linux-c-opt/include -I/home/alexandr/Plocha/bsc_thesis/numerical_experiments/petsc/arch-linux-c-opt/include/suitesparse
-----------------------------------------

Using C linker: /home/alexandr/Plocha/bsc_thesis/numerical_experiments/petsc/arch-linux-c-opt/bin/mpicc
Using Fortran linker: /home/alexandr/Plocha/bsc_thesis/numerical_experiments/petsc/arch-linux-c-opt/bin/mpif90
Using libraries: -Wl,-rpath,/home/alexandr/Plocha/bsc_thesis/numerical_experiments/petsc/arch-linux-c-opt/lib -L/home/alexandr/Plocha/bsc_thesis/numerical_experiments/petsc/arch-linux-c-opt/lib -lpetsc -Wl,-rpath,/home/alexandr/Plocha/bsc_thesis/numerical_experiments/petsc/arch-linux-c-opt/lib -L/home/alexandr/Plocha/bsc_thesis/numerical_experiments/petsc/arch-linux-c-opt/lib -Wl,-rpath,/usr/lib/gcc/x86_64-linux-gnu/13 -L/usr/lib/gcc/x86_64-linux-gnu/13 -lHYPRE -lspqr -lumfpack -lklu -lcholmod -lamd -lsuperlu_dist -ldmumps -lmumps_common -lpord -lpthread -lscalapack -lpastix -lsuperlu -llapacke -llapack -lcblas -lblas -lptesmumps -lptscotchparmetisv3 -lptscotch -lptscotcherr -lesmumps -lscotch -lscotcherr -llapacke -lcblas -llapack -lblas -lparmetis -lmetis -lhdf5_hl -lhdf5 -lm -lz -lhwloc -lX11 -lmpifort -lmpi -lgfortran -lm -lgfortran -lm -lgcc_s -lquadmath -lstdc++
-----------------------------------------

