****************************************************************************************************************************************************************
***                                WIDEN YOUR WINDOW TO 160 CHARACTERS.  Use 'enscript -r -fCourier9' to print this document                                 ***
****************************************************************************************************************************************************************

------------------------------------------------------------------ PETSc Performance Summary: ------------------------------------------------------------------

../scripts/experiment on a arch-linux-c-opt named HP-Pavilion-Gaming-Laptop-15-ec0xxx with 4 processes, by alexandr on Sun Sep 28 23:04:56 2025
Using PETSc Release Version 3.23.6, unknown

                         Max       Max/Min     Avg       Total
Time (sec):           9.219e-02     1.001   9.215e-02
Objects:              0.000e+00     0.000   0.000e+00
Flops:                3.089e+05     1.910   2.022e+05  8.089e+05
Flops/sec:            3.351e+06     1.909   2.195e+06  8.778e+06
MPI Msg Count:        3.600e+01     1.200   3.300e+01  1.320e+02
MPI Msg Len (bytes):  4.126e+05     2.698   7.872e+03  1.039e+06
MPI Reductions:       4.300e+01     1.000

Flop counting convention: 1 flop = 1 real number operation of type (multiply/divide/add/subtract)
                            e.g., VecAXPY() for real vectors of length N --> 2N flops
                            and VecAXPY() for complex vectors of length N --> 8N flops

Summary of Stages:   ----- Time ------  ----- Flop ------  --- Messages ---  -- Message Lengths --  -- Reductions --
                        Avg     %Total     Avg     %Total    Count   %Total     Avg         %Total    Count   %Total
 0:      Main Stage: 9.8239e-03  10.7%  1.1929e+05  14.7%  5.400e+01  40.9%  1.441e+04       74.9%  2.500e+01  58.1%
 2:   Factorization: 7.9103e-02  85.8%  2.3057e+04   2.9%  0.000e+00   0.0%  0.000e+00        0.0%  0.000e+00   0.0%
 3:           Solve: 3.2131e-03   3.5%  6.6658e+05  82.4%  7.800e+01  59.1%  3.345e+03       25.1%  1.000e+00   2.3%

------------------------------------------------------------------------------------------------------------------------
See the 'Profiling' chapter of the users' manual for details on interpreting output.
Phase summary info:
   Count: number of times phase was executed
   Time and Flop: Max - maximum over all processors
                  Ratio - ratio of maximum to minimum over all processors
   Mess: number of messages sent
   AvgLen: average message length (bytes)
   Reduct: number of global reductions
   Global: entire computation
   Stage: stages of a computation. Set stages with PetscLogStagePush() and PetscLogStagePop().
      %T - percent time in this phase         %F - percent flop in this phase
      %M - percent messages in this phase     %L - percent message lengths in this phase
      %R - percent reductions in this phase
   Total Mflop/s: 1e-6 * (sum of flop over all processors)/(max time over all processors)
------------------------------------------------------------------------------------------------------------------------
Event                Count      Time (sec)     Flop                              --- Global ---  --- Stage ----  Total
                   Max Ratio  Max     Ratio   Max  Ratio  Mess   AvgLen  Reduct  %T %F %M %L %R  %T %F %M %L %R Mflop/s
------------------------------------------------------------------------------------------------------------------------

--- Event Stage 0: Main Stage

BuildTwoSided          2 1.0 1.2312e-04 3.3 0.00e+00 0.0 1.2e+01 4.0e+00 0.0e+00  0  0  9  0  0   1  0 22  0  0     0
BuildTwoSidedF         1 1.0 9.1570e-06 1.0 0.00e+00 0.0 0.0e+00 0.0e+00 0.0e+00  0  0  0  0  0   0  0  0  0  0     0
MatMult                1 1.0 3.2374e-03 1.0 5.42e+04 2.5 1.2e+01 4.0e+03 0.0e+00  3 15  9  5  0  33 100 22  6  0    37
MatAssemblyBegin       1 1.0 4.4380e-06 9.2 0.00e+00 0.0 0.0e+00 0.0e+00 0.0e+00  0  0  0  0  0   0  0  0  0  0     0
MatAssemblyEnd         1 1.0 1.1361e-03 1.5 0.00e+00 0.0 2.4e+01 9.9e+02 1.0e+00  1  0 18  2  2  10  0 44  3  4     0
MatLoad                1 1.0 4.7623e-03 1.0 0.00e+00 0.0 4.2e+01 1.7e+04 1.7e+01  5  0 32 70 40  48  0 78 94 68     0
VecSet                 1 1.0 6.3820e-06 1.3 0.00e+00 0.0 0.0e+00 0.0e+00 0.0e+00  0  0  0  0  0   0  0  0  0  0     0
VecAssemblyBegin       1 1.0 1.9266e-05 1.1 0.00e+00 0.0 0.0e+00 0.0e+00 0.0e+00  0  0  0  0  0   0  0  0  0  0     0
VecAssemblyEnd         1 1.0 2.5050e-06 1.0 0.00e+00 0.0 0.0e+00 0.0e+00 0.0e+00  0  0  0  0  0   0  0  0  0  0     0
VecScatterBegin        1 1.0 3.1503e-03 1.1 0.00e+00 0.0 1.2e+01 4.0e+03 0.0e+00  3  0  9  5  0  31  0 22  6  0     0
VecScatterEnd          1 1.0 1.1588e-04 7.4 0.00e+00 0.0 0.0e+00 0.0e+00 0.0e+00  0  0  0  0  0   1  0  0  0  0     0
SFSetGraph             1 1.0 4.7128e-05 4.5 0.00e+00 0.0 0.0e+00 0.0e+00 0.0e+00  0  0  0  0  0   0  0  0  0  0     0
SFSetUp                1 1.0 1.7259e-04 1.3 0.00e+00 0.0 2.4e+01 9.9e+02 0.0e+00  0  0 18  2  0   2  0 44  3  0     0
SFPack                 1 1.0 1.8344e-05 23.2 0.00e+00 0.0 0.0e+00 0.0e+00 0.0e+00  0  0  0  0  0   0  0  0  0  0     0
SFUnpack               1 1.0 9.6200e-07 6.9 0.00e+00 0.0 0.0e+00 0.0e+00 0.0e+00  0  0  0  0  0   0  0  0  0  0     0

--- Event Stage 2: Factorization

MatLUFactorSym         1 1.0 6.5520e-02 1.0 0.00e+00 0.0 0.0e+00 0.0e+00 0.0e+00 71  0  0  0  0  83  0  0  0  0     0
MatLUFactorNum         1 1.0 1.3455e-02 1.0 1.23e+04 3.7 0.0e+00 0.0e+00 0.0e+00 15  3  0  0  0  17 100  0  0  0     2
KSPSetUp               1 1.0 1.5530e-06 2.3 0.00e+00 0.0 0.0e+00 0.0e+00 0.0e+00  0  0  0  0  0   0  0  0  0  0     0
PCSetUp                1 1.0 7.8998e-02 1.0 1.23e+04 3.7 0.0e+00 0.0e+00 0.0e+00 86  3  0  0  0 100 100  0  0  0     0

--- Event Stage 3: Solve

BuildTwoSided          1 1.0 9.8174e-05 11.0 0.00e+00 0.0 1.1e+01 4.0e+00 0.0e+00  0  0  8  0  0   2  0 14  0  0     0
MatSolve               1 1.0 3.1480e-03 1.0 2.42e+05 1.8 7.8e+01 3.3e+03 1.0e+00  3 82 59 25  2  98 100 100 100 100   212
VecScatterBegin        1 1.0 2.6510e-05 1.4 0.00e+00 0.0 1.1e+01 8.1e+03 0.0e+00  0  0  8  9  0   1  0 14 34  0     0
VecScatterEnd          1 1.0 9.7280e-06 1.7 0.00e+00 0.0 0.0e+00 0.0e+00 0.0e+00  0  0  0  0  0   0  0  0  0  0     0
SFSetGraph             1 1.0 1.8313e-04 1.7 0.00e+00 0.0 0.0e+00 0.0e+00 0.0e+00  0  0  0  0  0   4  0  0  0  0     0
SFSetUp                1 1.0 1.7362e-04 1.9 0.00e+00 0.0 2.2e+01 2.0e+03 0.0e+00  0  0 17  4  0   4  0 28 17  0     0
SFPack                 1 1.0 7.2140e-06 2.1 0.00e+00 0.0 0.0e+00 0.0e+00 0.0e+00  0  0  0  0  0   0  0  0  0  0     0
SFUnpack               1 1.0 5.5600e-06 2.0 0.00e+00 0.0 0.0e+00 0.0e+00 0.0e+00  0  0  0  0  0   0  0  0  0  0     0
KSPSolve               1 1.0 3.1948e-03 1.0 2.42e+05 1.8 7.8e+01 3.3e+03 1.0e+00  3 82 59 25  2  99 100 100 100 100   209
PCApply                1 1.0 3.1515e-03 1.0 2.42e+05 1.8 7.8e+01 3.3e+03 1.0e+00  3 82 59 25  2  98 100 100 100 100   212
------------------------------------------------------------------------------------------------------------------------

Object Type          Creations   Destructions. Reports information only for process 0.

--- Event Stage 0: Main Stage

              Viewer     1              1
              Matrix     4              4
              Vector     5              6
           Index Set     2              2
   Star Forest Graph     1              2
       Krylov Solver     1              1
      Preconditioner     1              1

--- Event Stage 1: Reorder


--- Event Stage 2: Factorization

              Vector     1              0

--- Event Stage 3: Solve

              Vector     1              1
           Index Set     2              2
   Star Forest Graph     1              0
========================================================================================================================
Average time to get PetscTime(): 3.21e-08
Average time for MPI_Barrier(): 2.2562e-06
Average time for zero size MPI_Send(): 2.02625e-06
#PETSc Option Table entries:
-log_view # (source: command line)
-mat_file ../matrices/bin/09_u_powersim.bin # (source: command line)
-mat_ordering_type natural # (source: command line)
-mat_solver_type mumps # (source: command line)
-matload_block_size 1 # (source: file)
-pc_type lu # (source: command line)
#End of PETSc Option Table entries
Compiled without FORTRAN kernels
Compiled with full precision matrices (default)
sizeof(short) 2 sizeof(int) 4 sizeof(long) 8 sizeof(void*) 8 sizeof(PetscScalar) 8 sizeof(PetscInt) 4
Configure options: --with-cc=gcc --with-cxx=g++ --with-fc=gfortran --with-debugging=0 --with-shared-libraries=1 --with-64-bit-indices=0 --download-mpich --download-netlib-lapack --with-netlib-lapack-c-bindings --download-scalapack --download-suitesparse --download-metis --download-parmetis --download-ptscotch --download-superlu --download-superlu_dist --download-mumps --download-pastix --download-hypre --download-hdf5 --download-zlib --download-hwloc --download-bison
-----------------------------------------
Libraries compiled on 2025-09-21 15:24:35 on HP-Pavilion-Gaming-Laptop-15-ec0xxx
Machine characteristics: Linux-6.8.0-83-generic-x86_64-with-glibc2.39
Using PETSc directory: /home/alexandr/Plocha/bsc_thesis/numerical_experiments/petsc
Using PETSc arch: arch-linux-c-opt
-----------------------------------------

Using C compiler: /home/alexandr/Plocha/bsc_thesis/numerical_experiments/petsc/arch-linux-c-opt/bin/mpicc  -Wall -Wwrite-strings -Wno-unknown-pragmas -Wno-lto-type-mismatch -Wno-stringop-overflow -fstack-protector -fvisibility=hidden -g -O 
Using Fortran compiler: /home/alexandr/Plocha/bsc_thesis/numerical_experiments/petsc/arch-linux-c-opt/bin/mpif90  -Wall -ffree-line-length-none -ffree-line-length-0 -Wno-lto-type-mismatch -Wno-unused-dummy-argument -g -O  
-----------------------------------------

Using include paths: -I/home/alexandr/Plocha/bsc_thesis/numerical_experiments/petsc/include -I/home/alexandr/Plocha/bsc_thesis/numerical_experiments/petsc/arch-linux-c-opt/include -I/home/alexandr/Plocha/bsc_thesis/numerical_experiments/petsc/arch-linux-c-opt/include/suitesparse
-----------------------------------------

Using C linker: /home/alexandr/Plocha/bsc_thesis/numerical_experiments/petsc/arch-linux-c-opt/bin/mpicc
Using Fortran linker: /home/alexandr/Plocha/bsc_thesis/numerical_experiments/petsc/arch-linux-c-opt/bin/mpif90
Using libraries: -Wl,-rpath,/home/alexandr/Plocha/bsc_thesis/numerical_experiments/petsc/arch-linux-c-opt/lib -L/home/alexandr/Plocha/bsc_thesis/numerical_experiments/petsc/arch-linux-c-opt/lib -lpetsc -Wl,-rpath,/home/alexandr/Plocha/bsc_thesis/numerical_experiments/petsc/arch-linux-c-opt/lib -L/home/alexandr/Plocha/bsc_thesis/numerical_experiments/petsc/arch-linux-c-opt/lib -Wl,-rpath,/usr/lib/gcc/x86_64-linux-gnu/13 -L/usr/lib/gcc/x86_64-linux-gnu/13 -lHYPRE -lspqr -lumfpack -lklu -lcholmod -lamd -lsuperlu_dist -ldmumps -lmumps_common -lpord -lpthread -lscalapack -lpastix -lsuperlu -llapacke -llapack -lcblas -lblas -lptesmumps -lptscotchparmetisv3 -lptscotch -lptscotcherr -lesmumps -lscotch -lscotcherr -llapacke -lcblas -llapack -lblas -lparmetis -lmetis -lhdf5_hl -lhdf5 -lm -lz -lhwloc -lX11 -lmpifort -lmpi -lgfortran -lm -lgfortran -lm -lgcc_s -lquadmath -lstdc++
-----------------------------------------

