+-------------------------------------------------+
+     PaStiX : Parallel Sparse matriX package     +
+-------------------------------------------------+
  Version:                                   6.4.0
  Schedulers:
    sequential:                            Enabled
    thread static:                         Started
    thread dynamic:                        Started
    PaRSEC:                               Disabled
    StarPU:                               Disabled
  Number of MPI processes:                       8
  Number of threads per process:                 1
  Number of GPUs:                                0
  MPI communication support:              PastixMpiThreadFunneled
  Distribution level:                     2D( 160)
  Blocking size (min/max):              160 /  320
  Computational models
    CPU:              AMD Opteron 6180 - Intel MKL
    GPU:             Nvidia K40 GK1108L - CUDA 8.0
  Low rank parameters:
    Strategy                        No compression
+-------------------------------------------------+
  Ordering subtask :
    Prepare graph structure:
      Sort row indexes in each column
      Removing diagonal elements
    Ordering method is: Metis
    Time to compute ordering              1.170310e+01 s
+-------------------------------------------------+
  Symbolic factorization subtask:
    Symbol factorization using: Fax Direct
    Symbol Matrix statistics:
      Number of cblk                         82294
      Number of blok                        351092
      Cblk width min                             1
      Cblk width max                          1548
      Cblk width avg                          2.06
      Cblk width stdev                        5.45
      Blok height min                            1
      Blok height max                          137
      Blok height avg                         1.70
      Blok height stdev                       4.37
      Memory space                            9.52 Mo
    Number of nonzeroes in L structure     2541266
    Fill-in of L                          1.986491
    Time to compute symbol matrix         3.749588e-02 s
+-------------------------------------------------+
  Reordering subtask:
    Split level                                  0
    Stoping criterion                           -1
    Time for reordering                   5.725763e-01 s
+-------------------------------------------------+
  Mapping/Scheduling subtask:
OUTPUTDIR: pastix-1yWWdq
    Number of cluster                            8
    Number of processor per cluster              1
    Number of thread per MPI process             1
    Symbol Matrix statistics:
      Number of cblk                         82298
      Number of blok                        221692
      Cblk width min                             1
      Cblk width max                           331
      Cblk width avg                          2.06
      Cblk width stdev                        2.54
      Blok height min                            1
      Blok height max                          331
      Blok height avg                         2.70
      Blok height stdev                       7.38
      Memory space                            7.05 Mo
    Symbol split done in                  6.985097e-03 s
    Elimination tree built in             3.290463e-03 s
    Cost matrix built in                  1.893839e-03 s
    Estimated total cost of the etree     1.209592e+00 s
    Estimated critical path of the etree  0.000000e+00 s
    Proportional mapping done in          4.962596e-03 s
    Simulation structures built in        1.605852e-02 s
    Number of tasks found                    82298
    Simulation done in                    4.924928e-02 s
    Solver built in                       6.512991e-02 s
    Number of non-zeroes in blocked L      5082532
    Fill-in                               3.972982
    Number of operations in full-rank: LU        2.44 GFlops
    Prediction:
      Model                              AMD 6180  MKL
      Time to factorize                   6.576844e-01 s
    Time for mapping/scheduling           1.880255e-01 s
+-------------------------------------------------+
  Analyze task:
    Total time for analyze                1.250630e+01 s
+-------------------------------------------------+
  Factorization task:
    Factorization used: LU
    ||A||_2  =                            1.495831e+05
    Time to initialize internal csc       2.636778e-02 s
    Time to initialize coeftab            5.320248e-03 s
    Time to factorize                     1.893277e-01 s (12.90 GFlop/s)
    Number of operations                       -17666769962.00  Flops
    Number of static pivots                      0
    Memory usage of coeftab                       2.53 Mo
    Time to solve                         1.114927e-02 s
    Time to solve                         1.082196e-02 s
    - iteration 1 :
         total iteration time                   0.0145 s
         error                                  3.9549e-13
    Time for refinement                   2.081176e-02 s
||Ax - b||_2 = 6.643110e-08
