+-------------------------------------------------+
+     PaStiX : Parallel Sparse matriX package     +
+-------------------------------------------------+
  Version:                                   6.4.0
  Schedulers:
    sequential:                            Enabled
    thread static:                         Started
    thread dynamic:                        Started
    PaRSEC:                               Disabled
    StarPU:                               Disabled
  Number of MPI processes:                       8
  Number of threads per process:                 1
  Number of GPUs:                                0
  MPI communication support:              PastixMpiThreadFunneled
  Distribution level:                     2D( 160)
  Blocking size (min/max):              160 /  320
  Computational models
    CPU:              AMD Opteron 6180 - Intel MKL
    GPU:             Nvidia K40 GK1108L - CUDA 8.0
  Low rank parameters:
    Strategy                        No compression
+-------------------------------------------------+
  Ordering subtask :
    Prepare graph structure:
      Sort row indexes in each column
      Removing diagonal elements
    Ordering method is: Metis
    Time to compute ordering              8.493172e-01 s
+-------------------------------------------------+
  Symbolic factorization subtask:
    Symbol factorization using: Fax Direct
    Symbol Matrix statistics:
      Number of cblk                         20105
      Number of blok                        189673
      Cblk width min                             2
      Cblk width max                           765
      Cblk width avg                          7.30
      Cblk width stdev                        8.40
      Blok height min                            1
      Blok height max                          200
      Blok height avg                         2.55
      Blok height stdev                       3.68
      Memory space                            4.31 Mo
    Number of nonzeroes in L structure     7490808
    Fill-in of L                          2.059811
    Time to compute symbol matrix         3.721840e-02 s
+-------------------------------------------------+
  Reordering subtask:
    Split level                                  0
    Stoping criterion                           -1
    Time for reordering                   1.288028e-01 s
+-------------------------------------------------+
  Mapping/Scheduling subtask:
OUTPUTDIR: pastix-kbhflx
    Number of cluster                            8
    Number of processor per cluster              1
    Number of thread per MPI process             1
    Symbol Matrix statistics:
      Number of cblk                         20107
      Number of blok                         81631
      Cblk width min                             2
      Cblk width max                           266
      Cblk width avg                          7.30
      Cblk width stdev                        7.15
      Blok height min                            1
      Blok height max                          266
      Blok height avg                         5.94
      Blok height stdev                       7.34
      Memory space                            2.25 Mo
    Symbol split done in                  2.488334e-03 s
    Elimination tree built in             3.245000e-04 s
    Cost matrix built in                  9.572180e-04 s
    Estimated total cost of the etree     5.649082e-01 s
    Estimated critical path of the etree  0.000000e+00 s
    Proportional mapping done in          1.104184e-03 s
    Simulation structures built in        8.162930e-04 s
    Number of tasks found                    20107
    Simulation done in                    2.249363e-02 s
    Solver built in                       1.416149e-02 s
    Number of non-zeroes in blocked L     14981616
    Fill-in                               4.119621
    Number of operations in full-rank: LU        2.21 GFlops
    Prediction:
      Model                              AMD 6180  MKL
      Time to factorize                   2.490842e-01 s
    Time for mapping/scheduling           5.201703e-02 s
+-------------------------------------------------+
  Analyze task:
    Total time for analyze                1.073569e+00 s
+-------------------------------------------------+
  Factorization task:
    Factorization used: LU
    ||A||_2  =                            6.316504e+02
    Time to initialize internal csc       5.057952e-02 s
    Time to initialize coeftab            8.539780e-03 s
    Time to factorize                     8.857970e-02 s (24.90 GFlop/s)
    Number of operations                       -2882736675.00  Flops
    Number of static pivots                      0
    Memory usage of coeftab                       11.7 Mo
    Time to solve                         8.836208e-03 s
    Time for refinement                   2.941706e-03 s
||Ax - b||_2 = 2.191159e-13
