+-------------------------------------------------+
+     PaStiX : Parallel Sparse matriX package     +
+-------------------------------------------------+
  Version:                                   6.4.0
  Schedulers:
    sequential:                            Enabled
    thread static:                         Started
    thread dynamic:                        Started
    PaRSEC:                               Disabled
    StarPU:                               Disabled
  Number of MPI processes:                       8
  Number of threads per process:                 1
  Number of GPUs:                                0
  MPI communication support:              PastixMpiThreadFunneled
  Distribution level:                     2D( 160)
  Blocking size (min/max):              160 /  320
  Computational models
    CPU:              AMD Opteron 6180 - Intel MKL
    GPU:             Nvidia K40 GK1108L - CUDA 8.0
  Low rank parameters:
    Strategy                        No compression
+-------------------------------------------------+
  Ordering subtask :
    Prepare graph structure:
      Sort row indexes in each column
      Removing diagonal elements
    Ordering method is: Metis
    Time to compute ordering              3.848382e-01 s
+-------------------------------------------------+
  Symbolic factorization subtask:
    Symbol factorization using: Fax Direct
    Symbol Matrix statistics:
      Number of cblk                         39903
      Number of blok                        242395
      Cblk width min                             1
      Cblk width max                           551
      Cblk width avg                          2.51
      Cblk width stdev                        3.90
      Blok height min                            1
      Blok height max                          183
      Blok height avg                         1.56
      Blok height stdev                       1.95
      Memory space                            5.99 Mo
    Number of nonzeroes in L structure     2336609
    Fill-in of L                          4.289812
    Time to compute symbol matrix         2.515658e-02 s
+-------------------------------------------------+
  Reordering subtask:
    Split level                                  0
    Stoping criterion                           -1
    Time for reordering                   6.672277e-02 s
+-------------------------------------------------+
  Mapping/Scheduling subtask:
OUTPUTDIR: pastix-lHVtd6
    Number of cluster                            8
    Number of processor per cluster              1
    Number of thread per MPI process             1
    Symbol Matrix statistics:
      Number of cblk                         39904
      Number of blok                        144883
      Cblk width min                             1
      Cblk width max                           303
      Cblk width avg                          2.51
      Cblk width stdev                        3.39
      Blok height min                            1
      Blok height max                          303
      Blok height avg                         2.61
      Blok height stdev                       3.54
      Memory space                            4.13 Mo
    Symbol split done in                  3.436808e-03 s
    Elimination tree built in             5.785970e-04 s
    Cost matrix built in                  1.259236e-03 s
    Estimated total cost of the etree     6.077352e-01 s
    Estimated critical path of the etree  0.000000e+00 s
    Proportional mapping done in          2.739740e-04 s
    Simulation structures built in        1.026681e-02 s
    Number of tasks found                    39904
    Simulation done in                    3.699931e-02 s
    Solver built in                       3.584419e-02 s
    Number of non-zeroes in blocked L      4673218
    Fill-in                               8.579624
    Number of operations in full-rank: LU       458.35 MFlops
    Prediction:
      Model                              AMD 6180  MKL
      Time to factorize                   2.145958e-01 s
    Time for mapping/scheduling           1.139268e-01 s
+-------------------------------------------------+
  Analyze task:
    Total time for analyze                5.929570e-01 s
+-------------------------------------------------+
  Factorization task:
    Factorization used: LU
    ||A||_2  =                            7.380298e+02
    Time to initialize internal csc       8.357584e-03 s
    Time to initialize coeftab            4.147373e-03 s
    Time to factorize                     2.685693e-02 s (16.67 GFlop/s)
    Number of operations                       -1242407784.00  Flops
    Number of static pivots                  11910
    Memory usage of coeftab                       5.52 Mo
    Time to solve                         6.741498e-03 s
    Time to solve                         6.848899e-03 s
    - iteration 1 :
         total iteration time                   0.00844 s
         error                                  7.9233e+21
    Time to solve                         6.127544e-03 s
    - iteration 2 :
         total iteration time                   0.00799 s
         error                                  2.8754e+21
    Time to solve                         6.024891e-03 s
    - iteration 3 :
         total iteration time                   0.00741 s
         error                                  2.0907e+21
    Time to solve                         6.676795e-03 s
    - iteration 4 :
         total iteration time                   0.00813 s
         error                                  2.0585e+21
    Time to solve                         6.599621e-03 s
    - iteration 5 :
         total iteration time                   0.00802 s
         error                                  1.3281e+21
    Time to solve                         6.003261e-03 s
    - iteration 6 :
         total iteration time                   0.0077 s
         error                                  1.322e+21
    Time to solve                         5.881641e-03 s
    - iteration 7 :
         total iteration time                   0.00749 s
         error                                  4.2348e+19
    Time to solve                         6.729635e-03 s
    - iteration 8 :
         total iteration time                   0.00824 s
         error                                  4.1862e+19
    Time to solve                         6.581176e-03 s
    - iteration 9 :
         total iteration time                   0.0082 s
         error                                  3.6183e+19
    Time to solve                         6.243772e-03 s
    - iteration 10 :
         total iteration time                   0.00783 s
         error                                  1.8755e+19
    Time to solve                         5.965189e-03 s
    - iteration 11 :
         total iteration time                   0.00771 s
         error                                  1.7331e+18
    Time to solve                         5.895658e-03 s
    - iteration 12 :
         total iteration time                   0.00746 s
         error                                  1.7014e+18
    Time to solve                         6.544948e-03 s
    - iteration 13 :
         total iteration time                   0.00808 s
         error                                  1.455e+18
    Time to solve                         6.428309e-03 s
    - iteration 14 :
         total iteration time                   0.00807 s
         error                                  1.33e+18
    Time to solve                         6.069555e-03 s
    - iteration 15 :
         total iteration time                   0.00776 s
         error                                  1.3291e+18
    Time to solve                         5.827700e-03 s
    - iteration 16 :
         total iteration time                   0.00791 s
         error                                  1.3095e+18
    Time to solve                         5.926606e-03 s
    - iteration 17 :
         total iteration time                   0.00755 s
         error                                  1.1122e+18
    Time to solve                         6.418180e-03 s
    - iteration 18 :
         total iteration time                   0.00816 s
         error                                  1.0251e+18
    Time to solve                         6.330354e-03 s
    - iteration 19 :
         total iteration time                   0.00799 s
         error                                  7.9221e+17
    Time to solve                         6.059346e-03 s
    - iteration 20 :
         total iteration time                   0.00785 s
         error                                  6.5336e+17
    Time for refinement                   1.606320e-01 s
||Ax - b||_2 = 1.169565e+21
