+-------------------------------------------------+
+     PaStiX : Parallel Sparse matriX package     +
+-------------------------------------------------+
  Version:                                   6.4.0
  Schedulers:
    sequential:                            Enabled
    thread static:                         Started
    thread dynamic:                        Started
    PaRSEC:                               Disabled
    StarPU:                               Disabled
  Number of MPI processes:                       8
  Number of threads per process:                 1
  Number of GPUs:                                0
  MPI communication support:              PastixMpiThreadFunneled
  Distribution level:                     2D( 160)
  Blocking size (min/max):              160 /  320
  Computational models
    CPU:              AMD Opteron 6180 - Intel MKL
    GPU:             Nvidia K40 GK1108L - CUDA 8.0
  Low rank parameters:
    Strategy                        No compression
spmCheckAndCorrect: 164188 entries have been added for symmetry
+-------------------------------------------------+
  Ordering subtask :
    Prepare graph structure:
      Sort row indexes in each column
      Removing diagonal elements
    Ordering method is: Metis
    Time to compute ordering              1.682104e-01 s
+-------------------------------------------------+
  Symbolic factorization subtask:
    Symbol factorization using: Fax Direct
    Symbol Matrix statistics:
      Number of cblk                         39928
      Number of blok                         42176
      Cblk width min                             2
      Cblk width max                            18
      Cblk width avg                          2.74
      Cblk width stdev                        1.59
      Blok height min                            2
      Blok height max                           10
      Blok height avg                         2.04
      Blok height stdev                       0.32
      Memory space                            2.18 Mo
    Number of nonzeroes in L structure      381362
    Fill-in of L                          0.580679
    Time to compute symbol matrix         9.328528e-03 s
+-------------------------------------------------+
  Reordering subtask:
    Split level                                  0
    Stoping criterion                           -1
    Time for reordering                   1.820685e-02 s
+-------------------------------------------------+
  Mapping/Scheduling subtask:
OUTPUTDIR: pastix-OfBnS6
    Number of cluster                            8
    Number of processor per cluster              1
    Number of thread per MPI process             1
    Symbol Matrix statistics:
      Number of cblk                         39928
      Number of blok                         41705
      Cblk width min                             2
      Cblk width max                            18
      Cblk width avg                          2.74
      Cblk width stdev                        1.59
      Blok height min                            1
      Blok height max                           14
      Blok height avg                         2.06
      Blok height stdev                       0.46
      Memory space                            2.17 Mo
    Symbol split done in                  1.730450e-04 s
    Elimination tree built in             1.719042e-03 s
    Cost matrix built in                  5.816330e-04 s
    Estimated total cost of the etree     3.771894e-01 s
    Estimated critical path of the etree  0.000000e+00 s
    Proportional mapping done in          5.210090e-04 s
    Simulation structures built in        5.919159e-03 s
    Number of tasks found                    39928
    Simulation done in                    1.357894e-02 s
    Solver built in                       1.380651e-02 s
    Number of non-zeroes in blocked L       762724
    Fill-in                               1.161358
    Number of operations in full-rank: LU        4.37 MFlops
    Prediction:
      Model                              AMD 6180  MKL
      Time to factorize                   9.612619e-02 s
    Time for mapping/scheduling           5.006309e-02 s
+-------------------------------------------------+
  Analyze task:
    Total time for analyze                2.473706e-01 s
+-------------------------------------------------+
  Factorization task:
    Factorization used: LU
    ||A||_2  =                            5.592139e+03
    Time to initialize internal csc       7.630997e-03 s
    Time to initialize coeftab            1.433645e-03 s
    Time to factorize                     2.183715e-03 s ( 1.96 GFlop/s)
    Number of operations                       36.14 MFlops
    Number of static pivots                      0
    Memory usage of coeftab                        971 Ko
    Time to solve                         1.813860e-03 s
    Time for refinement                   2.096882e-03 s
||Ax - b||_2 = 1.753936e-12
