+-------------------------------------------------+
+     PaStiX : Parallel Sparse matriX package     +
+-------------------------------------------------+
  Version:                                   6.4.0
  Schedulers:
    sequential:                            Enabled
    thread static:                         Started
    thread dynamic:                        Started
    PaRSEC:                               Disabled
    StarPU:                               Disabled
  Number of MPI processes:                       8
  Number of threads per process:                 1
  Number of GPUs:                                0
  MPI communication support:              PastixMpiThreadFunneled
  Distribution level:                     2D( 160)
  Blocking size (min/max):              160 /  320
  Computational models
    CPU:              AMD Opteron 6180 - Intel MKL
    GPU:             Nvidia K40 GK1108L - CUDA 8.0
  Low rank parameters:
    Strategy                        No compression
+-------------------------------------------------+
+     PaStiX : Parallel Sparse matriX package     +
+-------------------------------------------------+
  Version:                                   6.4.0
  Schedulers:
    sequential:                            Enabled
    thread static:                         Started
    thread dynamic:                        Started
    PaRSEC:                               Disabled
    StarPU:                               Disabled
  Number of MPI processes:                       8
  Number of threads per process:                 1
  Number of GPUs:                                0
  MPI communication support:              PastixMpiThreadFunneled
  Distribution level:                     2D( 160)
  Blocking size (min/max):              160 /  320
  Computational models
    CPU:              AMD Opteron 6180 - Intel MKL
    GPU:             Nvidia K40 GK1108L - CUDA 8.0
  Low rank parameters:
    Strategy                        No compression
spmCheckAndCorrect: 349162 entries have been added for symmetry
+-------------------------------------------------+
  Ordering subtask :
    Ordering method is: Metis
    Time to compute ordering              5.467868e+00 s
+-------------------------------------------------+
  Symbolic factorization subtask:
    Symbol factorization using: Fax Direct
    Number of nonzeroes in L structure     3272212
    Fill-in of L                          1.459160
    Time to compute symbol matrix         4.374858e-01 s
+-------------------------------------------------+
  Reordering subtask:
    Split level                                  0
    Stoping criterion                           -1
    Time for reordering                   8.189091e-01 s
+-------------------------------------------------+
  Mapping/Scheduling subtask:
    Number of non-zeroes in blocked L      6544424
    Fill-in                               2.918319
    Number of operations in full-rank: LU        2.49 GFlops
    Prediction:
      Model                              AMD 6180  MKL
      Time to factorize                   8.782487e-01 s
    Time for mapping/scheduling           1.643598e+00 s
+-------------------------------------------------+
  Analyze task:
    Total time for analyze                8.431362e+00 s
+-------------------------------------------------+
  Factorization task:
    Factorization used: LU
    Time to initialize internal csc       1.758495e-01 s
    Time to initialize coeftab            3.152282e-02 s
    Time to factorize                     1.329199e+00 s ( 1.87 GFlop/s)
    Number of operations                       -841126435657.00  Flops
    Number of static pivots                   2119
    Memory usage of coeftab                       4.95 Mo
    Time to solve                         1.869455e-01 s
    - iteration 1 :
         total iteration time                   0.237 s
         error                                  7.7453e-08
    - iteration 2 :
         total iteration time                   0.24 s
         error                                  7.7257e-08
    - iteration 3 :
         total iteration time                   0.2 s
         error                                  7.6099e-08
    - iteration 4 :
         total iteration time                   0.27 s
         error                                  7.2111e-08
    - iteration 5 :
         total iteration time                   0.209 s
         error                                  7.0318e-08
    - iteration 6 :
         total iteration time                   0.249 s
         error                                  7.0233e-08
    - iteration 7 :
         total iteration time                   0.268 s
         error                                  5.0963e-08
    - iteration 8 :
         total iteration time                   0.26 s
         error                                  4.7353e-08
    - iteration 9 :
         total iteration time                   0.315 s
         error                                  3.6144e-08
    - iteration 10 :
         total iteration time                   0.323 s
         error                                  2.9042e-08
    - iteration 11 :
         total iteration time                   0.32 s
         error                                  2.868e-08
    - iteration 12 :
         total iteration time                   0.247 s
         error                                  2.8202e-08
    - iteration 13 :
         total iteration time                   0.288 s
         error                                  2.6419e-08
    - iteration 14 :
         total iteration time                   0.238 s
         error                                  2.6292e-08
    - iteration 15 :
         total iteration time                   0.272 s
         error                                  2.6166e-08
    - iteration 16 :
         total iteration time                   0.25 s
         error                                  2.5617e-08
    - iteration 17 :
         total iteration time                   0.285 s
         error                                  2.4491e-08
    - iteration 18 :
         total iteration time                   0.259 s
         error                                  2.396e-08
    - iteration 19 :
         total iteration time                   0.276 s
         error                                  1.8457e-08
    - iteration 20 :
         total iteration time                   0.257 s
         error                                  1.6985e-08
    Time for refinement                   5.380109e+00 s
||Ax - b||_2 = 2.804225e-04
