+-------------------------------------------------+
+     PaStiX : Parallel Sparse matriX package     +
+-------------------------------------------------+
  Version:                                   6.4.0
  Schedulers:
    sequential:                            Enabled
    thread static:                         Started
    thread dynamic:                        Started
    PaRSEC:                               Disabled
    StarPU:                               Disabled
  Number of MPI processes:                       8
  Number of threads per process:                 1
  Number of GPUs:                                0
  MPI communication support:              PastixMpiThreadFunneled
  Distribution level:                     2D( 160)
  Blocking size (min/max):              160 /  320
  Computational models
    CPU:              AMD Opteron 6180 - Intel MKL
    GPU:             Nvidia K40 GK1108L - CUDA 8.0
  Low rank parameters:
    Strategy                        No compression
+-------------------------------------------------+
  Ordering subtask :
    Prepare graph structure:
      Sort row indexes in each column
      Removing diagonal elements
    Ordering method is: Metis
    Time to compute ordering              1.197611e+00 s
+-------------------------------------------------+
  Symbolic factorization subtask:
    Symbol factorization using: Fax Direct
    Symbol Matrix statistics:
      Number of cblk                         25783
      Number of blok                        147052
      Cblk width min                             3
      Cblk width max                          1624
      Cblk width avg                         16.13
      Cblk width stdev                       18.83
      Blok height min                            1
      Blok height max                          574
      Blok height avg                        11.26
      Blok height stdev                      11.71
      Memory space                            3.69 Mo
    Number of nonzeroes in L structure    53980795
    Fill-in of L                          2.666912
    Time to compute symbol matrix         9.149734e-02 s
+-------------------------------------------------+
  Reordering subtask:
    Split level                                  0
    Stoping criterion                           -1
    Time for reordering                   2.987897e-01 s
+-------------------------------------------------+
  Mapping/Scheduling subtask:
OUTPUTDIR: pastix-lbSREd
    Number of cluster                            8
    Number of processor per cluster              1
    Number of thread per MPI process             1
    Symbol Matrix statistics:
      Number of cblk                         25792
      Number of blok                         93413
      Cblk width min                             3
      Cblk width max                           301
      Cblk width avg                         16.12
      Cblk width stdev                       16.12
      Blok height min                            1
      Blok height max                          301
      Blok height avg                        17.80
      Blok height stdev                      18.23
      Memory space                            2.67 Mo
    Symbol split done in                  2.627273e-03 s
    Elimination tree built in             6.470650e-04 s
    Cost matrix built in                  9.382020e-04 s
    Estimated total cost of the etree     3.087690e+00 s
    Estimated critical path of the etree  0.000000e+00 s
    Proportional mapping done in          3.092510e-04 s
    Simulation structures built in        3.244643e-03 s
    Number of tasks found                    25792
    Simulation done in                    2.323282e-02 s
    Solver built in                       1.663597e-02 s
    Number of non-zeroes in blocked L     107961590
    Fill-in                               5.333824
    Number of operations in full-rank: LU       31.53 GFlops
    Prediction:
      Model                              AMD 6180  MKL
      Time to factorize                   1.366848e+00 s
    Time for mapping/scheduling           5.762865e-02 s
+-------------------------------------------------+
  Analyze task:
    Total time for analyze                1.663156e+00 s
+-------------------------------------------------+
  Factorization task:
    Factorization used: LU
    ||A||_2  =                            5.146865e+09
    Time to initialize internal csc       2.164210e-01 s
    Time to initialize coeftab            6.068242e-02 s
    Time to factorize                     7.717692e-01 s (40.86 GFlop/s)
    Number of operations                       -84613506904.00  Flops
    Number of static pivots                      0
    Memory usage of coeftab                       84.4 Mo
    Time to solve                         3.562116e-02 s
    Time for refinement                   1.030037e-02 s
||Ax - b||_2 = 2.596101e-06
