+-------------------------------------------------+
+     PaStiX : Parallel Sparse matriX package     +
+-------------------------------------------------+
  Version:                                   6.4.0
  Schedulers:
    sequential:                            Enabled
    thread static:                         Started
    thread dynamic:                        Started
    PaRSEC:                               Disabled
    StarPU:                               Disabled
  Number of MPI processes:                       4
  Number of threads per process:                 2
  Number of GPUs:                                0
  MPI communication support:              PastixMpiThreadFunneled
  Distribution level:                     2D( 160)
  Blocking size (min/max):              160 /  320
  Computational models
    CPU:              AMD Opteron 6180 - Intel MKL
    GPU:             Nvidia K40 GK1108L - CUDA 8.0
  Low rank parameters:
    Strategy                        No compression
spmCheckAndCorrect: 15529 entries have been added for symmetry
+-------------------------------------------------+
  Ordering subtask :
    Ordering method is: Scotch
    Time to compute ordering              2.708041e-02 s
+-------------------------------------------------+
  Symbolic factorization subtask:
    Symbol factorization using: Fax Direct
    Number of nonzeroes in L structure      108633
    Fill-in of L                          1.300138
    Time to compute symbol matrix         3.671570e-04 s
+-------------------------------------------------+
  Reordering subtask:
    Split level                                  0
    Stoping criterion                           -1
    Time for reordering                   1.039451e-03 s
+-------------------------------------------------+
  Mapping/Scheduling subtask:
    Number of non-zeroes in blocked L       217266
    Fill-in                               2.600275
    Number of operations in full-rank: LU        7.80 MFlops
    Prediction:
      Model                              AMD 6180  MKL
      Time to factorize                   1.767966e-03 s
    Time for mapping/scheduling           1.217477e-03 s
+-------------------------------------------------+
  Analyze task:
    Total time for analyze                3.032015e-02 s
+-------------------------------------------------+
  Factorization task:
    Factorization used: LU
    Time to initialize internal csc       2.763349e-03 s
    Time to initialize coeftab            1.483433e-03 s
    Time to factorize                     5.328067e-03 s ( 1.43 GFlop/s)
    Number of operations                       26.58 MFlops
    Number of static pivots                    767
    Memory usage of coeftab                        594 Ko
    Time to solve                         4.866560e-04 s
    - iteration 1 :
         total iteration time                   0.00412 s
         error                                  0.0012871
    - iteration 2 :
         total iteration time                   0.013 s
         error                                  0.0012515
[mpiexec@HP-Pavilion-Gaming-Laptop-15-ec0xxx] Sending Ctrl-C to processes as requested
[mpiexec@HP-Pavilion-Gaming-Laptop-15-ec0xxx] Press Ctrl-C again to force abort

===================================================================================
=   BAD TERMINATION OF ONE OF YOUR APPLICATION PROCESSES
=   PID 31740 RUNNING AT HP-Pavilion-Gaming-Laptop-15-ec0xxx
=   EXIT CODE: 2
=   CLEANING UP REMAINING PROCESSES
=   YOU CAN IGNORE THE BELOW CLEANUP MESSAGES
===================================================================================
YOUR APPLICATION TERMINATED WITH THE EXIT STRING: Interrupt (signal 2)
This typically refers to a problem with your application.
Please see the FAQ page for debugging suggestions
