+-------------------------------------------------+
+     PaStiX : Parallel Sparse matriX package     +
+-------------------------------------------------+
  Version:                                   6.4.0
  Schedulers:
    sequential:                            Enabled
    thread static:                         Started
    thread dynamic:                        Started
    PaRSEC:                               Disabled
    StarPU:                               Disabled
  Number of MPI processes:                       4
  Number of threads per process:                 2
  Number of GPUs:                                0
  MPI communication support:              PastixMpiThreadFunneled
  Distribution level:                     2D( 160)
  Blocking size (min/max):              160 /  320
  Computational models
    CPU:              AMD Opteron 6180 - Intel MKL
    GPU:             Nvidia K40 GK1108L - CUDA 8.0
  Low rank parameters:
    Strategy                        No compression
spmCheckAndCorrect: 15770 entries have been added for symmetry
+-------------------------------------------------+
  Ordering subtask :
    Ordering method is: Scotch
    Time to compute ordering              2.029349e-02 s
+-------------------------------------------------+
  Symbolic factorization subtask:
    Symbol factorization using: Fax Direct
    Number of nonzeroes in L structure      103805
    Fill-in of L                          3.159200
    Time to compute symbol matrix         6.573480e-04 s
+-------------------------------------------------+
  Reordering subtask:
    Split level                                  0
    Stoping criterion                           -1
    Time for reordering                   1.064385e-03 s
+-------------------------------------------------+
  Mapping/Scheduling subtask:
    Number of non-zeroes in blocked L       207610
    Fill-in                               6.318400
    Number of operations in full-rank: LU       54.46 MFlops
    Prediction:
      Model                              AMD 6180  MKL
      Time to factorize                   1.136652e-02 s
    Time for mapping/scheduling           2.527570e-04 s
+-------------------------------------------------+
  Analyze task:
    Total time for analyze                2.287909e-02 s
+-------------------------------------------------+
  Factorization task:
    Factorization used: LU
    Time to initialize internal csc       2.501094e-03 s
    Time to initialize coeftab            2.910854e-03 s
    Time to factorize                     3.539127e-02 s ( 1.50 GFlop/s)
    Number of operations                       40.19 MFlops
    Number of static pivots                    117
    Memory usage of coeftab                        688 Ko
    Time to solve                         5.294684e-03 s
    - iteration 1 :
         total iteration time                   0.00728 s
         error                                  2.0239e+54
    - iteration 2 :
         total iteration time                   0.0113 s
         error                                  1.5128e+54
    - iteration 3 :
         total iteration time                   0.00936 s
         error                                  1.1626e+54
    - iteration 4 :
         total iteration time                   0.0169 s
         error                                  1.0951e+54
    - iteration 5 :
         total iteration time                   0.00238 s
         error                                  1.0527e+54
    - iteration 6 :
         total iteration time                   0.00131 s
         error                                  1.0439e+54
    - iteration 7 :
         total iteration time                   0.00679 s
         error                                  9.8536e+53
    - iteration 8 :
         total iteration time                   0.00486 s
         error                                  7.6944e+53
    - iteration 9 :
         total iteration time                   0.00598 s
         error                                  7.4075e+53
    - iteration 10 :
         total iteration time                   0.00515 s
         error                                  7.3941e+53
    - iteration 11 :
         total iteration time                   0.00341 s
         error                                  7.3927e+53
    - iteration 12 :
         total iteration time                   0.0112 s
         error                                  7.2217e+53
    - iteration 13 :
         total iteration time                   0.00477 s
         error                                  6.0721e+53
    - iteration 14 :
         total iteration time                   0.00816 s
         error                                  4.7887e+53
    - iteration 15 :
         total iteration time                   0.0103 s
         error                                  4.3647e+53
    - iteration 16 :
         total iteration time                   0.00609 s
         error                                  4.1021e+53
    - iteration 17 :
         total iteration time                   0.00217 s
         error                                  3.9766e+53
    - iteration 18 :
         total iteration time                   0.00445 s
         error                                  3.7788e+53
    - iteration 19 :
         total iteration time                   0.0158 s
         error                                  2.4291e+53
    - iteration 20 :
         total iteration time                   0.00409 s
         error                                  2.3207e+53
    Time for refinement                   1.450316e-01 s
****************************************************************************************************************************************************************
***                                WIDEN YOUR WINDOW TO 160 CHARACTERS.  Use 'enscript -r -fCourier9' to print this document                                 ***
****************************************************************************************************************************************************************

------------------------------------------------------------------ PETSc Performance Summary: ------------------------------------------------------------------

../scripts/experiment on a arch-linux-c-opt named HP-Pavilion-Gaming-Laptop-15-ec0xxx with 4 processes, by alexandr on Tue Sep 30 00:13:58 2025
Using PETSc Release Version 3.23.6, unknown

                         Max       Max/Min     Avg       Total
Time (sec):           2.384e-01     1.001   2.383e-01
Objects:              0.000e+00     0.000   0.000e+00
Flops:                8.542e+03     1.017   8.448e+03  3.379e+04
Flops/sec:            3.585e+04     1.017   3.545e+04  1.418e+05
MPI Msg Count:        1.800e+01     1.500   1.350e+01  5.400e+01
MPI Msg Len (bytes):  8.187e+04     2.733   3.192e+03  1.724e+05
MPI Reductions:       4.200e+01     1.000

Flop counting convention: 1 flop = 1 real number operation of type (multiply/divide/add/subtract)
                            e.g., VecAXPY() for real vectors of length N --> 2N flops
                            and VecAXPY() for complex vectors of length N --> 8N flops

Summary of Stages:   ----- Time ------  ----- Flop ------  --- Messages ---  -- Message Lengths --  -- Reductions --
                        Avg     %Total     Avg     %Total    Count   %Total     Avg         %Total    Count   %Total
 0:      Main Stage: 2.1024e-02   8.8%  3.3794e+04 100.0%  5.400e+01 100.0%  3.192e+03      100.0%  2.500e+01  59.5%
 2:   Factorization: 6.6505e-02  27.9%  0.0000e+00   0.0%  0.000e+00   0.0%  0.000e+00        0.0%  0.000e+00   0.0%
 3:           Solve: 1.5075e-01  63.3%  0.0000e+00   0.0%  0.000e+00   0.0%  0.000e+00        0.0%  0.000e+00   0.0%

------------------------------------------------------------------------------------------------------------------------
See the 'Profiling' chapter of the users' manual for details on interpreting output.
Phase summary info:
   Count: number of times phase was executed
   Time and Flop: Max - maximum over all processors
                  Ratio - ratio of maximum to minimum over all processors
   Mess: number of messages sent
   AvgLen: average message length (bytes)
   Reduct: number of global reductions
   Global: entire computation
   Stage: stages of a computation. Set stages with PetscLogStagePush() and PetscLogStagePop().
      %T - percent time in this phase         %F - percent flop in this phase
      %M - percent messages in this phase     %L - percent message lengths in this phase
      %R - percent reductions in this phase
   Total Mflop/s: 1e-6 * (sum of flop over all processors)/(max time over all processors)
------------------------------------------------------------------------------------------------------------------------
Event                Count      Time (sec)     Flop                              --- Global ---  --- Stage ----  Total
                   Max Ratio  Max     Ratio   Max  Ratio  Mess   AvgLen  Reduct  %T %F %M %L %R  %T %F %M %L %R Mflop/s
------------------------------------------------------------------------------------------------------------------------

--- Event Stage 0: Main Stage

BuildTwoSided          2 1.0 1.6231e-04 3.4 0.00e+00 0.0 1.2e+01 4.0e+00 0.0e+00  0  0 22  0  0   1  0 22  0  0     0
BuildTwoSidedF         1 1.0 2.0324e-05 1.2 0.00e+00 0.0 0.0e+00 0.0e+00 0.0e+00  0  0  0  0  0   0  0  0  0  0     0
MatMult                1 1.0 5.6836e-03 1.0 8.54e+03 1.0 1.2e+01 9.6e+02 0.0e+00  2 100 22  7  0  27 100 22  7  0     6
MatAssemblyBegin       1 1.0 3.7710e-06 1.1 0.00e+00 0.0 0.0e+00 0.0e+00 0.0e+00  0  0  0  0  0   0  0  0  0  0     0
MatAssemblyEnd         1 1.0 1.0609e-03 1.2 0.00e+00 0.0 2.4e+01 2.4e+02 1.0e+00  0  0 44  3  2   5  0 44  3  4     0
MatLoad                1 1.0 2.0809e-03 1.2 0.00e+00 0.0 4.2e+01 3.8e+03 1.7e+01  1  0 78 93 40   9  0 78 93 68     0
VecSet                 1 1.0 3.2830e-06 1.0 0.00e+00 0.0 0.0e+00 0.0e+00 0.0e+00  0  0  0  0  0   0  0  0  0  0     0
VecAssemblyBegin       1 1.0 3.0800e-05 1.1 0.00e+00 0.0 0.0e+00 0.0e+00 0.0e+00  0  0  0  0  0   0  0  0  0  0     0
VecAssemblyEnd         1 1.0 6.6350e-06 2.0 0.00e+00 0.0 0.0e+00 0.0e+00 0.0e+00  0  0  0  0  0   0  0  0  0  0     0
VecScatterBegin        1 1.0 5.4840e-03 2.0 0.00e+00 0.0 1.2e+01 9.6e+02 0.0e+00  1  0 22  7  0  17  0 22  7  0     0
VecScatterEnd          1 1.0 2.9127e-03 31.3 0.00e+00 0.0 0.0e+00 0.0e+00 0.0e+00  1  0  0  0  0  10  0  0  0  0     0
SFSetGraph             1 1.0 1.4108e-05 2.0 0.00e+00 0.0 0.0e+00 0.0e+00 0.0e+00  0  0  0  0  0   0  0  0  0  0     0
SFSetUp                1 1.0 1.9919e-04 1.9 0.00e+00 0.0 2.4e+01 2.4e+02 0.0e+00  0  0 44  3  0   1  0 44  3  0     0
SFPack                 1 1.0 6.8450e-06 2.1 0.00e+00 0.0 0.0e+00 0.0e+00 0.0e+00  0  0  0  0  0   0  0  0  0  0     0
SFUnpack               1 1.0 4.2324e-05 21.6 0.00e+00 0.0 0.0e+00 0.0e+00 0.0e+00  0  0  0  0  0   0  0  0  0  0     0

--- Event Stage 2: Factorization

MatLUFactorSym         1 1.0 2.4391e-02 1.0 0.00e+00 0.0 0.0e+00 0.0e+00 0.0e+00 10  0  0  0  0  37  0  0  0  0     0
MatLUFactorNum         1 1.0 4.1981e-02 1.0 0.00e+00 0.0 0.0e+00 0.0e+00 0.0e+00 18  0  0  0  0  63  0  0  0  0     0
MatAssemblyBegin       1 1.0 1.9560e-06 1.0 0.00e+00 0.0 0.0e+00 0.0e+00 0.0e+00  0  0  0  0  0   0  0  0  0  0     0
MatAssemblyEnd         1 1.0 1.1315e-05 1.3 0.00e+00 0.0 0.0e+00 0.0e+00 0.0e+00  0  0  0  0  0   0  0  0  0  0     0
MatGetRowIJ            1 1.0 2.3050e-06 1.2 0.00e+00 0.0 0.0e+00 0.0e+00 0.0e+00  0  0  0  0  0   0  0  0  0  0     0
MatGetLocalMat         1 1.0 1.1775e-04 1.4 0.00e+00 0.0 0.0e+00 0.0e+00 0.0e+00  0  0  0  0  0   0  0  0  0  0     0
KSPSetUp               1 1.0 4.7490e-06 1.4 0.00e+00 0.0 0.0e+00 0.0e+00 0.0e+00  0  0  0  0  0   0  0  0  0  0     0
PCSetUp                1 1.0 6.6402e-02 1.0 0.00e+00 0.0 0.0e+00 0.0e+00 0.0e+00 28  0  0  0  0 100  0  0  0  0     0

--- Event Stage 3: Solve

MatSolve               1 1.0 1.5066e-01 1.0 0.00e+00 0.0 0.0e+00 0.0e+00 0.0e+00 63  0  0  0  0 100  0  0  0  0     0
VecCopy                1 1.0 4.8200e-06 1.6 0.00e+00 0.0 0.0e+00 0.0e+00 0.0e+00  0  0  0  0  0   0  0  0  0  0     0
KSPSolve               1 1.0 1.5072e-01 1.0 0.00e+00 0.0 0.0e+00 0.0e+00 0.0e+00 63  0  0  0  0 100  0  0  0  0     0
PCApply                1 1.0 1.5067e-01 1.0 0.00e+00 0.0 0.0e+00 0.0e+00 0.0e+00 63  0  0  0  0 100  0  0  0  0     0
------------------------------------------------------------------------------------------------------------------------

Object Type          Creations   Destructions. Reports information only for process 0.

--- Event Stage 0: Main Stage

              Viewer     1              1
              Matrix     4              4
              Vector     5              5
           Index Set     2              2
   Star Forest Graph     1              1
       Krylov Solver     1              1
      Preconditioner     1              1

--- Event Stage 1: Reorder


--- Event Stage 2: Factorization

              Matrix     1              1

--- Event Stage 3: Solve

========================================================================================================================
Average time to get PetscTime(): 1.4317e-06
Average time for MPI_Barrier(): 2.0812e-06
Average time for zero size MPI_Send(): 2.4095e-06
#PETSc Option Table entries:
-log_view # (source: command line)
-mat_file ../matrices/bin/02_u_rbsa480.bin # (source: command line)
-mat_pastix_factorization 0 # (source: command line)
-mat_pastix_ordering 0 # (source: command line)
-mat_pastix_thread_nbr 2 # (source: command line)
-mat_pastix_verbose 1 # (source: command line)
-mat_solver_type pastix # (source: command line)
-matload_block_size 1 # (source: file)
-pc_type lu # (source: command line)
#End of PETSc Option Table entries
Compiled without FORTRAN kernels
Compiled with full precision matrices (default)
sizeof(short) 2 sizeof(int) 4 sizeof(long) 8 sizeof(void*) 8 sizeof(PetscScalar) 8 sizeof(PetscInt) 4
Configure options: --with-cc=gcc --with-cxx=g++ --with-fc=gfortran --with-debugging=0 --with-shared-libraries=1 --with-64-bit-indices=0 --download-mpich --download-netlib-lapack --with-netlib-lapack-c-bindings --download-scalapack --download-suitesparse --download-metis --download-parmetis --download-ptscotch --download-superlu --download-superlu_dist --download-mumps --download-pastix --download-hypre --download-hdf5 --download-zlib --download-hwloc --download-bison
-----------------------------------------
Libraries compiled on 2025-09-21 15:24:35 on HP-Pavilion-Gaming-Laptop-15-ec0xxx
Machine characteristics: Linux-6.8.0-83-generic-x86_64-with-glibc2.39
Using PETSc directory: /home/alexandr/Plocha/bsc_thesis/numerical_experiments/petsc
Using PETSc arch: arch-linux-c-opt
-----------------------------------------

Using C compiler: /home/alexandr/Plocha/bsc_thesis/numerical_experiments/petsc/arch-linux-c-opt/bin/mpicc  -Wall -Wwrite-strings -Wno-unknown-pragmas -Wno-lto-type-mismatch -Wno-stringop-overflow -fstack-protector -fvisibility=hidden -g -O 
Using Fortran compiler: /home/alexandr/Plocha/bsc_thesis/numerical_experiments/petsc/arch-linux-c-opt/bin/mpif90  -Wall -ffree-line-length-none -ffree-line-length-0 -Wno-lto-type-mismatch -Wno-unused-dummy-argument -g -O  
-----------------------------------------

Using include paths: -I/home/alexandr/Plocha/bsc_thesis/numerical_experiments/petsc/include -I/home/alexandr/Plocha/bsc_thesis/numerical_experiments/petsc/arch-linux-c-opt/include -I/home/alexandr/Plocha/bsc_thesis/numerical_experiments/petsc/arch-linux-c-opt/include/suitesparse
-----------------------------------------

Using C linker: /home/alexandr/Plocha/bsc_thesis/numerical_experiments/petsc/arch-linux-c-opt/bin/mpicc
Using Fortran linker: /home/alexandr/Plocha/bsc_thesis/numerical_experiments/petsc/arch-linux-c-opt/bin/mpif90
Using libraries: -Wl,-rpath,/home/alexandr/Plocha/bsc_thesis/numerical_experiments/petsc/arch-linux-c-opt/lib -L/home/alexandr/Plocha/bsc_thesis/numerical_experiments/petsc/arch-linux-c-opt/lib -lpetsc -Wl,-rpath,/home/alexandr/Plocha/bsc_thesis/numerical_experiments/petsc/arch-linux-c-opt/lib -L/home/alexandr/Plocha/bsc_thesis/numerical_experiments/petsc/arch-linux-c-opt/lib -Wl,-rpath,/usr/lib/gcc/x86_64-linux-gnu/13 -L/usr/lib/gcc/x86_64-linux-gnu/13 -lHYPRE -lspqr -lumfpack -lklu -lcholmod -lamd -lsuperlu_dist -ldmumps -lmumps_common -lpord -lpthread -lscalapack -lpastix -lsuperlu -llapacke -llapack -lcblas -lblas -lptesmumps -lptscotchparmetisv3 -lptscotch -lptscotcherr -lesmumps -lscotch -lscotcherr -llapacke -lcblas -llapack -lblas -lparmetis -lmetis -lhdf5_hl -lhdf5 -lm -lz -lhwloc -lX11 -lmpifort -lmpi -lgfortran -lm -lgfortran -lm -lgcc_s -lquadmath -lstdc++
-----------------------------------------

