+-------------------------------------------------+
+     PaStiX : Parallel Sparse matriX package     +
+-------------------------------------------------+
  Version:                                   6.4.0
  Schedulers:
    sequential:                            Enabled
    thread static:                         Started
    thread dynamic:                        Started
    PaRSEC:                               Disabled
    StarPU:                               Disabled
  Number of MPI processes:                       8
  Number of threads per process:                 1
  Number of GPUs:                                0
  MPI communication support:              PastixMpiThreadFunneled
  Distribution level:                     2D( 160)
  Blocking size (min/max):              160 /  320
  Computational models
    CPU:              AMD Opteron 6180 - Intel MKL
    GPU:             Nvidia K40 GK1108L - CUDA 8.0
  Low rank parameters:
    Strategy                        No compression
+-------------------------------------------------+
  Ordering subtask :
    Prepare graph structure:
      Sort row indexes in each column
      Removing diagonal elements
    Ordering method is: Metis
    Time to compute ordering              4.839274e-01 s
+-------------------------------------------------+
  Symbolic factorization subtask:
    Symbol factorization using: Fax Direct
    Symbol Matrix statistics:
      Number of cblk                         20934
      Number of blok                        199356
      Cblk width min                             1
      Cblk width max                           439
      Cblk width avg                          4.22
      Cblk width stdev                        6.11
      Blok height min                            1
      Blok height max                          266
      Blok height avg                         1.64
      Blok height stdev                       2.79
      Memory space                            4.52 Mo
    Number of nonzeroes in L structure     3519668
    Fill-in of L                          4.729364
    Time to compute symbol matrix         2.145352e-02 s
+-------------------------------------------------+
  Reordering subtask:
    Split level                                  0
    Stoping criterion                           -1
    Time for reordering                   5.467639e-02 s
+-------------------------------------------------+
  Mapping/Scheduling subtask:
OUTPUTDIR: pastix-FtzIPE
    Number of cluster                            8
    Number of processor per cluster              1
    Number of thread per MPI process             1
    Symbol Matrix statistics:
      Number of cblk                         20935
      Number of blok                        105804
      Cblk width min                             1
      Cblk width max                           266
      Cblk width avg                          4.22
      Cblk width stdev                        5.72
      Blok height min                            1
      Blok height max                          266
      Blok height avg                         3.09
      Blok height stdev                       5.02
      Memory space                            2.74 Mo
    Symbol split done in                  1.499558e-03 s
    Elimination tree built in             1.789960e-04 s
    Cost matrix built in                  8.141700e-04 s
    Estimated total cost of the etree     4.740117e-01 s
    Estimated critical path of the etree  0.000000e+00 s
    Proportional mapping done in          1.492810e-04 s
    Simulation structures built in        5.621413e-03 s
    Number of tasks found                    20935
    Simulation done in                    1.982791e-02 s
    Solver built in                       2.006226e-02 s
    Number of non-zeroes in blocked L      7039336
    Fill-in                               9.458727
    Number of operations in full-rank: LU       1018.21 MFlops
    Prediction:
      Model                              AMD 6180  MKL
      Time to factorize                   1.524948e-01 s
    Time for mapping/scheduling           5.843105e-02 s
+-------------------------------------------------+
  Analyze task:
    Total time for analyze                6.198655e-01 s
+-------------------------------------------------+
  Factorization task:
    Factorization used: LU
    ||A||_2  =                            3.979822e+03
    Time to initialize internal csc       9.576645e-03 s
    Time to initialize coeftab            4.520645e-03 s
    Time to factorize                     3.974539e-02 s (25.02 GFlop/s)
    Number of operations                       -2094355754.00  Flops
    Number of static pivots                  12786
    Memory usage of coeftab                       8.27 Mo
    Time to solve                         5.063675e-03 s
    Time to solve                         5.001058e-03 s
    - iteration 1 :
         total iteration time                   0.00619 s
         error                                  5.3708e-07
    Time to solve                         4.981812e-03 s
    - iteration 2 :
         total iteration time                   0.00614 s
         error                                  9.5492e-09
    Time to solve                         4.598491e-03 s
    - iteration 3 :
         total iteration time                   0.00574 s
         error                                  5.8394e-10
    Time to solve                         5.054448e-03 s
    - iteration 4 :
         total iteration time                   0.00611 s
         error                                  2.2326e-11
    Time to solve                         4.681497e-03 s
    - iteration 5 :
         total iteration time                   0.00583 s
         error                                  6.1088e-13
    Time for refinement                   3.267806e-02 s
||Ax - b||_2 = 2.577679e-09
