+-------------------------------------------------+
+     PaStiX : Parallel Sparse matriX package     +
+-------------------------------------------------+
  Version:                                   6.4.0
  Schedulers:
    sequential:                            Enabled
    thread static:                         Started
    thread dynamic:                        Started
    PaRSEC:                               Disabled
    StarPU:                               Disabled
  Number of MPI processes:                       8
  Number of threads per process:                 1
  Number of GPUs:                                0
  MPI communication support:              PastixMpiThreadFunneled
  Distribution level:                     2D( 160)
  Blocking size (min/max):              160 /  320
  Computational models
    CPU:              AMD Opteron 6180 - Intel MKL
    GPU:             Nvidia K40 GK1108L - CUDA 8.0
  Low rank parameters:
    Strategy                        No compression
+-------------------------------------------------+
  Ordering subtask :
    Prepare graph structure:
      Sort row indexes in each column
      Removing diagonal elements
    Ordering method is: Metis
    Time to compute ordering              2.413026e-01 s
+-------------------------------------------------+
  Symbolic factorization subtask:
    Symbol factorization using: Fax Direct
    Symbol Matrix statistics:
      Number of cblk                          4092
      Number of blok                         33469
      Cblk width min                             6
      Cblk width max                          1356
      Cblk width avg                         22.10
      Cblk width stdev                       31.95
      Blok height min                            3
      Blok height max                          603
      Blok height avg                        11.17
      Blok height stdev                      14.08
      Memory space                          797.63 Ko
    Number of nonzeroes in L structure    17137560
    Fill-in of L                          4.565802
    Time to compute symbol matrix         1.728059e-02 s
+-------------------------------------------------+
  Reordering subtask:
    Split level                                  0
    Stoping criterion                           -1
    Time for reordering                   7.629243e-02 s
+-------------------------------------------------+
  Mapping/Scheduling subtask:
OUTPUTDIR: pastix-v2d2DI
    Number of cluster                            8
    Number of processor per cluster              1
    Number of thread per MPI process             1
    Symbol Matrix statistics:
      Number of cblk                          4100
      Number of blok                         16531
      Cblk width min                             6
      Cblk width max                           294
      Cblk width avg                         22.06
      Cblk width stdev                       22.93
      Blok height min                            1
      Blok height max                          294
      Blok height avg                        22.98
      Blok height stdev                      23.89
      Memory space                          467.09 Ko
    Symbol split done in                  2.943230e-04 s
    Elimination tree built in             2.047800e-05 s
    Cost matrix built in                  1.322280e-04 s
    Estimated total cost of the etree     1.125369e+00 s
    Estimated critical path of the etree  0.000000e+00 s
    Proportional mapping done in          3.515600e-05 s
    Simulation structures built in        1.334110e-04 s
    Number of tasks found                     4100
    Simulation done in                    1.749728e-03 s
    Solver built in                       5.684410e-02 s
    Number of non-zeroes in blocked L     34275120
    Fill-in                               9.131604
    Number of operations in full-rank: LU       12.96 GFlops
    Prediction:
      Model                              AMD 6180  MKL
      Time to factorize                   7.115308e-01 s
    Time for mapping/scheduling           6.087414e-02 s
+-------------------------------------------------+
  Analyze task:
    Total time for analyze                3.998289e-01 s
+-------------------------------------------------+
  Factorization task:
    Factorization used: LU
    ||A||_2  =                            1.937385e+03
    Time to initialize internal csc       2.636966e-02 s
    Time to initialize coeftab            1.880854e-02 s
    Time to factorize                     3.799859e-01 s (34.11 GFlop/s)
    Number of operations                       -14744804897.00  Flops
    Number of static pivots                  76957
    Memory usage of coeftab                       26.7 Mo
    Time to solve                         8.968172e-03 s
    Time to solve                         7.929129e-03 s
    - iteration 1 :
         total iteration time                   0.00997 s
         error                                  1.149e+30
    Time to solve                         6.955340e-03 s
    - iteration 2 :
         total iteration time                   0.00877 s
         error                                  2.0852e+28
    Time to solve                         7.716840e-03 s
    - iteration 3 :
         total iteration time                   0.00944 s
         error                                  2.0708e+25
    Time to solve                         7.525160e-03 s
    - iteration 4 :
         total iteration time                   0.00922 s
         error                                  1.0808e+25
    Time to solve                         9.382200e-03 s
    - iteration 5 :
         total iteration time                   0.0118 s
         error                                  3.6194e+24
    Time to solve                         9.405985e-03 s
    - iteration 6 :
         total iteration time                   0.0119 s
         error                                  2.794e+24
    Time to solve                         8.709737e-03 s
    - iteration 7 :
         total iteration time                   0.011 s
         error                                  2.0195e+24
    Time to solve                         8.070575e-03 s
    - iteration 8 :
         total iteration time                   0.0102 s
         error                                  1.6291e+24
    Time to solve                         7.864328e-03 s
    - iteration 9 :
         total iteration time                   0.00999 s
         error                                  1.529e+24
    Time to solve                         8.161777e-03 s
    - iteration 10 :
         total iteration time                   0.0103 s
         error                                  1.3625e+24
    Time to solve                         8.129356e-03 s
    - iteration 11 :
         total iteration time                   0.0102 s
         error                                  9.5454e+23
    Time to solve                         8.638703e-03 s
    - iteration 12 :
         total iteration time                   0.0107 s
         error                                  7.7649e+23
    Time to solve                         8.388643e-03 s
    - iteration 13 :
         total iteration time                   0.0107 s
         error                                  7.4246e+23
    Time to solve                         1.028099e-02 s
    - iteration 14 :
         total iteration time                   0.0125 s
         error                                  7.1736e+23
    Time to solve                         9.407879e-03 s
    - iteration 15 :
         total iteration time                   0.0117 s
         error                                  3.8048e+23
    Time to solve                         9.392099e-03 s
    - iteration 16 :
         total iteration time                   0.0118 s
         error                                  3.2603e+23
    Time to solve                         9.386889e-03 s
    - iteration 17 :
         total iteration time                   0.0118 s
         error                                  3.2161e+23
    Time to solve                         9.536400e-03 s
    - iteration 18 :
         total iteration time                   0.0119 s
         error                                  3.1413e+23
    Time to solve                         9.950267e-03 s
    - iteration 19 :
         total iteration time                   0.0122 s
         error                                  2.3395e+23
    Time to solve                         9.118284e-03 s
    - iteration 20 :
         total iteration time                   0.0113 s
         error                                  2.3388e+23
    Time for refinement                   2.206188e-01 s
||Ax - b||_2 = 2.925027e+27
