+-------------------------------------------------+
+     PaStiX : Parallel Sparse matriX package     +
+-------------------------------------------------+
  Version:                                   6.4.0
  Schedulers:
    sequential:                            Enabled
    thread static:                         Started
    thread dynamic:                        Started
    PaRSEC:                               Disabled
    StarPU:                               Disabled
  Number of MPI processes:                       8
  Number of threads per process:                 1
  Number of GPUs:                                0
  MPI communication support:              PastixMpiThreadFunneled
  Distribution level:                     2D( 160)
  Blocking size (min/max):              160 /  320
  Computational models
    CPU:              AMD Opteron 6180 - Intel MKL
    GPU:             Nvidia K40 GK1108L - CUDA 8.0
  Low rank parameters:
    Strategy                        No compression
spmCheckAndCorrect: 42 entries have been added for symmetry
+-------------------------------------------------+
  Ordering subtask :
    Prepare graph structure:
      Sort row indexes in each column
      Removing diagonal elements
    Ordering method is: Metis
    Time to compute ordering              7.866983e-01 s
+-------------------------------------------------+
  Symbolic factorization subtask:
    Symbol factorization using: Fax Direct
    Symbol Matrix statistics:
      Number of cblk                         78970
      Number of blok                        309693
      Cblk width min                             1
      Cblk width max                            71
      Cblk width avg                          2.17
      Cblk width stdev                        1.59
      Blok height min                            1
      Blok height max                           65
      Blok height avg                         1.40
      Blok height stdev                       1.21
      Memory space                            8.62 Mo
    Number of nonzeroes in L structure     1313013
    Fill-in of L                          1.369179
    Time to compute symbol matrix         4.444608e-02 s
+-------------------------------------------------+
  Reordering subtask:
    Split level                                  0
    Stoping criterion                           -1
    Time for reordering                   8.813045e-02 s
+-------------------------------------------------+
  Mapping/Scheduling subtask:
OUTPUTDIR: pastix-V8BJeN
    Number of cluster                            8
    Number of processor per cluster              1
    Number of thread per MPI process             1
    Symbol Matrix statistics:
      Number of cblk                         78970
      Number of blok                        258339
      Cblk width min                             1
      Cblk width max                            71
      Cblk width avg                          2.17
      Cblk width stdev                        1.59
      Blok height min                            1
      Blok height max                           69
      Blok height avg                         1.68
      Blok height stdev                       1.69
      Memory space                            7.64 Mo
    Symbol split done in                  8.135890e-04 s
    Elimination tree built in             2.574087e-03 s
    Cost matrix built in                  3.563274e-03 s
    Estimated total cost of the etree     1.054329e+00 s
    Estimated critical path of the etree  0.000000e+00 s
    Proportional mapping done in          1.342834e-03 s
    Simulation structures built in        1.658097e-02 s
    Number of tasks found                    78970
    Simulation done in                    6.987677e-02 s
    Solver built in                       1.197055e-01 s
    Number of non-zeroes in blocked L      2626026
    Fill-in                               2.738359
    Number of operations in full-rank: LU       63.28 MFlops
    Prediction:
      Model                              AMD 6180  MKL
      Time to factorize                   3.087517e-01 s
    Time for mapping/scheduling           2.659873e-01 s
+-------------------------------------------------+
  Analyze task:
    Total time for analyze                1.188899e+00 s
+-------------------------------------------------+
  Factorization task:
    Factorization used: LU
    ||A||_2  =                            1.841337e+05
    Time to initialize internal csc       2.081730e-02 s
    Time to initialize coeftab            4.629529e-03 s
    Time to factorize                     1.783708e-02 s ( 3.46 GFlop/s)
    Number of operations                       -573122288.00  Flops
    Number of static pivots                     60
    Memory usage of coeftab                       2.46 Mo
    Time to solve                         1.324468e-02 s
    Time to solve                         1.167629e-02 s
    - iteration 1 :
         total iteration time                   0.0146 s
         error                                  4.0651e-07
    Time to solve                         1.243443e-02 s
    - iteration 2 :
         total iteration time                   0.0159 s
         error                                  1.7818e-12
    Time to solve                         1.232150e-02 s
    - iteration 3 :
         total iteration time                   0.0155 s
         error                                  1.6153e-12
    Time to solve                         1.406361e-02 s
    - iteration 4 :
         total iteration time                   0.017 s
         error                                  1.6153e-12
    Time to solve                         1.630945e-02 s
    - iteration 5 :
         total iteration time                   0.0194 s
         error                                  1.6152e-12
    Time to solve                         1.404082e-02 s
    - iteration 6 :
         total iteration time                   0.0174 s
         error                                  4.548e-13
    Time to solve                         1.443015e-02 s
    - iteration 7 :
         total iteration time                   0.0177 s
         error                                  4.6867e-19
    Time for refinement                   1.275921e-01 s
||Ax - b||_2 = 2.070545e-11
