.. equilibrated? *equed = R
.. RowPerm 1	 time: 0.05
.. anorm 7.009382e+00
.. Use minimum degree ordering on A'+A.
.. symbfact(): relax 30, maxsuper 256, fill 5
	matrix dimension    106437
	nonzeros in A      2707179
	nonzeros in L     30114220
	nonzeros in U     30114220
	nonzeros in L+U   60122003
	fill ratio            22.2
	nonzeros in LSUB   6252921
	No of supers     6458
	Size of G(L)   885013
	Size of G(U)   778576
	int 4, short 2, float 4, double 8
	SYMBfact (MB):	L\U 30.25	total 34.09	expansions 0
.. # L blocks     3747	# U blocks     2132
MPI tag upper bound = 536870911
.. Starting with 1 OpenMP threads 
 === using DAG ===
.. thresh = s_eps 5.960464e-08 * anorm 7.009382e+00 = 4.177917e-07
.. Buffer size: Lsub 643	Lval 162560	Usub 1029	Uval 149760	LDA 635
max_ncols 585,  max_ldu 256, bigu_size   149760
	.. SUPERLU_MAX_BUFFER_SIZE 256000000 set for GPU
	.. SUPERLU_N_GEMM: 5000 flops of GEMM done on CPU (1st block always on CPU)
	.. GEMM buffer size: max_row_size X max_ncols = 585 x      585
[0].. BIG U size   149760 (on CPU)
[0].. BIG V size   351649 (on CPU)
  Max row size is 585 
  Threads per process 1 

Initialization time	  0.0065 seconds
	 Serial: compute static schedule, allocate storage

==== Time breakdown in factorization (rank 0) ====
Panel factorization 	   0.0761 seconds
.. L-panel pxgstrf2 	   0.0548 seconds
.. U-panel pxgstrs2 	   0.0213 seconds
Time in Look-ahead update 	   0.0363 seconds
Time in Schur update 		   0.0831 seconds
.. Time to Gather L buffer	   0.0041  (Separate L panel by Lookahead/Remain)
.. Time to Gather U buffer	   0.0058 
.. Time in GEMM   0.0508 
	* Look-ahead	   0.0042 
	* Remain	   0.0466	Flops 2.2755e+10	Gflops 488.2242
.. Time to Scatter   0.0206 
	* Look-ahead	   0.0003 
	* Remain	   0.0202 
Total factorization time            	:   0.4106 seconds, 
--------
GEMM maximum block: 528-256-528

** Memory Usage **********************************
.. dQuerySpace: peak_buffer 40.23 (MB)
	(P0) serial symbolic::stage[0]: symb_memory 34.09, GA_mem_use 32.91
	(P0) serial distribution::stage[1]:symb_LU 30.25, dist_mem_use 78.01, num_mem_usage.for_lu 32.22
** Total highmark (MB):
    Sum-of-all :  2240.38 | Avg :   140.02  | Max :   153.65
    Max at rank 15, different stages (MB):
	. symbfact           67.00
	. distribution      140.48
	. numfact            72.45
** NUMfact space (MB): (sum-of-all-processes)
    L\U :          499.29 |  Total :  1138.78
	. max at rank 15, max L+U memory (MB):    38.79
	. max at rank 4, peak buffer (MB):       40.47
**************************************************

** number of Tiny Pivots:        0

.. DiagScale = 3
**************************************************
**** Time (seconds) ****
	EQUIL time            0.007
	ROWPERM time          0.048
	COLPERM time          0.166
	SYMBFACT time         0.094
	DISTRIBUTE time       0.107
	FACTOR time           0.419
	Factor flops	3.970809e+10	Mflops 	94796.10
	SOLVE time            0.000
	REFINEMENT time       0.000	Steps       0

**************************************************
.. anorm 7.009382e+00
num_thread:     1
( 0) .. Step        0: berr[j] = 1.037676e-15
num_thread:     1
( 0) .. Step        1: berr[j] = 2.882233e-16
num_thread:     1
( 0) .. Step        2: berr[j] = 2.579830e-16
.. DiagScale = 3
	SOLVE time            0.016
	Solve flops	1.202440e+08	Mflops 	 7593.66
	REFINEMENT time       0.035	Steps       2

**************************************************
||Ax - b||_2 = 1.264133e-16
