.. equilibrated? *equed = N
.. RowPerm 1	 time: 0.03
.. anorm 2.132244e+00
.. Use parMETIS ordering on A'+A with 16 sub-domains. sizeof(int_t) 4
.. symbfact(): relax 30, maxsuper 256, fill 5
	matrix dimension    102158
	nonzeros in A       711558
	nonzeros in L      4654585
	nonzeros in U      4654585
	nonzeros in L+U    9207012
	fill ratio            12.9
	nonzeros in LSUB   1595562
	No of supers     9073
	Size of G(L)   347946
	Size of G(U)   245788
	int 4, short 2, float 4, double 8
	SYMBfact (MB):	L\U 9.41	total 13.09	expansions 0
.. # L blocks     4035	# U blocks     1766
MPI tag upper bound = 536870911
.. Starting with 1 OpenMP threads 
 === using DAG ===
.. thresh = s_eps 5.960464e-08 * anorm 2.132244e+00 = 1.270917e-07
.. Buffer size: Lsub 283	Lval 65536	Usub 435	Uval 37376	LDA 277
max_ncols 98,  max_ldu 256, bigu_size    25088
	.. SUPERLU_MAX_BUFFER_SIZE 256000000 set for GPU
	.. SUPERLU_N_GEMM: 5000 flops of GEMM done on CPU (1st block always on CPU)
	.. GEMM buffer size: max_row_size X max_ncols = 110 x       98
[0].. BIG U size    25088 (on CPU)
[0].. BIG V size    67264 (on CPU)
  Max row size is 110 
  Threads per process 1 

Initialization time	  0.0089 seconds
	 Serial: compute static schedule, allocate storage

==== Time breakdown in factorization (rank 0) ====
Panel factorization 	   0.0321 seconds
.. L-panel pxgstrf2 	   0.0305 seconds
.. U-panel pxgstrs2 	   0.0016 seconds
Time in Look-ahead update 	   0.0003 seconds
Time in Schur update 		   0.0295 seconds
.. Time to Gather L buffer	   0.0009  (Separate L panel by Lookahead/Remain)
.. Time to Gather U buffer	   0.0016 
.. Time in GEMM   0.0228 
	* Look-ahead	   0.0000 
	* Remain	   0.0228	Flops 3.8384e+08	Gflops  16.8196
.. Time to Scatter   0.0024 
	* Look-ahead	   0.0000 
	* Remain	   0.0024 
Total factorization time            	:   0.1090 seconds, 
--------
GEMM maximum block: 98-92-98

** Memory Usage **********************************
.. dQuerySpace: peak_buffer 17.77 (MB)
	(P0) serial symbolic::stage[0]: symb_memory 13.09, GA_mem_use 8.95
	(P0) serial distribution::stage[1]:symb_LU 9.41, dist_mem_use 59.84, num_mem_usage.for_lu 6.41
** Total highmark (MB):
    Sum-of-all :  1196.19 | Avg :    74.76  | Max :    81.12
    Max at rank 15, different stages (MB):
	. symbfact           22.03
	. distribution       75.66
	. numfact            24.18
** NUMfact space (MB): (sum-of-all-processes)
    L\U :           79.90 |  Total :   365.33
	. max at rank 15, max L+U memory (MB):     8.70
	. max at rank 15, peak buffer (MB):       18.16
**************************************************

** number of Tiny Pivots:        1

.. DiagScale = 3
**************************************************
**** Time (seconds) ****
	EQUIL time            0.007
	ROWPERM time          0.025
	COLPERM time          0.298
	SYMBFACT time         0.027
	DISTRIBUTE time       0.080
	FACTOR time           0.118
	Factor flops	7.922513e+08	Mflops 	 6710.72
	SOLVE time            0.000
	REFINEMENT time       0.000	Steps       0

**************************************************
.. anorm 2.132244e+00
num_thread:     1
( 0) .. Step        0: berr[j] = 6.354555e-08
num_thread:     1
( 0) .. Step        1: berr[j] = 3.177275e-08
num_thread:     1
( 0) .. Step        2: berr[j] = 2.118181e-08
.. DiagScale = 3
	SOLVE time            0.013
	Solve flops	1.841402e+07	Mflops 	 1420.36
	REFINEMENT time       0.029	Steps       2

**************************************************
||Ax - b||_2 = 8.808245e-12
