ischedInit: The thread number has been automatically set to 1
ischedInit: The thread number has been automatically set to 1
ischedInit: The thread number has been automatically set to 1
ischedInit: The thread number has been automatically set to 1
ischedInit: The thread number has been automatically set to 1
ischedInit: The thread number has been automatically set to 1
ischedInit: The thread number has been automatically set to 1
ischedInit: The thread number has been automatically set to 1
ischedInit: The thread number has been automatically set to 1
ischedInit: The thread number has been automatically set to 1
ischedInit: The thread number has been automatically set to 1
ischedInit: The thread number has been automatically set to 1
ischedInit: The thread number has been automatically set to 1
ischedInit: The thread number has been automatically set to 1
ischedInit: The thread number has been automatically set to 1
ischedInit: The thread number has been automatically set to 1
spmCheckAndCorrect: 94675 entries have been added for symmetry
+-------------------------------------------------+
+     PaStiX : Parallel Sparse matriX package     +
+-------------------------------------------------+
  Version:                                   6.4.0
  Schedulers:
    sequential:                            Enabled
    thread static:                         Started
    thread dynamic:                        Started
    PaRSEC:                               Disabled
    StarPU:                               Disabled
  Number of MPI processes:                      16
  Number of threads per process:                 1
  Number of GPUs:                                0
  MPI communication support:              PastixMpiThreadFunneled
  Distribution level:                     2D( 160)
  Blocking size (min/max):              160 /  320
  Computational models
    CPU:              AMD Opteron 6180 - Intel MKL
    GPU:             Nvidia K40 GK1108L - CUDA 8.0
  Low rank parameters:
    Strategy                        No compression
+-------------------------------------------------+
  Ordering subtask :
    Prepare graph structure:
      Sort row indexes in each column
      Removing diagonal elements
    Ordering method is: Metis
    Time to compute ordering              6.493889e-01 s
+-------------------------------------------------+
  Symbolic factorization subtask:
    Symbol factorization using: Fax Direct
    Symbol Matrix statistics:
      Number of cblk                         88038
      Number of blok                        273688
      Cblk width min                             1
      Cblk width max                         10514
      Cblk width avg                          1.33
      Cblk width stdev                       35.44
      Blok height min                            1
      Blok height max                          176
      Blok height avg                         1.22
      Blok height stdev                       0.91
      Memory space                            8.24 Mo
    Number of nonzeroes in L structure    55876601
    Fill-in of L                          64.891979
    Time to compute symbol matrix         2.932858e-02 s
+-------------------------------------------------+
  Reordering subtask:
    Split level                                  0
    Stoping criterion                           -1
    Time for reordering                   1.084910e-01 s
+-------------------------------------------------+
  Mapping/Scheduling subtask:
OUTPUTDIR: pastix-Ow9Jx1
    Number of cluster                           16
    Number of processor per cluster              1
    Number of thread per MPI process             1
    Symbol Matrix statistics:
      Number of cblk                         88070
      Number of blok                        231147
      Cblk width min                             1
      Cblk width max                           319
      Cblk width avg                          1.33
      Cblk width stdev                        6.18
      Blok height min                            1
      Blok height max                          319
      Blok height avg                         2.18
      Blok height stdev                      15.21
      Memory space                            7.43 Mo
    Symbol split done in                  4.591712e-03 s
    Elimination tree built in             6.311140e-04 s
    Cost matrix built in                  3.080325e-03 s
    Estimated total cost of the etree     1.047188e+01 s
    Estimated critical path of the etree  0.000000e+00 s
    Proportional mapping done in          8.719995e-03 s
    Simulation structures built in        6.211990e-03 s
    Number of tasks found                    88070
    Simulation done in                    5.994334e-02 s
    Solver built in                       1.398524e-02 s
    Number of non-zeroes in blocked L     111753202
    Fill-in                               129.783957
    Number of operations in full-rank: LU       721.79 GFlops
    Prediction:
      Model                              AMD 6180  MKL
      Time to factorize                   1.894080e+01 s
    Time for mapping/scheduling           1.180626e-01 s
+-------------------------------------------------+
  Analyze task:
    Total time for analyze                9.186765e-01 s
+-------------------------------------------------+
  Factorization task:
    Factorization used: LU
    ||A||_2  =                            6.292481e+04
    Time to initialize internal csc       3.472193e-02 s
    Time to initialize coeftab            1.267832e-02 s
    Time to factorize                     1.633400e+01 s (44.19 GFlop/s)
    Number of operations                        5.49 TFlops
    Number of static pivots                      0
    Memory usage of coeftab                        763 Ko
    Time to solve                         6.234271e-02 s
    Time to solve                         5.858783e-02 s
    - iteration 1 :
         total iteration time                   0.0616 s
         error                                  2.2543e-26
    Time for refinement                   6.735681e-02 s
||Ax - b||_2 = 3.497145e-08
